[2026-07-07T09:08:08.005+0000] {processor.py:161} INFO - Started process (PID=4135) to work on /opt/airflow/dags/weather_dag.py
[2026-07-07T09:08:08.014+0000] {processor.py:830} INFO - Processing file /opt/airflow/dags/weather_dag.py for tasks to queue
[2026-07-07T09:08:08.018+0000] {logging_mixin.py:188} INFO - [2026-07-07T09:08:08.017+0000] {dagbag.py:538} INFO - Filling up the DagBag from /opt/airflow/dags/weather_dag.py
[2026-07-07T09:08:08.253+0000] {logging_mixin.py:188} INFO - {'q': 'paris', 'appid': '0dad2f5c2704064b9994758e39b4eb89', 'units': 'metric'}
[2026-07-07T09:08:13.161+0000] {logging_mixin.py:188} INFO - [Task 1] Fetched data for 'paris' — HTTP 200
[2026-07-07T09:08:13.162+0000] {logging_mixin.py:188} INFO - {'q': 'london', 'appid': '0dad2f5c2704064b9994758e39b4eb89', 'units': 'metric'}
[2026-07-07T09:08:16.201+0000] {logging_mixin.py:188} INFO - [Task 1] Fetched data for 'london' — HTTP 200
[2026-07-07T09:08:16.251+0000] {logging_mixin.py:188} INFO - {'q': 'orleans', 'appid': '0dad2f5c2704064b9994758e39b4eb89', 'units': 'metric'}
[2026-07-07T09:08:21.799+0000] {logging_mixin.py:188} INFO - [Task 1] Fetched data for 'orleans' — HTTP 200
[2026-07-07T09:08:21.843+0000] {logging_mixin.py:188} INFO - [Task 1] Saved 3 cities → '/app/raw_files/2026-07-07 09:08.json'
[2026-07-07T09:08:22.006+0000] {processor.py:840} INFO - DAG(s) 'weather_pipeline' retrieved from /opt/airflow/dags/weather_dag.py
[2026-07-07T09:08:22.129+0000] {logging_mixin.py:188} INFO - [2026-07-07T09:08:22.128+0000] {dag.py:3036} INFO - Sync 1 DAGs
[2026-07-07T09:08:22.364+0000] {logging_mixin.py:188} INFO - [2026-07-07T09:08:22.351+0000] {dag.py:3823} INFO - Setting next_dagrun for weather_pipeline to 2026-07-07 09:00:00+00:00, run_after=2026-07-07 10:00:00+00:00
[2026-07-07T09:08:22.558+0000] {processor.py:183} INFO - Processing /opt/airflow/dags/weather_dag.py took 14.617 seconds
[2026-07-07T09:09:13.542+0000] {processor.py:161} INFO - Started process (PID=4196) to work on /opt/airflow/dags/weather_dag.py
[2026-07-07T09:09:13.568+0000] {processor.py:830} INFO - Processing file /opt/airflow/dags/weather_dag.py for tasks to queue
[2026-07-07T09:09:13.583+0000] {logging_mixin.py:188} INFO - [2026-07-07T09:09:13.571+0000] {dagbag.py:538} INFO - Filling up the DagBag from /opt/airflow/dags/weather_dag.py
[2026-07-07T09:09:15.033+0000] {logging_mixin.py:188} INFO - {'q': 'paris', 'appid': '0dad2f5c2704064b9994758e39b4eb89', 'units': 'metric'}
[2026-07-07T09:09:16.799+0000] {logging_mixin.py:188} INFO - [Task 1] Fetched data for 'paris' — HTTP 200
[2026-07-07T09:09:16.808+0000] {logging_mixin.py:188} INFO - {'q': 'london', 'appid': '0dad2f5c2704064b9994758e39b4eb89', 'units': 'metric'}
[2026-07-07T09:09:17.518+0000] {logging_mixin.py:188} INFO - [Task 1] Fetched data for 'london' — HTTP 200
[2026-07-07T09:09:17.543+0000] {logging_mixin.py:188} INFO - {'q': 'orleans', 'appid': '0dad2f5c2704064b9994758e39b4eb89', 'units': 'metric'}
[2026-07-07T09:09:18.361+0000] {logging_mixin.py:188} INFO - [Task 1] Fetched data for 'orleans' — HTTP 200
[2026-07-07T09:09:18.377+0000] {logging_mixin.py:188} INFO - [Task 1] Saved 3 cities → '/app/raw_files/2026-07-07 09:09.json'
[2026-07-07T09:09:18.475+0000] {processor.py:840} INFO - DAG(s) 'weather_pipeline' retrieved from /opt/airflow/dags/weather_dag.py
[2026-07-07T09:09:18.553+0000] {logging_mixin.py:188} INFO - [2026-07-07T09:09:18.553+0000] {dag.py:3036} INFO - Sync 1 DAGs
[2026-07-07T09:09:18.742+0000] {logging_mixin.py:188} INFO - [2026-07-07T09:09:18.742+0000] {dag.py:3823} INFO - Setting next_dagrun for weather_pipeline to 2026-07-07 09:00:00+00:00, run_after=2026-07-07 10:00:00+00:00
[2026-07-07T09:09:18.853+0000] {processor.py:183} INFO - Processing /opt/airflow/dags/weather_dag.py took 5.366 seconds
[2026-07-07T09:09:49.591+0000] {processor.py:161} INFO - Started process (PID=4263) to work on /opt/airflow/dags/weather_dag.py
[2026-07-07T09:09:49.594+0000] {processor.py:830} INFO - Processing file /opt/airflow/dags/weather_dag.py for tasks to queue
[2026-07-07T09:09:49.595+0000] {logging_mixin.py:188} INFO - [2026-07-07T09:09:49.595+0000] {dagbag.py:538} INFO - Filling up the DagBag from /opt/airflow/dags/weather_dag.py
[2026-07-07T09:09:49.645+0000] {logging_mixin.py:188} INFO - {'q': 'paris', 'appid': '0dad2f5c2704064b9994758e39b4eb89', 'units': 'metric'}
[2026-07-07T09:09:49.901+0000] {logging_mixin.py:188} INFO - [Task 1] Fetched data for 'paris' — HTTP 200
[2026-07-07T09:09:49.902+0000] {logging_mixin.py:188} INFO - {'q': 'london', 'appid': '0dad2f5c2704064b9994758e39b4eb89', 'units': 'metric'}
[2026-07-07T09:09:50.112+0000] {logging_mixin.py:188} INFO - [Task 1] Fetched data for 'london' — HTTP 200
[2026-07-07T09:09:50.113+0000] {logging_mixin.py:188} INFO - {'q': 'orleans', 'appid': '0dad2f5c2704064b9994758e39b4eb89', 'units': 'metric'}
[2026-07-07T09:09:50.332+0000] {logging_mixin.py:188} INFO - [Task 1] Fetched data for 'orleans' — HTTP 200
[2026-07-07T09:09:50.334+0000] {logging_mixin.py:188} INFO - [Task 1] Saved 3 cities → '/app/raw_files/2026-07-07 09:09.json'
[2026-07-07T09:09:50.350+0000] {processor.py:840} INFO - DAG(s) 'weather_pipeline' retrieved from /opt/airflow/dags/weather_dag.py
[2026-07-07T09:09:50.387+0000] {logging_mixin.py:188} INFO - [2026-07-07T09:09:50.387+0000] {dag.py:3036} INFO - Sync 1 DAGs
[2026-07-07T09:09:50.440+0000] {logging_mixin.py:188} INFO - [2026-07-07T09:09:50.440+0000] {dag.py:3823} INFO - Setting next_dagrun for weather_pipeline to 2026-07-07 09:00:00+00:00, run_after=2026-07-07 10:00:00+00:00
[2026-07-07T09:09:50.486+0000] {processor.py:183} INFO - Processing /opt/airflow/dags/weather_dag.py took 0.902 seconds
[2026-07-07T09:10:21.545+0000] {processor.py:161} INFO - Started process (PID=4329) to work on /opt/airflow/dags/weather_dag.py
[2026-07-07T09:10:21.897+0000] {processor.py:830} INFO - Processing file /opt/airflow/dags/weather_dag.py for tasks to queue
[2026-07-07T09:10:21.899+0000] {logging_mixin.py:188} INFO - [2026-07-07T09:10:21.898+0000] {dagbag.py:538} INFO - Filling up the DagBag from /opt/airflow/dags/weather_dag.py
[2026-07-07T09:10:22.762+0000] {logging_mixin.py:188} INFO - {'q': 'paris', 'appid': '0dad2f5c2704064b9994758e39b4eb89', 'units': 'metric'}
[2026-07-07T09:10:23.607+0000] {logging_mixin.py:188} INFO - [Task 1] Fetched data for 'paris' — HTTP 200
[2026-07-07T09:10:23.608+0000] {logging_mixin.py:188} INFO - {'q': 'london', 'appid': '0dad2f5c2704064b9994758e39b4eb89', 'units': 'metric'}
[2026-07-07T09:10:24.370+0000] {logging_mixin.py:188} INFO - [Task 1] Fetched data for 'london' — HTTP 200
[2026-07-07T09:10:24.371+0000] {logging_mixin.py:188} INFO - {'q': 'orleans', 'appid': '0dad2f5c2704064b9994758e39b4eb89', 'units': 'metric'}
[2026-07-07T09:10:24.953+0000] {logging_mixin.py:188} INFO - [Task 1] Fetched data for 'orleans' — HTTP 200
[2026-07-07T09:10:24.968+0000] {logging_mixin.py:188} INFO - [Task 1] Saved 3 cities → '/app/raw_files/2026-07-07 09:10.json'
[2026-07-07T09:10:25.033+0000] {processor.py:840} INFO - DAG(s) 'weather_pipeline' retrieved from /opt/airflow/dags/weather_dag.py
[2026-07-07T09:10:25.093+0000] {logging_mixin.py:188} INFO - [2026-07-07T09:10:25.093+0000] {dag.py:3036} INFO - Sync 1 DAGs
[2026-07-07T09:10:25.223+0000] {logging_mixin.py:188} INFO - [2026-07-07T09:10:25.222+0000] {dag.py:3823} INFO - Setting next_dagrun for weather_pipeline to 2026-07-07 09:00:00+00:00, run_after=2026-07-07 10:00:00+00:00
[2026-07-07T09:10:25.294+0000] {processor.py:183} INFO - Processing /opt/airflow/dags/weather_dag.py took 4.301 seconds
[2026-07-07T09:10:57.921+0000] {processor.py:161} INFO - Started process (PID=4389) to work on /opt/airflow/dags/weather_dag.py
[2026-07-07T09:10:57.967+0000] {processor.py:830} INFO - Processing file /opt/airflow/dags/weather_dag.py for tasks to queue
[2026-07-07T09:10:57.970+0000] {logging_mixin.py:188} INFO - [2026-07-07T09:10:57.969+0000] {dagbag.py:538} INFO - Filling up the DagBag from /opt/airflow/dags/weather_dag.py
[2026-07-07T09:10:58.216+0000] {logging_mixin.py:188} INFO - {'q': 'paris', 'appid': '0dad2f5c2704064b9994758e39b4eb89', 'units': 'metric'}
[2026-07-07T09:11:00.373+0000] {logging_mixin.py:188} INFO - [Task 1] Fetched data for 'paris' — HTTP 200
[2026-07-07T09:11:00.373+0000] {logging_mixin.py:188} INFO - {'q': 'london', 'appid': '0dad2f5c2704064b9994758e39b4eb89', 'units': 'metric'}
[2026-07-07T09:11:02.007+0000] {logging_mixin.py:188} INFO - [Task 1] Fetched data for 'london' — HTTP 200
[2026-07-07T09:11:02.007+0000] {logging_mixin.py:188} INFO - {'q': 'orleans', 'appid': '0dad2f5c2704064b9994758e39b4eb89', 'units': 'metric'}
[2026-07-07T09:11:03.255+0000] {logging_mixin.py:188} INFO - [Task 1] Fetched data for 'orleans' — HTTP 200
[2026-07-07T09:11:03.275+0000] {logging_mixin.py:188} INFO - [Task 1] Saved 3 cities → '/app/raw_files/2026-07-07 09:11.json'
[2026-07-07T09:11:03.371+0000] {processor.py:840} INFO - DAG(s) 'weather_pipeline' retrieved from /opt/airflow/dags/weather_dag.py
[2026-07-07T09:11:03.499+0000] {logging_mixin.py:188} INFO - [2026-07-07T09:11:03.498+0000] {dag.py:3036} INFO - Sync 1 DAGs
[2026-07-07T09:11:04.025+0000] {logging_mixin.py:188} INFO - [2026-07-07T09:11:04.024+0000] {dag.py:3823} INFO - Setting next_dagrun for weather_pipeline to 2026-07-07 09:00:00+00:00, run_after=2026-07-07 10:00:00+00:00
[2026-07-07T09:11:04.497+0000] {processor.py:183} INFO - Processing /opt/airflow/dags/weather_dag.py took 6.656 seconds
[2026-07-07T09:13:57.889+0000] {processor.py:161} INFO - Started process (PID=4491) to work on /opt/airflow/dags/weather_dag.py
[2026-07-07T09:14:00.295+0000] {processor.py:830} INFO - Processing file /opt/airflow/dags/weather_dag.py for tasks to queue
[2026-07-07T09:14:00.367+0000] {logging_mixin.py:188} INFO - [2026-07-07T09:14:00.367+0000] {dagbag.py:538} INFO - Filling up the DagBag from /opt/airflow/dags/weather_dag.py
[2026-07-07T09:14:05.401+0000] {logging_mixin.py:188} INFO - {'q': 'paris', 'appid': '0dad2f5c2704064b9994758e39b4eb89', 'units': 'metric'}
[2026-07-07T09:14:33.497+0000] {logging_mixin.py:188} INFO - [2026-07-07T09:14:33.452+0000] {timeout.py:68} ERROR - Process timed out, PID: 4491
[2026-07-07T09:14:36.028+0000] {logging_mixin.py:188} INFO - [2026-07-07T09:14:33.653+0000] {dagbag.py:348} ERROR - Failed to import: /opt/airflow/dags/weather_dag.py
Traceback (most recent call last):
  File "/home/airflow/.local/lib/python3.8/site-packages/airflow/models/dagbag.py", line 344, in parse
    loader.exec_module(new_module)
  File "<frozen importlib._bootstrap_external>", line 843, in exec_module
  File "<frozen importlib._bootstrap>", line 219, in _call_with_frames_removed
  File "/opt/airflow/dags/weather_dag.py", line 5, in <module>
    from tasks.task1_fetch import fetch_weather_data
  File "/opt/airflow/dags/tasks/task1_fetch.py", line 53, in <module>
    fetch_weather_data()
  File "/opt/airflow/dags/tasks/task1_fetch.py", line 31, in fetch_weather_data
    response = requests.get(BASE_URL, params=params)
  File "/home/airflow/.local/lib/python3.8/site-packages/requests/api.py", line 73, in get
    return request("get", url, params=params, **kwargs)
  File "/home/airflow/.local/lib/python3.8/site-packages/requests/api.py", line 59, in request
    return session.request(method=method, url=url, **kwargs)
  File "/home/airflow/.local/lib/python3.8/site-packages/requests/sessions.py", line 589, in request
    resp = self.send(prep, **send_kwargs)
  File "/home/airflow/.local/lib/python3.8/site-packages/requests/sessions.py", line 703, in send
    r = adapter.send(request, **kwargs)
  File "/home/airflow/.local/lib/python3.8/site-packages/requests/adapters.py", line 486, in send
    resp = conn.urlopen(
  File "/home/airflow/.local/lib/python3.8/site-packages/urllib3/connectionpool.py", line 715, in urlopen
    httplib_response = self._make_request(
  File "/home/airflow/.local/lib/python3.8/site-packages/urllib3/connectionpool.py", line 404, in _make_request
    self._validate_conn(conn)
  File "/home/airflow/.local/lib/python3.8/site-packages/urllib3/connectionpool.py", line 1058, in _validate_conn
    conn.connect()
  File "/home/airflow/.local/lib/python3.8/site-packages/urllib3/connection.py", line 419, in connect
    self.sock = ssl_wrap_socket(
  File "/home/airflow/.local/lib/python3.8/site-packages/urllib3/util/ssl_.py", line 402, in ssl_wrap_socket
    context.load_verify_locations(ca_certs, ca_cert_dir, ca_cert_data)
  File "/home/airflow/.local/lib/python3.8/site-packages/airflow/utils/timeout.py", line 69, in handle_timeout
    raise AirflowTaskTimeout(self.error_message)
airflow.exceptions.AirflowTaskTimeout: DagBag import timeout for /opt/airflow/dags/weather_dag.py after 30.0s.
Please take a look at these docs to improve your DAG import time:
* https://airflow.apache.org/docs/apache-airflow/2.8.1/best-practices.html#top-level-python-code
* https://airflow.apache.org/docs/apache-airflow/2.8.1/best-practices.html#reducing-dag-complexity, PID: 4491
[2026-07-07T09:14:36.319+0000] {processor.py:842} WARNING - No viable dags retrieved from /opt/airflow/dags/weather_dag.py
[2026-07-07T09:20:48.440+0000] {processor.py:161} INFO - Started process (PID=4665) to work on /opt/airflow/dags/weather_dag.py
[2026-07-07T09:20:48.492+0000] {processor.py:830} INFO - Processing file /opt/airflow/dags/weather_dag.py for tasks to queue
[2026-07-07T09:20:48.494+0000] {logging_mixin.py:188} INFO - [2026-07-07T09:20:48.493+0000] {dagbag.py:538} INFO - Filling up the DagBag from /opt/airflow/dags/weather_dag.py
[2026-07-07T09:20:49.385+0000] {logging_mixin.py:188} INFO - {'q': 'paris', 'appid': '0dad2f5c2704064b9994758e39b4eb89', 'units': 'metric'}
[2026-07-07T09:20:56.827+0000] {logging_mixin.py:188} INFO - [Task 1] Fetched data for 'paris' — HTTP 200
[2026-07-07T09:20:56.828+0000] {logging_mixin.py:188} INFO - {'q': 'london', 'appid': '0dad2f5c2704064b9994758e39b4eb89', 'units': 'metric'}
[2026-07-07T09:20:58.684+0000] {logging_mixin.py:188} INFO - [Task 1] Fetched data for 'london' — HTTP 200
[2026-07-07T09:20:58.685+0000] {logging_mixin.py:188} INFO - {'q': 'orleans', 'appid': '0dad2f5c2704064b9994758e39b4eb89', 'units': 'metric'}
[2026-07-07T09:21:00.356+0000] {logging_mixin.py:188} INFO - [Task 1] Fetched data for 'orleans' — HTTP 200
[2026-07-07T09:21:00.383+0000] {logging_mixin.py:188} INFO - [Task 1] Saved 3 cities → '/app/raw_files/2026-07-07 09:21.json'
[2026-07-07T09:21:20.601+0000] {logging_mixin.py:188} INFO - [2026-07-07T09:21:19.880+0000] {timeout.py:68} ERROR - Process timed out, PID: 4665
[2026-07-07T09:21:20.783+0000] {logging_mixin.py:188} INFO - [2026-07-07T09:21:20.629+0000] {dagbag.py:348} ERROR - Failed to import: /opt/airflow/dags/weather_dag.py
Traceback (most recent call last):
  File "/home/airflow/.local/lib/python3.8/site-packages/airflow/models/dagbag.py", line 344, in parse
    loader.exec_module(new_module)
  File "<frozen importlib._bootstrap_external>", line 843, in exec_module
  File "<frozen importlib._bootstrap>", line 219, in _call_with_frames_removed
  File "/opt/airflow/dags/weather_dag.py", line 6, in <module>
    from tasks.task2_transform_20 import transform_last_20_files
  File "/opt/airflow/dags/tasks/task2_transform_20.py", line 3, in <module>
    import pandas as pd
  File "/home/airflow/.local/lib/python3.8/site-packages/pandas/__init__.py", line 48, in <module>
    from pandas.core.api import (
  File "/home/airflow/.local/lib/python3.8/site-packages/pandas/core/api.py", line 27, in <module>
    from pandas.core.arrays import Categorical
  File "/home/airflow/.local/lib/python3.8/site-packages/pandas/core/arrays/__init__.py", line 1, in <module>
    from pandas.core.arrays.arrow import ArrowExtensionArray
  File "/home/airflow/.local/lib/python3.8/site-packages/pandas/core/arrays/arrow/__init__.py", line 1, in <module>
    from pandas.core.arrays.arrow.array import ArrowExtensionArray
  File "/home/airflow/.local/lib/python3.8/site-packages/pandas/core/arrays/arrow/array.py", line 77, in <module>
    import pyarrow.compute as pc
  File "/home/airflow/.local/lib/python3.8/site-packages/pyarrow/compute.py", line 335, in <module>
    _make_global_functions()
  File "/home/airflow/.local/lib/python3.8/site-packages/pyarrow/compute.py", line 332, in _make_global_functions
    g[cpp_name] = g[name] = _wrap_function(name, func)
  File "/home/airflow/.local/lib/python3.8/site-packages/pyarrow/compute.py", line 301, in _wrap_function
    wrapper.__signature__ = _make_signature(arg_names, var_arg_names,
  File "/home/airflow/.local/lib/python3.8/site-packages/pyarrow/compute.py", line 287, in _make_signature
    return inspect.Signature(params)
  File "/usr/local/lib/python3.8/inspect.py", line 2819, in __init__
    params[name] = param
  File "/home/airflow/.local/lib/python3.8/site-packages/airflow/utils/timeout.py", line 69, in handle_timeout
    raise AirflowTaskTimeout(self.error_message)
airflow.exceptions.AirflowTaskTimeout: DagBag import timeout for /opt/airflow/dags/weather_dag.py after 30.0s.
Please take a look at these docs to improve your DAG import time:
* https://airflow.apache.org/docs/apache-airflow/2.8.1/best-practices.html#top-level-python-code
* https://airflow.apache.org/docs/apache-airflow/2.8.1/best-practices.html#reducing-dag-complexity, PID: 4665
[2026-07-07T09:21:21.112+0000] {processor.py:842} WARNING - No viable dags retrieved from /opt/airflow/dags/weather_dag.py
[2026-07-07T09:21:27.157+0000] {processor.py:183} INFO - Processing /opt/airflow/dags/weather_dag.py took 39.001 seconds
[2026-07-07T09:24:03.089+0000] {processor.py:161} INFO - Started process (PID=4773) to work on /opt/airflow/dags/weather_dag.py
[2026-07-07T09:24:03.141+0000] {processor.py:830} INFO - Processing file /opt/airflow/dags/weather_dag.py for tasks to queue
[2026-07-07T09:24:03.246+0000] {logging_mixin.py:188} INFO - [2026-07-07T09:24:03.245+0000] {dagbag.py:538} INFO - Filling up the DagBag from /opt/airflow/dags/weather_dag.py
[2026-07-07T09:24:03.880+0000] {logging_mixin.py:188} INFO - {'q': 'paris', 'appid': '0dad2f5c2704064b9994758e39b4eb89', 'units': 'metric'}
[2026-07-07T09:24:17.112+0000] {logging_mixin.py:188} INFO - [Task 1] Fetched data for 'paris' — HTTP 200
[2026-07-07T09:24:17.113+0000] {logging_mixin.py:188} INFO - {'q': 'london', 'appid': '0dad2f5c2704064b9994758e39b4eb89', 'units': 'metric'}
[2026-07-07T09:24:18.835+0000] {logging_mixin.py:188} INFO - [Task 1] Fetched data for 'london' — HTTP 200
[2026-07-07T09:24:18.837+0000] {logging_mixin.py:188} INFO - {'q': 'orleans', 'appid': '0dad2f5c2704064b9994758e39b4eb89', 'units': 'metric'}
[2026-07-07T09:24:20.798+0000] {logging_mixin.py:188} INFO - [Task 1] Fetched data for 'orleans' — HTTP 200
[2026-07-07T09:24:21.242+0000] {logging_mixin.py:188} INFO - [Task 1] Saved 3 cities → '/app/raw_files/2026-07-07 09:24.json'
[2026-07-07T09:24:40.564+0000] {logging_mixin.py:188} INFO - [2026-07-07T09:24:40.563+0000] {timeout.py:68} ERROR - Process timed out, PID: 4773
[2026-07-07T09:24:40.840+0000] {logging_mixin.py:188} INFO - [2026-07-07T09:24:40.702+0000] {dagbag.py:348} ERROR - Failed to import: /opt/airflow/dags/weather_dag.py
Traceback (most recent call last):
  File "/home/airflow/.local/lib/python3.8/site-packages/airflow/models/dagbag.py", line 344, in parse
    loader.exec_module(new_module)
  File "<frozen importlib._bootstrap_external>", line 843, in exec_module
  File "<frozen importlib._bootstrap>", line 219, in _call_with_frames_removed
  File "/opt/airflow/dags/weather_dag.py", line 6, in <module>
    from tasks.task2_transform_20 import transform_last_20_files
  File "/opt/airflow/dags/tasks/task2_transform_20.py", line 3, in <module>
    import pandas as pd
  File "/home/airflow/.local/lib/python3.8/site-packages/pandas/__init__.py", line 22, in <module>
    from pandas.compat import is_numpy_dev as _is_numpy_dev  # pyright: ignore # noqa:F401
  File "/home/airflow/.local/lib/python3.8/site-packages/pandas/compat/__init__.py", line 29, in <module>
    from pandas.compat.pyarrow import (
  File "/home/airflow/.local/lib/python3.8/site-packages/pandas/compat/pyarrow.py", line 8, in <module>
    import pyarrow as pa
  File "/home/airflow/.local/lib/python3.8/site-packages/pyarrow/__init__.py", line 65, in <module>
    import pyarrow.lib as _lib
  File "<frozen importlib._bootstrap>", line 389, in parent
  File "/home/airflow/.local/lib/python3.8/site-packages/airflow/utils/timeout.py", line 69, in handle_timeout
    raise AirflowTaskTimeout(self.error_message)
airflow.exceptions.AirflowTaskTimeout: DagBag import timeout for /opt/airflow/dags/weather_dag.py after 30.0s.
Please take a look at these docs to improve your DAG import time:
* https://airflow.apache.org/docs/apache-airflow/2.8.1/best-practices.html#top-level-python-code
* https://airflow.apache.org/docs/apache-airflow/2.8.1/best-practices.html#reducing-dag-complexity, PID: 4773
[2026-07-07T09:24:40.919+0000] {processor.py:842} WARNING - No viable dags retrieved from /opt/airflow/dags/weather_dag.py
[2026-07-07T09:24:42.314+0000] {processor.py:183} INFO - Processing /opt/airflow/dags/weather_dag.py took 39.598 seconds
[2026-07-07T09:25:42.991+0000] {processor.py:161} INFO - Started process (PID=4852) to work on /opt/airflow/dags/weather_dag.py
[2026-07-07T09:25:43.022+0000] {processor.py:830} INFO - Processing file /opt/airflow/dags/weather_dag.py for tasks to queue
[2026-07-07T09:25:43.024+0000] {logging_mixin.py:188} INFO - [2026-07-07T09:25:43.024+0000] {dagbag.py:538} INFO - Filling up the DagBag from /opt/airflow/dags/weather_dag.py
[2026-07-07T09:25:44.511+0000] {logging_mixin.py:188} INFO - {'q': 'paris', 'appid': '0dad2f5c2704064b9994758e39b4eb89', 'units': 'metric'}
[2026-07-07T09:25:48.738+0000] {logging_mixin.py:188} INFO - [Task 1] Fetched data for 'paris' — HTTP 200
[2026-07-07T09:25:48.755+0000] {logging_mixin.py:188} INFO - {'q': 'london', 'appid': '0dad2f5c2704064b9994758e39b4eb89', 'units': 'metric'}
[2026-07-07T09:25:49.109+0000] {logging_mixin.py:188} INFO - [Task 1] Fetched data for 'london' — HTTP 200
[2026-07-07T09:25:49.138+0000] {logging_mixin.py:188} INFO - {'q': 'orleans', 'appid': '0dad2f5c2704064b9994758e39b4eb89', 'units': 'metric'}
[2026-07-07T09:25:50.608+0000] {logging_mixin.py:188} INFO - [Task 1] Fetched data for 'orleans' — HTTP 200
[2026-07-07T09:25:50.627+0000] {logging_mixin.py:188} INFO - [Task 1] Saved 3 cities → '/app/raw_files/2026-07-07 09:25.json'
[2026-07-07T09:26:01.963+0000] {logging_mixin.py:188} INFO - [2026-07-07T09:26:01.487+0000] {dagbag.py:348} ERROR - Failed to import: /opt/airflow/dags/weather_dag.py
Traceback (most recent call last):
  File "/home/airflow/.local/lib/python3.8/site-packages/airflow/models/dagbag.py", line 344, in parse
    loader.exec_module(new_module)
  File "<frozen importlib._bootstrap_external>", line 843, in exec_module
  File "<frozen importlib._bootstrap>", line 219, in _call_with_frames_removed
  File "/opt/airflow/dags/weather_dag.py", line 6, in <module>
    from tasks.task2_transform_20 import transform_last_20_files
  File "/opt/airflow/dags/tasks/task2_transform_20.py", line 4, in <module>
    from task3_transform_all import transform_data_into_csv
ModuleNotFoundError: No module named 'task3_transform_all'
[2026-07-07T09:26:01.966+0000] {processor.py:842} WARNING - No viable dags retrieved from /opt/airflow/dags/weather_dag.py
[2026-07-07T09:26:02.895+0000] {processor.py:183} INFO - Processing /opt/airflow/dags/weather_dag.py took 20.030 seconds
[2026-07-07T09:26:36.589+0000] {processor.py:161} INFO - Started process (PID=4919) to work on /opt/airflow/dags/weather_dag.py
[2026-07-07T09:26:36.593+0000] {processor.py:830} INFO - Processing file /opt/airflow/dags/weather_dag.py for tasks to queue
[2026-07-07T09:26:36.595+0000] {logging_mixin.py:188} INFO - [2026-07-07T09:26:36.595+0000] {dagbag.py:538} INFO - Filling up the DagBag from /opt/airflow/dags/weather_dag.py
[2026-07-07T09:26:36.683+0000] {logging_mixin.py:188} INFO - {'q': 'paris', 'appid': '0dad2f5c2704064b9994758e39b4eb89', 'units': 'metric'}
[2026-07-07T09:26:37.063+0000] {logging_mixin.py:188} INFO - [Task 1] Fetched data for 'paris' — HTTP 200
[2026-07-07T09:26:37.064+0000] {logging_mixin.py:188} INFO - {'q': 'london', 'appid': '0dad2f5c2704064b9994758e39b4eb89', 'units': 'metric'}
[2026-07-07T09:26:37.271+0000] {logging_mixin.py:188} INFO - [Task 1] Fetched data for 'london' — HTTP 200
[2026-07-07T09:26:37.272+0000] {logging_mixin.py:188} INFO - {'q': 'orleans', 'appid': '0dad2f5c2704064b9994758e39b4eb89', 'units': 'metric'}
[2026-07-07T09:26:37.551+0000] {logging_mixin.py:188} INFO - [Task 1] Fetched data for 'orleans' — HTTP 200
[2026-07-07T09:26:37.559+0000] {logging_mixin.py:188} INFO - [Task 1] Saved 3 cities → '/app/raw_files/2026-07-07 09:26.json'
[2026-07-07T09:26:40.291+0000] {logging_mixin.py:188} INFO - [2026-07-07T09:26:40.285+0000] {dagbag.py:348} ERROR - Failed to import: /opt/airflow/dags/weather_dag.py
Traceback (most recent call last):
  File "/home/airflow/.local/lib/python3.8/site-packages/airflow/models/dagbag.py", line 344, in parse
    loader.exec_module(new_module)
  File "<frozen importlib._bootstrap_external>", line 843, in exec_module
  File "<frozen importlib._bootstrap>", line 219, in _call_with_frames_removed
  File "/opt/airflow/dags/weather_dag.py", line 6, in <module>
    from tasks.task2_transform_20 import transform_last_20_files
  File "/opt/airflow/dags/tasks/task2_transform_20.py", line 4, in <module>
    from task3_transform_all import transform_data_into_csv
ModuleNotFoundError: No module named 'task3_transform_all'
[2026-07-07T09:26:40.292+0000] {processor.py:842} WARNING - No viable dags retrieved from /opt/airflow/dags/weather_dag.py
[2026-07-07T09:26:40.354+0000] {processor.py:183} INFO - Processing /opt/airflow/dags/weather_dag.py took 3.775 seconds
[2026-07-07T09:27:11.048+0000] {processor.py:161} INFO - Started process (PID=4986) to work on /opt/airflow/dags/weather_dag.py
[2026-07-07T09:27:11.051+0000] {processor.py:830} INFO - Processing file /opt/airflow/dags/weather_dag.py for tasks to queue
[2026-07-07T09:27:11.053+0000] {logging_mixin.py:188} INFO - [2026-07-07T09:27:11.053+0000] {dagbag.py:538} INFO - Filling up the DagBag from /opt/airflow/dags/weather_dag.py
[2026-07-07T09:27:11.233+0000] {logging_mixin.py:188} INFO - {'q': 'paris', 'appid': '0dad2f5c2704064b9994758e39b4eb89', 'units': 'metric'}
[2026-07-07T09:27:11.869+0000] {logging_mixin.py:188} INFO - [Task 1] Fetched data for 'paris' — HTTP 200
[2026-07-07T09:27:11.879+0000] {logging_mixin.py:188} INFO - {'q': 'london', 'appid': '0dad2f5c2704064b9994758e39b4eb89', 'units': 'metric'}
[2026-07-07T09:27:12.301+0000] {logging_mixin.py:188} INFO - [Task 1] Fetched data for 'london' — HTTP 200
[2026-07-07T09:27:12.312+0000] {logging_mixin.py:188} INFO - {'q': 'orleans', 'appid': '0dad2f5c2704064b9994758e39b4eb89', 'units': 'metric'}
[2026-07-07T09:27:12.748+0000] {logging_mixin.py:188} INFO - [Task 1] Fetched data for 'orleans' — HTTP 200
[2026-07-07T09:27:12.753+0000] {logging_mixin.py:188} INFO - [Task 1] Saved 3 cities → '/app/raw_files/2026-07-07 09:27.json'
[2026-07-07T09:27:14.052+0000] {logging_mixin.py:188} INFO - [2026-07-07T09:27:14.049+0000] {dagbag.py:348} ERROR - Failed to import: /opt/airflow/dags/weather_dag.py
Traceback (most recent call last):
  File "/home/airflow/.local/lib/python3.8/site-packages/airflow/models/dagbag.py", line 344, in parse
    loader.exec_module(new_module)
  File "<frozen importlib._bootstrap_external>", line 843, in exec_module
  File "<frozen importlib._bootstrap>", line 219, in _call_with_frames_removed
  File "/opt/airflow/dags/weather_dag.py", line 6, in <module>
    from tasks.task2_transform_20 import transform_last_20_files
  File "/opt/airflow/dags/tasks/task2_transform_20.py", line 4, in <module>
    from task3_transform_all import transform_data_into_csv
ModuleNotFoundError: No module named 'task3_transform_all'
[2026-07-07T09:27:14.053+0000] {processor.py:842} WARNING - No viable dags retrieved from /opt/airflow/dags/weather_dag.py
[2026-07-07T09:27:14.100+0000] {processor.py:183} INFO - Processing /opt/airflow/dags/weather_dag.py took 3.094 seconds
[2026-07-07T09:27:44.711+0000] {processor.py:161} INFO - Started process (PID=5057) to work on /opt/airflow/dags/weather_dag.py
[2026-07-07T09:27:44.721+0000] {processor.py:830} INFO - Processing file /opt/airflow/dags/weather_dag.py for tasks to queue
[2026-07-07T09:27:44.723+0000] {logging_mixin.py:188} INFO - [2026-07-07T09:27:44.722+0000] {dagbag.py:538} INFO - Filling up the DagBag from /opt/airflow/dags/weather_dag.py
[2026-07-07T09:27:44.824+0000] {logging_mixin.py:188} INFO - {'q': 'paris', 'appid': '0dad2f5c2704064b9994758e39b4eb89', 'units': 'metric'}
[2026-07-07T09:27:45.239+0000] {logging_mixin.py:188} INFO - [Task 1] Fetched data for 'paris' — HTTP 200
[2026-07-07T09:27:45.240+0000] {logging_mixin.py:188} INFO - {'q': 'london', 'appid': '0dad2f5c2704064b9994758e39b4eb89', 'units': 'metric'}
[2026-07-07T09:27:45.768+0000] {logging_mixin.py:188} INFO - [Task 1] Fetched data for 'london' — HTTP 200
[2026-07-07T09:27:45.768+0000] {logging_mixin.py:188} INFO - {'q': 'orleans', 'appid': '0dad2f5c2704064b9994758e39b4eb89', 'units': 'metric'}
[2026-07-07T09:27:46.360+0000] {logging_mixin.py:188} INFO - [Task 1] Fetched data for 'orleans' — HTTP 200
[2026-07-07T09:27:46.363+0000] {logging_mixin.py:188} INFO - [Task 1] Saved 3 cities → '/app/raw_files/2026-07-07 09:27.json'
[2026-07-07T09:27:47.475+0000] {logging_mixin.py:188} INFO - [2026-07-07T09:27:47.472+0000] {dagbag.py:348} ERROR - Failed to import: /opt/airflow/dags/weather_dag.py
Traceback (most recent call last):
  File "/home/airflow/.local/lib/python3.8/site-packages/airflow/models/dagbag.py", line 344, in parse
    loader.exec_module(new_module)
  File "<frozen importlib._bootstrap_external>", line 843, in exec_module
  File "<frozen importlib._bootstrap>", line 219, in _call_with_frames_removed
  File "/opt/airflow/dags/weather_dag.py", line 6, in <module>
    from tasks.task2_transform_20 import transform_last_20_files
  File "/opt/airflow/dags/tasks/task2_transform_20.py", line 4, in <module>
    from task3_transform_all import transform_data_into_csv
ModuleNotFoundError: No module named 'task3_transform_all'
[2026-07-07T09:27:47.477+0000] {processor.py:842} WARNING - No viable dags retrieved from /opt/airflow/dags/weather_dag.py
[2026-07-07T09:27:47.523+0000] {processor.py:183} INFO - Processing /opt/airflow/dags/weather_dag.py took 2.830 seconds
[2026-07-07T09:28:25.460+0000] {processor.py:161} INFO - Started process (PID=5128) to work on /opt/airflow/dags/weather_dag.py
[2026-07-07T09:28:25.473+0000] {processor.py:830} INFO - Processing file /opt/airflow/dags/weather_dag.py for tasks to queue
[2026-07-07T09:28:25.475+0000] {logging_mixin.py:188} INFO - [2026-07-07T09:28:25.474+0000] {dagbag.py:538} INFO - Filling up the DagBag from /opt/airflow/dags/weather_dag.py
[2026-07-07T09:28:25.642+0000] {logging_mixin.py:188} INFO - {'q': 'paris', 'appid': '0dad2f5c2704064b9994758e39b4eb89', 'units': 'metric'}
[2026-07-07T09:28:26.245+0000] {logging_mixin.py:188} INFO - [Task 1] Fetched data for 'paris' — HTTP 200
[2026-07-07T09:28:26.275+0000] {logging_mixin.py:188} INFO - {'q': 'london', 'appid': '0dad2f5c2704064b9994758e39b4eb89', 'units': 'metric'}
[2026-07-07T09:28:26.827+0000] {logging_mixin.py:188} INFO - [Task 1] Fetched data for 'london' — HTTP 200
[2026-07-07T09:28:26.828+0000] {logging_mixin.py:188} INFO - {'q': 'orleans', 'appid': '0dad2f5c2704064b9994758e39b4eb89', 'units': 'metric'}
[2026-07-07T09:28:27.474+0000] {logging_mixin.py:188} INFO - [Task 1] Fetched data for 'orleans' — HTTP 200
[2026-07-07T09:28:27.476+0000] {logging_mixin.py:188} INFO - [Task 1] Saved 3 cities → '/app/raw_files/2026-07-07 09:28.json'
[2026-07-07T09:28:30.878+0000] {logging_mixin.py:188} INFO - [2026-07-07T09:28:30.863+0000] {dagbag.py:348} ERROR - Failed to import: /opt/airflow/dags/weather_dag.py
Traceback (most recent call last):
  File "/home/airflow/.local/lib/python3.8/site-packages/airflow/models/dagbag.py", line 344, in parse
    loader.exec_module(new_module)
  File "<frozen importlib._bootstrap_external>", line 843, in exec_module
  File "<frozen importlib._bootstrap>", line 219, in _call_with_frames_removed
  File "/opt/airflow/dags/weather_dag.py", line 6, in <module>
    from tasks.task2_transform_20 import transform_last_20_files
  File "/opt/airflow/dags/tasks/task2_transform_20.py", line 4, in <module>
    from task3_transform_all import transform_data_into_csv
ModuleNotFoundError: No module named 'task3_transform_all'
[2026-07-07T09:28:30.880+0000] {processor.py:842} WARNING - No viable dags retrieved from /opt/airflow/dags/weather_dag.py
[2026-07-07T09:28:31.243+0000] {processor.py:183} INFO - Processing /opt/airflow/dags/weather_dag.py took 5.827 seconds
[2026-07-07T09:29:01.940+0000] {processor.py:161} INFO - Started process (PID=5199) to work on /opt/airflow/dags/weather_dag.py
[2026-07-07T09:29:01.943+0000] {processor.py:830} INFO - Processing file /opt/airflow/dags/weather_dag.py for tasks to queue
[2026-07-07T09:29:01.953+0000] {logging_mixin.py:188} INFO - [2026-07-07T09:29:01.945+0000] {dagbag.py:538} INFO - Filling up the DagBag from /opt/airflow/dags/weather_dag.py
[2026-07-07T09:29:02.175+0000] {logging_mixin.py:188} INFO - {'q': 'paris', 'appid': '0dad2f5c2704064b9994758e39b4eb89', 'units': 'metric'}
[2026-07-07T09:29:03.057+0000] {logging_mixin.py:188} INFO - [Task 1] Fetched data for 'paris' — HTTP 200
[2026-07-07T09:29:03.059+0000] {logging_mixin.py:188} INFO - {'q': 'london', 'appid': '0dad2f5c2704064b9994758e39b4eb89', 'units': 'metric'}
[2026-07-07T09:29:03.527+0000] {logging_mixin.py:188} INFO - [Task 1] Fetched data for 'london' — HTTP 200
[2026-07-07T09:29:03.528+0000] {logging_mixin.py:188} INFO - {'q': 'orleans', 'appid': '0dad2f5c2704064b9994758e39b4eb89', 'units': 'metric'}
[2026-07-07T09:29:04.023+0000] {logging_mixin.py:188} INFO - [Task 1] Fetched data for 'orleans' — HTTP 200
[2026-07-07T09:29:04.025+0000] {logging_mixin.py:188} INFO - [Task 1] Saved 3 cities → '/app/raw_files/2026-07-07 09:29.json'
[2026-07-07T09:29:06.004+0000] {logging_mixin.py:188} INFO - [2026-07-07T09:29:06.001+0000] {dagbag.py:348} ERROR - Failed to import: /opt/airflow/dags/weather_dag.py
Traceback (most recent call last):
  File "/home/airflow/.local/lib/python3.8/site-packages/airflow/models/dagbag.py", line 344, in parse
    loader.exec_module(new_module)
  File "<frozen importlib._bootstrap_external>", line 843, in exec_module
  File "<frozen importlib._bootstrap>", line 219, in _call_with_frames_removed
  File "/opt/airflow/dags/weather_dag.py", line 6, in <module>
    from tasks.task2_transform_20 import transform_last_20_files
  File "/opt/airflow/dags/tasks/task2_transform_20.py", line 4, in <module>
    from task3_transform_all import transform_data_into_csv
ModuleNotFoundError: No module named 'task3_transform_all'
[2026-07-07T09:29:06.005+0000] {processor.py:842} WARNING - No viable dags retrieved from /opt/airflow/dags/weather_dag.py
[2026-07-07T09:29:06.074+0000] {processor.py:183} INFO - Processing /opt/airflow/dags/weather_dag.py took 4.182 seconds
[2026-07-07T09:29:36.506+0000] {processor.py:161} INFO - Started process (PID=5261) to work on /opt/airflow/dags/weather_dag.py
[2026-07-07T09:29:36.510+0000] {processor.py:830} INFO - Processing file /opt/airflow/dags/weather_dag.py for tasks to queue
[2026-07-07T09:29:36.513+0000] {logging_mixin.py:188} INFO - [2026-07-07T09:29:36.512+0000] {dagbag.py:538} INFO - Filling up the DagBag from /opt/airflow/dags/weather_dag.py
[2026-07-07T09:29:36.613+0000] {logging_mixin.py:188} INFO - {'q': 'paris', 'appid': '0dad2f5c2704064b9994758e39b4eb89', 'units': 'metric'}
[2026-07-07T09:29:36.939+0000] {logging_mixin.py:188} INFO - [Task 1] Fetched data for 'paris' — HTTP 200
[2026-07-07T09:29:36.940+0000] {logging_mixin.py:188} INFO - {'q': 'london', 'appid': '0dad2f5c2704064b9994758e39b4eb89', 'units': 'metric'}
[2026-07-07T09:29:37.260+0000] {logging_mixin.py:188} INFO - [Task 1] Fetched data for 'london' — HTTP 200
[2026-07-07T09:29:37.262+0000] {logging_mixin.py:188} INFO - {'q': 'orleans', 'appid': '0dad2f5c2704064b9994758e39b4eb89', 'units': 'metric'}
[2026-07-07T09:29:37.587+0000] {logging_mixin.py:188} INFO - [Task 1] Fetched data for 'orleans' — HTTP 200
[2026-07-07T09:29:37.594+0000] {logging_mixin.py:188} INFO - [Task 1] Saved 3 cities → '/app/raw_files/2026-07-07 09:29.json'
[2026-07-07T09:29:38.630+0000] {logging_mixin.py:188} INFO - [2026-07-07T09:29:38.627+0000] {dagbag.py:348} ERROR - Failed to import: /opt/airflow/dags/weather_dag.py
Traceback (most recent call last):
  File "/home/airflow/.local/lib/python3.8/site-packages/airflow/models/dagbag.py", line 344, in parse
    loader.exec_module(new_module)
  File "<frozen importlib._bootstrap_external>", line 843, in exec_module
  File "<frozen importlib._bootstrap>", line 219, in _call_with_frames_removed
  File "/opt/airflow/dags/weather_dag.py", line 6, in <module>
    from tasks.task2_transform_20 import transform_last_20_files
  File "/opt/airflow/dags/tasks/task2_transform_20.py", line 4, in <module>
    from task3_transform_all import transform_data_into_csv
ModuleNotFoundError: No module named 'task3_transform_all'
[2026-07-07T09:29:38.632+0000] {processor.py:842} WARNING - No viable dags retrieved from /opt/airflow/dags/weather_dag.py
[2026-07-07T09:29:38.665+0000] {processor.py:183} INFO - Processing /opt/airflow/dags/weather_dag.py took 2.175 seconds
[2026-07-07T09:30:09.347+0000] {processor.py:161} INFO - Started process (PID=5331) to work on /opt/airflow/dags/weather_dag.py
[2026-07-07T09:30:09.380+0000] {processor.py:830} INFO - Processing file /opt/airflow/dags/weather_dag.py for tasks to queue
[2026-07-07T09:30:09.411+0000] {logging_mixin.py:188} INFO - [2026-07-07T09:30:09.382+0000] {dagbag.py:538} INFO - Filling up the DagBag from /opt/airflow/dags/weather_dag.py
[2026-07-07T09:30:09.671+0000] {logging_mixin.py:188} INFO - {'q': 'paris', 'appid': '0dad2f5c2704064b9994758e39b4eb89', 'units': 'metric'}
[2026-07-07T09:30:10.273+0000] {logging_mixin.py:188} INFO - [Task 1] Fetched data for 'paris' — HTTP 200
[2026-07-07T09:30:10.274+0000] {logging_mixin.py:188} INFO - {'q': 'london', 'appid': '0dad2f5c2704064b9994758e39b4eb89', 'units': 'metric'}
[2026-07-07T09:30:10.779+0000] {logging_mixin.py:188} INFO - [Task 1] Fetched data for 'london' — HTTP 200
[2026-07-07T09:30:10.781+0000] {logging_mixin.py:188} INFO - {'q': 'orleans', 'appid': '0dad2f5c2704064b9994758e39b4eb89', 'units': 'metric'}
[2026-07-07T09:30:11.229+0000] {logging_mixin.py:188} INFO - [Task 1] Fetched data for 'orleans' — HTTP 200
[2026-07-07T09:30:11.232+0000] {logging_mixin.py:188} INFO - [Task 1] Saved 3 cities → '/app/raw_files/2026-07-07 09:30.json'
[2026-07-07T09:30:13.203+0000] {logging_mixin.py:188} INFO - [2026-07-07T09:30:13.190+0000] {dagbag.py:348} ERROR - Failed to import: /opt/airflow/dags/weather_dag.py
Traceback (most recent call last):
  File "/home/airflow/.local/lib/python3.8/site-packages/airflow/models/dagbag.py", line 344, in parse
    loader.exec_module(new_module)
  File "<frozen importlib._bootstrap_external>", line 843, in exec_module
  File "<frozen importlib._bootstrap>", line 219, in _call_with_frames_removed
  File "/opt/airflow/dags/weather_dag.py", line 6, in <module>
    from tasks.task2_transform_20 import transform_last_20_files
  File "/opt/airflow/dags/tasks/task2_transform_20.py", line 4, in <module>
    from task3_transform_all import transform_data_into_csv
ModuleNotFoundError: No module named 'task3_transform_all'
[2026-07-07T09:30:13.207+0000] {processor.py:842} WARNING - No viable dags retrieved from /opt/airflow/dags/weather_dag.py
[2026-07-07T09:30:13.292+0000] {processor.py:183} INFO - Processing /opt/airflow/dags/weather_dag.py took 3.992 seconds
[2026-07-07T09:30:43.593+0000] {processor.py:161} INFO - Started process (PID=5401) to work on /opt/airflow/dags/weather_dag.py
[2026-07-07T09:30:43.596+0000] {processor.py:830} INFO - Processing file /opt/airflow/dags/weather_dag.py for tasks to queue
[2026-07-07T09:30:43.598+0000] {logging_mixin.py:188} INFO - [2026-07-07T09:30:43.598+0000] {dagbag.py:538} INFO - Filling up the DagBag from /opt/airflow/dags/weather_dag.py
[2026-07-07T09:30:43.643+0000] {logging_mixin.py:188} INFO - {'q': 'paris', 'appid': '0dad2f5c2704064b9994758e39b4eb89', 'units': 'metric'}
[2026-07-07T09:30:43.948+0000] {logging_mixin.py:188} INFO - [Task 1] Fetched data for 'paris' — HTTP 200
[2026-07-07T09:30:43.953+0000] {logging_mixin.py:188} INFO - {'q': 'london', 'appid': '0dad2f5c2704064b9994758e39b4eb89', 'units': 'metric'}
[2026-07-07T09:30:44.222+0000] {logging_mixin.py:188} INFO - [Task 1] Fetched data for 'london' — HTTP 200
[2026-07-07T09:30:44.224+0000] {logging_mixin.py:188} INFO - {'q': 'orleans', 'appid': '0dad2f5c2704064b9994758e39b4eb89', 'units': 'metric'}
[2026-07-07T09:30:44.446+0000] {logging_mixin.py:188} INFO - [Task 1] Fetched data for 'orleans' — HTTP 200
[2026-07-07T09:30:44.448+0000] {logging_mixin.py:188} INFO - [Task 1] Saved 3 cities → '/app/raw_files/2026-07-07 09:30.json'
[2026-07-07T09:30:45.836+0000] {processor.py:840} INFO - DAG(s) 'weather_pipeline' retrieved from /opt/airflow/dags/weather_dag.py
[2026-07-07T09:30:46.570+0000] {logging_mixin.py:188} INFO - [2026-07-07T09:30:46.563+0000] {dag.py:3036} INFO - Sync 1 DAGs
[2026-07-07T09:30:46.929+0000] {logging_mixin.py:188} INFO - [2026-07-07T09:30:46.912+0000] {dag.py:3823} INFO - Setting next_dagrun for weather_pipeline to 2026-07-07 09:00:00+00:00, run_after=2026-07-07 10:00:00+00:00
[2026-07-07T09:30:47.156+0000] {processor.py:183} INFO - Processing /opt/airflow/dags/weather_dag.py took 3.582 seconds
[2026-07-07T09:31:20.427+0000] {processor.py:161} INFO - Started process (PID=5461) to work on /opt/airflow/dags/weather_dag.py
[2026-07-07T09:31:20.431+0000] {processor.py:830} INFO - Processing file /opt/airflow/dags/weather_dag.py for tasks to queue
[2026-07-07T09:31:20.446+0000] {logging_mixin.py:188} INFO - [2026-07-07T09:31:20.445+0000] {dagbag.py:538} INFO - Filling up the DagBag from /opt/airflow/dags/weather_dag.py
[2026-07-07T09:31:20.604+0000] {logging_mixin.py:188} INFO - {'q': 'paris', 'appid': '0dad2f5c2704064b9994758e39b4eb89', 'units': 'metric'}
[2026-07-07T09:31:21.079+0000] {logging_mixin.py:188} INFO - [Task 1] Fetched data for 'paris' — HTTP 200
[2026-07-07T09:31:21.081+0000] {logging_mixin.py:188} INFO - {'q': 'london', 'appid': '0dad2f5c2704064b9994758e39b4eb89', 'units': 'metric'}
[2026-07-07T09:31:21.820+0000] {logging_mixin.py:188} INFO - [Task 1] Fetched data for 'london' — HTTP 200
[2026-07-07T09:31:21.821+0000] {logging_mixin.py:188} INFO - {'q': 'orleans', 'appid': '0dad2f5c2704064b9994758e39b4eb89', 'units': 'metric'}
[2026-07-07T09:31:22.303+0000] {logging_mixin.py:188} INFO - [Task 1] Fetched data for 'orleans' — HTTP 200
[2026-07-07T09:31:22.310+0000] {logging_mixin.py:188} INFO - [Task 1] Saved 3 cities → '/app/raw_files/2026-07-07 09:31.json'
[2026-07-07T09:31:24.110+0000] {processor.py:840} INFO - DAG(s) 'weather_pipeline' retrieved from /opt/airflow/dags/weather_dag.py
[2026-07-07T09:31:24.190+0000] {logging_mixin.py:188} INFO - [2026-07-07T09:31:24.189+0000] {dag.py:3036} INFO - Sync 1 DAGs
[2026-07-07T09:31:24.328+0000] {logging_mixin.py:188} INFO - [2026-07-07T09:31:24.327+0000] {dag.py:3823} INFO - Setting next_dagrun for weather_pipeline to 2026-07-07 09:00:00+00:00, run_after=2026-07-07 10:00:00+00:00
[2026-07-07T09:31:24.415+0000] {processor.py:183} INFO - Processing /opt/airflow/dags/weather_dag.py took 4.022 seconds
[2026-07-07T09:31:54.957+0000] {processor.py:161} INFO - Started process (PID=5526) to work on /opt/airflow/dags/weather_dag.py
[2026-07-07T09:31:54.961+0000] {processor.py:830} INFO - Processing file /opt/airflow/dags/weather_dag.py for tasks to queue
[2026-07-07T09:31:54.963+0000] {logging_mixin.py:188} INFO - [2026-07-07T09:31:54.962+0000] {dagbag.py:538} INFO - Filling up the DagBag from /opt/airflow/dags/weather_dag.py
[2026-07-07T09:31:55.116+0000] {logging_mixin.py:188} INFO - {'q': 'paris', 'appid': '0dad2f5c2704064b9994758e39b4eb89', 'units': 'metric'}
[2026-07-07T09:31:55.616+0000] {logging_mixin.py:188} INFO - [Task 1] Fetched data for 'paris' — HTTP 200
[2026-07-07T09:31:55.617+0000] {logging_mixin.py:188} INFO - {'q': 'london', 'appid': '0dad2f5c2704064b9994758e39b4eb89', 'units': 'metric'}
[2026-07-07T09:31:56.061+0000] {logging_mixin.py:188} INFO - [Task 1] Fetched data for 'london' — HTTP 200
[2026-07-07T09:31:56.062+0000] {logging_mixin.py:188} INFO - {'q': 'orleans', 'appid': '0dad2f5c2704064b9994758e39b4eb89', 'units': 'metric'}
[2026-07-07T09:31:56.509+0000] {logging_mixin.py:188} INFO - [Task 1] Fetched data for 'orleans' — HTTP 200
[2026-07-07T09:31:56.524+0000] {logging_mixin.py:188} INFO - [Task 1] Saved 3 cities → '/app/raw_files/2026-07-07 09:31.json'
[2026-07-07T09:31:58.317+0000] {processor.py:840} INFO - DAG(s) 'weather_pipeline' retrieved from /opt/airflow/dags/weather_dag.py
[2026-07-07T09:31:58.395+0000] {logging_mixin.py:188} INFO - [2026-07-07T09:31:58.394+0000] {dag.py:3036} INFO - Sync 1 DAGs
[2026-07-07T09:31:58.539+0000] {logging_mixin.py:188} INFO - [2026-07-07T09:31:58.538+0000] {dag.py:3823} INFO - Setting next_dagrun for weather_pipeline to 2026-07-07 09:00:00+00:00, run_after=2026-07-07 10:00:00+00:00
[2026-07-07T09:31:58.723+0000] {processor.py:183} INFO - Processing /opt/airflow/dags/weather_dag.py took 3.802 seconds
[2026-07-07T09:32:29.497+0000] {processor.py:161} INFO - Started process (PID=5597) to work on /opt/airflow/dags/weather_dag.py
[2026-07-07T09:32:29.503+0000] {processor.py:830} INFO - Processing file /opt/airflow/dags/weather_dag.py for tasks to queue
[2026-07-07T09:32:29.512+0000] {logging_mixin.py:188} INFO - [2026-07-07T09:32:29.510+0000] {dagbag.py:538} INFO - Filling up the DagBag from /opt/airflow/dags/weather_dag.py
[2026-07-07T09:32:29.700+0000] {logging_mixin.py:188} INFO - {'q': 'paris', 'appid': '0dad2f5c2704064b9994758e39b4eb89', 'units': 'metric'}
[2026-07-07T09:32:30.303+0000] {logging_mixin.py:188} INFO - [Task 1] Fetched data for 'paris' — HTTP 200
[2026-07-07T09:32:30.304+0000] {logging_mixin.py:188} INFO - {'q': 'london', 'appid': '0dad2f5c2704064b9994758e39b4eb89', 'units': 'metric'}
[2026-07-07T09:32:30.744+0000] {logging_mixin.py:188} INFO - [Task 1] Fetched data for 'london' — HTTP 200
[2026-07-07T09:32:30.745+0000] {logging_mixin.py:188} INFO - {'q': 'orleans', 'appid': '0dad2f5c2704064b9994758e39b4eb89', 'units': 'metric'}
[2026-07-07T09:32:31.267+0000] {logging_mixin.py:188} INFO - [Task 1] Fetched data for 'orleans' — HTTP 200
[2026-07-07T09:32:31.284+0000] {logging_mixin.py:188} INFO - [Task 1] Saved 3 cities → '/app/raw_files/2026-07-07 09:32.json'
[2026-07-07T09:32:33.581+0000] {processor.py:840} INFO - DAG(s) 'weather_pipeline' retrieved from /opt/airflow/dags/weather_dag.py
[2026-07-07T09:32:33.672+0000] {logging_mixin.py:188} INFO - [2026-07-07T09:32:33.671+0000] {dag.py:3036} INFO - Sync 1 DAGs
[2026-07-07T09:32:33.822+0000] {logging_mixin.py:188} INFO - [2026-07-07T09:32:33.821+0000] {dag.py:3823} INFO - Setting next_dagrun for weather_pipeline to 2026-07-07 09:00:00+00:00, run_after=2026-07-07 10:00:00+00:00
[2026-07-07T09:32:34.010+0000] {processor.py:183} INFO - Processing /opt/airflow/dags/weather_dag.py took 4.571 seconds
[2026-07-07T09:33:04.970+0000] {processor.py:161} INFO - Started process (PID=5659) to work on /opt/airflow/dags/weather_dag.py
[2026-07-07T09:33:04.977+0000] {processor.py:830} INFO - Processing file /opt/airflow/dags/weather_dag.py for tasks to queue
[2026-07-07T09:33:04.982+0000] {logging_mixin.py:188} INFO - [2026-07-07T09:33:04.980+0000] {dagbag.py:538} INFO - Filling up the DagBag from /opt/airflow/dags/weather_dag.py
[2026-07-07T09:33:05.127+0000] {logging_mixin.py:188} INFO - {'q': 'paris', 'appid': '0dad2f5c2704064b9994758e39b4eb89', 'units': 'metric'}
[2026-07-07T09:33:05.451+0000] {logging_mixin.py:188} INFO - [Task 1] Fetched data for 'paris' — HTTP 200
[2026-07-07T09:33:05.452+0000] {logging_mixin.py:188} INFO - {'q': 'london', 'appid': '0dad2f5c2704064b9994758e39b4eb89', 'units': 'metric'}
[2026-07-07T09:33:05.731+0000] {logging_mixin.py:188} INFO - [Task 1] Fetched data for 'london' — HTTP 200
[2026-07-07T09:33:05.732+0000] {logging_mixin.py:188} INFO - {'q': 'orleans', 'appid': '0dad2f5c2704064b9994758e39b4eb89', 'units': 'metric'}
[2026-07-07T09:33:06.003+0000] {logging_mixin.py:188} INFO - [Task 1] Fetched data for 'orleans' — HTTP 200
[2026-07-07T09:33:06.006+0000] {logging_mixin.py:188} INFO - [Task 1] Saved 3 cities → '/app/raw_files/2026-07-07 09:33.json'
[2026-07-07T09:33:06.896+0000] {processor.py:840} INFO - DAG(s) 'weather_pipeline' retrieved from /opt/airflow/dags/weather_dag.py
[2026-07-07T09:33:06.941+0000] {logging_mixin.py:188} INFO - [2026-07-07T09:33:06.939+0000] {dag.py:3036} INFO - Sync 1 DAGs
[2026-07-07T09:33:07.027+0000] {logging_mixin.py:188} INFO - [2026-07-07T09:33:07.023+0000] {dag.py:3823} INFO - Setting next_dagrun for weather_pipeline to 2026-07-07 09:00:00+00:00, run_after=2026-07-07 10:00:00+00:00
[2026-07-07T09:33:07.101+0000] {processor.py:183} INFO - Processing /opt/airflow/dags/weather_dag.py took 2.166 seconds
[2026-07-07T09:33:37.638+0000] {processor.py:161} INFO - Started process (PID=5728) to work on /opt/airflow/dags/weather_dag.py
[2026-07-07T09:33:37.641+0000] {processor.py:830} INFO - Processing file /opt/airflow/dags/weather_dag.py for tasks to queue
[2026-07-07T09:33:37.643+0000] {logging_mixin.py:188} INFO - [2026-07-07T09:33:37.642+0000] {dagbag.py:538} INFO - Filling up the DagBag from /opt/airflow/dags/weather_dag.py
[2026-07-07T09:33:37.688+0000] {logging_mixin.py:188} INFO - {'q': 'paris', 'appid': '0dad2f5c2704064b9994758e39b4eb89', 'units': 'metric'}
[2026-07-07T09:33:38.074+0000] {logging_mixin.py:188} INFO - [Task 1] Fetched data for 'paris' — HTTP 200
[2026-07-07T09:33:38.075+0000] {logging_mixin.py:188} INFO - {'q': 'london', 'appid': '0dad2f5c2704064b9994758e39b4eb89', 'units': 'metric'}
[2026-07-07T09:33:38.368+0000] {logging_mixin.py:188} INFO - [Task 1] Fetched data for 'london' — HTTP 200
[2026-07-07T09:33:38.369+0000] {logging_mixin.py:188} INFO - {'q': 'orleans', 'appid': '0dad2f5c2704064b9994758e39b4eb89', 'units': 'metric'}
[2026-07-07T09:33:38.628+0000] {logging_mixin.py:188} INFO - [Task 1] Fetched data for 'orleans' — HTTP 200
[2026-07-07T09:33:38.632+0000] {logging_mixin.py:188} INFO - [Task 1] Saved 3 cities → '/app/raw_files/2026-07-07 09:33.json'
[2026-07-07T09:33:39.552+0000] {processor.py:840} INFO - DAG(s) 'weather_pipeline' retrieved from /opt/airflow/dags/weather_dag.py
[2026-07-07T09:33:39.613+0000] {logging_mixin.py:188} INFO - [2026-07-07T09:33:39.612+0000] {dag.py:3036} INFO - Sync 1 DAGs
[2026-07-07T09:33:39.699+0000] {logging_mixin.py:188} INFO - [2026-07-07T09:33:39.698+0000] {dag.py:3823} INFO - Setting next_dagrun for weather_pipeline to 2026-07-07 09:00:00+00:00, run_after=2026-07-07 10:00:00+00:00
[2026-07-07T09:33:39.769+0000] {processor.py:183} INFO - Processing /opt/airflow/dags/weather_dag.py took 2.137 seconds
[2026-07-07T09:34:10.489+0000] {processor.py:161} INFO - Started process (PID=5799) to work on /opt/airflow/dags/weather_dag.py
[2026-07-07T09:34:10.500+0000] {processor.py:830} INFO - Processing file /opt/airflow/dags/weather_dag.py for tasks to queue
[2026-07-07T09:34:10.508+0000] {logging_mixin.py:188} INFO - [2026-07-07T09:34:10.506+0000] {dagbag.py:538} INFO - Filling up the DagBag from /opt/airflow/dags/weather_dag.py
[2026-07-07T09:34:10.696+0000] {logging_mixin.py:188} INFO - {'q': 'paris', 'appid': '0dad2f5c2704064b9994758e39b4eb89', 'units': 'metric'}
[2026-07-07T09:34:11.018+0000] {logging_mixin.py:188} INFO - [Task 1] Fetched data for 'paris' — HTTP 200
[2026-07-07T09:34:11.019+0000] {logging_mixin.py:188} INFO - {'q': 'london', 'appid': '0dad2f5c2704064b9994758e39b4eb89', 'units': 'metric'}
[2026-07-07T09:34:11.252+0000] {logging_mixin.py:188} INFO - [Task 1] Fetched data for 'london' — HTTP 200
[2026-07-07T09:34:11.253+0000] {logging_mixin.py:188} INFO - {'q': 'orleans', 'appid': '0dad2f5c2704064b9994758e39b4eb89', 'units': 'metric'}
[2026-07-07T09:34:11.511+0000] {logging_mixin.py:188} INFO - [Task 1] Fetched data for 'orleans' — HTTP 200
[2026-07-07T09:34:11.513+0000] {logging_mixin.py:188} INFO - [Task 1] Saved 3 cities → '/app/raw_files/2026-07-07 09:34.json'
[2026-07-07T09:34:12.128+0000] {processor.py:840} INFO - DAG(s) 'weather_pipeline' retrieved from /opt/airflow/dags/weather_dag.py
[2026-07-07T09:34:12.151+0000] {logging_mixin.py:188} INFO - [2026-07-07T09:34:12.150+0000] {dag.py:3036} INFO - Sync 1 DAGs
[2026-07-07T09:34:12.232+0000] {logging_mixin.py:188} INFO - [2026-07-07T09:34:12.232+0000] {dag.py:3823} INFO - Setting next_dagrun for weather_pipeline to 2026-07-07 09:00:00+00:00, run_after=2026-07-07 10:00:00+00:00
[2026-07-07T09:34:12.279+0000] {processor.py:183} INFO - Processing /opt/airflow/dags/weather_dag.py took 1.832 seconds
[2026-07-07T09:34:44.680+0000] {processor.py:161} INFO - Started process (PID=5869) to work on /opt/airflow/dags/weather_dag.py
[2026-07-07T09:34:44.933+0000] {processor.py:830} INFO - Processing file /opt/airflow/dags/weather_dag.py for tasks to queue
[2026-07-07T09:34:44.935+0000] {logging_mixin.py:188} INFO - [2026-07-07T09:34:44.934+0000] {dagbag.py:538} INFO - Filling up the DagBag from /opt/airflow/dags/weather_dag.py
[2026-07-07T09:34:44.994+0000] {logging_mixin.py:188} INFO - {'q': 'paris', 'appid': '0dad2f5c2704064b9994758e39b4eb89', 'units': 'metric'}
[2026-07-07T09:34:45.237+0000] {logging_mixin.py:188} INFO - [Task 1] Fetched data for 'paris' — HTTP 200
[2026-07-07T09:34:45.238+0000] {logging_mixin.py:188} INFO - {'q': 'london', 'appid': '0dad2f5c2704064b9994758e39b4eb89', 'units': 'metric'}
[2026-07-07T09:34:45.544+0000] {logging_mixin.py:188} INFO - [Task 1] Fetched data for 'london' — HTTP 200
[2026-07-07T09:34:45.545+0000] {logging_mixin.py:188} INFO - {'q': 'orleans', 'appid': '0dad2f5c2704064b9994758e39b4eb89', 'units': 'metric'}
[2026-07-07T09:34:45.773+0000] {logging_mixin.py:188} INFO - [Task 1] Fetched data for 'orleans' — HTTP 200
[2026-07-07T09:34:45.776+0000] {logging_mixin.py:188} INFO - [Task 1] Saved 3 cities → '/app/raw_files/2026-07-07 09:34.json'
[2026-07-07T09:34:46.474+0000] {processor.py:840} INFO - DAG(s) 'weather_pipeline' retrieved from /opt/airflow/dags/weather_dag.py
[2026-07-07T09:34:46.511+0000] {logging_mixin.py:188} INFO - [2026-07-07T09:34:46.510+0000] {dag.py:3036} INFO - Sync 1 DAGs
[2026-07-07T09:34:46.563+0000] {logging_mixin.py:188} INFO - [2026-07-07T09:34:46.563+0000] {dag.py:3823} INFO - Setting next_dagrun for weather_pipeline to 2026-07-07 09:00:00+00:00, run_after=2026-07-07 10:00:00+00:00
[2026-07-07T09:34:46.606+0000] {processor.py:183} INFO - Processing /opt/airflow/dags/weather_dag.py took 1.967 seconds
[2026-07-07T09:35:17.327+0000] {processor.py:161} INFO - Started process (PID=5938) to work on /opt/airflow/dags/weather_dag.py
[2026-07-07T09:35:17.329+0000] {processor.py:830} INFO - Processing file /opt/airflow/dags/weather_dag.py for tasks to queue
[2026-07-07T09:35:17.332+0000] {logging_mixin.py:188} INFO - [2026-07-07T09:35:17.332+0000] {dagbag.py:538} INFO - Filling up the DagBag from /opt/airflow/dags/weather_dag.py
[2026-07-07T09:35:17.405+0000] {logging_mixin.py:188} INFO - {'q': 'paris', 'appid': '0dad2f5c2704064b9994758e39b4eb89', 'units': 'metric'}
[2026-07-07T09:35:17.803+0000] {logging_mixin.py:188} INFO - [Task 1] Fetched data for 'paris' — HTTP 200
[2026-07-07T09:35:17.804+0000] {logging_mixin.py:188} INFO - {'q': 'london', 'appid': '0dad2f5c2704064b9994758e39b4eb89', 'units': 'metric'}
[2026-07-07T09:35:18.095+0000] {logging_mixin.py:188} INFO - [Task 1] Fetched data for 'london' — HTTP 200
[2026-07-07T09:35:18.096+0000] {logging_mixin.py:188} INFO - {'q': 'orleans', 'appid': '0dad2f5c2704064b9994758e39b4eb89', 'units': 'metric'}
[2026-07-07T09:35:18.409+0000] {logging_mixin.py:188} INFO - [Task 1] Fetched data for 'orleans' — HTTP 200
[2026-07-07T09:35:18.426+0000] {logging_mixin.py:188} INFO - [Task 1] Saved 3 cities → '/app/raw_files/2026-07-07 09:35.json'
[2026-07-07T09:35:19.602+0000] {processor.py:840} INFO - DAG(s) 'weather_pipeline' retrieved from /opt/airflow/dags/weather_dag.py
[2026-07-07T09:35:19.643+0000] {logging_mixin.py:188} INFO - [2026-07-07T09:35:19.642+0000] {dag.py:3036} INFO - Sync 1 DAGs
[2026-07-07T09:35:19.793+0000] {logging_mixin.py:188} INFO - [2026-07-07T09:35:19.793+0000] {dag.py:3823} INFO - Setting next_dagrun for weather_pipeline to 2026-07-07 09:00:00+00:00, run_after=2026-07-07 10:00:00+00:00
[2026-07-07T09:35:19.876+0000] {processor.py:183} INFO - Processing /opt/airflow/dags/weather_dag.py took 2.562 seconds
[2026-07-07T09:35:50.301+0000] {processor.py:161} INFO - Started process (PID=6015) to work on /opt/airflow/dags/weather_dag.py
[2026-07-07T09:35:50.311+0000] {processor.py:830} INFO - Processing file /opt/airflow/dags/weather_dag.py for tasks to queue
[2026-07-07T09:35:50.314+0000] {logging_mixin.py:188} INFO - [2026-07-07T09:35:50.313+0000] {dagbag.py:538} INFO - Filling up the DagBag from /opt/airflow/dags/weather_dag.py
[2026-07-07T09:35:50.391+0000] {logging_mixin.py:188} INFO - {'q': 'paris', 'appid': '0dad2f5c2704064b9994758e39b4eb89', 'units': 'metric'}
[2026-07-07T09:35:50.840+0000] {logging_mixin.py:188} INFO - [Task 1] Fetched data for 'paris' — HTTP 200
[2026-07-07T09:35:50.841+0000] {logging_mixin.py:188} INFO - {'q': 'london', 'appid': '0dad2f5c2704064b9994758e39b4eb89', 'units': 'metric'}
[2026-07-07T09:35:51.178+0000] {logging_mixin.py:188} INFO - [Task 1] Fetched data for 'london' — HTTP 200
[2026-07-07T09:35:51.179+0000] {logging_mixin.py:188} INFO - {'q': 'orleans', 'appid': '0dad2f5c2704064b9994758e39b4eb89', 'units': 'metric'}
[2026-07-07T09:35:51.877+0000] {logging_mixin.py:188} INFO - [Task 1] Fetched data for 'orleans' — HTTP 200
[2026-07-07T09:35:51.893+0000] {logging_mixin.py:188} INFO - [Task 1] Saved 3 cities → '/app/raw_files/2026-07-07 09:35.json'
[2026-07-07T09:35:54.319+0000] {processor.py:840} INFO - DAG(s) 'weather_pipeline' retrieved from /opt/airflow/dags/weather_dag.py
[2026-07-07T09:35:54.395+0000] {logging_mixin.py:188} INFO - [2026-07-07T09:35:54.393+0000] {dag.py:3036} INFO - Sync 1 DAGs
[2026-07-07T09:35:54.568+0000] {logging_mixin.py:188} INFO - [2026-07-07T09:35:54.568+0000] {dag.py:3823} INFO - Setting next_dagrun for weather_pipeline to 2026-07-07 09:00:00+00:00, run_after=2026-07-07 10:00:00+00:00
[2026-07-07T09:35:54.691+0000] {processor.py:183} INFO - Processing /opt/airflow/dags/weather_dag.py took 4.415 seconds
[2026-07-07T09:36:25.681+0000] {processor.py:161} INFO - Started process (PID=6079) to work on /opt/airflow/dags/weather_dag.py
[2026-07-07T09:36:25.683+0000] {processor.py:830} INFO - Processing file /opt/airflow/dags/weather_dag.py for tasks to queue
[2026-07-07T09:36:25.686+0000] {logging_mixin.py:188} INFO - [2026-07-07T09:36:25.685+0000] {dagbag.py:538} INFO - Filling up the DagBag from /opt/airflow/dags/weather_dag.py
[2026-07-07T09:36:25.733+0000] {logging_mixin.py:188} INFO - {'q': 'paris', 'appid': '0dad2f5c2704064b9994758e39b4eb89', 'units': 'metric'}
[2026-07-07T09:36:25.989+0000] {logging_mixin.py:188} INFO - [Task 1] Fetched data for 'paris' — HTTP 200
[2026-07-07T09:36:25.991+0000] {logging_mixin.py:188} INFO - {'q': 'london', 'appid': '0dad2f5c2704064b9994758e39b4eb89', 'units': 'metric'}
[2026-07-07T09:36:26.256+0000] {logging_mixin.py:188} INFO - [Task 1] Fetched data for 'london' — HTTP 200
[2026-07-07T09:36:26.257+0000] {logging_mixin.py:188} INFO - {'q': 'orleans', 'appid': '0dad2f5c2704064b9994758e39b4eb89', 'units': 'metric'}
[2026-07-07T09:36:26.687+0000] {logging_mixin.py:188} INFO - [Task 1] Fetched data for 'orleans' — HTTP 200
[2026-07-07T09:36:26.700+0000] {logging_mixin.py:188} INFO - [Task 1] Saved 3 cities → '/app/raw_files/2026-07-07 09:36.json'
[2026-07-07T09:36:27.943+0000] {processor.py:840} INFO - DAG(s) 'weather_pipeline' retrieved from /opt/airflow/dags/weather_dag.py
[2026-07-07T09:36:27.992+0000] {logging_mixin.py:188} INFO - [2026-07-07T09:36:27.991+0000] {dag.py:3036} INFO - Sync 1 DAGs
[2026-07-07T09:36:28.064+0000] {logging_mixin.py:188} INFO - [2026-07-07T09:36:28.063+0000] {dag.py:3823} INFO - Setting next_dagrun for weather_pipeline to 2026-07-07 09:00:00+00:00, run_after=2026-07-07 10:00:00+00:00
[2026-07-07T09:36:28.134+0000] {processor.py:183} INFO - Processing /opt/airflow/dags/weather_dag.py took 2.463 seconds
[2026-07-07T09:36:58.737+0000] {processor.py:161} INFO - Started process (PID=6148) to work on /opt/airflow/dags/weather_dag.py
[2026-07-07T09:36:58.742+0000] {processor.py:830} INFO - Processing file /opt/airflow/dags/weather_dag.py for tasks to queue
[2026-07-07T09:36:58.747+0000] {logging_mixin.py:188} INFO - [2026-07-07T09:36:58.745+0000] {dagbag.py:538} INFO - Filling up the DagBag from /opt/airflow/dags/weather_dag.py
[2026-07-07T09:36:58.861+0000] {logging_mixin.py:188} INFO - {'q': 'paris', 'appid': '0dad2f5c2704064b9994758e39b4eb89', 'units': 'metric'}
[2026-07-07T09:36:59.150+0000] {logging_mixin.py:188} INFO - [Task 1] Fetched data for 'paris' — HTTP 200
[2026-07-07T09:36:59.150+0000] {logging_mixin.py:188} INFO - {'q': 'london', 'appid': '0dad2f5c2704064b9994758e39b4eb89', 'units': 'metric'}
[2026-07-07T09:36:59.382+0000] {logging_mixin.py:188} INFO - [Task 1] Fetched data for 'london' — HTTP 200
[2026-07-07T09:36:59.383+0000] {logging_mixin.py:188} INFO - {'q': 'orleans', 'appid': '0dad2f5c2704064b9994758e39b4eb89', 'units': 'metric'}
[2026-07-07T09:36:59.656+0000] {logging_mixin.py:188} INFO - [Task 1] Fetched data for 'orleans' — HTTP 200
[2026-07-07T09:36:59.659+0000] {logging_mixin.py:188} INFO - [Task 1] Saved 3 cities → '/app/raw_files/2026-07-07 09:36.json'
[2026-07-07T09:37:00.627+0000] {processor.py:840} INFO - DAG(s) 'weather_pipeline' retrieved from /opt/airflow/dags/weather_dag.py
[2026-07-07T09:37:00.655+0000] {logging_mixin.py:188} INFO - [2026-07-07T09:37:00.654+0000] {dag.py:3036} INFO - Sync 1 DAGs
[2026-07-07T09:37:00.727+0000] {logging_mixin.py:188} INFO - [2026-07-07T09:37:00.726+0000] {dag.py:3823} INFO - Setting next_dagrun for weather_pipeline to 2026-07-07 09:00:00+00:00, run_after=2026-07-07 10:00:00+00:00
[2026-07-07T09:37:00.782+0000] {processor.py:183} INFO - Processing /opt/airflow/dags/weather_dag.py took 2.064 seconds
[2026-07-07T09:37:31.345+0000] {processor.py:161} INFO - Started process (PID=6218) to work on /opt/airflow/dags/weather_dag.py
[2026-07-07T09:37:31.354+0000] {processor.py:830} INFO - Processing file /opt/airflow/dags/weather_dag.py for tasks to queue
[2026-07-07T09:37:31.357+0000] {logging_mixin.py:188} INFO - [2026-07-07T09:37:31.356+0000] {dagbag.py:538} INFO - Filling up the DagBag from /opt/airflow/dags/weather_dag.py
[2026-07-07T09:37:31.443+0000] {logging_mixin.py:188} INFO - {'q': 'paris', 'appid': '0dad2f5c2704064b9994758e39b4eb89', 'units': 'metric'}
[2026-07-07T09:37:32.044+0000] {logging_mixin.py:188} INFO - [Task 1] Fetched data for 'paris' — HTTP 200
[2026-07-07T09:37:32.045+0000] {logging_mixin.py:188} INFO - {'q': 'london', 'appid': '0dad2f5c2704064b9994758e39b4eb89', 'units': 'metric'}
[2026-07-07T09:37:32.384+0000] {logging_mixin.py:188} INFO - [Task 1] Fetched data for 'london' — HTTP 200
[2026-07-07T09:37:32.385+0000] {logging_mixin.py:188} INFO - {'q': 'orleans', 'appid': '0dad2f5c2704064b9994758e39b4eb89', 'units': 'metric'}
[2026-07-07T09:37:32.651+0000] {logging_mixin.py:188} INFO - [Task 1] Fetched data for 'orleans' — HTTP 200
[2026-07-07T09:37:32.653+0000] {logging_mixin.py:188} INFO - [Task 1] Saved 3 cities → '/app/raw_files/2026-07-07 09:37.json'
[2026-07-07T09:37:33.641+0000] {processor.py:840} INFO - DAG(s) 'weather_pipeline' retrieved from /opt/airflow/dags/weather_dag.py
[2026-07-07T09:37:33.673+0000] {logging_mixin.py:188} INFO - [2026-07-07T09:37:33.672+0000] {dag.py:3036} INFO - Sync 1 DAGs
[2026-07-07T09:37:33.726+0000] {logging_mixin.py:188} INFO - [2026-07-07T09:37:33.725+0000] {dag.py:3823} INFO - Setting next_dagrun for weather_pipeline to 2026-07-07 09:00:00+00:00, run_after=2026-07-07 10:00:00+00:00
[2026-07-07T09:37:33.768+0000] {processor.py:183} INFO - Processing /opt/airflow/dags/weather_dag.py took 2.438 seconds
[2026-07-07T09:38:04.659+0000] {processor.py:161} INFO - Started process (PID=6288) to work on /opt/airflow/dags/weather_dag.py
[2026-07-07T09:38:04.661+0000] {processor.py:830} INFO - Processing file /opt/airflow/dags/weather_dag.py for tasks to queue
[2026-07-07T09:38:04.663+0000] {logging_mixin.py:188} INFO - [2026-07-07T09:38:04.663+0000] {dagbag.py:538} INFO - Filling up the DagBag from /opt/airflow/dags/weather_dag.py
[2026-07-07T09:38:04.751+0000] {logging_mixin.py:188} INFO - {'q': 'paris', 'appid': '0dad2f5c2704064b9994758e39b4eb89', 'units': 'metric'}
[2026-07-07T09:38:05.057+0000] {logging_mixin.py:188} INFO - [Task 1] Fetched data for 'paris' — HTTP 200
[2026-07-07T09:38:05.058+0000] {logging_mixin.py:188} INFO - {'q': 'london', 'appid': '0dad2f5c2704064b9994758e39b4eb89', 'units': 'metric'}
[2026-07-07T09:38:05.371+0000] {logging_mixin.py:188} INFO - [Task 1] Fetched data for 'london' — HTTP 200
[2026-07-07T09:38:05.372+0000] {logging_mixin.py:188} INFO - {'q': 'orleans', 'appid': '0dad2f5c2704064b9994758e39b4eb89', 'units': 'metric'}
[2026-07-07T09:38:05.685+0000] {logging_mixin.py:188} INFO - [Task 1] Fetched data for 'orleans' — HTTP 200
[2026-07-07T09:38:05.691+0000] {logging_mixin.py:188} INFO - [Task 1] Saved 3 cities → '/app/raw_files/2026-07-07 09:38.json'
[2026-07-07T09:38:06.637+0000] {processor.py:840} INFO - DAG(s) 'weather_pipeline' retrieved from /opt/airflow/dags/weather_dag.py
[2026-07-07T09:38:06.670+0000] {logging_mixin.py:188} INFO - [2026-07-07T09:38:06.669+0000] {dag.py:3036} INFO - Sync 1 DAGs
[2026-07-07T09:38:06.748+0000] {logging_mixin.py:188} INFO - [2026-07-07T09:38:06.747+0000] {dag.py:3823} INFO - Setting next_dagrun for weather_pipeline to 2026-07-07 09:00:00+00:00, run_after=2026-07-07 10:00:00+00:00
[2026-07-07T09:38:06.803+0000] {processor.py:183} INFO - Processing /opt/airflow/dags/weather_dag.py took 2.154 seconds
[2026-07-07T09:38:37.141+0000] {processor.py:161} INFO - Started process (PID=6350) to work on /opt/airflow/dags/weather_dag.py
[2026-07-07T09:38:37.148+0000] {processor.py:830} INFO - Processing file /opt/airflow/dags/weather_dag.py for tasks to queue
[2026-07-07T09:38:37.152+0000] {logging_mixin.py:188} INFO - [2026-07-07T09:38:37.149+0000] {dagbag.py:538} INFO - Filling up the DagBag from /opt/airflow/dags/weather_dag.py
[2026-07-07T09:38:37.293+0000] {logging_mixin.py:188} INFO - {'q': 'paris', 'appid': '0dad2f5c2704064b9994758e39b4eb89', 'units': 'metric'}
[2026-07-07T09:38:37.826+0000] {logging_mixin.py:188} INFO - [Task 1] Fetched data for 'paris' — HTTP 200
[2026-07-07T09:38:37.826+0000] {logging_mixin.py:188} INFO - {'q': 'london', 'appid': '0dad2f5c2704064b9994758e39b4eb89', 'units': 'metric'}
[2026-07-07T09:38:38.187+0000] {logging_mixin.py:188} INFO - [Task 1] Fetched data for 'london' — HTTP 200
[2026-07-07T09:38:38.187+0000] {logging_mixin.py:188} INFO - {'q': 'orleans', 'appid': '0dad2f5c2704064b9994758e39b4eb89', 'units': 'metric'}
[2026-07-07T09:38:38.661+0000] {logging_mixin.py:188} INFO - [Task 1] Fetched data for 'orleans' — HTTP 200
[2026-07-07T09:38:38.664+0000] {logging_mixin.py:188} INFO - [Task 1] Saved 3 cities → '/app/raw_files/2026-07-07 09:38.json'
[2026-07-07T09:38:40.662+0000] {processor.py:840} INFO - DAG(s) 'weather_pipeline' retrieved from /opt/airflow/dags/weather_dag.py
[2026-07-07T09:38:40.698+0000] {logging_mixin.py:188} INFO - [2026-07-07T09:38:40.697+0000] {dag.py:3036} INFO - Sync 1 DAGs
[2026-07-07T09:38:40.784+0000] {logging_mixin.py:188} INFO - [2026-07-07T09:38:40.784+0000] {dag.py:3823} INFO - Setting next_dagrun for weather_pipeline to 2026-07-07 09:00:00+00:00, run_after=2026-07-07 10:00:00+00:00
[2026-07-07T09:38:40.846+0000] {processor.py:183} INFO - Processing /opt/airflow/dags/weather_dag.py took 3.718 seconds
[2026-07-07T09:39:11.034+0000] {processor.py:161} INFO - Started process (PID=6423) to work on /opt/airflow/dags/weather_dag.py
[2026-07-07T09:39:11.037+0000] {processor.py:830} INFO - Processing file /opt/airflow/dags/weather_dag.py for tasks to queue
[2026-07-07T09:39:11.040+0000] {logging_mixin.py:188} INFO - [2026-07-07T09:39:11.039+0000] {dagbag.py:538} INFO - Filling up the DagBag from /opt/airflow/dags/weather_dag.py
[2026-07-07T09:39:11.113+0000] {logging_mixin.py:188} INFO - {'q': 'paris', 'appid': '0dad2f5c2704064b9994758e39b4eb89', 'units': 'metric'}
[2026-07-07T09:39:11.480+0000] {logging_mixin.py:188} INFO - [Task 1] Fetched data for 'paris' — HTTP 200
[2026-07-07T09:39:11.481+0000] {logging_mixin.py:188} INFO - {'q': 'london', 'appid': '0dad2f5c2704064b9994758e39b4eb89', 'units': 'metric'}
[2026-07-07T09:39:11.716+0000] {logging_mixin.py:188} INFO - [Task 1] Fetched data for 'london' — HTTP 200
[2026-07-07T09:39:11.717+0000] {logging_mixin.py:188} INFO - {'q': 'orleans', 'appid': '0dad2f5c2704064b9994758e39b4eb89', 'units': 'metric'}
[2026-07-07T09:39:12.006+0000] {logging_mixin.py:188} INFO - [Task 1] Fetched data for 'orleans' — HTTP 200
[2026-07-07T09:39:12.010+0000] {logging_mixin.py:188} INFO - [Task 1] Saved 3 cities → '/app/raw_files/2026-07-07 09:39.json'
[2026-07-07T09:39:12.693+0000] {processor.py:840} INFO - DAG(s) 'weather_pipeline' retrieved from /opt/airflow/dags/weather_dag.py
[2026-07-07T09:39:12.715+0000] {logging_mixin.py:188} INFO - [2026-07-07T09:39:12.714+0000] {dag.py:3036} INFO - Sync 1 DAGs
[2026-07-07T09:39:12.778+0000] {logging_mixin.py:188} INFO - [2026-07-07T09:39:12.777+0000] {dag.py:3823} INFO - Setting next_dagrun for weather_pipeline to 2026-07-07 09:00:00+00:00, run_after=2026-07-07 10:00:00+00:00
[2026-07-07T09:39:12.823+0000] {processor.py:183} INFO - Processing /opt/airflow/dags/weather_dag.py took 1.806 seconds
[2026-07-07T09:39:43.039+0000] {processor.py:161} INFO - Started process (PID=6492) to work on /opt/airflow/dags/weather_dag.py
[2026-07-07T09:39:43.042+0000] {processor.py:830} INFO - Processing file /opt/airflow/dags/weather_dag.py for tasks to queue
[2026-07-07T09:39:43.044+0000] {logging_mixin.py:188} INFO - [2026-07-07T09:39:43.043+0000] {dagbag.py:538} INFO - Filling up the DagBag from /opt/airflow/dags/weather_dag.py
[2026-07-07T09:39:43.104+0000] {logging_mixin.py:188} INFO - {'q': 'paris', 'appid': '0dad2f5c2704064b9994758e39b4eb89', 'units': 'metric'}
[2026-07-07T09:39:43.371+0000] {logging_mixin.py:188} INFO - [Task 1] Fetched data for 'paris' — HTTP 200
[2026-07-07T09:39:43.372+0000] {logging_mixin.py:188} INFO - {'q': 'london', 'appid': '0dad2f5c2704064b9994758e39b4eb89', 'units': 'metric'}
[2026-07-07T09:39:43.633+0000] {logging_mixin.py:188} INFO - [Task 1] Fetched data for 'london' — HTTP 200
[2026-07-07T09:39:43.634+0000] {logging_mixin.py:188} INFO - {'q': 'orleans', 'appid': '0dad2f5c2704064b9994758e39b4eb89', 'units': 'metric'}
[2026-07-07T09:39:43.882+0000] {logging_mixin.py:188} INFO - [Task 1] Fetched data for 'orleans' — HTTP 200
[2026-07-07T09:39:43.884+0000] {logging_mixin.py:188} INFO - [Task 1] Saved 3 cities → '/app/raw_files/2026-07-07 09:39.json'
[2026-07-07T09:39:44.495+0000] {processor.py:840} INFO - DAG(s) 'weather_pipeline' retrieved from /opt/airflow/dags/weather_dag.py
[2026-07-07T09:39:44.514+0000] {logging_mixin.py:188} INFO - [2026-07-07T09:39:44.513+0000] {dag.py:3036} INFO - Sync 1 DAGs
[2026-07-07T09:39:44.566+0000] {logging_mixin.py:188} INFO - [2026-07-07T09:39:44.565+0000] {dag.py:3823} INFO - Setting next_dagrun for weather_pipeline to 2026-07-07 09:00:00+00:00, run_after=2026-07-07 10:00:00+00:00
[2026-07-07T09:39:44.634+0000] {processor.py:183} INFO - Processing /opt/airflow/dags/weather_dag.py took 1.606 seconds
[2026-07-07T09:40:15.046+0000] {processor.py:161} INFO - Started process (PID=6564) to work on /opt/airflow/dags/weather_dag.py
[2026-07-07T09:40:15.048+0000] {processor.py:830} INFO - Processing file /opt/airflow/dags/weather_dag.py for tasks to queue
[2026-07-07T09:40:15.050+0000] {logging_mixin.py:188} INFO - [2026-07-07T09:40:15.049+0000] {dagbag.py:538} INFO - Filling up the DagBag from /opt/airflow/dags/weather_dag.py
[2026-07-07T09:40:15.092+0000] {logging_mixin.py:188} INFO - {'q': 'paris', 'appid': '0dad2f5c2704064b9994758e39b4eb89', 'units': 'metric'}
[2026-07-07T09:40:15.291+0000] {logging_mixin.py:188} INFO - [Task 1] Fetched data for 'paris' — HTTP 200
[2026-07-07T09:40:15.291+0000] {logging_mixin.py:188} INFO - {'q': 'london', 'appid': '0dad2f5c2704064b9994758e39b4eb89', 'units': 'metric'}
[2026-07-07T09:40:15.517+0000] {logging_mixin.py:188} INFO - [Task 1] Fetched data for 'london' — HTTP 200
[2026-07-07T09:40:15.517+0000] {logging_mixin.py:188} INFO - {'q': 'orleans', 'appid': '0dad2f5c2704064b9994758e39b4eb89', 'units': 'metric'}
[2026-07-07T09:40:15.751+0000] {logging_mixin.py:188} INFO - [Task 1] Fetched data for 'orleans' — HTTP 200
[2026-07-07T09:40:15.753+0000] {logging_mixin.py:188} INFO - [Task 1] Saved 3 cities → '/app/raw_files/2026-07-07 09:40.json'
[2026-07-07T09:40:16.279+0000] {processor.py:840} INFO - DAG(s) 'weather_pipeline' retrieved from /opt/airflow/dags/weather_dag.py
[2026-07-07T09:40:16.303+0000] {logging_mixin.py:188} INFO - [2026-07-07T09:40:16.302+0000] {dag.py:3036} INFO - Sync 1 DAGs
[2026-07-07T09:40:16.346+0000] {logging_mixin.py:188} INFO - [2026-07-07T09:40:16.346+0000] {dag.py:3823} INFO - Setting next_dagrun for weather_pipeline to 2026-07-07 09:00:00+00:00, run_after=2026-07-07 10:00:00+00:00
[2026-07-07T09:40:16.389+0000] {processor.py:183} INFO - Processing /opt/airflow/dags/weather_dag.py took 1.351 seconds
[2026-07-07T09:40:46.940+0000] {processor.py:161} INFO - Started process (PID=6630) to work on /opt/airflow/dags/weather_dag.py
[2026-07-07T09:40:46.948+0000] {processor.py:830} INFO - Processing file /opt/airflow/dags/weather_dag.py for tasks to queue
[2026-07-07T09:40:46.951+0000] {logging_mixin.py:188} INFO - [2026-07-07T09:40:46.950+0000] {dagbag.py:538} INFO - Filling up the DagBag from /opt/airflow/dags/weather_dag.py
[2026-07-07T09:40:47.020+0000] {logging_mixin.py:188} INFO - {'q': 'paris', 'appid': '0dad2f5c2704064b9994758e39b4eb89', 'units': 'metric'}
[2026-07-07T09:40:47.547+0000] {logging_mixin.py:188} INFO - [Task 1] Fetched data for 'paris' — HTTP 200
[2026-07-07T09:40:47.548+0000] {logging_mixin.py:188} INFO - {'q': 'london', 'appid': '0dad2f5c2704064b9994758e39b4eb89', 'units': 'metric'}
[2026-07-07T09:40:47.813+0000] {logging_mixin.py:188} INFO - [Task 1] Fetched data for 'london' — HTTP 200
[2026-07-07T09:40:47.813+0000] {logging_mixin.py:188} INFO - {'q': 'orleans', 'appid': '0dad2f5c2704064b9994758e39b4eb89', 'units': 'metric'}
[2026-07-07T09:40:48.036+0000] {logging_mixin.py:188} INFO - [Task 1] Fetched data for 'orleans' — HTTP 200
[2026-07-07T09:40:48.038+0000] {logging_mixin.py:188} INFO - [Task 1] Saved 3 cities → '/app/raw_files/2026-07-07 09:40.json'
[2026-07-07T09:40:48.610+0000] {processor.py:840} INFO - DAG(s) 'weather_pipeline' retrieved from /opt/airflow/dags/weather_dag.py
[2026-07-07T09:40:48.635+0000] {logging_mixin.py:188} INFO - [2026-07-07T09:40:48.635+0000] {dag.py:3036} INFO - Sync 1 DAGs
[2026-07-07T09:40:48.687+0000] {logging_mixin.py:188} INFO - [2026-07-07T09:40:48.687+0000] {dag.py:3823} INFO - Setting next_dagrun for weather_pipeline to 2026-07-07 09:00:00+00:00, run_after=2026-07-07 10:00:00+00:00
[2026-07-07T09:40:48.724+0000] {processor.py:183} INFO - Processing /opt/airflow/dags/weather_dag.py took 1.796 seconds
[2026-07-07T09:41:18.967+0000] {processor.py:161} INFO - Started process (PID=6701) to work on /opt/airflow/dags/weather_dag.py
[2026-07-07T09:41:18.969+0000] {processor.py:830} INFO - Processing file /opt/airflow/dags/weather_dag.py for tasks to queue
[2026-07-07T09:41:18.970+0000] {logging_mixin.py:188} INFO - [2026-07-07T09:41:18.970+0000] {dagbag.py:538} INFO - Filling up the DagBag from /opt/airflow/dags/weather_dag.py
[2026-07-07T09:41:19.004+0000] {logging_mixin.py:188} INFO - {'q': 'paris', 'appid': '0dad2f5c2704064b9994758e39b4eb89', 'units': 'metric'}
[2026-07-07T09:41:19.191+0000] {logging_mixin.py:188} INFO - [Task 1] Fetched data for 'paris' — HTTP 200
[2026-07-07T09:41:19.192+0000] {logging_mixin.py:188} INFO - {'q': 'london', 'appid': '0dad2f5c2704064b9994758e39b4eb89', 'units': 'metric'}
[2026-07-07T09:41:19.369+0000] {logging_mixin.py:188} INFO - [Task 1] Fetched data for 'london' — HTTP 200
[2026-07-07T09:41:19.370+0000] {logging_mixin.py:188} INFO - {'q': 'orleans', 'appid': '0dad2f5c2704064b9994758e39b4eb89', 'units': 'metric'}
[2026-07-07T09:41:19.548+0000] {logging_mixin.py:188} INFO - [Task 1] Fetched data for 'orleans' — HTTP 200
[2026-07-07T09:41:19.551+0000] {logging_mixin.py:188} INFO - [Task 1] Saved 3 cities → '/app/raw_files/2026-07-07 09:41.json'
[2026-07-07T09:41:20.028+0000] {processor.py:840} INFO - DAG(s) 'weather_pipeline' retrieved from /opt/airflow/dags/weather_dag.py
[2026-07-07T09:41:20.054+0000] {logging_mixin.py:188} INFO - [2026-07-07T09:41:20.053+0000] {dag.py:3036} INFO - Sync 1 DAGs
[2026-07-07T09:41:20.100+0000] {logging_mixin.py:188} INFO - [2026-07-07T09:41:20.100+0000] {dag.py:3823} INFO - Setting next_dagrun for weather_pipeline to 2026-07-07 09:00:00+00:00, run_after=2026-07-07 10:00:00+00:00
[2026-07-07T09:41:20.134+0000] {processor.py:183} INFO - Processing /opt/airflow/dags/weather_dag.py took 1.173 seconds
[2026-07-07T09:41:50.286+0000] {processor.py:161} INFO - Started process (PID=6769) to work on /opt/airflow/dags/weather_dag.py
[2026-07-07T09:41:50.290+0000] {processor.py:830} INFO - Processing file /opt/airflow/dags/weather_dag.py for tasks to queue
[2026-07-07T09:41:50.293+0000] {logging_mixin.py:188} INFO - [2026-07-07T09:41:50.292+0000] {dagbag.py:538} INFO - Filling up the DagBag from /opt/airflow/dags/weather_dag.py
[2026-07-07T09:41:50.361+0000] {logging_mixin.py:188} INFO - {'q': 'paris', 'appid': '0dad2f5c2704064b9994758e39b4eb89', 'units': 'metric'}
[2026-07-07T09:41:51.214+0000] {logging_mixin.py:188} INFO - [Task 1] Fetched data for 'paris' — HTTP 200
[2026-07-07T09:41:51.215+0000] {logging_mixin.py:188} INFO - {'q': 'london', 'appid': '0dad2f5c2704064b9994758e39b4eb89', 'units': 'metric'}
[2026-07-07T09:41:51.453+0000] {logging_mixin.py:188} INFO - [Task 1] Fetched data for 'london' — HTTP 200
[2026-07-07T09:41:51.454+0000] {logging_mixin.py:188} INFO - {'q': 'orleans', 'appid': '0dad2f5c2704064b9994758e39b4eb89', 'units': 'metric'}
[2026-07-07T09:41:51.684+0000] {logging_mixin.py:188} INFO - [Task 1] Fetched data for 'orleans' — HTTP 200
[2026-07-07T09:41:51.686+0000] {logging_mixin.py:188} INFO - [Task 1] Saved 3 cities → '/app/raw_files/2026-07-07 09:41.json'
[2026-07-07T09:41:52.447+0000] {processor.py:840} INFO - DAG(s) 'weather_pipeline' retrieved from /opt/airflow/dags/weather_dag.py
[2026-07-07T09:41:52.472+0000] {logging_mixin.py:188} INFO - [2026-07-07T09:41:52.471+0000] {dag.py:3036} INFO - Sync 1 DAGs
[2026-07-07T09:41:52.529+0000] {logging_mixin.py:188} INFO - [2026-07-07T09:41:52.529+0000] {dag.py:3823} INFO - Setting next_dagrun for weather_pipeline to 2026-07-07 09:00:00+00:00, run_after=2026-07-07 10:00:00+00:00
[2026-07-07T09:41:52.574+0000] {processor.py:183} INFO - Processing /opt/airflow/dags/weather_dag.py took 2.300 seconds
[2026-07-07T09:42:23.272+0000] {processor.py:161} INFO - Started process (PID=6844) to work on /opt/airflow/dags/weather_dag.py
[2026-07-07T09:42:23.275+0000] {processor.py:830} INFO - Processing file /opt/airflow/dags/weather_dag.py for tasks to queue
[2026-07-07T09:42:23.277+0000] {logging_mixin.py:188} INFO - [2026-07-07T09:42:23.277+0000] {dagbag.py:538} INFO - Filling up the DagBag from /opt/airflow/dags/weather_dag.py
[2026-07-07T09:42:23.327+0000] {logging_mixin.py:188} INFO - {'q': 'paris', 'appid': '0dad2f5c2704064b9994758e39b4eb89', 'units': 'metric'}
[2026-07-07T09:42:23.567+0000] {logging_mixin.py:188} INFO - [Task 1] Fetched data for 'paris' — HTTP 200
[2026-07-07T09:42:23.567+0000] {logging_mixin.py:188} INFO - {'q': 'london', 'appid': '0dad2f5c2704064b9994758e39b4eb89', 'units': 'metric'}
[2026-07-07T09:42:23.739+0000] {logging_mixin.py:188} INFO - [Task 1] Fetched data for 'london' — HTTP 200
[2026-07-07T09:42:23.740+0000] {logging_mixin.py:188} INFO - {'q': 'orleans', 'appid': '0dad2f5c2704064b9994758e39b4eb89', 'units': 'metric'}
[2026-07-07T09:42:23.924+0000] {logging_mixin.py:188} INFO - [Task 1] Fetched data for 'orleans' — HTTP 200
[2026-07-07T09:42:23.928+0000] {logging_mixin.py:188} INFO - [Task 1] Saved 3 cities → '/app/raw_files/2026-07-07 09:42.json'
[2026-07-07T09:42:24.575+0000] {processor.py:840} INFO - DAG(s) 'weather_pipeline' retrieved from /opt/airflow/dags/weather_dag.py
[2026-07-07T09:42:24.607+0000] {logging_mixin.py:188} INFO - [2026-07-07T09:42:24.606+0000] {dag.py:3036} INFO - Sync 1 DAGs
[2026-07-07T09:42:24.669+0000] {logging_mixin.py:188} INFO - [2026-07-07T09:42:24.668+0000] {dag.py:3823} INFO - Setting next_dagrun for weather_pipeline to 2026-07-07 09:00:00+00:00, run_after=2026-07-07 10:00:00+00:00
[2026-07-07T09:42:24.713+0000] {processor.py:183} INFO - Processing /opt/airflow/dags/weather_dag.py took 1.449 seconds
[2026-07-07T09:42:54.789+0000] {processor.py:161} INFO - Started process (PID=6903) to work on /opt/airflow/dags/weather_dag.py
[2026-07-07T09:42:54.792+0000] {processor.py:830} INFO - Processing file /opt/airflow/dags/weather_dag.py for tasks to queue
[2026-07-07T09:42:54.794+0000] {logging_mixin.py:188} INFO - [2026-07-07T09:42:54.793+0000] {dagbag.py:538} INFO - Filling up the DagBag from /opt/airflow/dags/weather_dag.py
[2026-07-07T09:42:54.839+0000] {logging_mixin.py:188} INFO - {'q': 'paris', 'appid': '0dad2f5c2704064b9994758e39b4eb89', 'units': 'metric'}
[2026-07-07T09:42:55.079+0000] {logging_mixin.py:188} INFO - [Task 1] Fetched data for 'paris' — HTTP 200
[2026-07-07T09:42:55.079+0000] {logging_mixin.py:188} INFO - {'q': 'london', 'appid': '0dad2f5c2704064b9994758e39b4eb89', 'units': 'metric'}
[2026-07-07T09:42:55.288+0000] {logging_mixin.py:188} INFO - [Task 1] Fetched data for 'london' — HTTP 200
[2026-07-07T09:42:55.289+0000] {logging_mixin.py:188} INFO - {'q': 'orleans', 'appid': '0dad2f5c2704064b9994758e39b4eb89', 'units': 'metric'}
[2026-07-07T09:42:55.460+0000] {logging_mixin.py:188} INFO - [Task 1] Fetched data for 'orleans' — HTTP 200
[2026-07-07T09:42:55.462+0000] {logging_mixin.py:188} INFO - [Task 1] Saved 3 cities → '/app/raw_files/2026-07-07 09:42.json'
[2026-07-07T09:42:55.870+0000] {processor.py:840} INFO - DAG(s) 'weather_pipeline' retrieved from /opt/airflow/dags/weather_dag.py
[2026-07-07T09:42:55.887+0000] {logging_mixin.py:188} INFO - [2026-07-07T09:42:55.886+0000] {dag.py:3036} INFO - Sync 1 DAGs
[2026-07-07T09:42:55.924+0000] {logging_mixin.py:188} INFO - [2026-07-07T09:42:55.924+0000] {dag.py:3823} INFO - Setting next_dagrun for weather_pipeline to 2026-07-07 09:00:00+00:00, run_after=2026-07-07 10:00:00+00:00
[2026-07-07T09:42:55.956+0000] {processor.py:183} INFO - Processing /opt/airflow/dags/weather_dag.py took 1.176 seconds
[2026-07-07T09:43:26.371+0000] {processor.py:161} INFO - Started process (PID=6972) to work on /opt/airflow/dags/weather_dag.py
[2026-07-07T09:43:26.373+0000] {processor.py:830} INFO - Processing file /opt/airflow/dags/weather_dag.py for tasks to queue
[2026-07-07T09:43:26.375+0000] {logging_mixin.py:188} INFO - [2026-07-07T09:43:26.374+0000] {dagbag.py:538} INFO - Filling up the DagBag from /opt/airflow/dags/weather_dag.py
[2026-07-07T09:43:26.411+0000] {logging_mixin.py:188} INFO - {'q': 'paris', 'appid': '0dad2f5c2704064b9994758e39b4eb89', 'units': 'metric'}
[2026-07-07T09:43:26.806+0000] {logging_mixin.py:188} INFO - [Task 1] Fetched data for 'paris' — HTTP 200
[2026-07-07T09:43:26.808+0000] {logging_mixin.py:188} INFO - {'q': 'london', 'appid': '0dad2f5c2704064b9994758e39b4eb89', 'units': 'metric'}
[2026-07-07T09:43:27.088+0000] {logging_mixin.py:188} INFO - [Task 1] Fetched data for 'london' — HTTP 200
[2026-07-07T09:43:27.089+0000] {logging_mixin.py:188} INFO - {'q': 'orleans', 'appid': '0dad2f5c2704064b9994758e39b4eb89', 'units': 'metric'}
[2026-07-07T09:43:27.363+0000] {logging_mixin.py:188} INFO - [Task 1] Fetched data for 'orleans' — HTTP 200
[2026-07-07T09:43:27.365+0000] {logging_mixin.py:188} INFO - [Task 1] Saved 3 cities → '/app/raw_files/2026-07-07 09:43.json'
[2026-07-07T09:43:27.799+0000] {processor.py:840} INFO - DAG(s) 'weather_pipeline' retrieved from /opt/airflow/dags/weather_dag.py
[2026-07-07T09:43:27.820+0000] {logging_mixin.py:188} INFO - [2026-07-07T09:43:27.819+0000] {dag.py:3036} INFO - Sync 1 DAGs
[2026-07-07T09:43:27.858+0000] {logging_mixin.py:188} INFO - [2026-07-07T09:43:27.858+0000] {dag.py:3823} INFO - Setting next_dagrun for weather_pipeline to 2026-07-07 09:00:00+00:00, run_after=2026-07-07 10:00:00+00:00
[2026-07-07T09:43:27.886+0000] {processor.py:183} INFO - Processing /opt/airflow/dags/weather_dag.py took 1.523 seconds
[2026-07-07T09:43:58.779+0000] {processor.py:161} INFO - Started process (PID=7042) to work on /opt/airflow/dags/weather_dag.py
[2026-07-07T09:43:58.781+0000] {processor.py:830} INFO - Processing file /opt/airflow/dags/weather_dag.py for tasks to queue
[2026-07-07T09:43:58.783+0000] {logging_mixin.py:188} INFO - [2026-07-07T09:43:58.782+0000] {dagbag.py:538} INFO - Filling up the DagBag from /opt/airflow/dags/weather_dag.py
[2026-07-07T09:43:58.830+0000] {logging_mixin.py:188} INFO - {'q': 'paris', 'appid': '0dad2f5c2704064b9994758e39b4eb89', 'units': 'metric'}
[2026-07-07T09:43:59.047+0000] {logging_mixin.py:188} INFO - [Task 1] Fetched data for 'paris' — HTTP 200
[2026-07-07T09:43:59.047+0000] {logging_mixin.py:188} INFO - {'q': 'london', 'appid': '0dad2f5c2704064b9994758e39b4eb89', 'units': 'metric'}
[2026-07-07T09:43:59.257+0000] {logging_mixin.py:188} INFO - [Task 1] Fetched data for 'london' — HTTP 200
[2026-07-07T09:43:59.258+0000] {logging_mixin.py:188} INFO - {'q': 'orleans', 'appid': '0dad2f5c2704064b9994758e39b4eb89', 'units': 'metric'}
[2026-07-07T09:43:59.479+0000] {logging_mixin.py:188} INFO - [Task 1] Fetched data for 'orleans' — HTTP 200
[2026-07-07T09:43:59.481+0000] {logging_mixin.py:188} INFO - [Task 1] Saved 3 cities → '/app/raw_files/2026-07-07 09:43.json'
[2026-07-07T09:43:59.976+0000] {processor.py:840} INFO - DAG(s) 'weather_pipeline' retrieved from /opt/airflow/dags/weather_dag.py
[2026-07-07T09:43:59.995+0000] {logging_mixin.py:188} INFO - [2026-07-07T09:43:59.995+0000] {dag.py:3036} INFO - Sync 1 DAGs
[2026-07-07T09:44:00.038+0000] {logging_mixin.py:188} INFO - [2026-07-07T09:44:00.037+0000] {dag.py:3823} INFO - Setting next_dagrun for weather_pipeline to 2026-07-07 09:00:00+00:00, run_after=2026-07-07 10:00:00+00:00
[2026-07-07T09:44:00.084+0000] {processor.py:183} INFO - Processing /opt/airflow/dags/weather_dag.py took 1.314 seconds
[2026-07-07T09:44:30.196+0000] {processor.py:161} INFO - Started process (PID=7114) to work on /opt/airflow/dags/weather_dag.py
[2026-07-07T09:44:30.198+0000] {processor.py:830} INFO - Processing file /opt/airflow/dags/weather_dag.py for tasks to queue
[2026-07-07T09:44:30.200+0000] {logging_mixin.py:188} INFO - [2026-07-07T09:44:30.199+0000] {dagbag.py:538} INFO - Filling up the DagBag from /opt/airflow/dags/weather_dag.py
[2026-07-07T09:44:30.242+0000] {logging_mixin.py:188} INFO - {'q': 'paris', 'appid': '0dad2f5c2704064b9994758e39b4eb89', 'units': 'metric'}
[2026-07-07T09:44:30.446+0000] {logging_mixin.py:188} INFO - [Task 1] Fetched data for 'paris' — HTTP 200
[2026-07-07T09:44:30.446+0000] {logging_mixin.py:188} INFO - {'q': 'london', 'appid': '0dad2f5c2704064b9994758e39b4eb89', 'units': 'metric'}
[2026-07-07T09:44:30.615+0000] {logging_mixin.py:188} INFO - [Task 1] Fetched data for 'london' — HTTP 200
[2026-07-07T09:44:30.616+0000] {logging_mixin.py:188} INFO - {'q': 'orleans', 'appid': '0dad2f5c2704064b9994758e39b4eb89', 'units': 'metric'}
[2026-07-07T09:44:30.794+0000] {logging_mixin.py:188} INFO - [Task 1] Fetched data for 'orleans' — HTTP 200
[2026-07-07T09:44:30.797+0000] {logging_mixin.py:188} INFO - [Task 1] Saved 3 cities → '/app/raw_files/2026-07-07 09:44.json'
[2026-07-07T09:44:31.408+0000] {processor.py:840} INFO - DAG(s) 'weather_pipeline' retrieved from /opt/airflow/dags/weather_dag.py
[2026-07-07T09:44:31.434+0000] {logging_mixin.py:188} INFO - [2026-07-07T09:44:31.434+0000] {dag.py:3036} INFO - Sync 1 DAGs
[2026-07-07T09:44:31.477+0000] {logging_mixin.py:188} INFO - [2026-07-07T09:44:31.477+0000] {dag.py:3823} INFO - Setting next_dagrun for weather_pipeline to 2026-07-07 09:00:00+00:00, run_after=2026-07-07 10:00:00+00:00
[2026-07-07T09:44:31.509+0000] {processor.py:183} INFO - Processing /opt/airflow/dags/weather_dag.py took 1.319 seconds
[2026-07-07T09:45:02.010+0000] {processor.py:161} INFO - Started process (PID=7180) to work on /opt/airflow/dags/weather_dag.py
[2026-07-07T09:45:02.018+0000] {processor.py:830} INFO - Processing file /opt/airflow/dags/weather_dag.py for tasks to queue
[2026-07-07T09:45:02.022+0000] {logging_mixin.py:188} INFO - [2026-07-07T09:45:02.021+0000] {dagbag.py:538} INFO - Filling up the DagBag from /opt/airflow/dags/weather_dag.py
[2026-07-07T09:45:02.628+0000] {logging_mixin.py:188} INFO - {'q': 'paris', 'appid': '0dad2f5c2704064b9994758e39b4eb89', 'units': 'metric'}
[2026-07-07T09:45:03.448+0000] {logging_mixin.py:188} INFO - [Task 1] Fetched data for 'paris' — HTTP 200
[2026-07-07T09:45:03.455+0000] {logging_mixin.py:188} INFO - {'q': 'london', 'appid': '0dad2f5c2704064b9994758e39b4eb89', 'units': 'metric'}
[2026-07-07T09:45:03.847+0000] {logging_mixin.py:188} INFO - [Task 1] Fetched data for 'london' — HTTP 200
[2026-07-07T09:45:03.848+0000] {logging_mixin.py:188} INFO - {'q': 'orleans', 'appid': '0dad2f5c2704064b9994758e39b4eb89', 'units': 'metric'}
[2026-07-07T09:45:04.169+0000] {logging_mixin.py:188} INFO - [Task 1] Fetched data for 'orleans' — HTTP 200
[2026-07-07T09:45:04.172+0000] {logging_mixin.py:188} INFO - [Task 1] Saved 3 cities → '/app/raw_files/2026-07-07 09:45.json'
[2026-07-07T09:45:05.011+0000] {processor.py:840} INFO - DAG(s) 'weather_pipeline' retrieved from /opt/airflow/dags/weather_dag.py
[2026-07-07T09:45:05.049+0000] {logging_mixin.py:188} INFO - [2026-07-07T09:45:05.048+0000] {dag.py:3036} INFO - Sync 1 DAGs
[2026-07-07T09:45:05.248+0000] {logging_mixin.py:188} INFO - [2026-07-07T09:45:05.247+0000] {dag.py:3823} INFO - Setting next_dagrun for weather_pipeline to 2026-07-07 09:00:00+00:00, run_after=2026-07-07 10:00:00+00:00
[2026-07-07T09:45:05.332+0000] {processor.py:183} INFO - Processing /opt/airflow/dags/weather_dag.py took 3.362 seconds
[2026-07-07T09:45:35.570+0000] {processor.py:161} INFO - Started process (PID=7247) to work on /opt/airflow/dags/weather_dag.py
[2026-07-07T09:45:35.573+0000] {processor.py:830} INFO - Processing file /opt/airflow/dags/weather_dag.py for tasks to queue
[2026-07-07T09:45:35.576+0000] {logging_mixin.py:188} INFO - [2026-07-07T09:45:35.575+0000] {dagbag.py:538} INFO - Filling up the DagBag from /opt/airflow/dags/weather_dag.py
[2026-07-07T09:45:35.659+0000] {logging_mixin.py:188} INFO - {'q': 'paris', 'appid': '0dad2f5c2704064b9994758e39b4eb89', 'units': 'metric'}
[2026-07-07T09:45:36.003+0000] {logging_mixin.py:188} INFO - [Task 1] Fetched data for 'paris' — HTTP 200
[2026-07-07T09:45:36.007+0000] {logging_mixin.py:188} INFO - {'q': 'london', 'appid': '0dad2f5c2704064b9994758e39b4eb89', 'units': 'metric'}
[2026-07-07T09:45:36.254+0000] {logging_mixin.py:188} INFO - [Task 1] Fetched data for 'london' — HTTP 200
[2026-07-07T09:45:36.256+0000] {logging_mixin.py:188} INFO - {'q': 'orleans', 'appid': '0dad2f5c2704064b9994758e39b4eb89', 'units': 'metric'}
[2026-07-07T09:45:36.478+0000] {logging_mixin.py:188} INFO - [Task 1] Fetched data for 'orleans' — HTTP 200
[2026-07-07T09:45:36.481+0000] {logging_mixin.py:188} INFO - [Task 1] Saved 3 cities → '/app/raw_files/2026-07-07 09:45.json'
[2026-07-07T09:45:37.254+0000] {processor.py:840} INFO - DAG(s) 'weather_pipeline' retrieved from /opt/airflow/dags/weather_dag.py
[2026-07-07T09:45:37.283+0000] {logging_mixin.py:188} INFO - [2026-07-07T09:45:37.283+0000] {dag.py:3036} INFO - Sync 1 DAGs
[2026-07-07T09:45:37.378+0000] {logging_mixin.py:188} INFO - [2026-07-07T09:45:37.377+0000] {dag.py:3823} INFO - Setting next_dagrun for weather_pipeline to 2026-07-07 09:00:00+00:00, run_after=2026-07-07 10:00:00+00:00
[2026-07-07T09:45:37.453+0000] {processor.py:183} INFO - Processing /opt/airflow/dags/weather_dag.py took 1.895 seconds
[2026-07-07T09:46:08.305+0000] {processor.py:161} INFO - Started process (PID=7317) to work on /opt/airflow/dags/weather_dag.py
[2026-07-07T09:46:08.348+0000] {processor.py:830} INFO - Processing file /opt/airflow/dags/weather_dag.py for tasks to queue
[2026-07-07T09:46:08.354+0000] {logging_mixin.py:188} INFO - [2026-07-07T09:46:08.353+0000] {dagbag.py:538} INFO - Filling up the DagBag from /opt/airflow/dags/weather_dag.py
[2026-07-07T09:46:08.571+0000] {logging_mixin.py:188} INFO - {'q': 'paris', 'appid': '0dad2f5c2704064b9994758e39b4eb89', 'units': 'metric'}
[2026-07-07T09:46:08.914+0000] {logging_mixin.py:188} INFO - [Task 1] Fetched data for 'paris' — HTTP 200
[2026-07-07T09:46:08.914+0000] {logging_mixin.py:188} INFO - {'q': 'london', 'appid': '0dad2f5c2704064b9994758e39b4eb89', 'units': 'metric'}
[2026-07-07T09:46:09.325+0000] {logging_mixin.py:188} INFO - [Task 1] Fetched data for 'london' — HTTP 200
[2026-07-07T09:46:09.328+0000] {logging_mixin.py:188} INFO - {'q': 'orleans', 'appid': '0dad2f5c2704064b9994758e39b4eb89', 'units': 'metric'}
[2026-07-07T09:46:09.628+0000] {logging_mixin.py:188} INFO - [Task 1] Fetched data for 'orleans' — HTTP 200
[2026-07-07T09:46:09.630+0000] {logging_mixin.py:188} INFO - [Task 1] Saved 3 cities → '/app/raw_files/2026-07-07 09:46.json'
[2026-07-07T09:46:10.255+0000] {processor.py:840} INFO - DAG(s) 'weather_pipeline' retrieved from /opt/airflow/dags/weather_dag.py
[2026-07-07T09:46:10.282+0000] {logging_mixin.py:188} INFO - [2026-07-07T09:46:10.281+0000] {dag.py:3036} INFO - Sync 1 DAGs
[2026-07-07T09:46:10.341+0000] {logging_mixin.py:188} INFO - [2026-07-07T09:46:10.341+0000] {dag.py:3823} INFO - Setting next_dagrun for weather_pipeline to 2026-07-07 09:00:00+00:00, run_after=2026-07-07 10:00:00+00:00
[2026-07-07T09:46:10.383+0000] {processor.py:183} INFO - Processing /opt/airflow/dags/weather_dag.py took 2.256 seconds
[2026-07-07T09:46:40.728+0000] {processor.py:161} INFO - Started process (PID=7385) to work on /opt/airflow/dags/weather_dag.py
[2026-07-07T09:46:40.733+0000] {processor.py:830} INFO - Processing file /opt/airflow/dags/weather_dag.py for tasks to queue
[2026-07-07T09:46:40.739+0000] {logging_mixin.py:188} INFO - [2026-07-07T09:46:40.738+0000] {dagbag.py:538} INFO - Filling up the DagBag from /opt/airflow/dags/weather_dag.py
[2026-07-07T09:46:40.783+0000] {logging_mixin.py:188} INFO - {'q': 'paris', 'appid': '0dad2f5c2704064b9994758e39b4eb89', 'units': 'metric'}
[2026-07-07T09:46:41.072+0000] {logging_mixin.py:188} INFO - [Task 1] Fetched data for 'paris' — HTTP 200
[2026-07-07T09:46:41.077+0000] {logging_mixin.py:188} INFO - {'q': 'london', 'appid': '0dad2f5c2704064b9994758e39b4eb89', 'units': 'metric'}
[2026-07-07T09:46:41.287+0000] {logging_mixin.py:188} INFO - [Task 1] Fetched data for 'london' — HTTP 200
[2026-07-07T09:46:41.287+0000] {logging_mixin.py:188} INFO - {'q': 'orleans', 'appid': '0dad2f5c2704064b9994758e39b4eb89', 'units': 'metric'}
[2026-07-07T09:46:41.555+0000] {logging_mixin.py:188} INFO - [Task 1] Fetched data for 'orleans' — HTTP 200
[2026-07-07T09:46:41.557+0000] {logging_mixin.py:188} INFO - [Task 1] Saved 3 cities → '/app/raw_files/2026-07-07 09:46.json'
[2026-07-07T09:46:42.509+0000] {processor.py:840} INFO - DAG(s) 'weather_pipeline' retrieved from /opt/airflow/dags/weather_dag.py
[2026-07-07T09:46:42.540+0000] {logging_mixin.py:188} INFO - [2026-07-07T09:46:42.539+0000] {dag.py:3036} INFO - Sync 1 DAGs
[2026-07-07T09:46:42.623+0000] {logging_mixin.py:188} INFO - [2026-07-07T09:46:42.622+0000] {dag.py:3823} INFO - Setting next_dagrun for weather_pipeline to 2026-07-07 09:00:00+00:00, run_after=2026-07-07 10:00:00+00:00
[2026-07-07T09:46:42.676+0000] {processor.py:183} INFO - Processing /opt/airflow/dags/weather_dag.py took 1.957 seconds
