[2026-07-07T09:08:19.190+0000] {processor.py:161} INFO - Started process (PID=4138) to work on /home/airflow/.local/lib/python3.8/site-packages/airflow/example_dags/example_sla_dag.py
[2026-07-07T09:08:19.211+0000] {processor.py:830} INFO - Processing file /home/airflow/.local/lib/python3.8/site-packages/airflow/example_dags/example_sla_dag.py for tasks to queue
[2026-07-07T09:08:19.275+0000] {logging_mixin.py:188} INFO - [2026-07-07T09:08:19.255+0000] {dagbag.py:538} INFO - Filling up the DagBag from /home/airflow/.local/lib/python3.8/site-packages/airflow/example_dags/example_sla_dag.py
[2026-07-07T09:08:21.087+0000] {processor.py:840} INFO - DAG(s) 'example_sla_dag' retrieved from /home/airflow/.local/lib/python3.8/site-packages/airflow/example_dags/example_sla_dag.py
[2026-07-07T09:08:21.372+0000] {logging_mixin.py:188} INFO - [2026-07-07T09:08:21.367+0000] {dag.py:3036} INFO - Sync 1 DAGs
[2026-07-07T09:08:21.583+0000] {logging_mixin.py:188} INFO - [2026-07-07T09:08:21.582+0000] {dag.py:3823} INFO - Setting next_dagrun for example_sla_dag to 2026-07-07 09:06:00+00:00, run_after=2026-07-07 09:08:00+00:00
[2026-07-07T09:08:21.695+0000] {processor.py:183} INFO - Processing /home/airflow/.local/lib/python3.8/site-packages/airflow/example_dags/example_sla_dag.py took 2.599 seconds
[2026-07-07T09:09:21.325+0000] {processor.py:161} INFO - Started process (PID=4202) to work on /home/airflow/.local/lib/python3.8/site-packages/airflow/example_dags/example_sla_dag.py
[2026-07-07T09:09:21.333+0000] {processor.py:830} INFO - Processing file /home/airflow/.local/lib/python3.8/site-packages/airflow/example_dags/example_sla_dag.py for tasks to queue
[2026-07-07T09:09:21.341+0000] {logging_mixin.py:188} INFO - [2026-07-07T09:09:21.340+0000] {dagbag.py:538} INFO - Filling up the DagBag from /home/airflow/.local/lib/python3.8/site-packages/airflow/example_dags/example_sla_dag.py
[2026-07-07T09:09:21.406+0000] {processor.py:840} INFO - DAG(s) 'example_sla_dag' retrieved from /home/airflow/.local/lib/python3.8/site-packages/airflow/example_dags/example_sla_dag.py
[2026-07-07T09:09:21.517+0000] {logging_mixin.py:188} INFO - [2026-07-07T09:09:21.516+0000] {dag.py:3036} INFO - Sync 1 DAGs
[2026-07-07T09:09:21.708+0000] {logging_mixin.py:188} INFO - [2026-07-07T09:09:21.707+0000] {dag.py:3823} INFO - Setting next_dagrun for example_sla_dag to 2026-07-07 09:06:00+00:00, run_after=2026-07-07 09:08:00+00:00
[2026-07-07T09:09:21.877+0000] {processor.py:183} INFO - Processing /home/airflow/.local/lib/python3.8/site-packages/airflow/example_dags/example_sla_dag.py took 0.568 seconds
[2026-07-07T09:09:52.197+0000] {processor.py:161} INFO - Started process (PID=4269) to work on /home/airflow/.local/lib/python3.8/site-packages/airflow/example_dags/example_sla_dag.py
[2026-07-07T09:09:52.199+0000] {processor.py:830} INFO - Processing file /home/airflow/.local/lib/python3.8/site-packages/airflow/example_dags/example_sla_dag.py for tasks to queue
[2026-07-07T09:09:52.200+0000] {logging_mixin.py:188} INFO - [2026-07-07T09:09:52.200+0000] {dagbag.py:538} INFO - Filling up the DagBag from /home/airflow/.local/lib/python3.8/site-packages/airflow/example_dags/example_sla_dag.py
[2026-07-07T09:09:52.217+0000] {processor.py:840} INFO - DAG(s) 'example_sla_dag' retrieved from /home/airflow/.local/lib/python3.8/site-packages/airflow/example_dags/example_sla_dag.py
[2026-07-07T09:09:52.259+0000] {logging_mixin.py:188} INFO - [2026-07-07T09:09:52.259+0000] {dag.py:3036} INFO - Sync 1 DAGs
[2026-07-07T09:09:52.303+0000] {logging_mixin.py:188} INFO - [2026-07-07T09:09:52.303+0000] {dag.py:3823} INFO - Setting next_dagrun for example_sla_dag to 2026-07-07 09:06:00+00:00, run_after=2026-07-07 09:08:00+00:00
[2026-07-07T09:09:52.335+0000] {processor.py:183} INFO - Processing /home/airflow/.local/lib/python3.8/site-packages/airflow/example_dags/example_sla_dag.py took 0.145 seconds
[2026-07-07T09:10:25.856+0000] {processor.py:161} INFO - Started process (PID=4336) to work on /home/airflow/.local/lib/python3.8/site-packages/airflow/example_dags/example_sla_dag.py
[2026-07-07T09:10:25.862+0000] {processor.py:830} INFO - Processing file /home/airflow/.local/lib/python3.8/site-packages/airflow/example_dags/example_sla_dag.py for tasks to queue
[2026-07-07T09:10:25.865+0000] {logging_mixin.py:188} INFO - [2026-07-07T09:10:25.864+0000] {dagbag.py:538} INFO - Filling up the DagBag from /home/airflow/.local/lib/python3.8/site-packages/airflow/example_dags/example_sla_dag.py
[2026-07-07T09:10:25.904+0000] {processor.py:840} INFO - DAG(s) 'example_sla_dag' retrieved from /home/airflow/.local/lib/python3.8/site-packages/airflow/example_dags/example_sla_dag.py
[2026-07-07T09:10:25.995+0000] {logging_mixin.py:188} INFO - [2026-07-07T09:10:25.994+0000] {dag.py:3036} INFO - Sync 1 DAGs
[2026-07-07T09:10:26.082+0000] {logging_mixin.py:188} INFO - [2026-07-07T09:10:26.081+0000] {dag.py:3823} INFO - Setting next_dagrun for example_sla_dag to 2026-07-07 09:08:00+00:00, run_after=2026-07-07 09:10:00+00:00
[2026-07-07T09:10:26.161+0000] {processor.py:183} INFO - Processing /home/airflow/.local/lib/python3.8/site-packages/airflow/example_dags/example_sla_dag.py took 0.314 seconds
[2026-07-07T09:11:03.920+0000] {processor.py:161} INFO - Started process (PID=4399) to work on /home/airflow/.local/lib/python3.8/site-packages/airflow/example_dags/example_sla_dag.py
[2026-07-07T09:11:03.923+0000] {processor.py:830} INFO - Processing file /home/airflow/.local/lib/python3.8/site-packages/airflow/example_dags/example_sla_dag.py for tasks to queue
[2026-07-07T09:11:03.942+0000] {logging_mixin.py:188} INFO - [2026-07-07T09:11:03.928+0000] {dagbag.py:538} INFO - Filling up the DagBag from /home/airflow/.local/lib/python3.8/site-packages/airflow/example_dags/example_sla_dag.py
[2026-07-07T09:11:04.104+0000] {processor.py:840} INFO - DAG(s) 'example_sla_dag' retrieved from /home/airflow/.local/lib/python3.8/site-packages/airflow/example_dags/example_sla_dag.py
[2026-07-07T09:11:04.295+0000] {logging_mixin.py:188} INFO - [2026-07-07T09:11:04.294+0000] {dag.py:3036} INFO - Sync 1 DAGs
[2026-07-07T09:11:04.788+0000] {logging_mixin.py:188} INFO - [2026-07-07T09:11:04.788+0000] {dag.py:3823} INFO - Setting next_dagrun for example_sla_dag to 2026-07-07 09:08:00+00:00, run_after=2026-07-07 09:10:00+00:00
[2026-07-07T09:11:05.104+0000] {processor.py:183} INFO - Processing /home/airflow/.local/lib/python3.8/site-packages/airflow/example_dags/example_sla_dag.py took 1.252 seconds
[2026-07-07T09:15:12.303+0000] {processor.py:161} INFO - Started process (PID=4519) to work on /home/airflow/.local/lib/python3.8/site-packages/airflow/example_dags/example_sla_dag.py
[2026-07-07T09:15:12.856+0000] {processor.py:830} INFO - Processing file /home/airflow/.local/lib/python3.8/site-packages/airflow/example_dags/example_sla_dag.py for tasks to queue
[2026-07-07T09:15:12.990+0000] {logging_mixin.py:188} INFO - [2026-07-07T09:15:12.989+0000] {dagbag.py:538} INFO - Filling up the DagBag from /home/airflow/.local/lib/python3.8/site-packages/airflow/example_dags/example_sla_dag.py
[2026-07-07T09:15:24.804+0000] {processor.py:840} INFO - DAG(s) 'example_sla_dag' retrieved from /home/airflow/.local/lib/python3.8/site-packages/airflow/example_dags/example_sla_dag.py
[2026-07-07T09:15:27.539+0000] {logging_mixin.py:188} INFO - [2026-07-07T09:15:27.538+0000] {dag.py:3036} INFO - Sync 1 DAGs
[2026-07-07T09:15:29.756+0000] {logging_mixin.py:188} INFO - [2026-07-07T09:15:29.755+0000] {dag.py:3823} INFO - Setting next_dagrun for example_sla_dag to 2026-07-07 09:12:00+00:00, run_after=2026-07-07 09:14:00+00:00
[2026-07-07T09:15:31.685+0000] {processor.py:183} INFO - Processing /home/airflow/.local/lib/python3.8/site-packages/airflow/example_dags/example_sla_dag.py took 20.582 seconds
[2026-07-07T09:21:55.332+0000] {processor.py:161} INFO - Started process (PID=4693) to work on /home/airflow/.local/lib/python3.8/site-packages/airflow/example_dags/example_sla_dag.py
[2026-07-07T09:21:55.337+0000] {processor.py:830} INFO - Processing file /home/airflow/.local/lib/python3.8/site-packages/airflow/example_dags/example_sla_dag.py for tasks to queue
[2026-07-07T09:21:55.347+0000] {logging_mixin.py:188} INFO - [2026-07-07T09:21:55.344+0000] {dagbag.py:538} INFO - Filling up the DagBag from /home/airflow/.local/lib/python3.8/site-packages/airflow/example_dags/example_sla_dag.py
[2026-07-07T09:21:55.467+0000] {processor.py:840} INFO - DAG(s) 'example_sla_dag' retrieved from /home/airflow/.local/lib/python3.8/site-packages/airflow/example_dags/example_sla_dag.py
[2026-07-07T09:21:55.692+0000] {logging_mixin.py:188} INFO - [2026-07-07T09:21:55.689+0000] {dag.py:3036} INFO - Sync 1 DAGs
[2026-07-07T09:21:55.975+0000] {logging_mixin.py:188} INFO - [2026-07-07T09:21:55.974+0000] {dag.py:3823} INFO - Setting next_dagrun for example_sla_dag to 2026-07-07 09:18:00+00:00, run_after=2026-07-07 09:20:00+00:00
[2026-07-07T09:21:56.325+0000] {processor.py:183} INFO - Processing /home/airflow/.local/lib/python3.8/site-packages/airflow/example_dags/example_sla_dag.py took 1.172 seconds
[2026-07-07T09:24:23.369+0000] {processor.py:161} INFO - Started process (PID=4785) to work on /home/airflow/.local/lib/python3.8/site-packages/airflow/example_dags/example_sla_dag.py
[2026-07-07T09:24:23.386+0000] {processor.py:830} INFO - Processing file /home/airflow/.local/lib/python3.8/site-packages/airflow/example_dags/example_sla_dag.py for tasks to queue
[2026-07-07T09:24:23.394+0000] {logging_mixin.py:188} INFO - [2026-07-07T09:24:23.388+0000] {dagbag.py:538} INFO - Filling up the DagBag from /home/airflow/.local/lib/python3.8/site-packages/airflow/example_dags/example_sla_dag.py
[2026-07-07T09:24:23.504+0000] {processor.py:840} INFO - DAG(s) 'example_sla_dag' retrieved from /home/airflow/.local/lib/python3.8/site-packages/airflow/example_dags/example_sla_dag.py
[2026-07-07T09:24:25.440+0000] {logging_mixin.py:188} INFO - [2026-07-07T09:24:25.373+0000] {dag.py:3036} INFO - Sync 1 DAGs
[2026-07-07T09:24:26.674+0000] {logging_mixin.py:188} INFO - [2026-07-07T09:24:26.673+0000] {dag.py:3823} INFO - Setting next_dagrun for example_sla_dag to 2026-07-07 09:22:00+00:00, run_after=2026-07-07 09:24:00+00:00
[2026-07-07T09:24:27.489+0000] {processor.py:183} INFO - Processing /home/airflow/.local/lib/python3.8/site-packages/airflow/example_dags/example_sla_dag.py took 4.126 seconds
[2026-07-07T09:26:06.321+0000] {processor.py:161} INFO - Started process (PID=4867) to work on /home/airflow/.local/lib/python3.8/site-packages/airflow/example_dags/example_sla_dag.py
[2026-07-07T09:26:06.337+0000] {processor.py:830} INFO - Processing file /home/airflow/.local/lib/python3.8/site-packages/airflow/example_dags/example_sla_dag.py for tasks to queue
[2026-07-07T09:26:06.342+0000] {logging_mixin.py:188} INFO - [2026-07-07T09:26:06.338+0000] {dagbag.py:538} INFO - Filling up the DagBag from /home/airflow/.local/lib/python3.8/site-packages/airflow/example_dags/example_sla_dag.py
[2026-07-07T09:26:06.453+0000] {processor.py:840} INFO - DAG(s) 'example_sla_dag' retrieved from /home/airflow/.local/lib/python3.8/site-packages/airflow/example_dags/example_sla_dag.py
[2026-07-07T09:26:06.679+0000] {logging_mixin.py:188} INFO - [2026-07-07T09:26:06.679+0000] {dag.py:3036} INFO - Sync 1 DAGs
[2026-07-07T09:26:06.924+0000] {logging_mixin.py:188} INFO - [2026-07-07T09:26:06.924+0000] {dag.py:3823} INFO - Setting next_dagrun for example_sla_dag to 2026-07-07 09:24:00+00:00, run_after=2026-07-07 09:26:00+00:00
[2026-07-07T09:26:07.009+0000] {processor.py:183} INFO - Processing /home/airflow/.local/lib/python3.8/site-packages/airflow/example_dags/example_sla_dag.py took 0.724 seconds
[2026-07-07T09:26:40.506+0000] {processor.py:161} INFO - Started process (PID=4934) to work on /home/airflow/.local/lib/python3.8/site-packages/airflow/example_dags/example_sla_dag.py
[2026-07-07T09:26:40.508+0000] {processor.py:830} INFO - Processing file /home/airflow/.local/lib/python3.8/site-packages/airflow/example_dags/example_sla_dag.py for tasks to queue
[2026-07-07T09:26:40.511+0000] {logging_mixin.py:188} INFO - [2026-07-07T09:26:40.509+0000] {dagbag.py:538} INFO - Filling up the DagBag from /home/airflow/.local/lib/python3.8/site-packages/airflow/example_dags/example_sla_dag.py
[2026-07-07T09:26:40.549+0000] {processor.py:840} INFO - DAG(s) 'example_sla_dag' retrieved from /home/airflow/.local/lib/python3.8/site-packages/airflow/example_dags/example_sla_dag.py
[2026-07-07T09:26:40.633+0000] {logging_mixin.py:188} INFO - [2026-07-07T09:26:40.632+0000] {dag.py:3036} INFO - Sync 1 DAGs
[2026-07-07T09:26:40.756+0000] {logging_mixin.py:188} INFO - [2026-07-07T09:26:40.754+0000] {dag.py:3823} INFO - Setting next_dagrun for example_sla_dag to 2026-07-07 09:24:00+00:00, run_after=2026-07-07 09:26:00+00:00
[2026-07-07T09:26:40.893+0000] {processor.py:183} INFO - Processing /home/airflow/.local/lib/python3.8/site-packages/airflow/example_dags/example_sla_dag.py took 0.406 seconds
[2026-07-07T09:27:13.324+0000] {processor.py:161} INFO - Started process (PID=4991) to work on /home/airflow/.local/lib/python3.8/site-packages/airflow/example_dags/example_sla_dag.py
[2026-07-07T09:27:13.331+0000] {processor.py:830} INFO - Processing file /home/airflow/.local/lib/python3.8/site-packages/airflow/example_dags/example_sla_dag.py for tasks to queue
[2026-07-07T09:27:13.340+0000] {logging_mixin.py:188} INFO - [2026-07-07T09:27:13.333+0000] {dagbag.py:538} INFO - Filling up the DagBag from /home/airflow/.local/lib/python3.8/site-packages/airflow/example_dags/example_sla_dag.py
[2026-07-07T09:27:13.398+0000] {processor.py:840} INFO - DAG(s) 'example_sla_dag' retrieved from /home/airflow/.local/lib/python3.8/site-packages/airflow/example_dags/example_sla_dag.py
[2026-07-07T09:27:13.504+0000] {logging_mixin.py:188} INFO - [2026-07-07T09:27:13.504+0000] {dag.py:3036} INFO - Sync 1 DAGs
[2026-07-07T09:27:13.683+0000] {logging_mixin.py:188} INFO - [2026-07-07T09:27:13.682+0000] {dag.py:3823} INFO - Setting next_dagrun for example_sla_dag to 2026-07-07 09:24:00+00:00, run_after=2026-07-07 09:26:00+00:00
[2026-07-07T09:27:13.846+0000] {processor.py:183} INFO - Processing /home/airflow/.local/lib/python3.8/site-packages/airflow/example_dags/example_sla_dag.py took 0.565 seconds
[2026-07-07T09:27:44.162+0000] {processor.py:161} INFO - Started process (PID=5056) to work on /home/airflow/.local/lib/python3.8/site-packages/airflow/example_dags/example_sla_dag.py
[2026-07-07T09:27:44.171+0000] {processor.py:830} INFO - Processing file /home/airflow/.local/lib/python3.8/site-packages/airflow/example_dags/example_sla_dag.py for tasks to queue
[2026-07-07T09:27:44.179+0000] {logging_mixin.py:188} INFO - [2026-07-07T09:27:44.176+0000] {dagbag.py:538} INFO - Filling up the DagBag from /home/airflow/.local/lib/python3.8/site-packages/airflow/example_dags/example_sla_dag.py
[2026-07-07T09:27:44.279+0000] {processor.py:840} INFO - DAG(s) 'example_sla_dag' retrieved from /home/airflow/.local/lib/python3.8/site-packages/airflow/example_dags/example_sla_dag.py
[2026-07-07T09:27:44.379+0000] {logging_mixin.py:188} INFO - [2026-07-07T09:27:44.379+0000] {dag.py:3036} INFO - Sync 1 DAGs
[2026-07-07T09:27:44.497+0000] {logging_mixin.py:188} INFO - [2026-07-07T09:27:44.496+0000] {dag.py:3823} INFO - Setting next_dagrun for example_sla_dag to 2026-07-07 09:24:00+00:00, run_after=2026-07-07 09:26:00+00:00
[2026-07-07T09:27:44.577+0000] {processor.py:183} INFO - Processing /home/airflow/.local/lib/python3.8/site-packages/airflow/example_dags/example_sla_dag.py took 0.453 seconds
[2026-07-07T09:28:20.078+0000] {processor.py:161} INFO - Started process (PID=5119) to work on /home/airflow/.local/lib/python3.8/site-packages/airflow/example_dags/example_sla_dag.py
[2026-07-07T09:28:20.092+0000] {processor.py:830} INFO - Processing file /home/airflow/.local/lib/python3.8/site-packages/airflow/example_dags/example_sla_dag.py for tasks to queue
[2026-07-07T09:28:20.095+0000] {logging_mixin.py:188} INFO - [2026-07-07T09:28:20.094+0000] {dagbag.py:538} INFO - Filling up the DagBag from /home/airflow/.local/lib/python3.8/site-packages/airflow/example_dags/example_sla_dag.py
[2026-07-07T09:28:20.412+0000] {processor.py:840} INFO - DAG(s) 'example_sla_dag' retrieved from /home/airflow/.local/lib/python3.8/site-packages/airflow/example_dags/example_sla_dag.py
[2026-07-07T09:28:21.014+0000] {logging_mixin.py:188} INFO - [2026-07-07T09:28:21.013+0000] {dag.py:3036} INFO - Sync 1 DAGs
[2026-07-07T09:28:21.722+0000] {logging_mixin.py:188} INFO - [2026-07-07T09:28:21.721+0000] {dag.py:3823} INFO - Setting next_dagrun for example_sla_dag to 2026-07-07 09:26:00+00:00, run_after=2026-07-07 09:28:00+00:00
[2026-07-07T09:28:22.131+0000] {processor.py:183} INFO - Processing /home/airflow/.local/lib/python3.8/site-packages/airflow/example_dags/example_sla_dag.py took 2.156 seconds
[2026-07-07T09:28:52.401+0000] {processor.py:161} INFO - Started process (PID=5180) to work on /home/airflow/.local/lib/python3.8/site-packages/airflow/example_dags/example_sla_dag.py
[2026-07-07T09:28:52.408+0000] {processor.py:830} INFO - Processing file /home/airflow/.local/lib/python3.8/site-packages/airflow/example_dags/example_sla_dag.py for tasks to queue
[2026-07-07T09:28:52.411+0000] {logging_mixin.py:188} INFO - [2026-07-07T09:28:52.410+0000] {dagbag.py:538} INFO - Filling up the DagBag from /home/airflow/.local/lib/python3.8/site-packages/airflow/example_dags/example_sla_dag.py
[2026-07-07T09:28:52.456+0000] {processor.py:840} INFO - DAG(s) 'example_sla_dag' retrieved from /home/airflow/.local/lib/python3.8/site-packages/airflow/example_dags/example_sla_dag.py
[2026-07-07T09:28:52.570+0000] {logging_mixin.py:188} INFO - [2026-07-07T09:28:52.569+0000] {dag.py:3036} INFO - Sync 1 DAGs
[2026-07-07T09:28:52.686+0000] {logging_mixin.py:188} INFO - [2026-07-07T09:28:52.686+0000] {dag.py:3823} INFO - Setting next_dagrun for example_sla_dag to 2026-07-07 09:26:00+00:00, run_after=2026-07-07 09:28:00+00:00
[2026-07-07T09:28:52.780+0000] {processor.py:183} INFO - Processing /home/airflow/.local/lib/python3.8/site-packages/airflow/example_dags/example_sla_dag.py took 0.404 seconds
[2026-07-07T09:29:22.945+0000] {processor.py:161} INFO - Started process (PID=5247) to work on /home/airflow/.local/lib/python3.8/site-packages/airflow/example_dags/example_sla_dag.py
[2026-07-07T09:29:22.950+0000] {processor.py:830} INFO - Processing file /home/airflow/.local/lib/python3.8/site-packages/airflow/example_dags/example_sla_dag.py for tasks to queue
[2026-07-07T09:29:22.954+0000] {logging_mixin.py:188} INFO - [2026-07-07T09:29:22.953+0000] {dagbag.py:538} INFO - Filling up the DagBag from /home/airflow/.local/lib/python3.8/site-packages/airflow/example_dags/example_sla_dag.py
[2026-07-07T09:29:22.993+0000] {processor.py:840} INFO - DAG(s) 'example_sla_dag' retrieved from /home/airflow/.local/lib/python3.8/site-packages/airflow/example_dags/example_sla_dag.py
[2026-07-07T09:29:23.074+0000] {logging_mixin.py:188} INFO - [2026-07-07T09:29:23.073+0000] {dag.py:3036} INFO - Sync 1 DAGs
[2026-07-07T09:29:23.171+0000] {logging_mixin.py:188} INFO - [2026-07-07T09:29:23.170+0000] {dag.py:3823} INFO - Setting next_dagrun for example_sla_dag to 2026-07-07 09:26:00+00:00, run_after=2026-07-07 09:28:00+00:00
[2026-07-07T09:29:23.256+0000] {processor.py:183} INFO - Processing /home/airflow/.local/lib/python3.8/site-packages/airflow/example_dags/example_sla_dag.py took 0.326 seconds
[2026-07-07T09:29:55.032+0000] {processor.py:161} INFO - Started process (PID=5307) to work on /home/airflow/.local/lib/python3.8/site-packages/airflow/example_dags/example_sla_dag.py
[2026-07-07T09:29:55.046+0000] {processor.py:830} INFO - Processing file /home/airflow/.local/lib/python3.8/site-packages/airflow/example_dags/example_sla_dag.py for tasks to queue
[2026-07-07T09:29:55.051+0000] {logging_mixin.py:188} INFO - [2026-07-07T09:29:55.049+0000] {dagbag.py:538} INFO - Filling up the DagBag from /home/airflow/.local/lib/python3.8/site-packages/airflow/example_dags/example_sla_dag.py
[2026-07-07T09:29:55.113+0000] {processor.py:840} INFO - DAG(s) 'example_sla_dag' retrieved from /home/airflow/.local/lib/python3.8/site-packages/airflow/example_dags/example_sla_dag.py
[2026-07-07T09:29:55.225+0000] {logging_mixin.py:188} INFO - [2026-07-07T09:29:55.224+0000] {dag.py:3036} INFO - Sync 1 DAGs
[2026-07-07T09:29:55.319+0000] {logging_mixin.py:188} INFO - [2026-07-07T09:29:55.318+0000] {dag.py:3823} INFO - Setting next_dagrun for example_sla_dag to 2026-07-07 09:26:00+00:00, run_after=2026-07-07 09:28:00+00:00
[2026-07-07T09:29:55.385+0000] {processor.py:183} INFO - Processing /home/airflow/.local/lib/python3.8/site-packages/airflow/example_dags/example_sla_dag.py took 0.372 seconds
[2026-07-07T09:30:25.634+0000] {processor.py:161} INFO - Started process (PID=5371) to work on /home/airflow/.local/lib/python3.8/site-packages/airflow/example_dags/example_sla_dag.py
[2026-07-07T09:30:25.640+0000] {processor.py:830} INFO - Processing file /home/airflow/.local/lib/python3.8/site-packages/airflow/example_dags/example_sla_dag.py for tasks to queue
[2026-07-07T09:30:25.644+0000] {logging_mixin.py:188} INFO - [2026-07-07T09:30:25.643+0000] {dagbag.py:538} INFO - Filling up the DagBag from /home/airflow/.local/lib/python3.8/site-packages/airflow/example_dags/example_sla_dag.py
[2026-07-07T09:30:25.686+0000] {processor.py:840} INFO - DAG(s) 'example_sla_dag' retrieved from /home/airflow/.local/lib/python3.8/site-packages/airflow/example_dags/example_sla_dag.py
[2026-07-07T09:30:25.782+0000] {logging_mixin.py:188} INFO - [2026-07-07T09:30:25.781+0000] {dag.py:3036} INFO - Sync 1 DAGs
[2026-07-07T09:30:25.895+0000] {logging_mixin.py:188} INFO - [2026-07-07T09:30:25.894+0000] {dag.py:3823} INFO - Setting next_dagrun for example_sla_dag to 2026-07-07 09:28:00+00:00, run_after=2026-07-07 09:30:00+00:00
[2026-07-07T09:30:25.994+0000] {processor.py:183} INFO - Processing /home/airflow/.local/lib/python3.8/site-packages/airflow/example_dags/example_sla_dag.py took 0.375 seconds
[2026-07-07T09:31:07.892+0000] {processor.py:161} INFO - Started process (PID=5438) to work on /home/airflow/.local/lib/python3.8/site-packages/airflow/example_dags/example_sla_dag.py
[2026-07-07T09:31:07.902+0000] {processor.py:830} INFO - Processing file /home/airflow/.local/lib/python3.8/site-packages/airflow/example_dags/example_sla_dag.py for tasks to queue
[2026-07-07T09:31:07.911+0000] {logging_mixin.py:188} INFO - [2026-07-07T09:31:07.911+0000] {dagbag.py:538} INFO - Filling up the DagBag from /home/airflow/.local/lib/python3.8/site-packages/airflow/example_dags/example_sla_dag.py
[2026-07-07T09:31:07.985+0000] {processor.py:840} INFO - DAG(s) 'example_sla_dag' retrieved from /home/airflow/.local/lib/python3.8/site-packages/airflow/example_dags/example_sla_dag.py
[2026-07-07T09:31:08.150+0000] {logging_mixin.py:188} INFO - [2026-07-07T09:31:08.149+0000] {dag.py:3036} INFO - Sync 1 DAGs
[2026-07-07T09:31:08.359+0000] {logging_mixin.py:188} INFO - [2026-07-07T09:31:08.359+0000] {dag.py:3823} INFO - Setting next_dagrun for example_sla_dag to 2026-07-07 09:28:00+00:00, run_after=2026-07-07 09:30:00+00:00
[2026-07-07T09:31:08.464+0000] {processor.py:183} INFO - Processing /home/airflow/.local/lib/python3.8/site-packages/airflow/example_dags/example_sla_dag.py took 0.614 seconds
[2026-07-07T09:31:40.848+0000] {processor.py:161} INFO - Started process (PID=5495) to work on /home/airflow/.local/lib/python3.8/site-packages/airflow/example_dags/example_sla_dag.py
[2026-07-07T09:31:40.864+0000] {processor.py:830} INFO - Processing file /home/airflow/.local/lib/python3.8/site-packages/airflow/example_dags/example_sla_dag.py for tasks to queue
[2026-07-07T09:31:40.871+0000] {logging_mixin.py:188} INFO - [2026-07-07T09:31:40.870+0000] {dagbag.py:538} INFO - Filling up the DagBag from /home/airflow/.local/lib/python3.8/site-packages/airflow/example_dags/example_sla_dag.py
[2026-07-07T09:31:40.970+0000] {processor.py:840} INFO - DAG(s) 'example_sla_dag' retrieved from /home/airflow/.local/lib/python3.8/site-packages/airflow/example_dags/example_sla_dag.py
[2026-07-07T09:31:41.254+0000] {logging_mixin.py:188} INFO - [2026-07-07T09:31:41.253+0000] {dag.py:3036} INFO - Sync 1 DAGs
[2026-07-07T09:31:41.640+0000] {logging_mixin.py:188} INFO - [2026-07-07T09:31:41.639+0000] {dag.py:3823} INFO - Setting next_dagrun for example_sla_dag to 2026-07-07 09:28:00+00:00, run_after=2026-07-07 09:30:00+00:00
[2026-07-07T09:31:42.067+0000] {processor.py:183} INFO - Processing /home/airflow/.local/lib/python3.8/site-packages/airflow/example_dags/example_sla_dag.py took 1.282 seconds
[2026-07-07T09:32:12.569+0000] {processor.py:161} INFO - Started process (PID=5561) to work on /home/airflow/.local/lib/python3.8/site-packages/airflow/example_dags/example_sla_dag.py
[2026-07-07T09:32:12.581+0000] {processor.py:830} INFO - Processing file /home/airflow/.local/lib/python3.8/site-packages/airflow/example_dags/example_sla_dag.py for tasks to queue
[2026-07-07T09:32:12.584+0000] {logging_mixin.py:188} INFO - [2026-07-07T09:32:12.583+0000] {dagbag.py:538} INFO - Filling up the DagBag from /home/airflow/.local/lib/python3.8/site-packages/airflow/example_dags/example_sla_dag.py
[2026-07-07T09:32:12.672+0000] {processor.py:840} INFO - DAG(s) 'example_sla_dag' retrieved from /home/airflow/.local/lib/python3.8/site-packages/airflow/example_dags/example_sla_dag.py
[2026-07-07T09:32:12.823+0000] {logging_mixin.py:188} INFO - [2026-07-07T09:32:12.822+0000] {dag.py:3036} INFO - Sync 1 DAGs
[2026-07-07T09:32:13.042+0000] {logging_mixin.py:188} INFO - [2026-07-07T09:32:13.041+0000] {dag.py:3823} INFO - Setting next_dagrun for example_sla_dag to 2026-07-07 09:30:00+00:00, run_after=2026-07-07 09:32:00+00:00
[2026-07-07T09:32:13.228+0000] {processor.py:183} INFO - Processing /home/airflow/.local/lib/python3.8/site-packages/airflow/example_dags/example_sla_dag.py took 0.679 seconds
[2026-07-07T09:32:44.051+0000] {processor.py:161} INFO - Started process (PID=5621) to work on /home/airflow/.local/lib/python3.8/site-packages/airflow/example_dags/example_sla_dag.py
[2026-07-07T09:32:44.067+0000] {processor.py:830} INFO - Processing file /home/airflow/.local/lib/python3.8/site-packages/airflow/example_dags/example_sla_dag.py for tasks to queue
[2026-07-07T09:32:44.069+0000] {logging_mixin.py:188} INFO - [2026-07-07T09:32:44.069+0000] {dagbag.py:538} INFO - Filling up the DagBag from /home/airflow/.local/lib/python3.8/site-packages/airflow/example_dags/example_sla_dag.py
[2026-07-07T09:32:44.167+0000] {processor.py:840} INFO - DAG(s) 'example_sla_dag' retrieved from /home/airflow/.local/lib/python3.8/site-packages/airflow/example_dags/example_sla_dag.py
[2026-07-07T09:32:44.446+0000] {logging_mixin.py:188} INFO - [2026-07-07T09:32:44.445+0000] {dag.py:3036} INFO - Sync 1 DAGs
[2026-07-07T09:32:45.189+0000] {logging_mixin.py:188} INFO - [2026-07-07T09:32:45.188+0000] {dag.py:3823} INFO - Setting next_dagrun for example_sla_dag to 2026-07-07 09:30:00+00:00, run_after=2026-07-07 09:32:00+00:00
[2026-07-07T09:32:45.487+0000] {processor.py:183} INFO - Processing /home/airflow/.local/lib/python3.8/site-packages/airflow/example_dags/example_sla_dag.py took 1.486 seconds
[2026-07-07T09:33:15.852+0000] {processor.py:161} INFO - Started process (PID=5687) to work on /home/airflow/.local/lib/python3.8/site-packages/airflow/example_dags/example_sla_dag.py
[2026-07-07T09:33:15.853+0000] {processor.py:830} INFO - Processing file /home/airflow/.local/lib/python3.8/site-packages/airflow/example_dags/example_sla_dag.py for tasks to queue
[2026-07-07T09:33:15.855+0000] {logging_mixin.py:188} INFO - [2026-07-07T09:33:15.854+0000] {dagbag.py:538} INFO - Filling up the DagBag from /home/airflow/.local/lib/python3.8/site-packages/airflow/example_dags/example_sla_dag.py
[2026-07-07T09:33:15.873+0000] {processor.py:840} INFO - DAG(s) 'example_sla_dag' retrieved from /home/airflow/.local/lib/python3.8/site-packages/airflow/example_dags/example_sla_dag.py
[2026-07-07T09:33:15.911+0000] {logging_mixin.py:188} INFO - [2026-07-07T09:33:15.910+0000] {dag.py:3036} INFO - Sync 1 DAGs
[2026-07-07T09:33:15.967+0000] {logging_mixin.py:188} INFO - [2026-07-07T09:33:15.967+0000] {dag.py:3823} INFO - Setting next_dagrun for example_sla_dag to 2026-07-07 09:30:00+00:00, run_after=2026-07-07 09:32:00+00:00
[2026-07-07T09:33:16.003+0000] {processor.py:183} INFO - Processing /home/airflow/.local/lib/python3.8/site-packages/airflow/example_dags/example_sla_dag.py took 0.157 seconds
[2026-07-07T09:33:46.491+0000] {processor.py:161} INFO - Started process (PID=5755) to work on /home/airflow/.local/lib/python3.8/site-packages/airflow/example_dags/example_sla_dag.py
[2026-07-07T09:33:46.494+0000] {processor.py:830} INFO - Processing file /home/airflow/.local/lib/python3.8/site-packages/airflow/example_dags/example_sla_dag.py for tasks to queue
[2026-07-07T09:33:46.495+0000] {logging_mixin.py:188} INFO - [2026-07-07T09:33:46.495+0000] {dagbag.py:538} INFO - Filling up the DagBag from /home/airflow/.local/lib/python3.8/site-packages/airflow/example_dags/example_sla_dag.py
[2026-07-07T09:33:46.513+0000] {processor.py:840} INFO - DAG(s) 'example_sla_dag' retrieved from /home/airflow/.local/lib/python3.8/site-packages/airflow/example_dags/example_sla_dag.py
[2026-07-07T09:33:46.550+0000] {logging_mixin.py:188} INFO - [2026-07-07T09:33:46.550+0000] {dag.py:3036} INFO - Sync 1 DAGs
[2026-07-07T09:33:46.594+0000] {logging_mixin.py:188} INFO - [2026-07-07T09:33:46.593+0000] {dag.py:3823} INFO - Setting next_dagrun for example_sla_dag to 2026-07-07 09:30:00+00:00, run_after=2026-07-07 09:32:00+00:00
[2026-07-07T09:33:46.628+0000] {processor.py:183} INFO - Processing /home/airflow/.local/lib/python3.8/site-packages/airflow/example_dags/example_sla_dag.py took 0.143 seconds
[2026-07-07T09:34:16.909+0000] {processor.py:161} INFO - Started process (PID=5822) to work on /home/airflow/.local/lib/python3.8/site-packages/airflow/example_dags/example_sla_dag.py
[2026-07-07T09:34:16.911+0000] {processor.py:830} INFO - Processing file /home/airflow/.local/lib/python3.8/site-packages/airflow/example_dags/example_sla_dag.py for tasks to queue
[2026-07-07T09:34:16.914+0000] {logging_mixin.py:188} INFO - [2026-07-07T09:34:16.913+0000] {dagbag.py:538} INFO - Filling up the DagBag from /home/airflow/.local/lib/python3.8/site-packages/airflow/example_dags/example_sla_dag.py
[2026-07-07T09:34:16.940+0000] {processor.py:840} INFO - DAG(s) 'example_sla_dag' retrieved from /home/airflow/.local/lib/python3.8/site-packages/airflow/example_dags/example_sla_dag.py
[2026-07-07T09:34:17.013+0000] {logging_mixin.py:188} INFO - [2026-07-07T09:34:17.013+0000] {dag.py:3036} INFO - Sync 1 DAGs
[2026-07-07T09:34:17.081+0000] {logging_mixin.py:188} INFO - [2026-07-07T09:34:17.080+0000] {dag.py:3823} INFO - Setting next_dagrun for example_sla_dag to 2026-07-07 09:32:00+00:00, run_after=2026-07-07 09:34:00+00:00
[2026-07-07T09:34:17.154+0000] {processor.py:183} INFO - Processing /home/airflow/.local/lib/python3.8/site-packages/airflow/example_dags/example_sla_dag.py took 0.254 seconds
[2026-07-07T09:34:47.273+0000] {processor.py:161} INFO - Started process (PID=5881) to work on /home/airflow/.local/lib/python3.8/site-packages/airflow/example_dags/example_sla_dag.py
[2026-07-07T09:34:47.276+0000] {processor.py:830} INFO - Processing file /home/airflow/.local/lib/python3.8/site-packages/airflow/example_dags/example_sla_dag.py for tasks to queue
[2026-07-07T09:34:47.278+0000] {logging_mixin.py:188} INFO - [2026-07-07T09:34:47.278+0000] {dagbag.py:538} INFO - Filling up the DagBag from /home/airflow/.local/lib/python3.8/site-packages/airflow/example_dags/example_sla_dag.py
[2026-07-07T09:34:47.304+0000] {processor.py:840} INFO - DAG(s) 'example_sla_dag' retrieved from /home/airflow/.local/lib/python3.8/site-packages/airflow/example_dags/example_sla_dag.py
[2026-07-07T09:34:47.347+0000] {logging_mixin.py:188} INFO - [2026-07-07T09:34:47.347+0000] {dag.py:3036} INFO - Sync 1 DAGs
[2026-07-07T09:34:47.397+0000] {logging_mixin.py:188} INFO - [2026-07-07T09:34:47.397+0000] {dag.py:3823} INFO - Setting next_dagrun for example_sla_dag to 2026-07-07 09:32:00+00:00, run_after=2026-07-07 09:34:00+00:00
[2026-07-07T09:34:47.437+0000] {processor.py:183} INFO - Processing /home/airflow/.local/lib/python3.8/site-packages/airflow/example_dags/example_sla_dag.py took 0.176 seconds
[2026-07-07T09:35:20.076+0000] {processor.py:161} INFO - Started process (PID=5947) to work on /home/airflow/.local/lib/python3.8/site-packages/airflow/example_dags/example_sla_dag.py
[2026-07-07T09:35:20.079+0000] {processor.py:830} INFO - Processing file /home/airflow/.local/lib/python3.8/site-packages/airflow/example_dags/example_sla_dag.py for tasks to queue
[2026-07-07T09:35:20.081+0000] {logging_mixin.py:188} INFO - [2026-07-07T09:35:20.080+0000] {dagbag.py:538} INFO - Filling up the DagBag from /home/airflow/.local/lib/python3.8/site-packages/airflow/example_dags/example_sla_dag.py
[2026-07-07T09:35:20.119+0000] {processor.py:840} INFO - DAG(s) 'example_sla_dag' retrieved from /home/airflow/.local/lib/python3.8/site-packages/airflow/example_dags/example_sla_dag.py
[2026-07-07T09:35:20.187+0000] {logging_mixin.py:188} INFO - [2026-07-07T09:35:20.186+0000] {dag.py:3036} INFO - Sync 1 DAGs
[2026-07-07T09:35:20.260+0000] {logging_mixin.py:188} INFO - [2026-07-07T09:35:20.259+0000] {dag.py:3823} INFO - Setting next_dagrun for example_sla_dag to 2026-07-07 09:32:00+00:00, run_after=2026-07-07 09:34:00+00:00
[2026-07-07T09:35:20.309+0000] {processor.py:183} INFO - Processing /home/airflow/.local/lib/python3.8/site-packages/airflow/example_dags/example_sla_dag.py took 0.256 seconds
[2026-07-07T09:35:50.559+0000] {processor.py:161} INFO - Started process (PID=6016) to work on /home/airflow/.local/lib/python3.8/site-packages/airflow/example_dags/example_sla_dag.py
[2026-07-07T09:35:50.564+0000] {processor.py:830} INFO - Processing file /home/airflow/.local/lib/python3.8/site-packages/airflow/example_dags/example_sla_dag.py for tasks to queue
[2026-07-07T09:35:50.571+0000] {logging_mixin.py:188} INFO - [2026-07-07T09:35:50.570+0000] {dagbag.py:538} INFO - Filling up the DagBag from /home/airflow/.local/lib/python3.8/site-packages/airflow/example_dags/example_sla_dag.py
[2026-07-07T09:35:50.612+0000] {processor.py:840} INFO - DAG(s) 'example_sla_dag' retrieved from /home/airflow/.local/lib/python3.8/site-packages/airflow/example_dags/example_sla_dag.py
[2026-07-07T09:35:50.778+0000] {logging_mixin.py:188} INFO - [2026-07-07T09:35:50.777+0000] {dag.py:3036} INFO - Sync 1 DAGs
[2026-07-07T09:35:50.903+0000] {logging_mixin.py:188} INFO - [2026-07-07T09:35:50.903+0000] {dag.py:3823} INFO - Setting next_dagrun for example_sla_dag to 2026-07-07 09:32:00+00:00, run_after=2026-07-07 09:34:00+00:00
[2026-07-07T09:35:50.986+0000] {processor.py:183} INFO - Processing /home/airflow/.local/lib/python3.8/site-packages/airflow/example_dags/example_sla_dag.py took 0.447 seconds
[2026-07-07T09:36:21.430+0000] {processor.py:161} INFO - Started process (PID=6075) to work on /home/airflow/.local/lib/python3.8/site-packages/airflow/example_dags/example_sla_dag.py
[2026-07-07T09:36:21.439+0000] {processor.py:830} INFO - Processing file /home/airflow/.local/lib/python3.8/site-packages/airflow/example_dags/example_sla_dag.py for tasks to queue
[2026-07-07T09:36:21.443+0000] {logging_mixin.py:188} INFO - [2026-07-07T09:36:21.442+0000] {dagbag.py:538} INFO - Filling up the DagBag from /home/airflow/.local/lib/python3.8/site-packages/airflow/example_dags/example_sla_dag.py
[2026-07-07T09:36:21.486+0000] {processor.py:840} INFO - DAG(s) 'example_sla_dag' retrieved from /home/airflow/.local/lib/python3.8/site-packages/airflow/example_dags/example_sla_dag.py
[2026-07-07T09:36:21.573+0000] {logging_mixin.py:188} INFO - [2026-07-07T09:36:21.572+0000] {dag.py:3036} INFO - Sync 1 DAGs
[2026-07-07T09:36:21.684+0000] {logging_mixin.py:188} INFO - [2026-07-07T09:36:21.683+0000] {dag.py:3823} INFO - Setting next_dagrun for example_sla_dag to 2026-07-07 09:34:00+00:00, run_after=2026-07-07 09:36:00+00:00
[2026-07-07T09:36:21.750+0000] {processor.py:183} INFO - Processing /home/airflow/.local/lib/python3.8/site-packages/airflow/example_dags/example_sla_dag.py took 0.334 seconds
[2026-07-07T09:36:51.978+0000] {processor.py:161} INFO - Started process (PID=6143) to work on /home/airflow/.local/lib/python3.8/site-packages/airflow/example_dags/example_sla_dag.py
[2026-07-07T09:36:51.981+0000] {processor.py:830} INFO - Processing file /home/airflow/.local/lib/python3.8/site-packages/airflow/example_dags/example_sla_dag.py for tasks to queue
[2026-07-07T09:36:51.983+0000] {logging_mixin.py:188} INFO - [2026-07-07T09:36:51.982+0000] {dagbag.py:538} INFO - Filling up the DagBag from /home/airflow/.local/lib/python3.8/site-packages/airflow/example_dags/example_sla_dag.py
[2026-07-07T09:36:52.007+0000] {processor.py:840} INFO - DAG(s) 'example_sla_dag' retrieved from /home/airflow/.local/lib/python3.8/site-packages/airflow/example_dags/example_sla_dag.py
[2026-07-07T09:36:52.050+0000] {logging_mixin.py:188} INFO - [2026-07-07T09:36:52.050+0000] {dag.py:3036} INFO - Sync 1 DAGs
[2026-07-07T09:36:52.128+0000] {logging_mixin.py:188} INFO - [2026-07-07T09:36:52.127+0000] {dag.py:3823} INFO - Setting next_dagrun for example_sla_dag to 2026-07-07 09:34:00+00:00, run_after=2026-07-07 09:36:00+00:00
[2026-07-07T09:36:52.192+0000] {processor.py:183} INFO - Processing /home/airflow/.local/lib/python3.8/site-packages/airflow/example_dags/example_sla_dag.py took 0.226 seconds
[2026-07-07T09:37:23.517+0000] {processor.py:161} INFO - Started process (PID=6206) to work on /home/airflow/.local/lib/python3.8/site-packages/airflow/example_dags/example_sla_dag.py
[2026-07-07T09:37:23.525+0000] {processor.py:830} INFO - Processing file /home/airflow/.local/lib/python3.8/site-packages/airflow/example_dags/example_sla_dag.py for tasks to queue
[2026-07-07T09:37:23.532+0000] {logging_mixin.py:188} INFO - [2026-07-07T09:37:23.531+0000] {dagbag.py:538} INFO - Filling up the DagBag from /home/airflow/.local/lib/python3.8/site-packages/airflow/example_dags/example_sla_dag.py
[2026-07-07T09:37:23.597+0000] {processor.py:840} INFO - DAG(s) 'example_sla_dag' retrieved from /home/airflow/.local/lib/python3.8/site-packages/airflow/example_dags/example_sla_dag.py
[2026-07-07T09:37:23.675+0000] {logging_mixin.py:188} INFO - [2026-07-07T09:37:23.670+0000] {dag.py:3036} INFO - Sync 1 DAGs
[2026-07-07T09:37:23.742+0000] {logging_mixin.py:188} INFO - [2026-07-07T09:37:23.742+0000] {dag.py:3823} INFO - Setting next_dagrun for example_sla_dag to 2026-07-07 09:34:00+00:00, run_after=2026-07-07 09:36:00+00:00
[2026-07-07T09:37:23.820+0000] {processor.py:183} INFO - Processing /home/airflow/.local/lib/python3.8/site-packages/airflow/example_dags/example_sla_dag.py took 0.329 seconds
[2026-07-07T09:37:55.184+0000] {processor.py:161} INFO - Started process (PID=6265) to work on /home/airflow/.local/lib/python3.8/site-packages/airflow/example_dags/example_sla_dag.py
[2026-07-07T09:37:55.188+0000] {processor.py:830} INFO - Processing file /home/airflow/.local/lib/python3.8/site-packages/airflow/example_dags/example_sla_dag.py for tasks to queue
[2026-07-07T09:37:55.192+0000] {logging_mixin.py:188} INFO - [2026-07-07T09:37:55.191+0000] {dagbag.py:538} INFO - Filling up the DagBag from /home/airflow/.local/lib/python3.8/site-packages/airflow/example_dags/example_sla_dag.py
[2026-07-07T09:37:55.267+0000] {processor.py:840} INFO - DAG(s) 'example_sla_dag' retrieved from /home/airflow/.local/lib/python3.8/site-packages/airflow/example_dags/example_sla_dag.py
[2026-07-07T09:37:55.360+0000] {logging_mixin.py:188} INFO - [2026-07-07T09:37:55.359+0000] {dag.py:3036} INFO - Sync 1 DAGs
[2026-07-07T09:37:55.457+0000] {logging_mixin.py:188} INFO - [2026-07-07T09:37:55.456+0000] {dag.py:3823} INFO - Setting next_dagrun for example_sla_dag to 2026-07-07 09:34:00+00:00, run_after=2026-07-07 09:36:00+00:00
[2026-07-07T09:37:55.521+0000] {processor.py:183} INFO - Processing /home/airflow/.local/lib/python3.8/site-packages/airflow/example_dags/example_sla_dag.py took 0.351 seconds
[2026-07-07T09:38:26.288+0000] {processor.py:161} INFO - Started process (PID=6329) to work on /home/airflow/.local/lib/python3.8/site-packages/airflow/example_dags/example_sla_dag.py
[2026-07-07T09:38:26.290+0000] {processor.py:830} INFO - Processing file /home/airflow/.local/lib/python3.8/site-packages/airflow/example_dags/example_sla_dag.py for tasks to queue
[2026-07-07T09:38:26.388+0000] {logging_mixin.py:188} INFO - [2026-07-07T09:38:26.380+0000] {dagbag.py:538} INFO - Filling up the DagBag from /home/airflow/.local/lib/python3.8/site-packages/airflow/example_dags/example_sla_dag.py
[2026-07-07T09:38:26.671+0000] {processor.py:840} INFO - DAG(s) 'example_sla_dag' retrieved from /home/airflow/.local/lib/python3.8/site-packages/airflow/example_dags/example_sla_dag.py
[2026-07-07T09:38:27.031+0000] {logging_mixin.py:188} INFO - [2026-07-07T09:38:27.030+0000] {dag.py:3036} INFO - Sync 1 DAGs
[2026-07-07T09:38:27.335+0000] {logging_mixin.py:188} INFO - [2026-07-07T09:38:27.335+0000] {dag.py:3823} INFO - Setting next_dagrun for example_sla_dag to 2026-07-07 09:36:00+00:00, run_after=2026-07-07 09:38:00+00:00
[2026-07-07T09:38:27.562+0000] {processor.py:183} INFO - Processing /home/airflow/.local/lib/python3.8/site-packages/airflow/example_dags/example_sla_dag.py took 1.376 seconds
[2026-07-07T09:38:57.722+0000] {processor.py:161} INFO - Started process (PID=6389) to work on /home/airflow/.local/lib/python3.8/site-packages/airflow/example_dags/example_sla_dag.py
[2026-07-07T09:38:57.730+0000] {processor.py:830} INFO - Processing file /home/airflow/.local/lib/python3.8/site-packages/airflow/example_dags/example_sla_dag.py for tasks to queue
[2026-07-07T09:38:57.734+0000] {logging_mixin.py:188} INFO - [2026-07-07T09:38:57.733+0000] {dagbag.py:538} INFO - Filling up the DagBag from /home/airflow/.local/lib/python3.8/site-packages/airflow/example_dags/example_sla_dag.py
[2026-07-07T09:38:57.777+0000] {processor.py:840} INFO - DAG(s) 'example_sla_dag' retrieved from /home/airflow/.local/lib/python3.8/site-packages/airflow/example_dags/example_sla_dag.py
[2026-07-07T09:38:57.822+0000] {logging_mixin.py:188} INFO - [2026-07-07T09:38:57.822+0000] {dag.py:3036} INFO - Sync 1 DAGs
[2026-07-07T09:38:57.878+0000] {logging_mixin.py:188} INFO - [2026-07-07T09:38:57.877+0000] {dag.py:3823} INFO - Setting next_dagrun for example_sla_dag to 2026-07-07 09:36:00+00:00, run_after=2026-07-07 09:38:00+00:00
[2026-07-07T09:38:57.928+0000] {processor.py:183} INFO - Processing /home/airflow/.local/lib/python3.8/site-packages/airflow/example_dags/example_sla_dag.py took 0.218 seconds
[2026-07-07T09:39:28.792+0000] {processor.py:161} INFO - Started process (PID=6456) to work on /home/airflow/.local/lib/python3.8/site-packages/airflow/example_dags/example_sla_dag.py
[2026-07-07T09:39:28.794+0000] {processor.py:830} INFO - Processing file /home/airflow/.local/lib/python3.8/site-packages/airflow/example_dags/example_sla_dag.py for tasks to queue
[2026-07-07T09:39:28.796+0000] {logging_mixin.py:188} INFO - [2026-07-07T09:39:28.795+0000] {dagbag.py:538} INFO - Filling up the DagBag from /home/airflow/.local/lib/python3.8/site-packages/airflow/example_dags/example_sla_dag.py
[2026-07-07T09:39:28.821+0000] {processor.py:840} INFO - DAG(s) 'example_sla_dag' retrieved from /home/airflow/.local/lib/python3.8/site-packages/airflow/example_dags/example_sla_dag.py
[2026-07-07T09:39:28.868+0000] {logging_mixin.py:188} INFO - [2026-07-07T09:39:28.867+0000] {dag.py:3036} INFO - Sync 1 DAGs
[2026-07-07T09:39:28.930+0000] {logging_mixin.py:188} INFO - [2026-07-07T09:39:28.930+0000] {dag.py:3823} INFO - Setting next_dagrun for example_sla_dag to 2026-07-07 09:36:00+00:00, run_after=2026-07-07 09:38:00+00:00
[2026-07-07T09:39:28.987+0000] {processor.py:183} INFO - Processing /home/airflow/.local/lib/python3.8/site-packages/airflow/example_dags/example_sla_dag.py took 0.204 seconds
[2026-07-07T09:39:59.063+0000] {processor.py:161} INFO - Started process (PID=6524) to work on /home/airflow/.local/lib/python3.8/site-packages/airflow/example_dags/example_sla_dag.py
[2026-07-07T09:39:59.065+0000] {processor.py:830} INFO - Processing file /home/airflow/.local/lib/python3.8/site-packages/airflow/example_dags/example_sla_dag.py for tasks to queue
[2026-07-07T09:39:59.067+0000] {logging_mixin.py:188} INFO - [2026-07-07T09:39:59.066+0000] {dagbag.py:538} INFO - Filling up the DagBag from /home/airflow/.local/lib/python3.8/site-packages/airflow/example_dags/example_sla_dag.py
[2026-07-07T09:39:59.088+0000] {processor.py:840} INFO - DAG(s) 'example_sla_dag' retrieved from /home/airflow/.local/lib/python3.8/site-packages/airflow/example_dags/example_sla_dag.py
[2026-07-07T09:39:59.138+0000] {logging_mixin.py:188} INFO - [2026-07-07T09:39:59.138+0000] {dag.py:3036} INFO - Sync 1 DAGs
[2026-07-07T09:39:59.207+0000] {logging_mixin.py:188} INFO - [2026-07-07T09:39:59.206+0000] {dag.py:3823} INFO - Setting next_dagrun for example_sla_dag to 2026-07-07 09:36:00+00:00, run_after=2026-07-07 09:38:00+00:00
[2026-07-07T09:39:59.252+0000] {processor.py:183} INFO - Processing /home/airflow/.local/lib/python3.8/site-packages/airflow/example_dags/example_sla_dag.py took 0.196 seconds
[2026-07-07T09:40:29.503+0000] {processor.py:161} INFO - Started process (PID=6592) to work on /home/airflow/.local/lib/python3.8/site-packages/airflow/example_dags/example_sla_dag.py
[2026-07-07T09:40:29.504+0000] {processor.py:830} INFO - Processing file /home/airflow/.local/lib/python3.8/site-packages/airflow/example_dags/example_sla_dag.py for tasks to queue
[2026-07-07T09:40:29.506+0000] {logging_mixin.py:188} INFO - [2026-07-07T09:40:29.505+0000] {dagbag.py:538} INFO - Filling up the DagBag from /home/airflow/.local/lib/python3.8/site-packages/airflow/example_dags/example_sla_dag.py
[2026-07-07T09:40:29.528+0000] {processor.py:840} INFO - DAG(s) 'example_sla_dag' retrieved from /home/airflow/.local/lib/python3.8/site-packages/airflow/example_dags/example_sla_dag.py
[2026-07-07T09:40:29.575+0000] {logging_mixin.py:188} INFO - [2026-07-07T09:40:29.574+0000] {dag.py:3036} INFO - Sync 1 DAGs
[2026-07-07T09:40:29.627+0000] {logging_mixin.py:188} INFO - [2026-07-07T09:40:29.626+0000] {dag.py:3823} INFO - Setting next_dagrun for example_sla_dag to 2026-07-07 09:38:00+00:00, run_after=2026-07-07 09:40:00+00:00
[2026-07-07T09:40:29.677+0000] {processor.py:183} INFO - Processing /home/airflow/.local/lib/python3.8/site-packages/airflow/example_dags/example_sla_dag.py took 0.181 seconds
[2026-07-07T09:41:00.104+0000] {processor.py:161} INFO - Started process (PID=6658) to work on /home/airflow/.local/lib/python3.8/site-packages/airflow/example_dags/example_sla_dag.py
[2026-07-07T09:41:00.111+0000] {processor.py:830} INFO - Processing file /home/airflow/.local/lib/python3.8/site-packages/airflow/example_dags/example_sla_dag.py for tasks to queue
[2026-07-07T09:41:00.113+0000] {logging_mixin.py:188} INFO - [2026-07-07T09:41:00.112+0000] {dagbag.py:538} INFO - Filling up the DagBag from /home/airflow/.local/lib/python3.8/site-packages/airflow/example_dags/example_sla_dag.py
[2026-07-07T09:41:00.139+0000] {processor.py:840} INFO - DAG(s) 'example_sla_dag' retrieved from /home/airflow/.local/lib/python3.8/site-packages/airflow/example_dags/example_sla_dag.py
[2026-07-07T09:41:00.225+0000] {logging_mixin.py:188} INFO - [2026-07-07T09:41:00.224+0000] {dag.py:3036} INFO - Sync 1 DAGs
[2026-07-07T09:41:00.352+0000] {logging_mixin.py:188} INFO - [2026-07-07T09:41:00.351+0000] {dag.py:3823} INFO - Setting next_dagrun for example_sla_dag to 2026-07-07 09:38:00+00:00, run_after=2026-07-07 09:40:00+00:00
[2026-07-07T09:41:00.440+0000] {processor.py:183} INFO - Processing /home/airflow/.local/lib/python3.8/site-packages/airflow/example_dags/example_sla_dag.py took 0.345 seconds
[2026-07-07T09:41:30.992+0000] {processor.py:161} INFO - Started process (PID=6725) to work on /home/airflow/.local/lib/python3.8/site-packages/airflow/example_dags/example_sla_dag.py
[2026-07-07T09:41:30.993+0000] {processor.py:830} INFO - Processing file /home/airflow/.local/lib/python3.8/site-packages/airflow/example_dags/example_sla_dag.py for tasks to queue
[2026-07-07T09:41:30.995+0000] {logging_mixin.py:188} INFO - [2026-07-07T09:41:30.995+0000] {dagbag.py:538} INFO - Filling up the DagBag from /home/airflow/.local/lib/python3.8/site-packages/airflow/example_dags/example_sla_dag.py
[2026-07-07T09:41:31.015+0000] {processor.py:840} INFO - DAG(s) 'example_sla_dag' retrieved from /home/airflow/.local/lib/python3.8/site-packages/airflow/example_dags/example_sla_dag.py
[2026-07-07T09:41:31.058+0000] {logging_mixin.py:188} INFO - [2026-07-07T09:41:31.057+0000] {dag.py:3036} INFO - Sync 1 DAGs
[2026-07-07T09:41:31.132+0000] {logging_mixin.py:188} INFO - [2026-07-07T09:41:31.131+0000] {dag.py:3823} INFO - Setting next_dagrun for example_sla_dag to 2026-07-07 09:38:00+00:00, run_after=2026-07-07 09:40:00+00:00
[2026-07-07T09:41:31.200+0000] {processor.py:183} INFO - Processing /home/airflow/.local/lib/python3.8/site-packages/airflow/example_dags/example_sla_dag.py took 0.215 seconds
[2026-07-07T09:42:01.637+0000] {processor.py:161} INFO - Started process (PID=6792) to work on /home/airflow/.local/lib/python3.8/site-packages/airflow/example_dags/example_sla_dag.py
[2026-07-07T09:42:01.640+0000] {processor.py:830} INFO - Processing file /home/airflow/.local/lib/python3.8/site-packages/airflow/example_dags/example_sla_dag.py for tasks to queue
[2026-07-07T09:42:01.643+0000] {logging_mixin.py:188} INFO - [2026-07-07T09:42:01.642+0000] {dagbag.py:538} INFO - Filling up the DagBag from /home/airflow/.local/lib/python3.8/site-packages/airflow/example_dags/example_sla_dag.py
[2026-07-07T09:42:01.686+0000] {processor.py:840} INFO - DAG(s) 'example_sla_dag' retrieved from /home/airflow/.local/lib/python3.8/site-packages/airflow/example_dags/example_sla_dag.py
[2026-07-07T09:42:01.829+0000] {logging_mixin.py:188} INFO - [2026-07-07T09:42:01.828+0000] {dag.py:3036} INFO - Sync 1 DAGs
[2026-07-07T09:42:02.038+0000] {logging_mixin.py:188} INFO - [2026-07-07T09:42:02.037+0000] {dag.py:3823} INFO - Setting next_dagrun for example_sla_dag to 2026-07-07 09:40:00+00:00, run_after=2026-07-07 09:42:00+00:00
[2026-07-07T09:42:02.163+0000] {processor.py:183} INFO - Processing /home/airflow/.local/lib/python3.8/site-packages/airflow/example_dags/example_sla_dag.py took 0.538 seconds
[2026-07-07T09:42:32.374+0000] {processor.py:161} INFO - Started process (PID=6858) to work on /home/airflow/.local/lib/python3.8/site-packages/airflow/example_dags/example_sla_dag.py
[2026-07-07T09:42:32.378+0000] {processor.py:830} INFO - Processing file /home/airflow/.local/lib/python3.8/site-packages/airflow/example_dags/example_sla_dag.py for tasks to queue
[2026-07-07T09:42:32.381+0000] {logging_mixin.py:188} INFO - [2026-07-07T09:42:32.380+0000] {dagbag.py:538} INFO - Filling up the DagBag from /home/airflow/.local/lib/python3.8/site-packages/airflow/example_dags/example_sla_dag.py
[2026-07-07T09:42:32.415+0000] {processor.py:840} INFO - DAG(s) 'example_sla_dag' retrieved from /home/airflow/.local/lib/python3.8/site-packages/airflow/example_dags/example_sla_dag.py
[2026-07-07T09:42:32.483+0000] {logging_mixin.py:188} INFO - [2026-07-07T09:42:32.483+0000] {dag.py:3036} INFO - Sync 1 DAGs
[2026-07-07T09:42:32.537+0000] {logging_mixin.py:188} INFO - [2026-07-07T09:42:32.537+0000] {dag.py:3823} INFO - Setting next_dagrun for example_sla_dag to 2026-07-07 09:40:00+00:00, run_after=2026-07-07 09:42:00+00:00
[2026-07-07T09:42:32.572+0000] {processor.py:183} INFO - Processing /home/airflow/.local/lib/python3.8/site-packages/airflow/example_dags/example_sla_dag.py took 0.211 seconds
[2026-07-07T09:43:02.952+0000] {processor.py:161} INFO - Started process (PID=6924) to work on /home/airflow/.local/lib/python3.8/site-packages/airflow/example_dags/example_sla_dag.py
[2026-07-07T09:43:02.956+0000] {processor.py:830} INFO - Processing file /home/airflow/.local/lib/python3.8/site-packages/airflow/example_dags/example_sla_dag.py for tasks to queue
[2026-07-07T09:43:02.958+0000] {logging_mixin.py:188} INFO - [2026-07-07T09:43:02.957+0000] {dagbag.py:538} INFO - Filling up the DagBag from /home/airflow/.local/lib/python3.8/site-packages/airflow/example_dags/example_sla_dag.py
[2026-07-07T09:43:02.978+0000] {processor.py:840} INFO - DAG(s) 'example_sla_dag' retrieved from /home/airflow/.local/lib/python3.8/site-packages/airflow/example_dags/example_sla_dag.py
[2026-07-07T09:43:03.026+0000] {logging_mixin.py:188} INFO - [2026-07-07T09:43:03.026+0000] {dag.py:3036} INFO - Sync 1 DAGs
[2026-07-07T09:43:03.087+0000] {logging_mixin.py:188} INFO - [2026-07-07T09:43:03.086+0000] {dag.py:3823} INFO - Setting next_dagrun for example_sla_dag to 2026-07-07 09:40:00+00:00, run_after=2026-07-07 09:42:00+00:00
[2026-07-07T09:43:03.133+0000] {processor.py:183} INFO - Processing /home/airflow/.local/lib/python3.8/site-packages/airflow/example_dags/example_sla_dag.py took 0.189 seconds
[2026-07-07T09:43:33.704+0000] {processor.py:161} INFO - Started process (PID=6991) to work on /home/airflow/.local/lib/python3.8/site-packages/airflow/example_dags/example_sla_dag.py
[2026-07-07T09:43:33.708+0000] {processor.py:830} INFO - Processing file /home/airflow/.local/lib/python3.8/site-packages/airflow/example_dags/example_sla_dag.py for tasks to queue
[2026-07-07T09:43:33.710+0000] {logging_mixin.py:188} INFO - [2026-07-07T09:43:33.709+0000] {dagbag.py:538} INFO - Filling up the DagBag from /home/airflow/.local/lib/python3.8/site-packages/airflow/example_dags/example_sla_dag.py
[2026-07-07T09:43:33.733+0000] {processor.py:840} INFO - DAG(s) 'example_sla_dag' retrieved from /home/airflow/.local/lib/python3.8/site-packages/airflow/example_dags/example_sla_dag.py
[2026-07-07T09:43:33.816+0000] {logging_mixin.py:188} INFO - [2026-07-07T09:43:33.816+0000] {dag.py:3036} INFO - Sync 1 DAGs
[2026-07-07T09:43:33.895+0000] {logging_mixin.py:188} INFO - [2026-07-07T09:43:33.895+0000] {dag.py:3823} INFO - Setting next_dagrun for example_sla_dag to 2026-07-07 09:40:00+00:00, run_after=2026-07-07 09:42:00+00:00
[2026-07-07T09:43:33.971+0000] {processor.py:183} INFO - Processing /home/airflow/.local/lib/python3.8/site-packages/airflow/example_dags/example_sla_dag.py took 0.275 seconds
[2026-07-07T09:44:04.225+0000] {processor.py:161} INFO - Started process (PID=7057) to work on /home/airflow/.local/lib/python3.8/site-packages/airflow/example_dags/example_sla_dag.py
[2026-07-07T09:44:04.234+0000] {processor.py:830} INFO - Processing file /home/airflow/.local/lib/python3.8/site-packages/airflow/example_dags/example_sla_dag.py for tasks to queue
[2026-07-07T09:44:04.239+0000] {logging_mixin.py:188} INFO - [2026-07-07T09:44:04.236+0000] {dagbag.py:538} INFO - Filling up the DagBag from /home/airflow/.local/lib/python3.8/site-packages/airflow/example_dags/example_sla_dag.py
[2026-07-07T09:44:04.283+0000] {processor.py:840} INFO - DAG(s) 'example_sla_dag' retrieved from /home/airflow/.local/lib/python3.8/site-packages/airflow/example_dags/example_sla_dag.py
[2026-07-07T09:44:04.349+0000] {logging_mixin.py:188} INFO - [2026-07-07T09:44:04.348+0000] {dag.py:3036} INFO - Sync 1 DAGs
[2026-07-07T09:44:04.412+0000] {logging_mixin.py:188} INFO - [2026-07-07T09:44:04.412+0000] {dag.py:3823} INFO - Setting next_dagrun for example_sla_dag to 2026-07-07 09:42:00+00:00, run_after=2026-07-07 09:44:00+00:00
[2026-07-07T09:44:04.469+0000] {processor.py:183} INFO - Processing /home/airflow/.local/lib/python3.8/site-packages/airflow/example_dags/example_sla_dag.py took 0.254 seconds
[2026-07-07T09:44:34.734+0000] {processor.py:161} INFO - Started process (PID=7117) to work on /home/airflow/.local/lib/python3.8/site-packages/airflow/example_dags/example_sla_dag.py
[2026-07-07T09:44:34.742+0000] {processor.py:830} INFO - Processing file /home/airflow/.local/lib/python3.8/site-packages/airflow/example_dags/example_sla_dag.py for tasks to queue
[2026-07-07T09:44:34.754+0000] {logging_mixin.py:188} INFO - [2026-07-07T09:44:34.753+0000] {dagbag.py:538} INFO - Filling up the DagBag from /home/airflow/.local/lib/python3.8/site-packages/airflow/example_dags/example_sla_dag.py
[2026-07-07T09:44:34.827+0000] {processor.py:840} INFO - DAG(s) 'example_sla_dag' retrieved from /home/airflow/.local/lib/python3.8/site-packages/airflow/example_dags/example_sla_dag.py
[2026-07-07T09:44:34.946+0000] {logging_mixin.py:188} INFO - [2026-07-07T09:44:34.942+0000] {dag.py:3036} INFO - Sync 1 DAGs
[2026-07-07T09:44:35.064+0000] {logging_mixin.py:188} INFO - [2026-07-07T09:44:35.064+0000] {dag.py:3823} INFO - Setting next_dagrun for example_sla_dag to 2026-07-07 09:42:00+00:00, run_after=2026-07-07 09:44:00+00:00
[2026-07-07T09:44:35.127+0000] {processor.py:183} INFO - Processing /home/airflow/.local/lib/python3.8/site-packages/airflow/example_dags/example_sla_dag.py took 0.477 seconds
[2026-07-07T09:45:05.430+0000] {processor.py:161} INFO - Started process (PID=7183) to work on /home/airflow/.local/lib/python3.8/site-packages/airflow/example_dags/example_sla_dag.py
[2026-07-07T09:45:05.432+0000] {processor.py:830} INFO - Processing file /home/airflow/.local/lib/python3.8/site-packages/airflow/example_dags/example_sla_dag.py for tasks to queue
[2026-07-07T09:45:05.436+0000] {logging_mixin.py:188} INFO - [2026-07-07T09:45:05.434+0000] {dagbag.py:538} INFO - Filling up the DagBag from /home/airflow/.local/lib/python3.8/site-packages/airflow/example_dags/example_sla_dag.py
[2026-07-07T09:45:05.459+0000] {processor.py:840} INFO - DAG(s) 'example_sla_dag' retrieved from /home/airflow/.local/lib/python3.8/site-packages/airflow/example_dags/example_sla_dag.py
[2026-07-07T09:45:05.513+0000] {logging_mixin.py:188} INFO - [2026-07-07T09:45:05.512+0000] {dag.py:3036} INFO - Sync 1 DAGs
[2026-07-07T09:45:05.595+0000] {logging_mixin.py:188} INFO - [2026-07-07T09:45:05.595+0000] {dag.py:3823} INFO - Setting next_dagrun for example_sla_dag to 2026-07-07 09:42:00+00:00, run_after=2026-07-07 09:44:00+00:00
[2026-07-07T09:45:05.645+0000] {processor.py:183} INFO - Processing /home/airflow/.local/lib/python3.8/site-packages/airflow/example_dags/example_sla_dag.py took 0.229 seconds
[2026-07-07T09:45:35.956+0000] {processor.py:161} INFO - Started process (PID=7248) to work on /home/airflow/.local/lib/python3.8/site-packages/airflow/example_dags/example_sla_dag.py
[2026-07-07T09:45:35.970+0000] {processor.py:830} INFO - Processing file /home/airflow/.local/lib/python3.8/site-packages/airflow/example_dags/example_sla_dag.py for tasks to queue
[2026-07-07T09:45:35.973+0000] {logging_mixin.py:188} INFO - [2026-07-07T09:45:35.972+0000] {dagbag.py:538} INFO - Filling up the DagBag from /home/airflow/.local/lib/python3.8/site-packages/airflow/example_dags/example_sla_dag.py
[2026-07-07T09:45:36.008+0000] {processor.py:840} INFO - DAG(s) 'example_sla_dag' retrieved from /home/airflow/.local/lib/python3.8/site-packages/airflow/example_dags/example_sla_dag.py
[2026-07-07T09:45:36.102+0000] {logging_mixin.py:188} INFO - [2026-07-07T09:45:36.101+0000] {dag.py:3036} INFO - Sync 1 DAGs
[2026-07-07T09:45:36.171+0000] {logging_mixin.py:188} INFO - [2026-07-07T09:45:36.171+0000] {dag.py:3823} INFO - Setting next_dagrun for example_sla_dag to 2026-07-07 09:42:00+00:00, run_after=2026-07-07 09:44:00+00:00
[2026-07-07T09:45:36.237+0000] {processor.py:183} INFO - Processing /home/airflow/.local/lib/python3.8/site-packages/airflow/example_dags/example_sla_dag.py took 0.298 seconds
[2026-07-07T09:46:06.642+0000] {processor.py:161} INFO - Started process (PID=7313) to work on /home/airflow/.local/lib/python3.8/site-packages/airflow/example_dags/example_sla_dag.py
[2026-07-07T09:46:06.649+0000] {processor.py:830} INFO - Processing file /home/airflow/.local/lib/python3.8/site-packages/airflow/example_dags/example_sla_dag.py for tasks to queue
[2026-07-07T09:46:06.651+0000] {logging_mixin.py:188} INFO - [2026-07-07T09:46:06.650+0000] {dagbag.py:538} INFO - Filling up the DagBag from /home/airflow/.local/lib/python3.8/site-packages/airflow/example_dags/example_sla_dag.py
[2026-07-07T09:46:06.675+0000] {processor.py:840} INFO - DAG(s) 'example_sla_dag' retrieved from /home/airflow/.local/lib/python3.8/site-packages/airflow/example_dags/example_sla_dag.py
[2026-07-07T09:46:06.728+0000] {logging_mixin.py:188} INFO - [2026-07-07T09:46:06.728+0000] {dag.py:3036} INFO - Sync 1 DAGs
[2026-07-07T09:46:06.795+0000] {logging_mixin.py:188} INFO - [2026-07-07T09:46:06.794+0000] {dag.py:3823} INFO - Setting next_dagrun for example_sla_dag to 2026-07-07 09:44:00+00:00, run_after=2026-07-07 09:46:00+00:00
[2026-07-07T09:46:06.849+0000] {processor.py:183} INFO - Processing /home/airflow/.local/lib/python3.8/site-packages/airflow/example_dags/example_sla_dag.py took 0.225 seconds
[2026-07-07T09:46:37.189+0000] {processor.py:161} INFO - Started process (PID=7372) to work on /home/airflow/.local/lib/python3.8/site-packages/airflow/example_dags/example_sla_dag.py
[2026-07-07T09:46:37.197+0000] {processor.py:830} INFO - Processing file /home/airflow/.local/lib/python3.8/site-packages/airflow/example_dags/example_sla_dag.py for tasks to queue
[2026-07-07T09:46:37.201+0000] {logging_mixin.py:188} INFO - [2026-07-07T09:46:37.200+0000] {dagbag.py:538} INFO - Filling up the DagBag from /home/airflow/.local/lib/python3.8/site-packages/airflow/example_dags/example_sla_dag.py
[2026-07-07T09:46:37.267+0000] {processor.py:840} INFO - DAG(s) 'example_sla_dag' retrieved from /home/airflow/.local/lib/python3.8/site-packages/airflow/example_dags/example_sla_dag.py
[2026-07-07T09:46:37.379+0000] {logging_mixin.py:188} INFO - [2026-07-07T09:46:37.378+0000] {dag.py:3036} INFO - Sync 1 DAGs
[2026-07-07T09:46:37.437+0000] {logging_mixin.py:188} INFO - [2026-07-07T09:46:37.437+0000] {dag.py:3823} INFO - Setting next_dagrun for example_sla_dag to 2026-07-07 09:44:00+00:00, run_after=2026-07-07 09:46:00+00:00
[2026-07-07T09:46:37.475+0000] {processor.py:183} INFO - Processing /home/airflow/.local/lib/python3.8/site-packages/airflow/example_dags/example_sla_dag.py took 0.309 seconds
