[2026-07-07T09:09:10.075+0000] {processor.py:161} INFO - Started process (PID=4191) to work on /home/airflow/.local/lib/python3.8/site-packages/airflow/example_dags/example_branch_operator.py
[2026-07-07T09:09:10.086+0000] {processor.py:830} INFO - Processing file /home/airflow/.local/lib/python3.8/site-packages/airflow/example_dags/example_branch_operator.py for tasks to queue
[2026-07-07T09:09:10.088+0000] {logging_mixin.py:188} INFO - [2026-07-07T09:09:10.087+0000] {dagbag.py:538} INFO - Filling up the DagBag from /home/airflow/.local/lib/python3.8/site-packages/airflow/example_dags/example_branch_operator.py
[2026-07-07T09:09:10.267+0000] {processor.py:840} INFO - DAG(s) 'example_branch_operator' retrieved from /home/airflow/.local/lib/python3.8/site-packages/airflow/example_dags/example_branch_operator.py
[2026-07-07T09:09:10.709+0000] {logging_mixin.py:188} INFO - [2026-07-07T09:09:10.709+0000] {dag.py:3036} INFO - Sync 1 DAGs
[2026-07-07T09:09:11.080+0000] {logging_mixin.py:188} INFO - [2026-07-07T09:09:11.080+0000] {dag.py:3823} INFO - Setting next_dagrun for example_branch_operator to 2026-07-06 00:00:00+00:00, run_after=2026-07-07 00:00:00+00:00
[2026-07-07T09:09:11.356+0000] {processor.py:183} INFO - Processing /home/airflow/.local/lib/python3.8/site-packages/airflow/example_dags/example_branch_operator.py took 1.313 seconds
[2026-07-07T09:09:41.959+0000] {processor.py:161} INFO - Started process (PID=4251) to work on /home/airflow/.local/lib/python3.8/site-packages/airflow/example_dags/example_branch_operator.py
[2026-07-07T09:09:41.965+0000] {processor.py:830} INFO - Processing file /home/airflow/.local/lib/python3.8/site-packages/airflow/example_dags/example_branch_operator.py for tasks to queue
[2026-07-07T09:09:41.968+0000] {logging_mixin.py:188} INFO - [2026-07-07T09:09:41.967+0000] {dagbag.py:538} INFO - Filling up the DagBag from /home/airflow/.local/lib/python3.8/site-packages/airflow/example_dags/example_branch_operator.py
[2026-07-07T09:09:42.071+0000] {processor.py:840} INFO - DAG(s) 'example_branch_operator' retrieved from /home/airflow/.local/lib/python3.8/site-packages/airflow/example_dags/example_branch_operator.py
[2026-07-07T09:09:42.206+0000] {logging_mixin.py:188} INFO - [2026-07-07T09:09:42.205+0000] {dag.py:3036} INFO - Sync 1 DAGs
[2026-07-07T09:09:42.291+0000] {logging_mixin.py:188} INFO - [2026-07-07T09:09:42.290+0000] {dag.py:3823} INFO - Setting next_dagrun for example_branch_operator to 2026-07-06 00:00:00+00:00, run_after=2026-07-07 00:00:00+00:00
[2026-07-07T09:09:42.381+0000] {processor.py:183} INFO - Processing /home/airflow/.local/lib/python3.8/site-packages/airflow/example_dags/example_branch_operator.py took 0.456 seconds
[2026-07-07T09:10:13.413+0000] {processor.py:161} INFO - Started process (PID=4319) to work on /home/airflow/.local/lib/python3.8/site-packages/airflow/example_dags/example_branch_operator.py
[2026-07-07T09:10:13.431+0000] {processor.py:830} INFO - Processing file /home/airflow/.local/lib/python3.8/site-packages/airflow/example_dags/example_branch_operator.py for tasks to queue
[2026-07-07T09:10:13.432+0000] {logging_mixin.py:188} INFO - [2026-07-07T09:10:13.432+0000] {dagbag.py:538} INFO - Filling up the DagBag from /home/airflow/.local/lib/python3.8/site-packages/airflow/example_dags/example_branch_operator.py
[2026-07-07T09:10:13.504+0000] {processor.py:840} INFO - DAG(s) 'example_branch_operator' retrieved from /home/airflow/.local/lib/python3.8/site-packages/airflow/example_dags/example_branch_operator.py
[2026-07-07T09:10:13.573+0000] {logging_mixin.py:188} INFO - [2026-07-07T09:10:13.572+0000] {dag.py:3036} INFO - Sync 1 DAGs
[2026-07-07T09:10:13.620+0000] {logging_mixin.py:188} INFO - [2026-07-07T09:10:13.619+0000] {dag.py:3823} INFO - Setting next_dagrun for example_branch_operator to 2026-07-06 00:00:00+00:00, run_after=2026-07-07 00:00:00+00:00
[2026-07-07T09:10:13.658+0000] {processor.py:183} INFO - Processing /home/airflow/.local/lib/python3.8/site-packages/airflow/example_dags/example_branch_operator.py took 0.253 seconds
[2026-07-07T09:10:53.231+0000] {processor.py:161} INFO - Started process (PID=4385) to work on /home/airflow/.local/lib/python3.8/site-packages/airflow/example_dags/example_branch_operator.py
[2026-07-07T09:10:53.342+0000] {processor.py:830} INFO - Processing file /home/airflow/.local/lib/python3.8/site-packages/airflow/example_dags/example_branch_operator.py for tasks to queue
[2026-07-07T09:10:53.346+0000] {logging_mixin.py:188} INFO - [2026-07-07T09:10:53.345+0000] {dagbag.py:538} INFO - Filling up the DagBag from /home/airflow/.local/lib/python3.8/site-packages/airflow/example_dags/example_branch_operator.py
[2026-07-07T09:10:53.693+0000] {processor.py:840} INFO - DAG(s) 'example_branch_operator' retrieved from /home/airflow/.local/lib/python3.8/site-packages/airflow/example_dags/example_branch_operator.py
[2026-07-07T09:10:55.240+0000] {logging_mixin.py:188} INFO - [2026-07-07T09:10:55.240+0000] {dag.py:3036} INFO - Sync 1 DAGs
[2026-07-07T09:10:55.976+0000] {logging_mixin.py:188} INFO - [2026-07-07T09:10:55.976+0000] {dag.py:3823} INFO - Setting next_dagrun for example_branch_operator to 2026-07-06 00:00:00+00:00, run_after=2026-07-07 00:00:00+00:00
[2026-07-07T09:10:56.302+0000] {processor.py:183} INFO - Processing /home/airflow/.local/lib/python3.8/site-packages/airflow/example_dags/example_branch_operator.py took 3.103 seconds
[2026-07-07T09:20:30.763+0000] {processor.py:161} INFO - Started process (PID=4659) to work on /home/airflow/.local/lib/python3.8/site-packages/airflow/example_dags/example_branch_operator.py
[2026-07-07T09:20:30.788+0000] {processor.py:830} INFO - Processing file /home/airflow/.local/lib/python3.8/site-packages/airflow/example_dags/example_branch_operator.py for tasks to queue
[2026-07-07T09:20:30.791+0000] {logging_mixin.py:188} INFO - [2026-07-07T09:20:30.790+0000] {dagbag.py:538} INFO - Filling up the DagBag from /home/airflow/.local/lib/python3.8/site-packages/airflow/example_dags/example_branch_operator.py
[2026-07-07T09:20:32.300+0000] {processor.py:840} INFO - DAG(s) 'example_branch_operator' retrieved from /home/airflow/.local/lib/python3.8/site-packages/airflow/example_dags/example_branch_operator.py
[2026-07-07T09:20:36.534+0000] {logging_mixin.py:188} INFO - [2026-07-07T09:20:36.533+0000] {dag.py:3036} INFO - Sync 1 DAGs
[2026-07-07T09:20:37.527+0000] {logging_mixin.py:188} INFO - [2026-07-07T09:20:37.510+0000] {dag.py:3823} INFO - Setting next_dagrun for example_branch_operator to 2026-07-06 00:00:00+00:00, run_after=2026-07-07 00:00:00+00:00
[2026-07-07T09:20:38.308+0000] {processor.py:183} INFO - Processing /home/airflow/.local/lib/python3.8/site-packages/airflow/example_dags/example_branch_operator.py took 8.577 seconds
[2026-07-07T09:25:35.676+0000] {processor.py:161} INFO - Started process (PID=4840) to work on /home/airflow/.local/lib/python3.8/site-packages/airflow/example_dags/example_branch_operator.py
[2026-07-07T09:25:35.700+0000] {processor.py:830} INFO - Processing file /home/airflow/.local/lib/python3.8/site-packages/airflow/example_dags/example_branch_operator.py for tasks to queue
[2026-07-07T09:25:35.718+0000] {logging_mixin.py:188} INFO - [2026-07-07T09:25:35.717+0000] {dagbag.py:538} INFO - Filling up the DagBag from /home/airflow/.local/lib/python3.8/site-packages/airflow/example_dags/example_branch_operator.py
[2026-07-07T09:25:36.003+0000] {processor.py:840} INFO - DAG(s) 'example_branch_operator' retrieved from /home/airflow/.local/lib/python3.8/site-packages/airflow/example_dags/example_branch_operator.py
[2026-07-07T09:25:36.329+0000] {logging_mixin.py:188} INFO - [2026-07-07T09:25:36.328+0000] {dag.py:3036} INFO - Sync 1 DAGs
[2026-07-07T09:25:36.860+0000] {logging_mixin.py:188} INFO - [2026-07-07T09:25:36.859+0000] {dag.py:3823} INFO - Setting next_dagrun for example_branch_operator to 2026-07-06 00:00:00+00:00, run_after=2026-07-07 00:00:00+00:00
[2026-07-07T09:25:37.491+0000] {processor.py:183} INFO - Processing /home/airflow/.local/lib/python3.8/site-packages/airflow/example_dags/example_branch_operator.py took 1.837 seconds
[2026-07-07T09:26:35.760+0000] {processor.py:161} INFO - Started process (PID=4915) to work on /home/airflow/.local/lib/python3.8/site-packages/airflow/example_dags/example_branch_operator.py
[2026-07-07T09:26:35.770+0000] {processor.py:830} INFO - Processing file /home/airflow/.local/lib/python3.8/site-packages/airflow/example_dags/example_branch_operator.py for tasks to queue
[2026-07-07T09:26:35.772+0000] {logging_mixin.py:188} INFO - [2026-07-07T09:26:35.771+0000] {dagbag.py:538} INFO - Filling up the DagBag from /home/airflow/.local/lib/python3.8/site-packages/airflow/example_dags/example_branch_operator.py
[2026-07-07T09:26:35.835+0000] {processor.py:840} INFO - DAG(s) 'example_branch_operator' retrieved from /home/airflow/.local/lib/python3.8/site-packages/airflow/example_dags/example_branch_operator.py
[2026-07-07T09:26:35.954+0000] {logging_mixin.py:188} INFO - [2026-07-07T09:26:35.953+0000] {dag.py:3036} INFO - Sync 1 DAGs
[2026-07-07T09:26:36.054+0000] {logging_mixin.py:188} INFO - [2026-07-07T09:26:36.053+0000] {dag.py:3823} INFO - Setting next_dagrun for example_branch_operator to 2026-07-06 00:00:00+00:00, run_after=2026-07-07 00:00:00+00:00
[2026-07-07T09:26:36.184+0000] {processor.py:183} INFO - Processing /home/airflow/.local/lib/python3.8/site-packages/airflow/example_dags/example_branch_operator.py took 0.434 seconds
[2026-07-07T09:27:09.971+0000] {processor.py:161} INFO - Started process (PID=4982) to work on /home/airflow/.local/lib/python3.8/site-packages/airflow/example_dags/example_branch_operator.py
[2026-07-07T09:27:09.974+0000] {processor.py:830} INFO - Processing file /home/airflow/.local/lib/python3.8/site-packages/airflow/example_dags/example_branch_operator.py for tasks to queue
[2026-07-07T09:27:09.978+0000] {logging_mixin.py:188} INFO - [2026-07-07T09:27:09.976+0000] {dagbag.py:538} INFO - Filling up the DagBag from /home/airflow/.local/lib/python3.8/site-packages/airflow/example_dags/example_branch_operator.py
[2026-07-07T09:27:10.128+0000] {processor.py:840} INFO - DAG(s) 'example_branch_operator' retrieved from /home/airflow/.local/lib/python3.8/site-packages/airflow/example_dags/example_branch_operator.py
[2026-07-07T09:27:10.250+0000] {logging_mixin.py:188} INFO - [2026-07-07T09:27:10.249+0000] {dag.py:3036} INFO - Sync 1 DAGs
[2026-07-07T09:27:10.392+0000] {logging_mixin.py:188} INFO - [2026-07-07T09:27:10.391+0000] {dag.py:3823} INFO - Setting next_dagrun for example_branch_operator to 2026-07-06 00:00:00+00:00, run_after=2026-07-07 00:00:00+00:00
[2026-07-07T09:27:10.566+0000] {processor.py:183} INFO - Processing /home/airflow/.local/lib/python3.8/site-packages/airflow/example_dags/example_branch_operator.py took 0.626 seconds
[2026-07-07T09:27:40.910+0000] {processor.py:161} INFO - Started process (PID=5050) to work on /home/airflow/.local/lib/python3.8/site-packages/airflow/example_dags/example_branch_operator.py
[2026-07-07T09:27:40.921+0000] {processor.py:830} INFO - Processing file /home/airflow/.local/lib/python3.8/site-packages/airflow/example_dags/example_branch_operator.py for tasks to queue
[2026-07-07T09:27:40.924+0000] {logging_mixin.py:188} INFO - [2026-07-07T09:27:40.923+0000] {dagbag.py:538} INFO - Filling up the DagBag from /home/airflow/.local/lib/python3.8/site-packages/airflow/example_dags/example_branch_operator.py
[2026-07-07T09:27:41.010+0000] {processor.py:840} INFO - DAG(s) 'example_branch_operator' retrieved from /home/airflow/.local/lib/python3.8/site-packages/airflow/example_dags/example_branch_operator.py
[2026-07-07T09:27:41.243+0000] {logging_mixin.py:188} INFO - [2026-07-07T09:27:41.242+0000] {dag.py:3036} INFO - Sync 1 DAGs
[2026-07-07T09:27:41.327+0000] {logging_mixin.py:188} INFO - [2026-07-07T09:27:41.326+0000] {dag.py:3823} INFO - Setting next_dagrun for example_branch_operator to 2026-07-06 00:00:00+00:00, run_after=2026-07-07 00:00:00+00:00
[2026-07-07T09:27:41.422+0000] {processor.py:183} INFO - Processing /home/airflow/.local/lib/python3.8/site-packages/airflow/example_dags/example_branch_operator.py took 0.523 seconds
[2026-07-07T09:28:24.687+0000] {processor.py:161} INFO - Started process (PID=5125) to work on /home/airflow/.local/lib/python3.8/site-packages/airflow/example_dags/example_branch_operator.py
[2026-07-07T09:28:24.699+0000] {processor.py:830} INFO - Processing file /home/airflow/.local/lib/python3.8/site-packages/airflow/example_dags/example_branch_operator.py for tasks to queue
[2026-07-07T09:28:24.701+0000] {logging_mixin.py:188} INFO - [2026-07-07T09:28:24.700+0000] {dagbag.py:538} INFO - Filling up the DagBag from /home/airflow/.local/lib/python3.8/site-packages/airflow/example_dags/example_branch_operator.py
[2026-07-07T09:28:24.913+0000] {processor.py:840} INFO - DAG(s) 'example_branch_operator' retrieved from /home/airflow/.local/lib/python3.8/site-packages/airflow/example_dags/example_branch_operator.py
[2026-07-07T09:28:25.087+0000] {logging_mixin.py:188} INFO - [2026-07-07T09:28:25.087+0000] {dag.py:3036} INFO - Sync 1 DAGs
[2026-07-07T09:28:25.226+0000] {logging_mixin.py:188} INFO - [2026-07-07T09:28:25.225+0000] {dag.py:3823} INFO - Setting next_dagrun for example_branch_operator to 2026-07-06 00:00:00+00:00, run_after=2026-07-07 00:00:00+00:00
[2026-07-07T09:28:25.393+0000] {processor.py:183} INFO - Processing /home/airflow/.local/lib/python3.8/site-packages/airflow/example_dags/example_branch_operator.py took 0.754 seconds
[2026-07-07T09:28:56.047+0000] {processor.py:161} INFO - Started process (PID=5186) to work on /home/airflow/.local/lib/python3.8/site-packages/airflow/example_dags/example_branch_operator.py
[2026-07-07T09:28:56.054+0000] {processor.py:830} INFO - Processing file /home/airflow/.local/lib/python3.8/site-packages/airflow/example_dags/example_branch_operator.py for tasks to queue
[2026-07-07T09:28:56.057+0000] {logging_mixin.py:188} INFO - [2026-07-07T09:28:56.056+0000] {dagbag.py:538} INFO - Filling up the DagBag from /home/airflow/.local/lib/python3.8/site-packages/airflow/example_dags/example_branch_operator.py
[2026-07-07T09:28:56.177+0000] {processor.py:840} INFO - DAG(s) 'example_branch_operator' retrieved from /home/airflow/.local/lib/python3.8/site-packages/airflow/example_dags/example_branch_operator.py
[2026-07-07T09:28:56.405+0000] {logging_mixin.py:188} INFO - [2026-07-07T09:28:56.404+0000] {dag.py:3036} INFO - Sync 1 DAGs
[2026-07-07T09:28:56.691+0000] {logging_mixin.py:188} INFO - [2026-07-07T09:28:56.690+0000] {dag.py:3823} INFO - Setting next_dagrun for example_branch_operator to 2026-07-06 00:00:00+00:00, run_after=2026-07-07 00:00:00+00:00
[2026-07-07T09:28:56.876+0000] {processor.py:183} INFO - Processing /home/airflow/.local/lib/python3.8/site-packages/airflow/example_dags/example_branch_operator.py took 0.850 seconds
[2026-07-07T09:29:27.414+0000] {processor.py:161} INFO - Started process (PID=5254) to work on /home/airflow/.local/lib/python3.8/site-packages/airflow/example_dags/example_branch_operator.py
[2026-07-07T09:29:27.434+0000] {processor.py:830} INFO - Processing file /home/airflow/.local/lib/python3.8/site-packages/airflow/example_dags/example_branch_operator.py for tasks to queue
[2026-07-07T09:29:27.446+0000] {logging_mixin.py:188} INFO - [2026-07-07T09:29:27.445+0000] {dagbag.py:538} INFO - Filling up the DagBag from /home/airflow/.local/lib/python3.8/site-packages/airflow/example_dags/example_branch_operator.py
[2026-07-07T09:29:27.552+0000] {processor.py:840} INFO - DAG(s) 'example_branch_operator' retrieved from /home/airflow/.local/lib/python3.8/site-packages/airflow/example_dags/example_branch_operator.py
[2026-07-07T09:29:27.690+0000] {logging_mixin.py:188} INFO - [2026-07-07T09:29:27.689+0000] {dag.py:3036} INFO - Sync 1 DAGs
[2026-07-07T09:29:27.809+0000] {logging_mixin.py:188} INFO - [2026-07-07T09:29:27.809+0000] {dag.py:3823} INFO - Setting next_dagrun for example_branch_operator to 2026-07-06 00:00:00+00:00, run_after=2026-07-07 00:00:00+00:00
[2026-07-07T09:29:27.955+0000] {processor.py:183} INFO - Processing /home/airflow/.local/lib/python3.8/site-packages/airflow/example_dags/example_branch_operator.py took 0.570 seconds
[2026-07-07T09:29:58.661+0000] {processor.py:161} INFO - Started process (PID=5314) to work on /home/airflow/.local/lib/python3.8/site-packages/airflow/example_dags/example_branch_operator.py
[2026-07-07T09:29:58.664+0000] {processor.py:830} INFO - Processing file /home/airflow/.local/lib/python3.8/site-packages/airflow/example_dags/example_branch_operator.py for tasks to queue
[2026-07-07T09:29:58.666+0000] {logging_mixin.py:188} INFO - [2026-07-07T09:29:58.666+0000] {dagbag.py:538} INFO - Filling up the DagBag from /home/airflow/.local/lib/python3.8/site-packages/airflow/example_dags/example_branch_operator.py
[2026-07-07T09:29:58.727+0000] {processor.py:840} INFO - DAG(s) 'example_branch_operator' retrieved from /home/airflow/.local/lib/python3.8/site-packages/airflow/example_dags/example_branch_operator.py
[2026-07-07T09:29:58.838+0000] {logging_mixin.py:188} INFO - [2026-07-07T09:29:58.836+0000] {dag.py:3036} INFO - Sync 1 DAGs
[2026-07-07T09:29:58.963+0000] {logging_mixin.py:188} INFO - [2026-07-07T09:29:58.963+0000] {dag.py:3823} INFO - Setting next_dagrun for example_branch_operator to 2026-07-06 00:00:00+00:00, run_after=2026-07-07 00:00:00+00:00
[2026-07-07T09:29:59.062+0000] {processor.py:183} INFO - Processing /home/airflow/.local/lib/python3.8/site-packages/airflow/example_dags/example_branch_operator.py took 0.412 seconds
[2026-07-07T09:30:29.311+0000] {processor.py:161} INFO - Started process (PID=5380) to work on /home/airflow/.local/lib/python3.8/site-packages/airflow/example_dags/example_branch_operator.py
[2026-07-07T09:30:29.319+0000] {processor.py:830} INFO - Processing file /home/airflow/.local/lib/python3.8/site-packages/airflow/example_dags/example_branch_operator.py for tasks to queue
[2026-07-07T09:30:29.323+0000] {logging_mixin.py:188} INFO - [2026-07-07T09:30:29.322+0000] {dagbag.py:538} INFO - Filling up the DagBag from /home/airflow/.local/lib/python3.8/site-packages/airflow/example_dags/example_branch_operator.py
[2026-07-07T09:30:29.427+0000] {processor.py:840} INFO - DAG(s) 'example_branch_operator' retrieved from /home/airflow/.local/lib/python3.8/site-packages/airflow/example_dags/example_branch_operator.py
[2026-07-07T09:30:29.542+0000] {logging_mixin.py:188} INFO - [2026-07-07T09:30:29.541+0000] {dag.py:3036} INFO - Sync 1 DAGs
[2026-07-07T09:30:29.617+0000] {logging_mixin.py:188} INFO - [2026-07-07T09:30:29.617+0000] {dag.py:3823} INFO - Setting next_dagrun for example_branch_operator to 2026-07-06 00:00:00+00:00, run_after=2026-07-07 00:00:00+00:00
[2026-07-07T09:30:29.688+0000] {processor.py:183} INFO - Processing /home/airflow/.local/lib/python3.8/site-packages/airflow/example_dags/example_branch_operator.py took 0.397 seconds
[2026-07-07T09:31:15.155+0000] {processor.py:161} INFO - Started process (PID=5448) to work on /home/airflow/.local/lib/python3.8/site-packages/airflow/example_dags/example_branch_operator.py
[2026-07-07T09:31:15.170+0000] {processor.py:830} INFO - Processing file /home/airflow/.local/lib/python3.8/site-packages/airflow/example_dags/example_branch_operator.py for tasks to queue
[2026-07-07T09:31:15.173+0000] {logging_mixin.py:188} INFO - [2026-07-07T09:31:15.172+0000] {dagbag.py:538} INFO - Filling up the DagBag from /home/airflow/.local/lib/python3.8/site-packages/airflow/example_dags/example_branch_operator.py
[2026-07-07T09:31:15.362+0000] {processor.py:840} INFO - DAG(s) 'example_branch_operator' retrieved from /home/airflow/.local/lib/python3.8/site-packages/airflow/example_dags/example_branch_operator.py
[2026-07-07T09:31:15.804+0000] {logging_mixin.py:188} INFO - [2026-07-07T09:31:15.801+0000] {dag.py:3036} INFO - Sync 1 DAGs
[2026-07-07T09:31:16.061+0000] {logging_mixin.py:188} INFO - [2026-07-07T09:31:16.060+0000] {dag.py:3823} INFO - Setting next_dagrun for example_branch_operator to 2026-07-06 00:00:00+00:00, run_after=2026-07-07 00:00:00+00:00
[2026-07-07T09:31:16.273+0000] {processor.py:183} INFO - Processing /home/airflow/.local/lib/python3.8/site-packages/airflow/example_dags/example_branch_operator.py took 1.152 seconds
[2026-07-07T09:31:49.604+0000] {processor.py:161} INFO - Started process (PID=5514) to work on /home/airflow/.local/lib/python3.8/site-packages/airflow/example_dags/example_branch_operator.py
[2026-07-07T09:31:49.612+0000] {processor.py:830} INFO - Processing file /home/airflow/.local/lib/python3.8/site-packages/airflow/example_dags/example_branch_operator.py for tasks to queue
[2026-07-07T09:31:49.620+0000] {logging_mixin.py:188} INFO - [2026-07-07T09:31:49.619+0000] {dagbag.py:538} INFO - Filling up the DagBag from /home/airflow/.local/lib/python3.8/site-packages/airflow/example_dags/example_branch_operator.py
[2026-07-07T09:31:49.746+0000] {processor.py:840} INFO - DAG(s) 'example_branch_operator' retrieved from /home/airflow/.local/lib/python3.8/site-packages/airflow/example_dags/example_branch_operator.py
[2026-07-07T09:31:50.065+0000] {logging_mixin.py:188} INFO - [2026-07-07T09:31:50.065+0000] {dag.py:3036} INFO - Sync 1 DAGs
[2026-07-07T09:31:50.266+0000] {logging_mixin.py:188} INFO - [2026-07-07T09:31:50.260+0000] {dag.py:3823} INFO - Setting next_dagrun for example_branch_operator to 2026-07-06 00:00:00+00:00, run_after=2026-07-07 00:00:00+00:00
[2026-07-07T09:31:50.423+0000] {processor.py:183} INFO - Processing /home/airflow/.local/lib/python3.8/site-packages/airflow/example_dags/example_branch_operator.py took 0.838 seconds
[2026-07-07T09:32:20.556+0000] {processor.py:161} INFO - Started process (PID=5573) to work on /home/airflow/.local/lib/python3.8/site-packages/airflow/example_dags/example_branch_operator.py
[2026-07-07T09:32:20.558+0000] {processor.py:830} INFO - Processing file /home/airflow/.local/lib/python3.8/site-packages/airflow/example_dags/example_branch_operator.py for tasks to queue
[2026-07-07T09:32:20.560+0000] {logging_mixin.py:188} INFO - [2026-07-07T09:32:20.560+0000] {dagbag.py:538} INFO - Filling up the DagBag from /home/airflow/.local/lib/python3.8/site-packages/airflow/example_dags/example_branch_operator.py
[2026-07-07T09:32:20.598+0000] {processor.py:840} INFO - DAG(s) 'example_branch_operator' retrieved from /home/airflow/.local/lib/python3.8/site-packages/airflow/example_dags/example_branch_operator.py
[2026-07-07T09:32:20.685+0000] {logging_mixin.py:188} INFO - [2026-07-07T09:32:20.685+0000] {dag.py:3036} INFO - Sync 1 DAGs
[2026-07-07T09:32:20.751+0000] {logging_mixin.py:188} INFO - [2026-07-07T09:32:20.750+0000] {dag.py:3823} INFO - Setting next_dagrun for example_branch_operator to 2026-07-06 00:00:00+00:00, run_after=2026-07-07 00:00:00+00:00
[2026-07-07T09:32:20.796+0000] {processor.py:183} INFO - Processing /home/airflow/.local/lib/python3.8/site-packages/airflow/example_dags/example_branch_operator.py took 0.249 seconds
[2026-07-07T09:32:52.186+0000] {processor.py:161} INFO - Started process (PID=5640) to work on /home/airflow/.local/lib/python3.8/site-packages/airflow/example_dags/example_branch_operator.py
[2026-07-07T09:32:52.192+0000] {processor.py:830} INFO - Processing file /home/airflow/.local/lib/python3.8/site-packages/airflow/example_dags/example_branch_operator.py for tasks to queue
[2026-07-07T09:32:52.194+0000] {logging_mixin.py:188} INFO - [2026-07-07T09:32:52.194+0000] {dagbag.py:538} INFO - Filling up the DagBag from /home/airflow/.local/lib/python3.8/site-packages/airflow/example_dags/example_branch_operator.py
[2026-07-07T09:32:52.290+0000] {processor.py:840} INFO - DAG(s) 'example_branch_operator' retrieved from /home/airflow/.local/lib/python3.8/site-packages/airflow/example_dags/example_branch_operator.py
[2026-07-07T09:32:52.399+0000] {logging_mixin.py:188} INFO - [2026-07-07T09:32:52.398+0000] {dag.py:3036} INFO - Sync 1 DAGs
[2026-07-07T09:32:52.507+0000] {logging_mixin.py:188} INFO - [2026-07-07T09:32:52.506+0000] {dag.py:3823} INFO - Setting next_dagrun for example_branch_operator to 2026-07-06 00:00:00+00:00, run_after=2026-07-07 00:00:00+00:00
[2026-07-07T09:32:52.578+0000] {processor.py:183} INFO - Processing /home/airflow/.local/lib/python3.8/site-packages/airflow/example_dags/example_branch_operator.py took 0.413 seconds
[2026-07-07T09:33:22.701+0000] {processor.py:161} INFO - Started process (PID=5700) to work on /home/airflow/.local/lib/python3.8/site-packages/airflow/example_dags/example_branch_operator.py
[2026-07-07T09:33:22.703+0000] {processor.py:830} INFO - Processing file /home/airflow/.local/lib/python3.8/site-packages/airflow/example_dags/example_branch_operator.py for tasks to queue
[2026-07-07T09:33:22.705+0000] {logging_mixin.py:188} INFO - [2026-07-07T09:33:22.704+0000] {dagbag.py:538} INFO - Filling up the DagBag from /home/airflow/.local/lib/python3.8/site-packages/airflow/example_dags/example_branch_operator.py
[2026-07-07T09:33:22.751+0000] {processor.py:840} INFO - DAG(s) 'example_branch_operator' retrieved from /home/airflow/.local/lib/python3.8/site-packages/airflow/example_dags/example_branch_operator.py
[2026-07-07T09:33:22.836+0000] {logging_mixin.py:188} INFO - [2026-07-07T09:33:22.835+0000] {dag.py:3036} INFO - Sync 1 DAGs
[2026-07-07T09:33:22.898+0000] {logging_mixin.py:188} INFO - [2026-07-07T09:33:22.898+0000] {dag.py:3823} INFO - Setting next_dagrun for example_branch_operator to 2026-07-06 00:00:00+00:00, run_after=2026-07-07 00:00:00+00:00
[2026-07-07T09:33:22.993+0000] {processor.py:183} INFO - Processing /home/airflow/.local/lib/python3.8/site-packages/airflow/example_dags/example_branch_operator.py took 0.302 seconds
[2026-07-07T09:33:53.267+0000] {processor.py:161} INFO - Started process (PID=5766) to work on /home/airflow/.local/lib/python3.8/site-packages/airflow/example_dags/example_branch_operator.py
[2026-07-07T09:33:53.270+0000] {processor.py:830} INFO - Processing file /home/airflow/.local/lib/python3.8/site-packages/airflow/example_dags/example_branch_operator.py for tasks to queue
[2026-07-07T09:33:53.273+0000] {logging_mixin.py:188} INFO - [2026-07-07T09:33:53.272+0000] {dagbag.py:538} INFO - Filling up the DagBag from /home/airflow/.local/lib/python3.8/site-packages/airflow/example_dags/example_branch_operator.py
[2026-07-07T09:33:53.349+0000] {processor.py:840} INFO - DAG(s) 'example_branch_operator' retrieved from /home/airflow/.local/lib/python3.8/site-packages/airflow/example_dags/example_branch_operator.py
[2026-07-07T09:33:53.561+0000] {logging_mixin.py:188} INFO - [2026-07-07T09:33:53.558+0000] {dag.py:3036} INFO - Sync 1 DAGs
[2026-07-07T09:33:54.136+0000] {logging_mixin.py:188} INFO - [2026-07-07T09:33:54.135+0000] {dag.py:3823} INFO - Setting next_dagrun for example_branch_operator to 2026-07-06 00:00:00+00:00, run_after=2026-07-07 00:00:00+00:00
[2026-07-07T09:33:54.263+0000] {processor.py:183} INFO - Processing /home/airflow/.local/lib/python3.8/site-packages/airflow/example_dags/example_branch_operator.py took 1.007 seconds
[2026-07-07T09:34:25.135+0000] {processor.py:161} INFO - Started process (PID=5833) to work on /home/airflow/.local/lib/python3.8/site-packages/airflow/example_dags/example_branch_operator.py
[2026-07-07T09:34:25.181+0000] {processor.py:830} INFO - Processing file /home/airflow/.local/lib/python3.8/site-packages/airflow/example_dags/example_branch_operator.py for tasks to queue
[2026-07-07T09:34:25.189+0000] {logging_mixin.py:188} INFO - [2026-07-07T09:34:25.185+0000] {dagbag.py:538} INFO - Filling up the DagBag from /home/airflow/.local/lib/python3.8/site-packages/airflow/example_dags/example_branch_operator.py
[2026-07-07T09:34:25.344+0000] {processor.py:840} INFO - DAG(s) 'example_branch_operator' retrieved from /home/airflow/.local/lib/python3.8/site-packages/airflow/example_dags/example_branch_operator.py
[2026-07-07T09:34:25.484+0000] {logging_mixin.py:188} INFO - [2026-07-07T09:34:25.483+0000] {dag.py:3036} INFO - Sync 1 DAGs
[2026-07-07T09:34:25.548+0000] {logging_mixin.py:188} INFO - [2026-07-07T09:34:25.547+0000] {dag.py:3823} INFO - Setting next_dagrun for example_branch_operator to 2026-07-06 00:00:00+00:00, run_after=2026-07-07 00:00:00+00:00
[2026-07-07T09:34:25.604+0000] {processor.py:183} INFO - Processing /home/airflow/.local/lib/python3.8/site-packages/airflow/example_dags/example_branch_operator.py took 1.084 seconds
[2026-07-07T09:34:56.314+0000] {processor.py:161} INFO - Started process (PID=5900) to work on /home/airflow/.local/lib/python3.8/site-packages/airflow/example_dags/example_branch_operator.py
[2026-07-07T09:34:56.334+0000] {processor.py:830} INFO - Processing file /home/airflow/.local/lib/python3.8/site-packages/airflow/example_dags/example_branch_operator.py for tasks to queue
[2026-07-07T09:34:56.344+0000] {logging_mixin.py:188} INFO - [2026-07-07T09:34:56.338+0000] {dagbag.py:538} INFO - Filling up the DagBag from /home/airflow/.local/lib/python3.8/site-packages/airflow/example_dags/example_branch_operator.py
[2026-07-07T09:34:56.494+0000] {processor.py:840} INFO - DAG(s) 'example_branch_operator' retrieved from /home/airflow/.local/lib/python3.8/site-packages/airflow/example_dags/example_branch_operator.py
[2026-07-07T09:34:56.679+0000] {logging_mixin.py:188} INFO - [2026-07-07T09:34:56.678+0000] {dag.py:3036} INFO - Sync 1 DAGs
[2026-07-07T09:34:56.840+0000] {logging_mixin.py:188} INFO - [2026-07-07T09:34:56.839+0000] {dag.py:3823} INFO - Setting next_dagrun for example_branch_operator to 2026-07-06 00:00:00+00:00, run_after=2026-07-07 00:00:00+00:00
[2026-07-07T09:34:56.922+0000] {processor.py:183} INFO - Processing /home/airflow/.local/lib/python3.8/site-packages/airflow/example_dags/example_branch_operator.py took 0.620 seconds
[2026-07-07T09:35:27.430+0000] {processor.py:161} INFO - Started process (PID=5959) to work on /home/airflow/.local/lib/python3.8/site-packages/airflow/example_dags/example_branch_operator.py
[2026-07-07T09:35:27.432+0000] {processor.py:830} INFO - Processing file /home/airflow/.local/lib/python3.8/site-packages/airflow/example_dags/example_branch_operator.py for tasks to queue
[2026-07-07T09:35:27.435+0000] {logging_mixin.py:188} INFO - [2026-07-07T09:35:27.433+0000] {dagbag.py:538} INFO - Filling up the DagBag from /home/airflow/.local/lib/python3.8/site-packages/airflow/example_dags/example_branch_operator.py
[2026-07-07T09:35:27.504+0000] {processor.py:840} INFO - DAG(s) 'example_branch_operator' retrieved from /home/airflow/.local/lib/python3.8/site-packages/airflow/example_dags/example_branch_operator.py
[2026-07-07T09:35:27.639+0000] {logging_mixin.py:188} INFO - [2026-07-07T09:35:27.638+0000] {dag.py:3036} INFO - Sync 1 DAGs
[2026-07-07T09:35:27.723+0000] {logging_mixin.py:188} INFO - [2026-07-07T09:35:27.722+0000] {dag.py:3823} INFO - Setting next_dagrun for example_branch_operator to 2026-07-06 00:00:00+00:00, run_after=2026-07-07 00:00:00+00:00
[2026-07-07T09:35:27.799+0000] {processor.py:183} INFO - Processing /home/airflow/.local/lib/python3.8/site-packages/airflow/example_dags/example_branch_operator.py took 0.384 seconds
[2026-07-07T09:35:58.346+0000] {processor.py:161} INFO - Started process (PID=6032) to work on /home/airflow/.local/lib/python3.8/site-packages/airflow/example_dags/example_branch_operator.py
[2026-07-07T09:35:58.350+0000] {processor.py:830} INFO - Processing file /home/airflow/.local/lib/python3.8/site-packages/airflow/example_dags/example_branch_operator.py for tasks to queue
[2026-07-07T09:35:58.353+0000] {logging_mixin.py:188} INFO - [2026-07-07T09:35:58.352+0000] {dagbag.py:538} INFO - Filling up the DagBag from /home/airflow/.local/lib/python3.8/site-packages/airflow/example_dags/example_branch_operator.py
[2026-07-07T09:35:58.419+0000] {processor.py:840} INFO - DAG(s) 'example_branch_operator' retrieved from /home/airflow/.local/lib/python3.8/site-packages/airflow/example_dags/example_branch_operator.py
[2026-07-07T09:35:58.508+0000] {logging_mixin.py:188} INFO - [2026-07-07T09:35:58.507+0000] {dag.py:3036} INFO - Sync 1 DAGs
[2026-07-07T09:35:58.573+0000] {logging_mixin.py:188} INFO - [2026-07-07T09:35:58.573+0000] {dag.py:3823} INFO - Setting next_dagrun for example_branch_operator to 2026-07-06 00:00:00+00:00, run_after=2026-07-07 00:00:00+00:00
[2026-07-07T09:35:58.641+0000] {processor.py:183} INFO - Processing /home/airflow/.local/lib/python3.8/site-packages/airflow/example_dags/example_branch_operator.py took 0.304 seconds
[2026-07-07T09:36:31.067+0000] {processor.py:161} INFO - Started process (PID=6103) to work on /home/airflow/.local/lib/python3.8/site-packages/airflow/example_dags/example_branch_operator.py
[2026-07-07T09:36:31.071+0000] {processor.py:830} INFO - Processing file /home/airflow/.local/lib/python3.8/site-packages/airflow/example_dags/example_branch_operator.py for tasks to queue
[2026-07-07T09:36:31.074+0000] {logging_mixin.py:188} INFO - [2026-07-07T09:36:31.073+0000] {dagbag.py:538} INFO - Filling up the DagBag from /home/airflow/.local/lib/python3.8/site-packages/airflow/example_dags/example_branch_operator.py
[2026-07-07T09:36:31.155+0000] {processor.py:840} INFO - DAG(s) 'example_branch_operator' retrieved from /home/airflow/.local/lib/python3.8/site-packages/airflow/example_dags/example_branch_operator.py
[2026-07-07T09:36:31.312+0000] {logging_mixin.py:188} INFO - [2026-07-07T09:36:31.311+0000] {dag.py:3036} INFO - Sync 1 DAGs
[2026-07-07T09:36:31.440+0000] {logging_mixin.py:188} INFO - [2026-07-07T09:36:31.439+0000] {dag.py:3823} INFO - Setting next_dagrun for example_branch_operator to 2026-07-06 00:00:00+00:00, run_after=2026-07-07 00:00:00+00:00
[2026-07-07T09:36:31.579+0000] {processor.py:183} INFO - Processing /home/airflow/.local/lib/python3.8/site-packages/airflow/example_dags/example_branch_operator.py took 0.529 seconds
[2026-07-07T09:37:03.678+0000] {processor.py:161} INFO - Started process (PID=6164) to work on /home/airflow/.local/lib/python3.8/site-packages/airflow/example_dags/example_branch_operator.py
[2026-07-07T09:37:03.694+0000] {processor.py:830} INFO - Processing file /home/airflow/.local/lib/python3.8/site-packages/airflow/example_dags/example_branch_operator.py for tasks to queue
[2026-07-07T09:37:03.697+0000] {logging_mixin.py:188} INFO - [2026-07-07T09:37:03.696+0000] {dagbag.py:538} INFO - Filling up the DagBag from /home/airflow/.local/lib/python3.8/site-packages/airflow/example_dags/example_branch_operator.py
[2026-07-07T09:37:03.846+0000] {processor.py:840} INFO - DAG(s) 'example_branch_operator' retrieved from /home/airflow/.local/lib/python3.8/site-packages/airflow/example_dags/example_branch_operator.py
[2026-07-07T09:37:03.975+0000] {logging_mixin.py:188} INFO - [2026-07-07T09:37:03.974+0000] {dag.py:3036} INFO - Sync 1 DAGs
[2026-07-07T09:37:04.098+0000] {logging_mixin.py:188} INFO - [2026-07-07T09:37:04.097+0000] {dag.py:3823} INFO - Setting next_dagrun for example_branch_operator to 2026-07-06 00:00:00+00:00, run_after=2026-07-07 00:00:00+00:00
[2026-07-07T09:37:04.159+0000] {processor.py:183} INFO - Processing /home/airflow/.local/lib/python3.8/site-packages/airflow/example_dags/example_branch_operator.py took 0.501 seconds
[2026-07-07T09:37:34.837+0000] {processor.py:161} INFO - Started process (PID=6230) to work on /home/airflow/.local/lib/python3.8/site-packages/airflow/example_dags/example_branch_operator.py
[2026-07-07T09:37:34.840+0000] {processor.py:830} INFO - Processing file /home/airflow/.local/lib/python3.8/site-packages/airflow/example_dags/example_branch_operator.py for tasks to queue
[2026-07-07T09:37:34.864+0000] {logging_mixin.py:188} INFO - [2026-07-07T09:37:34.863+0000] {dagbag.py:538} INFO - Filling up the DagBag from /home/airflow/.local/lib/python3.8/site-packages/airflow/example_dags/example_branch_operator.py
[2026-07-07T09:37:34.928+0000] {processor.py:840} INFO - DAG(s) 'example_branch_operator' retrieved from /home/airflow/.local/lib/python3.8/site-packages/airflow/example_dags/example_branch_operator.py
[2026-07-07T09:37:35.129+0000] {logging_mixin.py:188} INFO - [2026-07-07T09:37:35.122+0000] {dag.py:3036} INFO - Sync 1 DAGs
[2026-07-07T09:37:35.208+0000] {logging_mixin.py:188} INFO - [2026-07-07T09:37:35.205+0000] {dag.py:3823} INFO - Setting next_dagrun for example_branch_operator to 2026-07-06 00:00:00+00:00, run_after=2026-07-07 00:00:00+00:00
[2026-07-07T09:37:35.256+0000] {processor.py:183} INFO - Processing /home/airflow/.local/lib/python3.8/site-packages/airflow/example_dags/example_branch_operator.py took 0.433 seconds
[2026-07-07T09:38:07.322+0000] {processor.py:161} INFO - Started process (PID=6296) to work on /home/airflow/.local/lib/python3.8/site-packages/airflow/example_dags/example_branch_operator.py
[2026-07-07T09:38:07.325+0000] {processor.py:830} INFO - Processing file /home/airflow/.local/lib/python3.8/site-packages/airflow/example_dags/example_branch_operator.py for tasks to queue
[2026-07-07T09:38:07.329+0000] {logging_mixin.py:188} INFO - [2026-07-07T09:38:07.327+0000] {dagbag.py:538} INFO - Filling up the DagBag from /home/airflow/.local/lib/python3.8/site-packages/airflow/example_dags/example_branch_operator.py
[2026-07-07T09:38:07.389+0000] {processor.py:840} INFO - DAG(s) 'example_branch_operator' retrieved from /home/airflow/.local/lib/python3.8/site-packages/airflow/example_dags/example_branch_operator.py
[2026-07-07T09:38:07.484+0000] {logging_mixin.py:188} INFO - [2026-07-07T09:38:07.483+0000] {dag.py:3036} INFO - Sync 1 DAGs
[2026-07-07T09:38:07.579+0000] {logging_mixin.py:188} INFO - [2026-07-07T09:38:07.579+0000] {dag.py:3823} INFO - Setting next_dagrun for example_branch_operator to 2026-07-06 00:00:00+00:00, run_after=2026-07-07 00:00:00+00:00
[2026-07-07T09:38:07.625+0000] {processor.py:183} INFO - Processing /home/airflow/.local/lib/python3.8/site-packages/airflow/example_dags/example_branch_operator.py took 0.321 seconds
[2026-07-07T09:38:39.168+0000] {processor.py:161} INFO - Started process (PID=6353) to work on /home/airflow/.local/lib/python3.8/site-packages/airflow/example_dags/example_branch_operator.py
[2026-07-07T09:38:39.210+0000] {processor.py:830} INFO - Processing file /home/airflow/.local/lib/python3.8/site-packages/airflow/example_dags/example_branch_operator.py for tasks to queue
[2026-07-07T09:38:39.214+0000] {logging_mixin.py:188} INFO - [2026-07-07T09:38:39.213+0000] {dagbag.py:538} INFO - Filling up the DagBag from /home/airflow/.local/lib/python3.8/site-packages/airflow/example_dags/example_branch_operator.py
[2026-07-07T09:38:39.693+0000] {processor.py:840} INFO - DAG(s) 'example_branch_operator' retrieved from /home/airflow/.local/lib/python3.8/site-packages/airflow/example_dags/example_branch_operator.py
[2026-07-07T09:38:40.086+0000] {logging_mixin.py:188} INFO - [2026-07-07T09:38:40.085+0000] {dag.py:3036} INFO - Sync 1 DAGs
[2026-07-07T09:38:40.166+0000] {logging_mixin.py:188} INFO - [2026-07-07T09:38:40.166+0000] {dag.py:3823} INFO - Setting next_dagrun for example_branch_operator to 2026-07-06 00:00:00+00:00, run_after=2026-07-07 00:00:00+00:00
[2026-07-07T09:38:40.247+0000] {processor.py:183} INFO - Processing /home/airflow/.local/lib/python3.8/site-packages/airflow/example_dags/example_branch_operator.py took 1.138 seconds
[2026-07-07T09:39:10.527+0000] {processor.py:161} INFO - Started process (PID=6420) to work on /home/airflow/.local/lib/python3.8/site-packages/airflow/example_dags/example_branch_operator.py
[2026-07-07T09:39:10.529+0000] {processor.py:830} INFO - Processing file /home/airflow/.local/lib/python3.8/site-packages/airflow/example_dags/example_branch_operator.py for tasks to queue
[2026-07-07T09:39:10.531+0000] {logging_mixin.py:188} INFO - [2026-07-07T09:39:10.530+0000] {dagbag.py:538} INFO - Filling up the DagBag from /home/airflow/.local/lib/python3.8/site-packages/airflow/example_dags/example_branch_operator.py
[2026-07-07T09:39:10.573+0000] {processor.py:840} INFO - DAG(s) 'example_branch_operator' retrieved from /home/airflow/.local/lib/python3.8/site-packages/airflow/example_dags/example_branch_operator.py
[2026-07-07T09:39:10.651+0000] {logging_mixin.py:188} INFO - [2026-07-07T09:39:10.651+0000] {dag.py:3036} INFO - Sync 1 DAGs
[2026-07-07T09:39:10.724+0000] {logging_mixin.py:188} INFO - [2026-07-07T09:39:10.724+0000] {dag.py:3823} INFO - Setting next_dagrun for example_branch_operator to 2026-07-06 00:00:00+00:00, run_after=2026-07-07 00:00:00+00:00
[2026-07-07T09:39:10.777+0000] {processor.py:183} INFO - Processing /home/airflow/.local/lib/python3.8/site-packages/airflow/example_dags/example_branch_operator.py took 0.259 seconds
[2026-07-07T09:39:41.377+0000] {processor.py:161} INFO - Started process (PID=6487) to work on /home/airflow/.local/lib/python3.8/site-packages/airflow/example_dags/example_branch_operator.py
[2026-07-07T09:39:41.383+0000] {processor.py:830} INFO - Processing file /home/airflow/.local/lib/python3.8/site-packages/airflow/example_dags/example_branch_operator.py for tasks to queue
[2026-07-07T09:39:41.385+0000] {logging_mixin.py:188} INFO - [2026-07-07T09:39:41.384+0000] {dagbag.py:538} INFO - Filling up the DagBag from /home/airflow/.local/lib/python3.8/site-packages/airflow/example_dags/example_branch_operator.py
[2026-07-07T09:39:41.434+0000] {processor.py:840} INFO - DAG(s) 'example_branch_operator' retrieved from /home/airflow/.local/lib/python3.8/site-packages/airflow/example_dags/example_branch_operator.py
[2026-07-07T09:39:41.548+0000] {logging_mixin.py:188} INFO - [2026-07-07T09:39:41.547+0000] {dag.py:3036} INFO - Sync 1 DAGs
[2026-07-07T09:39:41.642+0000] {logging_mixin.py:188} INFO - [2026-07-07T09:39:41.641+0000] {dag.py:3823} INFO - Setting next_dagrun for example_branch_operator to 2026-07-06 00:00:00+00:00, run_after=2026-07-07 00:00:00+00:00
[2026-07-07T09:39:41.769+0000] {processor.py:183} INFO - Processing /home/airflow/.local/lib/python3.8/site-packages/airflow/example_dags/example_branch_operator.py took 0.401 seconds
[2026-07-07T09:40:11.966+0000] {processor.py:161} INFO - Started process (PID=6556) to work on /home/airflow/.local/lib/python3.8/site-packages/airflow/example_dags/example_branch_operator.py
[2026-07-07T09:40:11.968+0000] {processor.py:830} INFO - Processing file /home/airflow/.local/lib/python3.8/site-packages/airflow/example_dags/example_branch_operator.py for tasks to queue
[2026-07-07T09:40:11.971+0000] {logging_mixin.py:188} INFO - [2026-07-07T09:40:11.970+0000] {dagbag.py:538} INFO - Filling up the DagBag from /home/airflow/.local/lib/python3.8/site-packages/airflow/example_dags/example_branch_operator.py
[2026-07-07T09:40:12.024+0000] {processor.py:840} INFO - DAG(s) 'example_branch_operator' retrieved from /home/airflow/.local/lib/python3.8/site-packages/airflow/example_dags/example_branch_operator.py
[2026-07-07T09:40:12.095+0000] {logging_mixin.py:188} INFO - [2026-07-07T09:40:12.094+0000] {dag.py:3036} INFO - Sync 1 DAGs
[2026-07-07T09:40:12.152+0000] {logging_mixin.py:188} INFO - [2026-07-07T09:40:12.151+0000] {dag.py:3823} INFO - Setting next_dagrun for example_branch_operator to 2026-07-06 00:00:00+00:00, run_after=2026-07-07 00:00:00+00:00
[2026-07-07T09:40:12.193+0000] {processor.py:183} INFO - Processing /home/airflow/.local/lib/python3.8/site-packages/airflow/example_dags/example_branch_operator.py took 0.237 seconds
[2026-07-07T09:40:42.774+0000] {processor.py:161} INFO - Started process (PID=6622) to work on /home/airflow/.local/lib/python3.8/site-packages/airflow/example_dags/example_branch_operator.py
[2026-07-07T09:40:42.788+0000] {processor.py:830} INFO - Processing file /home/airflow/.local/lib/python3.8/site-packages/airflow/example_dags/example_branch_operator.py for tasks to queue
[2026-07-07T09:40:42.799+0000] {logging_mixin.py:188} INFO - [2026-07-07T09:40:42.795+0000] {dagbag.py:538} INFO - Filling up the DagBag from /home/airflow/.local/lib/python3.8/site-packages/airflow/example_dags/example_branch_operator.py
[2026-07-07T09:40:42.988+0000] {processor.py:840} INFO - DAG(s) 'example_branch_operator' retrieved from /home/airflow/.local/lib/python3.8/site-packages/airflow/example_dags/example_branch_operator.py
[2026-07-07T09:40:43.118+0000] {logging_mixin.py:188} INFO - [2026-07-07T09:40:43.117+0000] {dag.py:3036} INFO - Sync 1 DAGs
[2026-07-07T09:40:43.231+0000] {logging_mixin.py:188} INFO - [2026-07-07T09:40:43.230+0000] {dag.py:3823} INFO - Setting next_dagrun for example_branch_operator to 2026-07-06 00:00:00+00:00, run_after=2026-07-07 00:00:00+00:00
[2026-07-07T09:40:43.291+0000] {processor.py:183} INFO - Processing /home/airflow/.local/lib/python3.8/site-packages/airflow/example_dags/example_branch_operator.py took 0.588 seconds
[2026-07-07T09:41:13.474+0000] {processor.py:161} INFO - Started process (PID=6689) to work on /home/airflow/.local/lib/python3.8/site-packages/airflow/example_dags/example_branch_operator.py
[2026-07-07T09:41:13.477+0000] {processor.py:830} INFO - Processing file /home/airflow/.local/lib/python3.8/site-packages/airflow/example_dags/example_branch_operator.py for tasks to queue
[2026-07-07T09:41:13.480+0000] {logging_mixin.py:188} INFO - [2026-07-07T09:41:13.479+0000] {dagbag.py:538} INFO - Filling up the DagBag from /home/airflow/.local/lib/python3.8/site-packages/airflow/example_dags/example_branch_operator.py
[2026-07-07T09:41:13.544+0000] {processor.py:840} INFO - DAG(s) 'example_branch_operator' retrieved from /home/airflow/.local/lib/python3.8/site-packages/airflow/example_dags/example_branch_operator.py
[2026-07-07T09:41:13.613+0000] {logging_mixin.py:188} INFO - [2026-07-07T09:41:13.613+0000] {dag.py:3036} INFO - Sync 1 DAGs
[2026-07-07T09:41:13.666+0000] {logging_mixin.py:188} INFO - [2026-07-07T09:41:13.666+0000] {dag.py:3823} INFO - Setting next_dagrun for example_branch_operator to 2026-07-06 00:00:00+00:00, run_after=2026-07-07 00:00:00+00:00
[2026-07-07T09:41:13.714+0000] {processor.py:183} INFO - Processing /home/airflow/.local/lib/python3.8/site-packages/airflow/example_dags/example_branch_operator.py took 0.254 seconds
[2026-07-07T09:41:44.374+0000] {processor.py:161} INFO - Started process (PID=6756) to work on /home/airflow/.local/lib/python3.8/site-packages/airflow/example_dags/example_branch_operator.py
[2026-07-07T09:41:44.384+0000] {processor.py:830} INFO - Processing file /home/airflow/.local/lib/python3.8/site-packages/airflow/example_dags/example_branch_operator.py for tasks to queue
[2026-07-07T09:41:44.388+0000] {logging_mixin.py:188} INFO - [2026-07-07T09:41:44.387+0000] {dagbag.py:538} INFO - Filling up the DagBag from /home/airflow/.local/lib/python3.8/site-packages/airflow/example_dags/example_branch_operator.py
[2026-07-07T09:41:44.483+0000] {processor.py:840} INFO - DAG(s) 'example_branch_operator' retrieved from /home/airflow/.local/lib/python3.8/site-packages/airflow/example_dags/example_branch_operator.py
[2026-07-07T09:41:44.588+0000] {logging_mixin.py:188} INFO - [2026-07-07T09:41:44.587+0000] {dag.py:3036} INFO - Sync 1 DAGs
[2026-07-07T09:41:44.654+0000] {logging_mixin.py:188} INFO - [2026-07-07T09:41:44.653+0000] {dag.py:3823} INFO - Setting next_dagrun for example_branch_operator to 2026-07-06 00:00:00+00:00, run_after=2026-07-07 00:00:00+00:00
[2026-07-07T09:41:44.690+0000] {processor.py:183} INFO - Processing /home/airflow/.local/lib/python3.8/site-packages/airflow/example_dags/example_branch_operator.py took 0.341 seconds
[2026-07-07T09:42:15.025+0000] {processor.py:161} INFO - Started process (PID=6822) to work on /home/airflow/.local/lib/python3.8/site-packages/airflow/example_dags/example_branch_operator.py
[2026-07-07T09:42:15.031+0000] {processor.py:830} INFO - Processing file /home/airflow/.local/lib/python3.8/site-packages/airflow/example_dags/example_branch_operator.py for tasks to queue
[2026-07-07T09:42:15.036+0000] {logging_mixin.py:188} INFO - [2026-07-07T09:42:15.033+0000] {dagbag.py:538} INFO - Filling up the DagBag from /home/airflow/.local/lib/python3.8/site-packages/airflow/example_dags/example_branch_operator.py
[2026-07-07T09:42:15.161+0000] {processor.py:840} INFO - DAG(s) 'example_branch_operator' retrieved from /home/airflow/.local/lib/python3.8/site-packages/airflow/example_dags/example_branch_operator.py
[2026-07-07T09:42:15.302+0000] {logging_mixin.py:188} INFO - [2026-07-07T09:42:15.301+0000] {dag.py:3036} INFO - Sync 1 DAGs
[2026-07-07T09:42:15.387+0000] {logging_mixin.py:188} INFO - [2026-07-07T09:42:15.386+0000] {dag.py:3823} INFO - Setting next_dagrun for example_branch_operator to 2026-07-06 00:00:00+00:00, run_after=2026-07-07 00:00:00+00:00
[2026-07-07T09:42:15.450+0000] {processor.py:183} INFO - Processing /home/airflow/.local/lib/python3.8/site-packages/airflow/example_dags/example_branch_operator.py took 0.444 seconds
[2026-07-07T09:42:45.923+0000] {processor.py:161} INFO - Started process (PID=6889) to work on /home/airflow/.local/lib/python3.8/site-packages/airflow/example_dags/example_branch_operator.py
[2026-07-07T09:42:45.934+0000] {processor.py:830} INFO - Processing file /home/airflow/.local/lib/python3.8/site-packages/airflow/example_dags/example_branch_operator.py for tasks to queue
[2026-07-07T09:42:45.939+0000] {logging_mixin.py:188} INFO - [2026-07-07T09:42:45.938+0000] {dagbag.py:538} INFO - Filling up the DagBag from /home/airflow/.local/lib/python3.8/site-packages/airflow/example_dags/example_branch_operator.py
[2026-07-07T09:42:45.996+0000] {processor.py:840} INFO - DAG(s) 'example_branch_operator' retrieved from /home/airflow/.local/lib/python3.8/site-packages/airflow/example_dags/example_branch_operator.py
[2026-07-07T09:42:46.069+0000] {logging_mixin.py:188} INFO - [2026-07-07T09:42:46.068+0000] {dag.py:3036} INFO - Sync 1 DAGs
[2026-07-07T09:42:46.127+0000] {logging_mixin.py:188} INFO - [2026-07-07T09:42:46.127+0000] {dag.py:3823} INFO - Setting next_dagrun for example_branch_operator to 2026-07-06 00:00:00+00:00, run_after=2026-07-07 00:00:00+00:00
[2026-07-07T09:42:46.183+0000] {processor.py:183} INFO - Processing /home/airflow/.local/lib/python3.8/site-packages/airflow/example_dags/example_branch_operator.py took 0.271 seconds
[2026-07-07T09:43:16.823+0000] {processor.py:161} INFO - Started process (PID=6958) to work on /home/airflow/.local/lib/python3.8/site-packages/airflow/example_dags/example_branch_operator.py
[2026-07-07T09:43:16.833+0000] {processor.py:830} INFO - Processing file /home/airflow/.local/lib/python3.8/site-packages/airflow/example_dags/example_branch_operator.py for tasks to queue
[2026-07-07T09:43:16.835+0000] {logging_mixin.py:188} INFO - [2026-07-07T09:43:16.834+0000] {dagbag.py:538} INFO - Filling up the DagBag from /home/airflow/.local/lib/python3.8/site-packages/airflow/example_dags/example_branch_operator.py
[2026-07-07T09:43:16.899+0000] {processor.py:840} INFO - DAG(s) 'example_branch_operator' retrieved from /home/airflow/.local/lib/python3.8/site-packages/airflow/example_dags/example_branch_operator.py
[2026-07-07T09:43:16.992+0000] {logging_mixin.py:188} INFO - [2026-07-07T09:43:16.992+0000] {dag.py:3036} INFO - Sync 1 DAGs
[2026-07-07T09:43:17.054+0000] {logging_mixin.py:188} INFO - [2026-07-07T09:43:17.054+0000] {dag.py:3823} INFO - Setting next_dagrun for example_branch_operator to 2026-07-06 00:00:00+00:00, run_after=2026-07-07 00:00:00+00:00
[2026-07-07T09:43:17.116+0000] {processor.py:183} INFO - Processing /home/airflow/.local/lib/python3.8/site-packages/airflow/example_dags/example_branch_operator.py took 0.303 seconds
[2026-07-07T09:43:47.488+0000] {processor.py:161} INFO - Started process (PID=7022) to work on /home/airflow/.local/lib/python3.8/site-packages/airflow/example_dags/example_branch_operator.py
[2026-07-07T09:43:47.491+0000] {processor.py:830} INFO - Processing file /home/airflow/.local/lib/python3.8/site-packages/airflow/example_dags/example_branch_operator.py for tasks to queue
[2026-07-07T09:43:47.494+0000] {logging_mixin.py:188} INFO - [2026-07-07T09:43:47.493+0000] {dagbag.py:538} INFO - Filling up the DagBag from /home/airflow/.local/lib/python3.8/site-packages/airflow/example_dags/example_branch_operator.py
[2026-07-07T09:43:47.541+0000] {processor.py:840} INFO - DAG(s) 'example_branch_operator' retrieved from /home/airflow/.local/lib/python3.8/site-packages/airflow/example_dags/example_branch_operator.py
[2026-07-07T09:43:47.624+0000] {logging_mixin.py:188} INFO - [2026-07-07T09:43:47.623+0000] {dag.py:3036} INFO - Sync 1 DAGs
[2026-07-07T09:43:47.693+0000] {logging_mixin.py:188} INFO - [2026-07-07T09:43:47.692+0000] {dag.py:3823} INFO - Setting next_dagrun for example_branch_operator to 2026-07-06 00:00:00+00:00, run_after=2026-07-07 00:00:00+00:00
[2026-07-07T09:43:47.755+0000] {processor.py:183} INFO - Processing /home/airflow/.local/lib/python3.8/site-packages/airflow/example_dags/example_branch_operator.py took 0.278 seconds
[2026-07-07T09:44:18.669+0000] {processor.py:161} INFO - Started process (PID=7082) to work on /home/airflow/.local/lib/python3.8/site-packages/airflow/example_dags/example_branch_operator.py
[2026-07-07T09:44:18.672+0000] {processor.py:830} INFO - Processing file /home/airflow/.local/lib/python3.8/site-packages/airflow/example_dags/example_branch_operator.py for tasks to queue
[2026-07-07T09:44:18.675+0000] {logging_mixin.py:188} INFO - [2026-07-07T09:44:18.674+0000] {dagbag.py:538} INFO - Filling up the DagBag from /home/airflow/.local/lib/python3.8/site-packages/airflow/example_dags/example_branch_operator.py
[2026-07-07T09:44:18.727+0000] {processor.py:840} INFO - DAG(s) 'example_branch_operator' retrieved from /home/airflow/.local/lib/python3.8/site-packages/airflow/example_dags/example_branch_operator.py
[2026-07-07T09:44:18.805+0000] {logging_mixin.py:188} INFO - [2026-07-07T09:44:18.804+0000] {dag.py:3036} INFO - Sync 1 DAGs
[2026-07-07T09:44:18.866+0000] {logging_mixin.py:188} INFO - [2026-07-07T09:44:18.865+0000] {dag.py:3823} INFO - Setting next_dagrun for example_branch_operator to 2026-07-06 00:00:00+00:00, run_after=2026-07-07 00:00:00+00:00
[2026-07-07T09:44:18.914+0000] {processor.py:183} INFO - Processing /home/airflow/.local/lib/python3.8/site-packages/airflow/example_dags/example_branch_operator.py took 0.257 seconds
[2026-07-07T09:44:49.730+0000] {processor.py:161} INFO - Started process (PID=7149) to work on /home/airflow/.local/lib/python3.8/site-packages/airflow/example_dags/example_branch_operator.py
[2026-07-07T09:44:49.733+0000] {processor.py:830} INFO - Processing file /home/airflow/.local/lib/python3.8/site-packages/airflow/example_dags/example_branch_operator.py for tasks to queue
[2026-07-07T09:44:49.735+0000] {logging_mixin.py:188} INFO - [2026-07-07T09:44:49.734+0000] {dagbag.py:538} INFO - Filling up the DagBag from /home/airflow/.local/lib/python3.8/site-packages/airflow/example_dags/example_branch_operator.py
[2026-07-07T09:44:49.779+0000] {processor.py:840} INFO - DAG(s) 'example_branch_operator' retrieved from /home/airflow/.local/lib/python3.8/site-packages/airflow/example_dags/example_branch_operator.py
[2026-07-07T09:44:49.836+0000] {logging_mixin.py:188} INFO - [2026-07-07T09:44:49.835+0000] {dag.py:3036} INFO - Sync 1 DAGs
[2026-07-07T09:44:49.875+0000] {logging_mixin.py:188} INFO - [2026-07-07T09:44:49.875+0000] {dag.py:3823} INFO - Setting next_dagrun for example_branch_operator to 2026-07-06 00:00:00+00:00, run_after=2026-07-07 00:00:00+00:00
[2026-07-07T09:44:49.915+0000] {processor.py:183} INFO - Processing /home/airflow/.local/lib/python3.8/site-packages/airflow/example_dags/example_branch_operator.py took 0.194 seconds
[2026-07-07T09:45:20.025+0000] {processor.py:161} INFO - Started process (PID=7215) to work on /home/airflow/.local/lib/python3.8/site-packages/airflow/example_dags/example_branch_operator.py
[2026-07-07T09:45:20.027+0000] {processor.py:830} INFO - Processing file /home/airflow/.local/lib/python3.8/site-packages/airflow/example_dags/example_branch_operator.py for tasks to queue
[2026-07-07T09:45:20.030+0000] {logging_mixin.py:188} INFO - [2026-07-07T09:45:20.029+0000] {dagbag.py:538} INFO - Filling up the DagBag from /home/airflow/.local/lib/python3.8/site-packages/airflow/example_dags/example_branch_operator.py
[2026-07-07T09:45:20.073+0000] {processor.py:840} INFO - DAG(s) 'example_branch_operator' retrieved from /home/airflow/.local/lib/python3.8/site-packages/airflow/example_dags/example_branch_operator.py
[2026-07-07T09:45:20.137+0000] {logging_mixin.py:188} INFO - [2026-07-07T09:45:20.136+0000] {dag.py:3036} INFO - Sync 1 DAGs
[2026-07-07T09:45:20.179+0000] {logging_mixin.py:188} INFO - [2026-07-07T09:45:20.178+0000] {dag.py:3823} INFO - Setting next_dagrun for example_branch_operator to 2026-07-06 00:00:00+00:00, run_after=2026-07-07 00:00:00+00:00
[2026-07-07T09:45:20.220+0000] {processor.py:183} INFO - Processing /home/airflow/.local/lib/python3.8/site-packages/airflow/example_dags/example_branch_operator.py took 0.205 seconds
[2026-07-07T09:45:50.736+0000] {processor.py:161} INFO - Started process (PID=7280) to work on /home/airflow/.local/lib/python3.8/site-packages/airflow/example_dags/example_branch_operator.py
[2026-07-07T09:45:50.739+0000] {processor.py:830} INFO - Processing file /home/airflow/.local/lib/python3.8/site-packages/airflow/example_dags/example_branch_operator.py for tasks to queue
[2026-07-07T09:45:50.741+0000] {logging_mixin.py:188} INFO - [2026-07-07T09:45:50.740+0000] {dagbag.py:538} INFO - Filling up the DagBag from /home/airflow/.local/lib/python3.8/site-packages/airflow/example_dags/example_branch_operator.py
[2026-07-07T09:45:50.793+0000] {processor.py:840} INFO - DAG(s) 'example_branch_operator' retrieved from /home/airflow/.local/lib/python3.8/site-packages/airflow/example_dags/example_branch_operator.py
[2026-07-07T09:45:50.877+0000] {logging_mixin.py:188} INFO - [2026-07-07T09:45:50.877+0000] {dag.py:3036} INFO - Sync 1 DAGs
[2026-07-07T09:45:50.935+0000] {logging_mixin.py:188} INFO - [2026-07-07T09:45:50.934+0000] {dag.py:3823} INFO - Setting next_dagrun for example_branch_operator to 2026-07-06 00:00:00+00:00, run_after=2026-07-07 00:00:00+00:00
[2026-07-07T09:45:50.983+0000] {processor.py:183} INFO - Processing /home/airflow/.local/lib/python3.8/site-packages/airflow/example_dags/example_branch_operator.py took 0.258 seconds
[2026-07-07T09:46:22.202+0000] {processor.py:161} INFO - Started process (PID=7340) to work on /home/airflow/.local/lib/python3.8/site-packages/airflow/example_dags/example_branch_operator.py
[2026-07-07T09:46:22.213+0000] {processor.py:830} INFO - Processing file /home/airflow/.local/lib/python3.8/site-packages/airflow/example_dags/example_branch_operator.py for tasks to queue
[2026-07-07T09:46:22.217+0000] {logging_mixin.py:188} INFO - [2026-07-07T09:46:22.216+0000] {dagbag.py:538} INFO - Filling up the DagBag from /home/airflow/.local/lib/python3.8/site-packages/airflow/example_dags/example_branch_operator.py
[2026-07-07T09:46:22.385+0000] {processor.py:840} INFO - DAG(s) 'example_branch_operator' retrieved from /home/airflow/.local/lib/python3.8/site-packages/airflow/example_dags/example_branch_operator.py
[2026-07-07T09:46:22.584+0000] {logging_mixin.py:188} INFO - [2026-07-07T09:46:22.583+0000] {dag.py:3036} INFO - Sync 1 DAGs
[2026-07-07T09:46:22.691+0000] {logging_mixin.py:188} INFO - [2026-07-07T09:46:22.689+0000] {dag.py:3823} INFO - Setting next_dagrun for example_branch_operator to 2026-07-06 00:00:00+00:00, run_after=2026-07-07 00:00:00+00:00
[2026-07-07T09:46:22.772+0000] {processor.py:183} INFO - Processing /home/airflow/.local/lib/python3.8/site-packages/airflow/example_dags/example_branch_operator.py took 0.602 seconds
[2026-07-07T09:46:53.125+0000] {processor.py:161} INFO - Started process (PID=7405) to work on /home/airflow/.local/lib/python3.8/site-packages/airflow/example_dags/example_branch_operator.py
[2026-07-07T09:46:53.154+0000] {processor.py:830} INFO - Processing file /home/airflow/.local/lib/python3.8/site-packages/airflow/example_dags/example_branch_operator.py for tasks to queue
[2026-07-07T09:46:53.158+0000] {logging_mixin.py:188} INFO - [2026-07-07T09:46:53.157+0000] {dagbag.py:538} INFO - Filling up the DagBag from /home/airflow/.local/lib/python3.8/site-packages/airflow/example_dags/example_branch_operator.py
[2026-07-07T09:46:53.324+0000] {processor.py:840} INFO - DAG(s) 'example_branch_operator' retrieved from /home/airflow/.local/lib/python3.8/site-packages/airflow/example_dags/example_branch_operator.py
[2026-07-07T09:46:53.422+0000] {logging_mixin.py:188} INFO - [2026-07-07T09:46:53.421+0000] {dag.py:3036} INFO - Sync 1 DAGs
[2026-07-07T09:46:53.478+0000] {logging_mixin.py:188} INFO - [2026-07-07T09:46:53.477+0000] {dag.py:3823} INFO - Setting next_dagrun for example_branch_operator to 2026-07-06 00:00:00+00:00, run_after=2026-07-07 00:00:00+00:00
[2026-07-07T09:46:53.519+0000] {processor.py:183} INFO - Processing /home/airflow/.local/lib/python3.8/site-packages/airflow/example_dags/example_branch_operator.py took 0.459 seconds
