[2026-07-07T09:08:36.230+0000] {processor.py:161} INFO - Started process (PID=4155) to work on /home/airflow/.local/lib/python3.8/site-packages/airflow/example_dags/example_bash_operator.py
[2026-07-07T09:08:36.240+0000] {processor.py:830} INFO - Processing file /home/airflow/.local/lib/python3.8/site-packages/airflow/example_dags/example_bash_operator.py for tasks to queue
[2026-07-07T09:08:36.294+0000] {logging_mixin.py:188} INFO - [2026-07-07T09:08:36.244+0000] {dagbag.py:538} INFO - Filling up the DagBag from /home/airflow/.local/lib/python3.8/site-packages/airflow/example_dags/example_bash_operator.py
[2026-07-07T09:08:38.439+0000] {processor.py:840} INFO - DAG(s) 'example_bash_operator' retrieved from /home/airflow/.local/lib/python3.8/site-packages/airflow/example_dags/example_bash_operator.py
[2026-07-07T09:08:41.379+0000] {logging_mixin.py:188} INFO - [2026-07-07T09:08:41.378+0000] {dag.py:3036} INFO - Sync 1 DAGs
[2026-07-07T09:08:42.292+0000] {logging_mixin.py:188} INFO - [2026-07-07T09:08:42.263+0000] {dag.py:3823} INFO - Setting next_dagrun for example_bash_operator to 2026-07-06 00:00:00+00:00, run_after=2026-07-07 00:00:00+00:00
[2026-07-07T09:08:42.824+0000] {processor.py:183} INFO - Processing /home/airflow/.local/lib/python3.8/site-packages/airflow/example_dags/example_bash_operator.py took 6.673 seconds
[2026-07-07T09:09:29.016+0000] {processor.py:161} INFO - Started process (PID=4223) to work on /home/airflow/.local/lib/python3.8/site-packages/airflow/example_dags/example_bash_operator.py
[2026-07-07T09:09:29.023+0000] {processor.py:830} INFO - Processing file /home/airflow/.local/lib/python3.8/site-packages/airflow/example_dags/example_bash_operator.py for tasks to queue
[2026-07-07T09:09:29.025+0000] {logging_mixin.py:188} INFO - [2026-07-07T09:09:29.025+0000] {dagbag.py:538} INFO - Filling up the DagBag from /home/airflow/.local/lib/python3.8/site-packages/airflow/example_dags/example_bash_operator.py
[2026-07-07T09:09:29.067+0000] {processor.py:840} INFO - DAG(s) 'example_bash_operator' retrieved from /home/airflow/.local/lib/python3.8/site-packages/airflow/example_dags/example_bash_operator.py
[2026-07-07T09:09:29.145+0000] {logging_mixin.py:188} INFO - [2026-07-07T09:09:29.145+0000] {dag.py:3036} INFO - Sync 1 DAGs
[2026-07-07T09:09:29.236+0000] {logging_mixin.py:188} INFO - [2026-07-07T09:09:29.235+0000] {dag.py:3823} INFO - Setting next_dagrun for example_bash_operator to 2026-07-06 00:00:00+00:00, run_after=2026-07-07 00:00:00+00:00
[2026-07-07T09:09:29.289+0000] {processor.py:183} INFO - Processing /home/airflow/.local/lib/python3.8/site-packages/airflow/example_dags/example_bash_operator.py took 0.287 seconds
[2026-07-07T09:09:59.674+0000] {processor.py:161} INFO - Started process (PID=4287) to work on /home/airflow/.local/lib/python3.8/site-packages/airflow/example_dags/example_bash_operator.py
[2026-07-07T09:09:59.699+0000] {processor.py:830} INFO - Processing file /home/airflow/.local/lib/python3.8/site-packages/airflow/example_dags/example_bash_operator.py for tasks to queue
[2026-07-07T09:09:59.701+0000] {logging_mixin.py:188} INFO - [2026-07-07T09:09:59.700+0000] {dagbag.py:538} INFO - Filling up the DagBag from /home/airflow/.local/lib/python3.8/site-packages/airflow/example_dags/example_bash_operator.py
[2026-07-07T09:09:59.762+0000] {processor.py:840} INFO - DAG(s) 'example_bash_operator' retrieved from /home/airflow/.local/lib/python3.8/site-packages/airflow/example_dags/example_bash_operator.py
[2026-07-07T09:09:59.865+0000] {logging_mixin.py:188} INFO - [2026-07-07T09:09:59.865+0000] {dag.py:3036} INFO - Sync 1 DAGs
[2026-07-07T09:09:59.917+0000] {logging_mixin.py:188} INFO - [2026-07-07T09:09:59.917+0000] {dag.py:3823} INFO - Setting next_dagrun for example_bash_operator to 2026-07-06 00:00:00+00:00, run_after=2026-07-07 00:00:00+00:00
[2026-07-07T09:09:59.973+0000] {processor.py:183} INFO - Processing /home/airflow/.local/lib/python3.8/site-packages/airflow/example_dags/example_bash_operator.py took 0.307 seconds
[2026-07-07T09:10:30.330+0000] {processor.py:161} INFO - Started process (PID=4354) to work on /home/airflow/.local/lib/python3.8/site-packages/airflow/example_dags/example_bash_operator.py
[2026-07-07T09:10:30.337+0000] {processor.py:830} INFO - Processing file /home/airflow/.local/lib/python3.8/site-packages/airflow/example_dags/example_bash_operator.py for tasks to queue
[2026-07-07T09:10:30.339+0000] {logging_mixin.py:188} INFO - [2026-07-07T09:10:30.338+0000] {dagbag.py:538} INFO - Filling up the DagBag from /home/airflow/.local/lib/python3.8/site-packages/airflow/example_dags/example_bash_operator.py
[2026-07-07T09:10:30.406+0000] {processor.py:840} INFO - DAG(s) 'example_bash_operator' retrieved from /home/airflow/.local/lib/python3.8/site-packages/airflow/example_dags/example_bash_operator.py
[2026-07-07T09:10:30.586+0000] {logging_mixin.py:188} INFO - [2026-07-07T09:10:30.585+0000] {dag.py:3036} INFO - Sync 1 DAGs
[2026-07-07T09:10:30.699+0000] {logging_mixin.py:188} INFO - [2026-07-07T09:10:30.698+0000] {dag.py:3823} INFO - Setting next_dagrun for example_bash_operator to 2026-07-06 00:00:00+00:00, run_after=2026-07-07 00:00:00+00:00
[2026-07-07T09:10:30.792+0000] {processor.py:183} INFO - Processing /home/airflow/.local/lib/python3.8/site-packages/airflow/example_dags/example_bash_operator.py took 0.492 seconds
[2026-07-07T09:11:36.274+0000] {processor.py:161} INFO - Started process (PID=4418) to work on /home/airflow/.local/lib/python3.8/site-packages/airflow/example_dags/example_bash_operator.py
[2026-07-07T09:11:36.327+0000] {processor.py:830} INFO - Processing file /home/airflow/.local/lib/python3.8/site-packages/airflow/example_dags/example_bash_operator.py for tasks to queue
[2026-07-07T09:11:36.342+0000] {logging_mixin.py:188} INFO - [2026-07-07T09:11:36.340+0000] {dagbag.py:538} INFO - Filling up the DagBag from /home/airflow/.local/lib/python3.8/site-packages/airflow/example_dags/example_bash_operator.py
[2026-07-07T09:11:37.066+0000] {processor.py:840} INFO - DAG(s) 'example_bash_operator' retrieved from /home/airflow/.local/lib/python3.8/site-packages/airflow/example_dags/example_bash_operator.py
[2026-07-07T09:11:40.547+0000] {logging_mixin.py:188} INFO - [2026-07-07T09:11:40.547+0000] {dag.py:3036} INFO - Sync 1 DAGs
[2026-07-07T09:11:43.035+0000] {logging_mixin.py:188} INFO - [2026-07-07T09:11:43.017+0000] {dag.py:3823} INFO - Setting next_dagrun for example_bash_operator to 2026-07-06 00:00:00+00:00, run_after=2026-07-07 00:00:00+00:00
[2026-07-07T09:11:45.608+0000] {processor.py:183} INFO - Processing /home/airflow/.local/lib/python3.8/site-packages/airflow/example_dags/example_bash_operator.py took 9.520 seconds
[2026-07-07T09:17:12.709+0000] {processor.py:161} INFO - Started process (PID=4561) to work on /home/airflow/.local/lib/python3.8/site-packages/airflow/example_dags/example_bash_operator.py
[2026-07-07T09:17:12.835+0000] {processor.py:830} INFO - Processing file /home/airflow/.local/lib/python3.8/site-packages/airflow/example_dags/example_bash_operator.py for tasks to queue
[2026-07-07T09:17:12.948+0000] {logging_mixin.py:188} INFO - [2026-07-07T09:17:12.871+0000] {dagbag.py:538} INFO - Filling up the DagBag from /home/airflow/.local/lib/python3.8/site-packages/airflow/example_dags/example_bash_operator.py
[2026-07-07T09:17:15.025+0000] {processor.py:840} INFO - DAG(s) 'example_bash_operator' retrieved from /home/airflow/.local/lib/python3.8/site-packages/airflow/example_dags/example_bash_operator.py
[2026-07-07T09:17:19.371+0000] {logging_mixin.py:188} INFO - [2026-07-07T09:17:19.371+0000] {dag.py:3036} INFO - Sync 1 DAGs
[2026-07-07T09:17:33.295+0000] {logging_mixin.py:188} INFO - [2026-07-07T09:17:33.274+0000] {dag.py:3823} INFO - Setting next_dagrun for example_bash_operator to 2026-07-06 00:00:00+00:00, run_after=2026-07-07 00:00:00+00:00
[2026-07-07T09:17:33.684+0000] {processor.py:183} INFO - Processing /home/airflow/.local/lib/python3.8/site-packages/airflow/example_dags/example_bash_operator.py took 23.823 seconds
[2026-07-07T09:22:14.158+0000] {processor.py:161} INFO - Started process (PID=4711) to work on /home/airflow/.local/lib/python3.8/site-packages/airflow/example_dags/example_bash_operator.py
[2026-07-07T09:22:14.196+0000] {processor.py:830} INFO - Processing file /home/airflow/.local/lib/python3.8/site-packages/airflow/example_dags/example_bash_operator.py for tasks to queue
[2026-07-07T09:22:14.198+0000] {logging_mixin.py:188} INFO - [2026-07-07T09:22:14.197+0000] {dagbag.py:538} INFO - Filling up the DagBag from /home/airflow/.local/lib/python3.8/site-packages/airflow/example_dags/example_bash_operator.py
[2026-07-07T09:22:15.626+0000] {processor.py:840} INFO - DAG(s) 'example_bash_operator' retrieved from /home/airflow/.local/lib/python3.8/site-packages/airflow/example_dags/example_bash_operator.py
[2026-07-07T09:22:17.087+0000] {logging_mixin.py:188} INFO - [2026-07-07T09:22:17.086+0000] {dag.py:3036} INFO - Sync 1 DAGs
[2026-07-07T09:22:18.037+0000] {logging_mixin.py:188} INFO - [2026-07-07T09:22:18.036+0000] {dag.py:3823} INFO - Setting next_dagrun for example_bash_operator to 2026-07-06 00:00:00+00:00, run_after=2026-07-07 00:00:00+00:00
[2026-07-07T09:22:18.308+0000] {processor.py:183} INFO - Processing /home/airflow/.local/lib/python3.8/site-packages/airflow/example_dags/example_bash_operator.py took 4.455 seconds
[2026-07-07T09:24:56.288+0000] {processor.py:161} INFO - Started process (PID=4811) to work on /home/airflow/.local/lib/python3.8/site-packages/airflow/example_dags/example_bash_operator.py
[2026-07-07T09:24:56.299+0000] {processor.py:830} INFO - Processing file /home/airflow/.local/lib/python3.8/site-packages/airflow/example_dags/example_bash_operator.py for tasks to queue
[2026-07-07T09:24:56.318+0000] {logging_mixin.py:188} INFO - [2026-07-07T09:24:56.301+0000] {dagbag.py:538} INFO - Filling up the DagBag from /home/airflow/.local/lib/python3.8/site-packages/airflow/example_dags/example_bash_operator.py
[2026-07-07T09:24:56.648+0000] {processor.py:840} INFO - DAG(s) 'example_bash_operator' retrieved from /home/airflow/.local/lib/python3.8/site-packages/airflow/example_dags/example_bash_operator.py
[2026-07-07T09:24:57.556+0000] {logging_mixin.py:188} INFO - [2026-07-07T09:24:57.555+0000] {dag.py:3036} INFO - Sync 1 DAGs
[2026-07-07T09:24:58.305+0000] {logging_mixin.py:188} INFO - [2026-07-07T09:24:58.304+0000] {dag.py:3823} INFO - Setting next_dagrun for example_bash_operator to 2026-07-06 00:00:00+00:00, run_after=2026-07-07 00:00:00+00:00
[2026-07-07T09:24:59.217+0000] {processor.py:183} INFO - Processing /home/airflow/.local/lib/python3.8/site-packages/airflow/example_dags/example_bash_operator.py took 3.025 seconds
[2026-07-07T09:26:10.040+0000] {processor.py:161} INFO - Started process (PID=4876) to work on /home/airflow/.local/lib/python3.8/site-packages/airflow/example_dags/example_bash_operator.py
[2026-07-07T09:26:10.045+0000] {processor.py:830} INFO - Processing file /home/airflow/.local/lib/python3.8/site-packages/airflow/example_dags/example_bash_operator.py for tasks to queue
[2026-07-07T09:26:10.048+0000] {logging_mixin.py:188} INFO - [2026-07-07T09:26:10.047+0000] {dagbag.py:538} INFO - Filling up the DagBag from /home/airflow/.local/lib/python3.8/site-packages/airflow/example_dags/example_bash_operator.py
[2026-07-07T09:26:10.139+0000] {processor.py:840} INFO - DAG(s) 'example_bash_operator' retrieved from /home/airflow/.local/lib/python3.8/site-packages/airflow/example_dags/example_bash_operator.py
[2026-07-07T09:26:10.321+0000] {logging_mixin.py:188} INFO - [2026-07-07T09:26:10.321+0000] {dag.py:3036} INFO - Sync 1 DAGs
[2026-07-07T09:26:10.475+0000] {logging_mixin.py:188} INFO - [2026-07-07T09:26:10.468+0000] {dag.py:3823} INFO - Setting next_dagrun for example_bash_operator to 2026-07-06 00:00:00+00:00, run_after=2026-07-07 00:00:00+00:00
[2026-07-07T09:26:10.573+0000] {processor.py:183} INFO - Processing /home/airflow/.local/lib/python3.8/site-packages/airflow/example_dags/example_bash_operator.py took 0.543 seconds
[2026-07-07T09:26:43.073+0000] {processor.py:161} INFO - Started process (PID=4943) to work on /home/airflow/.local/lib/python3.8/site-packages/airflow/example_dags/example_bash_operator.py
[2026-07-07T09:26:43.076+0000] {processor.py:830} INFO - Processing file /home/airflow/.local/lib/python3.8/site-packages/airflow/example_dags/example_bash_operator.py for tasks to queue
[2026-07-07T09:26:43.078+0000] {logging_mixin.py:188} INFO - [2026-07-07T09:26:43.078+0000] {dagbag.py:538} INFO - Filling up the DagBag from /home/airflow/.local/lib/python3.8/site-packages/airflow/example_dags/example_bash_operator.py
[2026-07-07T09:26:43.141+0000] {processor.py:840} INFO - DAG(s) 'example_bash_operator' retrieved from /home/airflow/.local/lib/python3.8/site-packages/airflow/example_dags/example_bash_operator.py
[2026-07-07T09:26:43.326+0000] {logging_mixin.py:188} INFO - [2026-07-07T09:26:43.326+0000] {dag.py:3036} INFO - Sync 1 DAGs
[2026-07-07T09:26:43.458+0000] {logging_mixin.py:188} INFO - [2026-07-07T09:26:43.457+0000] {dag.py:3823} INFO - Setting next_dagrun for example_bash_operator to 2026-07-06 00:00:00+00:00, run_after=2026-07-07 00:00:00+00:00
[2026-07-07T09:26:43.532+0000] {processor.py:183} INFO - Processing /home/airflow/.local/lib/python3.8/site-packages/airflow/example_dags/example_bash_operator.py took 0.473 seconds
[2026-07-07T09:27:16.651+0000] {processor.py:161} INFO - Started process (PID=5002) to work on /home/airflow/.local/lib/python3.8/site-packages/airflow/example_dags/example_bash_operator.py
[2026-07-07T09:27:16.667+0000] {processor.py:830} INFO - Processing file /home/airflow/.local/lib/python3.8/site-packages/airflow/example_dags/example_bash_operator.py for tasks to queue
[2026-07-07T09:27:16.670+0000] {logging_mixin.py:188} INFO - [2026-07-07T09:27:16.669+0000] {dagbag.py:538} INFO - Filling up the DagBag from /home/airflow/.local/lib/python3.8/site-packages/airflow/example_dags/example_bash_operator.py
[2026-07-07T09:27:16.727+0000] {processor.py:840} INFO - DAG(s) 'example_bash_operator' retrieved from /home/airflow/.local/lib/python3.8/site-packages/airflow/example_dags/example_bash_operator.py
[2026-07-07T09:27:16.858+0000] {logging_mixin.py:188} INFO - [2026-07-07T09:27:16.855+0000] {dag.py:3036} INFO - Sync 1 DAGs
[2026-07-07T09:27:16.959+0000] {logging_mixin.py:188} INFO - [2026-07-07T09:27:16.958+0000] {dag.py:3823} INFO - Setting next_dagrun for example_bash_operator to 2026-07-06 00:00:00+00:00, run_after=2026-07-07 00:00:00+00:00
[2026-07-07T09:27:17.019+0000] {processor.py:183} INFO - Processing /home/airflow/.local/lib/python3.8/site-packages/airflow/example_dags/example_bash_operator.py took 0.391 seconds
[2026-07-07T09:27:48.806+0000] {processor.py:161} INFO - Started process (PID=5067) to work on /home/airflow/.local/lib/python3.8/site-packages/airflow/example_dags/example_bash_operator.py
[2026-07-07T09:27:48.810+0000] {processor.py:830} INFO - Processing file /home/airflow/.local/lib/python3.8/site-packages/airflow/example_dags/example_bash_operator.py for tasks to queue
[2026-07-07T09:27:48.824+0000] {logging_mixin.py:188} INFO - [2026-07-07T09:27:48.824+0000] {dagbag.py:538} INFO - Filling up the DagBag from /home/airflow/.local/lib/python3.8/site-packages/airflow/example_dags/example_bash_operator.py
[2026-07-07T09:27:48.929+0000] {processor.py:840} INFO - DAG(s) 'example_bash_operator' retrieved from /home/airflow/.local/lib/python3.8/site-packages/airflow/example_dags/example_bash_operator.py
[2026-07-07T09:27:49.042+0000] {logging_mixin.py:188} INFO - [2026-07-07T09:27:49.041+0000] {dag.py:3036} INFO - Sync 1 DAGs
[2026-07-07T09:27:49.150+0000] {logging_mixin.py:188} INFO - [2026-07-07T09:27:49.149+0000] {dag.py:3823} INFO - Setting next_dagrun for example_bash_operator to 2026-07-06 00:00:00+00:00, run_after=2026-07-07 00:00:00+00:00
[2026-07-07T09:27:49.334+0000] {processor.py:183} INFO - Processing /home/airflow/.local/lib/python3.8/site-packages/airflow/example_dags/example_bash_operator.py took 0.538 seconds
[2026-07-07T09:28:30.273+0000] {processor.py:161} INFO - Started process (PID=5134) to work on /home/airflow/.local/lib/python3.8/site-packages/airflow/example_dags/example_bash_operator.py
[2026-07-07T09:28:30.303+0000] {processor.py:830} INFO - Processing file /home/airflow/.local/lib/python3.8/site-packages/airflow/example_dags/example_bash_operator.py for tasks to queue
[2026-07-07T09:28:30.305+0000] {logging_mixin.py:188} INFO - [2026-07-07T09:28:30.304+0000] {dagbag.py:538} INFO - Filling up the DagBag from /home/airflow/.local/lib/python3.8/site-packages/airflow/example_dags/example_bash_operator.py
[2026-07-07T09:28:30.491+0000] {processor.py:840} INFO - DAG(s) 'example_bash_operator' retrieved from /home/airflow/.local/lib/python3.8/site-packages/airflow/example_dags/example_bash_operator.py
[2026-07-07T09:28:31.477+0000] {logging_mixin.py:188} INFO - [2026-07-07T09:28:31.476+0000] {dag.py:3036} INFO - Sync 1 DAGs
[2026-07-07T09:28:31.952+0000] {logging_mixin.py:188} INFO - [2026-07-07T09:28:31.952+0000] {dag.py:3823} INFO - Setting next_dagrun for example_bash_operator to 2026-07-06 00:00:00+00:00, run_after=2026-07-07 00:00:00+00:00
[2026-07-07T09:28:32.388+0000] {processor.py:183} INFO - Processing /home/airflow/.local/lib/python3.8/site-packages/airflow/example_dags/example_bash_operator.py took 2.163 seconds
[2026-07-07T09:29:02.984+0000] {processor.py:161} INFO - Started process (PID=5200) to work on /home/airflow/.local/lib/python3.8/site-packages/airflow/example_dags/example_bash_operator.py
[2026-07-07T09:29:02.987+0000] {processor.py:830} INFO - Processing file /home/airflow/.local/lib/python3.8/site-packages/airflow/example_dags/example_bash_operator.py for tasks to queue
[2026-07-07T09:29:02.989+0000] {logging_mixin.py:188} INFO - [2026-07-07T09:29:02.988+0000] {dagbag.py:538} INFO - Filling up the DagBag from /home/airflow/.local/lib/python3.8/site-packages/airflow/example_dags/example_bash_operator.py
[2026-07-07T09:29:03.053+0000] {processor.py:840} INFO - DAG(s) 'example_bash_operator' retrieved from /home/airflow/.local/lib/python3.8/site-packages/airflow/example_dags/example_bash_operator.py
[2026-07-07T09:29:03.264+0000] {logging_mixin.py:188} INFO - [2026-07-07T09:29:03.264+0000] {dag.py:3036} INFO - Sync 1 DAGs
[2026-07-07T09:29:03.518+0000] {logging_mixin.py:188} INFO - [2026-07-07T09:29:03.517+0000] {dag.py:3823} INFO - Setting next_dagrun for example_bash_operator to 2026-07-06 00:00:00+00:00, run_after=2026-07-07 00:00:00+00:00
[2026-07-07T09:29:03.687+0000] {processor.py:183} INFO - Processing /home/airflow/.local/lib/python3.8/site-packages/airflow/example_dags/example_bash_operator.py took 0.733 seconds
[2026-07-07T09:29:34.349+0000] {processor.py:161} INFO - Started process (PID=5259) to work on /home/airflow/.local/lib/python3.8/site-packages/airflow/example_dags/example_bash_operator.py
[2026-07-07T09:29:34.368+0000] {processor.py:830} INFO - Processing file /home/airflow/.local/lib/python3.8/site-packages/airflow/example_dags/example_bash_operator.py for tasks to queue
[2026-07-07T09:29:34.371+0000] {logging_mixin.py:188} INFO - [2026-07-07T09:29:34.370+0000] {dagbag.py:538} INFO - Filling up the DagBag from /home/airflow/.local/lib/python3.8/site-packages/airflow/example_dags/example_bash_operator.py
[2026-07-07T09:29:34.447+0000] {processor.py:840} INFO - DAG(s) 'example_bash_operator' retrieved from /home/airflow/.local/lib/python3.8/site-packages/airflow/example_dags/example_bash_operator.py
[2026-07-07T09:29:34.813+0000] {logging_mixin.py:188} INFO - [2026-07-07T09:29:34.812+0000] {dag.py:3036} INFO - Sync 1 DAGs
[2026-07-07T09:29:35.053+0000] {logging_mixin.py:188} INFO - [2026-07-07T09:29:35.043+0000] {dag.py:3823} INFO - Setting next_dagrun for example_bash_operator to 2026-07-06 00:00:00+00:00, run_after=2026-07-07 00:00:00+00:00
[2026-07-07T09:29:35.336+0000] {processor.py:183} INFO - Processing /home/airflow/.local/lib/python3.8/site-packages/airflow/example_dags/example_bash_operator.py took 1.024 seconds
[2026-07-07T09:30:05.675+0000] {processor.py:161} INFO - Started process (PID=5325) to work on /home/airflow/.local/lib/python3.8/site-packages/airflow/example_dags/example_bash_operator.py
[2026-07-07T09:30:05.678+0000] {processor.py:830} INFO - Processing file /home/airflow/.local/lib/python3.8/site-packages/airflow/example_dags/example_bash_operator.py for tasks to queue
[2026-07-07T09:30:05.684+0000] {logging_mixin.py:188} INFO - [2026-07-07T09:30:05.680+0000] {dagbag.py:538} INFO - Filling up the DagBag from /home/airflow/.local/lib/python3.8/site-packages/airflow/example_dags/example_bash_operator.py
[2026-07-07T09:30:05.749+0000] {processor.py:840} INFO - DAG(s) 'example_bash_operator' retrieved from /home/airflow/.local/lib/python3.8/site-packages/airflow/example_dags/example_bash_operator.py
[2026-07-07T09:30:05.942+0000] {logging_mixin.py:188} INFO - [2026-07-07T09:30:05.941+0000] {dag.py:3036} INFO - Sync 1 DAGs
[2026-07-07T09:30:06.054+0000] {logging_mixin.py:188} INFO - [2026-07-07T09:30:06.053+0000] {dag.py:3823} INFO - Setting next_dagrun for example_bash_operator to 2026-07-06 00:00:00+00:00, run_after=2026-07-07 00:00:00+00:00
[2026-07-07T09:30:06.124+0000] {processor.py:183} INFO - Processing /home/airflow/.local/lib/python3.8/site-packages/airflow/example_dags/example_bash_operator.py took 0.472 seconds
[2026-07-07T09:30:37.126+0000] {processor.py:161} INFO - Started process (PID=5384) to work on /home/airflow/.local/lib/python3.8/site-packages/airflow/example_dags/example_bash_operator.py
[2026-07-07T09:30:37.138+0000] {processor.py:830} INFO - Processing file /home/airflow/.local/lib/python3.8/site-packages/airflow/example_dags/example_bash_operator.py for tasks to queue
[2026-07-07T09:30:37.140+0000] {logging_mixin.py:188} INFO - [2026-07-07T09:30:37.139+0000] {dagbag.py:538} INFO - Filling up the DagBag from /home/airflow/.local/lib/python3.8/site-packages/airflow/example_dags/example_bash_operator.py
[2026-07-07T09:30:37.184+0000] {processor.py:840} INFO - DAG(s) 'example_bash_operator' retrieved from /home/airflow/.local/lib/python3.8/site-packages/airflow/example_dags/example_bash_operator.py
[2026-07-07T09:30:37.277+0000] {logging_mixin.py:188} INFO - [2026-07-07T09:30:37.276+0000] {dag.py:3036} INFO - Sync 1 DAGs
[2026-07-07T09:30:37.361+0000] {logging_mixin.py:188} INFO - [2026-07-07T09:30:37.361+0000] {dag.py:3823} INFO - Setting next_dagrun for example_bash_operator to 2026-07-06 00:00:00+00:00, run_after=2026-07-07 00:00:00+00:00
[2026-07-07T09:30:37.424+0000] {processor.py:183} INFO - Processing /home/airflow/.local/lib/python3.8/site-packages/airflow/example_dags/example_bash_operator.py took 0.309 seconds
[2026-07-07T09:31:16.287+0000] {processor.py:161} INFO - Started process (PID=5451) to work on /home/airflow/.local/lib/python3.8/site-packages/airflow/example_dags/example_bash_operator.py
[2026-07-07T09:31:16.303+0000] {processor.py:830} INFO - Processing file /home/airflow/.local/lib/python3.8/site-packages/airflow/example_dags/example_bash_operator.py for tasks to queue
[2026-07-07T09:31:16.311+0000] {logging_mixin.py:188} INFO - [2026-07-07T09:31:16.310+0000] {dagbag.py:538} INFO - Filling up the DagBag from /home/airflow/.local/lib/python3.8/site-packages/airflow/example_dags/example_bash_operator.py
[2026-07-07T09:31:16.429+0000] {processor.py:840} INFO - DAG(s) 'example_bash_operator' retrieved from /home/airflow/.local/lib/python3.8/site-packages/airflow/example_dags/example_bash_operator.py
[2026-07-07T09:31:16.628+0000] {logging_mixin.py:188} INFO - [2026-07-07T09:31:16.628+0000] {dag.py:3036} INFO - Sync 1 DAGs
[2026-07-07T09:31:16.832+0000] {logging_mixin.py:188} INFO - [2026-07-07T09:31:16.832+0000] {dag.py:3823} INFO - Setting next_dagrun for example_bash_operator to 2026-07-06 00:00:00+00:00, run_after=2026-07-07 00:00:00+00:00
[2026-07-07T09:31:16.976+0000] {processor.py:183} INFO - Processing /home/airflow/.local/lib/python3.8/site-packages/airflow/example_dags/example_bash_operator.py took 0.711 seconds
[2026-07-07T09:31:50.695+0000] {processor.py:161} INFO - Started process (PID=5517) to work on /home/airflow/.local/lib/python3.8/site-packages/airflow/example_dags/example_bash_operator.py
[2026-07-07T09:31:50.698+0000] {processor.py:830} INFO - Processing file /home/airflow/.local/lib/python3.8/site-packages/airflow/example_dags/example_bash_operator.py for tasks to queue
[2026-07-07T09:31:50.701+0000] {logging_mixin.py:188} INFO - [2026-07-07T09:31:50.701+0000] {dagbag.py:538} INFO - Filling up the DagBag from /home/airflow/.local/lib/python3.8/site-packages/airflow/example_dags/example_bash_operator.py
[2026-07-07T09:31:50.788+0000] {processor.py:840} INFO - DAG(s) 'example_bash_operator' retrieved from /home/airflow/.local/lib/python3.8/site-packages/airflow/example_dags/example_bash_operator.py
[2026-07-07T09:31:51.339+0000] {logging_mixin.py:188} INFO - [2026-07-07T09:31:51.339+0000] {dag.py:3036} INFO - Sync 1 DAGs
[2026-07-07T09:31:51.551+0000] {logging_mixin.py:188} INFO - [2026-07-07T09:31:51.550+0000] {dag.py:3823} INFO - Setting next_dagrun for example_bash_operator to 2026-07-06 00:00:00+00:00, run_after=2026-07-07 00:00:00+00:00
[2026-07-07T09:31:51.810+0000] {processor.py:183} INFO - Processing /home/airflow/.local/lib/python3.8/site-packages/airflow/example_dags/example_bash_operator.py took 1.166 seconds
[2026-07-07T09:32:22.608+0000] {processor.py:161} INFO - Started process (PID=5575) to work on /home/airflow/.local/lib/python3.8/site-packages/airflow/example_dags/example_bash_operator.py
[2026-07-07T09:32:22.615+0000] {processor.py:830} INFO - Processing file /home/airflow/.local/lib/python3.8/site-packages/airflow/example_dags/example_bash_operator.py for tasks to queue
[2026-07-07T09:32:22.627+0000] {logging_mixin.py:188} INFO - [2026-07-07T09:32:22.617+0000] {dagbag.py:538} INFO - Filling up the DagBag from /home/airflow/.local/lib/python3.8/site-packages/airflow/example_dags/example_bash_operator.py
[2026-07-07T09:32:22.669+0000] {processor.py:840} INFO - DAG(s) 'example_bash_operator' retrieved from /home/airflow/.local/lib/python3.8/site-packages/airflow/example_dags/example_bash_operator.py
[2026-07-07T09:32:22.784+0000] {logging_mixin.py:188} INFO - [2026-07-07T09:32:22.783+0000] {dag.py:3036} INFO - Sync 1 DAGs
[2026-07-07T09:32:22.846+0000] {logging_mixin.py:188} INFO - [2026-07-07T09:32:22.845+0000] {dag.py:3823} INFO - Setting next_dagrun for example_bash_operator to 2026-07-06 00:00:00+00:00, run_after=2026-07-07 00:00:00+00:00
[2026-07-07T09:32:22.908+0000] {processor.py:183} INFO - Processing /home/airflow/.local/lib/python3.8/site-packages/airflow/example_dags/example_bash_operator.py took 0.310 seconds
[2026-07-07T09:32:53.624+0000] {processor.py:161} INFO - Started process (PID=5643) to work on /home/airflow/.local/lib/python3.8/site-packages/airflow/example_dags/example_bash_operator.py
[2026-07-07T09:32:53.627+0000] {processor.py:830} INFO - Processing file /home/airflow/.local/lib/python3.8/site-packages/airflow/example_dags/example_bash_operator.py for tasks to queue
[2026-07-07T09:32:53.634+0000] {logging_mixin.py:188} INFO - [2026-07-07T09:32:53.629+0000] {dagbag.py:538} INFO - Filling up the DagBag from /home/airflow/.local/lib/python3.8/site-packages/airflow/example_dags/example_bash_operator.py
[2026-07-07T09:32:53.735+0000] {processor.py:840} INFO - DAG(s) 'example_bash_operator' retrieved from /home/airflow/.local/lib/python3.8/site-packages/airflow/example_dags/example_bash_operator.py
[2026-07-07T09:32:53.870+0000] {logging_mixin.py:188} INFO - [2026-07-07T09:32:53.870+0000] {dag.py:3036} INFO - Sync 1 DAGs
[2026-07-07T09:32:53.970+0000] {logging_mixin.py:188} INFO - [2026-07-07T09:32:53.969+0000] {dag.py:3823} INFO - Setting next_dagrun for example_bash_operator to 2026-07-06 00:00:00+00:00, run_after=2026-07-07 00:00:00+00:00
[2026-07-07T09:32:54.053+0000] {processor.py:183} INFO - Processing /home/airflow/.local/lib/python3.8/site-packages/airflow/example_dags/example_bash_operator.py took 0.444 seconds
[2026-07-07T09:33:24.777+0000] {processor.py:161} INFO - Started process (PID=5709) to work on /home/airflow/.local/lib/python3.8/site-packages/airflow/example_dags/example_bash_operator.py
[2026-07-07T09:33:24.786+0000] {processor.py:830} INFO - Processing file /home/airflow/.local/lib/python3.8/site-packages/airflow/example_dags/example_bash_operator.py for tasks to queue
[2026-07-07T09:33:24.794+0000] {logging_mixin.py:188} INFO - [2026-07-07T09:33:24.792+0000] {dagbag.py:538} INFO - Filling up the DagBag from /home/airflow/.local/lib/python3.8/site-packages/airflow/example_dags/example_bash_operator.py
[2026-07-07T09:33:24.899+0000] {processor.py:840} INFO - DAG(s) 'example_bash_operator' retrieved from /home/airflow/.local/lib/python3.8/site-packages/airflow/example_dags/example_bash_operator.py
[2026-07-07T09:33:25.130+0000] {logging_mixin.py:188} INFO - [2026-07-07T09:33:25.129+0000] {dag.py:3036} INFO - Sync 1 DAGs
[2026-07-07T09:33:25.329+0000] {logging_mixin.py:188} INFO - [2026-07-07T09:33:25.328+0000] {dag.py:3823} INFO - Setting next_dagrun for example_bash_operator to 2026-07-06 00:00:00+00:00, run_after=2026-07-07 00:00:00+00:00
[2026-07-07T09:33:25.389+0000] {processor.py:183} INFO - Processing /home/airflow/.local/lib/python3.8/site-packages/airflow/example_dags/example_bash_operator.py took 0.631 seconds
[2026-07-07T09:33:55.476+0000] {processor.py:161} INFO - Started process (PID=5769) to work on /home/airflow/.local/lib/python3.8/site-packages/airflow/example_dags/example_bash_operator.py
[2026-07-07T09:33:55.495+0000] {processor.py:830} INFO - Processing file /home/airflow/.local/lib/python3.8/site-packages/airflow/example_dags/example_bash_operator.py for tasks to queue
[2026-07-07T09:33:55.498+0000] {logging_mixin.py:188} INFO - [2026-07-07T09:33:55.497+0000] {dagbag.py:538} INFO - Filling up the DagBag from /home/airflow/.local/lib/python3.8/site-packages/airflow/example_dags/example_bash_operator.py
[2026-07-07T09:33:55.550+0000] {processor.py:840} INFO - DAG(s) 'example_bash_operator' retrieved from /home/airflow/.local/lib/python3.8/site-packages/airflow/example_dags/example_bash_operator.py
[2026-07-07T09:33:55.663+0000] {logging_mixin.py:188} INFO - [2026-07-07T09:33:55.663+0000] {dag.py:3036} INFO - Sync 1 DAGs
[2026-07-07T09:33:55.723+0000] {logging_mixin.py:188} INFO - [2026-07-07T09:33:55.722+0000] {dag.py:3823} INFO - Setting next_dagrun for example_bash_operator to 2026-07-06 00:00:00+00:00, run_after=2026-07-07 00:00:00+00:00
[2026-07-07T09:33:55.791+0000] {processor.py:183} INFO - Processing /home/airflow/.local/lib/python3.8/site-packages/airflow/example_dags/example_bash_operator.py took 0.326 seconds
[2026-07-07T09:34:26.090+0000] {processor.py:161} INFO - Started process (PID=5836) to work on /home/airflow/.local/lib/python3.8/site-packages/airflow/example_dags/example_bash_operator.py
[2026-07-07T09:34:26.096+0000] {processor.py:830} INFO - Processing file /home/airflow/.local/lib/python3.8/site-packages/airflow/example_dags/example_bash_operator.py for tasks to queue
[2026-07-07T09:34:26.100+0000] {logging_mixin.py:188} INFO - [2026-07-07T09:34:26.098+0000] {dagbag.py:538} INFO - Filling up the DagBag from /home/airflow/.local/lib/python3.8/site-packages/airflow/example_dags/example_bash_operator.py
[2026-07-07T09:34:26.203+0000] {processor.py:840} INFO - DAG(s) 'example_bash_operator' retrieved from /home/airflow/.local/lib/python3.8/site-packages/airflow/example_dags/example_bash_operator.py
[2026-07-07T09:34:26.353+0000] {logging_mixin.py:188} INFO - [2026-07-07T09:34:26.353+0000] {dag.py:3036} INFO - Sync 1 DAGs
[2026-07-07T09:34:26.444+0000] {logging_mixin.py:188} INFO - [2026-07-07T09:34:26.443+0000] {dag.py:3823} INFO - Setting next_dagrun for example_bash_operator to 2026-07-06 00:00:00+00:00, run_after=2026-07-07 00:00:00+00:00
[2026-07-07T09:34:26.514+0000] {processor.py:183} INFO - Processing /home/airflow/.local/lib/python3.8/site-packages/airflow/example_dags/example_bash_operator.py took 0.447 seconds
[2026-07-07T09:34:57.182+0000] {processor.py:161} INFO - Started process (PID=5903) to work on /home/airflow/.local/lib/python3.8/site-packages/airflow/example_dags/example_bash_operator.py
[2026-07-07T09:34:57.185+0000] {processor.py:830} INFO - Processing file /home/airflow/.local/lib/python3.8/site-packages/airflow/example_dags/example_bash_operator.py for tasks to queue
[2026-07-07T09:34:57.188+0000] {logging_mixin.py:188} INFO - [2026-07-07T09:34:57.187+0000] {dagbag.py:538} INFO - Filling up the DagBag from /home/airflow/.local/lib/python3.8/site-packages/airflow/example_dags/example_bash_operator.py
[2026-07-07T09:34:57.234+0000] {processor.py:840} INFO - DAG(s) 'example_bash_operator' retrieved from /home/airflow/.local/lib/python3.8/site-packages/airflow/example_dags/example_bash_operator.py
[2026-07-07T09:34:57.347+0000] {logging_mixin.py:188} INFO - [2026-07-07T09:34:57.346+0000] {dag.py:3036} INFO - Sync 1 DAGs
[2026-07-07T09:34:57.468+0000] {logging_mixin.py:188} INFO - [2026-07-07T09:34:57.467+0000] {dag.py:3823} INFO - Setting next_dagrun for example_bash_operator to 2026-07-06 00:00:00+00:00, run_after=2026-07-07 00:00:00+00:00
[2026-07-07T09:34:57.598+0000] {processor.py:183} INFO - Processing /home/airflow/.local/lib/python3.8/site-packages/airflow/example_dags/example_bash_operator.py took 0.434 seconds
[2026-07-07T09:35:27.980+0000] {processor.py:161} INFO - Started process (PID=5962) to work on /home/airflow/.local/lib/python3.8/site-packages/airflow/example_dags/example_bash_operator.py
[2026-07-07T09:35:27.989+0000] {processor.py:830} INFO - Processing file /home/airflow/.local/lib/python3.8/site-packages/airflow/example_dags/example_bash_operator.py for tasks to queue
[2026-07-07T09:35:27.994+0000] {logging_mixin.py:188} INFO - [2026-07-07T09:35:27.993+0000] {dagbag.py:538} INFO - Filling up the DagBag from /home/airflow/.local/lib/python3.8/site-packages/airflow/example_dags/example_bash_operator.py
[2026-07-07T09:35:28.038+0000] {processor.py:840} INFO - DAG(s) 'example_bash_operator' retrieved from /home/airflow/.local/lib/python3.8/site-packages/airflow/example_dags/example_bash_operator.py
[2026-07-07T09:35:28.254+0000] {logging_mixin.py:188} INFO - [2026-07-07T09:35:28.253+0000] {dag.py:3036} INFO - Sync 1 DAGs
[2026-07-07T09:35:28.363+0000] {logging_mixin.py:188} INFO - [2026-07-07T09:35:28.362+0000] {dag.py:3823} INFO - Setting next_dagrun for example_bash_operator to 2026-07-06 00:00:00+00:00, run_after=2026-07-07 00:00:00+00:00
[2026-07-07T09:35:28.421+0000] {processor.py:183} INFO - Processing /home/airflow/.local/lib/python3.8/site-packages/airflow/example_dags/example_bash_operator.py took 0.449 seconds
[2026-07-07T09:35:58.809+0000] {processor.py:161} INFO - Started process (PID=6035) to work on /home/airflow/.local/lib/python3.8/site-packages/airflow/example_dags/example_bash_operator.py
[2026-07-07T09:35:58.812+0000] {processor.py:830} INFO - Processing file /home/airflow/.local/lib/python3.8/site-packages/airflow/example_dags/example_bash_operator.py for tasks to queue
[2026-07-07T09:35:58.814+0000] {logging_mixin.py:188} INFO - [2026-07-07T09:35:58.813+0000] {dagbag.py:538} INFO - Filling up the DagBag from /home/airflow/.local/lib/python3.8/site-packages/airflow/example_dags/example_bash_operator.py
[2026-07-07T09:35:58.893+0000] {processor.py:840} INFO - DAG(s) 'example_bash_operator' retrieved from /home/airflow/.local/lib/python3.8/site-packages/airflow/example_dags/example_bash_operator.py
[2026-07-07T09:35:59.020+0000] {logging_mixin.py:188} INFO - [2026-07-07T09:35:59.020+0000] {dag.py:3036} INFO - Sync 1 DAGs
[2026-07-07T09:35:59.096+0000] {logging_mixin.py:188} INFO - [2026-07-07T09:35:59.094+0000] {dag.py:3823} INFO - Setting next_dagrun for example_bash_operator to 2026-07-06 00:00:00+00:00, run_after=2026-07-07 00:00:00+00:00
[2026-07-07T09:35:59.162+0000] {processor.py:183} INFO - Processing /home/airflow/.local/lib/python3.8/site-packages/airflow/example_dags/example_bash_operator.py took 0.369 seconds
[2026-07-07T09:36:29.931+0000] {processor.py:161} INFO - Started process (PID=6098) to work on /home/airflow/.local/lib/python3.8/site-packages/airflow/example_dags/example_bash_operator.py
[2026-07-07T09:36:29.935+0000] {processor.py:830} INFO - Processing file /home/airflow/.local/lib/python3.8/site-packages/airflow/example_dags/example_bash_operator.py for tasks to queue
[2026-07-07T09:36:29.938+0000] {logging_mixin.py:188} INFO - [2026-07-07T09:36:29.937+0000] {dagbag.py:538} INFO - Filling up the DagBag from /home/airflow/.local/lib/python3.8/site-packages/airflow/example_dags/example_bash_operator.py
[2026-07-07T09:36:30.204+0000] {processor.py:840} INFO - DAG(s) 'example_bash_operator' retrieved from /home/airflow/.local/lib/python3.8/site-packages/airflow/example_dags/example_bash_operator.py
[2026-07-07T09:36:30.419+0000] {logging_mixin.py:188} INFO - [2026-07-07T09:36:30.419+0000] {dag.py:3036} INFO - Sync 1 DAGs
[2026-07-07T09:36:30.510+0000] {logging_mixin.py:188} INFO - [2026-07-07T09:36:30.510+0000] {dag.py:3823} INFO - Setting next_dagrun for example_bash_operator to 2026-07-06 00:00:00+00:00, run_after=2026-07-07 00:00:00+00:00
[2026-07-07T09:36:30.592+0000] {processor.py:183} INFO - Processing /home/airflow/.local/lib/python3.8/site-packages/airflow/example_dags/example_bash_operator.py took 0.729 seconds
[2026-07-07T09:37:01.351+0000] {processor.py:161} INFO - Started process (PID=6158) to work on /home/airflow/.local/lib/python3.8/site-packages/airflow/example_dags/example_bash_operator.py
[2026-07-07T09:37:01.356+0000] {processor.py:830} INFO - Processing file /home/airflow/.local/lib/python3.8/site-packages/airflow/example_dags/example_bash_operator.py for tasks to queue
[2026-07-07T09:37:01.359+0000] {logging_mixin.py:188} INFO - [2026-07-07T09:37:01.358+0000] {dagbag.py:538} INFO - Filling up the DagBag from /home/airflow/.local/lib/python3.8/site-packages/airflow/example_dags/example_bash_operator.py
[2026-07-07T09:37:01.430+0000] {processor.py:840} INFO - DAG(s) 'example_bash_operator' retrieved from /home/airflow/.local/lib/python3.8/site-packages/airflow/example_dags/example_bash_operator.py
[2026-07-07T09:37:01.651+0000] {logging_mixin.py:188} INFO - [2026-07-07T09:37:01.638+0000] {dag.py:3036} INFO - Sync 1 DAGs
[2026-07-07T09:37:01.974+0000] {logging_mixin.py:188} INFO - [2026-07-07T09:37:01.973+0000] {dag.py:3823} INFO - Setting next_dagrun for example_bash_operator to 2026-07-06 00:00:00+00:00, run_after=2026-07-07 00:00:00+00:00
[2026-07-07T09:37:02.058+0000] {processor.py:183} INFO - Processing /home/airflow/.local/lib/python3.8/site-packages/airflow/example_dags/example_bash_operator.py took 0.737 seconds
[2026-07-07T09:37:33.653+0000] {processor.py:161} INFO - Started process (PID=6224) to work on /home/airflow/.local/lib/python3.8/site-packages/airflow/example_dags/example_bash_operator.py
[2026-07-07T09:37:33.655+0000] {processor.py:830} INFO - Processing file /home/airflow/.local/lib/python3.8/site-packages/airflow/example_dags/example_bash_operator.py for tasks to queue
[2026-07-07T09:37:33.657+0000] {logging_mixin.py:188} INFO - [2026-07-07T09:37:33.657+0000] {dagbag.py:538} INFO - Filling up the DagBag from /home/airflow/.local/lib/python3.8/site-packages/airflow/example_dags/example_bash_operator.py
[2026-07-07T09:37:33.703+0000] {processor.py:840} INFO - DAG(s) 'example_bash_operator' retrieved from /home/airflow/.local/lib/python3.8/site-packages/airflow/example_dags/example_bash_operator.py
[2026-07-07T09:37:33.801+0000] {logging_mixin.py:188} INFO - [2026-07-07T09:37:33.795+0000] {dag.py:3036} INFO - Sync 1 DAGs
[2026-07-07T09:37:33.879+0000] {logging_mixin.py:188} INFO - [2026-07-07T09:37:33.879+0000] {dag.py:3823} INFO - Setting next_dagrun for example_bash_operator to 2026-07-06 00:00:00+00:00, run_after=2026-07-07 00:00:00+00:00
[2026-07-07T09:37:33.948+0000] {processor.py:183} INFO - Processing /home/airflow/.local/lib/python3.8/site-packages/airflow/example_dags/example_bash_operator.py took 0.303 seconds
[2026-07-07T09:38:04.723+0000] {processor.py:161} INFO - Started process (PID=6289) to work on /home/airflow/.local/lib/python3.8/site-packages/airflow/example_dags/example_bash_operator.py
[2026-07-07T09:38:04.725+0000] {processor.py:830} INFO - Processing file /home/airflow/.local/lib/python3.8/site-packages/airflow/example_dags/example_bash_operator.py for tasks to queue
[2026-07-07T09:38:04.727+0000] {logging_mixin.py:188} INFO - [2026-07-07T09:38:04.727+0000] {dagbag.py:538} INFO - Filling up the DagBag from /home/airflow/.local/lib/python3.8/site-packages/airflow/example_dags/example_bash_operator.py
[2026-07-07T09:38:04.780+0000] {processor.py:840} INFO - DAG(s) 'example_bash_operator' retrieved from /home/airflow/.local/lib/python3.8/site-packages/airflow/example_dags/example_bash_operator.py
[2026-07-07T09:38:04.869+0000] {logging_mixin.py:188} INFO - [2026-07-07T09:38:04.868+0000] {dag.py:3036} INFO - Sync 1 DAGs
[2026-07-07T09:38:04.949+0000] {logging_mixin.py:188} INFO - [2026-07-07T09:38:04.948+0000] {dag.py:3823} INFO - Setting next_dagrun for example_bash_operator to 2026-07-06 00:00:00+00:00, run_after=2026-07-07 00:00:00+00:00
[2026-07-07T09:38:05.012+0000] {processor.py:183} INFO - Processing /home/airflow/.local/lib/python3.8/site-packages/airflow/example_dags/example_bash_operator.py took 0.308 seconds
[2026-07-07T09:38:35.622+0000] {processor.py:161} INFO - Started process (PID=6346) to work on /home/airflow/.local/lib/python3.8/site-packages/airflow/example_dags/example_bash_operator.py
[2026-07-07T09:38:35.628+0000] {processor.py:830} INFO - Processing file /home/airflow/.local/lib/python3.8/site-packages/airflow/example_dags/example_bash_operator.py for tasks to queue
[2026-07-07T09:38:35.631+0000] {logging_mixin.py:188} INFO - [2026-07-07T09:38:35.630+0000] {dagbag.py:538} INFO - Filling up the DagBag from /home/airflow/.local/lib/python3.8/site-packages/airflow/example_dags/example_bash_operator.py
[2026-07-07T09:38:35.698+0000] {processor.py:840} INFO - DAG(s) 'example_bash_operator' retrieved from /home/airflow/.local/lib/python3.8/site-packages/airflow/example_dags/example_bash_operator.py
[2026-07-07T09:38:35.845+0000] {logging_mixin.py:188} INFO - [2026-07-07T09:38:35.845+0000] {dag.py:3036} INFO - Sync 1 DAGs
[2026-07-07T09:38:35.993+0000] {logging_mixin.py:188} INFO - [2026-07-07T09:38:35.993+0000] {dag.py:3823} INFO - Setting next_dagrun for example_bash_operator to 2026-07-06 00:00:00+00:00, run_after=2026-07-07 00:00:00+00:00
[2026-07-07T09:38:36.123+0000] {processor.py:183} INFO - Processing /home/airflow/.local/lib/python3.8/site-packages/airflow/example_dags/example_bash_operator.py took 0.511 seconds
[2026-07-07T09:39:06.601+0000] {processor.py:161} INFO - Started process (PID=6414) to work on /home/airflow/.local/lib/python3.8/site-packages/airflow/example_dags/example_bash_operator.py
[2026-07-07T09:39:06.603+0000] {processor.py:830} INFO - Processing file /home/airflow/.local/lib/python3.8/site-packages/airflow/example_dags/example_bash_operator.py for tasks to queue
[2026-07-07T09:39:06.605+0000] {logging_mixin.py:188} INFO - [2026-07-07T09:39:06.604+0000] {dagbag.py:538} INFO - Filling up the DagBag from /home/airflow/.local/lib/python3.8/site-packages/airflow/example_dags/example_bash_operator.py
[2026-07-07T09:39:06.635+0000] {processor.py:840} INFO - DAG(s) 'example_bash_operator' retrieved from /home/airflow/.local/lib/python3.8/site-packages/airflow/example_dags/example_bash_operator.py
[2026-07-07T09:39:06.704+0000] {logging_mixin.py:188} INFO - [2026-07-07T09:39:06.703+0000] {dag.py:3036} INFO - Sync 1 DAGs
[2026-07-07T09:39:06.757+0000] {logging_mixin.py:188} INFO - [2026-07-07T09:39:06.757+0000] {dag.py:3823} INFO - Setting next_dagrun for example_bash_operator to 2026-07-06 00:00:00+00:00, run_after=2026-07-07 00:00:00+00:00
[2026-07-07T09:39:06.802+0000] {processor.py:183} INFO - Processing /home/airflow/.local/lib/python3.8/site-packages/airflow/example_dags/example_bash_operator.py took 0.213 seconds
[2026-07-07T09:39:37.511+0000] {processor.py:161} INFO - Started process (PID=6479) to work on /home/airflow/.local/lib/python3.8/site-packages/airflow/example_dags/example_bash_operator.py
[2026-07-07T09:39:37.515+0000] {processor.py:830} INFO - Processing file /home/airflow/.local/lib/python3.8/site-packages/airflow/example_dags/example_bash_operator.py for tasks to queue
[2026-07-07T09:39:37.518+0000] {logging_mixin.py:188} INFO - [2026-07-07T09:39:37.517+0000] {dagbag.py:538} INFO - Filling up the DagBag from /home/airflow/.local/lib/python3.8/site-packages/airflow/example_dags/example_bash_operator.py
[2026-07-07T09:39:37.569+0000] {processor.py:840} INFO - DAG(s) 'example_bash_operator' retrieved from /home/airflow/.local/lib/python3.8/site-packages/airflow/example_dags/example_bash_operator.py
[2026-07-07T09:39:37.700+0000] {logging_mixin.py:188} INFO - [2026-07-07T09:39:37.699+0000] {dag.py:3036} INFO - Sync 1 DAGs
[2026-07-07T09:39:38.077+0000] {logging_mixin.py:188} INFO - [2026-07-07T09:39:38.074+0000] {dag.py:3823} INFO - Setting next_dagrun for example_bash_operator to 2026-07-06 00:00:00+00:00, run_after=2026-07-07 00:00:00+00:00
[2026-07-07T09:39:38.261+0000] {processor.py:183} INFO - Processing /home/airflow/.local/lib/python3.8/site-packages/airflow/example_dags/example_bash_operator.py took 0.765 seconds
[2026-07-07T09:40:08.430+0000] {processor.py:161} INFO - Started process (PID=6548) to work on /home/airflow/.local/lib/python3.8/site-packages/airflow/example_dags/example_bash_operator.py
[2026-07-07T09:40:08.432+0000] {processor.py:830} INFO - Processing file /home/airflow/.local/lib/python3.8/site-packages/airflow/example_dags/example_bash_operator.py for tasks to queue
[2026-07-07T09:40:08.435+0000] {logging_mixin.py:188} INFO - [2026-07-07T09:40:08.434+0000] {dagbag.py:538} INFO - Filling up the DagBag from /home/airflow/.local/lib/python3.8/site-packages/airflow/example_dags/example_bash_operator.py
[2026-07-07T09:40:08.468+0000] {processor.py:840} INFO - DAG(s) 'example_bash_operator' retrieved from /home/airflow/.local/lib/python3.8/site-packages/airflow/example_dags/example_bash_operator.py
[2026-07-07T09:40:08.577+0000] {logging_mixin.py:188} INFO - [2026-07-07T09:40:08.576+0000] {dag.py:3036} INFO - Sync 1 DAGs
[2026-07-07T09:40:08.666+0000] {logging_mixin.py:188} INFO - [2026-07-07T09:40:08.665+0000] {dag.py:3823} INFO - Setting next_dagrun for example_bash_operator to 2026-07-06 00:00:00+00:00, run_after=2026-07-07 00:00:00+00:00
[2026-07-07T09:40:08.886+0000] {processor.py:183} INFO - Processing /home/airflow/.local/lib/python3.8/site-packages/airflow/example_dags/example_bash_operator.py took 0.466 seconds
[2026-07-07T09:40:39.994+0000] {processor.py:161} INFO - Started process (PID=6614) to work on /home/airflow/.local/lib/python3.8/site-packages/airflow/example_dags/example_bash_operator.py
[2026-07-07T09:40:40.003+0000] {processor.py:830} INFO - Processing file /home/airflow/.local/lib/python3.8/site-packages/airflow/example_dags/example_bash_operator.py for tasks to queue
[2026-07-07T09:40:40.012+0000] {logging_mixin.py:188} INFO - [2026-07-07T09:40:40.007+0000] {dagbag.py:538} INFO - Filling up the DagBag from /home/airflow/.local/lib/python3.8/site-packages/airflow/example_dags/example_bash_operator.py
[2026-07-07T09:40:40.089+0000] {processor.py:840} INFO - DAG(s) 'example_bash_operator' retrieved from /home/airflow/.local/lib/python3.8/site-packages/airflow/example_dags/example_bash_operator.py
[2026-07-07T09:40:40.221+0000] {logging_mixin.py:188} INFO - [2026-07-07T09:40:40.221+0000] {dag.py:3036} INFO - Sync 1 DAGs
[2026-07-07T09:40:40.300+0000] {logging_mixin.py:188} INFO - [2026-07-07T09:40:40.299+0000] {dag.py:3823} INFO - Setting next_dagrun for example_bash_operator to 2026-07-06 00:00:00+00:00, run_after=2026-07-07 00:00:00+00:00
[2026-07-07T09:40:40.341+0000] {processor.py:183} INFO - Processing /home/airflow/.local/lib/python3.8/site-packages/airflow/example_dags/example_bash_operator.py took 0.376 seconds
[2026-07-07T09:41:10.567+0000] {processor.py:161} INFO - Started process (PID=6681) to work on /home/airflow/.local/lib/python3.8/site-packages/airflow/example_dags/example_bash_operator.py
[2026-07-07T09:41:10.569+0000] {processor.py:830} INFO - Processing file /home/airflow/.local/lib/python3.8/site-packages/airflow/example_dags/example_bash_operator.py for tasks to queue
[2026-07-07T09:41:10.571+0000] {logging_mixin.py:188} INFO - [2026-07-07T09:41:10.570+0000] {dagbag.py:538} INFO - Filling up the DagBag from /home/airflow/.local/lib/python3.8/site-packages/airflow/example_dags/example_bash_operator.py
[2026-07-07T09:41:10.598+0000] {processor.py:840} INFO - DAG(s) 'example_bash_operator' retrieved from /home/airflow/.local/lib/python3.8/site-packages/airflow/example_dags/example_bash_operator.py
[2026-07-07T09:41:10.672+0000] {logging_mixin.py:188} INFO - [2026-07-07T09:41:10.672+0000] {dag.py:3036} INFO - Sync 1 DAGs
[2026-07-07T09:41:10.737+0000] {logging_mixin.py:188} INFO - [2026-07-07T09:41:10.737+0000] {dag.py:3823} INFO - Setting next_dagrun for example_bash_operator to 2026-07-06 00:00:00+00:00, run_after=2026-07-07 00:00:00+00:00
[2026-07-07T09:41:10.783+0000] {processor.py:183} INFO - Processing /home/airflow/.local/lib/python3.8/site-packages/airflow/example_dags/example_bash_operator.py took 0.225 seconds
[2026-07-07T09:41:40.936+0000] {processor.py:161} INFO - Started process (PID=6748) to work on /home/airflow/.local/lib/python3.8/site-packages/airflow/example_dags/example_bash_operator.py
[2026-07-07T09:41:40.939+0000] {processor.py:830} INFO - Processing file /home/airflow/.local/lib/python3.8/site-packages/airflow/example_dags/example_bash_operator.py for tasks to queue
[2026-07-07T09:41:40.940+0000] {logging_mixin.py:188} INFO - [2026-07-07T09:41:40.940+0000] {dagbag.py:538} INFO - Filling up the DagBag from /home/airflow/.local/lib/python3.8/site-packages/airflow/example_dags/example_bash_operator.py
[2026-07-07T09:41:40.968+0000] {processor.py:840} INFO - DAG(s) 'example_bash_operator' retrieved from /home/airflow/.local/lib/python3.8/site-packages/airflow/example_dags/example_bash_operator.py
[2026-07-07T09:41:41.044+0000] {logging_mixin.py:188} INFO - [2026-07-07T09:41:41.043+0000] {dag.py:3036} INFO - Sync 1 DAGs
[2026-07-07T09:41:41.092+0000] {logging_mixin.py:188} INFO - [2026-07-07T09:41:41.091+0000] {dag.py:3823} INFO - Setting next_dagrun for example_bash_operator to 2026-07-06 00:00:00+00:00, run_after=2026-07-07 00:00:00+00:00
[2026-07-07T09:41:41.138+0000] {processor.py:183} INFO - Processing /home/airflow/.local/lib/python3.8/site-packages/airflow/example_dags/example_bash_operator.py took 0.209 seconds
[2026-07-07T09:42:11.734+0000] {processor.py:161} INFO - Started process (PID=6814) to work on /home/airflow/.local/lib/python3.8/site-packages/airflow/example_dags/example_bash_operator.py
[2026-07-07T09:42:11.741+0000] {processor.py:830} INFO - Processing file /home/airflow/.local/lib/python3.8/site-packages/airflow/example_dags/example_bash_operator.py for tasks to queue
[2026-07-07T09:42:11.743+0000] {logging_mixin.py:188} INFO - [2026-07-07T09:42:11.743+0000] {dagbag.py:538} INFO - Filling up the DagBag from /home/airflow/.local/lib/python3.8/site-packages/airflow/example_dags/example_bash_operator.py
[2026-07-07T09:42:11.800+0000] {processor.py:840} INFO - DAG(s) 'example_bash_operator' retrieved from /home/airflow/.local/lib/python3.8/site-packages/airflow/example_dags/example_bash_operator.py
[2026-07-07T09:42:12.017+0000] {logging_mixin.py:188} INFO - [2026-07-07T09:42:12.015+0000] {dag.py:3036} INFO - Sync 1 DAGs
[2026-07-07T09:42:12.213+0000] {logging_mixin.py:188} INFO - [2026-07-07T09:42:12.212+0000] {dag.py:3823} INFO - Setting next_dagrun for example_bash_operator to 2026-07-06 00:00:00+00:00, run_after=2026-07-07 00:00:00+00:00
[2026-07-07T09:42:12.270+0000] {processor.py:183} INFO - Processing /home/airflow/.local/lib/python3.8/site-packages/airflow/example_dags/example_bash_operator.py took 0.549 seconds
[2026-07-07T09:42:42.532+0000] {processor.py:161} INFO - Started process (PID=6881) to work on /home/airflow/.local/lib/python3.8/site-packages/airflow/example_dags/example_bash_operator.py
[2026-07-07T09:42:42.547+0000] {processor.py:830} INFO - Processing file /home/airflow/.local/lib/python3.8/site-packages/airflow/example_dags/example_bash_operator.py for tasks to queue
[2026-07-07T09:42:42.551+0000] {logging_mixin.py:188} INFO - [2026-07-07T09:42:42.549+0000] {dagbag.py:538} INFO - Filling up the DagBag from /home/airflow/.local/lib/python3.8/site-packages/airflow/example_dags/example_bash_operator.py
[2026-07-07T09:42:42.611+0000] {processor.py:840} INFO - DAG(s) 'example_bash_operator' retrieved from /home/airflow/.local/lib/python3.8/site-packages/airflow/example_dags/example_bash_operator.py
[2026-07-07T09:42:42.745+0000] {logging_mixin.py:188} INFO - [2026-07-07T09:42:42.745+0000] {dag.py:3036} INFO - Sync 1 DAGs
[2026-07-07T09:42:42.846+0000] {logging_mixin.py:188} INFO - [2026-07-07T09:42:42.845+0000] {dag.py:3823} INFO - Setting next_dagrun for example_bash_operator to 2026-07-06 00:00:00+00:00, run_after=2026-07-07 00:00:00+00:00
[2026-07-07T09:42:42.972+0000] {processor.py:183} INFO - Processing /home/airflow/.local/lib/python3.8/site-packages/airflow/example_dags/example_bash_operator.py took 0.475 seconds
[2026-07-07T09:43:13.739+0000] {processor.py:161} INFO - Started process (PID=6948) to work on /home/airflow/.local/lib/python3.8/site-packages/airflow/example_dags/example_bash_operator.py
[2026-07-07T09:43:13.748+0000] {processor.py:830} INFO - Processing file /home/airflow/.local/lib/python3.8/site-packages/airflow/example_dags/example_bash_operator.py for tasks to queue
[2026-07-07T09:43:13.750+0000] {logging_mixin.py:188} INFO - [2026-07-07T09:43:13.749+0000] {dagbag.py:538} INFO - Filling up the DagBag from /home/airflow/.local/lib/python3.8/site-packages/airflow/example_dags/example_bash_operator.py
[2026-07-07T09:43:13.786+0000] {processor.py:840} INFO - DAG(s) 'example_bash_operator' retrieved from /home/airflow/.local/lib/python3.8/site-packages/airflow/example_dags/example_bash_operator.py
[2026-07-07T09:43:13.881+0000] {logging_mixin.py:188} INFO - [2026-07-07T09:43:13.881+0000] {dag.py:3036} INFO - Sync 1 DAGs
[2026-07-07T09:43:13.934+0000] {logging_mixin.py:188} INFO - [2026-07-07T09:43:13.934+0000] {dag.py:3823} INFO - Setting next_dagrun for example_bash_operator to 2026-07-06 00:00:00+00:00, run_after=2026-07-07 00:00:00+00:00
[2026-07-07T09:43:13.979+0000] {processor.py:183} INFO - Processing /home/airflow/.local/lib/python3.8/site-packages/airflow/example_dags/example_bash_operator.py took 0.263 seconds
[2026-07-07T09:43:44.451+0000] {processor.py:161} INFO - Started process (PID=7007) to work on /home/airflow/.local/lib/python3.8/site-packages/airflow/example_dags/example_bash_operator.py
[2026-07-07T09:43:44.459+0000] {processor.py:830} INFO - Processing file /home/airflow/.local/lib/python3.8/site-packages/airflow/example_dags/example_bash_operator.py for tasks to queue
[2026-07-07T09:43:44.462+0000] {logging_mixin.py:188} INFO - [2026-07-07T09:43:44.461+0000] {dagbag.py:538} INFO - Filling up the DagBag from /home/airflow/.local/lib/python3.8/site-packages/airflow/example_dags/example_bash_operator.py
[2026-07-07T09:43:44.513+0000] {processor.py:840} INFO - DAG(s) 'example_bash_operator' retrieved from /home/airflow/.local/lib/python3.8/site-packages/airflow/example_dags/example_bash_operator.py
[2026-07-07T09:43:44.611+0000] {logging_mixin.py:188} INFO - [2026-07-07T09:43:44.610+0000] {dag.py:3036} INFO - Sync 1 DAGs
[2026-07-07T09:43:44.659+0000] {logging_mixin.py:188} INFO - [2026-07-07T09:43:44.658+0000] {dag.py:3823} INFO - Setting next_dagrun for example_bash_operator to 2026-07-06 00:00:00+00:00, run_after=2026-07-07 00:00:00+00:00
[2026-07-07T09:43:44.701+0000] {processor.py:183} INFO - Processing /home/airflow/.local/lib/python3.8/site-packages/airflow/example_dags/example_bash_operator.py took 0.266 seconds
[2026-07-07T09:44:14.823+0000] {processor.py:161} INFO - Started process (PID=7074) to work on /home/airflow/.local/lib/python3.8/site-packages/airflow/example_dags/example_bash_operator.py
[2026-07-07T09:44:14.826+0000] {processor.py:830} INFO - Processing file /home/airflow/.local/lib/python3.8/site-packages/airflow/example_dags/example_bash_operator.py for tasks to queue
[2026-07-07T09:44:14.831+0000] {logging_mixin.py:188} INFO - [2026-07-07T09:44:14.830+0000] {dagbag.py:538} INFO - Filling up the DagBag from /home/airflow/.local/lib/python3.8/site-packages/airflow/example_dags/example_bash_operator.py
[2026-07-07T09:44:14.860+0000] {processor.py:840} INFO - DAG(s) 'example_bash_operator' retrieved from /home/airflow/.local/lib/python3.8/site-packages/airflow/example_dags/example_bash_operator.py
[2026-07-07T09:44:14.948+0000] {logging_mixin.py:188} INFO - [2026-07-07T09:44:14.947+0000] {dag.py:3036} INFO - Sync 1 DAGs
[2026-07-07T09:44:15.027+0000] {logging_mixin.py:188} INFO - [2026-07-07T09:44:15.026+0000] {dag.py:3823} INFO - Setting next_dagrun for example_bash_operator to 2026-07-06 00:00:00+00:00, run_after=2026-07-07 00:00:00+00:00
[2026-07-07T09:44:15.093+0000] {processor.py:183} INFO - Processing /home/airflow/.local/lib/python3.8/site-packages/airflow/example_dags/example_bash_operator.py took 0.278 seconds
[2026-07-07T09:44:45.388+0000] {processor.py:161} INFO - Started process (PID=7142) to work on /home/airflow/.local/lib/python3.8/site-packages/airflow/example_dags/example_bash_operator.py
[2026-07-07T09:44:45.392+0000] {processor.py:830} INFO - Processing file /home/airflow/.local/lib/python3.8/site-packages/airflow/example_dags/example_bash_operator.py for tasks to queue
[2026-07-07T09:44:45.396+0000] {logging_mixin.py:188} INFO - [2026-07-07T09:44:45.395+0000] {dagbag.py:538} INFO - Filling up the DagBag from /home/airflow/.local/lib/python3.8/site-packages/airflow/example_dags/example_bash_operator.py
[2026-07-07T09:44:45.436+0000] {processor.py:840} INFO - DAG(s) 'example_bash_operator' retrieved from /home/airflow/.local/lib/python3.8/site-packages/airflow/example_dags/example_bash_operator.py
[2026-07-07T09:44:45.510+0000] {logging_mixin.py:188} INFO - [2026-07-07T09:44:45.509+0000] {dag.py:3036} INFO - Sync 1 DAGs
[2026-07-07T09:44:45.550+0000] {logging_mixin.py:188} INFO - [2026-07-07T09:44:45.549+0000] {dag.py:3823} INFO - Setting next_dagrun for example_bash_operator to 2026-07-06 00:00:00+00:00, run_after=2026-07-07 00:00:00+00:00
[2026-07-07T09:44:45.579+0000] {processor.py:183} INFO - Processing /home/airflow/.local/lib/python3.8/site-packages/airflow/example_dags/example_bash_operator.py took 0.204 seconds
[2026-07-07T09:45:15.827+0000] {processor.py:161} INFO - Started process (PID=7207) to work on /home/airflow/.local/lib/python3.8/site-packages/airflow/example_dags/example_bash_operator.py
[2026-07-07T09:45:15.829+0000] {processor.py:830} INFO - Processing file /home/airflow/.local/lib/python3.8/site-packages/airflow/example_dags/example_bash_operator.py for tasks to queue
[2026-07-07T09:45:15.831+0000] {logging_mixin.py:188} INFO - [2026-07-07T09:45:15.831+0000] {dagbag.py:538} INFO - Filling up the DagBag from /home/airflow/.local/lib/python3.8/site-packages/airflow/example_dags/example_bash_operator.py
[2026-07-07T09:45:15.866+0000] {processor.py:840} INFO - DAG(s) 'example_bash_operator' retrieved from /home/airflow/.local/lib/python3.8/site-packages/airflow/example_dags/example_bash_operator.py
[2026-07-07T09:45:15.952+0000] {logging_mixin.py:188} INFO - [2026-07-07T09:45:15.952+0000] {dag.py:3036} INFO - Sync 1 DAGs
[2026-07-07T09:45:16.023+0000] {logging_mixin.py:188} INFO - [2026-07-07T09:45:16.021+0000] {dag.py:3823} INFO - Setting next_dagrun for example_bash_operator to 2026-07-06 00:00:00+00:00, run_after=2026-07-07 00:00:00+00:00
[2026-07-07T09:45:16.087+0000] {processor.py:183} INFO - Processing /home/airflow/.local/lib/python3.8/site-packages/airflow/example_dags/example_bash_operator.py took 0.269 seconds
[2026-07-07T09:45:46.970+0000] {processor.py:161} INFO - Started process (PID=7263) to work on /home/airflow/.local/lib/python3.8/site-packages/airflow/example_dags/example_bash_operator.py
[2026-07-07T09:45:47.005+0000] {processor.py:830} INFO - Processing file /home/airflow/.local/lib/python3.8/site-packages/airflow/example_dags/example_bash_operator.py for tasks to queue
[2026-07-07T09:45:47.019+0000] {logging_mixin.py:188} INFO - [2026-07-07T09:45:47.015+0000] {dagbag.py:538} INFO - Filling up the DagBag from /home/airflow/.local/lib/python3.8/site-packages/airflow/example_dags/example_bash_operator.py
[2026-07-07T09:45:47.072+0000] {processor.py:840} INFO - DAG(s) 'example_bash_operator' retrieved from /home/airflow/.local/lib/python3.8/site-packages/airflow/example_dags/example_bash_operator.py
[2026-07-07T09:45:47.232+0000] {logging_mixin.py:188} INFO - [2026-07-07T09:45:47.231+0000] {dag.py:3036} INFO - Sync 1 DAGs
[2026-07-07T09:45:47.290+0000] {logging_mixin.py:188} INFO - [2026-07-07T09:45:47.289+0000] {dag.py:3823} INFO - Setting next_dagrun for example_bash_operator to 2026-07-06 00:00:00+00:00, run_after=2026-07-07 00:00:00+00:00
[2026-07-07T09:45:47.340+0000] {processor.py:183} INFO - Processing /home/airflow/.local/lib/python3.8/site-packages/airflow/example_dags/example_bash_operator.py took 0.520 seconds
[2026-07-07T09:46:18.191+0000] {processor.py:161} INFO - Started process (PID=7330) to work on /home/airflow/.local/lib/python3.8/site-packages/airflow/example_dags/example_bash_operator.py
[2026-07-07T09:46:18.196+0000] {processor.py:830} INFO - Processing file /home/airflow/.local/lib/python3.8/site-packages/airflow/example_dags/example_bash_operator.py for tasks to queue
[2026-07-07T09:46:18.200+0000] {logging_mixin.py:188} INFO - [2026-07-07T09:46:18.199+0000] {dagbag.py:538} INFO - Filling up the DagBag from /home/airflow/.local/lib/python3.8/site-packages/airflow/example_dags/example_bash_operator.py
[2026-07-07T09:46:18.266+0000] {processor.py:840} INFO - DAG(s) 'example_bash_operator' retrieved from /home/airflow/.local/lib/python3.8/site-packages/airflow/example_dags/example_bash_operator.py
[2026-07-07T09:46:18.422+0000] {logging_mixin.py:188} INFO - [2026-07-07T09:46:18.421+0000] {dag.py:3036} INFO - Sync 1 DAGs
[2026-07-07T09:46:18.546+0000] {logging_mixin.py:188} INFO - [2026-07-07T09:46:18.545+0000] {dag.py:3823} INFO - Setting next_dagrun for example_bash_operator to 2026-07-06 00:00:00+00:00, run_after=2026-07-07 00:00:00+00:00
[2026-07-07T09:46:18.649+0000] {processor.py:183} INFO - Processing /home/airflow/.local/lib/python3.8/site-packages/airflow/example_dags/example_bash_operator.py took 0.497 seconds
[2026-07-07T09:46:49.165+0000] {processor.py:161} INFO - Started process (PID=7395) to work on /home/airflow/.local/lib/python3.8/site-packages/airflow/example_dags/example_bash_operator.py
[2026-07-07T09:46:49.175+0000] {processor.py:830} INFO - Processing file /home/airflow/.local/lib/python3.8/site-packages/airflow/example_dags/example_bash_operator.py for tasks to queue
[2026-07-07T09:46:49.187+0000] {logging_mixin.py:188} INFO - [2026-07-07T09:46:49.180+0000] {dagbag.py:538} INFO - Filling up the DagBag from /home/airflow/.local/lib/python3.8/site-packages/airflow/example_dags/example_bash_operator.py
[2026-07-07T09:46:49.433+0000] {processor.py:840} INFO - DAG(s) 'example_bash_operator' retrieved from /home/airflow/.local/lib/python3.8/site-packages/airflow/example_dags/example_bash_operator.py
[2026-07-07T09:46:49.591+0000] {logging_mixin.py:188} INFO - [2026-07-07T09:46:49.591+0000] {dag.py:3036} INFO - Sync 1 DAGs
[2026-07-07T09:46:49.702+0000] {logging_mixin.py:188} INFO - [2026-07-07T09:46:49.701+0000] {dag.py:3823} INFO - Setting next_dagrun for example_bash_operator to 2026-07-06 00:00:00+00:00, run_after=2026-07-07 00:00:00+00:00
[2026-07-07T09:46:49.762+0000] {processor.py:183} INFO - Processing /home/airflow/.local/lib/python3.8/site-packages/airflow/example_dags/example_bash_operator.py took 0.634 seconds
