[2026-07-07T09:09:07.177+0000] {processor.py:161} INFO - Started process (PID=4182) to work on /home/airflow/.local/lib/python3.8/site-packages/airflow/example_dags/example_nested_branch_dag.py
[2026-07-07T09:09:07.190+0000] {processor.py:830} INFO - Processing file /home/airflow/.local/lib/python3.8/site-packages/airflow/example_dags/example_nested_branch_dag.py for tasks to queue
[2026-07-07T09:09:07.197+0000] {logging_mixin.py:188} INFO - [2026-07-07T09:09:07.192+0000] {dagbag.py:538} INFO - Filling up the DagBag from /home/airflow/.local/lib/python3.8/site-packages/airflow/example_dags/example_nested_branch_dag.py
[2026-07-07T09:09:07.285+0000] {processor.py:840} INFO - DAG(s) 'example_nested_branch_dag' retrieved from /home/airflow/.local/lib/python3.8/site-packages/airflow/example_dags/example_nested_branch_dag.py
[2026-07-07T09:09:07.483+0000] {logging_mixin.py:188} INFO - [2026-07-07T09:09:07.483+0000] {dag.py:3036} INFO - Sync 1 DAGs
[2026-07-07T09:09:08.117+0000] {logging_mixin.py:188} INFO - [2026-07-07T09:09:08.116+0000] {dag.py:3823} INFO - Setting next_dagrun for example_nested_branch_dag to 2026-07-06 00:00:00+00:00, run_after=2026-07-07 00:00:00+00:00
[2026-07-07T09:09:08.733+0000] {processor.py:183} INFO - Processing /home/airflow/.local/lib/python3.8/site-packages/airflow/example_dags/example_nested_branch_dag.py took 1.600 seconds
[2026-07-07T09:09:39.354+0000] {processor.py:161} INFO - Started process (PID=4248) to work on /home/airflow/.local/lib/python3.8/site-packages/airflow/example_dags/example_nested_branch_dag.py
[2026-07-07T09:09:39.356+0000] {processor.py:830} INFO - Processing file /home/airflow/.local/lib/python3.8/site-packages/airflow/example_dags/example_nested_branch_dag.py for tasks to queue
[2026-07-07T09:09:39.357+0000] {logging_mixin.py:188} INFO - [2026-07-07T09:09:39.357+0000] {dagbag.py:538} INFO - Filling up the DagBag from /home/airflow/.local/lib/python3.8/site-packages/airflow/example_dags/example_nested_branch_dag.py
[2026-07-07T09:09:39.380+0000] {processor.py:840} INFO - DAG(s) 'example_nested_branch_dag' retrieved from /home/airflow/.local/lib/python3.8/site-packages/airflow/example_dags/example_nested_branch_dag.py
[2026-07-07T09:09:39.432+0000] {logging_mixin.py:188} INFO - [2026-07-07T09:09:39.431+0000] {dag.py:3036} INFO - Sync 1 DAGs
[2026-07-07T09:09:39.489+0000] {logging_mixin.py:188} INFO - [2026-07-07T09:09:39.489+0000] {dag.py:3823} INFO - Setting next_dagrun for example_nested_branch_dag to 2026-07-06 00:00:00+00:00, run_after=2026-07-07 00:00:00+00:00
[2026-07-07T09:09:39.531+0000] {processor.py:183} INFO - Processing /home/airflow/.local/lib/python3.8/site-packages/airflow/example_dags/example_nested_branch_dag.py took 0.186 seconds
[2026-07-07T09:10:10.045+0000] {processor.py:161} INFO - Started process (PID=4315) to work on /home/airflow/.local/lib/python3.8/site-packages/airflow/example_dags/example_nested_branch_dag.py
[2026-07-07T09:10:10.051+0000] {processor.py:830} INFO - Processing file /home/airflow/.local/lib/python3.8/site-packages/airflow/example_dags/example_nested_branch_dag.py for tasks to queue
[2026-07-07T09:10:10.052+0000] {logging_mixin.py:188} INFO - [2026-07-07T09:10:10.052+0000] {dagbag.py:538} INFO - Filling up the DagBag from /home/airflow/.local/lib/python3.8/site-packages/airflow/example_dags/example_nested_branch_dag.py
[2026-07-07T09:10:10.071+0000] {processor.py:840} INFO - DAG(s) 'example_nested_branch_dag' retrieved from /home/airflow/.local/lib/python3.8/site-packages/airflow/example_dags/example_nested_branch_dag.py
[2026-07-07T09:10:10.117+0000] {logging_mixin.py:188} INFO - [2026-07-07T09:10:10.116+0000] {dag.py:3036} INFO - Sync 1 DAGs
[2026-07-07T09:10:10.158+0000] {logging_mixin.py:188} INFO - [2026-07-07T09:10:10.158+0000] {dag.py:3823} INFO - Setting next_dagrun for example_nested_branch_dag to 2026-07-06 00:00:00+00:00, run_after=2026-07-07 00:00:00+00:00
[2026-07-07T09:10:10.212+0000] {processor.py:183} INFO - Processing /home/airflow/.local/lib/python3.8/site-packages/airflow/example_dags/example_nested_branch_dag.py took 0.173 seconds
[2026-07-07T09:10:49.851+0000] {processor.py:161} INFO - Started process (PID=4382) to work on /home/airflow/.local/lib/python3.8/site-packages/airflow/example_dags/example_nested_branch_dag.py
[2026-07-07T09:10:49.935+0000] {processor.py:830} INFO - Processing file /home/airflow/.local/lib/python3.8/site-packages/airflow/example_dags/example_nested_branch_dag.py for tasks to queue
[2026-07-07T09:10:49.937+0000] {logging_mixin.py:188} INFO - [2026-07-07T09:10:49.936+0000] {dagbag.py:538} INFO - Filling up the DagBag from /home/airflow/.local/lib/python3.8/site-packages/airflow/example_dags/example_nested_branch_dag.py
[2026-07-07T09:10:50.349+0000] {processor.py:840} INFO - DAG(s) 'example_nested_branch_dag' retrieved from /home/airflow/.local/lib/python3.8/site-packages/airflow/example_dags/example_nested_branch_dag.py
[2026-07-07T09:10:51.156+0000] {logging_mixin.py:188} INFO - [2026-07-07T09:10:51.155+0000] {dag.py:3036} INFO - Sync 1 DAGs
[2026-07-07T09:10:51.772+0000] {logging_mixin.py:188} INFO - [2026-07-07T09:10:51.771+0000] {dag.py:3823} INFO - Setting next_dagrun for example_nested_branch_dag to 2026-07-06 00:00:00+00:00, run_after=2026-07-07 00:00:00+00:00
[2026-07-07T09:10:52.811+0000] {processor.py:183} INFO - Processing /home/airflow/.local/lib/python3.8/site-packages/airflow/example_dags/example_nested_branch_dag.py took 2.999 seconds
[2026-07-07T09:20:25.266+0000] {processor.py:161} INFO - Started process (PID=4650) to work on /home/airflow/.local/lib/python3.8/site-packages/airflow/example_dags/example_nested_branch_dag.py
[2026-07-07T09:20:25.520+0000] {processor.py:830} INFO - Processing file /home/airflow/.local/lib/python3.8/site-packages/airflow/example_dags/example_nested_branch_dag.py for tasks to queue
[2026-07-07T09:20:25.542+0000] {logging_mixin.py:188} INFO - [2026-07-07T09:20:25.522+0000] {dagbag.py:538} INFO - Filling up the DagBag from /home/airflow/.local/lib/python3.8/site-packages/airflow/example_dags/example_nested_branch_dag.py
[2026-07-07T09:20:26.366+0000] {processor.py:840} INFO - DAG(s) 'example_nested_branch_dag' retrieved from /home/airflow/.local/lib/python3.8/site-packages/airflow/example_dags/example_nested_branch_dag.py
[2026-07-07T09:20:26.821+0000] {logging_mixin.py:188} INFO - [2026-07-07T09:20:26.820+0000] {dag.py:3036} INFO - Sync 1 DAGs
[2026-07-07T09:20:27.604+0000] {logging_mixin.py:188} INFO - [2026-07-07T09:20:27.603+0000] {dag.py:3823} INFO - Setting next_dagrun for example_nested_branch_dag to 2026-07-06 00:00:00+00:00, run_after=2026-07-07 00:00:00+00:00
[2026-07-07T09:20:29.252+0000] {processor.py:183} INFO - Processing /home/airflow/.local/lib/python3.8/site-packages/airflow/example_dags/example_nested_branch_dag.py took 4.283 seconds
[2026-07-07T09:25:31.011+0000] {processor.py:161} INFO - Started process (PID=4838) to work on /home/airflow/.local/lib/python3.8/site-packages/airflow/example_dags/example_nested_branch_dag.py
[2026-07-07T09:25:31.072+0000] {processor.py:830} INFO - Processing file /home/airflow/.local/lib/python3.8/site-packages/airflow/example_dags/example_nested_branch_dag.py for tasks to queue
[2026-07-07T09:25:31.088+0000] {logging_mixin.py:188} INFO - [2026-07-07T09:25:31.075+0000] {dagbag.py:538} INFO - Filling up the DagBag from /home/airflow/.local/lib/python3.8/site-packages/airflow/example_dags/example_nested_branch_dag.py
[2026-07-07T09:25:32.407+0000] {processor.py:840} INFO - DAG(s) 'example_nested_branch_dag' retrieved from /home/airflow/.local/lib/python3.8/site-packages/airflow/example_dags/example_nested_branch_dag.py
[2026-07-07T09:25:32.662+0000] {logging_mixin.py:188} INFO - [2026-07-07T09:25:32.662+0000] {dag.py:3036} INFO - Sync 1 DAGs
[2026-07-07T09:25:32.837+0000] {logging_mixin.py:188} INFO - [2026-07-07T09:25:32.836+0000] {dag.py:3823} INFO - Setting next_dagrun for example_nested_branch_dag to 2026-07-06 00:00:00+00:00, run_after=2026-07-07 00:00:00+00:00
[2026-07-07T09:25:35.016+0000] {processor.py:183} INFO - Processing /home/airflow/.local/lib/python3.8/site-packages/airflow/example_dags/example_nested_branch_dag.py took 4.160 seconds
[2026-07-07T09:26:35.272+0000] {processor.py:161} INFO - Started process (PID=4913) to work on /home/airflow/.local/lib/python3.8/site-packages/airflow/example_dags/example_nested_branch_dag.py
[2026-07-07T09:26:35.277+0000] {processor.py:830} INFO - Processing file /home/airflow/.local/lib/python3.8/site-packages/airflow/example_dags/example_nested_branch_dag.py for tasks to queue
[2026-07-07T09:26:35.280+0000] {logging_mixin.py:188} INFO - [2026-07-07T09:26:35.279+0000] {dagbag.py:538} INFO - Filling up the DagBag from /home/airflow/.local/lib/python3.8/site-packages/airflow/example_dags/example_nested_branch_dag.py
[2026-07-07T09:26:35.342+0000] {processor.py:840} INFO - DAG(s) 'example_nested_branch_dag' retrieved from /home/airflow/.local/lib/python3.8/site-packages/airflow/example_dags/example_nested_branch_dag.py
[2026-07-07T09:26:35.424+0000] {logging_mixin.py:188} INFO - [2026-07-07T09:26:35.423+0000] {dag.py:3036} INFO - Sync 1 DAGs
[2026-07-07T09:26:35.507+0000] {logging_mixin.py:188} INFO - [2026-07-07T09:26:35.507+0000] {dag.py:3823} INFO - Setting next_dagrun for example_nested_branch_dag to 2026-07-06 00:00:00+00:00, run_after=2026-07-07 00:00:00+00:00
[2026-07-07T09:26:35.601+0000] {processor.py:183} INFO - Processing /home/airflow/.local/lib/python3.8/site-packages/airflow/example_dags/example_nested_branch_dag.py took 0.345 seconds
[2026-07-07T09:27:09.076+0000] {processor.py:161} INFO - Started process (PID=4980) to work on /home/airflow/.local/lib/python3.8/site-packages/airflow/example_dags/example_nested_branch_dag.py
[2026-07-07T09:27:09.078+0000] {processor.py:830} INFO - Processing file /home/airflow/.local/lib/python3.8/site-packages/airflow/example_dags/example_nested_branch_dag.py for tasks to queue
[2026-07-07T09:27:09.091+0000] {logging_mixin.py:188} INFO - [2026-07-07T09:27:09.080+0000] {dagbag.py:538} INFO - Filling up the DagBag from /home/airflow/.local/lib/python3.8/site-packages/airflow/example_dags/example_nested_branch_dag.py
[2026-07-07T09:27:09.170+0000] {processor.py:840} INFO - DAG(s) 'example_nested_branch_dag' retrieved from /home/airflow/.local/lib/python3.8/site-packages/airflow/example_dags/example_nested_branch_dag.py
[2026-07-07T09:27:09.339+0000] {logging_mixin.py:188} INFO - [2026-07-07T09:27:09.339+0000] {dag.py:3036} INFO - Sync 1 DAGs
[2026-07-07T09:27:09.592+0000] {logging_mixin.py:188} INFO - [2026-07-07T09:27:09.578+0000] {dag.py:3823} INFO - Setting next_dagrun for example_nested_branch_dag to 2026-07-06 00:00:00+00:00, run_after=2026-07-07 00:00:00+00:00
[2026-07-07T09:27:09.744+0000] {processor.py:183} INFO - Processing /home/airflow/.local/lib/python3.8/site-packages/airflow/example_dags/example_nested_branch_dag.py took 0.695 seconds
[2026-07-07T09:27:40.064+0000] {processor.py:161} INFO - Started process (PID=5046) to work on /home/airflow/.local/lib/python3.8/site-packages/airflow/example_dags/example_nested_branch_dag.py
[2026-07-07T09:27:40.068+0000] {processor.py:830} INFO - Processing file /home/airflow/.local/lib/python3.8/site-packages/airflow/example_dags/example_nested_branch_dag.py for tasks to queue
[2026-07-07T09:27:40.070+0000] {logging_mixin.py:188} INFO - [2026-07-07T09:27:40.069+0000] {dagbag.py:538} INFO - Filling up the DagBag from /home/airflow/.local/lib/python3.8/site-packages/airflow/example_dags/example_nested_branch_dag.py
[2026-07-07T09:27:40.115+0000] {processor.py:840} INFO - DAG(s) 'example_nested_branch_dag' retrieved from /home/airflow/.local/lib/python3.8/site-packages/airflow/example_dags/example_nested_branch_dag.py
[2026-07-07T09:27:40.194+0000] {logging_mixin.py:188} INFO - [2026-07-07T09:27:40.194+0000] {dag.py:3036} INFO - Sync 1 DAGs
[2026-07-07T09:27:40.274+0000] {logging_mixin.py:188} INFO - [2026-07-07T09:27:40.273+0000] {dag.py:3823} INFO - Setting next_dagrun for example_nested_branch_dag to 2026-07-06 00:00:00+00:00, run_after=2026-07-07 00:00:00+00:00
[2026-07-07T09:27:40.360+0000] {processor.py:183} INFO - Processing /home/airflow/.local/lib/python3.8/site-packages/airflow/example_dags/example_nested_branch_dag.py took 0.317 seconds
[2026-07-07T09:28:15.502+0000] {processor.py:161} INFO - Started process (PID=5106) to work on /home/airflow/.local/lib/python3.8/site-packages/airflow/example_dags/example_nested_branch_dag.py
[2026-07-07T09:28:15.522+0000] {processor.py:830} INFO - Processing file /home/airflow/.local/lib/python3.8/site-packages/airflow/example_dags/example_nested_branch_dag.py for tasks to queue
[2026-07-07T09:28:15.525+0000] {logging_mixin.py:188} INFO - [2026-07-07T09:28:15.524+0000] {dagbag.py:538} INFO - Filling up the DagBag from /home/airflow/.local/lib/python3.8/site-packages/airflow/example_dags/example_nested_branch_dag.py
[2026-07-07T09:28:15.631+0000] {processor.py:840} INFO - DAG(s) 'example_nested_branch_dag' retrieved from /home/airflow/.local/lib/python3.8/site-packages/airflow/example_dags/example_nested_branch_dag.py
[2026-07-07T09:28:15.963+0000] {logging_mixin.py:188} INFO - [2026-07-07T09:28:15.962+0000] {dag.py:3036} INFO - Sync 1 DAGs
[2026-07-07T09:28:16.210+0000] {logging_mixin.py:188} INFO - [2026-07-07T09:28:16.209+0000] {dag.py:3823} INFO - Setting next_dagrun for example_nested_branch_dag to 2026-07-06 00:00:00+00:00, run_after=2026-07-07 00:00:00+00:00
[2026-07-07T09:28:16.357+0000] {processor.py:183} INFO - Processing /home/airflow/.local/lib/python3.8/site-packages/airflow/example_dags/example_nested_branch_dag.py took 0.909 seconds
[2026-07-07T09:28:50.238+0000] {processor.py:161} INFO - Started process (PID=5174) to work on /home/airflow/.local/lib/python3.8/site-packages/airflow/example_dags/example_nested_branch_dag.py
[2026-07-07T09:28:50.256+0000] {processor.py:830} INFO - Processing file /home/airflow/.local/lib/python3.8/site-packages/airflow/example_dags/example_nested_branch_dag.py for tasks to queue
[2026-07-07T09:28:50.259+0000] {logging_mixin.py:188} INFO - [2026-07-07T09:28:50.258+0000] {dagbag.py:538} INFO - Filling up the DagBag from /home/airflow/.local/lib/python3.8/site-packages/airflow/example_dags/example_nested_branch_dag.py
[2026-07-07T09:28:50.311+0000] {processor.py:840} INFO - DAG(s) 'example_nested_branch_dag' retrieved from /home/airflow/.local/lib/python3.8/site-packages/airflow/example_dags/example_nested_branch_dag.py
[2026-07-07T09:28:50.488+0000] {logging_mixin.py:188} INFO - [2026-07-07T09:28:50.488+0000] {dag.py:3036} INFO - Sync 1 DAGs
[2026-07-07T09:28:50.639+0000] {logging_mixin.py:188} INFO - [2026-07-07T09:28:50.636+0000] {dag.py:3823} INFO - Setting next_dagrun for example_nested_branch_dag to 2026-07-06 00:00:00+00:00, run_after=2026-07-07 00:00:00+00:00
[2026-07-07T09:28:50.726+0000] {processor.py:183} INFO - Processing /home/airflow/.local/lib/python3.8/site-packages/airflow/example_dags/example_nested_branch_dag.py took 0.523 seconds
[2026-07-07T09:29:21.301+0000] {processor.py:161} INFO - Started process (PID=5234) to work on /home/airflow/.local/lib/python3.8/site-packages/airflow/example_dags/example_nested_branch_dag.py
[2026-07-07T09:29:21.309+0000] {processor.py:830} INFO - Processing file /home/airflow/.local/lib/python3.8/site-packages/airflow/example_dags/example_nested_branch_dag.py for tasks to queue
[2026-07-07T09:29:21.312+0000] {logging_mixin.py:188} INFO - [2026-07-07T09:29:21.311+0000] {dagbag.py:538} INFO - Filling up the DagBag from /home/airflow/.local/lib/python3.8/site-packages/airflow/example_dags/example_nested_branch_dag.py
[2026-07-07T09:29:21.391+0000] {processor.py:840} INFO - DAG(s) 'example_nested_branch_dag' retrieved from /home/airflow/.local/lib/python3.8/site-packages/airflow/example_dags/example_nested_branch_dag.py
[2026-07-07T09:29:21.595+0000] {logging_mixin.py:188} INFO - [2026-07-07T09:29:21.593+0000] {dag.py:3036} INFO - Sync 1 DAGs
[2026-07-07T09:29:21.726+0000] {logging_mixin.py:188} INFO - [2026-07-07T09:29:21.725+0000] {dag.py:3823} INFO - Setting next_dagrun for example_nested_branch_dag to 2026-07-06 00:00:00+00:00, run_after=2026-07-07 00:00:00+00:00
[2026-07-07T09:29:21.812+0000] {processor.py:183} INFO - Processing /home/airflow/.local/lib/python3.8/site-packages/airflow/example_dags/example_nested_branch_dag.py took 0.525 seconds
[2026-07-07T09:29:53.481+0000] {processor.py:161} INFO - Started process (PID=5302) to work on /home/airflow/.local/lib/python3.8/site-packages/airflow/example_dags/example_nested_branch_dag.py
[2026-07-07T09:29:53.485+0000] {processor.py:830} INFO - Processing file /home/airflow/.local/lib/python3.8/site-packages/airflow/example_dags/example_nested_branch_dag.py for tasks to queue
[2026-07-07T09:29:53.487+0000] {logging_mixin.py:188} INFO - [2026-07-07T09:29:53.486+0000] {dagbag.py:538} INFO - Filling up the DagBag from /home/airflow/.local/lib/python3.8/site-packages/airflow/example_dags/example_nested_branch_dag.py
[2026-07-07T09:29:53.591+0000] {processor.py:840} INFO - DAG(s) 'example_nested_branch_dag' retrieved from /home/airflow/.local/lib/python3.8/site-packages/airflow/example_dags/example_nested_branch_dag.py
[2026-07-07T09:29:53.786+0000] {logging_mixin.py:188} INFO - [2026-07-07T09:29:53.785+0000] {dag.py:3036} INFO - Sync 1 DAGs
[2026-07-07T09:29:54.031+0000] {logging_mixin.py:188} INFO - [2026-07-07T09:29:54.030+0000] {dag.py:3823} INFO - Setting next_dagrun for example_nested_branch_dag to 2026-07-06 00:00:00+00:00, run_after=2026-07-07 00:00:00+00:00
[2026-07-07T09:29:54.161+0000] {processor.py:183} INFO - Processing /home/airflow/.local/lib/python3.8/site-packages/airflow/example_dags/example_nested_branch_dag.py took 0.715 seconds
[2026-07-07T09:30:24.822+0000] {processor.py:161} INFO - Started process (PID=5368) to work on /home/airflow/.local/lib/python3.8/site-packages/airflow/example_dags/example_nested_branch_dag.py
[2026-07-07T09:30:24.833+0000] {processor.py:830} INFO - Processing file /home/airflow/.local/lib/python3.8/site-packages/airflow/example_dags/example_nested_branch_dag.py for tasks to queue
[2026-07-07T09:30:24.836+0000] {logging_mixin.py:188} INFO - [2026-07-07T09:30:24.835+0000] {dagbag.py:538} INFO - Filling up the DagBag from /home/airflow/.local/lib/python3.8/site-packages/airflow/example_dags/example_nested_branch_dag.py
[2026-07-07T09:30:24.909+0000] {processor.py:840} INFO - DAG(s) 'example_nested_branch_dag' retrieved from /home/airflow/.local/lib/python3.8/site-packages/airflow/example_dags/example_nested_branch_dag.py
[2026-07-07T09:30:25.055+0000] {logging_mixin.py:188} INFO - [2026-07-07T09:30:25.054+0000] {dag.py:3036} INFO - Sync 1 DAGs
[2026-07-07T09:30:25.177+0000] {logging_mixin.py:188} INFO - [2026-07-07T09:30:25.177+0000] {dag.py:3823} INFO - Setting next_dagrun for example_nested_branch_dag to 2026-07-06 00:00:00+00:00, run_after=2026-07-07 00:00:00+00:00
[2026-07-07T09:30:25.364+0000] {processor.py:183} INFO - Processing /home/airflow/.local/lib/python3.8/site-packages/airflow/example_dags/example_nested_branch_dag.py took 0.559 seconds
[2026-07-07T09:31:07.197+0000] {processor.py:161} INFO - Started process (PID=5434) to work on /home/airflow/.local/lib/python3.8/site-packages/airflow/example_dags/example_nested_branch_dag.py
[2026-07-07T09:31:07.213+0000] {processor.py:830} INFO - Processing file /home/airflow/.local/lib/python3.8/site-packages/airflow/example_dags/example_nested_branch_dag.py for tasks to queue
[2026-07-07T09:31:07.229+0000] {logging_mixin.py:188} INFO - [2026-07-07T09:31:07.214+0000] {dagbag.py:538} INFO - Filling up the DagBag from /home/airflow/.local/lib/python3.8/site-packages/airflow/example_dags/example_nested_branch_dag.py
[2026-07-07T09:31:07.357+0000] {processor.py:840} INFO - DAG(s) 'example_nested_branch_dag' retrieved from /home/airflow/.local/lib/python3.8/site-packages/airflow/example_dags/example_nested_branch_dag.py
[2026-07-07T09:31:07.474+0000] {logging_mixin.py:188} INFO - [2026-07-07T09:31:07.473+0000] {dag.py:3036} INFO - Sync 1 DAGs
[2026-07-07T09:31:07.563+0000] {logging_mixin.py:188} INFO - [2026-07-07T09:31:07.562+0000] {dag.py:3823} INFO - Setting next_dagrun for example_nested_branch_dag to 2026-07-06 00:00:00+00:00, run_after=2026-07-07 00:00:00+00:00
[2026-07-07T09:31:07.689+0000] {processor.py:183} INFO - Processing /home/airflow/.local/lib/python3.8/site-packages/airflow/example_dags/example_nested_branch_dag.py took 0.542 seconds
[2026-07-07T09:31:42.518+0000] {processor.py:161} INFO - Started process (PID=5497) to work on /home/airflow/.local/lib/python3.8/site-packages/airflow/example_dags/example_nested_branch_dag.py
[2026-07-07T09:31:42.533+0000] {processor.py:830} INFO - Processing file /home/airflow/.local/lib/python3.8/site-packages/airflow/example_dags/example_nested_branch_dag.py for tasks to queue
[2026-07-07T09:31:42.535+0000] {logging_mixin.py:188} INFO - [2026-07-07T09:31:42.534+0000] {dagbag.py:538} INFO - Filling up the DagBag from /home/airflow/.local/lib/python3.8/site-packages/airflow/example_dags/example_nested_branch_dag.py
[2026-07-07T09:31:42.709+0000] {processor.py:840} INFO - DAG(s) 'example_nested_branch_dag' retrieved from /home/airflow/.local/lib/python3.8/site-packages/airflow/example_dags/example_nested_branch_dag.py
[2026-07-07T09:31:42.969+0000] {logging_mixin.py:188} INFO - [2026-07-07T09:31:42.968+0000] {dag.py:3036} INFO - Sync 1 DAGs
[2026-07-07T09:31:43.237+0000] {logging_mixin.py:188} INFO - [2026-07-07T09:31:43.236+0000] {dag.py:3823} INFO - Setting next_dagrun for example_nested_branch_dag to 2026-07-06 00:00:00+00:00, run_after=2026-07-07 00:00:00+00:00
[2026-07-07T09:31:43.520+0000] {processor.py:183} INFO - Processing /home/airflow/.local/lib/python3.8/site-packages/airflow/example_dags/example_nested_branch_dag.py took 1.042 seconds
[2026-07-07T09:32:14.398+0000] {processor.py:161} INFO - Started process (PID=5563) to work on /home/airflow/.local/lib/python3.8/site-packages/airflow/example_dags/example_nested_branch_dag.py
[2026-07-07T09:32:14.406+0000] {processor.py:830} INFO - Processing file /home/airflow/.local/lib/python3.8/site-packages/airflow/example_dags/example_nested_branch_dag.py for tasks to queue
[2026-07-07T09:32:14.410+0000] {logging_mixin.py:188} INFO - [2026-07-07T09:32:14.409+0000] {dagbag.py:538} INFO - Filling up the DagBag from /home/airflow/.local/lib/python3.8/site-packages/airflow/example_dags/example_nested_branch_dag.py
[2026-07-07T09:32:14.448+0000] {processor.py:840} INFO - DAG(s) 'example_nested_branch_dag' retrieved from /home/airflow/.local/lib/python3.8/site-packages/airflow/example_dags/example_nested_branch_dag.py
[2026-07-07T09:32:14.523+0000] {logging_mixin.py:188} INFO - [2026-07-07T09:32:14.522+0000] {dag.py:3036} INFO - Sync 1 DAGs
[2026-07-07T09:32:14.615+0000] {logging_mixin.py:188} INFO - [2026-07-07T09:32:14.615+0000] {dag.py:3823} INFO - Setting next_dagrun for example_nested_branch_dag to 2026-07-06 00:00:00+00:00, run_after=2026-07-07 00:00:00+00:00
[2026-07-07T09:32:14.709+0000] {processor.py:183} INFO - Processing /home/airflow/.local/lib/python3.8/site-packages/airflow/example_dags/example_nested_branch_dag.py took 0.323 seconds
[2026-07-07T09:32:45.807+0000] {processor.py:161} INFO - Started process (PID=5630) to work on /home/airflow/.local/lib/python3.8/site-packages/airflow/example_dags/example_nested_branch_dag.py
[2026-07-07T09:32:45.863+0000] {processor.py:830} INFO - Processing file /home/airflow/.local/lib/python3.8/site-packages/airflow/example_dags/example_nested_branch_dag.py for tasks to queue
[2026-07-07T09:32:45.870+0000] {logging_mixin.py:188} INFO - [2026-07-07T09:32:45.869+0000] {dagbag.py:538} INFO - Filling up the DagBag from /home/airflow/.local/lib/python3.8/site-packages/airflow/example_dags/example_nested_branch_dag.py
[2026-07-07T09:32:46.330+0000] {processor.py:840} INFO - DAG(s) 'example_nested_branch_dag' retrieved from /home/airflow/.local/lib/python3.8/site-packages/airflow/example_dags/example_nested_branch_dag.py
[2026-07-07T09:32:46.725+0000] {logging_mixin.py:188} INFO - [2026-07-07T09:32:46.724+0000] {dag.py:3036} INFO - Sync 1 DAGs
[2026-07-07T09:32:46.895+0000] {logging_mixin.py:188} INFO - [2026-07-07T09:32:46.894+0000] {dag.py:3823} INFO - Setting next_dagrun for example_nested_branch_dag to 2026-07-06 00:00:00+00:00, run_after=2026-07-07 00:00:00+00:00
[2026-07-07T09:32:47.050+0000] {processor.py:183} INFO - Processing /home/airflow/.local/lib/python3.8/site-packages/airflow/example_dags/example_nested_branch_dag.py took 1.379 seconds
[2026-07-07T09:33:18.337+0000] {processor.py:161} INFO - Started process (PID=5691) to work on /home/airflow/.local/lib/python3.8/site-packages/airflow/example_dags/example_nested_branch_dag.py
[2026-07-07T09:33:18.346+0000] {processor.py:830} INFO - Processing file /home/airflow/.local/lib/python3.8/site-packages/airflow/example_dags/example_nested_branch_dag.py for tasks to queue
[2026-07-07T09:33:18.349+0000] {logging_mixin.py:188} INFO - [2026-07-07T09:33:18.348+0000] {dagbag.py:538} INFO - Filling up the DagBag from /home/airflow/.local/lib/python3.8/site-packages/airflow/example_dags/example_nested_branch_dag.py
[2026-07-07T09:33:18.378+0000] {processor.py:840} INFO - DAG(s) 'example_nested_branch_dag' retrieved from /home/airflow/.local/lib/python3.8/site-packages/airflow/example_dags/example_nested_branch_dag.py
[2026-07-07T09:33:18.434+0000] {logging_mixin.py:188} INFO - [2026-07-07T09:33:18.433+0000] {dag.py:3036} INFO - Sync 1 DAGs
[2026-07-07T09:33:18.488+0000] {logging_mixin.py:188} INFO - [2026-07-07T09:33:18.488+0000] {dag.py:3823} INFO - Setting next_dagrun for example_nested_branch_dag to 2026-07-06 00:00:00+00:00, run_after=2026-07-07 00:00:00+00:00
[2026-07-07T09:33:18.532+0000] {processor.py:183} INFO - Processing /home/airflow/.local/lib/python3.8/site-packages/airflow/example_dags/example_nested_branch_dag.py took 0.209 seconds
[2026-07-07T09:33:49.069+0000] {processor.py:161} INFO - Started process (PID=5759) to work on /home/airflow/.local/lib/python3.8/site-packages/airflow/example_dags/example_nested_branch_dag.py
[2026-07-07T09:33:49.072+0000] {processor.py:830} INFO - Processing file /home/airflow/.local/lib/python3.8/site-packages/airflow/example_dags/example_nested_branch_dag.py for tasks to queue
[2026-07-07T09:33:49.074+0000] {logging_mixin.py:188} INFO - [2026-07-07T09:33:49.073+0000] {dagbag.py:538} INFO - Filling up the DagBag from /home/airflow/.local/lib/python3.8/site-packages/airflow/example_dags/example_nested_branch_dag.py
[2026-07-07T09:33:49.097+0000] {processor.py:840} INFO - DAG(s) 'example_nested_branch_dag' retrieved from /home/airflow/.local/lib/python3.8/site-packages/airflow/example_dags/example_nested_branch_dag.py
[2026-07-07T09:33:49.139+0000] {logging_mixin.py:188} INFO - [2026-07-07T09:33:49.139+0000] {dag.py:3036} INFO - Sync 1 DAGs
[2026-07-07T09:33:49.178+0000] {logging_mixin.py:188} INFO - [2026-07-07T09:33:49.178+0000] {dag.py:3823} INFO - Setting next_dagrun for example_nested_branch_dag to 2026-07-06 00:00:00+00:00, run_after=2026-07-07 00:00:00+00:00
[2026-07-07T09:33:49.223+0000] {processor.py:183} INFO - Processing /home/airflow/.local/lib/python3.8/site-packages/airflow/example_dags/example_nested_branch_dag.py took 0.161 seconds
[2026-07-07T09:34:19.467+0000] {processor.py:161} INFO - Started process (PID=5826) to work on /home/airflow/.local/lib/python3.8/site-packages/airflow/example_dags/example_nested_branch_dag.py
[2026-07-07T09:34:19.470+0000] {processor.py:830} INFO - Processing file /home/airflow/.local/lib/python3.8/site-packages/airflow/example_dags/example_nested_branch_dag.py for tasks to queue
[2026-07-07T09:34:19.472+0000] {logging_mixin.py:188} INFO - [2026-07-07T09:34:19.471+0000] {dagbag.py:538} INFO - Filling up the DagBag from /home/airflow/.local/lib/python3.8/site-packages/airflow/example_dags/example_nested_branch_dag.py
[2026-07-07T09:34:19.497+0000] {processor.py:840} INFO - DAG(s) 'example_nested_branch_dag' retrieved from /home/airflow/.local/lib/python3.8/site-packages/airflow/example_dags/example_nested_branch_dag.py
[2026-07-07T09:34:19.551+0000] {logging_mixin.py:188} INFO - [2026-07-07T09:34:19.550+0000] {dag.py:3036} INFO - Sync 1 DAGs
[2026-07-07T09:34:19.605+0000] {logging_mixin.py:188} INFO - [2026-07-07T09:34:19.605+0000] {dag.py:3823} INFO - Setting next_dagrun for example_nested_branch_dag to 2026-07-06 00:00:00+00:00, run_after=2026-07-07 00:00:00+00:00
[2026-07-07T09:34:19.650+0000] {processor.py:183} INFO - Processing /home/airflow/.local/lib/python3.8/site-packages/airflow/example_dags/example_nested_branch_dag.py took 0.191 seconds
[2026-07-07T09:34:50.971+0000] {processor.py:161} INFO - Started process (PID=5892) to work on /home/airflow/.local/lib/python3.8/site-packages/airflow/example_dags/example_nested_branch_dag.py
[2026-07-07T09:34:50.976+0000] {processor.py:830} INFO - Processing file /home/airflow/.local/lib/python3.8/site-packages/airflow/example_dags/example_nested_branch_dag.py for tasks to queue
[2026-07-07T09:34:50.980+0000] {logging_mixin.py:188} INFO - [2026-07-07T09:34:50.978+0000] {dagbag.py:538} INFO - Filling up the DagBag from /home/airflow/.local/lib/python3.8/site-packages/airflow/example_dags/example_nested_branch_dag.py
[2026-07-07T09:34:51.025+0000] {processor.py:840} INFO - DAG(s) 'example_nested_branch_dag' retrieved from /home/airflow/.local/lib/python3.8/site-packages/airflow/example_dags/example_nested_branch_dag.py
[2026-07-07T09:34:51.146+0000] {logging_mixin.py:188} INFO - [2026-07-07T09:34:51.146+0000] {dag.py:3036} INFO - Sync 1 DAGs
[2026-07-07T09:34:51.255+0000] {logging_mixin.py:188} INFO - [2026-07-07T09:34:51.254+0000] {dag.py:3823} INFO - Setting next_dagrun for example_nested_branch_dag to 2026-07-06 00:00:00+00:00, run_after=2026-07-07 00:00:00+00:00
[2026-07-07T09:34:51.331+0000] {processor.py:183} INFO - Processing /home/airflow/.local/lib/python3.8/site-packages/airflow/example_dags/example_nested_branch_dag.py took 0.369 seconds
[2026-07-07T09:35:22.230+0000] {processor.py:161} INFO - Started process (PID=5953) to work on /home/airflow/.local/lib/python3.8/site-packages/airflow/example_dags/example_nested_branch_dag.py
[2026-07-07T09:35:22.232+0000] {processor.py:830} INFO - Processing file /home/airflow/.local/lib/python3.8/site-packages/airflow/example_dags/example_nested_branch_dag.py for tasks to queue
[2026-07-07T09:35:22.234+0000] {logging_mixin.py:188} INFO - [2026-07-07T09:35:22.233+0000] {dagbag.py:538} INFO - Filling up the DagBag from /home/airflow/.local/lib/python3.8/site-packages/airflow/example_dags/example_nested_branch_dag.py
[2026-07-07T09:35:22.284+0000] {processor.py:840} INFO - DAG(s) 'example_nested_branch_dag' retrieved from /home/airflow/.local/lib/python3.8/site-packages/airflow/example_dags/example_nested_branch_dag.py
[2026-07-07T09:35:22.364+0000] {logging_mixin.py:188} INFO - [2026-07-07T09:35:22.364+0000] {dag.py:3036} INFO - Sync 1 DAGs
[2026-07-07T09:35:22.446+0000] {logging_mixin.py:188} INFO - [2026-07-07T09:35:22.445+0000] {dag.py:3823} INFO - Setting next_dagrun for example_nested_branch_dag to 2026-07-06 00:00:00+00:00, run_after=2026-07-07 00:00:00+00:00
[2026-07-07T09:35:22.497+0000] {processor.py:183} INFO - Processing /home/airflow/.local/lib/python3.8/site-packages/airflow/example_dags/example_nested_branch_dag.py took 0.275 seconds
[2026-07-07T09:35:56.851+0000] {processor.py:161} INFO - Started process (PID=6029) to work on /home/airflow/.local/lib/python3.8/site-packages/airflow/example_dags/example_nested_branch_dag.py
[2026-07-07T09:35:56.858+0000] {processor.py:830} INFO - Processing file /home/airflow/.local/lib/python3.8/site-packages/airflow/example_dags/example_nested_branch_dag.py for tasks to queue
[2026-07-07T09:35:56.863+0000] {logging_mixin.py:188} INFO - [2026-07-07T09:35:56.861+0000] {dagbag.py:538} INFO - Filling up the DagBag from /home/airflow/.local/lib/python3.8/site-packages/airflow/example_dags/example_nested_branch_dag.py
[2026-07-07T09:35:56.920+0000] {processor.py:840} INFO - DAG(s) 'example_nested_branch_dag' retrieved from /home/airflow/.local/lib/python3.8/site-packages/airflow/example_dags/example_nested_branch_dag.py
[2026-07-07T09:35:57.030+0000] {logging_mixin.py:188} INFO - [2026-07-07T09:35:57.029+0000] {dag.py:3036} INFO - Sync 1 DAGs
[2026-07-07T09:35:57.122+0000] {logging_mixin.py:188} INFO - [2026-07-07T09:35:57.122+0000] {dag.py:3823} INFO - Setting next_dagrun for example_nested_branch_dag to 2026-07-06 00:00:00+00:00, run_after=2026-07-07 00:00:00+00:00
[2026-07-07T09:35:57.191+0000] {processor.py:183} INFO - Processing /home/airflow/.local/lib/python3.8/site-packages/airflow/example_dags/example_nested_branch_dag.py took 0.351 seconds
[2026-07-07T09:36:30.720+0000] {processor.py:161} INFO - Started process (PID=6101) to work on /home/airflow/.local/lib/python3.8/site-packages/airflow/example_dags/example_nested_branch_dag.py
[2026-07-07T09:36:30.726+0000] {processor.py:830} INFO - Processing file /home/airflow/.local/lib/python3.8/site-packages/airflow/example_dags/example_nested_branch_dag.py for tasks to queue
[2026-07-07T09:36:30.729+0000] {logging_mixin.py:188} INFO - [2026-07-07T09:36:30.728+0000] {dagbag.py:538} INFO - Filling up the DagBag from /home/airflow/.local/lib/python3.8/site-packages/airflow/example_dags/example_nested_branch_dag.py
[2026-07-07T09:36:30.771+0000] {processor.py:840} INFO - DAG(s) 'example_nested_branch_dag' retrieved from /home/airflow/.local/lib/python3.8/site-packages/airflow/example_dags/example_nested_branch_dag.py
[2026-07-07T09:36:30.829+0000] {logging_mixin.py:188} INFO - [2026-07-07T09:36:30.828+0000] {dag.py:3036} INFO - Sync 1 DAGs
[2026-07-07T09:36:30.897+0000] {logging_mixin.py:188} INFO - [2026-07-07T09:36:30.896+0000] {dag.py:3823} INFO - Setting next_dagrun for example_nested_branch_dag to 2026-07-06 00:00:00+00:00, run_after=2026-07-07 00:00:00+00:00
[2026-07-07T09:36:30.955+0000] {processor.py:183} INFO - Processing /home/airflow/.local/lib/python3.8/site-packages/airflow/example_dags/example_nested_branch_dag.py took 0.246 seconds
[2026-07-07T09:37:02.273+0000] {processor.py:161} INFO - Started process (PID=6160) to work on /home/airflow/.local/lib/python3.8/site-packages/airflow/example_dags/example_nested_branch_dag.py
[2026-07-07T09:37:02.277+0000] {processor.py:830} INFO - Processing file /home/airflow/.local/lib/python3.8/site-packages/airflow/example_dags/example_nested_branch_dag.py for tasks to queue
[2026-07-07T09:37:02.280+0000] {logging_mixin.py:188} INFO - [2026-07-07T09:37:02.279+0000] {dagbag.py:538} INFO - Filling up the DagBag from /home/airflow/.local/lib/python3.8/site-packages/airflow/example_dags/example_nested_branch_dag.py
[2026-07-07T09:37:02.353+0000] {processor.py:840} INFO - DAG(s) 'example_nested_branch_dag' retrieved from /home/airflow/.local/lib/python3.8/site-packages/airflow/example_dags/example_nested_branch_dag.py
[2026-07-07T09:37:02.437+0000] {logging_mixin.py:188} INFO - [2026-07-07T09:37:02.435+0000] {dag.py:3036} INFO - Sync 1 DAGs
[2026-07-07T09:37:02.548+0000] {logging_mixin.py:188} INFO - [2026-07-07T09:37:02.547+0000] {dag.py:3823} INFO - Setting next_dagrun for example_nested_branch_dag to 2026-07-06 00:00:00+00:00, run_after=2026-07-07 00:00:00+00:00
[2026-07-07T09:37:02.634+0000] {processor.py:183} INFO - Processing /home/airflow/.local/lib/python3.8/site-packages/airflow/example_dags/example_nested_branch_dag.py took 0.383 seconds
[2026-07-07T09:37:34.085+0000] {processor.py:161} INFO - Started process (PID=6226) to work on /home/airflow/.local/lib/python3.8/site-packages/airflow/example_dags/example_nested_branch_dag.py
[2026-07-07T09:37:34.088+0000] {processor.py:830} INFO - Processing file /home/airflow/.local/lib/python3.8/site-packages/airflow/example_dags/example_nested_branch_dag.py for tasks to queue
[2026-07-07T09:37:34.092+0000] {logging_mixin.py:188} INFO - [2026-07-07T09:37:34.091+0000] {dagbag.py:538} INFO - Filling up the DagBag from /home/airflow/.local/lib/python3.8/site-packages/airflow/example_dags/example_nested_branch_dag.py
[2026-07-07T09:37:34.121+0000] {processor.py:840} INFO - DAG(s) 'example_nested_branch_dag' retrieved from /home/airflow/.local/lib/python3.8/site-packages/airflow/example_dags/example_nested_branch_dag.py
[2026-07-07T09:37:34.247+0000] {logging_mixin.py:188} INFO - [2026-07-07T09:37:34.247+0000] {dag.py:3036} INFO - Sync 1 DAGs
[2026-07-07T09:37:34.360+0000] {logging_mixin.py:188} INFO - [2026-07-07T09:37:34.360+0000] {dag.py:3823} INFO - Setting next_dagrun for example_nested_branch_dag to 2026-07-06 00:00:00+00:00, run_after=2026-07-07 00:00:00+00:00
[2026-07-07T09:37:34.430+0000] {processor.py:183} INFO - Processing /home/airflow/.local/lib/python3.8/site-packages/airflow/example_dags/example_nested_branch_dag.py took 0.363 seconds
[2026-07-07T09:38:05.585+0000] {processor.py:161} INFO - Started process (PID=6291) to work on /home/airflow/.local/lib/python3.8/site-packages/airflow/example_dags/example_nested_branch_dag.py
[2026-07-07T09:38:05.587+0000] {processor.py:830} INFO - Processing file /home/airflow/.local/lib/python3.8/site-packages/airflow/example_dags/example_nested_branch_dag.py for tasks to queue
[2026-07-07T09:38:05.589+0000] {logging_mixin.py:188} INFO - [2026-07-07T09:38:05.589+0000] {dagbag.py:538} INFO - Filling up the DagBag from /home/airflow/.local/lib/python3.8/site-packages/airflow/example_dags/example_nested_branch_dag.py
[2026-07-07T09:38:05.640+0000] {processor.py:840} INFO - DAG(s) 'example_nested_branch_dag' retrieved from /home/airflow/.local/lib/python3.8/site-packages/airflow/example_dags/example_nested_branch_dag.py
[2026-07-07T09:38:05.770+0000] {logging_mixin.py:188} INFO - [2026-07-07T09:38:05.770+0000] {dag.py:3036} INFO - Sync 1 DAGs
[2026-07-07T09:38:05.928+0000] {logging_mixin.py:188} INFO - [2026-07-07T09:38:05.905+0000] {dag.py:3823} INFO - Setting next_dagrun for example_nested_branch_dag to 2026-07-06 00:00:00+00:00, run_after=2026-07-07 00:00:00+00:00
[2026-07-07T09:38:05.985+0000] {processor.py:183} INFO - Processing /home/airflow/.local/lib/python3.8/site-packages/airflow/example_dags/example_nested_branch_dag.py took 0.413 seconds
[2026-07-07T09:38:36.299+0000] {processor.py:161} INFO - Started process (PID=6348) to work on /home/airflow/.local/lib/python3.8/site-packages/airflow/example_dags/example_nested_branch_dag.py
[2026-07-07T09:38:36.318+0000] {processor.py:830} INFO - Processing file /home/airflow/.local/lib/python3.8/site-packages/airflow/example_dags/example_nested_branch_dag.py for tasks to queue
[2026-07-07T09:38:36.328+0000] {logging_mixin.py:188} INFO - [2026-07-07T09:38:36.322+0000] {dagbag.py:538} INFO - Filling up the DagBag from /home/airflow/.local/lib/python3.8/site-packages/airflow/example_dags/example_nested_branch_dag.py
[2026-07-07T09:38:36.386+0000] {processor.py:840} INFO - DAG(s) 'example_nested_branch_dag' retrieved from /home/airflow/.local/lib/python3.8/site-packages/airflow/example_dags/example_nested_branch_dag.py
[2026-07-07T09:38:36.549+0000] {logging_mixin.py:188} INFO - [2026-07-07T09:38:36.548+0000] {dag.py:3036} INFO - Sync 1 DAGs
[2026-07-07T09:38:36.650+0000] {logging_mixin.py:188} INFO - [2026-07-07T09:38:36.649+0000] {dag.py:3823} INFO - Setting next_dagrun for example_nested_branch_dag to 2026-07-06 00:00:00+00:00, run_after=2026-07-07 00:00:00+00:00
[2026-07-07T09:38:36.788+0000] {processor.py:183} INFO - Processing /home/airflow/.local/lib/python3.8/site-packages/airflow/example_dags/example_nested_branch_dag.py took 0.508 seconds
[2026-07-07T09:39:07.135+0000] {processor.py:161} INFO - Started process (PID=6416) to work on /home/airflow/.local/lib/python3.8/site-packages/airflow/example_dags/example_nested_branch_dag.py
[2026-07-07T09:39:07.137+0000] {processor.py:830} INFO - Processing file /home/airflow/.local/lib/python3.8/site-packages/airflow/example_dags/example_nested_branch_dag.py for tasks to queue
[2026-07-07T09:39:07.140+0000] {logging_mixin.py:188} INFO - [2026-07-07T09:39:07.139+0000] {dagbag.py:538} INFO - Filling up the DagBag from /home/airflow/.local/lib/python3.8/site-packages/airflow/example_dags/example_nested_branch_dag.py
[2026-07-07T09:39:07.184+0000] {processor.py:840} INFO - DAG(s) 'example_nested_branch_dag' retrieved from /home/airflow/.local/lib/python3.8/site-packages/airflow/example_dags/example_nested_branch_dag.py
[2026-07-07T09:39:07.277+0000] {logging_mixin.py:188} INFO - [2026-07-07T09:39:07.276+0000] {dag.py:3036} INFO - Sync 1 DAGs
[2026-07-07T09:39:07.338+0000] {logging_mixin.py:188} INFO - [2026-07-07T09:39:07.337+0000] {dag.py:3823} INFO - Setting next_dagrun for example_nested_branch_dag to 2026-07-06 00:00:00+00:00, run_after=2026-07-07 00:00:00+00:00
[2026-07-07T09:39:07.378+0000] {processor.py:183} INFO - Processing /home/airflow/.local/lib/python3.8/site-packages/airflow/example_dags/example_nested_branch_dag.py took 0.254 seconds
[2026-07-07T09:39:38.357+0000] {processor.py:161} INFO - Started process (PID=6481) to work on /home/airflow/.local/lib/python3.8/site-packages/airflow/example_dags/example_nested_branch_dag.py
[2026-07-07T09:39:38.361+0000] {processor.py:830} INFO - Processing file /home/airflow/.local/lib/python3.8/site-packages/airflow/example_dags/example_nested_branch_dag.py for tasks to queue
[2026-07-07T09:39:38.364+0000] {logging_mixin.py:188} INFO - [2026-07-07T09:39:38.363+0000] {dagbag.py:538} INFO - Filling up the DagBag from /home/airflow/.local/lib/python3.8/site-packages/airflow/example_dags/example_nested_branch_dag.py
[2026-07-07T09:39:38.408+0000] {processor.py:840} INFO - DAG(s) 'example_nested_branch_dag' retrieved from /home/airflow/.local/lib/python3.8/site-packages/airflow/example_dags/example_nested_branch_dag.py
[2026-07-07T09:39:38.485+0000] {logging_mixin.py:188} INFO - [2026-07-07T09:39:38.485+0000] {dag.py:3036} INFO - Sync 1 DAGs
[2026-07-07T09:39:38.545+0000] {logging_mixin.py:188} INFO - [2026-07-07T09:39:38.540+0000] {dag.py:3823} INFO - Setting next_dagrun for example_nested_branch_dag to 2026-07-06 00:00:00+00:00, run_after=2026-07-07 00:00:00+00:00
[2026-07-07T09:39:38.586+0000] {processor.py:183} INFO - Processing /home/airflow/.local/lib/python3.8/site-packages/airflow/example_dags/example_nested_branch_dag.py took 0.241 seconds
[2026-07-07T09:40:09.525+0000] {processor.py:161} INFO - Started process (PID=6551) to work on /home/airflow/.local/lib/python3.8/site-packages/airflow/example_dags/example_nested_branch_dag.py
[2026-07-07T09:40:09.529+0000] {processor.py:830} INFO - Processing file /home/airflow/.local/lib/python3.8/site-packages/airflow/example_dags/example_nested_branch_dag.py for tasks to queue
[2026-07-07T09:40:09.532+0000] {logging_mixin.py:188} INFO - [2026-07-07T09:40:09.531+0000] {dagbag.py:538} INFO - Filling up the DagBag from /home/airflow/.local/lib/python3.8/site-packages/airflow/example_dags/example_nested_branch_dag.py
[2026-07-07T09:40:09.579+0000] {processor.py:840} INFO - DAG(s) 'example_nested_branch_dag' retrieved from /home/airflow/.local/lib/python3.8/site-packages/airflow/example_dags/example_nested_branch_dag.py
[2026-07-07T09:40:09.662+0000] {logging_mixin.py:188} INFO - [2026-07-07T09:40:09.662+0000] {dag.py:3036} INFO - Sync 1 DAGs
[2026-07-07T09:40:09.716+0000] {logging_mixin.py:188} INFO - [2026-07-07T09:40:09.715+0000] {dag.py:3823} INFO - Setting next_dagrun for example_nested_branch_dag to 2026-07-06 00:00:00+00:00, run_after=2026-07-07 00:00:00+00:00
[2026-07-07T09:40:09.754+0000] {processor.py:183} INFO - Processing /home/airflow/.local/lib/python3.8/site-packages/airflow/example_dags/example_nested_branch_dag.py took 0.246 seconds
[2026-07-07T09:40:40.592+0000] {processor.py:161} INFO - Started process (PID=6617) to work on /home/airflow/.local/lib/python3.8/site-packages/airflow/example_dags/example_nested_branch_dag.py
[2026-07-07T09:40:40.594+0000] {processor.py:830} INFO - Processing file /home/airflow/.local/lib/python3.8/site-packages/airflow/example_dags/example_nested_branch_dag.py for tasks to queue
[2026-07-07T09:40:40.596+0000] {logging_mixin.py:188} INFO - [2026-07-07T09:40:40.595+0000] {dagbag.py:538} INFO - Filling up the DagBag from /home/airflow/.local/lib/python3.8/site-packages/airflow/example_dags/example_nested_branch_dag.py
[2026-07-07T09:40:40.622+0000] {processor.py:840} INFO - DAG(s) 'example_nested_branch_dag' retrieved from /home/airflow/.local/lib/python3.8/site-packages/airflow/example_dags/example_nested_branch_dag.py
[2026-07-07T09:40:40.677+0000] {logging_mixin.py:188} INFO - [2026-07-07T09:40:40.676+0000] {dag.py:3036} INFO - Sync 1 DAGs
[2026-07-07T09:40:40.725+0000] {logging_mixin.py:188} INFO - [2026-07-07T09:40:40.724+0000] {dag.py:3823} INFO - Setting next_dagrun for example_nested_branch_dag to 2026-07-06 00:00:00+00:00, run_after=2026-07-07 00:00:00+00:00
[2026-07-07T09:40:40.767+0000] {processor.py:183} INFO - Processing /home/airflow/.local/lib/python3.8/site-packages/airflow/example_dags/example_nested_branch_dag.py took 0.185 seconds
[2026-07-07T09:41:11.065+0000] {processor.py:161} INFO - Started process (PID=6684) to work on /home/airflow/.local/lib/python3.8/site-packages/airflow/example_dags/example_nested_branch_dag.py
[2026-07-07T09:41:11.067+0000] {processor.py:830} INFO - Processing file /home/airflow/.local/lib/python3.8/site-packages/airflow/example_dags/example_nested_branch_dag.py for tasks to queue
[2026-07-07T09:41:11.069+0000] {logging_mixin.py:188} INFO - [2026-07-07T09:41:11.068+0000] {dagbag.py:538} INFO - Filling up the DagBag from /home/airflow/.local/lib/python3.8/site-packages/airflow/example_dags/example_nested_branch_dag.py
[2026-07-07T09:41:11.096+0000] {processor.py:840} INFO - DAG(s) 'example_nested_branch_dag' retrieved from /home/airflow/.local/lib/python3.8/site-packages/airflow/example_dags/example_nested_branch_dag.py
[2026-07-07T09:41:11.163+0000] {logging_mixin.py:188} INFO - [2026-07-07T09:41:11.162+0000] {dag.py:3036} INFO - Sync 1 DAGs
[2026-07-07T09:41:11.221+0000] {logging_mixin.py:188} INFO - [2026-07-07T09:41:11.220+0000] {dag.py:3823} INFO - Setting next_dagrun for example_nested_branch_dag to 2026-07-06 00:00:00+00:00, run_after=2026-07-07 00:00:00+00:00
[2026-07-07T09:41:11.267+0000] {processor.py:183} INFO - Processing /home/airflow/.local/lib/python3.8/site-packages/airflow/example_dags/example_nested_branch_dag.py took 0.211 seconds
[2026-07-07T09:41:41.423+0000] {processor.py:161} INFO - Started process (PID=6751) to work on /home/airflow/.local/lib/python3.8/site-packages/airflow/example_dags/example_nested_branch_dag.py
[2026-07-07T09:41:41.426+0000] {processor.py:830} INFO - Processing file /home/airflow/.local/lib/python3.8/site-packages/airflow/example_dags/example_nested_branch_dag.py for tasks to queue
[2026-07-07T09:41:41.435+0000] {logging_mixin.py:188} INFO - [2026-07-07T09:41:41.434+0000] {dagbag.py:538} INFO - Filling up the DagBag from /home/airflow/.local/lib/python3.8/site-packages/airflow/example_dags/example_nested_branch_dag.py
[2026-07-07T09:41:41.470+0000] {processor.py:840} INFO - DAG(s) 'example_nested_branch_dag' retrieved from /home/airflow/.local/lib/python3.8/site-packages/airflow/example_dags/example_nested_branch_dag.py
[2026-07-07T09:41:41.546+0000] {logging_mixin.py:188} INFO - [2026-07-07T09:41:41.545+0000] {dag.py:3036} INFO - Sync 1 DAGs
[2026-07-07T09:41:41.623+0000] {logging_mixin.py:188} INFO - [2026-07-07T09:41:41.622+0000] {dag.py:3823} INFO - Setting next_dagrun for example_nested_branch_dag to 2026-07-06 00:00:00+00:00, run_after=2026-07-07 00:00:00+00:00
[2026-07-07T09:41:41.682+0000] {processor.py:183} INFO - Processing /home/airflow/.local/lib/python3.8/site-packages/airflow/example_dags/example_nested_branch_dag.py took 0.270 seconds
[2026-07-07T09:42:12.636+0000] {processor.py:161} INFO - Started process (PID=6818) to work on /home/airflow/.local/lib/python3.8/site-packages/airflow/example_dags/example_nested_branch_dag.py
[2026-07-07T09:42:12.639+0000] {processor.py:830} INFO - Processing file /home/airflow/.local/lib/python3.8/site-packages/airflow/example_dags/example_nested_branch_dag.py for tasks to queue
[2026-07-07T09:42:12.642+0000] {logging_mixin.py:188} INFO - [2026-07-07T09:42:12.641+0000] {dagbag.py:538} INFO - Filling up the DagBag from /home/airflow/.local/lib/python3.8/site-packages/airflow/example_dags/example_nested_branch_dag.py
[2026-07-07T09:42:12.675+0000] {processor.py:840} INFO - DAG(s) 'example_nested_branch_dag' retrieved from /home/airflow/.local/lib/python3.8/site-packages/airflow/example_dags/example_nested_branch_dag.py
[2026-07-07T09:42:12.733+0000] {logging_mixin.py:188} INFO - [2026-07-07T09:42:12.732+0000] {dag.py:3036} INFO - Sync 1 DAGs
[2026-07-07T09:42:12.793+0000] {logging_mixin.py:188} INFO - [2026-07-07T09:42:12.793+0000] {dag.py:3823} INFO - Setting next_dagrun for example_nested_branch_dag to 2026-07-06 00:00:00+00:00, run_after=2026-07-07 00:00:00+00:00
[2026-07-07T09:42:12.843+0000] {processor.py:183} INFO - Processing /home/airflow/.local/lib/python3.8/site-packages/airflow/example_dags/example_nested_branch_dag.py took 0.217 seconds
[2026-07-07T09:42:43.396+0000] {processor.py:161} INFO - Started process (PID=6885) to work on /home/airflow/.local/lib/python3.8/site-packages/airflow/example_dags/example_nested_branch_dag.py
[2026-07-07T09:42:43.400+0000] {processor.py:830} INFO - Processing file /home/airflow/.local/lib/python3.8/site-packages/airflow/example_dags/example_nested_branch_dag.py for tasks to queue
[2026-07-07T09:42:43.403+0000] {logging_mixin.py:188} INFO - [2026-07-07T09:42:43.402+0000] {dagbag.py:538} INFO - Filling up the DagBag from /home/airflow/.local/lib/python3.8/site-packages/airflow/example_dags/example_nested_branch_dag.py
[2026-07-07T09:42:43.440+0000] {processor.py:840} INFO - DAG(s) 'example_nested_branch_dag' retrieved from /home/airflow/.local/lib/python3.8/site-packages/airflow/example_dags/example_nested_branch_dag.py
[2026-07-07T09:42:43.540+0000] {logging_mixin.py:188} INFO - [2026-07-07T09:42:43.539+0000] {dag.py:3036} INFO - Sync 1 DAGs
[2026-07-07T09:42:43.641+0000] {logging_mixin.py:188} INFO - [2026-07-07T09:42:43.641+0000] {dag.py:3823} INFO - Setting next_dagrun for example_nested_branch_dag to 2026-07-06 00:00:00+00:00, run_after=2026-07-07 00:00:00+00:00
[2026-07-07T09:42:43.750+0000] {processor.py:183} INFO - Processing /home/airflow/.local/lib/python3.8/site-packages/airflow/example_dags/example_nested_branch_dag.py took 0.367 seconds
[2026-07-07T09:43:14.531+0000] {processor.py:161} INFO - Started process (PID=6952) to work on /home/airflow/.local/lib/python3.8/site-packages/airflow/example_dags/example_nested_branch_dag.py
[2026-07-07T09:43:14.534+0000] {processor.py:830} INFO - Processing file /home/airflow/.local/lib/python3.8/site-packages/airflow/example_dags/example_nested_branch_dag.py for tasks to queue
[2026-07-07T09:43:14.537+0000] {logging_mixin.py:188} INFO - [2026-07-07T09:43:14.536+0000] {dagbag.py:538} INFO - Filling up the DagBag from /home/airflow/.local/lib/python3.8/site-packages/airflow/example_dags/example_nested_branch_dag.py
[2026-07-07T09:43:14.571+0000] {processor.py:840} INFO - DAG(s) 'example_nested_branch_dag' retrieved from /home/airflow/.local/lib/python3.8/site-packages/airflow/example_dags/example_nested_branch_dag.py
[2026-07-07T09:43:14.635+0000] {logging_mixin.py:188} INFO - [2026-07-07T09:43:14.634+0000] {dag.py:3036} INFO - Sync 1 DAGs
[2026-07-07T09:43:14.694+0000] {logging_mixin.py:188} INFO - [2026-07-07T09:43:14.694+0000] {dag.py:3823} INFO - Setting next_dagrun for example_nested_branch_dag to 2026-07-06 00:00:00+00:00, run_after=2026-07-07 00:00:00+00:00
[2026-07-07T09:43:14.744+0000] {processor.py:183} INFO - Processing /home/airflow/.local/lib/python3.8/site-packages/airflow/example_dags/example_nested_branch_dag.py took 0.221 seconds
[2026-07-07T09:43:44.943+0000] {processor.py:161} INFO - Started process (PID=7011) to work on /home/airflow/.local/lib/python3.8/site-packages/airflow/example_dags/example_nested_branch_dag.py
[2026-07-07T09:43:44.945+0000] {processor.py:830} INFO - Processing file /home/airflow/.local/lib/python3.8/site-packages/airflow/example_dags/example_nested_branch_dag.py for tasks to queue
[2026-07-07T09:43:44.947+0000] {logging_mixin.py:188} INFO - [2026-07-07T09:43:44.946+0000] {dagbag.py:538} INFO - Filling up the DagBag from /home/airflow/.local/lib/python3.8/site-packages/airflow/example_dags/example_nested_branch_dag.py
[2026-07-07T09:43:44.975+0000] {processor.py:840} INFO - DAG(s) 'example_nested_branch_dag' retrieved from /home/airflow/.local/lib/python3.8/site-packages/airflow/example_dags/example_nested_branch_dag.py
[2026-07-07T09:43:45.027+0000] {logging_mixin.py:188} INFO - [2026-07-07T09:43:45.026+0000] {dag.py:3036} INFO - Sync 1 DAGs
[2026-07-07T09:43:45.075+0000] {logging_mixin.py:188} INFO - [2026-07-07T09:43:45.074+0000] {dag.py:3823} INFO - Setting next_dagrun for example_nested_branch_dag to 2026-07-06 00:00:00+00:00, run_after=2026-07-07 00:00:00+00:00
[2026-07-07T09:43:45.120+0000] {processor.py:183} INFO - Processing /home/airflow/.local/lib/python3.8/site-packages/airflow/example_dags/example_nested_branch_dag.py took 0.187 seconds
[2026-07-07T09:44:16.206+0000] {processor.py:161} INFO - Started process (PID=7078) to work on /home/airflow/.local/lib/python3.8/site-packages/airflow/example_dags/example_nested_branch_dag.py
[2026-07-07T09:44:16.208+0000] {processor.py:830} INFO - Processing file /home/airflow/.local/lib/python3.8/site-packages/airflow/example_dags/example_nested_branch_dag.py for tasks to queue
[2026-07-07T09:44:16.210+0000] {logging_mixin.py:188} INFO - [2026-07-07T09:44:16.209+0000] {dagbag.py:538} INFO - Filling up the DagBag from /home/airflow/.local/lib/python3.8/site-packages/airflow/example_dags/example_nested_branch_dag.py
[2026-07-07T09:44:16.228+0000] {processor.py:840} INFO - DAG(s) 'example_nested_branch_dag' retrieved from /home/airflow/.local/lib/python3.8/site-packages/airflow/example_dags/example_nested_branch_dag.py
[2026-07-07T09:44:16.273+0000] {logging_mixin.py:188} INFO - [2026-07-07T09:44:16.272+0000] {dag.py:3036} INFO - Sync 1 DAGs
[2026-07-07T09:44:16.308+0000] {logging_mixin.py:188} INFO - [2026-07-07T09:44:16.308+0000] {dag.py:3823} INFO - Setting next_dagrun for example_nested_branch_dag to 2026-07-06 00:00:00+00:00, run_after=2026-07-07 00:00:00+00:00
[2026-07-07T09:44:16.339+0000] {processor.py:183} INFO - Processing /home/airflow/.local/lib/python3.8/site-packages/airflow/example_dags/example_nested_branch_dag.py took 0.139 seconds
[2026-07-07T09:44:47.252+0000] {processor.py:161} INFO - Started process (PID=7145) to work on /home/airflow/.local/lib/python3.8/site-packages/airflow/example_dags/example_nested_branch_dag.py
[2026-07-07T09:44:47.256+0000] {processor.py:830} INFO - Processing file /home/airflow/.local/lib/python3.8/site-packages/airflow/example_dags/example_nested_branch_dag.py for tasks to queue
[2026-07-07T09:44:47.259+0000] {logging_mixin.py:188} INFO - [2026-07-07T09:44:47.258+0000] {dagbag.py:538} INFO - Filling up the DagBag from /home/airflow/.local/lib/python3.8/site-packages/airflow/example_dags/example_nested_branch_dag.py
[2026-07-07T09:44:47.302+0000] {processor.py:840} INFO - DAG(s) 'example_nested_branch_dag' retrieved from /home/airflow/.local/lib/python3.8/site-packages/airflow/example_dags/example_nested_branch_dag.py
[2026-07-07T09:44:47.376+0000] {logging_mixin.py:188} INFO - [2026-07-07T09:44:47.375+0000] {dag.py:3036} INFO - Sync 1 DAGs
[2026-07-07T09:44:47.454+0000] {logging_mixin.py:188} INFO - [2026-07-07T09:44:47.454+0000] {dag.py:3823} INFO - Setting next_dagrun for example_nested_branch_dag to 2026-07-06 00:00:00+00:00, run_after=2026-07-07 00:00:00+00:00
[2026-07-07T09:44:47.496+0000] {processor.py:183} INFO - Processing /home/airflow/.local/lib/python3.8/site-packages/airflow/example_dags/example_nested_branch_dag.py took 0.270 seconds
[2026-07-07T09:45:17.900+0000] {processor.py:161} INFO - Started process (PID=7211) to work on /home/airflow/.local/lib/python3.8/site-packages/airflow/example_dags/example_nested_branch_dag.py
[2026-07-07T09:45:17.902+0000] {processor.py:830} INFO - Processing file /home/airflow/.local/lib/python3.8/site-packages/airflow/example_dags/example_nested_branch_dag.py for tasks to queue
[2026-07-07T09:45:17.905+0000] {logging_mixin.py:188} INFO - [2026-07-07T09:45:17.904+0000] {dagbag.py:538} INFO - Filling up the DagBag from /home/airflow/.local/lib/python3.8/site-packages/airflow/example_dags/example_nested_branch_dag.py
[2026-07-07T09:45:17.954+0000] {processor.py:840} INFO - DAG(s) 'example_nested_branch_dag' retrieved from /home/airflow/.local/lib/python3.8/site-packages/airflow/example_dags/example_nested_branch_dag.py
[2026-07-07T09:45:18.019+0000] {logging_mixin.py:188} INFO - [2026-07-07T09:45:18.018+0000] {dag.py:3036} INFO - Sync 1 DAGs
[2026-07-07T09:45:18.080+0000] {logging_mixin.py:188} INFO - [2026-07-07T09:45:18.079+0000] {dag.py:3823} INFO - Setting next_dagrun for example_nested_branch_dag to 2026-07-06 00:00:00+00:00, run_after=2026-07-07 00:00:00+00:00
[2026-07-07T09:45:18.126+0000] {processor.py:183} INFO - Processing /home/airflow/.local/lib/python3.8/site-packages/airflow/example_dags/example_nested_branch_dag.py took 0.244 seconds
[2026-07-07T09:45:48.476+0000] {processor.py:161} INFO - Started process (PID=7269) to work on /home/airflow/.local/lib/python3.8/site-packages/airflow/example_dags/example_nested_branch_dag.py
[2026-07-07T09:45:48.485+0000] {processor.py:830} INFO - Processing file /home/airflow/.local/lib/python3.8/site-packages/airflow/example_dags/example_nested_branch_dag.py for tasks to queue
[2026-07-07T09:45:48.487+0000] {logging_mixin.py:188} INFO - [2026-07-07T09:45:48.486+0000] {dagbag.py:538} INFO - Filling up the DagBag from /home/airflow/.local/lib/python3.8/site-packages/airflow/example_dags/example_nested_branch_dag.py
[2026-07-07T09:45:48.525+0000] {processor.py:840} INFO - DAG(s) 'example_nested_branch_dag' retrieved from /home/airflow/.local/lib/python3.8/site-packages/airflow/example_dags/example_nested_branch_dag.py
[2026-07-07T09:45:48.582+0000] {logging_mixin.py:188} INFO - [2026-07-07T09:45:48.581+0000] {dag.py:3036} INFO - Sync 1 DAGs
[2026-07-07T09:45:48.635+0000] {logging_mixin.py:188} INFO - [2026-07-07T09:45:48.634+0000] {dag.py:3823} INFO - Setting next_dagrun for example_nested_branch_dag to 2026-07-06 00:00:00+00:00, run_after=2026-07-07 00:00:00+00:00
[2026-07-07T09:45:48.690+0000] {processor.py:183} INFO - Processing /home/airflow/.local/lib/python3.8/site-packages/airflow/example_dags/example_nested_branch_dag.py took 0.224 seconds
[2026-07-07T09:46:19.421+0000] {processor.py:161} INFO - Started process (PID=7336) to work on /home/airflow/.local/lib/python3.8/site-packages/airflow/example_dags/example_nested_branch_dag.py
[2026-07-07T09:46:19.423+0000] {processor.py:830} INFO - Processing file /home/airflow/.local/lib/python3.8/site-packages/airflow/example_dags/example_nested_branch_dag.py for tasks to queue
[2026-07-07T09:46:19.425+0000] {logging_mixin.py:188} INFO - [2026-07-07T09:46:19.424+0000] {dagbag.py:538} INFO - Filling up the DagBag from /home/airflow/.local/lib/python3.8/site-packages/airflow/example_dags/example_nested_branch_dag.py
[2026-07-07T09:46:19.451+0000] {processor.py:840} INFO - DAG(s) 'example_nested_branch_dag' retrieved from /home/airflow/.local/lib/python3.8/site-packages/airflow/example_dags/example_nested_branch_dag.py
[2026-07-07T09:46:19.507+0000] {logging_mixin.py:188} INFO - [2026-07-07T09:46:19.507+0000] {dag.py:3036} INFO - Sync 1 DAGs
[2026-07-07T09:46:19.564+0000] {logging_mixin.py:188} INFO - [2026-07-07T09:46:19.563+0000] {dag.py:3823} INFO - Setting next_dagrun for example_nested_branch_dag to 2026-07-06 00:00:00+00:00, run_after=2026-07-07 00:00:00+00:00
[2026-07-07T09:46:19.617+0000] {processor.py:183} INFO - Processing /home/airflow/.local/lib/python3.8/site-packages/airflow/example_dags/example_nested_branch_dag.py took 0.208 seconds
[2026-07-07T09:46:50.625+0000] {processor.py:161} INFO - Started process (PID=7401) to work on /home/airflow/.local/lib/python3.8/site-packages/airflow/example_dags/example_nested_branch_dag.py
[2026-07-07T09:46:50.629+0000] {processor.py:830} INFO - Processing file /home/airflow/.local/lib/python3.8/site-packages/airflow/example_dags/example_nested_branch_dag.py for tasks to queue
[2026-07-07T09:46:50.631+0000] {logging_mixin.py:188} INFO - [2026-07-07T09:46:50.630+0000] {dagbag.py:538} INFO - Filling up the DagBag from /home/airflow/.local/lib/python3.8/site-packages/airflow/example_dags/example_nested_branch_dag.py
[2026-07-07T09:46:50.657+0000] {processor.py:840} INFO - DAG(s) 'example_nested_branch_dag' retrieved from /home/airflow/.local/lib/python3.8/site-packages/airflow/example_dags/example_nested_branch_dag.py
[2026-07-07T09:46:50.709+0000] {logging_mixin.py:188} INFO - [2026-07-07T09:46:50.708+0000] {dag.py:3036} INFO - Sync 1 DAGs
[2026-07-07T09:46:50.752+0000] {logging_mixin.py:188} INFO - [2026-07-07T09:46:50.752+0000] {dag.py:3823} INFO - Setting next_dagrun for example_nested_branch_dag to 2026-07-06 00:00:00+00:00, run_after=2026-07-07 00:00:00+00:00
[2026-07-07T09:46:50.790+0000] {processor.py:183} INFO - Processing /home/airflow/.local/lib/python3.8/site-packages/airflow/example_dags/example_nested_branch_dag.py took 0.172 seconds
