[2026-07-07T09:08:53.349+0000] {processor.py:161} INFO - Started process (PID=4171) to work on /home/airflow/.local/lib/python3.8/site-packages/airflow/example_dags/example_kubernetes_executor.py
[2026-07-07T09:08:53.351+0000] {processor.py:830} INFO - Processing file /home/airflow/.local/lib/python3.8/site-packages/airflow/example_dags/example_kubernetes_executor.py for tasks to queue
[2026-07-07T09:08:53.366+0000] {logging_mixin.py:188} INFO - [2026-07-07T09:08:53.365+0000] {dagbag.py:538} INFO - Filling up the DagBag from /home/airflow/.local/lib/python3.8/site-packages/airflow/example_dags/example_kubernetes_executor.py
[2026-07-07T09:08:54.283+0000] {processor.py:840} INFO - DAG(s) 'example_kubernetes_executor' retrieved from /home/airflow/.local/lib/python3.8/site-packages/airflow/example_dags/example_kubernetes_executor.py
[2026-07-07T09:08:55.438+0000] {logging_mixin.py:188} INFO - [2026-07-07T09:08:55.438+0000] {dag.py:3036} INFO - Sync 1 DAGs
[2026-07-07T09:08:55.553+0000] {logging_mixin.py:188} INFO - [2026-07-07T09:08:55.553+0000] {dag.py:3823} INFO - Setting next_dagrun for example_kubernetes_executor to None, run_after=None
[2026-07-07T09:08:55.918+0000] {processor.py:183} INFO - Processing /home/airflow/.local/lib/python3.8/site-packages/airflow/example_dags/example_kubernetes_executor.py took 2.620 seconds
[2026-07-07T09:09:30.256+0000] {processor.py:161} INFO - Started process (PID=4237) to work on /home/airflow/.local/lib/python3.8/site-packages/airflow/example_dags/example_kubernetes_executor.py
[2026-07-07T09:09:30.265+0000] {processor.py:830} INFO - Processing file /home/airflow/.local/lib/python3.8/site-packages/airflow/example_dags/example_kubernetes_executor.py for tasks to queue
[2026-07-07T09:09:30.268+0000] {logging_mixin.py:188} INFO - [2026-07-07T09:09:30.267+0000] {dagbag.py:538} INFO - Filling up the DagBag from /home/airflow/.local/lib/python3.8/site-packages/airflow/example_dags/example_kubernetes_executor.py
[2026-07-07T09:09:30.337+0000] {processor.py:840} INFO - DAG(s) 'example_kubernetes_executor' retrieved from /home/airflow/.local/lib/python3.8/site-packages/airflow/example_dags/example_kubernetes_executor.py
[2026-07-07T09:09:30.463+0000] {logging_mixin.py:188} INFO - [2026-07-07T09:09:30.462+0000] {dag.py:3036} INFO - Sync 1 DAGs
[2026-07-07T09:09:30.518+0000] {logging_mixin.py:188} INFO - [2026-07-07T09:09:30.516+0000] {dag.py:3823} INFO - Setting next_dagrun for example_kubernetes_executor to None, run_after=None
[2026-07-07T09:09:30.607+0000] {processor.py:183} INFO - Processing /home/airflow/.local/lib/python3.8/site-packages/airflow/example_dags/example_kubernetes_executor.py took 0.366 seconds
[2026-07-07T09:10:00.955+0000] {processor.py:161} INFO - Started process (PID=4296) to work on /home/airflow/.local/lib/python3.8/site-packages/airflow/example_dags/example_kubernetes_executor.py
[2026-07-07T09:10:00.964+0000] {processor.py:830} INFO - Processing file /home/airflow/.local/lib/python3.8/site-packages/airflow/example_dags/example_kubernetes_executor.py for tasks to queue
[2026-07-07T09:10:00.966+0000] {logging_mixin.py:188} INFO - [2026-07-07T09:10:00.965+0000] {dagbag.py:538} INFO - Filling up the DagBag from /home/airflow/.local/lib/python3.8/site-packages/airflow/example_dags/example_kubernetes_executor.py
[2026-07-07T09:10:01.017+0000] {processor.py:840} INFO - DAG(s) 'example_kubernetes_executor' retrieved from /home/airflow/.local/lib/python3.8/site-packages/airflow/example_dags/example_kubernetes_executor.py
[2026-07-07T09:10:01.134+0000] {logging_mixin.py:188} INFO - [2026-07-07T09:10:01.134+0000] {dag.py:3036} INFO - Sync 1 DAGs
[2026-07-07T09:10:01.167+0000] {logging_mixin.py:188} INFO - [2026-07-07T09:10:01.167+0000] {dag.py:3823} INFO - Setting next_dagrun for example_kubernetes_executor to None, run_after=None
[2026-07-07T09:10:01.223+0000] {processor.py:183} INFO - Processing /home/airflow/.local/lib/python3.8/site-packages/airflow/example_dags/example_kubernetes_executor.py took 0.291 seconds
[2026-07-07T09:10:32.011+0000] {processor.py:161} INFO - Started process (PID=4363) to work on /home/airflow/.local/lib/python3.8/site-packages/airflow/example_dags/example_kubernetes_executor.py
[2026-07-07T09:10:32.014+0000] {processor.py:830} INFO - Processing file /home/airflow/.local/lib/python3.8/site-packages/airflow/example_dags/example_kubernetes_executor.py for tasks to queue
[2026-07-07T09:10:32.021+0000] {logging_mixin.py:188} INFO - [2026-07-07T09:10:32.017+0000] {dagbag.py:538} INFO - Filling up the DagBag from /home/airflow/.local/lib/python3.8/site-packages/airflow/example_dags/example_kubernetes_executor.py
[2026-07-07T09:10:32.098+0000] {processor.py:840} INFO - DAG(s) 'example_kubernetes_executor' retrieved from /home/airflow/.local/lib/python3.8/site-packages/airflow/example_dags/example_kubernetes_executor.py
[2026-07-07T09:10:32.221+0000] {logging_mixin.py:188} INFO - [2026-07-07T09:10:32.221+0000] {dag.py:3036} INFO - Sync 1 DAGs
[2026-07-07T09:10:32.291+0000] {logging_mixin.py:188} INFO - [2026-07-07T09:10:32.290+0000] {dag.py:3823} INFO - Setting next_dagrun for example_kubernetes_executor to None, run_after=None
[2026-07-07T09:10:32.340+0000] {processor.py:183} INFO - Processing /home/airflow/.local/lib/python3.8/site-packages/airflow/example_dags/example_kubernetes_executor.py took 0.339 seconds
[2026-07-07T09:12:26.673+0000] {processor.py:161} INFO - Started process (PID=4448) to work on /home/airflow/.local/lib/python3.8/site-packages/airflow/example_dags/example_kubernetes_executor.py
[2026-07-07T09:12:26.799+0000] {processor.py:830} INFO - Processing file /home/airflow/.local/lib/python3.8/site-packages/airflow/example_dags/example_kubernetes_executor.py for tasks to queue
[2026-07-07T09:12:26.818+0000] {logging_mixin.py:188} INFO - [2026-07-07T09:12:26.817+0000] {dagbag.py:538} INFO - Filling up the DagBag from /home/airflow/.local/lib/python3.8/site-packages/airflow/example_dags/example_kubernetes_executor.py
[2026-07-07T09:12:28.729+0000] {processor.py:840} INFO - DAG(s) 'example_kubernetes_executor' retrieved from /home/airflow/.local/lib/python3.8/site-packages/airflow/example_dags/example_kubernetes_executor.py
[2026-07-07T09:12:34.480+0000] {logging_mixin.py:188} INFO - [2026-07-07T09:12:34.479+0000] {dag.py:3036} INFO - Sync 1 DAGs
[2026-07-07T09:12:37.476+0000] {logging_mixin.py:188} INFO - [2026-07-07T09:12:37.476+0000] {dag.py:3823} INFO - Setting next_dagrun for example_kubernetes_executor to None, run_after=None
[2026-07-07T09:12:41.699+0000] {processor.py:183} INFO - Processing /home/airflow/.local/lib/python3.8/site-packages/airflow/example_dags/example_kubernetes_executor.py took 15.287 seconds
[2026-07-07T09:20:05.901+0000] {processor.py:161} INFO - Started process (PID=4632) to work on /home/airflow/.local/lib/python3.8/site-packages/airflow/example_dags/example_kubernetes_executor.py
[2026-07-07T09:20:05.996+0000] {processor.py:830} INFO - Processing file /home/airflow/.local/lib/python3.8/site-packages/airflow/example_dags/example_kubernetes_executor.py for tasks to queue
[2026-07-07T09:20:06.046+0000] {logging_mixin.py:188} INFO - [2026-07-07T09:20:06.000+0000] {dagbag.py:538} INFO - Filling up the DagBag from /home/airflow/.local/lib/python3.8/site-packages/airflow/example_dags/example_kubernetes_executor.py
[2026-07-07T09:20:07.207+0000] {processor.py:840} INFO - DAG(s) 'example_kubernetes_executor' retrieved from /home/airflow/.local/lib/python3.8/site-packages/airflow/example_dags/example_kubernetes_executor.py
[2026-07-07T09:20:08.360+0000] {logging_mixin.py:188} INFO - [2026-07-07T09:20:08.359+0000] {dag.py:3036} INFO - Sync 1 DAGs
[2026-07-07T09:20:08.905+0000] {logging_mixin.py:188} INFO - [2026-07-07T09:20:08.905+0000] {dag.py:3823} INFO - Setting next_dagrun for example_kubernetes_executor to None, run_after=None
[2026-07-07T09:20:09.496+0000] {processor.py:183} INFO - Processing /home/airflow/.local/lib/python3.8/site-packages/airflow/example_dags/example_kubernetes_executor.py took 3.864 seconds
[2026-07-07T09:23:31.602+0000] {processor.py:161} INFO - Started process (PID=4757) to work on /home/airflow/.local/lib/python3.8/site-packages/airflow/example_dags/example_kubernetes_executor.py
[2026-07-07T09:23:31.618+0000] {processor.py:830} INFO - Processing file /home/airflow/.local/lib/python3.8/site-packages/airflow/example_dags/example_kubernetes_executor.py for tasks to queue
[2026-07-07T09:23:31.621+0000] {logging_mixin.py:188} INFO - [2026-07-07T09:23:31.620+0000] {dagbag.py:538} INFO - Filling up the DagBag from /home/airflow/.local/lib/python3.8/site-packages/airflow/example_dags/example_kubernetes_executor.py
[2026-07-07T09:23:32.572+0000] {processor.py:840} INFO - DAG(s) 'example_kubernetes_executor' retrieved from /home/airflow/.local/lib/python3.8/site-packages/airflow/example_dags/example_kubernetes_executor.py
[2026-07-07T09:23:33.771+0000] {logging_mixin.py:188} INFO - [2026-07-07T09:23:33.770+0000] {dag.py:3036} INFO - Sync 1 DAGs
[2026-07-07T09:23:34.000+0000] {logging_mixin.py:188} INFO - [2026-07-07T09:23:33.999+0000] {dag.py:3823} INFO - Setting next_dagrun for example_kubernetes_executor to None, run_after=None
[2026-07-07T09:23:34.873+0000] {processor.py:183} INFO - Processing /home/airflow/.local/lib/python3.8/site-packages/airflow/example_dags/example_kubernetes_executor.py took 3.360 seconds
[2026-07-07T09:26:24.219+0000] {processor.py:161} INFO - Started process (PID=4893) to work on /home/airflow/.local/lib/python3.8/site-packages/airflow/example_dags/example_kubernetes_executor.py
[2026-07-07T09:26:24.237+0000] {processor.py:830} INFO - Processing file /home/airflow/.local/lib/python3.8/site-packages/airflow/example_dags/example_kubernetes_executor.py for tasks to queue
[2026-07-07T09:26:24.240+0000] {logging_mixin.py:188} INFO - [2026-07-07T09:26:24.239+0000] {dagbag.py:538} INFO - Filling up the DagBag from /home/airflow/.local/lib/python3.8/site-packages/airflow/example_dags/example_kubernetes_executor.py
[2026-07-07T09:26:24.962+0000] {processor.py:840} INFO - DAG(s) 'example_kubernetes_executor' retrieved from /home/airflow/.local/lib/python3.8/site-packages/airflow/example_dags/example_kubernetes_executor.py
[2026-07-07T09:26:25.696+0000] {logging_mixin.py:188} INFO - [2026-07-07T09:26:25.695+0000] {dag.py:3036} INFO - Sync 1 DAGs
[2026-07-07T09:26:25.813+0000] {logging_mixin.py:188} INFO - [2026-07-07T09:26:25.813+0000] {dag.py:3823} INFO - Setting next_dagrun for example_kubernetes_executor to None, run_after=None
[2026-07-07T09:26:26.051+0000] {processor.py:183} INFO - Processing /home/airflow/.local/lib/python3.8/site-packages/airflow/example_dags/example_kubernetes_executor.py took 1.887 seconds
[2026-07-07T09:26:57.030+0000] {processor.py:161} INFO - Started process (PID=4954) to work on /home/airflow/.local/lib/python3.8/site-packages/airflow/example_dags/example_kubernetes_executor.py
[2026-07-07T09:26:57.034+0000] {processor.py:830} INFO - Processing file /home/airflow/.local/lib/python3.8/site-packages/airflow/example_dags/example_kubernetes_executor.py for tasks to queue
[2026-07-07T09:26:57.036+0000] {logging_mixin.py:188} INFO - [2026-07-07T09:26:57.035+0000] {dagbag.py:538} INFO - Filling up the DagBag from /home/airflow/.local/lib/python3.8/site-packages/airflow/example_dags/example_kubernetes_executor.py
[2026-07-07T09:26:57.124+0000] {processor.py:840} INFO - DAG(s) 'example_kubernetes_executor' retrieved from /home/airflow/.local/lib/python3.8/site-packages/airflow/example_dags/example_kubernetes_executor.py
[2026-07-07T09:26:57.245+0000] {logging_mixin.py:188} INFO - [2026-07-07T09:26:57.245+0000] {dag.py:3036} INFO - Sync 1 DAGs
[2026-07-07T09:26:57.304+0000] {logging_mixin.py:188} INFO - [2026-07-07T09:26:57.303+0000] {dag.py:3823} INFO - Setting next_dagrun for example_kubernetes_executor to None, run_after=None
[2026-07-07T09:26:57.370+0000] {processor.py:183} INFO - Processing /home/airflow/.local/lib/python3.8/site-packages/airflow/example_dags/example_kubernetes_executor.py took 0.355 seconds
[2026-07-07T09:27:27.789+0000] {processor.py:161} INFO - Started process (PID=5021) to work on /home/airflow/.local/lib/python3.8/site-packages/airflow/example_dags/example_kubernetes_executor.py
[2026-07-07T09:27:27.795+0000] {processor.py:830} INFO - Processing file /home/airflow/.local/lib/python3.8/site-packages/airflow/example_dags/example_kubernetes_executor.py for tasks to queue
[2026-07-07T09:27:27.797+0000] {logging_mixin.py:188} INFO - [2026-07-07T09:27:27.796+0000] {dagbag.py:538} INFO - Filling up the DagBag from /home/airflow/.local/lib/python3.8/site-packages/airflow/example_dags/example_kubernetes_executor.py
[2026-07-07T09:27:27.891+0000] {processor.py:840} INFO - DAG(s) 'example_kubernetes_executor' retrieved from /home/airflow/.local/lib/python3.8/site-packages/airflow/example_dags/example_kubernetes_executor.py
[2026-07-07T09:27:28.124+0000] {logging_mixin.py:188} INFO - [2026-07-07T09:27:28.123+0000] {dag.py:3036} INFO - Sync 1 DAGs
[2026-07-07T09:27:28.307+0000] {logging_mixin.py:188} INFO - [2026-07-07T09:27:28.306+0000] {dag.py:3823} INFO - Setting next_dagrun for example_kubernetes_executor to None, run_after=None
[2026-07-07T09:27:28.423+0000] {processor.py:183} INFO - Processing /home/airflow/.local/lib/python3.8/site-packages/airflow/example_dags/example_kubernetes_executor.py took 0.659 seconds
[2026-07-07T09:27:58.604+0000] {processor.py:161} INFO - Started process (PID=5079) to work on /home/airflow/.local/lib/python3.8/site-packages/airflow/example_dags/example_kubernetes_executor.py
[2026-07-07T09:27:58.614+0000] {processor.py:830} INFO - Processing file /home/airflow/.local/lib/python3.8/site-packages/airflow/example_dags/example_kubernetes_executor.py for tasks to queue
[2026-07-07T09:27:58.616+0000] {logging_mixin.py:188} INFO - [2026-07-07T09:27:58.615+0000] {dagbag.py:538} INFO - Filling up the DagBag from /home/airflow/.local/lib/python3.8/site-packages/airflow/example_dags/example_kubernetes_executor.py
[2026-07-07T09:27:58.671+0000] {processor.py:840} INFO - DAG(s) 'example_kubernetes_executor' retrieved from /home/airflow/.local/lib/python3.8/site-packages/airflow/example_dags/example_kubernetes_executor.py
[2026-07-07T09:27:58.849+0000] {logging_mixin.py:188} INFO - [2026-07-07T09:27:58.848+0000] {dag.py:3036} INFO - Sync 1 DAGs
[2026-07-07T09:27:58.907+0000] {logging_mixin.py:188} INFO - [2026-07-07T09:27:58.906+0000] {dag.py:3823} INFO - Setting next_dagrun for example_kubernetes_executor to None, run_after=None
[2026-07-07T09:27:58.982+0000] {processor.py:183} INFO - Processing /home/airflow/.local/lib/python3.8/site-packages/airflow/example_dags/example_kubernetes_executor.py took 0.389 seconds
[2026-07-07T09:28:40.406+0000] {processor.py:161} INFO - Started process (PID=5147) to work on /home/airflow/.local/lib/python3.8/site-packages/airflow/example_dags/example_kubernetes_executor.py
[2026-07-07T09:28:40.409+0000] {processor.py:830} INFO - Processing file /home/airflow/.local/lib/python3.8/site-packages/airflow/example_dags/example_kubernetes_executor.py for tasks to queue
[2026-07-07T09:28:40.421+0000] {logging_mixin.py:188} INFO - [2026-07-07T09:28:40.420+0000] {dagbag.py:538} INFO - Filling up the DagBag from /home/airflow/.local/lib/python3.8/site-packages/airflow/example_dags/example_kubernetes_executor.py
[2026-07-07T09:28:40.518+0000] {processor.py:840} INFO - DAG(s) 'example_kubernetes_executor' retrieved from /home/airflow/.local/lib/python3.8/site-packages/airflow/example_dags/example_kubernetes_executor.py
[2026-07-07T09:28:40.841+0000] {logging_mixin.py:188} INFO - [2026-07-07T09:28:40.841+0000] {dag.py:3036} INFO - Sync 1 DAGs
[2026-07-07T09:28:40.972+0000] {logging_mixin.py:188} INFO - [2026-07-07T09:28:40.972+0000] {dag.py:3823} INFO - Setting next_dagrun for example_kubernetes_executor to None, run_after=None
[2026-07-07T09:28:41.127+0000] {processor.py:183} INFO - Processing /home/airflow/.local/lib/python3.8/site-packages/airflow/example_dags/example_kubernetes_executor.py took 0.736 seconds
[2026-07-07T09:29:14.282+0000] {processor.py:161} INFO - Started process (PID=5215) to work on /home/airflow/.local/lib/python3.8/site-packages/airflow/example_dags/example_kubernetes_executor.py
[2026-07-07T09:29:14.481+0000] {processor.py:830} INFO - Processing file /home/airflow/.local/lib/python3.8/site-packages/airflow/example_dags/example_kubernetes_executor.py for tasks to queue
[2026-07-07T09:29:14.579+0000] {logging_mixin.py:188} INFO - [2026-07-07T09:29:14.578+0000] {dagbag.py:538} INFO - Filling up the DagBag from /home/airflow/.local/lib/python3.8/site-packages/airflow/example_dags/example_kubernetes_executor.py
[2026-07-07T09:29:15.064+0000] {processor.py:840} INFO - DAG(s) 'example_kubernetes_executor' retrieved from /home/airflow/.local/lib/python3.8/site-packages/airflow/example_dags/example_kubernetes_executor.py
[2026-07-07T09:29:15.502+0000] {logging_mixin.py:188} INFO - [2026-07-07T09:29:15.502+0000] {dag.py:3036} INFO - Sync 1 DAGs
[2026-07-07T09:29:15.658+0000] {logging_mixin.py:188} INFO - [2026-07-07T09:29:15.658+0000] {dag.py:3823} INFO - Setting next_dagrun for example_kubernetes_executor to None, run_after=None
[2026-07-07T09:29:15.761+0000] {processor.py:183} INFO - Processing /home/airflow/.local/lib/python3.8/site-packages/airflow/example_dags/example_kubernetes_executor.py took 1.790 seconds
[2026-07-07T09:29:46.017+0000] {processor.py:161} INFO - Started process (PID=5282) to work on /home/airflow/.local/lib/python3.8/site-packages/airflow/example_dags/example_kubernetes_executor.py
[2026-07-07T09:29:46.024+0000] {processor.py:830} INFO - Processing file /home/airflow/.local/lib/python3.8/site-packages/airflow/example_dags/example_kubernetes_executor.py for tasks to queue
[2026-07-07T09:29:46.027+0000] {logging_mixin.py:188} INFO - [2026-07-07T09:29:46.026+0000] {dagbag.py:538} INFO - Filling up the DagBag from /home/airflow/.local/lib/python3.8/site-packages/airflow/example_dags/example_kubernetes_executor.py
[2026-07-07T09:29:46.102+0000] {processor.py:840} INFO - DAG(s) 'example_kubernetes_executor' retrieved from /home/airflow/.local/lib/python3.8/site-packages/airflow/example_dags/example_kubernetes_executor.py
[2026-07-07T09:29:46.376+0000] {logging_mixin.py:188} INFO - [2026-07-07T09:29:46.376+0000] {dag.py:3036} INFO - Sync 1 DAGs
[2026-07-07T09:29:46.429+0000] {logging_mixin.py:188} INFO - [2026-07-07T09:29:46.428+0000] {dag.py:3823} INFO - Setting next_dagrun for example_kubernetes_executor to None, run_after=None
[2026-07-07T09:29:46.555+0000] {processor.py:183} INFO - Processing /home/airflow/.local/lib/python3.8/site-packages/airflow/example_dags/example_kubernetes_executor.py took 0.556 seconds
[2026-07-07T09:30:17.122+0000] {processor.py:161} INFO - Started process (PID=5340) to work on /home/airflow/.local/lib/python3.8/site-packages/airflow/example_dags/example_kubernetes_executor.py
[2026-07-07T09:30:17.132+0000] {processor.py:830} INFO - Processing file /home/airflow/.local/lib/python3.8/site-packages/airflow/example_dags/example_kubernetes_executor.py for tasks to queue
[2026-07-07T09:30:17.135+0000] {logging_mixin.py:188} INFO - [2026-07-07T09:30:17.134+0000] {dagbag.py:538} INFO - Filling up the DagBag from /home/airflow/.local/lib/python3.8/site-packages/airflow/example_dags/example_kubernetes_executor.py
[2026-07-07T09:30:17.184+0000] {processor.py:840} INFO - DAG(s) 'example_kubernetes_executor' retrieved from /home/airflow/.local/lib/python3.8/site-packages/airflow/example_dags/example_kubernetes_executor.py
[2026-07-07T09:30:17.312+0000] {logging_mixin.py:188} INFO - [2026-07-07T09:30:17.311+0000] {dag.py:3036} INFO - Sync 1 DAGs
[2026-07-07T09:30:17.351+0000] {logging_mixin.py:188} INFO - [2026-07-07T09:30:17.350+0000] {dag.py:3823} INFO - Setting next_dagrun for example_kubernetes_executor to None, run_after=None
[2026-07-07T09:30:17.421+0000] {processor.py:183} INFO - Processing /home/airflow/.local/lib/python3.8/site-packages/airflow/example_dags/example_kubernetes_executor.py took 0.312 seconds
[2026-07-07T09:30:49.112+0000] {processor.py:161} INFO - Started process (PID=5407) to work on /home/airflow/.local/lib/python3.8/site-packages/airflow/example_dags/example_kubernetes_executor.py
[2026-07-07T09:30:49.115+0000] {processor.py:830} INFO - Processing file /home/airflow/.local/lib/python3.8/site-packages/airflow/example_dags/example_kubernetes_executor.py for tasks to queue
[2026-07-07T09:30:49.124+0000] {logging_mixin.py:188} INFO - [2026-07-07T09:30:49.123+0000] {dagbag.py:538} INFO - Filling up the DagBag from /home/airflow/.local/lib/python3.8/site-packages/airflow/example_dags/example_kubernetes_executor.py
[2026-07-07T09:30:49.183+0000] {processor.py:840} INFO - DAG(s) 'example_kubernetes_executor' retrieved from /home/airflow/.local/lib/python3.8/site-packages/airflow/example_dags/example_kubernetes_executor.py
[2026-07-07T09:30:49.611+0000] {logging_mixin.py:188} INFO - [2026-07-07T09:30:49.610+0000] {dag.py:3036} INFO - Sync 1 DAGs
[2026-07-07T09:30:49.658+0000] {logging_mixin.py:188} INFO - [2026-07-07T09:30:49.657+0000] {dag.py:3823} INFO - Setting next_dagrun for example_kubernetes_executor to None, run_after=None
[2026-07-07T09:30:49.776+0000] {processor.py:183} INFO - Processing /home/airflow/.local/lib/python3.8/site-packages/airflow/example_dags/example_kubernetes_executor.py took 0.689 seconds
[2026-07-07T09:31:22.401+0000] {processor.py:161} INFO - Started process (PID=5463) to work on /home/airflow/.local/lib/python3.8/site-packages/airflow/example_dags/example_kubernetes_executor.py
[2026-07-07T09:31:22.422+0000] {processor.py:830} INFO - Processing file /home/airflow/.local/lib/python3.8/site-packages/airflow/example_dags/example_kubernetes_executor.py for tasks to queue
[2026-07-07T09:31:22.440+0000] {logging_mixin.py:188} INFO - [2026-07-07T09:31:22.439+0000] {dagbag.py:538} INFO - Filling up the DagBag from /home/airflow/.local/lib/python3.8/site-packages/airflow/example_dags/example_kubernetes_executor.py
[2026-07-07T09:31:22.529+0000] {processor.py:840} INFO - DAG(s) 'example_kubernetes_executor' retrieved from /home/airflow/.local/lib/python3.8/site-packages/airflow/example_dags/example_kubernetes_executor.py
[2026-07-07T09:31:22.750+0000] {logging_mixin.py:188} INFO - [2026-07-07T09:31:22.749+0000] {dag.py:3036} INFO - Sync 1 DAGs
[2026-07-07T09:31:22.815+0000] {logging_mixin.py:188} INFO - [2026-07-07T09:31:22.814+0000] {dag.py:3823} INFO - Setting next_dagrun for example_kubernetes_executor to None, run_after=None
[2026-07-07T09:31:22.934+0000] {processor.py:183} INFO - Processing /home/airflow/.local/lib/python3.8/site-packages/airflow/example_dags/example_kubernetes_executor.py took 0.561 seconds
[2026-07-07T09:31:57.362+0000] {processor.py:161} INFO - Started process (PID=5530) to work on /home/airflow/.local/lib/python3.8/site-packages/airflow/example_dags/example_kubernetes_executor.py
[2026-07-07T09:31:57.372+0000] {processor.py:830} INFO - Processing file /home/airflow/.local/lib/python3.8/site-packages/airflow/example_dags/example_kubernetes_executor.py for tasks to queue
[2026-07-07T09:31:57.374+0000] {logging_mixin.py:188} INFO - [2026-07-07T09:31:57.374+0000] {dagbag.py:538} INFO - Filling up the DagBag from /home/airflow/.local/lib/python3.8/site-packages/airflow/example_dags/example_kubernetes_executor.py
[2026-07-07T09:31:57.486+0000] {processor.py:840} INFO - DAG(s) 'example_kubernetes_executor' retrieved from /home/airflow/.local/lib/python3.8/site-packages/airflow/example_dags/example_kubernetes_executor.py
[2026-07-07T09:31:57.715+0000] {logging_mixin.py:188} INFO - [2026-07-07T09:31:57.715+0000] {dag.py:3036} INFO - Sync 1 DAGs
[2026-07-07T09:31:57.783+0000] {logging_mixin.py:188} INFO - [2026-07-07T09:31:57.783+0000] {dag.py:3823} INFO - Setting next_dagrun for example_kubernetes_executor to None, run_after=None
[2026-07-07T09:31:57.885+0000] {processor.py:183} INFO - Processing /home/airflow/.local/lib/python3.8/site-packages/airflow/example_dags/example_kubernetes_executor.py took 0.551 seconds
[2026-07-07T09:32:28.202+0000] {processor.py:161} INFO - Started process (PID=5595) to work on /home/airflow/.local/lib/python3.8/site-packages/airflow/example_dags/example_kubernetes_executor.py
[2026-07-07T09:32:28.211+0000] {processor.py:830} INFO - Processing file /home/airflow/.local/lib/python3.8/site-packages/airflow/example_dags/example_kubernetes_executor.py for tasks to queue
[2026-07-07T09:32:28.215+0000] {logging_mixin.py:188} INFO - [2026-07-07T09:32:28.214+0000] {dagbag.py:538} INFO - Filling up the DagBag from /home/airflow/.local/lib/python3.8/site-packages/airflow/example_dags/example_kubernetes_executor.py
[2026-07-07T09:32:28.302+0000] {processor.py:840} INFO - DAG(s) 'example_kubernetes_executor' retrieved from /home/airflow/.local/lib/python3.8/site-packages/airflow/example_dags/example_kubernetes_executor.py
[2026-07-07T09:32:28.517+0000] {logging_mixin.py:188} INFO - [2026-07-07T09:32:28.517+0000] {dag.py:3036} INFO - Sync 1 DAGs
[2026-07-07T09:32:28.574+0000] {logging_mixin.py:188} INFO - [2026-07-07T09:32:28.573+0000] {dag.py:3823} INFO - Setting next_dagrun for example_kubernetes_executor to None, run_after=None
[2026-07-07T09:32:28.679+0000] {processor.py:183} INFO - Processing /home/airflow/.local/lib/python3.8/site-packages/airflow/example_dags/example_kubernetes_executor.py took 0.517 seconds
[2026-07-07T09:32:58.883+0000] {processor.py:161} INFO - Started process (PID=5654) to work on /home/airflow/.local/lib/python3.8/site-packages/airflow/example_dags/example_kubernetes_executor.py
[2026-07-07T09:32:58.885+0000] {processor.py:830} INFO - Processing file /home/airflow/.local/lib/python3.8/site-packages/airflow/example_dags/example_kubernetes_executor.py for tasks to queue
[2026-07-07T09:32:58.887+0000] {logging_mixin.py:188} INFO - [2026-07-07T09:32:58.886+0000] {dagbag.py:538} INFO - Filling up the DagBag from /home/airflow/.local/lib/python3.8/site-packages/airflow/example_dags/example_kubernetes_executor.py
[2026-07-07T09:32:58.920+0000] {processor.py:840} INFO - DAG(s) 'example_kubernetes_executor' retrieved from /home/airflow/.local/lib/python3.8/site-packages/airflow/example_dags/example_kubernetes_executor.py
[2026-07-07T09:32:59.000+0000] {logging_mixin.py:188} INFO - [2026-07-07T09:32:59.000+0000] {dag.py:3036} INFO - Sync 1 DAGs
[2026-07-07T09:32:59.025+0000] {logging_mixin.py:188} INFO - [2026-07-07T09:32:59.024+0000] {dag.py:3823} INFO - Setting next_dagrun for example_kubernetes_executor to None, run_after=None
[2026-07-07T09:32:59.071+0000] {processor.py:183} INFO - Processing /home/airflow/.local/lib/python3.8/site-packages/airflow/example_dags/example_kubernetes_executor.py took 0.197 seconds
[2026-07-07T09:33:29.263+0000] {processor.py:161} INFO - Started process (PID=5720) to work on /home/airflow/.local/lib/python3.8/site-packages/airflow/example_dags/example_kubernetes_executor.py
[2026-07-07T09:33:29.266+0000] {processor.py:830} INFO - Processing file /home/airflow/.local/lib/python3.8/site-packages/airflow/example_dags/example_kubernetes_executor.py for tasks to queue
[2026-07-07T09:33:29.268+0000] {logging_mixin.py:188} INFO - [2026-07-07T09:33:29.268+0000] {dagbag.py:538} INFO - Filling up the DagBag from /home/airflow/.local/lib/python3.8/site-packages/airflow/example_dags/example_kubernetes_executor.py
[2026-07-07T09:33:29.307+0000] {processor.py:840} INFO - DAG(s) 'example_kubernetes_executor' retrieved from /home/airflow/.local/lib/python3.8/site-packages/airflow/example_dags/example_kubernetes_executor.py
[2026-07-07T09:33:29.431+0000] {logging_mixin.py:188} INFO - [2026-07-07T09:33:29.430+0000] {dag.py:3036} INFO - Sync 1 DAGs
[2026-07-07T09:33:29.455+0000] {logging_mixin.py:188} INFO - [2026-07-07T09:33:29.455+0000] {dag.py:3823} INFO - Setting next_dagrun for example_kubernetes_executor to None, run_after=None
[2026-07-07T09:33:29.495+0000] {processor.py:183} INFO - Processing /home/airflow/.local/lib/python3.8/site-packages/airflow/example_dags/example_kubernetes_executor.py took 0.242 seconds
[2026-07-07T09:33:59.732+0000] {processor.py:161} INFO - Started process (PID=5788) to work on /home/airflow/.local/lib/python3.8/site-packages/airflow/example_dags/example_kubernetes_executor.py
[2026-07-07T09:33:59.750+0000] {processor.py:830} INFO - Processing file /home/airflow/.local/lib/python3.8/site-packages/airflow/example_dags/example_kubernetes_executor.py for tasks to queue
[2026-07-07T09:33:59.760+0000] {logging_mixin.py:188} INFO - [2026-07-07T09:33:59.759+0000] {dagbag.py:538} INFO - Filling up the DagBag from /home/airflow/.local/lib/python3.8/site-packages/airflow/example_dags/example_kubernetes_executor.py
[2026-07-07T09:33:59.906+0000] {processor.py:840} INFO - DAG(s) 'example_kubernetes_executor' retrieved from /home/airflow/.local/lib/python3.8/site-packages/airflow/example_dags/example_kubernetes_executor.py
[2026-07-07T09:34:00.098+0000] {logging_mixin.py:188} INFO - [2026-07-07T09:34:00.097+0000] {dag.py:3036} INFO - Sync 1 DAGs
[2026-07-07T09:34:00.168+0000] {logging_mixin.py:188} INFO - [2026-07-07T09:34:00.167+0000] {dag.py:3823} INFO - Setting next_dagrun for example_kubernetes_executor to None, run_after=None
[2026-07-07T09:34:00.239+0000] {processor.py:183} INFO - Processing /home/airflow/.local/lib/python3.8/site-packages/airflow/example_dags/example_kubernetes_executor.py took 0.560 seconds
[2026-07-07T09:34:30.409+0000] {processor.py:161} INFO - Started process (PID=5846) to work on /home/airflow/.local/lib/python3.8/site-packages/airflow/example_dags/example_kubernetes_executor.py
[2026-07-07T09:34:30.412+0000] {processor.py:830} INFO - Processing file /home/airflow/.local/lib/python3.8/site-packages/airflow/example_dags/example_kubernetes_executor.py for tasks to queue
[2026-07-07T09:34:30.415+0000] {logging_mixin.py:188} INFO - [2026-07-07T09:34:30.414+0000] {dagbag.py:538} INFO - Filling up the DagBag from /home/airflow/.local/lib/python3.8/site-packages/airflow/example_dags/example_kubernetes_executor.py
[2026-07-07T09:34:30.507+0000] {processor.py:840} INFO - DAG(s) 'example_kubernetes_executor' retrieved from /home/airflow/.local/lib/python3.8/site-packages/airflow/example_dags/example_kubernetes_executor.py
[2026-07-07T09:34:30.748+0000] {logging_mixin.py:188} INFO - [2026-07-07T09:34:30.747+0000] {dag.py:3036} INFO - Sync 1 DAGs
[2026-07-07T09:34:30.794+0000] {logging_mixin.py:188} INFO - [2026-07-07T09:34:30.793+0000] {dag.py:3823} INFO - Setting next_dagrun for example_kubernetes_executor to None, run_after=None
[2026-07-07T09:34:30.870+0000] {processor.py:183} INFO - Processing /home/airflow/.local/lib/python3.8/site-packages/airflow/example_dags/example_kubernetes_executor.py took 0.473 seconds
[2026-07-07T09:35:03.029+0000] {processor.py:161} INFO - Started process (PID=5913) to work on /home/airflow/.local/lib/python3.8/site-packages/airflow/example_dags/example_kubernetes_executor.py
[2026-07-07T09:35:03.032+0000] {processor.py:830} INFO - Processing file /home/airflow/.local/lib/python3.8/site-packages/airflow/example_dags/example_kubernetes_executor.py for tasks to queue
[2026-07-07T09:35:03.034+0000] {logging_mixin.py:188} INFO - [2026-07-07T09:35:03.033+0000] {dagbag.py:538} INFO - Filling up the DagBag from /home/airflow/.local/lib/python3.8/site-packages/airflow/example_dags/example_kubernetes_executor.py
[2026-07-07T09:35:03.113+0000] {processor.py:840} INFO - DAG(s) 'example_kubernetes_executor' retrieved from /home/airflow/.local/lib/python3.8/site-packages/airflow/example_dags/example_kubernetes_executor.py
[2026-07-07T09:35:03.266+0000] {logging_mixin.py:188} INFO - [2026-07-07T09:35:03.265+0000] {dag.py:3036} INFO - Sync 1 DAGs
[2026-07-07T09:35:03.300+0000] {logging_mixin.py:188} INFO - [2026-07-07T09:35:03.299+0000] {dag.py:3823} INFO - Setting next_dagrun for example_kubernetes_executor to None, run_after=None
[2026-07-07T09:35:03.353+0000] {processor.py:183} INFO - Processing /home/airflow/.local/lib/python3.8/site-packages/airflow/example_dags/example_kubernetes_executor.py took 0.339 seconds
[2026-07-07T09:35:35.524+0000] {processor.py:161} INFO - Started process (PID=5985) to work on /home/airflow/.local/lib/python3.8/site-packages/airflow/example_dags/example_kubernetes_executor.py
[2026-07-07T09:35:35.531+0000] {processor.py:830} INFO - Processing file /home/airflow/.local/lib/python3.8/site-packages/airflow/example_dags/example_kubernetes_executor.py for tasks to queue
[2026-07-07T09:35:35.574+0000] {logging_mixin.py:188} INFO - [2026-07-07T09:35:35.560+0000] {dagbag.py:538} INFO - Filling up the DagBag from /home/airflow/.local/lib/python3.8/site-packages/airflow/example_dags/example_kubernetes_executor.py
[2026-07-07T09:35:35.801+0000] {processor.py:840} INFO - DAG(s) 'example_kubernetes_executor' retrieved from /home/airflow/.local/lib/python3.8/site-packages/airflow/example_dags/example_kubernetes_executor.py
[2026-07-07T09:35:36.886+0000] {logging_mixin.py:188} INFO - [2026-07-07T09:35:36.885+0000] {dag.py:3036} INFO - Sync 1 DAGs
[2026-07-07T09:35:37.187+0000] {logging_mixin.py:188} INFO - [2026-07-07T09:35:37.187+0000] {dag.py:3823} INFO - Setting next_dagrun for example_kubernetes_executor to None, run_after=None
[2026-07-07T09:35:37.771+0000] {processor.py:183} INFO - Processing /home/airflow/.local/lib/python3.8/site-packages/airflow/example_dags/example_kubernetes_executor.py took 2.276 seconds
[2026-07-07T09:36:08.323+0000] {processor.py:161} INFO - Started process (PID=6045) to work on /home/airflow/.local/lib/python3.8/site-packages/airflow/example_dags/example_kubernetes_executor.py
[2026-07-07T09:36:08.325+0000] {processor.py:830} INFO - Processing file /home/airflow/.local/lib/python3.8/site-packages/airflow/example_dags/example_kubernetes_executor.py for tasks to queue
[2026-07-07T09:36:08.326+0000] {logging_mixin.py:188} INFO - [2026-07-07T09:36:08.326+0000] {dagbag.py:538} INFO - Filling up the DagBag from /home/airflow/.local/lib/python3.8/site-packages/airflow/example_dags/example_kubernetes_executor.py
[2026-07-07T09:36:08.365+0000] {processor.py:840} INFO - DAG(s) 'example_kubernetes_executor' retrieved from /home/airflow/.local/lib/python3.8/site-packages/airflow/example_dags/example_kubernetes_executor.py
[2026-07-07T09:36:08.469+0000] {logging_mixin.py:188} INFO - [2026-07-07T09:36:08.469+0000] {dag.py:3036} INFO - Sync 1 DAGs
[2026-07-07T09:36:08.500+0000] {logging_mixin.py:188} INFO - [2026-07-07T09:36:08.499+0000] {dag.py:3823} INFO - Setting next_dagrun for example_kubernetes_executor to None, run_after=None
[2026-07-07T09:36:08.541+0000] {processor.py:183} INFO - Processing /home/airflow/.local/lib/python3.8/site-packages/airflow/example_dags/example_kubernetes_executor.py took 0.227 seconds
[2026-07-07T09:36:39.254+0000] {processor.py:161} INFO - Started process (PID=6114) to work on /home/airflow/.local/lib/python3.8/site-packages/airflow/example_dags/example_kubernetes_executor.py
[2026-07-07T09:36:39.258+0000] {processor.py:830} INFO - Processing file /home/airflow/.local/lib/python3.8/site-packages/airflow/example_dags/example_kubernetes_executor.py for tasks to queue
[2026-07-07T09:36:39.262+0000] {logging_mixin.py:188} INFO - [2026-07-07T09:36:39.260+0000] {dagbag.py:538} INFO - Filling up the DagBag from /home/airflow/.local/lib/python3.8/site-packages/airflow/example_dags/example_kubernetes_executor.py
[2026-07-07T09:36:39.318+0000] {processor.py:840} INFO - DAG(s) 'example_kubernetes_executor' retrieved from /home/airflow/.local/lib/python3.8/site-packages/airflow/example_dags/example_kubernetes_executor.py
[2026-07-07T09:36:39.426+0000] {logging_mixin.py:188} INFO - [2026-07-07T09:36:39.425+0000] {dag.py:3036} INFO - Sync 1 DAGs
[2026-07-07T09:36:39.450+0000] {logging_mixin.py:188} INFO - [2026-07-07T09:36:39.450+0000] {dag.py:3823} INFO - Setting next_dagrun for example_kubernetes_executor to None, run_after=None
[2026-07-07T09:36:39.482+0000] {processor.py:183} INFO - Processing /home/airflow/.local/lib/python3.8/site-packages/airflow/example_dags/example_kubernetes_executor.py took 0.240 seconds
[2026-07-07T09:37:10.160+0000] {processor.py:161} INFO - Started process (PID=6181) to work on /home/airflow/.local/lib/python3.8/site-packages/airflow/example_dags/example_kubernetes_executor.py
[2026-07-07T09:37:10.320+0000] {processor.py:830} INFO - Processing file /home/airflow/.local/lib/python3.8/site-packages/airflow/example_dags/example_kubernetes_executor.py for tasks to queue
[2026-07-07T09:37:10.323+0000] {logging_mixin.py:188} INFO - [2026-07-07T09:37:10.322+0000] {dagbag.py:538} INFO - Filling up the DagBag from /home/airflow/.local/lib/python3.8/site-packages/airflow/example_dags/example_kubernetes_executor.py
[2026-07-07T09:37:10.442+0000] {processor.py:840} INFO - DAG(s) 'example_kubernetes_executor' retrieved from /home/airflow/.local/lib/python3.8/site-packages/airflow/example_dags/example_kubernetes_executor.py
[2026-07-07T09:37:10.659+0000] {logging_mixin.py:188} INFO - [2026-07-07T09:37:10.658+0000] {dag.py:3036} INFO - Sync 1 DAGs
[2026-07-07T09:37:10.744+0000] {logging_mixin.py:188} INFO - [2026-07-07T09:37:10.744+0000] {dag.py:3823} INFO - Setting next_dagrun for example_kubernetes_executor to None, run_after=None
[2026-07-07T09:37:10.826+0000] {processor.py:183} INFO - Processing /home/airflow/.local/lib/python3.8/site-packages/airflow/example_dags/example_kubernetes_executor.py took 0.685 seconds
[2026-07-07T09:37:41.593+0000] {processor.py:161} INFO - Started process (PID=6245) to work on /home/airflow/.local/lib/python3.8/site-packages/airflow/example_dags/example_kubernetes_executor.py
[2026-07-07T09:37:41.602+0000] {processor.py:830} INFO - Processing file /home/airflow/.local/lib/python3.8/site-packages/airflow/example_dags/example_kubernetes_executor.py for tasks to queue
[2026-07-07T09:37:41.604+0000] {logging_mixin.py:188} INFO - [2026-07-07T09:37:41.604+0000] {dagbag.py:538} INFO - Filling up the DagBag from /home/airflow/.local/lib/python3.8/site-packages/airflow/example_dags/example_kubernetes_executor.py
[2026-07-07T09:37:41.672+0000] {processor.py:840} INFO - DAG(s) 'example_kubernetes_executor' retrieved from /home/airflow/.local/lib/python3.8/site-packages/airflow/example_dags/example_kubernetes_executor.py
[2026-07-07T09:37:41.907+0000] {logging_mixin.py:188} INFO - [2026-07-07T09:37:41.907+0000] {dag.py:3036} INFO - Sync 1 DAGs
[2026-07-07T09:37:41.965+0000] {logging_mixin.py:188} INFO - [2026-07-07T09:37:41.965+0000] {dag.py:3823} INFO - Setting next_dagrun for example_kubernetes_executor to None, run_after=None
[2026-07-07T09:37:42.216+0000] {processor.py:183} INFO - Processing /home/airflow/.local/lib/python3.8/site-packages/airflow/example_dags/example_kubernetes_executor.py took 0.663 seconds
[2026-07-07T09:38:12.616+0000] {processor.py:161} INFO - Started process (PID=6305) to work on /home/airflow/.local/lib/python3.8/site-packages/airflow/example_dags/example_kubernetes_executor.py
[2026-07-07T09:38:12.624+0000] {processor.py:830} INFO - Processing file /home/airflow/.local/lib/python3.8/site-packages/airflow/example_dags/example_kubernetes_executor.py for tasks to queue
[2026-07-07T09:38:12.627+0000] {logging_mixin.py:188} INFO - [2026-07-07T09:38:12.626+0000] {dagbag.py:538} INFO - Filling up the DagBag from /home/airflow/.local/lib/python3.8/site-packages/airflow/example_dags/example_kubernetes_executor.py
[2026-07-07T09:38:12.731+0000] {processor.py:840} INFO - DAG(s) 'example_kubernetes_executor' retrieved from /home/airflow/.local/lib/python3.8/site-packages/airflow/example_dags/example_kubernetes_executor.py
[2026-07-07T09:38:12.908+0000] {logging_mixin.py:188} INFO - [2026-07-07T09:38:12.907+0000] {dag.py:3036} INFO - Sync 1 DAGs
[2026-07-07T09:38:12.946+0000] {logging_mixin.py:188} INFO - [2026-07-07T09:38:12.938+0000] {dag.py:3823} INFO - Setting next_dagrun for example_kubernetes_executor to None, run_after=None
[2026-07-07T09:38:13.029+0000] {processor.py:183} INFO - Processing /home/airflow/.local/lib/python3.8/site-packages/airflow/example_dags/example_kubernetes_executor.py took 0.424 seconds
[2026-07-07T09:38:43.490+0000] {processor.py:161} INFO - Started process (PID=6372) to work on /home/airflow/.local/lib/python3.8/site-packages/airflow/example_dags/example_kubernetes_executor.py
[2026-07-07T09:38:43.514+0000] {processor.py:830} INFO - Processing file /home/airflow/.local/lib/python3.8/site-packages/airflow/example_dags/example_kubernetes_executor.py for tasks to queue
[2026-07-07T09:38:43.524+0000] {logging_mixin.py:188} INFO - [2026-07-07T09:38:43.522+0000] {dagbag.py:538} INFO - Filling up the DagBag from /home/airflow/.local/lib/python3.8/site-packages/airflow/example_dags/example_kubernetes_executor.py
[2026-07-07T09:38:43.606+0000] {processor.py:840} INFO - DAG(s) 'example_kubernetes_executor' retrieved from /home/airflow/.local/lib/python3.8/site-packages/airflow/example_dags/example_kubernetes_executor.py
[2026-07-07T09:38:43.898+0000] {logging_mixin.py:188} INFO - [2026-07-07T09:38:43.895+0000] {dag.py:3036} INFO - Sync 1 DAGs
[2026-07-07T09:38:43.969+0000] {logging_mixin.py:188} INFO - [2026-07-07T09:38:43.968+0000] {dag.py:3823} INFO - Setting next_dagrun for example_kubernetes_executor to None, run_after=None
[2026-07-07T09:38:44.061+0000] {processor.py:183} INFO - Processing /home/airflow/.local/lib/python3.8/site-packages/airflow/example_dags/example_kubernetes_executor.py took 0.615 seconds
[2026-07-07T09:39:14.399+0000] {processor.py:161} INFO - Started process (PID=6431) to work on /home/airflow/.local/lib/python3.8/site-packages/airflow/example_dags/example_kubernetes_executor.py
[2026-07-07T09:39:14.401+0000] {processor.py:830} INFO - Processing file /home/airflow/.local/lib/python3.8/site-packages/airflow/example_dags/example_kubernetes_executor.py for tasks to queue
[2026-07-07T09:39:14.404+0000] {logging_mixin.py:188} INFO - [2026-07-07T09:39:14.402+0000] {dagbag.py:538} INFO - Filling up the DagBag from /home/airflow/.local/lib/python3.8/site-packages/airflow/example_dags/example_kubernetes_executor.py
[2026-07-07T09:39:14.452+0000] {processor.py:840} INFO - DAG(s) 'example_kubernetes_executor' retrieved from /home/airflow/.local/lib/python3.8/site-packages/airflow/example_dags/example_kubernetes_executor.py
[2026-07-07T09:39:14.573+0000] {logging_mixin.py:188} INFO - [2026-07-07T09:39:14.572+0000] {dag.py:3036} INFO - Sync 1 DAGs
[2026-07-07T09:39:14.602+0000] {logging_mixin.py:188} INFO - [2026-07-07T09:39:14.601+0000] {dag.py:3823} INFO - Setting next_dagrun for example_kubernetes_executor to None, run_after=None
[2026-07-07T09:39:14.652+0000] {processor.py:183} INFO - Processing /home/airflow/.local/lib/python3.8/site-packages/airflow/example_dags/example_kubernetes_executor.py took 0.264 seconds
[2026-07-07T09:39:45.105+0000] {processor.py:161} INFO - Started process (PID=6498) to work on /home/airflow/.local/lib/python3.8/site-packages/airflow/example_dags/example_kubernetes_executor.py
[2026-07-07T09:39:45.116+0000] {processor.py:830} INFO - Processing file /home/airflow/.local/lib/python3.8/site-packages/airflow/example_dags/example_kubernetes_executor.py for tasks to queue
[2026-07-07T09:39:45.140+0000] {logging_mixin.py:188} INFO - [2026-07-07T09:39:45.139+0000] {dagbag.py:538} INFO - Filling up the DagBag from /home/airflow/.local/lib/python3.8/site-packages/airflow/example_dags/example_kubernetes_executor.py
[2026-07-07T09:39:45.227+0000] {processor.py:840} INFO - DAG(s) 'example_kubernetes_executor' retrieved from /home/airflow/.local/lib/python3.8/site-packages/airflow/example_dags/example_kubernetes_executor.py
[2026-07-07T09:39:45.388+0000] {logging_mixin.py:188} INFO - [2026-07-07T09:39:45.388+0000] {dag.py:3036} INFO - Sync 1 DAGs
[2026-07-07T09:39:45.430+0000] {logging_mixin.py:188} INFO - [2026-07-07T09:39:45.430+0000] {dag.py:3823} INFO - Setting next_dagrun for example_kubernetes_executor to None, run_after=None
[2026-07-07T09:39:45.473+0000] {processor.py:183} INFO - Processing /home/airflow/.local/lib/python3.8/site-packages/airflow/example_dags/example_kubernetes_executor.py took 0.388 seconds
[2026-07-07T09:40:16.314+0000] {processor.py:161} INFO - Started process (PID=6567) to work on /home/airflow/.local/lib/python3.8/site-packages/airflow/example_dags/example_kubernetes_executor.py
[2026-07-07T09:40:16.317+0000] {processor.py:830} INFO - Processing file /home/airflow/.local/lib/python3.8/site-packages/airflow/example_dags/example_kubernetes_executor.py for tasks to queue
[2026-07-07T09:40:16.319+0000] {logging_mixin.py:188} INFO - [2026-07-07T09:40:16.318+0000] {dagbag.py:538} INFO - Filling up the DagBag from /home/airflow/.local/lib/python3.8/site-packages/airflow/example_dags/example_kubernetes_executor.py
[2026-07-07T09:40:16.355+0000] {processor.py:840} INFO - DAG(s) 'example_kubernetes_executor' retrieved from /home/airflow/.local/lib/python3.8/site-packages/airflow/example_dags/example_kubernetes_executor.py
[2026-07-07T09:40:16.435+0000] {logging_mixin.py:188} INFO - [2026-07-07T09:40:16.434+0000] {dag.py:3036} INFO - Sync 1 DAGs
[2026-07-07T09:40:16.456+0000] {logging_mixin.py:188} INFO - [2026-07-07T09:40:16.456+0000] {dag.py:3823} INFO - Setting next_dagrun for example_kubernetes_executor to None, run_after=None
[2026-07-07T09:40:16.492+0000] {processor.py:183} INFO - Processing /home/airflow/.local/lib/python3.8/site-packages/airflow/example_dags/example_kubernetes_executor.py took 0.185 seconds
[2026-07-07T09:40:47.583+0000] {processor.py:161} INFO - Started process (PID=6632) to work on /home/airflow/.local/lib/python3.8/site-packages/airflow/example_dags/example_kubernetes_executor.py
[2026-07-07T09:40:47.588+0000] {processor.py:830} INFO - Processing file /home/airflow/.local/lib/python3.8/site-packages/airflow/example_dags/example_kubernetes_executor.py for tasks to queue
[2026-07-07T09:40:47.593+0000] {logging_mixin.py:188} INFO - [2026-07-07T09:40:47.591+0000] {dagbag.py:538} INFO - Filling up the DagBag from /home/airflow/.local/lib/python3.8/site-packages/airflow/example_dags/example_kubernetes_executor.py
[2026-07-07T09:40:47.663+0000] {processor.py:840} INFO - DAG(s) 'example_kubernetes_executor' retrieved from /home/airflow/.local/lib/python3.8/site-packages/airflow/example_dags/example_kubernetes_executor.py
[2026-07-07T09:40:47.783+0000] {logging_mixin.py:188} INFO - [2026-07-07T09:40:47.783+0000] {dag.py:3036} INFO - Sync 1 DAGs
[2026-07-07T09:40:47.805+0000] {logging_mixin.py:188} INFO - [2026-07-07T09:40:47.805+0000] {dag.py:3823} INFO - Setting next_dagrun for example_kubernetes_executor to None, run_after=None
[2026-07-07T09:40:47.855+0000] {processor.py:183} INFO - Processing /home/airflow/.local/lib/python3.8/site-packages/airflow/example_dags/example_kubernetes_executor.py took 0.287 seconds
[2026-07-07T09:41:18.550+0000] {processor.py:161} INFO - Started process (PID=6699) to work on /home/airflow/.local/lib/python3.8/site-packages/airflow/example_dags/example_kubernetes_executor.py
[2026-07-07T09:41:18.553+0000] {processor.py:830} INFO - Processing file /home/airflow/.local/lib/python3.8/site-packages/airflow/example_dags/example_kubernetes_executor.py for tasks to queue
[2026-07-07T09:41:18.554+0000] {logging_mixin.py:188} INFO - [2026-07-07T09:41:18.554+0000] {dagbag.py:538} INFO - Filling up the DagBag from /home/airflow/.local/lib/python3.8/site-packages/airflow/example_dags/example_kubernetes_executor.py
[2026-07-07T09:41:18.585+0000] {processor.py:840} INFO - DAG(s) 'example_kubernetes_executor' retrieved from /home/airflow/.local/lib/python3.8/site-packages/airflow/example_dags/example_kubernetes_executor.py
[2026-07-07T09:41:18.658+0000] {logging_mixin.py:188} INFO - [2026-07-07T09:41:18.657+0000] {dag.py:3036} INFO - Sync 1 DAGs
[2026-07-07T09:41:18.690+0000] {logging_mixin.py:188} INFO - [2026-07-07T09:41:18.690+0000] {dag.py:3823} INFO - Setting next_dagrun for example_kubernetes_executor to None, run_after=None
[2026-07-07T09:41:18.734+0000] {processor.py:183} INFO - Processing /home/airflow/.local/lib/python3.8/site-packages/airflow/example_dags/example_kubernetes_executor.py took 0.190 seconds
[2026-07-07T09:41:48.844+0000] {processor.py:161} INFO - Started process (PID=6766) to work on /home/airflow/.local/lib/python3.8/site-packages/airflow/example_dags/example_kubernetes_executor.py
[2026-07-07T09:41:48.846+0000] {processor.py:830} INFO - Processing file /home/airflow/.local/lib/python3.8/site-packages/airflow/example_dags/example_kubernetes_executor.py for tasks to queue
[2026-07-07T09:41:48.848+0000] {logging_mixin.py:188} INFO - [2026-07-07T09:41:48.847+0000] {dagbag.py:538} INFO - Filling up the DagBag from /home/airflow/.local/lib/python3.8/site-packages/airflow/example_dags/example_kubernetes_executor.py
[2026-07-07T09:41:48.882+0000] {processor.py:840} INFO - DAG(s) 'example_kubernetes_executor' retrieved from /home/airflow/.local/lib/python3.8/site-packages/airflow/example_dags/example_kubernetes_executor.py
[2026-07-07T09:41:48.955+0000] {logging_mixin.py:188} INFO - [2026-07-07T09:41:48.955+0000] {dag.py:3036} INFO - Sync 1 DAGs
[2026-07-07T09:41:48.975+0000] {logging_mixin.py:188} INFO - [2026-07-07T09:41:48.975+0000] {dag.py:3823} INFO - Setting next_dagrun for example_kubernetes_executor to None, run_after=None
[2026-07-07T09:41:49.009+0000] {processor.py:183} INFO - Processing /home/airflow/.local/lib/python3.8/site-packages/airflow/example_dags/example_kubernetes_executor.py took 0.173 seconds
[2026-07-07T09:42:19.466+0000] {processor.py:161} INFO - Started process (PID=6832) to work on /home/airflow/.local/lib/python3.8/site-packages/airflow/example_dags/example_kubernetes_executor.py
[2026-07-07T09:42:19.469+0000] {processor.py:830} INFO - Processing file /home/airflow/.local/lib/python3.8/site-packages/airflow/example_dags/example_kubernetes_executor.py for tasks to queue
[2026-07-07T09:42:19.472+0000] {logging_mixin.py:188} INFO - [2026-07-07T09:42:19.471+0000] {dagbag.py:538} INFO - Filling up the DagBag from /home/airflow/.local/lib/python3.8/site-packages/airflow/example_dags/example_kubernetes_executor.py
[2026-07-07T09:42:19.524+0000] {processor.py:840} INFO - DAG(s) 'example_kubernetes_executor' retrieved from /home/airflow/.local/lib/python3.8/site-packages/airflow/example_dags/example_kubernetes_executor.py
[2026-07-07T09:42:19.653+0000] {logging_mixin.py:188} INFO - [2026-07-07T09:42:19.653+0000] {dag.py:3036} INFO - Sync 1 DAGs
[2026-07-07T09:42:19.698+0000] {logging_mixin.py:188} INFO - [2026-07-07T09:42:19.697+0000] {dag.py:3823} INFO - Setting next_dagrun for example_kubernetes_executor to None, run_after=None
[2026-07-07T09:42:19.754+0000] {processor.py:183} INFO - Processing /home/airflow/.local/lib/python3.8/site-packages/airflow/example_dags/example_kubernetes_executor.py took 0.303 seconds
[2026-07-07T09:42:50.048+0000] {processor.py:161} INFO - Started process (PID=6899) to work on /home/airflow/.local/lib/python3.8/site-packages/airflow/example_dags/example_kubernetes_executor.py
[2026-07-07T09:42:50.050+0000] {processor.py:830} INFO - Processing file /home/airflow/.local/lib/python3.8/site-packages/airflow/example_dags/example_kubernetes_executor.py for tasks to queue
[2026-07-07T09:42:50.052+0000] {logging_mixin.py:188} INFO - [2026-07-07T09:42:50.051+0000] {dagbag.py:538} INFO - Filling up the DagBag from /home/airflow/.local/lib/python3.8/site-packages/airflow/example_dags/example_kubernetes_executor.py
[2026-07-07T09:42:50.079+0000] {processor.py:840} INFO - DAG(s) 'example_kubernetes_executor' retrieved from /home/airflow/.local/lib/python3.8/site-packages/airflow/example_dags/example_kubernetes_executor.py
[2026-07-07T09:42:50.145+0000] {logging_mixin.py:188} INFO - [2026-07-07T09:42:50.145+0000] {dag.py:3036} INFO - Sync 1 DAGs
[2026-07-07T09:42:50.167+0000] {logging_mixin.py:188} INFO - [2026-07-07T09:42:50.166+0000] {dag.py:3823} INFO - Setting next_dagrun for example_kubernetes_executor to None, run_after=None
[2026-07-07T09:42:50.199+0000] {processor.py:183} INFO - Processing /home/airflow/.local/lib/python3.8/site-packages/airflow/example_dags/example_kubernetes_executor.py took 0.158 seconds
[2026-07-07T09:43:20.609+0000] {processor.py:161} INFO - Started process (PID=6966) to work on /home/airflow/.local/lib/python3.8/site-packages/airflow/example_dags/example_kubernetes_executor.py
[2026-07-07T09:43:20.611+0000] {processor.py:830} INFO - Processing file /home/airflow/.local/lib/python3.8/site-packages/airflow/example_dags/example_kubernetes_executor.py for tasks to queue
[2026-07-07T09:43:20.613+0000] {logging_mixin.py:188} INFO - [2026-07-07T09:43:20.612+0000] {dagbag.py:538} INFO - Filling up the DagBag from /home/airflow/.local/lib/python3.8/site-packages/airflow/example_dags/example_kubernetes_executor.py
[2026-07-07T09:43:20.638+0000] {processor.py:840} INFO - DAG(s) 'example_kubernetes_executor' retrieved from /home/airflow/.local/lib/python3.8/site-packages/airflow/example_dags/example_kubernetes_executor.py
[2026-07-07T09:43:20.707+0000] {logging_mixin.py:188} INFO - [2026-07-07T09:43:20.706+0000] {dag.py:3036} INFO - Sync 1 DAGs
[2026-07-07T09:43:20.725+0000] {logging_mixin.py:188} INFO - [2026-07-07T09:43:20.725+0000] {dag.py:3823} INFO - Setting next_dagrun for example_kubernetes_executor to None, run_after=None
[2026-07-07T09:43:20.756+0000] {processor.py:183} INFO - Processing /home/airflow/.local/lib/python3.8/site-packages/airflow/example_dags/example_kubernetes_executor.py took 0.154 seconds
[2026-07-07T09:43:51.500+0000] {processor.py:161} INFO - Started process (PID=7034) to work on /home/airflow/.local/lib/python3.8/site-packages/airflow/example_dags/example_kubernetes_executor.py
[2026-07-07T09:43:51.503+0000] {processor.py:830} INFO - Processing file /home/airflow/.local/lib/python3.8/site-packages/airflow/example_dags/example_kubernetes_executor.py for tasks to queue
[2026-07-07T09:43:51.506+0000] {logging_mixin.py:188} INFO - [2026-07-07T09:43:51.505+0000] {dagbag.py:538} INFO - Filling up the DagBag from /home/airflow/.local/lib/python3.8/site-packages/airflow/example_dags/example_kubernetes_executor.py
[2026-07-07T09:43:51.577+0000] {processor.py:840} INFO - DAG(s) 'example_kubernetes_executor' retrieved from /home/airflow/.local/lib/python3.8/site-packages/airflow/example_dags/example_kubernetes_executor.py
[2026-07-07T09:43:51.730+0000] {logging_mixin.py:188} INFO - [2026-07-07T09:43:51.729+0000] {dag.py:3036} INFO - Sync 1 DAGs
[2026-07-07T09:43:51.774+0000] {logging_mixin.py:188} INFO - [2026-07-07T09:43:51.773+0000] {dag.py:3823} INFO - Setting next_dagrun for example_kubernetes_executor to None, run_after=None
[2026-07-07T09:43:51.837+0000] {processor.py:183} INFO - Processing /home/airflow/.local/lib/python3.8/site-packages/airflow/example_dags/example_kubernetes_executor.py took 0.348 seconds
[2026-07-07T09:44:22.762+0000] {processor.py:161} INFO - Started process (PID=7101) to work on /home/airflow/.local/lib/python3.8/site-packages/airflow/example_dags/example_kubernetes_executor.py
[2026-07-07T09:44:22.765+0000] {processor.py:830} INFO - Processing file /home/airflow/.local/lib/python3.8/site-packages/airflow/example_dags/example_kubernetes_executor.py for tasks to queue
[2026-07-07T09:44:22.768+0000] {logging_mixin.py:188} INFO - [2026-07-07T09:44:22.767+0000] {dagbag.py:538} INFO - Filling up the DagBag from /home/airflow/.local/lib/python3.8/site-packages/airflow/example_dags/example_kubernetes_executor.py
[2026-07-07T09:44:22.816+0000] {processor.py:840} INFO - DAG(s) 'example_kubernetes_executor' retrieved from /home/airflow/.local/lib/python3.8/site-packages/airflow/example_dags/example_kubernetes_executor.py
[2026-07-07T09:44:22.907+0000] {logging_mixin.py:188} INFO - [2026-07-07T09:44:22.907+0000] {dag.py:3036} INFO - Sync 1 DAGs
[2026-07-07T09:44:22.937+0000] {logging_mixin.py:188} INFO - [2026-07-07T09:44:22.936+0000] {dag.py:3823} INFO - Setting next_dagrun for example_kubernetes_executor to None, run_after=None
[2026-07-07T09:44:22.983+0000] {processor.py:183} INFO - Processing /home/airflow/.local/lib/python3.8/site-packages/airflow/example_dags/example_kubernetes_executor.py took 0.230 seconds
[2026-07-07T09:44:53.760+0000] {processor.py:161} INFO - Started process (PID=7167) to work on /home/airflow/.local/lib/python3.8/site-packages/airflow/example_dags/example_kubernetes_executor.py
[2026-07-07T09:44:53.768+0000] {processor.py:830} INFO - Processing file /home/airflow/.local/lib/python3.8/site-packages/airflow/example_dags/example_kubernetes_executor.py for tasks to queue
[2026-07-07T09:44:53.774+0000] {logging_mixin.py:188} INFO - [2026-07-07T09:44:53.771+0000] {dagbag.py:538} INFO - Filling up the DagBag from /home/airflow/.local/lib/python3.8/site-packages/airflow/example_dags/example_kubernetes_executor.py
[2026-07-07T09:44:53.854+0000] {processor.py:840} INFO - DAG(s) 'example_kubernetes_executor' retrieved from /home/airflow/.local/lib/python3.8/site-packages/airflow/example_dags/example_kubernetes_executor.py
[2026-07-07T09:44:54.023+0000] {logging_mixin.py:188} INFO - [2026-07-07T09:44:54.022+0000] {dag.py:3036} INFO - Sync 1 DAGs
[2026-07-07T09:44:54.076+0000] {logging_mixin.py:188} INFO - [2026-07-07T09:44:54.076+0000] {dag.py:3823} INFO - Setting next_dagrun for example_kubernetes_executor to None, run_after=None
[2026-07-07T09:44:54.150+0000] {processor.py:183} INFO - Processing /home/airflow/.local/lib/python3.8/site-packages/airflow/example_dags/example_kubernetes_executor.py took 0.403 seconds
[2026-07-07T09:45:26.767+0000] {processor.py:161} INFO - Started process (PID=7227) to work on /home/airflow/.local/lib/python3.8/site-packages/airflow/example_dags/example_kubernetes_executor.py
[2026-07-07T09:45:26.917+0000] {processor.py:830} INFO - Processing file /home/airflow/.local/lib/python3.8/site-packages/airflow/example_dags/example_kubernetes_executor.py for tasks to queue
[2026-07-07T09:45:26.921+0000] {logging_mixin.py:188} INFO - [2026-07-07T09:45:26.921+0000] {dagbag.py:538} INFO - Filling up the DagBag from /home/airflow/.local/lib/python3.8/site-packages/airflow/example_dags/example_kubernetes_executor.py
[2026-07-07T09:45:27.033+0000] {processor.py:840} INFO - DAG(s) 'example_kubernetes_executor' retrieved from /home/airflow/.local/lib/python3.8/site-packages/airflow/example_dags/example_kubernetes_executor.py
[2026-07-07T09:45:27.257+0000] {logging_mixin.py:188} INFO - [2026-07-07T09:45:27.244+0000] {dag.py:3036} INFO - Sync 1 DAGs
[2026-07-07T09:45:27.297+0000] {logging_mixin.py:188} INFO - [2026-07-07T09:45:27.297+0000] {dag.py:3823} INFO - Setting next_dagrun for example_kubernetes_executor to None, run_after=None
[2026-07-07T09:45:27.361+0000] {processor.py:183} INFO - Processing /home/airflow/.local/lib/python3.8/site-packages/airflow/example_dags/example_kubernetes_executor.py took 0.630 seconds
[2026-07-07T09:45:57.681+0000] {processor.py:161} INFO - Started process (PID=7291) to work on /home/airflow/.local/lib/python3.8/site-packages/airflow/example_dags/example_kubernetes_executor.py
[2026-07-07T09:45:57.704+0000] {processor.py:830} INFO - Processing file /home/airflow/.local/lib/python3.8/site-packages/airflow/example_dags/example_kubernetes_executor.py for tasks to queue
[2026-07-07T09:45:57.713+0000] {logging_mixin.py:188} INFO - [2026-07-07T09:45:57.707+0000] {dagbag.py:538} INFO - Filling up the DagBag from /home/airflow/.local/lib/python3.8/site-packages/airflow/example_dags/example_kubernetes_executor.py
[2026-07-07T09:45:57.833+0000] {processor.py:840} INFO - DAG(s) 'example_kubernetes_executor' retrieved from /home/airflow/.local/lib/python3.8/site-packages/airflow/example_dags/example_kubernetes_executor.py
[2026-07-07T09:45:58.014+0000] {logging_mixin.py:188} INFO - [2026-07-07T09:45:58.014+0000] {dag.py:3036} INFO - Sync 1 DAGs
[2026-07-07T09:45:58.059+0000] {logging_mixin.py:188} INFO - [2026-07-07T09:45:58.059+0000] {dag.py:3823} INFO - Setting next_dagrun for example_kubernetes_executor to None, run_after=None
[2026-07-07T09:45:58.120+0000] {processor.py:183} INFO - Processing /home/airflow/.local/lib/python3.8/site-packages/airflow/example_dags/example_kubernetes_executor.py took 0.475 seconds
[2026-07-07T09:46:29.070+0000] {processor.py:161} INFO - Started process (PID=7357) to work on /home/airflow/.local/lib/python3.8/site-packages/airflow/example_dags/example_kubernetes_executor.py
[2026-07-07T09:46:29.073+0000] {processor.py:830} INFO - Processing file /home/airflow/.local/lib/python3.8/site-packages/airflow/example_dags/example_kubernetes_executor.py for tasks to queue
[2026-07-07T09:46:29.076+0000] {logging_mixin.py:188} INFO - [2026-07-07T09:46:29.075+0000] {dagbag.py:538} INFO - Filling up the DagBag from /home/airflow/.local/lib/python3.8/site-packages/airflow/example_dags/example_kubernetes_executor.py
[2026-07-07T09:46:29.116+0000] {processor.py:840} INFO - DAG(s) 'example_kubernetes_executor' retrieved from /home/airflow/.local/lib/python3.8/site-packages/airflow/example_dags/example_kubernetes_executor.py
[2026-07-07T09:46:29.227+0000] {logging_mixin.py:188} INFO - [2026-07-07T09:46:29.227+0000] {dag.py:3036} INFO - Sync 1 DAGs
[2026-07-07T09:46:29.270+0000] {logging_mixin.py:188} INFO - [2026-07-07T09:46:29.270+0000] {dag.py:3823} INFO - Setting next_dagrun for example_kubernetes_executor to None, run_after=None
[2026-07-07T09:46:29.332+0000] {processor.py:183} INFO - Processing /home/airflow/.local/lib/python3.8/site-packages/airflow/example_dags/example_kubernetes_executor.py took 0.272 seconds
[2026-07-07T09:46:59.901+0000] {processor.py:161} INFO - Started process (PID=7423) to work on /home/airflow/.local/lib/python3.8/site-packages/airflow/example_dags/example_kubernetes_executor.py
[2026-07-07T09:46:59.911+0000] {processor.py:830} INFO - Processing file /home/airflow/.local/lib/python3.8/site-packages/airflow/example_dags/example_kubernetes_executor.py for tasks to queue
[2026-07-07T09:46:59.915+0000] {logging_mixin.py:188} INFO - [2026-07-07T09:46:59.913+0000] {dagbag.py:538} INFO - Filling up the DagBag from /home/airflow/.local/lib/python3.8/site-packages/airflow/example_dags/example_kubernetes_executor.py
