[2026-07-07T09:08:13.707+0000] {processor.py:161} INFO - Started process (PID=4137) to work on /home/airflow/.local/lib/python3.8/site-packages/airflow/example_dags/example_setup_teardown.py
[2026-07-07T09:08:13.716+0000] {processor.py:830} INFO - Processing file /home/airflow/.local/lib/python3.8/site-packages/airflow/example_dags/example_setup_teardown.py for tasks to queue
[2026-07-07T09:08:13.786+0000] {logging_mixin.py:188} INFO - [2026-07-07T09:08:13.772+0000] {dagbag.py:538} INFO - Filling up the DagBag from /home/airflow/.local/lib/python3.8/site-packages/airflow/example_dags/example_setup_teardown.py
[2026-07-07T09:08:14.635+0000] {processor.py:840} INFO - DAG(s) 'example_setup_teardown' retrieved from /home/airflow/.local/lib/python3.8/site-packages/airflow/example_dags/example_setup_teardown.py
[2026-07-07T09:08:15.014+0000] {logging_mixin.py:188} INFO - [2026-07-07T09:08:15.007+0000] {dag.py:3036} INFO - Sync 1 DAGs
[2026-07-07T09:08:17.886+0000] {logging_mixin.py:188} INFO - [2026-07-07T09:08:17.884+0000] {dag.py:3823} INFO - Setting next_dagrun for example_setup_teardown to 2026-07-06 00:00:00+00:00, run_after=2026-07-07 00:00:00+00:00
[2026-07-07T09:08:18.712+0000] {processor.py:183} INFO - Processing /home/airflow/.local/lib/python3.8/site-packages/airflow/example_dags/example_setup_teardown.py took 5.110 seconds
[2026-07-07T09:09:20.698+0000] {processor.py:161} INFO - Started process (PID=4201) to work on /home/airflow/.local/lib/python3.8/site-packages/airflow/example_dags/example_setup_teardown.py
[2026-07-07T09:09:20.705+0000] {processor.py:830} INFO - Processing file /home/airflow/.local/lib/python3.8/site-packages/airflow/example_dags/example_setup_teardown.py for tasks to queue
[2026-07-07T09:09:20.707+0000] {logging_mixin.py:188} INFO - [2026-07-07T09:09:20.706+0000] {dagbag.py:538} INFO - Filling up the DagBag from /home/airflow/.local/lib/python3.8/site-packages/airflow/example_dags/example_setup_teardown.py
[2026-07-07T09:09:20.812+0000] {processor.py:840} INFO - DAG(s) 'example_setup_teardown' retrieved from /home/airflow/.local/lib/python3.8/site-packages/airflow/example_dags/example_setup_teardown.py
[2026-07-07T09:09:21.041+0000] {logging_mixin.py:188} INFO - [2026-07-07T09:09:21.040+0000] {dag.py:3036} INFO - Sync 1 DAGs
[2026-07-07T09:09:21.226+0000] {logging_mixin.py:188} INFO - [2026-07-07T09:09:21.225+0000] {dag.py:3823} INFO - Setting next_dagrun for example_setup_teardown to 2026-07-06 00:00:00+00:00, run_after=2026-07-07 00:00:00+00:00
[2026-07-07T09:09:21.401+0000] {processor.py:183} INFO - Processing /home/airflow/.local/lib/python3.8/site-packages/airflow/example_dags/example_setup_teardown.py took 0.734 seconds
[2026-07-07T09:09:52.009+0000] {processor.py:161} INFO - Started process (PID=4268) to work on /home/airflow/.local/lib/python3.8/site-packages/airflow/example_dags/example_setup_teardown.py
[2026-07-07T09:09:52.011+0000] {processor.py:830} INFO - Processing file /home/airflow/.local/lib/python3.8/site-packages/airflow/example_dags/example_setup_teardown.py for tasks to queue
[2026-07-07T09:09:52.013+0000] {logging_mixin.py:188} INFO - [2026-07-07T09:09:52.012+0000] {dagbag.py:538} INFO - Filling up the DagBag from /home/airflow/.local/lib/python3.8/site-packages/airflow/example_dags/example_setup_teardown.py
[2026-07-07T09:09:52.031+0000] {processor.py:840} INFO - DAG(s) 'example_setup_teardown' retrieved from /home/airflow/.local/lib/python3.8/site-packages/airflow/example_dags/example_setup_teardown.py
[2026-07-07T09:09:52.074+0000] {logging_mixin.py:188} INFO - [2026-07-07T09:09:52.073+0000] {dag.py:3036} INFO - Sync 1 DAGs
[2026-07-07T09:09:52.117+0000] {logging_mixin.py:188} INFO - [2026-07-07T09:09:52.116+0000] {dag.py:3823} INFO - Setting next_dagrun for example_setup_teardown to 2026-07-06 00:00:00+00:00, run_after=2026-07-07 00:00:00+00:00
[2026-07-07T09:09:52.151+0000] {processor.py:183} INFO - Processing /home/airflow/.local/lib/python3.8/site-packages/airflow/example_dags/example_setup_teardown.py took 0.150 seconds
[2026-07-07T09:10:25.755+0000] {processor.py:161} INFO - Started process (PID=4335) to work on /home/airflow/.local/lib/python3.8/site-packages/airflow/example_dags/example_setup_teardown.py
[2026-07-07T09:10:25.766+0000] {processor.py:830} INFO - Processing file /home/airflow/.local/lib/python3.8/site-packages/airflow/example_dags/example_setup_teardown.py for tasks to queue
[2026-07-07T09:10:25.768+0000] {logging_mixin.py:188} INFO - [2026-07-07T09:10:25.767+0000] {dagbag.py:538} INFO - Filling up the DagBag from /home/airflow/.local/lib/python3.8/site-packages/airflow/example_dags/example_setup_teardown.py
[2026-07-07T09:10:25.790+0000] {processor.py:840} INFO - DAG(s) 'example_setup_teardown' retrieved from /home/airflow/.local/lib/python3.8/site-packages/airflow/example_dags/example_setup_teardown.py
[2026-07-07T09:10:25.878+0000] {logging_mixin.py:188} INFO - [2026-07-07T09:10:25.878+0000] {dag.py:3036} INFO - Sync 1 DAGs
[2026-07-07T09:10:25.975+0000] {logging_mixin.py:188} INFO - [2026-07-07T09:10:25.974+0000] {dag.py:3823} INFO - Setting next_dagrun for example_setup_teardown to 2026-07-06 00:00:00+00:00, run_after=2026-07-07 00:00:00+00:00
[2026-07-07T09:10:26.043+0000] {processor.py:183} INFO - Processing /home/airflow/.local/lib/python3.8/site-packages/airflow/example_dags/example_setup_teardown.py took 0.310 seconds
[2026-07-07T09:11:02.664+0000] {processor.py:161} INFO - Started process (PID=4398) to work on /home/airflow/.local/lib/python3.8/site-packages/airflow/example_dags/example_setup_teardown.py
[2026-07-07T09:11:02.666+0000] {processor.py:830} INFO - Processing file /home/airflow/.local/lib/python3.8/site-packages/airflow/example_dags/example_setup_teardown.py for tasks to queue
[2026-07-07T09:11:02.684+0000] {logging_mixin.py:188} INFO - [2026-07-07T09:11:02.684+0000] {dagbag.py:538} INFO - Filling up the DagBag from /home/airflow/.local/lib/python3.8/site-packages/airflow/example_dags/example_setup_teardown.py
[2026-07-07T09:11:02.887+0000] {processor.py:840} INFO - DAG(s) 'example_setup_teardown' retrieved from /home/airflow/.local/lib/python3.8/site-packages/airflow/example_dags/example_setup_teardown.py
[2026-07-07T09:11:03.077+0000] {logging_mixin.py:188} INFO - [2026-07-07T09:11:03.076+0000] {dag.py:3036} INFO - Sync 1 DAGs
[2026-07-07T09:11:03.324+0000] {logging_mixin.py:188} INFO - [2026-07-07T09:11:03.323+0000] {dag.py:3823} INFO - Setting next_dagrun for example_setup_teardown to 2026-07-06 00:00:00+00:00, run_after=2026-07-07 00:00:00+00:00
[2026-07-07T09:11:03.566+0000] {processor.py:183} INFO - Processing /home/airflow/.local/lib/python3.8/site-packages/airflow/example_dags/example_setup_teardown.py took 1.040 seconds
[2026-07-07T09:15:11.007+0000] {processor.py:161} INFO - Started process (PID=4518) to work on /home/airflow/.local/lib/python3.8/site-packages/airflow/example_dags/example_setup_teardown.py
[2026-07-07T09:15:11.552+0000] {processor.py:830} INFO - Processing file /home/airflow/.local/lib/python3.8/site-packages/airflow/example_dags/example_setup_teardown.py for tasks to queue
[2026-07-07T09:15:11.937+0000] {logging_mixin.py:188} INFO - [2026-07-07T09:15:11.876+0000] {dagbag.py:538} INFO - Filling up the DagBag from /home/airflow/.local/lib/python3.8/site-packages/airflow/example_dags/example_setup_teardown.py
[2026-07-07T09:15:22.349+0000] {processor.py:840} INFO - DAG(s) 'example_setup_teardown' retrieved from /home/airflow/.local/lib/python3.8/site-packages/airflow/example_dags/example_setup_teardown.py
[2026-07-07T09:15:27.560+0000] {logging_mixin.py:188} INFO - [2026-07-07T09:15:27.559+0000] {dag.py:3036} INFO - Sync 1 DAGs
[2026-07-07T09:15:29.630+0000] {logging_mixin.py:188} INFO - [2026-07-07T09:15:29.629+0000] {dag.py:3823} INFO - Setting next_dagrun for example_setup_teardown to 2026-07-06 00:00:00+00:00, run_after=2026-07-07 00:00:00+00:00
[2026-07-07T09:15:32.197+0000] {processor.py:183} INFO - Processing /home/airflow/.local/lib/python3.8/site-packages/airflow/example_dags/example_setup_teardown.py took 31.340 seconds
[2026-07-07T09:21:47.369+0000] {processor.py:161} INFO - Started process (PID=4692) to work on /home/airflow/.local/lib/python3.8/site-packages/airflow/example_dags/example_setup_teardown.py
[2026-07-07T09:21:47.695+0000] {processor.py:830} INFO - Processing file /home/airflow/.local/lib/python3.8/site-packages/airflow/example_dags/example_setup_teardown.py for tasks to queue
[2026-07-07T09:21:48.110+0000] {logging_mixin.py:188} INFO - [2026-07-07T09:21:48.045+0000] {dagbag.py:538} INFO - Filling up the DagBag from /home/airflow/.local/lib/python3.8/site-packages/airflow/example_dags/example_setup_teardown.py
[2026-07-07T09:21:49.284+0000] {processor.py:840} INFO - DAG(s) 'example_setup_teardown' retrieved from /home/airflow/.local/lib/python3.8/site-packages/airflow/example_dags/example_setup_teardown.py
[2026-07-07T09:21:50.317+0000] {logging_mixin.py:188} INFO - [2026-07-07T09:21:50.280+0000] {dag.py:3036} INFO - Sync 1 DAGs
[2026-07-07T09:21:50.960+0000] {logging_mixin.py:188} INFO - [2026-07-07T09:21:50.931+0000] {dag.py:3823} INFO - Setting next_dagrun for example_setup_teardown to 2026-07-06 00:00:00+00:00, run_after=2026-07-07 00:00:00+00:00
[2026-07-07T09:21:53.702+0000] {processor.py:183} INFO - Processing /home/airflow/.local/lib/python3.8/site-packages/airflow/example_dags/example_setup_teardown.py took 6.898 seconds
[2026-07-07T09:24:18.759+0000] {processor.py:161} INFO - Started process (PID=4784) to work on /home/airflow/.local/lib/python3.8/site-packages/airflow/example_dags/example_setup_teardown.py
[2026-07-07T09:24:18.796+0000] {processor.py:830} INFO - Processing file /home/airflow/.local/lib/python3.8/site-packages/airflow/example_dags/example_setup_teardown.py for tasks to queue
[2026-07-07T09:24:18.838+0000] {logging_mixin.py:188} INFO - [2026-07-07T09:24:18.838+0000] {dagbag.py:538} INFO - Filling up the DagBag from /home/airflow/.local/lib/python3.8/site-packages/airflow/example_dags/example_setup_teardown.py
[2026-07-07T09:24:19.082+0000] {processor.py:840} INFO - DAG(s) 'example_setup_teardown' retrieved from /home/airflow/.local/lib/python3.8/site-packages/airflow/example_dags/example_setup_teardown.py
[2026-07-07T09:24:20.301+0000] {logging_mixin.py:188} INFO - [2026-07-07T09:24:20.300+0000] {dag.py:3036} INFO - Sync 1 DAGs
[2026-07-07T09:24:21.897+0000] {logging_mixin.py:188} INFO - [2026-07-07T09:24:21.897+0000] {dag.py:3823} INFO - Setting next_dagrun for example_setup_teardown to 2026-07-06 00:00:00+00:00, run_after=2026-07-07 00:00:00+00:00
[2026-07-07T09:24:22.413+0000] {processor.py:183} INFO - Processing /home/airflow/.local/lib/python3.8/site-packages/airflow/example_dags/example_setup_teardown.py took 3.786 seconds
[2026-07-07T09:26:04.331+0000] {processor.py:161} INFO - Started process (PID=4865) to work on /home/airflow/.local/lib/python3.8/site-packages/airflow/example_dags/example_setup_teardown.py
[2026-07-07T09:26:05.777+0000] {processor.py:830} INFO - Processing file /home/airflow/.local/lib/python3.8/site-packages/airflow/example_dags/example_setup_teardown.py for tasks to queue
[2026-07-07T09:26:05.781+0000] {logging_mixin.py:188} INFO - [2026-07-07T09:26:05.779+0000] {dagbag.py:538} INFO - Filling up the DagBag from /home/airflow/.local/lib/python3.8/site-packages/airflow/example_dags/example_setup_teardown.py
[2026-07-07T09:26:06.013+0000] {processor.py:840} INFO - DAG(s) 'example_setup_teardown' retrieved from /home/airflow/.local/lib/python3.8/site-packages/airflow/example_dags/example_setup_teardown.py
[2026-07-07T09:26:06.220+0000] {logging_mixin.py:188} INFO - [2026-07-07T09:26:06.220+0000] {dag.py:3036} INFO - Sync 1 DAGs
[2026-07-07T09:26:06.311+0000] {logging_mixin.py:188} INFO - [2026-07-07T09:26:06.310+0000] {dag.py:3823} INFO - Setting next_dagrun for example_setup_teardown to 2026-07-06 00:00:00+00:00, run_after=2026-07-07 00:00:00+00:00
[2026-07-07T09:26:06.429+0000] {processor.py:183} INFO - Processing /home/airflow/.local/lib/python3.8/site-packages/airflow/example_dags/example_setup_teardown.py took 2.233 seconds
[2026-07-07T09:26:38.564+0000] {processor.py:161} INFO - Started process (PID=4930) to work on /home/airflow/.local/lib/python3.8/site-packages/airflow/example_dags/example_setup_teardown.py
[2026-07-07T09:26:38.566+0000] {processor.py:830} INFO - Processing file /home/airflow/.local/lib/python3.8/site-packages/airflow/example_dags/example_setup_teardown.py for tasks to queue
[2026-07-07T09:26:38.568+0000] {logging_mixin.py:188} INFO - [2026-07-07T09:26:38.568+0000] {dagbag.py:538} INFO - Filling up the DagBag from /home/airflow/.local/lib/python3.8/site-packages/airflow/example_dags/example_setup_teardown.py
[2026-07-07T09:26:38.607+0000] {processor.py:840} INFO - DAG(s) 'example_setup_teardown' retrieved from /home/airflow/.local/lib/python3.8/site-packages/airflow/example_dags/example_setup_teardown.py
[2026-07-07T09:26:38.740+0000] {logging_mixin.py:188} INFO - [2026-07-07T09:26:38.740+0000] {dag.py:3036} INFO - Sync 1 DAGs
[2026-07-07T09:26:38.891+0000] {logging_mixin.py:188} INFO - [2026-07-07T09:26:38.890+0000] {dag.py:3823} INFO - Setting next_dagrun for example_setup_teardown to 2026-07-06 00:00:00+00:00, run_after=2026-07-07 00:00:00+00:00
[2026-07-07T09:26:39.169+0000] {processor.py:183} INFO - Processing /home/airflow/.local/lib/python3.8/site-packages/airflow/example_dags/example_setup_teardown.py took 0.614 seconds
[2026-07-07T09:27:12.747+0000] {processor.py:161} INFO - Started process (PID=4989) to work on /home/airflow/.local/lib/python3.8/site-packages/airflow/example_dags/example_setup_teardown.py
[2026-07-07T09:27:12.752+0000] {processor.py:830} INFO - Processing file /home/airflow/.local/lib/python3.8/site-packages/airflow/example_dags/example_setup_teardown.py for tasks to queue
[2026-07-07T09:27:12.755+0000] {logging_mixin.py:188} INFO - [2026-07-07T09:27:12.754+0000] {dagbag.py:538} INFO - Filling up the DagBag from /home/airflow/.local/lib/python3.8/site-packages/airflow/example_dags/example_setup_teardown.py
[2026-07-07T09:27:12.801+0000] {processor.py:840} INFO - DAG(s) 'example_setup_teardown' retrieved from /home/airflow/.local/lib/python3.8/site-packages/airflow/example_dags/example_setup_teardown.py
[2026-07-07T09:27:12.898+0000] {logging_mixin.py:188} INFO - [2026-07-07T09:27:12.897+0000] {dag.py:3036} INFO - Sync 1 DAGs
[2026-07-07T09:27:13.069+0000] {logging_mixin.py:188} INFO - [2026-07-07T09:27:13.069+0000] {dag.py:3823} INFO - Setting next_dagrun for example_setup_teardown to 2026-07-06 00:00:00+00:00, run_after=2026-07-07 00:00:00+00:00
[2026-07-07T09:27:13.167+0000] {processor.py:183} INFO - Processing /home/airflow/.local/lib/python3.8/site-packages/airflow/example_dags/example_setup_teardown.py took 0.449 seconds
[2026-07-07T09:27:44.098+0000] {processor.py:161} INFO - Started process (PID=5055) to work on /home/airflow/.local/lib/python3.8/site-packages/airflow/example_dags/example_setup_teardown.py
[2026-07-07T09:27:44.131+0000] {processor.py:830} INFO - Processing file /home/airflow/.local/lib/python3.8/site-packages/airflow/example_dags/example_setup_teardown.py for tasks to queue
[2026-07-07T09:27:44.133+0000] {logging_mixin.py:188} INFO - [2026-07-07T09:27:44.132+0000] {dagbag.py:538} INFO - Filling up the DagBag from /home/airflow/.local/lib/python3.8/site-packages/airflow/example_dags/example_setup_teardown.py
[2026-07-07T09:27:44.234+0000] {processor.py:840} INFO - DAG(s) 'example_setup_teardown' retrieved from /home/airflow/.local/lib/python3.8/site-packages/airflow/example_dags/example_setup_teardown.py
[2026-07-07T09:27:44.376+0000] {logging_mixin.py:188} INFO - [2026-07-07T09:27:44.376+0000] {dag.py:3036} INFO - Sync 1 DAGs
[2026-07-07T09:27:44.480+0000] {logging_mixin.py:188} INFO - [2026-07-07T09:27:44.479+0000] {dag.py:3823} INFO - Setting next_dagrun for example_setup_teardown to 2026-07-06 00:00:00+00:00, run_after=2026-07-07 00:00:00+00:00
[2026-07-07T09:27:44.613+0000] {processor.py:183} INFO - Processing /home/airflow/.local/lib/python3.8/site-packages/airflow/example_dags/example_setup_teardown.py took 0.572 seconds
[2026-07-07T09:28:19.484+0000] {processor.py:161} INFO - Started process (PID=5112) to work on /home/airflow/.local/lib/python3.8/site-packages/airflow/example_dags/example_setup_teardown.py
[2026-07-07T09:28:19.566+0000] {processor.py:830} INFO - Processing file /home/airflow/.local/lib/python3.8/site-packages/airflow/example_dags/example_setup_teardown.py for tasks to queue
[2026-07-07T09:28:19.568+0000] {logging_mixin.py:188} INFO - [2026-07-07T09:28:19.567+0000] {dagbag.py:538} INFO - Filling up the DagBag from /home/airflow/.local/lib/python3.8/site-packages/airflow/example_dags/example_setup_teardown.py
[2026-07-07T09:28:19.718+0000] {processor.py:840} INFO - DAG(s) 'example_setup_teardown' retrieved from /home/airflow/.local/lib/python3.8/site-packages/airflow/example_dags/example_setup_teardown.py
[2026-07-07T09:28:19.999+0000] {logging_mixin.py:188} INFO - [2026-07-07T09:28:19.998+0000] {dag.py:3036} INFO - Sync 1 DAGs
[2026-07-07T09:28:20.593+0000] {logging_mixin.py:188} INFO - [2026-07-07T09:28:20.593+0000] {dag.py:3823} INFO - Setting next_dagrun for example_setup_teardown to 2026-07-06 00:00:00+00:00, run_after=2026-07-07 00:00:00+00:00
[2026-07-07T09:28:20.828+0000] {processor.py:183} INFO - Processing /home/airflow/.local/lib/python3.8/site-packages/airflow/example_dags/example_setup_teardown.py took 1.368 seconds
[2026-07-07T09:28:51.693+0000] {processor.py:161} INFO - Started process (PID=5179) to work on /home/airflow/.local/lib/python3.8/site-packages/airflow/example_dags/example_setup_teardown.py
[2026-07-07T09:28:51.697+0000] {processor.py:830} INFO - Processing file /home/airflow/.local/lib/python3.8/site-packages/airflow/example_dags/example_setup_teardown.py for tasks to queue
[2026-07-07T09:28:51.713+0000] {logging_mixin.py:188} INFO - [2026-07-07T09:28:51.712+0000] {dagbag.py:538} INFO - Filling up the DagBag from /home/airflow/.local/lib/python3.8/site-packages/airflow/example_dags/example_setup_teardown.py
[2026-07-07T09:28:51.765+0000] {processor.py:840} INFO - DAG(s) 'example_setup_teardown' retrieved from /home/airflow/.local/lib/python3.8/site-packages/airflow/example_dags/example_setup_teardown.py
[2026-07-07T09:28:51.879+0000] {logging_mixin.py:188} INFO - [2026-07-07T09:28:51.878+0000] {dag.py:3036} INFO - Sync 1 DAGs
[2026-07-07T09:28:52.040+0000] {logging_mixin.py:188} INFO - [2026-07-07T09:28:52.040+0000] {dag.py:3823} INFO - Setting next_dagrun for example_setup_teardown to 2026-07-06 00:00:00+00:00, run_after=2026-07-07 00:00:00+00:00
[2026-07-07T09:28:52.189+0000] {processor.py:183} INFO - Processing /home/airflow/.local/lib/python3.8/site-packages/airflow/example_dags/example_setup_teardown.py took 0.542 seconds
[2026-07-07T09:29:22.564+0000] {processor.py:161} INFO - Started process (PID=5246) to work on /home/airflow/.local/lib/python3.8/site-packages/airflow/example_dags/example_setup_teardown.py
[2026-07-07T09:29:22.568+0000] {processor.py:830} INFO - Processing file /home/airflow/.local/lib/python3.8/site-packages/airflow/example_dags/example_setup_teardown.py for tasks to queue
[2026-07-07T09:29:22.570+0000] {logging_mixin.py:188} INFO - [2026-07-07T09:29:22.569+0000] {dagbag.py:538} INFO - Filling up the DagBag from /home/airflow/.local/lib/python3.8/site-packages/airflow/example_dags/example_setup_teardown.py
[2026-07-07T09:29:22.600+0000] {processor.py:840} INFO - DAG(s) 'example_setup_teardown' retrieved from /home/airflow/.local/lib/python3.8/site-packages/airflow/example_dags/example_setup_teardown.py
[2026-07-07T09:29:22.703+0000] {logging_mixin.py:188} INFO - [2026-07-07T09:29:22.702+0000] {dag.py:3036} INFO - Sync 1 DAGs
[2026-07-07T09:29:22.776+0000] {logging_mixin.py:188} INFO - [2026-07-07T09:29:22.776+0000] {dag.py:3823} INFO - Setting next_dagrun for example_setup_teardown to 2026-07-06 00:00:00+00:00, run_after=2026-07-07 00:00:00+00:00
[2026-07-07T09:29:22.841+0000] {processor.py:183} INFO - Processing /home/airflow/.local/lib/python3.8/site-packages/airflow/example_dags/example_setup_teardown.py took 0.288 seconds
[2026-07-07T09:29:54.848+0000] {processor.py:161} INFO - Started process (PID=5306) to work on /home/airflow/.local/lib/python3.8/site-packages/airflow/example_dags/example_setup_teardown.py
[2026-07-07T09:29:54.854+0000] {processor.py:830} INFO - Processing file /home/airflow/.local/lib/python3.8/site-packages/airflow/example_dags/example_setup_teardown.py for tasks to queue
[2026-07-07T09:29:54.857+0000] {logging_mixin.py:188} INFO - [2026-07-07T09:29:54.856+0000] {dagbag.py:538} INFO - Filling up the DagBag from /home/airflow/.local/lib/python3.8/site-packages/airflow/example_dags/example_setup_teardown.py
[2026-07-07T09:29:54.895+0000] {processor.py:840} INFO - DAG(s) 'example_setup_teardown' retrieved from /home/airflow/.local/lib/python3.8/site-packages/airflow/example_dags/example_setup_teardown.py
[2026-07-07T09:29:55.036+0000] {logging_mixin.py:188} INFO - [2026-07-07T09:29:55.035+0000] {dag.py:3036} INFO - Sync 1 DAGs
[2026-07-07T09:29:55.143+0000] {logging_mixin.py:188} INFO - [2026-07-07T09:29:55.142+0000] {dag.py:3823} INFO - Setting next_dagrun for example_setup_teardown to 2026-07-06 00:00:00+00:00, run_after=2026-07-07 00:00:00+00:00
[2026-07-07T09:29:55.236+0000] {processor.py:183} INFO - Processing /home/airflow/.local/lib/python3.8/site-packages/airflow/example_dags/example_setup_teardown.py took 0.402 seconds
[2026-07-07T09:30:25.504+0000] {processor.py:161} INFO - Started process (PID=5370) to work on /home/airflow/.local/lib/python3.8/site-packages/airflow/example_dags/example_setup_teardown.py
[2026-07-07T09:30:25.510+0000] {processor.py:830} INFO - Processing file /home/airflow/.local/lib/python3.8/site-packages/airflow/example_dags/example_setup_teardown.py for tasks to queue
[2026-07-07T09:30:25.514+0000] {logging_mixin.py:188} INFO - [2026-07-07T09:30:25.513+0000] {dagbag.py:538} INFO - Filling up the DagBag from /home/airflow/.local/lib/python3.8/site-packages/airflow/example_dags/example_setup_teardown.py
[2026-07-07T09:30:25.544+0000] {processor.py:840} INFO - DAG(s) 'example_setup_teardown' retrieved from /home/airflow/.local/lib/python3.8/site-packages/airflow/example_dags/example_setup_teardown.py
[2026-07-07T09:30:25.653+0000] {logging_mixin.py:188} INFO - [2026-07-07T09:30:25.652+0000] {dag.py:3036} INFO - Sync 1 DAGs
[2026-07-07T09:30:25.747+0000] {logging_mixin.py:188} INFO - [2026-07-07T09:30:25.746+0000] {dag.py:3823} INFO - Setting next_dagrun for example_setup_teardown to 2026-07-06 00:00:00+00:00, run_after=2026-07-07 00:00:00+00:00
[2026-07-07T09:30:25.852+0000] {processor.py:183} INFO - Processing /home/airflow/.local/lib/python3.8/site-packages/airflow/example_dags/example_setup_teardown.py took 0.366 seconds
[2026-07-07T09:31:07.546+0000] {processor.py:161} INFO - Started process (PID=5437) to work on /home/airflow/.local/lib/python3.8/site-packages/airflow/example_dags/example_setup_teardown.py
[2026-07-07T09:31:07.560+0000] {processor.py:830} INFO - Processing file /home/airflow/.local/lib/python3.8/site-packages/airflow/example_dags/example_setup_teardown.py for tasks to queue
[2026-07-07T09:31:07.566+0000] {logging_mixin.py:188} INFO - [2026-07-07T09:31:07.565+0000] {dagbag.py:538} INFO - Filling up the DagBag from /home/airflow/.local/lib/python3.8/site-packages/airflow/example_dags/example_setup_teardown.py
[2026-07-07T09:31:07.627+0000] {processor.py:840} INFO - DAG(s) 'example_setup_teardown' retrieved from /home/airflow/.local/lib/python3.8/site-packages/airflow/example_dags/example_setup_teardown.py
[2026-07-07T09:31:07.813+0000] {logging_mixin.py:188} INFO - [2026-07-07T09:31:07.813+0000] {dag.py:3036} INFO - Sync 1 DAGs
[2026-07-07T09:31:07.917+0000] {logging_mixin.py:188} INFO - [2026-07-07T09:31:07.916+0000] {dag.py:3823} INFO - Setting next_dagrun for example_setup_teardown to 2026-07-06 00:00:00+00:00, run_after=2026-07-07 00:00:00+00:00
[2026-07-07T09:31:08.027+0000] {processor.py:183} INFO - Processing /home/airflow/.local/lib/python3.8/site-packages/airflow/example_dags/example_setup_teardown.py took 0.521 seconds
[2026-07-07T09:31:40.561+0000] {processor.py:161} INFO - Started process (PID=5494) to work on /home/airflow/.local/lib/python3.8/site-packages/airflow/example_dags/example_setup_teardown.py
[2026-07-07T09:31:40.597+0000] {processor.py:830} INFO - Processing file /home/airflow/.local/lib/python3.8/site-packages/airflow/example_dags/example_setup_teardown.py for tasks to queue
[2026-07-07T09:31:40.629+0000] {logging_mixin.py:188} INFO - [2026-07-07T09:31:40.625+0000] {dagbag.py:538} INFO - Filling up the DagBag from /home/airflow/.local/lib/python3.8/site-packages/airflow/example_dags/example_setup_teardown.py
[2026-07-07T09:31:40.756+0000] {processor.py:840} INFO - DAG(s) 'example_setup_teardown' retrieved from /home/airflow/.local/lib/python3.8/site-packages/airflow/example_dags/example_setup_teardown.py
[2026-07-07T09:31:41.006+0000] {logging_mixin.py:188} INFO - [2026-07-07T09:31:41.006+0000] {dag.py:3036} INFO - Sync 1 DAGs
[2026-07-07T09:31:41.266+0000] {logging_mixin.py:188} INFO - [2026-07-07T09:31:41.266+0000] {dag.py:3823} INFO - Setting next_dagrun for example_setup_teardown to 2026-07-06 00:00:00+00:00, run_after=2026-07-07 00:00:00+00:00
[2026-07-07T09:31:41.662+0000] {processor.py:183} INFO - Processing /home/airflow/.local/lib/python3.8/site-packages/airflow/example_dags/example_setup_teardown.py took 1.211 seconds
[2026-07-07T09:32:12.503+0000] {processor.py:161} INFO - Started process (PID=5560) to work on /home/airflow/.local/lib/python3.8/site-packages/airflow/example_dags/example_setup_teardown.py
[2026-07-07T09:32:12.532+0000] {processor.py:830} INFO - Processing file /home/airflow/.local/lib/python3.8/site-packages/airflow/example_dags/example_setup_teardown.py for tasks to queue
[2026-07-07T09:32:12.534+0000] {logging_mixin.py:188} INFO - [2026-07-07T09:32:12.533+0000] {dagbag.py:538} INFO - Filling up the DagBag from /home/airflow/.local/lib/python3.8/site-packages/airflow/example_dags/example_setup_teardown.py
[2026-07-07T09:32:12.579+0000] {processor.py:840} INFO - DAG(s) 'example_setup_teardown' retrieved from /home/airflow/.local/lib/python3.8/site-packages/airflow/example_dags/example_setup_teardown.py
[2026-07-07T09:32:12.681+0000] {logging_mixin.py:188} INFO - [2026-07-07T09:32:12.680+0000] {dag.py:3036} INFO - Sync 1 DAGs
[2026-07-07T09:32:12.835+0000] {logging_mixin.py:188} INFO - [2026-07-07T09:32:12.834+0000] {dag.py:3823} INFO - Setting next_dagrun for example_setup_teardown to 2026-07-06 00:00:00+00:00, run_after=2026-07-07 00:00:00+00:00
[2026-07-07T09:32:13.017+0000] {processor.py:183} INFO - Processing /home/airflow/.local/lib/python3.8/site-packages/airflow/example_dags/example_setup_teardown.py took 0.523 seconds
[2026-07-07T09:32:43.325+0000] {processor.py:161} INFO - Started process (PID=5620) to work on /home/airflow/.local/lib/python3.8/site-packages/airflow/example_dags/example_setup_teardown.py
[2026-07-07T09:32:43.327+0000] {processor.py:830} INFO - Processing file /home/airflow/.local/lib/python3.8/site-packages/airflow/example_dags/example_setup_teardown.py for tasks to queue
[2026-07-07T09:32:43.330+0000] {logging_mixin.py:188} INFO - [2026-07-07T09:32:43.329+0000] {dagbag.py:538} INFO - Filling up the DagBag from /home/airflow/.local/lib/python3.8/site-packages/airflow/example_dags/example_setup_teardown.py
[2026-07-07T09:32:43.347+0000] {processor.py:840} INFO - DAG(s) 'example_setup_teardown' retrieved from /home/airflow/.local/lib/python3.8/site-packages/airflow/example_dags/example_setup_teardown.py
[2026-07-07T09:32:43.388+0000] {logging_mixin.py:188} INFO - [2026-07-07T09:32:43.387+0000] {dag.py:3036} INFO - Sync 1 DAGs
[2026-07-07T09:32:43.437+0000] {logging_mixin.py:188} INFO - [2026-07-07T09:32:43.436+0000] {dag.py:3823} INFO - Setting next_dagrun for example_setup_teardown to 2026-07-06 00:00:00+00:00, run_after=2026-07-07 00:00:00+00:00
[2026-07-07T09:32:43.499+0000] {processor.py:183} INFO - Processing /home/airflow/.local/lib/python3.8/site-packages/airflow/example_dags/example_setup_teardown.py took 0.180 seconds
[2026-07-07T09:33:14.579+0000] {processor.py:161} INFO - Started process (PID=5686) to work on /home/airflow/.local/lib/python3.8/site-packages/airflow/example_dags/example_setup_teardown.py
[2026-07-07T09:33:14.587+0000] {processor.py:830} INFO - Processing file /home/airflow/.local/lib/python3.8/site-packages/airflow/example_dags/example_setup_teardown.py for tasks to queue
[2026-07-07T09:33:14.596+0000] {logging_mixin.py:188} INFO - [2026-07-07T09:33:14.594+0000] {dagbag.py:538} INFO - Filling up the DagBag from /home/airflow/.local/lib/python3.8/site-packages/airflow/example_dags/example_setup_teardown.py
[2026-07-07T09:33:14.677+0000] {processor.py:840} INFO - DAG(s) 'example_setup_teardown' retrieved from /home/airflow/.local/lib/python3.8/site-packages/airflow/example_dags/example_setup_teardown.py
[2026-07-07T09:33:14.837+0000] {logging_mixin.py:188} INFO - [2026-07-07T09:33:14.836+0000] {dag.py:3036} INFO - Sync 1 DAGs
[2026-07-07T09:33:14.933+0000] {logging_mixin.py:188} INFO - [2026-07-07T09:33:14.930+0000] {dag.py:3823} INFO - Setting next_dagrun for example_setup_teardown to 2026-07-06 00:00:00+00:00, run_after=2026-07-07 00:00:00+00:00
[2026-07-07T09:33:14.994+0000] {processor.py:183} INFO - Processing /home/airflow/.local/lib/python3.8/site-packages/airflow/example_dags/example_setup_teardown.py took 0.443 seconds
[2026-07-07T09:33:45.096+0000] {processor.py:161} INFO - Started process (PID=5754) to work on /home/airflow/.local/lib/python3.8/site-packages/airflow/example_dags/example_setup_teardown.py
[2026-07-07T09:33:45.112+0000] {processor.py:830} INFO - Processing file /home/airflow/.local/lib/python3.8/site-packages/airflow/example_dags/example_setup_teardown.py for tasks to queue
[2026-07-07T09:33:45.116+0000] {logging_mixin.py:188} INFO - [2026-07-07T09:33:45.114+0000] {dagbag.py:538} INFO - Filling up the DagBag from /home/airflow/.local/lib/python3.8/site-packages/airflow/example_dags/example_setup_teardown.py
[2026-07-07T09:33:45.161+0000] {processor.py:840} INFO - DAG(s) 'example_setup_teardown' retrieved from /home/airflow/.local/lib/python3.8/site-packages/airflow/example_dags/example_setup_teardown.py
[2026-07-07T09:33:45.275+0000] {logging_mixin.py:188} INFO - [2026-07-07T09:33:45.275+0000] {dag.py:3036} INFO - Sync 1 DAGs
[2026-07-07T09:33:45.424+0000] {logging_mixin.py:188} INFO - [2026-07-07T09:33:45.423+0000] {dag.py:3823} INFO - Setting next_dagrun for example_setup_teardown to 2026-07-06 00:00:00+00:00, run_after=2026-07-07 00:00:00+00:00
[2026-07-07T09:33:45.501+0000] {processor.py:183} INFO - Processing /home/airflow/.local/lib/python3.8/site-packages/airflow/example_dags/example_setup_teardown.py took 0.424 seconds
[2026-07-07T09:34:15.628+0000] {processor.py:161} INFO - Started process (PID=5820) to work on /home/airflow/.local/lib/python3.8/site-packages/airflow/example_dags/example_setup_teardown.py
[2026-07-07T09:34:15.630+0000] {processor.py:830} INFO - Processing file /home/airflow/.local/lib/python3.8/site-packages/airflow/example_dags/example_setup_teardown.py for tasks to queue
[2026-07-07T09:34:15.633+0000] {logging_mixin.py:188} INFO - [2026-07-07T09:34:15.632+0000] {dagbag.py:538} INFO - Filling up the DagBag from /home/airflow/.local/lib/python3.8/site-packages/airflow/example_dags/example_setup_teardown.py
[2026-07-07T09:34:15.654+0000] {processor.py:840} INFO - DAG(s) 'example_setup_teardown' retrieved from /home/airflow/.local/lib/python3.8/site-packages/airflow/example_dags/example_setup_teardown.py
[2026-07-07T09:34:15.720+0000] {logging_mixin.py:188} INFO - [2026-07-07T09:34:15.719+0000] {dag.py:3036} INFO - Sync 1 DAGs
[2026-07-07T09:34:15.776+0000] {logging_mixin.py:188} INFO - [2026-07-07T09:34:15.776+0000] {dag.py:3823} INFO - Setting next_dagrun for example_setup_teardown to 2026-07-06 00:00:00+00:00, run_after=2026-07-07 00:00:00+00:00
[2026-07-07T09:34:15.830+0000] {processor.py:183} INFO - Processing /home/airflow/.local/lib/python3.8/site-packages/airflow/example_dags/example_setup_teardown.py took 0.210 seconds
[2026-07-07T09:34:46.696+0000] {processor.py:161} INFO - Started process (PID=5877) to work on /home/airflow/.local/lib/python3.8/site-packages/airflow/example_dags/example_setup_teardown.py
[2026-07-07T09:34:46.699+0000] {processor.py:830} INFO - Processing file /home/airflow/.local/lib/python3.8/site-packages/airflow/example_dags/example_setup_teardown.py for tasks to queue
[2026-07-07T09:34:46.702+0000] {logging_mixin.py:188} INFO - [2026-07-07T09:34:46.701+0000] {dagbag.py:538} INFO - Filling up the DagBag from /home/airflow/.local/lib/python3.8/site-packages/airflow/example_dags/example_setup_teardown.py
[2026-07-07T09:34:46.724+0000] {processor.py:840} INFO - DAG(s) 'example_setup_teardown' retrieved from /home/airflow/.local/lib/python3.8/site-packages/airflow/example_dags/example_setup_teardown.py
[2026-07-07T09:34:46.777+0000] {logging_mixin.py:188} INFO - [2026-07-07T09:34:46.776+0000] {dag.py:3036} INFO - Sync 1 DAGs
[2026-07-07T09:34:46.826+0000] {logging_mixin.py:188} INFO - [2026-07-07T09:34:46.826+0000] {dag.py:3823} INFO - Setting next_dagrun for example_setup_teardown to 2026-07-06 00:00:00+00:00, run_after=2026-07-07 00:00:00+00:00
[2026-07-07T09:34:46.866+0000] {processor.py:183} INFO - Processing /home/airflow/.local/lib/python3.8/site-packages/airflow/example_dags/example_setup_teardown.py took 0.179 seconds
[2026-07-07T09:35:17.355+0000] {processor.py:161} INFO - Started process (PID=5939) to work on /home/airflow/.local/lib/python3.8/site-packages/airflow/example_dags/example_setup_teardown.py
[2026-07-07T09:35:17.358+0000] {processor.py:830} INFO - Processing file /home/airflow/.local/lib/python3.8/site-packages/airflow/example_dags/example_setup_teardown.py for tasks to queue
[2026-07-07T09:35:17.361+0000] {logging_mixin.py:188} INFO - [2026-07-07T09:35:17.361+0000] {dagbag.py:538} INFO - Filling up the DagBag from /home/airflow/.local/lib/python3.8/site-packages/airflow/example_dags/example_setup_teardown.py
[2026-07-07T09:35:17.391+0000] {processor.py:840} INFO - DAG(s) 'example_setup_teardown' retrieved from /home/airflow/.local/lib/python3.8/site-packages/airflow/example_dags/example_setup_teardown.py
[2026-07-07T09:35:17.470+0000] {logging_mixin.py:188} INFO - [2026-07-07T09:35:17.469+0000] {dag.py:3036} INFO - Sync 1 DAGs
[2026-07-07T09:35:17.563+0000] {logging_mixin.py:188} INFO - [2026-07-07T09:35:17.562+0000] {dag.py:3823} INFO - Setting next_dagrun for example_setup_teardown to 2026-07-06 00:00:00+00:00, run_after=2026-07-07 00:00:00+00:00
[2026-07-07T09:35:17.658+0000] {processor.py:183} INFO - Processing /home/airflow/.local/lib/python3.8/site-packages/airflow/example_dags/example_setup_teardown.py took 0.316 seconds
[2026-07-07T09:35:48.795+0000] {processor.py:161} INFO - Started process (PID=6001) to work on /home/airflow/.local/lib/python3.8/site-packages/airflow/example_dags/example_setup_teardown.py
[2026-07-07T09:35:48.808+0000] {processor.py:830} INFO - Processing file /home/airflow/.local/lib/python3.8/site-packages/airflow/example_dags/example_setup_teardown.py for tasks to queue
[2026-07-07T09:35:48.811+0000] {logging_mixin.py:188} INFO - [2026-07-07T09:35:48.810+0000] {dagbag.py:538} INFO - Filling up the DagBag from /home/airflow/.local/lib/python3.8/site-packages/airflow/example_dags/example_setup_teardown.py
[2026-07-07T09:35:48.856+0000] {processor.py:840} INFO - DAG(s) 'example_setup_teardown' retrieved from /home/airflow/.local/lib/python3.8/site-packages/airflow/example_dags/example_setup_teardown.py
[2026-07-07T09:35:48.936+0000] {logging_mixin.py:188} INFO - [2026-07-07T09:35:48.936+0000] {dag.py:3036} INFO - Sync 1 DAGs
[2026-07-07T09:35:49.047+0000] {logging_mixin.py:188} INFO - [2026-07-07T09:35:49.046+0000] {dag.py:3823} INFO - Setting next_dagrun for example_setup_teardown to 2026-07-06 00:00:00+00:00, run_after=2026-07-07 00:00:00+00:00
[2026-07-07T09:35:49.195+0000] {processor.py:183} INFO - Processing /home/airflow/.local/lib/python3.8/site-packages/airflow/example_dags/example_setup_teardown.py took 0.419 seconds
[2026-07-07T09:36:19.682+0000] {processor.py:161} INFO - Started process (PID=6070) to work on /home/airflow/.local/lib/python3.8/site-packages/airflow/example_dags/example_setup_teardown.py
[2026-07-07T09:36:19.684+0000] {processor.py:830} INFO - Processing file /home/airflow/.local/lib/python3.8/site-packages/airflow/example_dags/example_setup_teardown.py for tasks to queue
[2026-07-07T09:36:19.686+0000] {logging_mixin.py:188} INFO - [2026-07-07T09:36:19.685+0000] {dagbag.py:538} INFO - Filling up the DagBag from /home/airflow/.local/lib/python3.8/site-packages/airflow/example_dags/example_setup_teardown.py
[2026-07-07T09:36:19.716+0000] {processor.py:840} INFO - DAG(s) 'example_setup_teardown' retrieved from /home/airflow/.local/lib/python3.8/site-packages/airflow/example_dags/example_setup_teardown.py
[2026-07-07T09:36:19.763+0000] {logging_mixin.py:188} INFO - [2026-07-07T09:36:19.763+0000] {dag.py:3036} INFO - Sync 1 DAGs
[2026-07-07T09:36:19.809+0000] {logging_mixin.py:188} INFO - [2026-07-07T09:36:19.809+0000] {dag.py:3823} INFO - Setting next_dagrun for example_setup_teardown to 2026-07-06 00:00:00+00:00, run_after=2026-07-07 00:00:00+00:00
[2026-07-07T09:36:19.857+0000] {processor.py:183} INFO - Processing /home/airflow/.local/lib/python3.8/site-packages/airflow/example_dags/example_setup_teardown.py took 0.185 seconds
[2026-07-07T09:36:50.351+0000] {processor.py:161} INFO - Started process (PID=6136) to work on /home/airflow/.local/lib/python3.8/site-packages/airflow/example_dags/example_setup_teardown.py
[2026-07-07T09:36:50.358+0000] {processor.py:830} INFO - Processing file /home/airflow/.local/lib/python3.8/site-packages/airflow/example_dags/example_setup_teardown.py for tasks to queue
[2026-07-07T09:36:50.360+0000] {logging_mixin.py:188} INFO - [2026-07-07T09:36:50.360+0000] {dagbag.py:538} INFO - Filling up the DagBag from /home/airflow/.local/lib/python3.8/site-packages/airflow/example_dags/example_setup_teardown.py
[2026-07-07T09:36:50.390+0000] {processor.py:840} INFO - DAG(s) 'example_setup_teardown' retrieved from /home/airflow/.local/lib/python3.8/site-packages/airflow/example_dags/example_setup_teardown.py
[2026-07-07T09:36:50.480+0000] {logging_mixin.py:188} INFO - [2026-07-07T09:36:50.479+0000] {dag.py:3036} INFO - Sync 1 DAGs
[2026-07-07T09:36:50.557+0000] {logging_mixin.py:188} INFO - [2026-07-07T09:36:50.556+0000] {dag.py:3823} INFO - Setting next_dagrun for example_setup_teardown to 2026-07-06 00:00:00+00:00, run_after=2026-07-07 00:00:00+00:00
[2026-07-07T09:36:50.625+0000] {processor.py:183} INFO - Processing /home/airflow/.local/lib/python3.8/site-packages/airflow/example_dags/example_setup_teardown.py took 0.291 seconds
[2026-07-07T09:37:20.823+0000] {processor.py:161} INFO - Started process (PID=6195) to work on /home/airflow/.local/lib/python3.8/site-packages/airflow/example_dags/example_setup_teardown.py
[2026-07-07T09:37:20.826+0000] {processor.py:830} INFO - Processing file /home/airflow/.local/lib/python3.8/site-packages/airflow/example_dags/example_setup_teardown.py for tasks to queue
[2026-07-07T09:37:20.829+0000] {logging_mixin.py:188} INFO - [2026-07-07T09:37:20.828+0000] {dagbag.py:538} INFO - Filling up the DagBag from /home/airflow/.local/lib/python3.8/site-packages/airflow/example_dags/example_setup_teardown.py
[2026-07-07T09:37:20.856+0000] {processor.py:840} INFO - DAG(s) 'example_setup_teardown' retrieved from /home/airflow/.local/lib/python3.8/site-packages/airflow/example_dags/example_setup_teardown.py
[2026-07-07T09:37:20.929+0000] {logging_mixin.py:188} INFO - [2026-07-07T09:37:20.929+0000] {dag.py:3036} INFO - Sync 1 DAGs
[2026-07-07T09:37:20.982+0000] {logging_mixin.py:188} INFO - [2026-07-07T09:37:20.982+0000] {dag.py:3823} INFO - Setting next_dagrun for example_setup_teardown to 2026-07-06 00:00:00+00:00, run_after=2026-07-07 00:00:00+00:00
[2026-07-07T09:37:21.054+0000] {processor.py:183} INFO - Processing /home/airflow/.local/lib/python3.8/site-packages/airflow/example_dags/example_setup_teardown.py took 0.240 seconds
[2026-07-07T09:37:51.377+0000] {processor.py:161} INFO - Started process (PID=6260) to work on /home/airflow/.local/lib/python3.8/site-packages/airflow/example_dags/example_setup_teardown.py
[2026-07-07T09:37:51.380+0000] {processor.py:830} INFO - Processing file /home/airflow/.local/lib/python3.8/site-packages/airflow/example_dags/example_setup_teardown.py for tasks to queue
[2026-07-07T09:37:51.382+0000] {logging_mixin.py:188} INFO - [2026-07-07T09:37:51.381+0000] {dagbag.py:538} INFO - Filling up the DagBag from /home/airflow/.local/lib/python3.8/site-packages/airflow/example_dags/example_setup_teardown.py
[2026-07-07T09:37:51.421+0000] {processor.py:840} INFO - DAG(s) 'example_setup_teardown' retrieved from /home/airflow/.local/lib/python3.8/site-packages/airflow/example_dags/example_setup_teardown.py
[2026-07-07T09:37:51.487+0000] {logging_mixin.py:188} INFO - [2026-07-07T09:37:51.486+0000] {dag.py:3036} INFO - Sync 1 DAGs
[2026-07-07T09:37:51.541+0000] {logging_mixin.py:188} INFO - [2026-07-07T09:37:51.540+0000] {dag.py:3823} INFO - Setting next_dagrun for example_setup_teardown to 2026-07-06 00:00:00+00:00, run_after=2026-07-07 00:00:00+00:00
[2026-07-07T09:37:51.594+0000] {processor.py:183} INFO - Processing /home/airflow/.local/lib/python3.8/site-packages/airflow/example_dags/example_setup_teardown.py took 0.233 seconds
[2026-07-07T09:38:22.688+0000] {processor.py:161} INFO - Started process (PID=6326) to work on /home/airflow/.local/lib/python3.8/site-packages/airflow/example_dags/example_setup_teardown.py
[2026-07-07T09:38:22.693+0000] {processor.py:830} INFO - Processing file /home/airflow/.local/lib/python3.8/site-packages/airflow/example_dags/example_setup_teardown.py for tasks to queue
[2026-07-07T09:38:22.698+0000] {logging_mixin.py:188} INFO - [2026-07-07T09:38:22.697+0000] {dagbag.py:538} INFO - Filling up the DagBag from /home/airflow/.local/lib/python3.8/site-packages/airflow/example_dags/example_setup_teardown.py
[2026-07-07T09:38:22.812+0000] {processor.py:840} INFO - DAG(s) 'example_setup_teardown' retrieved from /home/airflow/.local/lib/python3.8/site-packages/airflow/example_dags/example_setup_teardown.py
[2026-07-07T09:38:23.242+0000] {logging_mixin.py:188} INFO - [2026-07-07T09:38:23.241+0000] {dag.py:3036} INFO - Sync 1 DAGs
[2026-07-07T09:38:23.427+0000] {logging_mixin.py:188} INFO - [2026-07-07T09:38:23.426+0000] {dag.py:3823} INFO - Setting next_dagrun for example_setup_teardown to 2026-07-06 00:00:00+00:00, run_after=2026-07-07 00:00:00+00:00
[2026-07-07T09:38:23.525+0000] {processor.py:183} INFO - Processing /home/airflow/.local/lib/python3.8/site-packages/airflow/example_dags/example_setup_teardown.py took 0.897 seconds
[2026-07-07T09:38:53.815+0000] {processor.py:161} INFO - Started process (PID=6386) to work on /home/airflow/.local/lib/python3.8/site-packages/airflow/example_dags/example_setup_teardown.py
[2026-07-07T09:38:53.820+0000] {processor.py:830} INFO - Processing file /home/airflow/.local/lib/python3.8/site-packages/airflow/example_dags/example_setup_teardown.py for tasks to queue
[2026-07-07T09:38:53.823+0000] {logging_mixin.py:188} INFO - [2026-07-07T09:38:53.822+0000] {dagbag.py:538} INFO - Filling up the DagBag from /home/airflow/.local/lib/python3.8/site-packages/airflow/example_dags/example_setup_teardown.py
[2026-07-07T09:38:53.852+0000] {processor.py:840} INFO - DAG(s) 'example_setup_teardown' retrieved from /home/airflow/.local/lib/python3.8/site-packages/airflow/example_dags/example_setup_teardown.py
[2026-07-07T09:38:53.926+0000] {logging_mixin.py:188} INFO - [2026-07-07T09:38:53.926+0000] {dag.py:3036} INFO - Sync 1 DAGs
[2026-07-07T09:38:53.999+0000] {logging_mixin.py:188} INFO - [2026-07-07T09:38:53.999+0000] {dag.py:3823} INFO - Setting next_dagrun for example_setup_teardown to 2026-07-06 00:00:00+00:00, run_after=2026-07-07 00:00:00+00:00
[2026-07-07T09:38:54.098+0000] {processor.py:183} INFO - Processing /home/airflow/.local/lib/python3.8/site-packages/airflow/example_dags/example_setup_teardown.py took 0.301 seconds
[2026-07-07T09:39:24.522+0000] {processor.py:161} INFO - Started process (PID=6453) to work on /home/airflow/.local/lib/python3.8/site-packages/airflow/example_dags/example_setup_teardown.py
[2026-07-07T09:39:24.524+0000] {processor.py:830} INFO - Processing file /home/airflow/.local/lib/python3.8/site-packages/airflow/example_dags/example_setup_teardown.py for tasks to queue
[2026-07-07T09:39:24.525+0000] {logging_mixin.py:188} INFO - [2026-07-07T09:39:24.524+0000] {dagbag.py:538} INFO - Filling up the DagBag from /home/airflow/.local/lib/python3.8/site-packages/airflow/example_dags/example_setup_teardown.py
[2026-07-07T09:39:24.541+0000] {processor.py:840} INFO - DAG(s) 'example_setup_teardown' retrieved from /home/airflow/.local/lib/python3.8/site-packages/airflow/example_dags/example_setup_teardown.py
[2026-07-07T09:39:24.589+0000] {logging_mixin.py:188} INFO - [2026-07-07T09:39:24.589+0000] {dag.py:3036} INFO - Sync 1 DAGs
[2026-07-07T09:39:24.632+0000] {logging_mixin.py:188} INFO - [2026-07-07T09:39:24.632+0000] {dag.py:3823} INFO - Setting next_dagrun for example_setup_teardown to 2026-07-06 00:00:00+00:00, run_after=2026-07-07 00:00:00+00:00
[2026-07-07T09:39:24.670+0000] {processor.py:183} INFO - Processing /home/airflow/.local/lib/python3.8/site-packages/airflow/example_dags/example_setup_teardown.py took 0.156 seconds
[2026-07-07T09:39:54.772+0000] {processor.py:161} INFO - Started process (PID=6521) to work on /home/airflow/.local/lib/python3.8/site-packages/airflow/example_dags/example_setup_teardown.py
[2026-07-07T09:39:54.775+0000] {processor.py:830} INFO - Processing file /home/airflow/.local/lib/python3.8/site-packages/airflow/example_dags/example_setup_teardown.py for tasks to queue
[2026-07-07T09:39:54.776+0000] {logging_mixin.py:188} INFO - [2026-07-07T09:39:54.776+0000] {dagbag.py:538} INFO - Filling up the DagBag from /home/airflow/.local/lib/python3.8/site-packages/airflow/example_dags/example_setup_teardown.py
[2026-07-07T09:39:54.795+0000] {processor.py:840} INFO - DAG(s) 'example_setup_teardown' retrieved from /home/airflow/.local/lib/python3.8/site-packages/airflow/example_dags/example_setup_teardown.py
[2026-07-07T09:39:54.838+0000] {logging_mixin.py:188} INFO - [2026-07-07T09:39:54.838+0000] {dag.py:3036} INFO - Sync 1 DAGs
[2026-07-07T09:39:54.886+0000] {logging_mixin.py:188} INFO - [2026-07-07T09:39:54.886+0000] {dag.py:3823} INFO - Setting next_dagrun for example_setup_teardown to 2026-07-06 00:00:00+00:00, run_after=2026-07-07 00:00:00+00:00
[2026-07-07T09:39:54.929+0000] {processor.py:183} INFO - Processing /home/airflow/.local/lib/python3.8/site-packages/airflow/example_dags/example_setup_teardown.py took 0.165 seconds
[2026-07-07T09:40:25.086+0000] {processor.py:161} INFO - Started process (PID=6589) to work on /home/airflow/.local/lib/python3.8/site-packages/airflow/example_dags/example_setup_teardown.py
[2026-07-07T09:40:25.090+0000] {processor.py:830} INFO - Processing file /home/airflow/.local/lib/python3.8/site-packages/airflow/example_dags/example_setup_teardown.py for tasks to queue
[2026-07-07T09:40:25.094+0000] {logging_mixin.py:188} INFO - [2026-07-07T09:40:25.092+0000] {dagbag.py:538} INFO - Filling up the DagBag from /home/airflow/.local/lib/python3.8/site-packages/airflow/example_dags/example_setup_teardown.py
[2026-07-07T09:40:25.123+0000] {processor.py:840} INFO - DAG(s) 'example_setup_teardown' retrieved from /home/airflow/.local/lib/python3.8/site-packages/airflow/example_dags/example_setup_teardown.py
[2026-07-07T09:40:25.207+0000] {logging_mixin.py:188} INFO - [2026-07-07T09:40:25.206+0000] {dag.py:3036} INFO - Sync 1 DAGs
[2026-07-07T09:40:25.295+0000] {logging_mixin.py:188} INFO - [2026-07-07T09:40:25.294+0000] {dag.py:3823} INFO - Setting next_dagrun for example_setup_teardown to 2026-07-06 00:00:00+00:00, run_after=2026-07-07 00:00:00+00:00
[2026-07-07T09:40:25.357+0000] {processor.py:183} INFO - Processing /home/airflow/.local/lib/python3.8/site-packages/airflow/example_dags/example_setup_teardown.py took 0.281 seconds
[2026-07-07T09:40:55.529+0000] {processor.py:161} INFO - Started process (PID=6655) to work on /home/airflow/.local/lib/python3.8/site-packages/airflow/example_dags/example_setup_teardown.py
[2026-07-07T09:40:55.533+0000] {processor.py:830} INFO - Processing file /home/airflow/.local/lib/python3.8/site-packages/airflow/example_dags/example_setup_teardown.py for tasks to queue
[2026-07-07T09:40:55.538+0000] {logging_mixin.py:188} INFO - [2026-07-07T09:40:55.536+0000] {dagbag.py:538} INFO - Filling up the DagBag from /home/airflow/.local/lib/python3.8/site-packages/airflow/example_dags/example_setup_teardown.py
[2026-07-07T09:40:55.575+0000] {processor.py:840} INFO - DAG(s) 'example_setup_teardown' retrieved from /home/airflow/.local/lib/python3.8/site-packages/airflow/example_dags/example_setup_teardown.py
[2026-07-07T09:40:55.658+0000] {logging_mixin.py:188} INFO - [2026-07-07T09:40:55.657+0000] {dag.py:3036} INFO - Sync 1 DAGs
[2026-07-07T09:40:55.790+0000] {logging_mixin.py:188} INFO - [2026-07-07T09:40:55.789+0000] {dag.py:3823} INFO - Setting next_dagrun for example_setup_teardown to 2026-07-06 00:00:00+00:00, run_after=2026-07-07 00:00:00+00:00
[2026-07-07T09:40:55.905+0000] {processor.py:183} INFO - Processing /home/airflow/.local/lib/python3.8/site-packages/airflow/example_dags/example_setup_teardown.py took 0.391 seconds
[2026-07-07T09:41:26.696+0000] {processor.py:161} INFO - Started process (PID=6722) to work on /home/airflow/.local/lib/python3.8/site-packages/airflow/example_dags/example_setup_teardown.py
[2026-07-07T09:41:26.699+0000] {processor.py:830} INFO - Processing file /home/airflow/.local/lib/python3.8/site-packages/airflow/example_dags/example_setup_teardown.py for tasks to queue
[2026-07-07T09:41:26.700+0000] {logging_mixin.py:188} INFO - [2026-07-07T09:41:26.700+0000] {dagbag.py:538} INFO - Filling up the DagBag from /home/airflow/.local/lib/python3.8/site-packages/airflow/example_dags/example_setup_teardown.py
[2026-07-07T09:41:26.720+0000] {processor.py:840} INFO - DAG(s) 'example_setup_teardown' retrieved from /home/airflow/.local/lib/python3.8/site-packages/airflow/example_dags/example_setup_teardown.py
[2026-07-07T09:41:26.773+0000] {logging_mixin.py:188} INFO - [2026-07-07T09:41:26.772+0000] {dag.py:3036} INFO - Sync 1 DAGs
[2026-07-07T09:41:26.846+0000] {logging_mixin.py:188} INFO - [2026-07-07T09:41:26.845+0000] {dag.py:3823} INFO - Setting next_dagrun for example_setup_teardown to 2026-07-06 00:00:00+00:00, run_after=2026-07-07 00:00:00+00:00
[2026-07-07T09:41:26.895+0000] {processor.py:183} INFO - Processing /home/airflow/.local/lib/python3.8/site-packages/airflow/example_dags/example_setup_teardown.py took 0.206 seconds
[2026-07-07T09:41:57.312+0000] {processor.py:161} INFO - Started process (PID=6789) to work on /home/airflow/.local/lib/python3.8/site-packages/airflow/example_dags/example_setup_teardown.py
[2026-07-07T09:41:57.314+0000] {processor.py:830} INFO - Processing file /home/airflow/.local/lib/python3.8/site-packages/airflow/example_dags/example_setup_teardown.py for tasks to queue
[2026-07-07T09:41:57.317+0000] {logging_mixin.py:188} INFO - [2026-07-07T09:41:57.316+0000] {dagbag.py:538} INFO - Filling up the DagBag from /home/airflow/.local/lib/python3.8/site-packages/airflow/example_dags/example_setup_teardown.py
[2026-07-07T09:41:57.336+0000] {processor.py:840} INFO - DAG(s) 'example_setup_teardown' retrieved from /home/airflow/.local/lib/python3.8/site-packages/airflow/example_dags/example_setup_teardown.py
[2026-07-07T09:41:57.399+0000] {logging_mixin.py:188} INFO - [2026-07-07T09:41:57.398+0000] {dag.py:3036} INFO - Sync 1 DAGs
[2026-07-07T09:41:57.456+0000] {logging_mixin.py:188} INFO - [2026-07-07T09:41:57.455+0000] {dag.py:3823} INFO - Setting next_dagrun for example_setup_teardown to 2026-07-06 00:00:00+00:00, run_after=2026-07-07 00:00:00+00:00
[2026-07-07T09:41:57.504+0000] {processor.py:183} INFO - Processing /home/airflow/.local/lib/python3.8/site-packages/airflow/example_dags/example_setup_teardown.py took 0.201 seconds
[2026-07-07T09:42:27.892+0000] {processor.py:161} INFO - Started process (PID=6855) to work on /home/airflow/.local/lib/python3.8/site-packages/airflow/example_dags/example_setup_teardown.py
[2026-07-07T09:42:27.899+0000] {processor.py:830} INFO - Processing file /home/airflow/.local/lib/python3.8/site-packages/airflow/example_dags/example_setup_teardown.py for tasks to queue
[2026-07-07T09:42:27.912+0000] {logging_mixin.py:188} INFO - [2026-07-07T09:42:27.901+0000] {dagbag.py:538} INFO - Filling up the DagBag from /home/airflow/.local/lib/python3.8/site-packages/airflow/example_dags/example_setup_teardown.py
[2026-07-07T09:42:27.957+0000] {processor.py:840} INFO - DAG(s) 'example_setup_teardown' retrieved from /home/airflow/.local/lib/python3.8/site-packages/airflow/example_dags/example_setup_teardown.py
[2026-07-07T09:42:28.465+0000] {logging_mixin.py:188} INFO - [2026-07-07T09:42:28.461+0000] {dag.py:3036} INFO - Sync 1 DAGs
[2026-07-07T09:42:28.632+0000] {logging_mixin.py:188} INFO - [2026-07-07T09:42:28.631+0000] {dag.py:3823} INFO - Setting next_dagrun for example_setup_teardown to 2026-07-06 00:00:00+00:00, run_after=2026-07-07 00:00:00+00:00
[2026-07-07T09:42:28.681+0000] {processor.py:183} INFO - Processing /home/airflow/.local/lib/python3.8/site-packages/airflow/example_dags/example_setup_teardown.py took 0.815 seconds
[2026-07-07T09:42:58.757+0000] {processor.py:161} INFO - Started process (PID=6922) to work on /home/airflow/.local/lib/python3.8/site-packages/airflow/example_dags/example_setup_teardown.py
[2026-07-07T09:42:58.761+0000] {processor.py:830} INFO - Processing file /home/airflow/.local/lib/python3.8/site-packages/airflow/example_dags/example_setup_teardown.py for tasks to queue
[2026-07-07T09:42:58.763+0000] {logging_mixin.py:188} INFO - [2026-07-07T09:42:58.763+0000] {dagbag.py:538} INFO - Filling up the DagBag from /home/airflow/.local/lib/python3.8/site-packages/airflow/example_dags/example_setup_teardown.py
[2026-07-07T09:42:58.782+0000] {processor.py:840} INFO - DAG(s) 'example_setup_teardown' retrieved from /home/airflow/.local/lib/python3.8/site-packages/airflow/example_dags/example_setup_teardown.py
[2026-07-07T09:42:58.836+0000] {logging_mixin.py:188} INFO - [2026-07-07T09:42:58.835+0000] {dag.py:3036} INFO - Sync 1 DAGs
[2026-07-07T09:42:58.898+0000] {logging_mixin.py:188} INFO - [2026-07-07T09:42:58.897+0000] {dag.py:3823} INFO - Setting next_dagrun for example_setup_teardown to 2026-07-06 00:00:00+00:00, run_after=2026-07-07 00:00:00+00:00
[2026-07-07T09:42:58.969+0000] {processor.py:183} INFO - Processing /home/airflow/.local/lib/python3.8/site-packages/airflow/example_dags/example_setup_teardown.py took 0.221 seconds
[2026-07-07T09:43:29.459+0000] {processor.py:161} INFO - Started process (PID=6981) to work on /home/airflow/.local/lib/python3.8/site-packages/airflow/example_dags/example_setup_teardown.py
[2026-07-07T09:43:29.469+0000] {processor.py:830} INFO - Processing file /home/airflow/.local/lib/python3.8/site-packages/airflow/example_dags/example_setup_teardown.py for tasks to queue
[2026-07-07T09:43:29.471+0000] {logging_mixin.py:188} INFO - [2026-07-07T09:43:29.470+0000] {dagbag.py:538} INFO - Filling up the DagBag from /home/airflow/.local/lib/python3.8/site-packages/airflow/example_dags/example_setup_teardown.py
[2026-07-07T09:43:29.484+0000] {processor.py:840} INFO - DAG(s) 'example_setup_teardown' retrieved from /home/airflow/.local/lib/python3.8/site-packages/airflow/example_dags/example_setup_teardown.py
[2026-07-07T09:43:29.518+0000] {logging_mixin.py:188} INFO - [2026-07-07T09:43:29.518+0000] {dag.py:3036} INFO - Sync 1 DAGs
[2026-07-07T09:43:29.557+0000] {logging_mixin.py:188} INFO - [2026-07-07T09:43:29.557+0000] {dag.py:3823} INFO - Setting next_dagrun for example_setup_teardown to 2026-07-06 00:00:00+00:00, run_after=2026-07-07 00:00:00+00:00
[2026-07-07T09:43:29.595+0000] {processor.py:183} INFO - Processing /home/airflow/.local/lib/python3.8/site-packages/airflow/example_dags/example_setup_teardown.py took 0.142 seconds
[2026-07-07T09:43:59.802+0000] {processor.py:161} INFO - Started process (PID=7048) to work on /home/airflow/.local/lib/python3.8/site-packages/airflow/example_dags/example_setup_teardown.py
[2026-07-07T09:43:59.804+0000] {processor.py:830} INFO - Processing file /home/airflow/.local/lib/python3.8/site-packages/airflow/example_dags/example_setup_teardown.py for tasks to queue
[2026-07-07T09:43:59.805+0000] {logging_mixin.py:188} INFO - [2026-07-07T09:43:59.805+0000] {dagbag.py:538} INFO - Filling up the DagBag from /home/airflow/.local/lib/python3.8/site-packages/airflow/example_dags/example_setup_teardown.py
[2026-07-07T09:43:59.822+0000] {processor.py:840} INFO - DAG(s) 'example_setup_teardown' retrieved from /home/airflow/.local/lib/python3.8/site-packages/airflow/example_dags/example_setup_teardown.py
[2026-07-07T09:43:59.868+0000] {logging_mixin.py:188} INFO - [2026-07-07T09:43:59.868+0000] {dag.py:3036} INFO - Sync 1 DAGs
[2026-07-07T09:43:59.915+0000] {logging_mixin.py:188} INFO - [2026-07-07T09:43:59.915+0000] {dag.py:3823} INFO - Setting next_dagrun for example_setup_teardown to 2026-07-06 00:00:00+00:00, run_after=2026-07-07 00:00:00+00:00
[2026-07-07T09:43:59.958+0000] {processor.py:183} INFO - Processing /home/airflow/.local/lib/python3.8/site-packages/airflow/example_dags/example_setup_teardown.py took 0.163 seconds
[2026-07-07T09:44:30.028+0000] {processor.py:161} INFO - Started process (PID=7113) to work on /home/airflow/.local/lib/python3.8/site-packages/airflow/example_dags/example_setup_teardown.py
[2026-07-07T09:44:30.030+0000] {processor.py:830} INFO - Processing file /home/airflow/.local/lib/python3.8/site-packages/airflow/example_dags/example_setup_teardown.py for tasks to queue
[2026-07-07T09:44:30.032+0000] {logging_mixin.py:188} INFO - [2026-07-07T09:44:30.032+0000] {dagbag.py:538} INFO - Filling up the DagBag from /home/airflow/.local/lib/python3.8/site-packages/airflow/example_dags/example_setup_teardown.py
[2026-07-07T09:44:30.046+0000] {processor.py:840} INFO - DAG(s) 'example_setup_teardown' retrieved from /home/airflow/.local/lib/python3.8/site-packages/airflow/example_dags/example_setup_teardown.py
[2026-07-07T09:44:30.083+0000] {logging_mixin.py:188} INFO - [2026-07-07T09:44:30.083+0000] {dag.py:3036} INFO - Sync 1 DAGs
[2026-07-07T09:44:30.117+0000] {logging_mixin.py:188} INFO - [2026-07-07T09:44:30.117+0000] {dag.py:3823} INFO - Setting next_dagrun for example_setup_teardown to 2026-07-06 00:00:00+00:00, run_after=2026-07-07 00:00:00+00:00
[2026-07-07T09:44:30.150+0000] {processor.py:183} INFO - Processing /home/airflow/.local/lib/python3.8/site-packages/airflow/example_dags/example_setup_teardown.py took 0.127 seconds
[2026-07-07T09:45:00.477+0000] {processor.py:161} INFO - Started process (PID=7177) to work on /home/airflow/.local/lib/python3.8/site-packages/airflow/example_dags/example_setup_teardown.py
[2026-07-07T09:45:00.479+0000] {processor.py:830} INFO - Processing file /home/airflow/.local/lib/python3.8/site-packages/airflow/example_dags/example_setup_teardown.py for tasks to queue
[2026-07-07T09:45:00.486+0000] {logging_mixin.py:188} INFO - [2026-07-07T09:45:00.485+0000] {dagbag.py:538} INFO - Filling up the DagBag from /home/airflow/.local/lib/python3.8/site-packages/airflow/example_dags/example_setup_teardown.py
[2026-07-07T09:45:00.512+0000] {processor.py:840} INFO - DAG(s) 'example_setup_teardown' retrieved from /home/airflow/.local/lib/python3.8/site-packages/airflow/example_dags/example_setup_teardown.py
[2026-07-07T09:45:00.610+0000] {logging_mixin.py:188} INFO - [2026-07-07T09:45:00.609+0000] {dag.py:3036} INFO - Sync 1 DAGs
[2026-07-07T09:45:00.710+0000] {logging_mixin.py:188} INFO - [2026-07-07T09:45:00.709+0000] {dag.py:3823} INFO - Setting next_dagrun for example_setup_teardown to 2026-07-06 00:00:00+00:00, run_after=2026-07-07 00:00:00+00:00
[2026-07-07T09:45:00.792+0000] {processor.py:183} INFO - Processing /home/airflow/.local/lib/python3.8/site-packages/airflow/example_dags/example_setup_teardown.py took 0.333 seconds
[2026-07-07T09:45:31.272+0000] {processor.py:161} INFO - Started process (PID=7241) to work on /home/airflow/.local/lib/python3.8/site-packages/airflow/example_dags/example_setup_teardown.py
[2026-07-07T09:45:31.275+0000] {processor.py:830} INFO - Processing file /home/airflow/.local/lib/python3.8/site-packages/airflow/example_dags/example_setup_teardown.py for tasks to queue
[2026-07-07T09:45:31.279+0000] {logging_mixin.py:188} INFO - [2026-07-07T09:45:31.277+0000] {dagbag.py:538} INFO - Filling up the DagBag from /home/airflow/.local/lib/python3.8/site-packages/airflow/example_dags/example_setup_teardown.py
[2026-07-07T09:45:31.310+0000] {processor.py:840} INFO - DAG(s) 'example_setup_teardown' retrieved from /home/airflow/.local/lib/python3.8/site-packages/airflow/example_dags/example_setup_teardown.py
[2026-07-07T09:45:31.515+0000] {logging_mixin.py:188} INFO - [2026-07-07T09:45:31.487+0000] {dag.py:3036} INFO - Sync 1 DAGs
[2026-07-07T09:45:31.760+0000] {logging_mixin.py:188} INFO - [2026-07-07T09:45:31.751+0000] {dag.py:3823} INFO - Setting next_dagrun for example_setup_teardown to 2026-07-06 00:00:00+00:00, run_after=2026-07-07 00:00:00+00:00
[2026-07-07T09:45:31.964+0000] {processor.py:183} INFO - Processing /home/airflow/.local/lib/python3.8/site-packages/airflow/example_dags/example_setup_teardown.py took 0.705 seconds
[2026-07-07T09:46:02.539+0000] {processor.py:161} INFO - Started process (PID=7301) to work on /home/airflow/.local/lib/python3.8/site-packages/airflow/example_dags/example_setup_teardown.py
[2026-07-07T09:46:02.543+0000] {processor.py:830} INFO - Processing file /home/airflow/.local/lib/python3.8/site-packages/airflow/example_dags/example_setup_teardown.py for tasks to queue
[2026-07-07T09:46:02.548+0000] {logging_mixin.py:188} INFO - [2026-07-07T09:46:02.544+0000] {dagbag.py:538} INFO - Filling up the DagBag from /home/airflow/.local/lib/python3.8/site-packages/airflow/example_dags/example_setup_teardown.py
[2026-07-07T09:46:02.620+0000] {processor.py:840} INFO - DAG(s) 'example_setup_teardown' retrieved from /home/airflow/.local/lib/python3.8/site-packages/airflow/example_dags/example_setup_teardown.py
[2026-07-07T09:46:02.712+0000] {logging_mixin.py:188} INFO - [2026-07-07T09:46:02.707+0000] {dag.py:3036} INFO - Sync 1 DAGs
[2026-07-07T09:46:02.805+0000] {logging_mixin.py:188} INFO - [2026-07-07T09:46:02.804+0000] {dag.py:3823} INFO - Setting next_dagrun for example_setup_teardown to 2026-07-06 00:00:00+00:00, run_after=2026-07-07 00:00:00+00:00
[2026-07-07T09:46:02.871+0000] {processor.py:183} INFO - Processing /home/airflow/.local/lib/python3.8/site-packages/airflow/example_dags/example_setup_teardown.py took 0.343 seconds
[2026-07-07T09:46:33.239+0000] {processor.py:161} INFO - Started process (PID=7366) to work on /home/airflow/.local/lib/python3.8/site-packages/airflow/example_dags/example_setup_teardown.py
[2026-07-07T09:46:33.241+0000] {processor.py:830} INFO - Processing file /home/airflow/.local/lib/python3.8/site-packages/airflow/example_dags/example_setup_teardown.py for tasks to queue
[2026-07-07T09:46:33.246+0000] {logging_mixin.py:188} INFO - [2026-07-07T09:46:33.244+0000] {dagbag.py:538} INFO - Filling up the DagBag from /home/airflow/.local/lib/python3.8/site-packages/airflow/example_dags/example_setup_teardown.py
[2026-07-07T09:46:33.271+0000] {processor.py:840} INFO - DAG(s) 'example_setup_teardown' retrieved from /home/airflow/.local/lib/python3.8/site-packages/airflow/example_dags/example_setup_teardown.py
[2026-07-07T09:46:33.326+0000] {logging_mixin.py:188} INFO - [2026-07-07T09:46:33.325+0000] {dag.py:3036} INFO - Sync 1 DAGs
[2026-07-07T09:46:33.385+0000] {logging_mixin.py:188} INFO - [2026-07-07T09:46:33.385+0000] {dag.py:3823} INFO - Setting next_dagrun for example_setup_teardown to 2026-07-06 00:00:00+00:00, run_after=2026-07-07 00:00:00+00:00
[2026-07-07T09:46:33.430+0000] {processor.py:183} INFO - Processing /home/airflow/.local/lib/python3.8/site-packages/airflow/example_dags/example_setup_teardown.py took 0.198 seconds
