[2026-07-07T09:08:27.555+0000] {processor.py:161} INFO - Started process (PID=4152) to work on /home/airflow/.local/lib/python3.8/site-packages/airflow/example_dags/example_python_operator.py
[2026-07-07T09:08:27.577+0000] {processor.py:830} INFO - Processing file /home/airflow/.local/lib/python3.8/site-packages/airflow/example_dags/example_python_operator.py for tasks to queue
[2026-07-07T09:08:27.605+0000] {logging_mixin.py:188} INFO - [2026-07-07T09:08:27.579+0000] {dagbag.py:538} INFO - Filling up the DagBag from /home/airflow/.local/lib/python3.8/site-packages/airflow/example_dags/example_python_operator.py
[2026-07-07T09:08:28.849+0000] {processor.py:840} INFO - DAG(s) 'example_python_operator' retrieved from /home/airflow/.local/lib/python3.8/site-packages/airflow/example_dags/example_python_operator.py
[2026-07-07T09:08:30.847+0000] {logging_mixin.py:188} INFO - [2026-07-07T09:08:30.847+0000] {dag.py:3036} INFO - Sync 1 DAGs
[2026-07-07T09:08:31.671+0000] {logging_mixin.py:188} INFO - [2026-07-07T09:08:31.670+0000] {dag.py:3823} INFO - Setting next_dagrun for example_python_operator to None, run_after=None
[2026-07-07T09:08:32.040+0000] {processor.py:183} INFO - Processing /home/airflow/.local/lib/python3.8/site-packages/airflow/example_dags/example_python_operator.py took 4.530 seconds
[2026-07-07T09:09:25.117+0000] {processor.py:161} INFO - Started process (PID=4208) to work on /home/airflow/.local/lib/python3.8/site-packages/airflow/example_dags/example_python_operator.py
[2026-07-07T09:09:25.131+0000] {processor.py:830} INFO - Processing file /home/airflow/.local/lib/python3.8/site-packages/airflow/example_dags/example_python_operator.py for tasks to queue
[2026-07-07T09:09:25.133+0000] {logging_mixin.py:188} INFO - [2026-07-07T09:09:25.132+0000] {dagbag.py:538} INFO - Filling up the DagBag from /home/airflow/.local/lib/python3.8/site-packages/airflow/example_dags/example_python_operator.py
[2026-07-07T09:09:25.258+0000] {processor.py:840} INFO - DAG(s) 'example_python_operator' retrieved from /home/airflow/.local/lib/python3.8/site-packages/airflow/example_dags/example_python_operator.py
[2026-07-07T09:09:25.509+0000] {logging_mixin.py:188} INFO - [2026-07-07T09:09:25.508+0000] {dag.py:3036} INFO - Sync 1 DAGs
[2026-07-07T09:09:25.725+0000] {logging_mixin.py:188} INFO - [2026-07-07T09:09:25.712+0000] {dag.py:3823} INFO - Setting next_dagrun for example_python_operator to None, run_after=None
[2026-07-07T09:09:26.108+0000] {processor.py:183} INFO - Processing /home/airflow/.local/lib/python3.8/site-packages/airflow/example_dags/example_python_operator.py took 1.046 seconds
[2026-07-07T09:09:56.999+0000] {processor.py:161} INFO - Started process (PID=4275) to work on /home/airflow/.local/lib/python3.8/site-packages/airflow/example_dags/example_python_operator.py
[2026-07-07T09:09:57.001+0000] {processor.py:830} INFO - Processing file /home/airflow/.local/lib/python3.8/site-packages/airflow/example_dags/example_python_operator.py for tasks to queue
[2026-07-07T09:09:57.003+0000] {logging_mixin.py:188} INFO - [2026-07-07T09:09:57.002+0000] {dagbag.py:538} INFO - Filling up the DagBag from /home/airflow/.local/lib/python3.8/site-packages/airflow/example_dags/example_python_operator.py
[2026-07-07T09:09:57.025+0000] {processor.py:840} INFO - DAG(s) 'example_python_operator' retrieved from /home/airflow/.local/lib/python3.8/site-packages/airflow/example_dags/example_python_operator.py
[2026-07-07T09:09:57.077+0000] {logging_mixin.py:188} INFO - [2026-07-07T09:09:57.077+0000] {dag.py:3036} INFO - Sync 1 DAGs
[2026-07-07T09:09:57.097+0000] {logging_mixin.py:188} INFO - [2026-07-07T09:09:57.097+0000] {dag.py:3823} INFO - Setting next_dagrun for example_python_operator to None, run_after=None
[2026-07-07T09:09:57.132+0000] {processor.py:183} INFO - Processing /home/airflow/.local/lib/python3.8/site-packages/airflow/example_dags/example_python_operator.py took 0.139 seconds
[2026-07-07T09:10:27.562+0000] {processor.py:161} INFO - Started process (PID=4342) to work on /home/airflow/.local/lib/python3.8/site-packages/airflow/example_dags/example_python_operator.py
[2026-07-07T09:10:27.567+0000] {processor.py:830} INFO - Processing file /home/airflow/.local/lib/python3.8/site-packages/airflow/example_dags/example_python_operator.py for tasks to queue
[2026-07-07T09:10:27.578+0000] {logging_mixin.py:188} INFO - [2026-07-07T09:10:27.577+0000] {dagbag.py:538} INFO - Filling up the DagBag from /home/airflow/.local/lib/python3.8/site-packages/airflow/example_dags/example_python_operator.py
[2026-07-07T09:10:27.648+0000] {processor.py:840} INFO - DAG(s) 'example_python_operator' retrieved from /home/airflow/.local/lib/python3.8/site-packages/airflow/example_dags/example_python_operator.py
[2026-07-07T09:10:27.747+0000] {logging_mixin.py:188} INFO - [2026-07-07T09:10:27.747+0000] {dag.py:3036} INFO - Sync 1 DAGs
[2026-07-07T09:10:27.807+0000] {logging_mixin.py:188} INFO - [2026-07-07T09:10:27.807+0000] {dag.py:3823} INFO - Setting next_dagrun for example_python_operator to None, run_after=None
[2026-07-07T09:10:27.939+0000] {processor.py:183} INFO - Processing /home/airflow/.local/lib/python3.8/site-packages/airflow/example_dags/example_python_operator.py took 0.386 seconds
[2026-07-07T09:11:13.773+0000] {processor.py:161} INFO - Started process (PID=4407) to work on /home/airflow/.local/lib/python3.8/site-packages/airflow/example_dags/example_python_operator.py
[2026-07-07T09:11:13.815+0000] {processor.py:830} INFO - Processing file /home/airflow/.local/lib/python3.8/site-packages/airflow/example_dags/example_python_operator.py for tasks to queue
[2026-07-07T09:11:13.831+0000] {logging_mixin.py:188} INFO - [2026-07-07T09:11:13.830+0000] {dagbag.py:538} INFO - Filling up the DagBag from /home/airflow/.local/lib/python3.8/site-packages/airflow/example_dags/example_python_operator.py
[2026-07-07T09:11:14.434+0000] {processor.py:840} INFO - DAG(s) 'example_python_operator' retrieved from /home/airflow/.local/lib/python3.8/site-packages/airflow/example_dags/example_python_operator.py
[2026-07-07T09:11:15.623+0000] {logging_mixin.py:188} INFO - [2026-07-07T09:11:15.622+0000] {dag.py:3036} INFO - Sync 1 DAGs
[2026-07-07T09:11:16.011+0000] {logging_mixin.py:188} INFO - [2026-07-07T09:11:16.011+0000] {dag.py:3823} INFO - Setting next_dagrun for example_python_operator to None, run_after=None
[2026-07-07T09:11:16.713+0000] {processor.py:183} INFO - Processing /home/airflow/.local/lib/python3.8/site-packages/airflow/example_dags/example_python_operator.py took 3.026 seconds
[2026-07-07T09:16:57.932+0000] {processor.py:161} INFO - Started process (PID=4557) to work on /home/airflow/.local/lib/python3.8/site-packages/airflow/example_dags/example_python_operator.py
[2026-07-07T09:16:58.274+0000] {processor.py:830} INFO - Processing file /home/airflow/.local/lib/python3.8/site-packages/airflow/example_dags/example_python_operator.py for tasks to queue
[2026-07-07T09:16:58.651+0000] {logging_mixin.py:188} INFO - [2026-07-07T09:16:58.396+0000] {dagbag.py:538} INFO - Filling up the DagBag from /home/airflow/.local/lib/python3.8/site-packages/airflow/example_dags/example_python_operator.py
[2026-07-07T09:17:01.940+0000] {processor.py:840} INFO - DAG(s) 'example_python_operator' retrieved from /home/airflow/.local/lib/python3.8/site-packages/airflow/example_dags/example_python_operator.py
[2026-07-07T09:17:06.776+0000] {logging_mixin.py:188} INFO - [2026-07-07T09:17:06.775+0000] {dag.py:3036} INFO - Sync 1 DAGs
[2026-07-07T09:17:07.662+0000] {logging_mixin.py:188} INFO - [2026-07-07T09:17:07.661+0000] {dag.py:3823} INFO - Setting next_dagrun for example_python_operator to None, run_after=None
[2026-07-07T09:17:07.807+0000] {processor.py:183} INFO - Processing /home/airflow/.local/lib/python3.8/site-packages/airflow/example_dags/example_python_operator.py took 14.444 seconds
[2026-07-07T09:22:10.175+0000] {processor.py:161} INFO - Started process (PID=4707) to work on /home/airflow/.local/lib/python3.8/site-packages/airflow/example_dags/example_python_operator.py
[2026-07-07T09:22:10.223+0000] {processor.py:830} INFO - Processing file /home/airflow/.local/lib/python3.8/site-packages/airflow/example_dags/example_python_operator.py for tasks to queue
[2026-07-07T09:22:10.250+0000] {logging_mixin.py:188} INFO - [2026-07-07T09:22:10.235+0000] {dagbag.py:538} INFO - Filling up the DagBag from /home/airflow/.local/lib/python3.8/site-packages/airflow/example_dags/example_python_operator.py
[2026-07-07T09:22:11.274+0000] {processor.py:840} INFO - DAG(s) 'example_python_operator' retrieved from /home/airflow/.local/lib/python3.8/site-packages/airflow/example_dags/example_python_operator.py
[2026-07-07T09:22:12.409+0000] {logging_mixin.py:188} INFO - [2026-07-07T09:22:12.404+0000] {dag.py:3036} INFO - Sync 1 DAGs
[2026-07-07T09:22:12.683+0000] {logging_mixin.py:188} INFO - [2026-07-07T09:22:12.682+0000] {dag.py:3823} INFO - Setting next_dagrun for example_python_operator to None, run_after=None
[2026-07-07T09:22:13.136+0000] {processor.py:183} INFO - Processing /home/airflow/.local/lib/python3.8/site-packages/airflow/example_dags/example_python_operator.py took 3.097 seconds
[2026-07-07T09:24:48.254+0000] {processor.py:161} INFO - Started process (PID=4800) to work on /home/airflow/.local/lib/python3.8/site-packages/airflow/example_dags/example_python_operator.py
[2026-07-07T09:24:48.396+0000] {processor.py:830} INFO - Processing file /home/airflow/.local/lib/python3.8/site-packages/airflow/example_dags/example_python_operator.py for tasks to queue
[2026-07-07T09:24:48.432+0000] {logging_mixin.py:188} INFO - [2026-07-07T09:24:48.431+0000] {dagbag.py:538} INFO - Filling up the DagBag from /home/airflow/.local/lib/python3.8/site-packages/airflow/example_dags/example_python_operator.py
[2026-07-07T09:24:49.545+0000] {processor.py:840} INFO - DAG(s) 'example_python_operator' retrieved from /home/airflow/.local/lib/python3.8/site-packages/airflow/example_dags/example_python_operator.py
[2026-07-07T09:24:50.463+0000] {logging_mixin.py:188} INFO - [2026-07-07T09:24:50.446+0000] {dag.py:3036} INFO - Sync 1 DAGs
[2026-07-07T09:24:50.937+0000] {logging_mixin.py:188} INFO - [2026-07-07T09:24:50.936+0000] {dag.py:3823} INFO - Setting next_dagrun for example_python_operator to None, run_after=None
[2026-07-07T09:24:51.559+0000] {processor.py:183} INFO - Processing /home/airflow/.local/lib/python3.8/site-packages/airflow/example_dags/example_python_operator.py took 4.112 seconds
[2026-07-07T09:26:09.207+0000] {processor.py:161} INFO - Started process (PID=4873) to work on /home/airflow/.local/lib/python3.8/site-packages/airflow/example_dags/example_python_operator.py
[2026-07-07T09:26:09.237+0000] {processor.py:830} INFO - Processing file /home/airflow/.local/lib/python3.8/site-packages/airflow/example_dags/example_python_operator.py for tasks to queue
[2026-07-07T09:26:09.244+0000] {logging_mixin.py:188} INFO - [2026-07-07T09:26:09.238+0000] {dagbag.py:538} INFO - Filling up the DagBag from /home/airflow/.local/lib/python3.8/site-packages/airflow/example_dags/example_python_operator.py
[2026-07-07T09:26:09.341+0000] {processor.py:840} INFO - DAG(s) 'example_python_operator' retrieved from /home/airflow/.local/lib/python3.8/site-packages/airflow/example_dags/example_python_operator.py
[2026-07-07T09:26:09.573+0000] {logging_mixin.py:188} INFO - [2026-07-07T09:26:09.572+0000] {dag.py:3036} INFO - Sync 1 DAGs
[2026-07-07T09:26:09.669+0000] {logging_mixin.py:188} INFO - [2026-07-07T09:26:09.668+0000] {dag.py:3823} INFO - Setting next_dagrun for example_python_operator to None, run_after=None
[2026-07-07T09:26:09.791+0000] {processor.py:183} INFO - Processing /home/airflow/.local/lib/python3.8/site-packages/airflow/example_dags/example_python_operator.py took 0.626 seconds
[2026-07-07T09:26:42.609+0000] {processor.py:161} INFO - Started process (PID=4940) to work on /home/airflow/.local/lib/python3.8/site-packages/airflow/example_dags/example_python_operator.py
[2026-07-07T09:26:42.611+0000] {processor.py:830} INFO - Processing file /home/airflow/.local/lib/python3.8/site-packages/airflow/example_dags/example_python_operator.py for tasks to queue
[2026-07-07T09:26:42.616+0000] {logging_mixin.py:188} INFO - [2026-07-07T09:26:42.615+0000] {dagbag.py:538} INFO - Filling up the DagBag from /home/airflow/.local/lib/python3.8/site-packages/airflow/example_dags/example_python_operator.py
[2026-07-07T09:26:42.661+0000] {processor.py:840} INFO - DAG(s) 'example_python_operator' retrieved from /home/airflow/.local/lib/python3.8/site-packages/airflow/example_dags/example_python_operator.py
[2026-07-07T09:26:42.747+0000] {logging_mixin.py:188} INFO - [2026-07-07T09:26:42.747+0000] {dag.py:3036} INFO - Sync 1 DAGs
[2026-07-07T09:26:42.793+0000] {logging_mixin.py:188} INFO - [2026-07-07T09:26:42.793+0000] {dag.py:3823} INFO - Setting next_dagrun for example_python_operator to None, run_after=None
[2026-07-07T09:26:42.866+0000] {processor.py:183} INFO - Processing /home/airflow/.local/lib/python3.8/site-packages/airflow/example_dags/example_python_operator.py took 0.276 seconds
[2026-07-07T09:27:15.366+0000] {processor.py:161} INFO - Started process (PID=4997) to work on /home/airflow/.local/lib/python3.8/site-packages/airflow/example_dags/example_python_operator.py
[2026-07-07T09:27:15.376+0000] {processor.py:830} INFO - Processing file /home/airflow/.local/lib/python3.8/site-packages/airflow/example_dags/example_python_operator.py for tasks to queue
[2026-07-07T09:27:15.380+0000] {logging_mixin.py:188} INFO - [2026-07-07T09:27:15.378+0000] {dagbag.py:538} INFO - Filling up the DagBag from /home/airflow/.local/lib/python3.8/site-packages/airflow/example_dags/example_python_operator.py
[2026-07-07T09:27:15.425+0000] {processor.py:840} INFO - DAG(s) 'example_python_operator' retrieved from /home/airflow/.local/lib/python3.8/site-packages/airflow/example_dags/example_python_operator.py
[2026-07-07T09:27:15.525+0000] {logging_mixin.py:188} INFO - [2026-07-07T09:27:15.524+0000] {dag.py:3036} INFO - Sync 1 DAGs
[2026-07-07T09:27:15.589+0000] {logging_mixin.py:188} INFO - [2026-07-07T09:27:15.589+0000] {dag.py:3823} INFO - Setting next_dagrun for example_python_operator to None, run_after=None
[2026-07-07T09:27:15.664+0000] {processor.py:183} INFO - Processing /home/airflow/.local/lib/python3.8/site-packages/airflow/example_dags/example_python_operator.py took 0.316 seconds
[2026-07-07T09:27:47.829+0000] {processor.py:161} INFO - Started process (PID=5064) to work on /home/airflow/.local/lib/python3.8/site-packages/airflow/example_dags/example_python_operator.py
[2026-07-07T09:27:47.841+0000] {processor.py:830} INFO - Processing file /home/airflow/.local/lib/python3.8/site-packages/airflow/example_dags/example_python_operator.py for tasks to queue
[2026-07-07T09:27:47.854+0000] {logging_mixin.py:188} INFO - [2026-07-07T09:27:47.853+0000] {dagbag.py:538} INFO - Filling up the DagBag from /home/airflow/.local/lib/python3.8/site-packages/airflow/example_dags/example_python_operator.py
[2026-07-07T09:27:47.939+0000] {processor.py:840} INFO - DAG(s) 'example_python_operator' retrieved from /home/airflow/.local/lib/python3.8/site-packages/airflow/example_dags/example_python_operator.py
[2026-07-07T09:27:48.051+0000] {logging_mixin.py:188} INFO - [2026-07-07T09:27:48.050+0000] {dag.py:3036} INFO - Sync 1 DAGs
[2026-07-07T09:27:48.110+0000] {logging_mixin.py:188} INFO - [2026-07-07T09:27:48.109+0000] {dag.py:3823} INFO - Setting next_dagrun for example_python_operator to None, run_after=None
[2026-07-07T09:27:48.205+0000] {processor.py:183} INFO - Processing /home/airflow/.local/lib/python3.8/site-packages/airflow/example_dags/example_python_operator.py took 0.418 seconds
[2026-07-07T09:28:26.613+0000] {processor.py:161} INFO - Started process (PID=5130) to work on /home/airflow/.local/lib/python3.8/site-packages/airflow/example_dags/example_python_operator.py
[2026-07-07T09:28:26.617+0000] {processor.py:830} INFO - Processing file /home/airflow/.local/lib/python3.8/site-packages/airflow/example_dags/example_python_operator.py for tasks to queue
[2026-07-07T09:28:26.624+0000] {logging_mixin.py:188} INFO - [2026-07-07T09:28:26.621+0000] {dagbag.py:538} INFO - Filling up the DagBag from /home/airflow/.local/lib/python3.8/site-packages/airflow/example_dags/example_python_operator.py
[2026-07-07T09:28:26.684+0000] {processor.py:840} INFO - DAG(s) 'example_python_operator' retrieved from /home/airflow/.local/lib/python3.8/site-packages/airflow/example_dags/example_python_operator.py
[2026-07-07T09:28:26.850+0000] {logging_mixin.py:188} INFO - [2026-07-07T09:28:26.849+0000] {dag.py:3036} INFO - Sync 1 DAGs
[2026-07-07T09:28:26.960+0000] {logging_mixin.py:188} INFO - [2026-07-07T09:28:26.959+0000] {dag.py:3823} INFO - Setting next_dagrun for example_python_operator to None, run_after=None
[2026-07-07T09:28:27.257+0000] {processor.py:183} INFO - Processing /home/airflow/.local/lib/python3.8/site-packages/airflow/example_dags/example_python_operator.py took 0.664 seconds
[2026-07-07T09:28:57.669+0000] {processor.py:161} INFO - Started process (PID=5188) to work on /home/airflow/.local/lib/python3.8/site-packages/airflow/example_dags/example_python_operator.py
[2026-07-07T09:28:57.672+0000] {processor.py:830} INFO - Processing file /home/airflow/.local/lib/python3.8/site-packages/airflow/example_dags/example_python_operator.py for tasks to queue
[2026-07-07T09:28:57.675+0000] {logging_mixin.py:188} INFO - [2026-07-07T09:28:57.674+0000] {dagbag.py:538} INFO - Filling up the DagBag from /home/airflow/.local/lib/python3.8/site-packages/airflow/example_dags/example_python_operator.py
[2026-07-07T09:28:57.737+0000] {processor.py:840} INFO - DAG(s) 'example_python_operator' retrieved from /home/airflow/.local/lib/python3.8/site-packages/airflow/example_dags/example_python_operator.py
[2026-07-07T09:28:57.918+0000] {logging_mixin.py:188} INFO - [2026-07-07T09:28:57.917+0000] {dag.py:3036} INFO - Sync 1 DAGs
[2026-07-07T09:28:57.991+0000] {logging_mixin.py:188} INFO - [2026-07-07T09:28:57.991+0000] {dag.py:3823} INFO - Setting next_dagrun for example_python_operator to None, run_after=None
[2026-07-07T09:28:58.153+0000] {processor.py:183} INFO - Processing /home/airflow/.local/lib/python3.8/site-packages/airflow/example_dags/example_python_operator.py took 0.501 seconds
[2026-07-07T09:29:29.114+0000] {processor.py:161} INFO - Started process (PID=5256) to work on /home/airflow/.local/lib/python3.8/site-packages/airflow/example_dags/example_python_operator.py
[2026-07-07T09:29:29.118+0000] {processor.py:830} INFO - Processing file /home/airflow/.local/lib/python3.8/site-packages/airflow/example_dags/example_python_operator.py for tasks to queue
[2026-07-07T09:29:29.121+0000] {logging_mixin.py:188} INFO - [2026-07-07T09:29:29.120+0000] {dagbag.py:538} INFO - Filling up the DagBag from /home/airflow/.local/lib/python3.8/site-packages/airflow/example_dags/example_python_operator.py
[2026-07-07T09:29:29.178+0000] {processor.py:840} INFO - DAG(s) 'example_python_operator' retrieved from /home/airflow/.local/lib/python3.8/site-packages/airflow/example_dags/example_python_operator.py
[2026-07-07T09:29:29.359+0000] {logging_mixin.py:188} INFO - [2026-07-07T09:29:29.359+0000] {dag.py:3036} INFO - Sync 1 DAGs
[2026-07-07T09:29:29.466+0000] {logging_mixin.py:188} INFO - [2026-07-07T09:29:29.464+0000] {dag.py:3823} INFO - Setting next_dagrun for example_python_operator to None, run_after=None
[2026-07-07T09:29:29.548+0000] {processor.py:183} INFO - Processing /home/airflow/.local/lib/python3.8/site-packages/airflow/example_dags/example_python_operator.py took 0.451 seconds
[2026-07-07T09:29:59.700+0000] {processor.py:161} INFO - Started process (PID=5315) to work on /home/airflow/.local/lib/python3.8/site-packages/airflow/example_dags/example_python_operator.py
[2026-07-07T09:29:59.714+0000] {processor.py:830} INFO - Processing file /home/airflow/.local/lib/python3.8/site-packages/airflow/example_dags/example_python_operator.py for tasks to queue
[2026-07-07T09:29:59.717+0000] {logging_mixin.py:188} INFO - [2026-07-07T09:29:59.716+0000] {dagbag.py:538} INFO - Filling up the DagBag from /home/airflow/.local/lib/python3.8/site-packages/airflow/example_dags/example_python_operator.py
[2026-07-07T09:29:59.787+0000] {processor.py:840} INFO - DAG(s) 'example_python_operator' retrieved from /home/airflow/.local/lib/python3.8/site-packages/airflow/example_dags/example_python_operator.py
[2026-07-07T09:29:59.927+0000] {logging_mixin.py:188} INFO - [2026-07-07T09:29:59.926+0000] {dag.py:3036} INFO - Sync 1 DAGs
[2026-07-07T09:29:59.983+0000] {logging_mixin.py:188} INFO - [2026-07-07T09:29:59.982+0000] {dag.py:3823} INFO - Setting next_dagrun for example_python_operator to None, run_after=None
[2026-07-07T09:30:00.126+0000] {processor.py:183} INFO - Processing /home/airflow/.local/lib/python3.8/site-packages/airflow/example_dags/example_python_operator.py took 0.439 seconds
[2026-07-07T09:30:30.445+0000] {processor.py:161} INFO - Started process (PID=5381) to work on /home/airflow/.local/lib/python3.8/site-packages/airflow/example_dags/example_python_operator.py
[2026-07-07T09:30:30.452+0000] {processor.py:830} INFO - Processing file /home/airflow/.local/lib/python3.8/site-packages/airflow/example_dags/example_python_operator.py for tasks to queue
[2026-07-07T09:30:30.454+0000] {logging_mixin.py:188} INFO - [2026-07-07T09:30:30.453+0000] {dagbag.py:538} INFO - Filling up the DagBag from /home/airflow/.local/lib/python3.8/site-packages/airflow/example_dags/example_python_operator.py
[2026-07-07T09:30:30.543+0000] {processor.py:840} INFO - DAG(s) 'example_python_operator' retrieved from /home/airflow/.local/lib/python3.8/site-packages/airflow/example_dags/example_python_operator.py
[2026-07-07T09:30:30.682+0000] {logging_mixin.py:188} INFO - [2026-07-07T09:30:30.681+0000] {dag.py:3036} INFO - Sync 1 DAGs
[2026-07-07T09:30:30.779+0000] {logging_mixin.py:188} INFO - [2026-07-07T09:30:30.779+0000] {dag.py:3823} INFO - Setting next_dagrun for example_python_operator to None, run_after=None
[2026-07-07T09:30:30.881+0000] {processor.py:183} INFO - Processing /home/airflow/.local/lib/python3.8/site-packages/airflow/example_dags/example_python_operator.py took 0.457 seconds
[2026-07-07T09:31:12.870+0000] {processor.py:161} INFO - Started process (PID=5444) to work on /home/airflow/.local/lib/python3.8/site-packages/airflow/example_dags/example_python_operator.py
[2026-07-07T09:31:12.903+0000] {processor.py:830} INFO - Processing file /home/airflow/.local/lib/python3.8/site-packages/airflow/example_dags/example_python_operator.py for tasks to queue
[2026-07-07T09:31:12.920+0000] {logging_mixin.py:188} INFO - [2026-07-07T09:31:12.919+0000] {dagbag.py:538} INFO - Filling up the DagBag from /home/airflow/.local/lib/python3.8/site-packages/airflow/example_dags/example_python_operator.py
[2026-07-07T09:31:13.082+0000] {processor.py:840} INFO - DAG(s) 'example_python_operator' retrieved from /home/airflow/.local/lib/python3.8/site-packages/airflow/example_dags/example_python_operator.py
[2026-07-07T09:31:13.588+0000] {logging_mixin.py:188} INFO - [2026-07-07T09:31:13.587+0000] {dag.py:3036} INFO - Sync 1 DAGs
[2026-07-07T09:31:13.688+0000] {logging_mixin.py:188} INFO - [2026-07-07T09:31:13.676+0000] {dag.py:3823} INFO - Setting next_dagrun for example_python_operator to None, run_after=None
[2026-07-07T09:31:13.846+0000] {processor.py:183} INFO - Processing /home/airflow/.local/lib/python3.8/site-packages/airflow/example_dags/example_python_operator.py took 1.035 seconds
[2026-07-07T09:31:47.514+0000] {processor.py:161} INFO - Started process (PID=5509) to work on /home/airflow/.local/lib/python3.8/site-packages/airflow/example_dags/example_python_operator.py
[2026-07-07T09:31:47.517+0000] {processor.py:830} INFO - Processing file /home/airflow/.local/lib/python3.8/site-packages/airflow/example_dags/example_python_operator.py for tasks to queue
[2026-07-07T09:31:47.519+0000] {logging_mixin.py:188} INFO - [2026-07-07T09:31:47.518+0000] {dagbag.py:538} INFO - Filling up the DagBag from /home/airflow/.local/lib/python3.8/site-packages/airflow/example_dags/example_python_operator.py
[2026-07-07T09:31:47.697+0000] {processor.py:840} INFO - DAG(s) 'example_python_operator' retrieved from /home/airflow/.local/lib/python3.8/site-packages/airflow/example_dags/example_python_operator.py
[2026-07-07T09:31:47.948+0000] {logging_mixin.py:188} INFO - [2026-07-07T09:31:47.948+0000] {dag.py:3036} INFO - Sync 1 DAGs
[2026-07-07T09:31:48.039+0000] {logging_mixin.py:188} INFO - [2026-07-07T09:31:48.039+0000] {dag.py:3823} INFO - Setting next_dagrun for example_python_operator to None, run_after=None
[2026-07-07T09:31:48.218+0000] {processor.py:183} INFO - Processing /home/airflow/.local/lib/python3.8/site-packages/airflow/example_dags/example_python_operator.py took 0.788 seconds
[2026-07-07T09:32:19.079+0000] {processor.py:161} INFO - Started process (PID=5568) to work on /home/airflow/.local/lib/python3.8/site-packages/airflow/example_dags/example_python_operator.py
[2026-07-07T09:32:19.081+0000] {processor.py:830} INFO - Processing file /home/airflow/.local/lib/python3.8/site-packages/airflow/example_dags/example_python_operator.py for tasks to queue
[2026-07-07T09:32:19.083+0000] {logging_mixin.py:188} INFO - [2026-07-07T09:32:19.083+0000] {dagbag.py:538} INFO - Filling up the DagBag from /home/airflow/.local/lib/python3.8/site-packages/airflow/example_dags/example_python_operator.py
[2026-07-07T09:32:19.117+0000] {processor.py:840} INFO - DAG(s) 'example_python_operator' retrieved from /home/airflow/.local/lib/python3.8/site-packages/airflow/example_dags/example_python_operator.py
[2026-07-07T09:32:19.231+0000] {logging_mixin.py:188} INFO - [2026-07-07T09:32:19.231+0000] {dag.py:3036} INFO - Sync 1 DAGs
[2026-07-07T09:32:19.278+0000] {logging_mixin.py:188} INFO - [2026-07-07T09:32:19.277+0000] {dag.py:3823} INFO - Setting next_dagrun for example_python_operator to None, run_after=None
[2026-07-07T09:32:19.344+0000] {processor.py:183} INFO - Processing /home/airflow/.local/lib/python3.8/site-packages/airflow/example_dags/example_python_operator.py took 0.273 seconds
[2026-07-07T09:32:49.640+0000] {processor.py:161} INFO - Started process (PID=5636) to work on /home/airflow/.local/lib/python3.8/site-packages/airflow/example_dags/example_python_operator.py
[2026-07-07T09:32:49.644+0000] {processor.py:830} INFO - Processing file /home/airflow/.local/lib/python3.8/site-packages/airflow/example_dags/example_python_operator.py for tasks to queue
[2026-07-07T09:32:49.648+0000] {logging_mixin.py:188} INFO - [2026-07-07T09:32:49.647+0000] {dagbag.py:538} INFO - Filling up the DagBag from /home/airflow/.local/lib/python3.8/site-packages/airflow/example_dags/example_python_operator.py
[2026-07-07T09:32:49.687+0000] {processor.py:840} INFO - DAG(s) 'example_python_operator' retrieved from /home/airflow/.local/lib/python3.8/site-packages/airflow/example_dags/example_python_operator.py
[2026-07-07T09:32:49.780+0000] {logging_mixin.py:188} INFO - [2026-07-07T09:32:49.779+0000] {dag.py:3036} INFO - Sync 1 DAGs
[2026-07-07T09:32:49.817+0000] {logging_mixin.py:188} INFO - [2026-07-07T09:32:49.816+0000] {dag.py:3823} INFO - Setting next_dagrun for example_python_operator to None, run_after=None
[2026-07-07T09:32:49.903+0000] {processor.py:183} INFO - Processing /home/airflow/.local/lib/python3.8/site-packages/airflow/example_dags/example_python_operator.py took 0.274 seconds
[2026-07-07T09:33:20.349+0000] {processor.py:161} INFO - Started process (PID=5694) to work on /home/airflow/.local/lib/python3.8/site-packages/airflow/example_dags/example_python_operator.py
[2026-07-07T09:33:20.353+0000] {processor.py:830} INFO - Processing file /home/airflow/.local/lib/python3.8/site-packages/airflow/example_dags/example_python_operator.py for tasks to queue
[2026-07-07T09:33:20.357+0000] {logging_mixin.py:188} INFO - [2026-07-07T09:33:20.356+0000] {dagbag.py:538} INFO - Filling up the DagBag from /home/airflow/.local/lib/python3.8/site-packages/airflow/example_dags/example_python_operator.py
[2026-07-07T09:33:20.433+0000] {processor.py:840} INFO - DAG(s) 'example_python_operator' retrieved from /home/airflow/.local/lib/python3.8/site-packages/airflow/example_dags/example_python_operator.py
[2026-07-07T09:33:20.546+0000] {logging_mixin.py:188} INFO - [2026-07-07T09:33:20.545+0000] {dag.py:3036} INFO - Sync 1 DAGs
[2026-07-07T09:33:20.606+0000] {logging_mixin.py:188} INFO - [2026-07-07T09:33:20.605+0000] {dag.py:3823} INFO - Setting next_dagrun for example_python_operator to None, run_after=None
[2026-07-07T09:33:20.655+0000] {processor.py:183} INFO - Processing /home/airflow/.local/lib/python3.8/site-packages/airflow/example_dags/example_python_operator.py took 0.330 seconds
[2026-07-07T09:33:50.964+0000] {processor.py:161} INFO - Started process (PID=5762) to work on /home/airflow/.local/lib/python3.8/site-packages/airflow/example_dags/example_python_operator.py
[2026-07-07T09:33:50.971+0000] {processor.py:830} INFO - Processing file /home/airflow/.local/lib/python3.8/site-packages/airflow/example_dags/example_python_operator.py for tasks to queue
[2026-07-07T09:33:50.973+0000] {logging_mixin.py:188} INFO - [2026-07-07T09:33:50.972+0000] {dagbag.py:538} INFO - Filling up the DagBag from /home/airflow/.local/lib/python3.8/site-packages/airflow/example_dags/example_python_operator.py
[2026-07-07T09:33:50.999+0000] {processor.py:840} INFO - DAG(s) 'example_python_operator' retrieved from /home/airflow/.local/lib/python3.8/site-packages/airflow/example_dags/example_python_operator.py
[2026-07-07T09:33:51.062+0000] {logging_mixin.py:188} INFO - [2026-07-07T09:33:51.062+0000] {dag.py:3036} INFO - Sync 1 DAGs
[2026-07-07T09:33:51.094+0000] {logging_mixin.py:188} INFO - [2026-07-07T09:33:51.094+0000] {dag.py:3823} INFO - Setting next_dagrun for example_python_operator to None, run_after=None
[2026-07-07T09:33:51.148+0000] {processor.py:183} INFO - Processing /home/airflow/.local/lib/python3.8/site-packages/airflow/example_dags/example_python_operator.py took 0.192 seconds
[2026-07-07T09:34:21.814+0000] {processor.py:161} INFO - Started process (PID=5829) to work on /home/airflow/.local/lib/python3.8/site-packages/airflow/example_dags/example_python_operator.py
[2026-07-07T09:34:21.819+0000] {processor.py:830} INFO - Processing file /home/airflow/.local/lib/python3.8/site-packages/airflow/example_dags/example_python_operator.py for tasks to queue
[2026-07-07T09:34:21.822+0000] {logging_mixin.py:188} INFO - [2026-07-07T09:34:21.821+0000] {dagbag.py:538} INFO - Filling up the DagBag from /home/airflow/.local/lib/python3.8/site-packages/airflow/example_dags/example_python_operator.py
[2026-07-07T09:34:21.863+0000] {processor.py:840} INFO - DAG(s) 'example_python_operator' retrieved from /home/airflow/.local/lib/python3.8/site-packages/airflow/example_dags/example_python_operator.py
[2026-07-07T09:34:21.930+0000] {logging_mixin.py:188} INFO - [2026-07-07T09:34:21.929+0000] {dag.py:3036} INFO - Sync 1 DAGs
[2026-07-07T09:34:21.977+0000] {logging_mixin.py:188} INFO - [2026-07-07T09:34:21.976+0000] {dag.py:3823} INFO - Setting next_dagrun for example_python_operator to None, run_after=None
[2026-07-07T09:34:22.045+0000] {processor.py:183} INFO - Processing /home/airflow/.local/lib/python3.8/site-packages/airflow/example_dags/example_python_operator.py took 0.246 seconds
[2026-07-07T09:34:52.484+0000] {processor.py:161} INFO - Started process (PID=5896) to work on /home/airflow/.local/lib/python3.8/site-packages/airflow/example_dags/example_python_operator.py
[2026-07-07T09:34:52.488+0000] {processor.py:830} INFO - Processing file /home/airflow/.local/lib/python3.8/site-packages/airflow/example_dags/example_python_operator.py for tasks to queue
[2026-07-07T09:34:52.491+0000] {logging_mixin.py:188} INFO - [2026-07-07T09:34:52.490+0000] {dagbag.py:538} INFO - Filling up the DagBag from /home/airflow/.local/lib/python3.8/site-packages/airflow/example_dags/example_python_operator.py
[2026-07-07T09:34:52.533+0000] {processor.py:840} INFO - DAG(s) 'example_python_operator' retrieved from /home/airflow/.local/lib/python3.8/site-packages/airflow/example_dags/example_python_operator.py
[2026-07-07T09:34:52.616+0000] {logging_mixin.py:188} INFO - [2026-07-07T09:34:52.615+0000] {dag.py:3036} INFO - Sync 1 DAGs
[2026-07-07T09:34:52.679+0000] {logging_mixin.py:188} INFO - [2026-07-07T09:34:52.677+0000] {dag.py:3823} INFO - Setting next_dagrun for example_python_operator to None, run_after=None
[2026-07-07T09:34:52.758+0000] {processor.py:183} INFO - Processing /home/airflow/.local/lib/python3.8/site-packages/airflow/example_dags/example_python_operator.py took 0.286 seconds
[2026-07-07T09:35:23.565+0000] {processor.py:161} INFO - Started process (PID=5955) to work on /home/airflow/.local/lib/python3.8/site-packages/airflow/example_dags/example_python_operator.py
[2026-07-07T09:35:23.568+0000] {processor.py:830} INFO - Processing file /home/airflow/.local/lib/python3.8/site-packages/airflow/example_dags/example_python_operator.py for tasks to queue
[2026-07-07T09:35:23.570+0000] {logging_mixin.py:188} INFO - [2026-07-07T09:35:23.569+0000] {dagbag.py:538} INFO - Filling up the DagBag from /home/airflow/.local/lib/python3.8/site-packages/airflow/example_dags/example_python_operator.py
[2026-07-07T09:35:23.610+0000] {processor.py:840} INFO - DAG(s) 'example_python_operator' retrieved from /home/airflow/.local/lib/python3.8/site-packages/airflow/example_dags/example_python_operator.py
[2026-07-07T09:35:23.697+0000] {logging_mixin.py:188} INFO - [2026-07-07T09:35:23.696+0000] {dag.py:3036} INFO - Sync 1 DAGs
[2026-07-07T09:35:23.761+0000] {logging_mixin.py:188} INFO - [2026-07-07T09:35:23.761+0000] {dag.py:3823} INFO - Setting next_dagrun for example_python_operator to None, run_after=None
[2026-07-07T09:35:23.891+0000] {processor.py:183} INFO - Processing /home/airflow/.local/lib/python3.8/site-packages/airflow/example_dags/example_python_operator.py took 0.340 seconds
[2026-07-07T09:35:56.461+0000] {processor.py:161} INFO - Started process (PID=6027) to work on /home/airflow/.local/lib/python3.8/site-packages/airflow/example_dags/example_python_operator.py
[2026-07-07T09:35:56.468+0000] {processor.py:830} INFO - Processing file /home/airflow/.local/lib/python3.8/site-packages/airflow/example_dags/example_python_operator.py for tasks to queue
[2026-07-07T09:35:56.471+0000] {logging_mixin.py:188} INFO - [2026-07-07T09:35:56.470+0000] {dagbag.py:538} INFO - Filling up the DagBag from /home/airflow/.local/lib/python3.8/site-packages/airflow/example_dags/example_python_operator.py
[2026-07-07T09:35:56.525+0000] {processor.py:840} INFO - DAG(s) 'example_python_operator' retrieved from /home/airflow/.local/lib/python3.8/site-packages/airflow/example_dags/example_python_operator.py
[2026-07-07T09:35:56.609+0000] {logging_mixin.py:188} INFO - [2026-07-07T09:35:56.608+0000] {dag.py:3036} INFO - Sync 1 DAGs
[2026-07-07T09:35:56.647+0000] {logging_mixin.py:188} INFO - [2026-07-07T09:35:56.647+0000] {dag.py:3823} INFO - Setting next_dagrun for example_python_operator to None, run_after=None
[2026-07-07T09:35:56.715+0000] {processor.py:183} INFO - Processing /home/airflow/.local/lib/python3.8/site-packages/airflow/example_dags/example_python_operator.py took 0.268 seconds
[2026-07-07T09:36:28.938+0000] {processor.py:161} INFO - Started process (PID=6095) to work on /home/airflow/.local/lib/python3.8/site-packages/airflow/example_dags/example_python_operator.py
[2026-07-07T09:36:28.955+0000] {processor.py:830} INFO - Processing file /home/airflow/.local/lib/python3.8/site-packages/airflow/example_dags/example_python_operator.py for tasks to queue
[2026-07-07T09:36:28.963+0000] {logging_mixin.py:188} INFO - [2026-07-07T09:36:28.962+0000] {dagbag.py:538} INFO - Filling up the DagBag from /home/airflow/.local/lib/python3.8/site-packages/airflow/example_dags/example_python_operator.py
[2026-07-07T09:36:29.072+0000] {processor.py:840} INFO - DAG(s) 'example_python_operator' retrieved from /home/airflow/.local/lib/python3.8/site-packages/airflow/example_dags/example_python_operator.py
[2026-07-07T09:36:29.201+0000] {logging_mixin.py:188} INFO - [2026-07-07T09:36:29.200+0000] {dag.py:3036} INFO - Sync 1 DAGs
[2026-07-07T09:36:29.325+0000] {logging_mixin.py:188} INFO - [2026-07-07T09:36:29.324+0000] {dag.py:3823} INFO - Setting next_dagrun for example_python_operator to None, run_after=None
[2026-07-07T09:36:29.431+0000] {processor.py:183} INFO - Processing /home/airflow/.local/lib/python3.8/site-packages/airflow/example_dags/example_python_operator.py took 0.519 seconds
[2026-07-07T09:37:00.879+0000] {processor.py:161} INFO - Started process (PID=6155) to work on /home/airflow/.local/lib/python3.8/site-packages/airflow/example_dags/example_python_operator.py
[2026-07-07T09:37:00.883+0000] {processor.py:830} INFO - Processing file /home/airflow/.local/lib/python3.8/site-packages/airflow/example_dags/example_python_operator.py for tasks to queue
[2026-07-07T09:37:00.885+0000] {logging_mixin.py:188} INFO - [2026-07-07T09:37:00.884+0000] {dagbag.py:538} INFO - Filling up the DagBag from /home/airflow/.local/lib/python3.8/site-packages/airflow/example_dags/example_python_operator.py
[2026-07-07T09:37:00.922+0000] {processor.py:840} INFO - DAG(s) 'example_python_operator' retrieved from /home/airflow/.local/lib/python3.8/site-packages/airflow/example_dags/example_python_operator.py
[2026-07-07T09:37:00.989+0000] {logging_mixin.py:188} INFO - [2026-07-07T09:37:00.989+0000] {dag.py:3036} INFO - Sync 1 DAGs
[2026-07-07T09:37:01.026+0000] {logging_mixin.py:188} INFO - [2026-07-07T09:37:01.026+0000] {dag.py:3823} INFO - Setting next_dagrun for example_python_operator to None, run_after=None
[2026-07-07T09:37:01.079+0000] {processor.py:183} INFO - Processing /home/airflow/.local/lib/python3.8/site-packages/airflow/example_dags/example_python_operator.py took 0.208 seconds
[2026-07-07T09:37:32.444+0000] {processor.py:161} INFO - Started process (PID=6220) to work on /home/airflow/.local/lib/python3.8/site-packages/airflow/example_dags/example_python_operator.py
[2026-07-07T09:37:32.447+0000] {processor.py:830} INFO - Processing file /home/airflow/.local/lib/python3.8/site-packages/airflow/example_dags/example_python_operator.py for tasks to queue
[2026-07-07T09:37:32.449+0000] {logging_mixin.py:188} INFO - [2026-07-07T09:37:32.448+0000] {dagbag.py:538} INFO - Filling up the DagBag from /home/airflow/.local/lib/python3.8/site-packages/airflow/example_dags/example_python_operator.py
[2026-07-07T09:37:32.513+0000] {processor.py:840} INFO - DAG(s) 'example_python_operator' retrieved from /home/airflow/.local/lib/python3.8/site-packages/airflow/example_dags/example_python_operator.py
[2026-07-07T09:37:32.592+0000] {logging_mixin.py:188} INFO - [2026-07-07T09:37:32.591+0000] {dag.py:3036} INFO - Sync 1 DAGs
[2026-07-07T09:37:32.646+0000] {logging_mixin.py:188} INFO - [2026-07-07T09:37:32.646+0000] {dag.py:3823} INFO - Setting next_dagrun for example_python_operator to None, run_after=None
[2026-07-07T09:37:32.716+0000] {processor.py:183} INFO - Processing /home/airflow/.local/lib/python3.8/site-packages/airflow/example_dags/example_python_operator.py took 0.286 seconds
[2026-07-07T09:38:03.530+0000] {processor.py:161} INFO - Started process (PID=6285) to work on /home/airflow/.local/lib/python3.8/site-packages/airflow/example_dags/example_python_operator.py
[2026-07-07T09:38:03.534+0000] {processor.py:830} INFO - Processing file /home/airflow/.local/lib/python3.8/site-packages/airflow/example_dags/example_python_operator.py for tasks to queue
[2026-07-07T09:38:03.539+0000] {logging_mixin.py:188} INFO - [2026-07-07T09:38:03.537+0000] {dagbag.py:538} INFO - Filling up the DagBag from /home/airflow/.local/lib/python3.8/site-packages/airflow/example_dags/example_python_operator.py
[2026-07-07T09:38:03.588+0000] {processor.py:840} INFO - DAG(s) 'example_python_operator' retrieved from /home/airflow/.local/lib/python3.8/site-packages/airflow/example_dags/example_python_operator.py
[2026-07-07T09:38:03.669+0000] {logging_mixin.py:188} INFO - [2026-07-07T09:38:03.668+0000] {dag.py:3036} INFO - Sync 1 DAGs
[2026-07-07T09:38:03.814+0000] {logging_mixin.py:188} INFO - [2026-07-07T09:38:03.800+0000] {dag.py:3823} INFO - Setting next_dagrun for example_python_operator to None, run_after=None
[2026-07-07T09:38:04.013+0000] {processor.py:183} INFO - Processing /home/airflow/.local/lib/python3.8/site-packages/airflow/example_dags/example_python_operator.py took 0.517 seconds
[2026-07-07T09:38:34.193+0000] {processor.py:161} INFO - Started process (PID=6343) to work on /home/airflow/.local/lib/python3.8/site-packages/airflow/example_dags/example_python_operator.py
[2026-07-07T09:38:34.200+0000] {processor.py:830} INFO - Processing file /home/airflow/.local/lib/python3.8/site-packages/airflow/example_dags/example_python_operator.py for tasks to queue
[2026-07-07T09:38:34.210+0000] {logging_mixin.py:188} INFO - [2026-07-07T09:38:34.209+0000] {dagbag.py:538} INFO - Filling up the DagBag from /home/airflow/.local/lib/python3.8/site-packages/airflow/example_dags/example_python_operator.py
[2026-07-07T09:38:34.262+0000] {processor.py:840} INFO - DAG(s) 'example_python_operator' retrieved from /home/airflow/.local/lib/python3.8/site-packages/airflow/example_dags/example_python_operator.py
[2026-07-07T09:38:34.359+0000] {logging_mixin.py:188} INFO - [2026-07-07T09:38:34.359+0000] {dag.py:3036} INFO - Sync 1 DAGs
[2026-07-07T09:38:34.407+0000] {logging_mixin.py:188} INFO - [2026-07-07T09:38:34.406+0000] {dag.py:3823} INFO - Setting next_dagrun for example_python_operator to None, run_after=None
[2026-07-07T09:38:34.474+0000] {processor.py:183} INFO - Processing /home/airflow/.local/lib/python3.8/site-packages/airflow/example_dags/example_python_operator.py took 0.299 seconds
[2026-07-07T09:39:04.638+0000] {processor.py:161} INFO - Started process (PID=6409) to work on /home/airflow/.local/lib/python3.8/site-packages/airflow/example_dags/example_python_operator.py
[2026-07-07T09:39:04.640+0000] {processor.py:830} INFO - Processing file /home/airflow/.local/lib/python3.8/site-packages/airflow/example_dags/example_python_operator.py for tasks to queue
[2026-07-07T09:39:04.643+0000] {logging_mixin.py:188} INFO - [2026-07-07T09:39:04.642+0000] {dagbag.py:538} INFO - Filling up the DagBag from /home/airflow/.local/lib/python3.8/site-packages/airflow/example_dags/example_python_operator.py
[2026-07-07T09:39:04.674+0000] {processor.py:840} INFO - DAG(s) 'example_python_operator' retrieved from /home/airflow/.local/lib/python3.8/site-packages/airflow/example_dags/example_python_operator.py
[2026-07-07T09:39:04.738+0000] {logging_mixin.py:188} INFO - [2026-07-07T09:39:04.737+0000] {dag.py:3036} INFO - Sync 1 DAGs
[2026-07-07T09:39:04.771+0000] {logging_mixin.py:188} INFO - [2026-07-07T09:39:04.771+0000] {dag.py:3823} INFO - Setting next_dagrun for example_python_operator to None, run_after=None
[2026-07-07T09:39:04.830+0000] {processor.py:183} INFO - Processing /home/airflow/.local/lib/python3.8/site-packages/airflow/example_dags/example_python_operator.py took 0.202 seconds
[2026-07-07T09:39:34.923+0000] {processor.py:161} INFO - Started process (PID=6476) to work on /home/airflow/.local/lib/python3.8/site-packages/airflow/example_dags/example_python_operator.py
[2026-07-07T09:39:34.926+0000] {processor.py:830} INFO - Processing file /home/airflow/.local/lib/python3.8/site-packages/airflow/example_dags/example_python_operator.py for tasks to queue
[2026-07-07T09:39:34.930+0000] {logging_mixin.py:188} INFO - [2026-07-07T09:39:34.929+0000] {dagbag.py:538} INFO - Filling up the DagBag from /home/airflow/.local/lib/python3.8/site-packages/airflow/example_dags/example_python_operator.py
[2026-07-07T09:39:34.973+0000] {processor.py:840} INFO - DAG(s) 'example_python_operator' retrieved from /home/airflow/.local/lib/python3.8/site-packages/airflow/example_dags/example_python_operator.py
[2026-07-07T09:39:35.048+0000] {logging_mixin.py:188} INFO - [2026-07-07T09:39:35.047+0000] {dag.py:3036} INFO - Sync 1 DAGs
[2026-07-07T09:39:35.088+0000] {logging_mixin.py:188} INFO - [2026-07-07T09:39:35.087+0000] {dag.py:3823} INFO - Setting next_dagrun for example_python_operator to None, run_after=None
[2026-07-07T09:39:35.152+0000] {processor.py:183} INFO - Processing /home/airflow/.local/lib/python3.8/site-packages/airflow/example_dags/example_python_operator.py took 0.243 seconds
[2026-07-07T09:40:05.704+0000] {processor.py:161} INFO - Started process (PID=6545) to work on /home/airflow/.local/lib/python3.8/site-packages/airflow/example_dags/example_python_operator.py
[2026-07-07T09:40:05.706+0000] {processor.py:830} INFO - Processing file /home/airflow/.local/lib/python3.8/site-packages/airflow/example_dags/example_python_operator.py for tasks to queue
[2026-07-07T09:40:05.708+0000] {logging_mixin.py:188} INFO - [2026-07-07T09:40:05.707+0000] {dagbag.py:538} INFO - Filling up the DagBag from /home/airflow/.local/lib/python3.8/site-packages/airflow/example_dags/example_python_operator.py
[2026-07-07T09:40:05.740+0000] {processor.py:840} INFO - DAG(s) 'example_python_operator' retrieved from /home/airflow/.local/lib/python3.8/site-packages/airflow/example_dags/example_python_operator.py
[2026-07-07T09:40:05.806+0000] {logging_mixin.py:188} INFO - [2026-07-07T09:40:05.805+0000] {dag.py:3036} INFO - Sync 1 DAGs
[2026-07-07T09:40:05.836+0000] {logging_mixin.py:188} INFO - [2026-07-07T09:40:05.835+0000] {dag.py:3823} INFO - Setting next_dagrun for example_python_operator to None, run_after=None
[2026-07-07T09:40:05.877+0000] {processor.py:183} INFO - Processing /home/airflow/.local/lib/python3.8/site-packages/airflow/example_dags/example_python_operator.py took 0.181 seconds
[2026-07-07T09:40:36.337+0000] {processor.py:161} INFO - Started process (PID=6611) to work on /home/airflow/.local/lib/python3.8/site-packages/airflow/example_dags/example_python_operator.py
[2026-07-07T09:40:36.339+0000] {processor.py:830} INFO - Processing file /home/airflow/.local/lib/python3.8/site-packages/airflow/example_dags/example_python_operator.py for tasks to queue
[2026-07-07T09:40:36.342+0000] {logging_mixin.py:188} INFO - [2026-07-07T09:40:36.341+0000] {dagbag.py:538} INFO - Filling up the DagBag from /home/airflow/.local/lib/python3.8/site-packages/airflow/example_dags/example_python_operator.py
[2026-07-07T09:40:36.378+0000] {processor.py:840} INFO - DAG(s) 'example_python_operator' retrieved from /home/airflow/.local/lib/python3.8/site-packages/airflow/example_dags/example_python_operator.py
[2026-07-07T09:40:36.442+0000] {logging_mixin.py:188} INFO - [2026-07-07T09:40:36.441+0000] {dag.py:3036} INFO - Sync 1 DAGs
[2026-07-07T09:40:36.474+0000] {logging_mixin.py:188} INFO - [2026-07-07T09:40:36.473+0000] {dag.py:3823} INFO - Setting next_dagrun for example_python_operator to None, run_after=None
[2026-07-07T09:40:36.513+0000] {processor.py:183} INFO - Processing /home/airflow/.local/lib/python3.8/site-packages/airflow/example_dags/example_python_operator.py took 0.186 seconds
[2026-07-07T09:41:07.611+0000] {processor.py:161} INFO - Started process (PID=6678) to work on /home/airflow/.local/lib/python3.8/site-packages/airflow/example_dags/example_python_operator.py
[2026-07-07T09:41:07.613+0000] {processor.py:830} INFO - Processing file /home/airflow/.local/lib/python3.8/site-packages/airflow/example_dags/example_python_operator.py for tasks to queue
[2026-07-07T09:41:07.616+0000] {logging_mixin.py:188} INFO - [2026-07-07T09:41:07.615+0000] {dagbag.py:538} INFO - Filling up the DagBag from /home/airflow/.local/lib/python3.8/site-packages/airflow/example_dags/example_python_operator.py
[2026-07-07T09:41:07.661+0000] {processor.py:840} INFO - DAG(s) 'example_python_operator' retrieved from /home/airflow/.local/lib/python3.8/site-packages/airflow/example_dags/example_python_operator.py
[2026-07-07T09:41:07.732+0000] {logging_mixin.py:188} INFO - [2026-07-07T09:41:07.731+0000] {dag.py:3036} INFO - Sync 1 DAGs
[2026-07-07T09:41:07.761+0000] {logging_mixin.py:188} INFO - [2026-07-07T09:41:07.761+0000] {dag.py:3823} INFO - Setting next_dagrun for example_python_operator to None, run_after=None
[2026-07-07T09:41:07.812+0000] {processor.py:183} INFO - Processing /home/airflow/.local/lib/python3.8/site-packages/airflow/example_dags/example_python_operator.py took 0.218 seconds
[2026-07-07T09:41:38.460+0000] {processor.py:161} INFO - Started process (PID=6745) to work on /home/airflow/.local/lib/python3.8/site-packages/airflow/example_dags/example_python_operator.py
[2026-07-07T09:41:38.463+0000] {processor.py:830} INFO - Processing file /home/airflow/.local/lib/python3.8/site-packages/airflow/example_dags/example_python_operator.py for tasks to queue
[2026-07-07T09:41:38.465+0000] {logging_mixin.py:188} INFO - [2026-07-07T09:41:38.464+0000] {dagbag.py:538} INFO - Filling up the DagBag from /home/airflow/.local/lib/python3.8/site-packages/airflow/example_dags/example_python_operator.py
[2026-07-07T09:41:38.519+0000] {processor.py:840} INFO - DAG(s) 'example_python_operator' retrieved from /home/airflow/.local/lib/python3.8/site-packages/airflow/example_dags/example_python_operator.py
[2026-07-07T09:41:38.601+0000] {logging_mixin.py:188} INFO - [2026-07-07T09:41:38.600+0000] {dag.py:3036} INFO - Sync 1 DAGs
[2026-07-07T09:41:38.640+0000] {logging_mixin.py:188} INFO - [2026-07-07T09:41:38.639+0000] {dag.py:3823} INFO - Setting next_dagrun for example_python_operator to None, run_after=None
[2026-07-07T09:41:38.697+0000] {processor.py:183} INFO - Processing /home/airflow/.local/lib/python3.8/site-packages/airflow/example_dags/example_python_operator.py took 0.246 seconds
[2026-07-07T09:42:09.243+0000] {processor.py:161} INFO - Started process (PID=6811) to work on /home/airflow/.local/lib/python3.8/site-packages/airflow/example_dags/example_python_operator.py
[2026-07-07T09:42:09.249+0000] {processor.py:830} INFO - Processing file /home/airflow/.local/lib/python3.8/site-packages/airflow/example_dags/example_python_operator.py for tasks to queue
[2026-07-07T09:42:09.253+0000] {logging_mixin.py:188} INFO - [2026-07-07T09:42:09.251+0000] {dagbag.py:538} INFO - Filling up the DagBag from /home/airflow/.local/lib/python3.8/site-packages/airflow/example_dags/example_python_operator.py
[2026-07-07T09:42:09.288+0000] {processor.py:840} INFO - DAG(s) 'example_python_operator' retrieved from /home/airflow/.local/lib/python3.8/site-packages/airflow/example_dags/example_python_operator.py
[2026-07-07T09:42:09.355+0000] {logging_mixin.py:188} INFO - [2026-07-07T09:42:09.354+0000] {dag.py:3036} INFO - Sync 1 DAGs
[2026-07-07T09:42:09.385+0000] {logging_mixin.py:188} INFO - [2026-07-07T09:42:09.385+0000] {dag.py:3823} INFO - Setting next_dagrun for example_python_operator to None, run_after=None
[2026-07-07T09:42:09.435+0000] {processor.py:183} INFO - Processing /home/airflow/.local/lib/python3.8/site-packages/airflow/example_dags/example_python_operator.py took 0.211 seconds
[2026-07-07T09:42:39.960+0000] {processor.py:161} INFO - Started process (PID=6877) to work on /home/airflow/.local/lib/python3.8/site-packages/airflow/example_dags/example_python_operator.py
[2026-07-07T09:42:39.965+0000] {processor.py:830} INFO - Processing file /home/airflow/.local/lib/python3.8/site-packages/airflow/example_dags/example_python_operator.py for tasks to queue
[2026-07-07T09:42:39.968+0000] {logging_mixin.py:188} INFO - [2026-07-07T09:42:39.967+0000] {dagbag.py:538} INFO - Filling up the DagBag from /home/airflow/.local/lib/python3.8/site-packages/airflow/example_dags/example_python_operator.py
[2026-07-07T09:42:40.002+0000] {processor.py:840} INFO - DAG(s) 'example_python_operator' retrieved from /home/airflow/.local/lib/python3.8/site-packages/airflow/example_dags/example_python_operator.py
[2026-07-07T09:42:40.083+0000] {logging_mixin.py:188} INFO - [2026-07-07T09:42:40.082+0000] {dag.py:3036} INFO - Sync 1 DAGs
[2026-07-07T09:42:40.124+0000] {logging_mixin.py:188} INFO - [2026-07-07T09:42:40.123+0000] {dag.py:3823} INFO - Setting next_dagrun for example_python_operator to None, run_after=None
[2026-07-07T09:42:40.237+0000] {processor.py:183} INFO - Processing /home/airflow/.local/lib/python3.8/site-packages/airflow/example_dags/example_python_operator.py took 0.289 seconds
[2026-07-07T09:43:10.443+0000] {processor.py:161} INFO - Started process (PID=6937) to work on /home/airflow/.local/lib/python3.8/site-packages/airflow/example_dags/example_python_operator.py
[2026-07-07T09:43:10.446+0000] {processor.py:830} INFO - Processing file /home/airflow/.local/lib/python3.8/site-packages/airflow/example_dags/example_python_operator.py for tasks to queue
[2026-07-07T09:43:10.450+0000] {logging_mixin.py:188} INFO - [2026-07-07T09:43:10.449+0000] {dagbag.py:538} INFO - Filling up the DagBag from /home/airflow/.local/lib/python3.8/site-packages/airflow/example_dags/example_python_operator.py
[2026-07-07T09:43:10.474+0000] {processor.py:840} INFO - DAG(s) 'example_python_operator' retrieved from /home/airflow/.local/lib/python3.8/site-packages/airflow/example_dags/example_python_operator.py
[2026-07-07T09:43:10.518+0000] {logging_mixin.py:188} INFO - [2026-07-07T09:43:10.518+0000] {dag.py:3036} INFO - Sync 1 DAGs
[2026-07-07T09:43:10.545+0000] {logging_mixin.py:188} INFO - [2026-07-07T09:43:10.544+0000] {dag.py:3823} INFO - Setting next_dagrun for example_python_operator to None, run_after=None
[2026-07-07T09:43:10.580+0000] {processor.py:183} INFO - Processing /home/airflow/.local/lib/python3.8/site-packages/airflow/example_dags/example_python_operator.py took 0.148 seconds
[2026-07-07T09:43:41.078+0000] {processor.py:161} INFO - Started process (PID=7004) to work on /home/airflow/.local/lib/python3.8/site-packages/airflow/example_dags/example_python_operator.py
[2026-07-07T09:43:41.081+0000] {processor.py:830} INFO - Processing file /home/airflow/.local/lib/python3.8/site-packages/airflow/example_dags/example_python_operator.py for tasks to queue
[2026-07-07T09:43:41.083+0000] {logging_mixin.py:188} INFO - [2026-07-07T09:43:41.082+0000] {dagbag.py:538} INFO - Filling up the DagBag from /home/airflow/.local/lib/python3.8/site-packages/airflow/example_dags/example_python_operator.py
[2026-07-07T09:43:41.110+0000] {processor.py:840} INFO - DAG(s) 'example_python_operator' retrieved from /home/airflow/.local/lib/python3.8/site-packages/airflow/example_dags/example_python_operator.py
[2026-07-07T09:43:41.160+0000] {logging_mixin.py:188} INFO - [2026-07-07T09:43:41.159+0000] {dag.py:3036} INFO - Sync 1 DAGs
[2026-07-07T09:43:41.187+0000] {logging_mixin.py:188} INFO - [2026-07-07T09:43:41.187+0000] {dag.py:3823} INFO - Setting next_dagrun for example_python_operator to None, run_after=None
[2026-07-07T09:43:41.229+0000] {processor.py:183} INFO - Processing /home/airflow/.local/lib/python3.8/site-packages/airflow/example_dags/example_python_operator.py took 0.159 seconds
[2026-07-07T09:44:11.861+0000] {processor.py:161} INFO - Started process (PID=7069) to work on /home/airflow/.local/lib/python3.8/site-packages/airflow/example_dags/example_python_operator.py
[2026-07-07T09:44:11.865+0000] {processor.py:830} INFO - Processing file /home/airflow/.local/lib/python3.8/site-packages/airflow/example_dags/example_python_operator.py for tasks to queue
[2026-07-07T09:44:11.869+0000] {logging_mixin.py:188} INFO - [2026-07-07T09:44:11.868+0000] {dagbag.py:538} INFO - Filling up the DagBag from /home/airflow/.local/lib/python3.8/site-packages/airflow/example_dags/example_python_operator.py
[2026-07-07T09:44:11.935+0000] {processor.py:840} INFO - DAG(s) 'example_python_operator' retrieved from /home/airflow/.local/lib/python3.8/site-packages/airflow/example_dags/example_python_operator.py
[2026-07-07T09:44:12.058+0000] {logging_mixin.py:188} INFO - [2026-07-07T09:44:12.057+0000] {dag.py:3036} INFO - Sync 1 DAGs
[2026-07-07T09:44:12.121+0000] {logging_mixin.py:188} INFO - [2026-07-07T09:44:12.120+0000] {dag.py:3823} INFO - Setting next_dagrun for example_python_operator to None, run_after=None
[2026-07-07T09:44:12.206+0000] {processor.py:183} INFO - Processing /home/airflow/.local/lib/python3.8/site-packages/airflow/example_dags/example_python_operator.py took 0.360 seconds
[2026-07-07T09:44:42.723+0000] {processor.py:161} INFO - Started process (PID=7136) to work on /home/airflow/.local/lib/python3.8/site-packages/airflow/example_dags/example_python_operator.py
[2026-07-07T09:44:42.725+0000] {processor.py:830} INFO - Processing file /home/airflow/.local/lib/python3.8/site-packages/airflow/example_dags/example_python_operator.py for tasks to queue
[2026-07-07T09:44:42.727+0000] {logging_mixin.py:188} INFO - [2026-07-07T09:44:42.727+0000] {dagbag.py:538} INFO - Filling up the DagBag from /home/airflow/.local/lib/python3.8/site-packages/airflow/example_dags/example_python_operator.py
[2026-07-07T09:44:42.753+0000] {processor.py:840} INFO - DAG(s) 'example_python_operator' retrieved from /home/airflow/.local/lib/python3.8/site-packages/airflow/example_dags/example_python_operator.py
[2026-07-07T09:44:42.802+0000] {logging_mixin.py:188} INFO - [2026-07-07T09:44:42.801+0000] {dag.py:3036} INFO - Sync 1 DAGs
[2026-07-07T09:44:42.828+0000] {logging_mixin.py:188} INFO - [2026-07-07T09:44:42.827+0000] {dag.py:3823} INFO - Setting next_dagrun for example_python_operator to None, run_after=None
[2026-07-07T09:44:42.873+0000] {processor.py:183} INFO - Processing /home/airflow/.local/lib/python3.8/site-packages/airflow/example_dags/example_python_operator.py took 0.158 seconds
[2026-07-07T09:45:14.455+0000] {processor.py:161} INFO - Started process (PID=7201) to work on /home/airflow/.local/lib/python3.8/site-packages/airflow/example_dags/example_python_operator.py
[2026-07-07T09:45:14.476+0000] {processor.py:830} INFO - Processing file /home/airflow/.local/lib/python3.8/site-packages/airflow/example_dags/example_python_operator.py for tasks to queue
[2026-07-07T09:45:14.483+0000] {logging_mixin.py:188} INFO - [2026-07-07T09:45:14.480+0000] {dagbag.py:538} INFO - Filling up the DagBag from /home/airflow/.local/lib/python3.8/site-packages/airflow/example_dags/example_python_operator.py
[2026-07-07T09:45:14.588+0000] {processor.py:840} INFO - DAG(s) 'example_python_operator' retrieved from /home/airflow/.local/lib/python3.8/site-packages/airflow/example_dags/example_python_operator.py
[2026-07-07T09:45:14.750+0000] {logging_mixin.py:188} INFO - [2026-07-07T09:45:14.749+0000] {dag.py:3036} INFO - Sync 1 DAGs
[2026-07-07T09:45:14.792+0000] {logging_mixin.py:188} INFO - [2026-07-07T09:45:14.791+0000] {dag.py:3823} INFO - Setting next_dagrun for example_python_operator to None, run_after=None
[2026-07-07T09:45:14.875+0000] {processor.py:183} INFO - Processing /home/airflow/.local/lib/python3.8/site-packages/airflow/example_dags/example_python_operator.py took 0.437 seconds
[2026-07-07T09:45:44.995+0000] {processor.py:161} INFO - Started process (PID=7260) to work on /home/airflow/.local/lib/python3.8/site-packages/airflow/example_dags/example_python_operator.py
[2026-07-07T09:45:44.997+0000] {processor.py:830} INFO - Processing file /home/airflow/.local/lib/python3.8/site-packages/airflow/example_dags/example_python_operator.py for tasks to queue
[2026-07-07T09:45:44.999+0000] {logging_mixin.py:188} INFO - [2026-07-07T09:45:44.999+0000] {dagbag.py:538} INFO - Filling up the DagBag from /home/airflow/.local/lib/python3.8/site-packages/airflow/example_dags/example_python_operator.py
[2026-07-07T09:45:45.019+0000] {processor.py:840} INFO - DAG(s) 'example_python_operator' retrieved from /home/airflow/.local/lib/python3.8/site-packages/airflow/example_dags/example_python_operator.py
[2026-07-07T09:45:45.062+0000] {logging_mixin.py:188} INFO - [2026-07-07T09:45:45.061+0000] {dag.py:3036} INFO - Sync 1 DAGs
[2026-07-07T09:45:45.084+0000] {logging_mixin.py:188} INFO - [2026-07-07T09:45:45.084+0000] {dag.py:3823} INFO - Setting next_dagrun for example_python_operator to None, run_after=None
[2026-07-07T09:45:45.115+0000] {processor.py:183} INFO - Processing /home/airflow/.local/lib/python3.8/site-packages/airflow/example_dags/example_python_operator.py took 0.126 seconds
[2026-07-07T09:46:15.669+0000] {processor.py:161} INFO - Started process (PID=7327) to work on /home/airflow/.local/lib/python3.8/site-packages/airflow/example_dags/example_python_operator.py
[2026-07-07T09:46:15.671+0000] {processor.py:830} INFO - Processing file /home/airflow/.local/lib/python3.8/site-packages/airflow/example_dags/example_python_operator.py for tasks to queue
[2026-07-07T09:46:15.672+0000] {logging_mixin.py:188} INFO - [2026-07-07T09:46:15.671+0000] {dagbag.py:538} INFO - Filling up the DagBag from /home/airflow/.local/lib/python3.8/site-packages/airflow/example_dags/example_python_operator.py
[2026-07-07T09:46:15.693+0000] {processor.py:840} INFO - DAG(s) 'example_python_operator' retrieved from /home/airflow/.local/lib/python3.8/site-packages/airflow/example_dags/example_python_operator.py
[2026-07-07T09:46:15.739+0000] {logging_mixin.py:188} INFO - [2026-07-07T09:46:15.739+0000] {dag.py:3036} INFO - Sync 1 DAGs
[2026-07-07T09:46:15.761+0000] {logging_mixin.py:188} INFO - [2026-07-07T09:46:15.761+0000] {dag.py:3823} INFO - Setting next_dagrun for example_python_operator to None, run_after=None
[2026-07-07T09:46:15.794+0000] {processor.py:183} INFO - Processing /home/airflow/.local/lib/python3.8/site-packages/airflow/example_dags/example_python_operator.py took 0.133 seconds
[2026-07-07T09:46:46.665+0000] {processor.py:161} INFO - Started process (PID=7392) to work on /home/airflow/.local/lib/python3.8/site-packages/airflow/example_dags/example_python_operator.py
[2026-07-07T09:46:46.669+0000] {processor.py:830} INFO - Processing file /home/airflow/.local/lib/python3.8/site-packages/airflow/example_dags/example_python_operator.py for tasks to queue
[2026-07-07T09:46:46.671+0000] {logging_mixin.py:188} INFO - [2026-07-07T09:46:46.671+0000] {dagbag.py:538} INFO - Filling up the DagBag from /home/airflow/.local/lib/python3.8/site-packages/airflow/example_dags/example_python_operator.py
[2026-07-07T09:46:46.705+0000] {processor.py:840} INFO - DAG(s) 'example_python_operator' retrieved from /home/airflow/.local/lib/python3.8/site-packages/airflow/example_dags/example_python_operator.py
[2026-07-07T09:46:46.758+0000] {logging_mixin.py:188} INFO - [2026-07-07T09:46:46.758+0000] {dag.py:3036} INFO - Sync 1 DAGs
[2026-07-07T09:46:46.779+0000] {logging_mixin.py:188} INFO - [2026-07-07T09:46:46.778+0000] {dag.py:3823} INFO - Setting next_dagrun for example_python_operator to None, run_after=None
[2026-07-07T09:46:46.811+0000] {processor.py:183} INFO - Processing /home/airflow/.local/lib/python3.8/site-packages/airflow/example_dags/example_python_operator.py took 0.160 seconds
