[2026-07-07T09:08:05.414+0000] {processor.py:161} INFO - Started process (PID=4133) to work on /home/airflow/.local/lib/python3.8/site-packages/airflow/example_dags/example_task_group_decorator.py
[2026-07-07T09:08:05.433+0000] {processor.py:830} INFO - Processing file /home/airflow/.local/lib/python3.8/site-packages/airflow/example_dags/example_task_group_decorator.py for tasks to queue
[2026-07-07T09:08:05.435+0000] {logging_mixin.py:188} INFO - [2026-07-07T09:08:05.435+0000] {dagbag.py:538} INFO - Filling up the DagBag from /home/airflow/.local/lib/python3.8/site-packages/airflow/example_dags/example_task_group_decorator.py
[2026-07-07T09:08:05.960+0000] {processor.py:840} INFO - DAG(s) 'example_task_group_decorator' retrieved from /home/airflow/.local/lib/python3.8/site-packages/airflow/example_dags/example_task_group_decorator.py
[2026-07-07T09:08:06.961+0000] {logging_mixin.py:188} INFO - [2026-07-07T09:08:06.960+0000] {dag.py:3036} INFO - Sync 1 DAGs
[2026-07-07T09:08:07.523+0000] {logging_mixin.py:188} INFO - [2026-07-07T09:08:07.522+0000] {dag.py:3823} INFO - Setting next_dagrun for example_task_group_decorator to 2026-07-06 00:00:00+00:00, run_after=2026-07-07 00:00:00+00:00
[2026-07-07T09:08:07.838+0000] {processor.py:183} INFO - Processing /home/airflow/.local/lib/python3.8/site-packages/airflow/example_dags/example_task_group_decorator.py took 2.461 seconds
[2026-07-07T09:09:28.604+0000] {processor.py:161} INFO - Started process (PID=4221) to work on /home/airflow/.local/lib/python3.8/site-packages/airflow/example_dags/example_task_group_decorator.py
[2026-07-07T09:09:28.609+0000] {processor.py:830} INFO - Processing file /home/airflow/.local/lib/python3.8/site-packages/airflow/example_dags/example_task_group_decorator.py for tasks to queue
[2026-07-07T09:09:28.612+0000] {logging_mixin.py:188} INFO - [2026-07-07T09:09:28.611+0000] {dagbag.py:538} INFO - Filling up the DagBag from /home/airflow/.local/lib/python3.8/site-packages/airflow/example_dags/example_task_group_decorator.py
[2026-07-07T09:09:28.674+0000] {processor.py:840} INFO - DAG(s) 'example_task_group_decorator' retrieved from /home/airflow/.local/lib/python3.8/site-packages/airflow/example_dags/example_task_group_decorator.py
[2026-07-07T09:09:28.798+0000] {logging_mixin.py:188} INFO - [2026-07-07T09:09:28.797+0000] {dag.py:3036} INFO - Sync 1 DAGs
[2026-07-07T09:09:28.869+0000] {logging_mixin.py:188} INFO - [2026-07-07T09:09:28.868+0000] {dag.py:3823} INFO - Setting next_dagrun for example_task_group_decorator to 2026-07-06 00:00:00+00:00, run_after=2026-07-07 00:00:00+00:00
[2026-07-07T09:09:28.924+0000] {processor.py:183} INFO - Processing /home/airflow/.local/lib/python3.8/site-packages/airflow/example_dags/example_task_group_decorator.py took 0.334 seconds
[2026-07-07T09:10:00.103+0000] {processor.py:161} INFO - Started process (PID=4290) to work on /home/airflow/.local/lib/python3.8/site-packages/airflow/example_dags/example_task_group_decorator.py
[2026-07-07T09:10:00.106+0000] {processor.py:830} INFO - Processing file /home/airflow/.local/lib/python3.8/site-packages/airflow/example_dags/example_task_group_decorator.py for tasks to queue
[2026-07-07T09:10:00.108+0000] {logging_mixin.py:188} INFO - [2026-07-07T09:10:00.107+0000] {dagbag.py:538} INFO - Filling up the DagBag from /home/airflow/.local/lib/python3.8/site-packages/airflow/example_dags/example_task_group_decorator.py
[2026-07-07T09:10:00.151+0000] {processor.py:840} INFO - DAG(s) 'example_task_group_decorator' retrieved from /home/airflow/.local/lib/python3.8/site-packages/airflow/example_dags/example_task_group_decorator.py
[2026-07-07T09:10:00.211+0000] {logging_mixin.py:188} INFO - [2026-07-07T09:10:00.210+0000] {dag.py:3036} INFO - Sync 1 DAGs
[2026-07-07T09:10:00.256+0000] {logging_mixin.py:188} INFO - [2026-07-07T09:10:00.255+0000] {dag.py:3823} INFO - Setting next_dagrun for example_task_group_decorator to 2026-07-06 00:00:00+00:00, run_after=2026-07-07 00:00:00+00:00
[2026-07-07T09:10:00.299+0000] {processor.py:183} INFO - Processing /home/airflow/.local/lib/python3.8/site-packages/airflow/example_dags/example_task_group_decorator.py took 0.205 seconds
[2026-07-07T09:10:31.558+0000] {processor.py:161} INFO - Started process (PID=4360) to work on /home/airflow/.local/lib/python3.8/site-packages/airflow/example_dags/example_task_group_decorator.py
[2026-07-07T09:10:31.562+0000] {processor.py:830} INFO - Processing file /home/airflow/.local/lib/python3.8/site-packages/airflow/example_dags/example_task_group_decorator.py for tasks to queue
[2026-07-07T09:10:31.564+0000] {logging_mixin.py:188} INFO - [2026-07-07T09:10:31.563+0000] {dagbag.py:538} INFO - Filling up the DagBag from /home/airflow/.local/lib/python3.8/site-packages/airflow/example_dags/example_task_group_decorator.py
[2026-07-07T09:10:31.613+0000] {processor.py:840} INFO - DAG(s) 'example_task_group_decorator' retrieved from /home/airflow/.local/lib/python3.8/site-packages/airflow/example_dags/example_task_group_decorator.py
[2026-07-07T09:10:31.688+0000] {logging_mixin.py:188} INFO - [2026-07-07T09:10:31.686+0000] {dag.py:3036} INFO - Sync 1 DAGs
[2026-07-07T09:10:31.771+0000] {logging_mixin.py:188} INFO - [2026-07-07T09:10:31.771+0000] {dag.py:3823} INFO - Setting next_dagrun for example_task_group_decorator to 2026-07-06 00:00:00+00:00, run_after=2026-07-07 00:00:00+00:00
[2026-07-07T09:10:31.823+0000] {processor.py:183} INFO - Processing /home/airflow/.local/lib/python3.8/site-packages/airflow/example_dags/example_task_group_decorator.py took 0.275 seconds
[2026-07-07T09:13:52.314+0000] {processor.py:161} INFO - Started process (PID=4488) to work on /home/airflow/.local/lib/python3.8/site-packages/airflow/example_dags/example_task_group_decorator.py
[2026-07-07T09:13:52.358+0000] {processor.py:830} INFO - Processing file /home/airflow/.local/lib/python3.8/site-packages/airflow/example_dags/example_task_group_decorator.py for tasks to queue
[2026-07-07T09:13:52.390+0000] {logging_mixin.py:188} INFO - [2026-07-07T09:13:52.382+0000] {dagbag.py:538} INFO - Filling up the DagBag from /home/airflow/.local/lib/python3.8/site-packages/airflow/example_dags/example_task_group_decorator.py
[2026-07-07T09:13:53.328+0000] {processor.py:840} INFO - DAG(s) 'example_task_group_decorator' retrieved from /home/airflow/.local/lib/python3.8/site-packages/airflow/example_dags/example_task_group_decorator.py
[2026-07-07T09:13:55.222+0000] {logging_mixin.py:188} INFO - [2026-07-07T09:13:55.221+0000] {dag.py:3036} INFO - Sync 1 DAGs
[2026-07-07T09:13:56.126+0000] {logging_mixin.py:188} INFO - [2026-07-07T09:13:56.126+0000] {dag.py:3823} INFO - Setting next_dagrun for example_task_group_decorator to 2026-07-06 00:00:00+00:00, run_after=2026-07-07 00:00:00+00:00
[2026-07-07T09:13:56.603+0000] {processor.py:183} INFO - Processing /home/airflow/.local/lib/python3.8/site-packages/airflow/example_dags/example_task_group_decorator.py took 4.356 seconds
[2026-07-07T09:23:54.034+0000] {processor.py:161} INFO - Started process (PID=4771) to work on /home/airflow/.local/lib/python3.8/site-packages/airflow/example_dags/example_task_group_decorator.py
[2026-07-07T09:23:54.049+0000] {processor.py:830} INFO - Processing file /home/airflow/.local/lib/python3.8/site-packages/airflow/example_dags/example_task_group_decorator.py for tasks to queue
[2026-07-07T09:23:54.064+0000] {logging_mixin.py:188} INFO - [2026-07-07T09:23:54.051+0000] {dagbag.py:538} INFO - Filling up the DagBag from /home/airflow/.local/lib/python3.8/site-packages/airflow/example_dags/example_task_group_decorator.py
[2026-07-07T09:23:57.730+0000] {processor.py:840} INFO - DAG(s) 'example_task_group_decorator' retrieved from /home/airflow/.local/lib/python3.8/site-packages/airflow/example_dags/example_task_group_decorator.py
[2026-07-07T09:23:58.444+0000] {logging_mixin.py:188} INFO - [2026-07-07T09:23:58.443+0000] {dag.py:3036} INFO - Sync 1 DAGs
[2026-07-07T09:23:59.438+0000] {logging_mixin.py:188} INFO - [2026-07-07T09:23:59.437+0000] {dag.py:3823} INFO - Setting next_dagrun for example_task_group_decorator to 2026-07-06 00:00:00+00:00, run_after=2026-07-07 00:00:00+00:00
[2026-07-07T09:24:00.657+0000] {processor.py:183} INFO - Processing /home/airflow/.local/lib/python3.8/site-packages/airflow/example_dags/example_task_group_decorator.py took 6.908 seconds
[2026-07-07T09:26:28.624+0000] {processor.py:161} INFO - Started process (PID=4901) to work on /home/airflow/.local/lib/python3.8/site-packages/airflow/example_dags/example_task_group_decorator.py
[2026-07-07T09:26:28.654+0000] {processor.py:830} INFO - Processing file /home/airflow/.local/lib/python3.8/site-packages/airflow/example_dags/example_task_group_decorator.py for tasks to queue
[2026-07-07T09:26:28.656+0000] {logging_mixin.py:188} INFO - [2026-07-07T09:26:28.656+0000] {dagbag.py:538} INFO - Filling up the DagBag from /home/airflow/.local/lib/python3.8/site-packages/airflow/example_dags/example_task_group_decorator.py
[2026-07-07T09:26:28.925+0000] {processor.py:840} INFO - DAG(s) 'example_task_group_decorator' retrieved from /home/airflow/.local/lib/python3.8/site-packages/airflow/example_dags/example_task_group_decorator.py
[2026-07-07T09:26:29.163+0000] {logging_mixin.py:188} INFO - [2026-07-07T09:26:29.163+0000] {dag.py:3036} INFO - Sync 1 DAGs
[2026-07-07T09:26:29.671+0000] {logging_mixin.py:188} INFO - [2026-07-07T09:26:29.661+0000] {dag.py:3823} INFO - Setting next_dagrun for example_task_group_decorator to 2026-07-06 00:00:00+00:00, run_after=2026-07-07 00:00:00+00:00
[2026-07-07T09:26:29.881+0000] {processor.py:183} INFO - Processing /home/airflow/.local/lib/python3.8/site-packages/airflow/example_dags/example_task_group_decorator.py took 1.324 seconds
[2026-07-07T09:27:00.264+0000] {processor.py:161} INFO - Started process (PID=4968) to work on /home/airflow/.local/lib/python3.8/site-packages/airflow/example_dags/example_task_group_decorator.py
[2026-07-07T09:27:00.278+0000] {processor.py:830} INFO - Processing file /home/airflow/.local/lib/python3.8/site-packages/airflow/example_dags/example_task_group_decorator.py for tasks to queue
[2026-07-07T09:27:00.293+0000] {logging_mixin.py:188} INFO - [2026-07-07T09:27:00.282+0000] {dagbag.py:538} INFO - Filling up the DagBag from /home/airflow/.local/lib/python3.8/site-packages/airflow/example_dags/example_task_group_decorator.py
[2026-07-07T09:27:00.423+0000] {processor.py:840} INFO - DAG(s) 'example_task_group_decorator' retrieved from /home/airflow/.local/lib/python3.8/site-packages/airflow/example_dags/example_task_group_decorator.py
[2026-07-07T09:27:00.625+0000] {logging_mixin.py:188} INFO - [2026-07-07T09:27:00.625+0000] {dag.py:3036} INFO - Sync 1 DAGs
[2026-07-07T09:27:00.728+0000] {logging_mixin.py:188} INFO - [2026-07-07T09:27:00.727+0000] {dag.py:3823} INFO - Setting next_dagrun for example_task_group_decorator to 2026-07-06 00:00:00+00:00, run_after=2026-07-07 00:00:00+00:00
[2026-07-07T09:27:00.875+0000] {processor.py:183} INFO - Processing /home/airflow/.local/lib/python3.8/site-packages/airflow/example_dags/example_task_group_decorator.py took 0.646 seconds
[2026-07-07T09:27:31.785+0000] {processor.py:161} INFO - Started process (PID=5027) to work on /home/airflow/.local/lib/python3.8/site-packages/airflow/example_dags/example_task_group_decorator.py
[2026-07-07T09:27:31.791+0000] {processor.py:830} INFO - Processing file /home/airflow/.local/lib/python3.8/site-packages/airflow/example_dags/example_task_group_decorator.py for tasks to queue
[2026-07-07T09:27:31.803+0000] {logging_mixin.py:188} INFO - [2026-07-07T09:27:31.801+0000] {dagbag.py:538} INFO - Filling up the DagBag from /home/airflow/.local/lib/python3.8/site-packages/airflow/example_dags/example_task_group_decorator.py
[2026-07-07T09:27:32.005+0000] {processor.py:840} INFO - DAG(s) 'example_task_group_decorator' retrieved from /home/airflow/.local/lib/python3.8/site-packages/airflow/example_dags/example_task_group_decorator.py
[2026-07-07T09:27:32.162+0000] {logging_mixin.py:188} INFO - [2026-07-07T09:27:32.161+0000] {dag.py:3036} INFO - Sync 1 DAGs
[2026-07-07T09:27:32.266+0000] {logging_mixin.py:188} INFO - [2026-07-07T09:27:32.265+0000] {dag.py:3823} INFO - Setting next_dagrun for example_task_group_decorator to 2026-07-06 00:00:00+00:00, run_after=2026-07-07 00:00:00+00:00
[2026-07-07T09:27:32.332+0000] {processor.py:183} INFO - Processing /home/airflow/.local/lib/python3.8/site-packages/airflow/example_dags/example_task_group_decorator.py took 0.581 seconds
[2026-07-07T09:28:04.429+0000] {processor.py:161} INFO - Started process (PID=5095) to work on /home/airflow/.local/lib/python3.8/site-packages/airflow/example_dags/example_task_group_decorator.py
[2026-07-07T09:28:04.436+0000] {processor.py:830} INFO - Processing file /home/airflow/.local/lib/python3.8/site-packages/airflow/example_dags/example_task_group_decorator.py for tasks to queue
[2026-07-07T09:28:04.447+0000] {logging_mixin.py:188} INFO - [2026-07-07T09:28:04.446+0000] {dagbag.py:538} INFO - Filling up the DagBag from /home/airflow/.local/lib/python3.8/site-packages/airflow/example_dags/example_task_group_decorator.py
[2026-07-07T09:28:04.622+0000] {processor.py:840} INFO - DAG(s) 'example_task_group_decorator' retrieved from /home/airflow/.local/lib/python3.8/site-packages/airflow/example_dags/example_task_group_decorator.py
[2026-07-07T09:28:04.866+0000] {logging_mixin.py:188} INFO - [2026-07-07T09:28:04.866+0000] {dag.py:3036} INFO - Sync 1 DAGs
[2026-07-07T09:28:05.036+0000] {logging_mixin.py:188} INFO - [2026-07-07T09:28:05.028+0000] {dag.py:3823} INFO - Setting next_dagrun for example_task_group_decorator to 2026-07-06 00:00:00+00:00, run_after=2026-07-07 00:00:00+00:00
[2026-07-07T09:28:05.185+0000] {processor.py:183} INFO - Processing /home/airflow/.local/lib/python3.8/site-packages/airflow/example_dags/example_task_group_decorator.py took 0.791 seconds
[2026-07-07T09:28:44.513+0000] {processor.py:161} INFO - Started process (PID=5162) to work on /home/airflow/.local/lib/python3.8/site-packages/airflow/example_dags/example_task_group_decorator.py
[2026-07-07T09:28:44.536+0000] {processor.py:830} INFO - Processing file /home/airflow/.local/lib/python3.8/site-packages/airflow/example_dags/example_task_group_decorator.py for tasks to queue
[2026-07-07T09:28:44.543+0000] {logging_mixin.py:188} INFO - [2026-07-07T09:28:44.542+0000] {dagbag.py:538} INFO - Filling up the DagBag from /home/airflow/.local/lib/python3.8/site-packages/airflow/example_dags/example_task_group_decorator.py
[2026-07-07T09:28:44.659+0000] {processor.py:840} INFO - DAG(s) 'example_task_group_decorator' retrieved from /home/airflow/.local/lib/python3.8/site-packages/airflow/example_dags/example_task_group_decorator.py
[2026-07-07T09:28:44.937+0000] {logging_mixin.py:188} INFO - [2026-07-07T09:28:44.936+0000] {dag.py:3036} INFO - Sync 1 DAGs
[2026-07-07T09:28:45.165+0000] {logging_mixin.py:188} INFO - [2026-07-07T09:28:45.165+0000] {dag.py:3823} INFO - Setting next_dagrun for example_task_group_decorator to 2026-07-06 00:00:00+00:00, run_after=2026-07-07 00:00:00+00:00
[2026-07-07T09:28:45.402+0000] {processor.py:183} INFO - Processing /home/airflow/.local/lib/python3.8/site-packages/airflow/example_dags/example_task_group_decorator.py took 0.943 seconds
[2026-07-07T09:29:17.468+0000] {processor.py:161} INFO - Started process (PID=5222) to work on /home/airflow/.local/lib/python3.8/site-packages/airflow/example_dags/example_task_group_decorator.py
[2026-07-07T09:29:17.481+0000] {processor.py:830} INFO - Processing file /home/airflow/.local/lib/python3.8/site-packages/airflow/example_dags/example_task_group_decorator.py for tasks to queue
[2026-07-07T09:29:17.483+0000] {logging_mixin.py:188} INFO - [2026-07-07T09:29:17.482+0000] {dagbag.py:538} INFO - Filling up the DagBag from /home/airflow/.local/lib/python3.8/site-packages/airflow/example_dags/example_task_group_decorator.py
[2026-07-07T09:29:17.561+0000] {processor.py:840} INFO - DAG(s) 'example_task_group_decorator' retrieved from /home/airflow/.local/lib/python3.8/site-packages/airflow/example_dags/example_task_group_decorator.py
[2026-07-07T09:29:17.696+0000] {logging_mixin.py:188} INFO - [2026-07-07T09:29:17.695+0000] {dag.py:3036} INFO - Sync 1 DAGs
[2026-07-07T09:29:17.802+0000] {logging_mixin.py:188} INFO - [2026-07-07T09:29:17.798+0000] {dag.py:3823} INFO - Setting next_dagrun for example_task_group_decorator to 2026-07-06 00:00:00+00:00, run_after=2026-07-07 00:00:00+00:00
[2026-07-07T09:29:17.901+0000] {processor.py:183} INFO - Processing /home/airflow/.local/lib/python3.8/site-packages/airflow/example_dags/example_task_group_decorator.py took 0.442 seconds
[2026-07-07T09:29:48.120+0000] {processor.py:161} INFO - Started process (PID=5289) to work on /home/airflow/.local/lib/python3.8/site-packages/airflow/example_dags/example_task_group_decorator.py
[2026-07-07T09:29:48.125+0000] {processor.py:830} INFO - Processing file /home/airflow/.local/lib/python3.8/site-packages/airflow/example_dags/example_task_group_decorator.py for tasks to queue
[2026-07-07T09:29:48.130+0000] {logging_mixin.py:188} INFO - [2026-07-07T09:29:48.129+0000] {dagbag.py:538} INFO - Filling up the DagBag from /home/airflow/.local/lib/python3.8/site-packages/airflow/example_dags/example_task_group_decorator.py
[2026-07-07T09:29:48.205+0000] {processor.py:840} INFO - DAG(s) 'example_task_group_decorator' retrieved from /home/airflow/.local/lib/python3.8/site-packages/airflow/example_dags/example_task_group_decorator.py
[2026-07-07T09:29:48.376+0000] {logging_mixin.py:188} INFO - [2026-07-07T09:29:48.376+0000] {dag.py:3036} INFO - Sync 1 DAGs
[2026-07-07T09:29:48.482+0000] {logging_mixin.py:188} INFO - [2026-07-07T09:29:48.481+0000] {dag.py:3823} INFO - Setting next_dagrun for example_task_group_decorator to 2026-07-06 00:00:00+00:00, run_after=2026-07-07 00:00:00+00:00
[2026-07-07T09:29:48.588+0000] {processor.py:183} INFO - Processing /home/airflow/.local/lib/python3.8/site-packages/airflow/example_dags/example_task_group_decorator.py took 0.495 seconds
[2026-07-07T09:30:18.801+0000] {processor.py:161} INFO - Started process (PID=5347) to work on /home/airflow/.local/lib/python3.8/site-packages/airflow/example_dags/example_task_group_decorator.py
[2026-07-07T09:30:18.804+0000] {processor.py:830} INFO - Processing file /home/airflow/.local/lib/python3.8/site-packages/airflow/example_dags/example_task_group_decorator.py for tasks to queue
[2026-07-07T09:30:18.807+0000] {logging_mixin.py:188} INFO - [2026-07-07T09:30:18.806+0000] {dagbag.py:538} INFO - Filling up the DagBag from /home/airflow/.local/lib/python3.8/site-packages/airflow/example_dags/example_task_group_decorator.py
[2026-07-07T09:30:18.857+0000] {processor.py:840} INFO - DAG(s) 'example_task_group_decorator' retrieved from /home/airflow/.local/lib/python3.8/site-packages/airflow/example_dags/example_task_group_decorator.py
[2026-07-07T09:30:18.932+0000] {logging_mixin.py:188} INFO - [2026-07-07T09:30:18.931+0000] {dag.py:3036} INFO - Sync 1 DAGs
[2026-07-07T09:30:19.010+0000] {logging_mixin.py:188} INFO - [2026-07-07T09:30:19.009+0000] {dag.py:3823} INFO - Setting next_dagrun for example_task_group_decorator to 2026-07-06 00:00:00+00:00, run_after=2026-07-07 00:00:00+00:00
[2026-07-07T09:30:19.060+0000] {processor.py:183} INFO - Processing /home/airflow/.local/lib/python3.8/site-packages/airflow/example_dags/example_task_group_decorator.py took 0.274 seconds
[2026-07-07T09:30:54.276+0000] {processor.py:161} INFO - Started process (PID=5414) to work on /home/airflow/.local/lib/python3.8/site-packages/airflow/example_dags/example_task_group_decorator.py
[2026-07-07T09:30:54.294+0000] {processor.py:830} INFO - Processing file /home/airflow/.local/lib/python3.8/site-packages/airflow/example_dags/example_task_group_decorator.py for tasks to queue
[2026-07-07T09:30:54.296+0000] {logging_mixin.py:188} INFO - [2026-07-07T09:30:54.296+0000] {dagbag.py:538} INFO - Filling up the DagBag from /home/airflow/.local/lib/python3.8/site-packages/airflow/example_dags/example_task_group_decorator.py
[2026-07-07T09:30:54.830+0000] {processor.py:840} INFO - DAG(s) 'example_task_group_decorator' retrieved from /home/airflow/.local/lib/python3.8/site-packages/airflow/example_dags/example_task_group_decorator.py
[2026-07-07T09:30:55.222+0000] {logging_mixin.py:188} INFO - [2026-07-07T09:30:55.221+0000] {dag.py:3036} INFO - Sync 1 DAGs
[2026-07-07T09:30:55.419+0000] {logging_mixin.py:188} INFO - [2026-07-07T09:30:55.418+0000] {dag.py:3823} INFO - Setting next_dagrun for example_task_group_decorator to 2026-07-06 00:00:00+00:00, run_after=2026-07-07 00:00:00+00:00
[2026-07-07T09:30:55.580+0000] {processor.py:183} INFO - Processing /home/airflow/.local/lib/python3.8/site-packages/airflow/example_dags/example_task_group_decorator.py took 1.321 seconds
[2026-07-07T09:31:28.093+0000] {processor.py:161} INFO - Started process (PID=5480) to work on /home/airflow/.local/lib/python3.8/site-packages/airflow/example_dags/example_task_group_decorator.py
[2026-07-07T09:31:28.095+0000] {processor.py:830} INFO - Processing file /home/airflow/.local/lib/python3.8/site-packages/airflow/example_dags/example_task_group_decorator.py for tasks to queue
[2026-07-07T09:31:28.097+0000] {logging_mixin.py:188} INFO - [2026-07-07T09:31:28.096+0000] {dagbag.py:538} INFO - Filling up the DagBag from /home/airflow/.local/lib/python3.8/site-packages/airflow/example_dags/example_task_group_decorator.py
[2026-07-07T09:31:28.468+0000] {processor.py:840} INFO - DAG(s) 'example_task_group_decorator' retrieved from /home/airflow/.local/lib/python3.8/site-packages/airflow/example_dags/example_task_group_decorator.py
[2026-07-07T09:31:28.980+0000] {logging_mixin.py:188} INFO - [2026-07-07T09:31:28.979+0000] {dag.py:3036} INFO - Sync 1 DAGs
[2026-07-07T09:31:29.234+0000] {logging_mixin.py:188} INFO - [2026-07-07T09:31:29.229+0000] {dag.py:3823} INFO - Setting next_dagrun for example_task_group_decorator to 2026-07-06 00:00:00+00:00, run_after=2026-07-07 00:00:00+00:00
[2026-07-07T09:31:29.408+0000] {processor.py:183} INFO - Processing /home/airflow/.local/lib/python3.8/site-packages/airflow/example_dags/example_task_group_decorator.py took 1.371 seconds
[2026-07-07T09:32:02.843+0000] {processor.py:161} INFO - Started process (PID=5540) to work on /home/airflow/.local/lib/python3.8/site-packages/airflow/example_dags/example_task_group_decorator.py
[2026-07-07T09:32:02.850+0000] {processor.py:830} INFO - Processing file /home/airflow/.local/lib/python3.8/site-packages/airflow/example_dags/example_task_group_decorator.py for tasks to queue
[2026-07-07T09:32:02.853+0000] {logging_mixin.py:188} INFO - [2026-07-07T09:32:02.852+0000] {dagbag.py:538} INFO - Filling up the DagBag from /home/airflow/.local/lib/python3.8/site-packages/airflow/example_dags/example_task_group_decorator.py
[2026-07-07T09:32:02.927+0000] {processor.py:840} INFO - DAG(s) 'example_task_group_decorator' retrieved from /home/airflow/.local/lib/python3.8/site-packages/airflow/example_dags/example_task_group_decorator.py
[2026-07-07T09:32:03.077+0000] {logging_mixin.py:188} INFO - [2026-07-07T09:32:03.073+0000] {dag.py:3036} INFO - Sync 1 DAGs
[2026-07-07T09:32:03.289+0000] {logging_mixin.py:188} INFO - [2026-07-07T09:32:03.289+0000] {dag.py:3823} INFO - Setting next_dagrun for example_task_group_decorator to 2026-07-06 00:00:00+00:00, run_after=2026-07-07 00:00:00+00:00
[2026-07-07T09:32:03.441+0000] {processor.py:183} INFO - Processing /home/airflow/.local/lib/python3.8/site-packages/airflow/example_dags/example_task_group_decorator.py took 0.622 seconds
[2026-07-07T09:32:35.545+0000] {processor.py:161} INFO - Started process (PID=5606) to work on /home/airflow/.local/lib/python3.8/site-packages/airflow/example_dags/example_task_group_decorator.py
[2026-07-07T09:32:35.553+0000] {processor.py:830} INFO - Processing file /home/airflow/.local/lib/python3.8/site-packages/airflow/example_dags/example_task_group_decorator.py for tasks to queue
[2026-07-07T09:32:35.555+0000] {logging_mixin.py:188} INFO - [2026-07-07T09:32:35.554+0000] {dagbag.py:538} INFO - Filling up the DagBag from /home/airflow/.local/lib/python3.8/site-packages/airflow/example_dags/example_task_group_decorator.py
[2026-07-07T09:32:35.736+0000] {processor.py:840} INFO - DAG(s) 'example_task_group_decorator' retrieved from /home/airflow/.local/lib/python3.8/site-packages/airflow/example_dags/example_task_group_decorator.py
[2026-07-07T09:32:35.877+0000] {logging_mixin.py:188} INFO - [2026-07-07T09:32:35.876+0000] {dag.py:3036} INFO - Sync 1 DAGs
[2026-07-07T09:32:36.009+0000] {logging_mixin.py:188} INFO - [2026-07-07T09:32:36.008+0000] {dag.py:3823} INFO - Setting next_dagrun for example_task_group_decorator to 2026-07-06 00:00:00+00:00, run_after=2026-07-07 00:00:00+00:00
[2026-07-07T09:32:36.153+0000] {processor.py:183} INFO - Processing /home/airflow/.local/lib/python3.8/site-packages/airflow/example_dags/example_task_group_decorator.py took 0.682 seconds
[2026-07-07T09:33:07.011+0000] {processor.py:161} INFO - Started process (PID=5672) to work on /home/airflow/.local/lib/python3.8/site-packages/airflow/example_dags/example_task_group_decorator.py
[2026-07-07T09:33:07.013+0000] {processor.py:830} INFO - Processing file /home/airflow/.local/lib/python3.8/site-packages/airflow/example_dags/example_task_group_decorator.py for tasks to queue
[2026-07-07T09:33:07.015+0000] {logging_mixin.py:188} INFO - [2026-07-07T09:33:07.014+0000] {dagbag.py:538} INFO - Filling up the DagBag from /home/airflow/.local/lib/python3.8/site-packages/airflow/example_dags/example_task_group_decorator.py
[2026-07-07T09:33:07.091+0000] {processor.py:840} INFO - DAG(s) 'example_task_group_decorator' retrieved from /home/airflow/.local/lib/python3.8/site-packages/airflow/example_dags/example_task_group_decorator.py
[2026-07-07T09:33:07.199+0000] {logging_mixin.py:188} INFO - [2026-07-07T09:33:07.198+0000] {dag.py:3036} INFO - Sync 1 DAGs
[2026-07-07T09:33:07.280+0000] {logging_mixin.py:188} INFO - [2026-07-07T09:33:07.279+0000] {dag.py:3823} INFO - Setting next_dagrun for example_task_group_decorator to 2026-07-06 00:00:00+00:00, run_after=2026-07-07 00:00:00+00:00
[2026-07-07T09:33:07.359+0000] {processor.py:183} INFO - Processing /home/airflow/.local/lib/python3.8/site-packages/airflow/example_dags/example_task_group_decorator.py took 0.358 seconds
[2026-07-07T09:33:38.133+0000] {processor.py:161} INFO - Started process (PID=5730) to work on /home/airflow/.local/lib/python3.8/site-packages/airflow/example_dags/example_task_group_decorator.py
[2026-07-07T09:33:38.139+0000] {processor.py:830} INFO - Processing file /home/airflow/.local/lib/python3.8/site-packages/airflow/example_dags/example_task_group_decorator.py for tasks to queue
[2026-07-07T09:33:38.143+0000] {logging_mixin.py:188} INFO - [2026-07-07T09:33:38.142+0000] {dagbag.py:538} INFO - Filling up the DagBag from /home/airflow/.local/lib/python3.8/site-packages/airflow/example_dags/example_task_group_decorator.py
[2026-07-07T09:33:38.227+0000] {processor.py:840} INFO - DAG(s) 'example_task_group_decorator' retrieved from /home/airflow/.local/lib/python3.8/site-packages/airflow/example_dags/example_task_group_decorator.py
[2026-07-07T09:33:38.306+0000] {logging_mixin.py:188} INFO - [2026-07-07T09:33:38.305+0000] {dag.py:3036} INFO - Sync 1 DAGs
[2026-07-07T09:33:38.370+0000] {logging_mixin.py:188} INFO - [2026-07-07T09:33:38.369+0000] {dag.py:3823} INFO - Setting next_dagrun for example_task_group_decorator to 2026-07-06 00:00:00+00:00, run_after=2026-07-07 00:00:00+00:00
[2026-07-07T09:33:38.419+0000] {processor.py:183} INFO - Processing /home/airflow/.local/lib/python3.8/site-packages/airflow/example_dags/example_task_group_decorator.py took 0.311 seconds
[2026-07-07T09:34:09.314+0000] {processor.py:161} INFO - Started process (PID=5797) to work on /home/airflow/.local/lib/python3.8/site-packages/airflow/example_dags/example_task_group_decorator.py
[2026-07-07T09:34:09.316+0000] {processor.py:830} INFO - Processing file /home/airflow/.local/lib/python3.8/site-packages/airflow/example_dags/example_task_group_decorator.py for tasks to queue
[2026-07-07T09:34:09.318+0000] {logging_mixin.py:188} INFO - [2026-07-07T09:34:09.317+0000] {dagbag.py:538} INFO - Filling up the DagBag from /home/airflow/.local/lib/python3.8/site-packages/airflow/example_dags/example_task_group_decorator.py
[2026-07-07T09:34:09.357+0000] {processor.py:840} INFO - DAG(s) 'example_task_group_decorator' retrieved from /home/airflow/.local/lib/python3.8/site-packages/airflow/example_dags/example_task_group_decorator.py
[2026-07-07T09:34:09.419+0000] {logging_mixin.py:188} INFO - [2026-07-07T09:34:09.418+0000] {dag.py:3036} INFO - Sync 1 DAGs
[2026-07-07T09:34:09.466+0000] {logging_mixin.py:188} INFO - [2026-07-07T09:34:09.466+0000] {dag.py:3823} INFO - Setting next_dagrun for example_task_group_decorator to 2026-07-06 00:00:00+00:00, run_after=2026-07-07 00:00:00+00:00
[2026-07-07T09:34:09.519+0000] {processor.py:183} INFO - Processing /home/airflow/.local/lib/python3.8/site-packages/airflow/example_dags/example_task_group_decorator.py took 0.215 seconds
[2026-07-07T09:34:39.657+0000] {processor.py:161} INFO - Started process (PID=5864) to work on /home/airflow/.local/lib/python3.8/site-packages/airflow/example_dags/example_task_group_decorator.py
[2026-07-07T09:34:39.665+0000] {processor.py:830} INFO - Processing file /home/airflow/.local/lib/python3.8/site-packages/airflow/example_dags/example_task_group_decorator.py for tasks to queue
[2026-07-07T09:34:39.668+0000] {logging_mixin.py:188} INFO - [2026-07-07T09:34:39.666+0000] {dagbag.py:538} INFO - Filling up the DagBag from /home/airflow/.local/lib/python3.8/site-packages/airflow/example_dags/example_task_group_decorator.py
[2026-07-07T09:34:39.752+0000] {processor.py:840} INFO - DAG(s) 'example_task_group_decorator' retrieved from /home/airflow/.local/lib/python3.8/site-packages/airflow/example_dags/example_task_group_decorator.py
[2026-07-07T09:34:39.876+0000] {logging_mixin.py:188} INFO - [2026-07-07T09:34:39.876+0000] {dag.py:3036} INFO - Sync 1 DAGs
[2026-07-07T09:34:39.970+0000] {logging_mixin.py:188} INFO - [2026-07-07T09:34:39.969+0000] {dag.py:3823} INFO - Setting next_dagrun for example_task_group_decorator to 2026-07-06 00:00:00+00:00, run_after=2026-07-07 00:00:00+00:00
[2026-07-07T09:34:40.042+0000] {processor.py:183} INFO - Processing /home/airflow/.local/lib/python3.8/site-packages/airflow/example_dags/example_task_group_decorator.py took 0.399 seconds
[2026-07-07T09:35:11.026+0000] {processor.py:161} INFO - Started process (PID=5931) to work on /home/airflow/.local/lib/python3.8/site-packages/airflow/example_dags/example_task_group_decorator.py
[2026-07-07T09:35:11.043+0000] {processor.py:830} INFO - Processing file /home/airflow/.local/lib/python3.8/site-packages/airflow/example_dags/example_task_group_decorator.py for tasks to queue
[2026-07-07T09:35:11.049+0000] {logging_mixin.py:188} INFO - [2026-07-07T09:35:11.048+0000] {dagbag.py:538} INFO - Filling up the DagBag from /home/airflow/.local/lib/python3.8/site-packages/airflow/example_dags/example_task_group_decorator.py
[2026-07-07T09:35:11.249+0000] {processor.py:840} INFO - DAG(s) 'example_task_group_decorator' retrieved from /home/airflow/.local/lib/python3.8/site-packages/airflow/example_dags/example_task_group_decorator.py
[2026-07-07T09:35:11.508+0000] {logging_mixin.py:188} INFO - [2026-07-07T09:35:11.508+0000] {dag.py:3036} INFO - Sync 1 DAGs
[2026-07-07T09:35:11.735+0000] {logging_mixin.py:188} INFO - [2026-07-07T09:35:11.734+0000] {dag.py:3823} INFO - Setting next_dagrun for example_task_group_decorator to 2026-07-06 00:00:00+00:00, run_after=2026-07-07 00:00:00+00:00
[2026-07-07T09:35:12.048+0000] {processor.py:183} INFO - Processing /home/airflow/.local/lib/python3.8/site-packages/airflow/example_dags/example_task_group_decorator.py took 1.095 seconds
[2026-07-07T09:35:42.542+0000] {processor.py:161} INFO - Started process (PID=5995) to work on /home/airflow/.local/lib/python3.8/site-packages/airflow/example_dags/example_task_group_decorator.py
[2026-07-07T09:35:42.550+0000] {processor.py:830} INFO - Processing file /home/airflow/.local/lib/python3.8/site-packages/airflow/example_dags/example_task_group_decorator.py for tasks to queue
[2026-07-07T09:35:42.553+0000] {logging_mixin.py:188} INFO - [2026-07-07T09:35:42.552+0000] {dagbag.py:538} INFO - Filling up the DagBag from /home/airflow/.local/lib/python3.8/site-packages/airflow/example_dags/example_task_group_decorator.py
[2026-07-07T09:35:42.613+0000] {processor.py:840} INFO - DAG(s) 'example_task_group_decorator' retrieved from /home/airflow/.local/lib/python3.8/site-packages/airflow/example_dags/example_task_group_decorator.py
[2026-07-07T09:35:42.716+0000] {logging_mixin.py:188} INFO - [2026-07-07T09:35:42.716+0000] {dag.py:3036} INFO - Sync 1 DAGs
[2026-07-07T09:35:42.814+0000] {logging_mixin.py:188} INFO - [2026-07-07T09:35:42.813+0000] {dag.py:3823} INFO - Setting next_dagrun for example_task_group_decorator to 2026-07-06 00:00:00+00:00, run_after=2026-07-07 00:00:00+00:00
[2026-07-07T09:35:42.891+0000] {processor.py:183} INFO - Processing /home/airflow/.local/lib/python3.8/site-packages/airflow/example_dags/example_task_group_decorator.py took 0.367 seconds
[2026-07-07T09:36:13.385+0000] {processor.py:161} INFO - Started process (PID=6064) to work on /home/airflow/.local/lib/python3.8/site-packages/airflow/example_dags/example_task_group_decorator.py
[2026-07-07T09:36:13.388+0000] {processor.py:830} INFO - Processing file /home/airflow/.local/lib/python3.8/site-packages/airflow/example_dags/example_task_group_decorator.py for tasks to queue
[2026-07-07T09:36:13.390+0000] {logging_mixin.py:188} INFO - [2026-07-07T09:36:13.389+0000] {dagbag.py:538} INFO - Filling up the DagBag from /home/airflow/.local/lib/python3.8/site-packages/airflow/example_dags/example_task_group_decorator.py
[2026-07-07T09:36:13.437+0000] {processor.py:840} INFO - DAG(s) 'example_task_group_decorator' retrieved from /home/airflow/.local/lib/python3.8/site-packages/airflow/example_dags/example_task_group_decorator.py
[2026-07-07T09:36:13.496+0000] {logging_mixin.py:188} INFO - [2026-07-07T09:36:13.495+0000] {dag.py:3036} INFO - Sync 1 DAGs
[2026-07-07T09:36:13.578+0000] {logging_mixin.py:188} INFO - [2026-07-07T09:36:13.577+0000] {dag.py:3823} INFO - Setting next_dagrun for example_task_group_decorator to 2026-07-06 00:00:00+00:00, run_after=2026-07-07 00:00:00+00:00
[2026-07-07T09:36:13.675+0000] {processor.py:183} INFO - Processing /home/airflow/.local/lib/python3.8/site-packages/airflow/example_dags/example_task_group_decorator.py took 0.300 seconds
[2026-07-07T09:36:46.728+0000] {processor.py:161} INFO - Started process (PID=6124) to work on /home/airflow/.local/lib/python3.8/site-packages/airflow/example_dags/example_task_group_decorator.py
[2026-07-07T09:36:46.732+0000] {processor.py:830} INFO - Processing file /home/airflow/.local/lib/python3.8/site-packages/airflow/example_dags/example_task_group_decorator.py for tasks to queue
[2026-07-07T09:36:46.735+0000] {logging_mixin.py:188} INFO - [2026-07-07T09:36:46.734+0000] {dagbag.py:538} INFO - Filling up the DagBag from /home/airflow/.local/lib/python3.8/site-packages/airflow/example_dags/example_task_group_decorator.py
[2026-07-07T09:36:46.777+0000] {processor.py:840} INFO - DAG(s) 'example_task_group_decorator' retrieved from /home/airflow/.local/lib/python3.8/site-packages/airflow/example_dags/example_task_group_decorator.py
[2026-07-07T09:36:46.837+0000] {logging_mixin.py:188} INFO - [2026-07-07T09:36:46.837+0000] {dag.py:3036} INFO - Sync 1 DAGs
[2026-07-07T09:36:46.888+0000] {logging_mixin.py:188} INFO - [2026-07-07T09:36:46.888+0000] {dag.py:3823} INFO - Setting next_dagrun for example_task_group_decorator to 2026-07-06 00:00:00+00:00, run_after=2026-07-07 00:00:00+00:00
[2026-07-07T09:36:46.937+0000] {processor.py:183} INFO - Processing /home/airflow/.local/lib/python3.8/site-packages/airflow/example_dags/example_task_group_decorator.py took 0.221 seconds
[2026-07-07T09:37:17.112+0000] {processor.py:161} INFO - Started process (PID=6191) to work on /home/airflow/.local/lib/python3.8/site-packages/airflow/example_dags/example_task_group_decorator.py
[2026-07-07T09:37:17.115+0000] {processor.py:830} INFO - Processing file /home/airflow/.local/lib/python3.8/site-packages/airflow/example_dags/example_task_group_decorator.py for tasks to queue
[2026-07-07T09:37:17.118+0000] {logging_mixin.py:188} INFO - [2026-07-07T09:37:17.117+0000] {dagbag.py:538} INFO - Filling up the DagBag from /home/airflow/.local/lib/python3.8/site-packages/airflow/example_dags/example_task_group_decorator.py
[2026-07-07T09:37:17.183+0000] {processor.py:840} INFO - DAG(s) 'example_task_group_decorator' retrieved from /home/airflow/.local/lib/python3.8/site-packages/airflow/example_dags/example_task_group_decorator.py
[2026-07-07T09:37:17.274+0000] {logging_mixin.py:188} INFO - [2026-07-07T09:37:17.272+0000] {dag.py:3036} INFO - Sync 1 DAGs
[2026-07-07T09:37:17.351+0000] {logging_mixin.py:188} INFO - [2026-07-07T09:37:17.350+0000] {dag.py:3823} INFO - Setting next_dagrun for example_task_group_decorator to 2026-07-06 00:00:00+00:00, run_after=2026-07-07 00:00:00+00:00
[2026-07-07T09:37:17.421+0000] {processor.py:183} INFO - Processing /home/airflow/.local/lib/python3.8/site-packages/airflow/example_dags/example_task_group_decorator.py took 0.321 seconds
[2026-07-07T09:37:48.295+0000] {processor.py:161} INFO - Started process (PID=6257) to work on /home/airflow/.local/lib/python3.8/site-packages/airflow/example_dags/example_task_group_decorator.py
[2026-07-07T09:37:48.323+0000] {processor.py:830} INFO - Processing file /home/airflow/.local/lib/python3.8/site-packages/airflow/example_dags/example_task_group_decorator.py for tasks to queue
[2026-07-07T09:37:48.326+0000] {logging_mixin.py:188} INFO - [2026-07-07T09:37:48.325+0000] {dagbag.py:538} INFO - Filling up the DagBag from /home/airflow/.local/lib/python3.8/site-packages/airflow/example_dags/example_task_group_decorator.py
[2026-07-07T09:37:48.393+0000] {processor.py:840} INFO - DAG(s) 'example_task_group_decorator' retrieved from /home/airflow/.local/lib/python3.8/site-packages/airflow/example_dags/example_task_group_decorator.py
[2026-07-07T09:37:48.479+0000] {logging_mixin.py:188} INFO - [2026-07-07T09:37:48.478+0000] {dag.py:3036} INFO - Sync 1 DAGs
[2026-07-07T09:37:48.554+0000] {logging_mixin.py:188} INFO - [2026-07-07T09:37:48.553+0000] {dag.py:3823} INFO - Setting next_dagrun for example_task_group_decorator to 2026-07-06 00:00:00+00:00, run_after=2026-07-07 00:00:00+00:00
[2026-07-07T09:37:48.652+0000] {processor.py:183} INFO - Processing /home/airflow/.local/lib/python3.8/site-packages/airflow/example_dags/example_task_group_decorator.py took 0.369 seconds
[2026-07-07T09:38:19.707+0000] {processor.py:161} INFO - Started process (PID=6322) to work on /home/airflow/.local/lib/python3.8/site-packages/airflow/example_dags/example_task_group_decorator.py
[2026-07-07T09:38:19.709+0000] {processor.py:830} INFO - Processing file /home/airflow/.local/lib/python3.8/site-packages/airflow/example_dags/example_task_group_decorator.py for tasks to queue
[2026-07-07T09:38:19.711+0000] {logging_mixin.py:188} INFO - [2026-07-07T09:38:19.710+0000] {dagbag.py:538} INFO - Filling up the DagBag from /home/airflow/.local/lib/python3.8/site-packages/airflow/example_dags/example_task_group_decorator.py
[2026-07-07T09:38:19.771+0000] {processor.py:840} INFO - DAG(s) 'example_task_group_decorator' retrieved from /home/airflow/.local/lib/python3.8/site-packages/airflow/example_dags/example_task_group_decorator.py
[2026-07-07T09:38:19.959+0000] {logging_mixin.py:188} INFO - [2026-07-07T09:38:19.958+0000] {dag.py:3036} INFO - Sync 1 DAGs
[2026-07-07T09:38:20.094+0000] {logging_mixin.py:188} INFO - [2026-07-07T09:38:20.094+0000] {dag.py:3823} INFO - Setting next_dagrun for example_task_group_decorator to 2026-07-06 00:00:00+00:00, run_after=2026-07-07 00:00:00+00:00
[2026-07-07T09:38:20.191+0000] {processor.py:183} INFO - Processing /home/airflow/.local/lib/python3.8/site-packages/airflow/example_dags/example_task_group_decorator.py took 0.493 seconds
[2026-07-07T09:38:51.113+0000] {processor.py:161} INFO - Started process (PID=6383) to work on /home/airflow/.local/lib/python3.8/site-packages/airflow/example_dags/example_task_group_decorator.py
[2026-07-07T09:38:51.118+0000] {processor.py:830} INFO - Processing file /home/airflow/.local/lib/python3.8/site-packages/airflow/example_dags/example_task_group_decorator.py for tasks to queue
[2026-07-07T09:38:51.121+0000] {logging_mixin.py:188} INFO - [2026-07-07T09:38:51.120+0000] {dagbag.py:538} INFO - Filling up the DagBag from /home/airflow/.local/lib/python3.8/site-packages/airflow/example_dags/example_task_group_decorator.py
[2026-07-07T09:38:51.174+0000] {processor.py:840} INFO - DAG(s) 'example_task_group_decorator' retrieved from /home/airflow/.local/lib/python3.8/site-packages/airflow/example_dags/example_task_group_decorator.py
[2026-07-07T09:38:51.254+0000] {logging_mixin.py:188} INFO - [2026-07-07T09:38:51.253+0000] {dag.py:3036} INFO - Sync 1 DAGs
[2026-07-07T09:38:51.337+0000] {logging_mixin.py:188} INFO - [2026-07-07T09:38:51.337+0000] {dag.py:3823} INFO - Setting next_dagrun for example_task_group_decorator to 2026-07-06 00:00:00+00:00, run_after=2026-07-07 00:00:00+00:00
[2026-07-07T09:38:51.398+0000] {processor.py:183} INFO - Processing /home/airflow/.local/lib/python3.8/site-packages/airflow/example_dags/example_task_group_decorator.py took 0.295 seconds
[2026-07-07T09:39:21.591+0000] {processor.py:161} INFO - Started process (PID=6450) to work on /home/airflow/.local/lib/python3.8/site-packages/airflow/example_dags/example_task_group_decorator.py
[2026-07-07T09:39:21.593+0000] {processor.py:830} INFO - Processing file /home/airflow/.local/lib/python3.8/site-packages/airflow/example_dags/example_task_group_decorator.py for tasks to queue
[2026-07-07T09:39:21.596+0000] {logging_mixin.py:188} INFO - [2026-07-07T09:39:21.595+0000] {dagbag.py:538} INFO - Filling up the DagBag from /home/airflow/.local/lib/python3.8/site-packages/airflow/example_dags/example_task_group_decorator.py
[2026-07-07T09:39:21.637+0000] {processor.py:840} INFO - DAG(s) 'example_task_group_decorator' retrieved from /home/airflow/.local/lib/python3.8/site-packages/airflow/example_dags/example_task_group_decorator.py
[2026-07-07T09:39:21.721+0000] {logging_mixin.py:188} INFO - [2026-07-07T09:39:21.720+0000] {dag.py:3036} INFO - Sync 1 DAGs
[2026-07-07T09:39:21.779+0000] {logging_mixin.py:188} INFO - [2026-07-07T09:39:21.778+0000] {dag.py:3823} INFO - Setting next_dagrun for example_task_group_decorator to 2026-07-06 00:00:00+00:00, run_after=2026-07-07 00:00:00+00:00
[2026-07-07T09:39:21.840+0000] {processor.py:183} INFO - Processing /home/airflow/.local/lib/python3.8/site-packages/airflow/example_dags/example_task_group_decorator.py took 0.260 seconds
[2026-07-07T09:39:52.209+0000] {processor.py:161} INFO - Started process (PID=6518) to work on /home/airflow/.local/lib/python3.8/site-packages/airflow/example_dags/example_task_group_decorator.py
[2026-07-07T09:39:52.212+0000] {processor.py:830} INFO - Processing file /home/airflow/.local/lib/python3.8/site-packages/airflow/example_dags/example_task_group_decorator.py for tasks to queue
[2026-07-07T09:39:52.214+0000] {logging_mixin.py:188} INFO - [2026-07-07T09:39:52.214+0000] {dagbag.py:538} INFO - Filling up the DagBag from /home/airflow/.local/lib/python3.8/site-packages/airflow/example_dags/example_task_group_decorator.py
[2026-07-07T09:39:52.253+0000] {processor.py:840} INFO - DAG(s) 'example_task_group_decorator' retrieved from /home/airflow/.local/lib/python3.8/site-packages/airflow/example_dags/example_task_group_decorator.py
[2026-07-07T09:39:52.320+0000] {logging_mixin.py:188} INFO - [2026-07-07T09:39:52.319+0000] {dag.py:3036} INFO - Sync 1 DAGs
[2026-07-07T09:39:52.393+0000] {logging_mixin.py:188} INFO - [2026-07-07T09:39:52.393+0000] {dag.py:3823} INFO - Setting next_dagrun for example_task_group_decorator to 2026-07-06 00:00:00+00:00, run_after=2026-07-07 00:00:00+00:00
[2026-07-07T09:39:52.466+0000] {processor.py:183} INFO - Processing /home/airflow/.local/lib/python3.8/site-packages/airflow/example_dags/example_task_group_decorator.py took 0.265 seconds
[2026-07-07T09:40:23.367+0000] {processor.py:161} INFO - Started process (PID=6586) to work on /home/airflow/.local/lib/python3.8/site-packages/airflow/example_dags/example_task_group_decorator.py
[2026-07-07T09:40:23.371+0000] {processor.py:830} INFO - Processing file /home/airflow/.local/lib/python3.8/site-packages/airflow/example_dags/example_task_group_decorator.py for tasks to queue
[2026-07-07T09:40:23.374+0000] {logging_mixin.py:188} INFO - [2026-07-07T09:40:23.373+0000] {dagbag.py:538} INFO - Filling up the DagBag from /home/airflow/.local/lib/python3.8/site-packages/airflow/example_dags/example_task_group_decorator.py
[2026-07-07T09:40:23.445+0000] {processor.py:840} INFO - DAG(s) 'example_task_group_decorator' retrieved from /home/airflow/.local/lib/python3.8/site-packages/airflow/example_dags/example_task_group_decorator.py
[2026-07-07T09:40:23.538+0000] {logging_mixin.py:188} INFO - [2026-07-07T09:40:23.537+0000] {dag.py:3036} INFO - Sync 1 DAGs
[2026-07-07T09:40:23.614+0000] {logging_mixin.py:188} INFO - [2026-07-07T09:40:23.613+0000] {dag.py:3823} INFO - Setting next_dagrun for example_task_group_decorator to 2026-07-06 00:00:00+00:00, run_after=2026-07-07 00:00:00+00:00
[2026-07-07T09:40:23.673+0000] {processor.py:183} INFO - Processing /home/airflow/.local/lib/python3.8/site-packages/airflow/example_dags/example_task_group_decorator.py took 0.319 seconds
[2026-07-07T09:40:53.992+0000] {processor.py:161} INFO - Started process (PID=6652) to work on /home/airflow/.local/lib/python3.8/site-packages/airflow/example_dags/example_task_group_decorator.py
[2026-07-07T09:40:53.996+0000] {processor.py:830} INFO - Processing file /home/airflow/.local/lib/python3.8/site-packages/airflow/example_dags/example_task_group_decorator.py for tasks to queue
[2026-07-07T09:40:53.999+0000] {logging_mixin.py:188} INFO - [2026-07-07T09:40:53.997+0000] {dagbag.py:538} INFO - Filling up the DagBag from /home/airflow/.local/lib/python3.8/site-packages/airflow/example_dags/example_task_group_decorator.py
[2026-07-07T09:40:54.048+0000] {processor.py:840} INFO - DAG(s) 'example_task_group_decorator' retrieved from /home/airflow/.local/lib/python3.8/site-packages/airflow/example_dags/example_task_group_decorator.py
[2026-07-07T09:40:54.106+0000] {logging_mixin.py:188} INFO - [2026-07-07T09:40:54.106+0000] {dag.py:3036} INFO - Sync 1 DAGs
[2026-07-07T09:40:54.151+0000] {logging_mixin.py:188} INFO - [2026-07-07T09:40:54.151+0000] {dag.py:3823} INFO - Setting next_dagrun for example_task_group_decorator to 2026-07-06 00:00:00+00:00, run_after=2026-07-07 00:00:00+00:00
[2026-07-07T09:40:54.191+0000] {processor.py:183} INFO - Processing /home/airflow/.local/lib/python3.8/site-packages/airflow/example_dags/example_task_group_decorator.py took 0.211 seconds
[2026-07-07T09:41:24.342+0000] {processor.py:161} INFO - Started process (PID=6719) to work on /home/airflow/.local/lib/python3.8/site-packages/airflow/example_dags/example_task_group_decorator.py
[2026-07-07T09:41:24.344+0000] {processor.py:830} INFO - Processing file /home/airflow/.local/lib/python3.8/site-packages/airflow/example_dags/example_task_group_decorator.py for tasks to queue
[2026-07-07T09:41:24.347+0000] {logging_mixin.py:188} INFO - [2026-07-07T09:41:24.346+0000] {dagbag.py:538} INFO - Filling up the DagBag from /home/airflow/.local/lib/python3.8/site-packages/airflow/example_dags/example_task_group_decorator.py
[2026-07-07T09:41:24.390+0000] {processor.py:840} INFO - DAG(s) 'example_task_group_decorator' retrieved from /home/airflow/.local/lib/python3.8/site-packages/airflow/example_dags/example_task_group_decorator.py
[2026-07-07T09:41:24.459+0000] {logging_mixin.py:188} INFO - [2026-07-07T09:41:24.459+0000] {dag.py:3036} INFO - Sync 1 DAGs
[2026-07-07T09:41:24.517+0000] {logging_mixin.py:188} INFO - [2026-07-07T09:41:24.517+0000] {dag.py:3823} INFO - Setting next_dagrun for example_task_group_decorator to 2026-07-06 00:00:00+00:00, run_after=2026-07-07 00:00:00+00:00
[2026-07-07T09:41:24.565+0000] {processor.py:183} INFO - Processing /home/airflow/.local/lib/python3.8/site-packages/airflow/example_dags/example_task_group_decorator.py took 0.236 seconds
[2026-07-07T09:41:55.570+0000] {processor.py:161} INFO - Started process (PID=6786) to work on /home/airflow/.local/lib/python3.8/site-packages/airflow/example_dags/example_task_group_decorator.py
[2026-07-07T09:41:55.575+0000] {processor.py:830} INFO - Processing file /home/airflow/.local/lib/python3.8/site-packages/airflow/example_dags/example_task_group_decorator.py for tasks to queue
[2026-07-07T09:41:55.577+0000] {logging_mixin.py:188} INFO - [2026-07-07T09:41:55.576+0000] {dagbag.py:538} INFO - Filling up the DagBag from /home/airflow/.local/lib/python3.8/site-packages/airflow/example_dags/example_task_group_decorator.py
[2026-07-07T09:41:55.643+0000] {processor.py:840} INFO - DAG(s) 'example_task_group_decorator' retrieved from /home/airflow/.local/lib/python3.8/site-packages/airflow/example_dags/example_task_group_decorator.py
[2026-07-07T09:41:55.730+0000] {logging_mixin.py:188} INFO - [2026-07-07T09:41:55.729+0000] {dag.py:3036} INFO - Sync 1 DAGs
[2026-07-07T09:41:55.809+0000] {logging_mixin.py:188} INFO - [2026-07-07T09:41:55.808+0000] {dag.py:3823} INFO - Setting next_dagrun for example_task_group_decorator to 2026-07-06 00:00:00+00:00, run_after=2026-07-07 00:00:00+00:00
[2026-07-07T09:41:55.862+0000] {processor.py:183} INFO - Processing /home/airflow/.local/lib/python3.8/site-packages/airflow/example_dags/example_task_group_decorator.py took 0.305 seconds
[2026-07-07T09:42:26.785+0000] {processor.py:161} INFO - Started process (PID=6853) to work on /home/airflow/.local/lib/python3.8/site-packages/airflow/example_dags/example_task_group_decorator.py
[2026-07-07T09:42:26.796+0000] {processor.py:830} INFO - Processing file /home/airflow/.local/lib/python3.8/site-packages/airflow/example_dags/example_task_group_decorator.py for tasks to queue
[2026-07-07T09:42:26.799+0000] {logging_mixin.py:188} INFO - [2026-07-07T09:42:26.798+0000] {dagbag.py:538} INFO - Filling up the DagBag from /home/airflow/.local/lib/python3.8/site-packages/airflow/example_dags/example_task_group_decorator.py
[2026-07-07T09:42:26.860+0000] {processor.py:840} INFO - DAG(s) 'example_task_group_decorator' retrieved from /home/airflow/.local/lib/python3.8/site-packages/airflow/example_dags/example_task_group_decorator.py
[2026-07-07T09:42:26.935+0000] {logging_mixin.py:188} INFO - [2026-07-07T09:42:26.935+0000] {dag.py:3036} INFO - Sync 1 DAGs
[2026-07-07T09:42:27.000+0000] {logging_mixin.py:188} INFO - [2026-07-07T09:42:27.000+0000] {dag.py:3823} INFO - Setting next_dagrun for example_task_group_decorator to 2026-07-06 00:00:00+00:00, run_after=2026-07-07 00:00:00+00:00
[2026-07-07T09:42:27.047+0000] {processor.py:183} INFO - Processing /home/airflow/.local/lib/python3.8/site-packages/airflow/example_dags/example_task_group_decorator.py took 0.280 seconds
[2026-07-07T09:42:57.692+0000] {processor.py:161} INFO - Started process (PID=6920) to work on /home/airflow/.local/lib/python3.8/site-packages/airflow/example_dags/example_task_group_decorator.py
[2026-07-07T09:42:57.696+0000] {processor.py:830} INFO - Processing file /home/airflow/.local/lib/python3.8/site-packages/airflow/example_dags/example_task_group_decorator.py for tasks to queue
[2026-07-07T09:42:57.698+0000] {logging_mixin.py:188} INFO - [2026-07-07T09:42:57.697+0000] {dagbag.py:538} INFO - Filling up the DagBag from /home/airflow/.local/lib/python3.8/site-packages/airflow/example_dags/example_task_group_decorator.py
[2026-07-07T09:42:57.755+0000] {processor.py:840} INFO - DAG(s) 'example_task_group_decorator' retrieved from /home/airflow/.local/lib/python3.8/site-packages/airflow/example_dags/example_task_group_decorator.py
[2026-07-07T09:42:57.832+0000] {logging_mixin.py:188} INFO - [2026-07-07T09:42:57.832+0000] {dag.py:3036} INFO - Sync 1 DAGs
[2026-07-07T09:42:57.881+0000] {logging_mixin.py:188} INFO - [2026-07-07T09:42:57.880+0000] {dag.py:3823} INFO - Setting next_dagrun for example_task_group_decorator to 2026-07-06 00:00:00+00:00, run_after=2026-07-07 00:00:00+00:00
[2026-07-07T09:42:57.941+0000] {processor.py:183} INFO - Processing /home/airflow/.local/lib/python3.8/site-packages/airflow/example_dags/example_task_group_decorator.py took 0.259 seconds
[2026-07-07T09:43:28.217+0000] {processor.py:161} INFO - Started process (PID=6979) to work on /home/airflow/.local/lib/python3.8/site-packages/airflow/example_dags/example_task_group_decorator.py
[2026-07-07T09:43:28.220+0000] {processor.py:830} INFO - Processing file /home/airflow/.local/lib/python3.8/site-packages/airflow/example_dags/example_task_group_decorator.py for tasks to queue
[2026-07-07T09:43:28.221+0000] {logging_mixin.py:188} INFO - [2026-07-07T09:43:28.221+0000] {dagbag.py:538} INFO - Filling up the DagBag from /home/airflow/.local/lib/python3.8/site-packages/airflow/example_dags/example_task_group_decorator.py
[2026-07-07T09:43:28.258+0000] {processor.py:840} INFO - DAG(s) 'example_task_group_decorator' retrieved from /home/airflow/.local/lib/python3.8/site-packages/airflow/example_dags/example_task_group_decorator.py
[2026-07-07T09:43:28.311+0000] {logging_mixin.py:188} INFO - [2026-07-07T09:43:28.311+0000] {dag.py:3036} INFO - Sync 1 DAGs
[2026-07-07T09:43:28.352+0000] {logging_mixin.py:188} INFO - [2026-07-07T09:43:28.351+0000] {dag.py:3823} INFO - Setting next_dagrun for example_task_group_decorator to 2026-07-06 00:00:00+00:00, run_after=2026-07-07 00:00:00+00:00
[2026-07-07T09:43:28.392+0000] {processor.py:183} INFO - Processing /home/airflow/.local/lib/python3.8/site-packages/airflow/example_dags/example_task_group_decorator.py took 0.182 seconds
[2026-07-07T09:43:59.324+0000] {processor.py:161} INFO - Started process (PID=7045) to work on /home/airflow/.local/lib/python3.8/site-packages/airflow/example_dags/example_task_group_decorator.py
[2026-07-07T09:43:59.327+0000] {processor.py:830} INFO - Processing file /home/airflow/.local/lib/python3.8/site-packages/airflow/example_dags/example_task_group_decorator.py for tasks to queue
[2026-07-07T09:43:59.329+0000] {logging_mixin.py:188} INFO - [2026-07-07T09:43:59.328+0000] {dagbag.py:538} INFO - Filling up the DagBag from /home/airflow/.local/lib/python3.8/site-packages/airflow/example_dags/example_task_group_decorator.py
[2026-07-07T09:43:59.381+0000] {processor.py:840} INFO - DAG(s) 'example_task_group_decorator' retrieved from /home/airflow/.local/lib/python3.8/site-packages/airflow/example_dags/example_task_group_decorator.py
[2026-07-07T09:43:59.436+0000] {logging_mixin.py:188} INFO - [2026-07-07T09:43:59.436+0000] {dag.py:3036} INFO - Sync 1 DAGs
[2026-07-07T09:43:59.484+0000] {logging_mixin.py:188} INFO - [2026-07-07T09:43:59.484+0000] {dag.py:3823} INFO - Setting next_dagrun for example_task_group_decorator to 2026-07-06 00:00:00+00:00, run_after=2026-07-07 00:00:00+00:00
[2026-07-07T09:43:59.534+0000] {processor.py:183} INFO - Processing /home/airflow/.local/lib/python3.8/site-packages/airflow/example_dags/example_task_group_decorator.py took 0.218 seconds
[2026-07-07T09:44:29.734+0000] {processor.py:161} INFO - Started process (PID=7111) to work on /home/airflow/.local/lib/python3.8/site-packages/airflow/example_dags/example_task_group_decorator.py
[2026-07-07T09:44:29.736+0000] {processor.py:830} INFO - Processing file /home/airflow/.local/lib/python3.8/site-packages/airflow/example_dags/example_task_group_decorator.py for tasks to queue
[2026-07-07T09:44:29.739+0000] {logging_mixin.py:188} INFO - [2026-07-07T09:44:29.738+0000] {dagbag.py:538} INFO - Filling up the DagBag from /home/airflow/.local/lib/python3.8/site-packages/airflow/example_dags/example_task_group_decorator.py
[2026-07-07T09:44:29.766+0000] {processor.py:840} INFO - DAG(s) 'example_task_group_decorator' retrieved from /home/airflow/.local/lib/python3.8/site-packages/airflow/example_dags/example_task_group_decorator.py
[2026-07-07T09:44:29.813+0000] {logging_mixin.py:188} INFO - [2026-07-07T09:44:29.813+0000] {dag.py:3036} INFO - Sync 1 DAGs
[2026-07-07T09:44:29.852+0000] {logging_mixin.py:188} INFO - [2026-07-07T09:44:29.852+0000] {dag.py:3823} INFO - Setting next_dagrun for example_task_group_decorator to 2026-07-06 00:00:00+00:00, run_after=2026-07-07 00:00:00+00:00
[2026-07-07T09:44:29.885+0000] {processor.py:183} INFO - Processing /home/airflow/.local/lib/python3.8/site-packages/airflow/example_dags/example_task_group_decorator.py took 0.159 seconds
[2026-07-07T09:45:00.817+0000] {processor.py:161} INFO - Started process (PID=7178) to work on /home/airflow/.local/lib/python3.8/site-packages/airflow/example_dags/example_task_group_decorator.py
[2026-07-07T09:45:00.822+0000] {processor.py:830} INFO - Processing file /home/airflow/.local/lib/python3.8/site-packages/airflow/example_dags/example_task_group_decorator.py for tasks to queue
[2026-07-07T09:45:00.826+0000] {logging_mixin.py:188} INFO - [2026-07-07T09:45:00.825+0000] {dagbag.py:538} INFO - Filling up the DagBag from /home/airflow/.local/lib/python3.8/site-packages/airflow/example_dags/example_task_group_decorator.py
[2026-07-07T09:45:00.936+0000] {processor.py:840} INFO - DAG(s) 'example_task_group_decorator' retrieved from /home/airflow/.local/lib/python3.8/site-packages/airflow/example_dags/example_task_group_decorator.py
[2026-07-07T09:45:01.025+0000] {logging_mixin.py:188} INFO - [2026-07-07T09:45:01.024+0000] {dag.py:3036} INFO - Sync 1 DAGs
[2026-07-07T09:45:01.104+0000] {logging_mixin.py:188} INFO - [2026-07-07T09:45:01.104+0000] {dag.py:3823} INFO - Setting next_dagrun for example_task_group_decorator to 2026-07-06 00:00:00+00:00, run_after=2026-07-07 00:00:00+00:00
[2026-07-07T09:45:01.202+0000] {processor.py:183} INFO - Processing /home/airflow/.local/lib/python3.8/site-packages/airflow/example_dags/example_task_group_decorator.py took 0.400 seconds
[2026-07-07T09:45:32.278+0000] {processor.py:161} INFO - Started process (PID=7243) to work on /home/airflow/.local/lib/python3.8/site-packages/airflow/example_dags/example_task_group_decorator.py
[2026-07-07T09:45:32.307+0000] {processor.py:830} INFO - Processing file /home/airflow/.local/lib/python3.8/site-packages/airflow/example_dags/example_task_group_decorator.py for tasks to queue
[2026-07-07T09:45:32.312+0000] {logging_mixin.py:188} INFO - [2026-07-07T09:45:32.311+0000] {dagbag.py:538} INFO - Filling up the DagBag from /home/airflow/.local/lib/python3.8/site-packages/airflow/example_dags/example_task_group_decorator.py
[2026-07-07T09:45:32.580+0000] {processor.py:840} INFO - DAG(s) 'example_task_group_decorator' retrieved from /home/airflow/.local/lib/python3.8/site-packages/airflow/example_dags/example_task_group_decorator.py
[2026-07-07T09:45:32.871+0000] {logging_mixin.py:188} INFO - [2026-07-07T09:45:32.870+0000] {dag.py:3036} INFO - Sync 1 DAGs
[2026-07-07T09:45:33.157+0000] {logging_mixin.py:188} INFO - [2026-07-07T09:45:33.156+0000] {dag.py:3823} INFO - Setting next_dagrun for example_task_group_decorator to 2026-07-06 00:00:00+00:00, run_after=2026-07-07 00:00:00+00:00
[2026-07-07T09:45:33.399+0000] {processor.py:183} INFO - Processing /home/airflow/.local/lib/python3.8/site-packages/airflow/example_dags/example_task_group_decorator.py took 1.169 seconds
[2026-07-07T09:46:04.113+0000] {processor.py:161} INFO - Started process (PID=7303) to work on /home/airflow/.local/lib/python3.8/site-packages/airflow/example_dags/example_task_group_decorator.py
[2026-07-07T09:46:04.116+0000] {processor.py:830} INFO - Processing file /home/airflow/.local/lib/python3.8/site-packages/airflow/example_dags/example_task_group_decorator.py for tasks to queue
[2026-07-07T09:46:04.120+0000] {logging_mixin.py:188} INFO - [2026-07-07T09:46:04.120+0000] {dagbag.py:538} INFO - Filling up the DagBag from /home/airflow/.local/lib/python3.8/site-packages/airflow/example_dags/example_task_group_decorator.py
[2026-07-07T09:46:04.199+0000] {processor.py:840} INFO - DAG(s) 'example_task_group_decorator' retrieved from /home/airflow/.local/lib/python3.8/site-packages/airflow/example_dags/example_task_group_decorator.py
[2026-07-07T09:46:04.293+0000] {logging_mixin.py:188} INFO - [2026-07-07T09:46:04.293+0000] {dag.py:3036} INFO - Sync 1 DAGs
[2026-07-07T09:46:04.353+0000] {logging_mixin.py:188} INFO - [2026-07-07T09:46:04.352+0000] {dag.py:3823} INFO - Setting next_dagrun for example_task_group_decorator to 2026-07-06 00:00:00+00:00, run_after=2026-07-07 00:00:00+00:00
[2026-07-07T09:46:04.401+0000] {processor.py:183} INFO - Processing /home/airflow/.local/lib/python3.8/site-packages/airflow/example_dags/example_task_group_decorator.py took 0.313 seconds
[2026-07-07T09:46:34.607+0000] {processor.py:161} INFO - Started process (PID=7369) to work on /home/airflow/.local/lib/python3.8/site-packages/airflow/example_dags/example_task_group_decorator.py
[2026-07-07T09:46:34.609+0000] {processor.py:830} INFO - Processing file /home/airflow/.local/lib/python3.8/site-packages/airflow/example_dags/example_task_group_decorator.py for tasks to queue
[2026-07-07T09:46:34.611+0000] {logging_mixin.py:188} INFO - [2026-07-07T09:46:34.611+0000] {dagbag.py:538} INFO - Filling up the DagBag from /home/airflow/.local/lib/python3.8/site-packages/airflow/example_dags/example_task_group_decorator.py
[2026-07-07T09:46:34.655+0000] {processor.py:840} INFO - DAG(s) 'example_task_group_decorator' retrieved from /home/airflow/.local/lib/python3.8/site-packages/airflow/example_dags/example_task_group_decorator.py
[2026-07-07T09:46:34.724+0000] {logging_mixin.py:188} INFO - [2026-07-07T09:46:34.723+0000] {dag.py:3036} INFO - Sync 1 DAGs
[2026-07-07T09:46:34.803+0000] {logging_mixin.py:188} INFO - [2026-07-07T09:46:34.802+0000] {dag.py:3823} INFO - Setting next_dagrun for example_task_group_decorator to 2026-07-06 00:00:00+00:00, run_after=2026-07-07 00:00:00+00:00
[2026-07-07T09:46:34.864+0000] {processor.py:183} INFO - Processing /home/airflow/.local/lib/python3.8/site-packages/airflow/example_dags/example_task_group_decorator.py took 0.266 seconds
