[2026-07-07T09:08:38.281+0000] {processor.py:161} INFO - Started process (PID=4156) to work on /home/airflow/.local/lib/python3.8/site-packages/airflow/example_dags/example_short_circuit_decorator.py
[2026-07-07T09:08:38.284+0000] {processor.py:830} INFO - Processing file /home/airflow/.local/lib/python3.8/site-packages/airflow/example_dags/example_short_circuit_decorator.py for tasks to queue
[2026-07-07T09:08:38.376+0000] {logging_mixin.py:188} INFO - [2026-07-07T09:08:38.287+0000] {dagbag.py:538} INFO - Filling up the DagBag from /home/airflow/.local/lib/python3.8/site-packages/airflow/example_dags/example_short_circuit_decorator.py
[2026-07-07T09:08:38.688+0000] {processor.py:840} INFO - DAG(s) 'example_short_circuit_decorator' retrieved from /home/airflow/.local/lib/python3.8/site-packages/airflow/example_dags/example_short_circuit_decorator.py
[2026-07-07T09:08:40.922+0000] {logging_mixin.py:188} INFO - [2026-07-07T09:08:40.922+0000] {dag.py:3036} INFO - Sync 1 DAGs
[2026-07-07T09:08:41.877+0000] {logging_mixin.py:188} INFO - [2026-07-07T09:08:41.876+0000] {dag.py:3823} INFO - Setting next_dagrun for example_short_circuit_decorator to 2026-07-06 00:00:00+00:00, run_after=2026-07-07 00:00:00+00:00
[2026-07-07T09:08:42.420+0000] {processor.py:183} INFO - Processing /home/airflow/.local/lib/python3.8/site-packages/airflow/example_dags/example_short_circuit_decorator.py took 4.151 seconds
[2026-07-07T09:09:26.593+0000] {processor.py:161} INFO - Started process (PID=4211) to work on /home/airflow/.local/lib/python3.8/site-packages/airflow/example_dags/example_short_circuit_decorator.py
[2026-07-07T09:09:26.600+0000] {processor.py:830} INFO - Processing file /home/airflow/.local/lib/python3.8/site-packages/airflow/example_dags/example_short_circuit_decorator.py for tasks to queue
[2026-07-07T09:09:26.602+0000] {logging_mixin.py:188} INFO - [2026-07-07T09:09:26.601+0000] {dagbag.py:538} INFO - Filling up the DagBag from /home/airflow/.local/lib/python3.8/site-packages/airflow/example_dags/example_short_circuit_decorator.py
[2026-07-07T09:09:26.640+0000] {processor.py:840} INFO - DAG(s) 'example_short_circuit_decorator' retrieved from /home/airflow/.local/lib/python3.8/site-packages/airflow/example_dags/example_short_circuit_decorator.py
[2026-07-07T09:09:26.707+0000] {logging_mixin.py:188} INFO - [2026-07-07T09:09:26.707+0000] {dag.py:3036} INFO - Sync 1 DAGs
[2026-07-07T09:09:26.805+0000] {logging_mixin.py:188} INFO - [2026-07-07T09:09:26.805+0000] {dag.py:3823} INFO - Setting next_dagrun for example_short_circuit_decorator to 2026-07-06 00:00:00+00:00, run_after=2026-07-07 00:00:00+00:00
[2026-07-07T09:09:26.893+0000] {processor.py:183} INFO - Processing /home/airflow/.local/lib/python3.8/site-packages/airflow/example_dags/example_short_circuit_decorator.py took 0.320 seconds
[2026-07-07T09:09:57.275+0000] {processor.py:161} INFO - Started process (PID=4278) to work on /home/airflow/.local/lib/python3.8/site-packages/airflow/example_dags/example_short_circuit_decorator.py
[2026-07-07T09:09:57.284+0000] {processor.py:830} INFO - Processing file /home/airflow/.local/lib/python3.8/site-packages/airflow/example_dags/example_short_circuit_decorator.py for tasks to queue
[2026-07-07T09:09:57.287+0000] {logging_mixin.py:188} INFO - [2026-07-07T09:09:57.286+0000] {dagbag.py:538} INFO - Filling up the DagBag from /home/airflow/.local/lib/python3.8/site-packages/airflow/example_dags/example_short_circuit_decorator.py
[2026-07-07T09:09:57.332+0000] {processor.py:840} INFO - DAG(s) 'example_short_circuit_decorator' retrieved from /home/airflow/.local/lib/python3.8/site-packages/airflow/example_dags/example_short_circuit_decorator.py
[2026-07-07T09:09:57.427+0000] {logging_mixin.py:188} INFO - [2026-07-07T09:09:57.421+0000] {dag.py:3036} INFO - Sync 1 DAGs
[2026-07-07T09:09:57.508+0000] {logging_mixin.py:188} INFO - [2026-07-07T09:09:57.508+0000] {dag.py:3823} INFO - Setting next_dagrun for example_short_circuit_decorator to 2026-07-06 00:00:00+00:00, run_after=2026-07-07 00:00:00+00:00
[2026-07-07T09:09:57.573+0000] {processor.py:183} INFO - Processing /home/airflow/.local/lib/python3.8/site-packages/airflow/example_dags/example_short_circuit_decorator.py took 0.314 seconds
[2026-07-07T09:10:28.223+0000] {processor.py:161} INFO - Started process (PID=4345) to work on /home/airflow/.local/lib/python3.8/site-packages/airflow/example_dags/example_short_circuit_decorator.py
[2026-07-07T09:10:28.239+0000] {processor.py:830} INFO - Processing file /home/airflow/.local/lib/python3.8/site-packages/airflow/example_dags/example_short_circuit_decorator.py for tasks to queue
[2026-07-07T09:10:28.249+0000] {logging_mixin.py:188} INFO - [2026-07-07T09:10:28.249+0000] {dagbag.py:538} INFO - Filling up the DagBag from /home/airflow/.local/lib/python3.8/site-packages/airflow/example_dags/example_short_circuit_decorator.py
[2026-07-07T09:10:28.356+0000] {processor.py:840} INFO - DAG(s) 'example_short_circuit_decorator' retrieved from /home/airflow/.local/lib/python3.8/site-packages/airflow/example_dags/example_short_circuit_decorator.py
[2026-07-07T09:10:28.474+0000] {logging_mixin.py:188} INFO - [2026-07-07T09:10:28.473+0000] {dag.py:3036} INFO - Sync 1 DAGs
[2026-07-07T09:10:28.588+0000] {logging_mixin.py:188} INFO - [2026-07-07T09:10:28.587+0000] {dag.py:3823} INFO - Setting next_dagrun for example_short_circuit_decorator to 2026-07-06 00:00:00+00:00, run_after=2026-07-07 00:00:00+00:00
[2026-07-07T09:10:28.730+0000] {processor.py:183} INFO - Processing /home/airflow/.local/lib/python3.8/site-packages/airflow/example_dags/example_short_circuit_decorator.py took 0.521 seconds
[2026-07-07T09:11:40.518+0000] {processor.py:161} INFO - Started process (PID=4419) to work on /home/airflow/.local/lib/python3.8/site-packages/airflow/example_dags/example_short_circuit_decorator.py
[2026-07-07T09:11:40.567+0000] {processor.py:830} INFO - Processing file /home/airflow/.local/lib/python3.8/site-packages/airflow/example_dags/example_short_circuit_decorator.py for tasks to queue
[2026-07-07T09:11:40.569+0000] {logging_mixin.py:188} INFO - [2026-07-07T09:11:40.568+0000] {dagbag.py:538} INFO - Filling up the DagBag from /home/airflow/.local/lib/python3.8/site-packages/airflow/example_dags/example_short_circuit_decorator.py
[2026-07-07T09:11:41.652+0000] {processor.py:840} INFO - DAG(s) 'example_short_circuit_decorator' retrieved from /home/airflow/.local/lib/python3.8/site-packages/airflow/example_dags/example_short_circuit_decorator.py
[2026-07-07T09:11:45.942+0000] {logging_mixin.py:188} INFO - [2026-07-07T09:11:45.941+0000] {dag.py:3036} INFO - Sync 1 DAGs
[2026-07-07T09:11:46.576+0000] {logging_mixin.py:188} INFO - [2026-07-07T09:11:46.574+0000] {dag.py:3823} INFO - Setting next_dagrun for example_short_circuit_decorator to 2026-07-06 00:00:00+00:00, run_after=2026-07-07 00:00:00+00:00
[2026-07-07T09:11:47.096+0000] {processor.py:183} INFO - Processing /home/airflow/.local/lib/python3.8/site-packages/airflow/example_dags/example_short_circuit_decorator.py took 6.670 seconds
[2026-07-07T09:17:33.226+0000] {processor.py:161} INFO - Started process (PID=4570) to work on /home/airflow/.local/lib/python3.8/site-packages/airflow/example_dags/example_short_circuit_decorator.py
[2026-07-07T09:17:37.548+0000] {processor.py:830} INFO - Processing file /home/airflow/.local/lib/python3.8/site-packages/airflow/example_dags/example_short_circuit_decorator.py for tasks to queue
[2026-07-07T09:17:37.779+0000] {logging_mixin.py:188} INFO - [2026-07-07T09:17:37.670+0000] {dagbag.py:538} INFO - Filling up the DagBag from /home/airflow/.local/lib/python3.8/site-packages/airflow/example_dags/example_short_circuit_decorator.py
[2026-07-07T09:17:42.222+0000] {processor.py:840} INFO - DAG(s) 'example_short_circuit_decorator' retrieved from /home/airflow/.local/lib/python3.8/site-packages/airflow/example_dags/example_short_circuit_decorator.py
[2026-07-07T09:22:17.412+0000] {processor.py:161} INFO - Started process (PID=4719) to work on /home/airflow/.local/lib/python3.8/site-packages/airflow/example_dags/example_short_circuit_decorator.py
[2026-07-07T09:22:17.419+0000] {processor.py:830} INFO - Processing file /home/airflow/.local/lib/python3.8/site-packages/airflow/example_dags/example_short_circuit_decorator.py for tasks to queue
[2026-07-07T09:22:17.426+0000] {logging_mixin.py:188} INFO - [2026-07-07T09:22:17.425+0000] {dagbag.py:538} INFO - Filling up the DagBag from /home/airflow/.local/lib/python3.8/site-packages/airflow/example_dags/example_short_circuit_decorator.py
[2026-07-07T09:22:18.098+0000] {processor.py:840} INFO - DAG(s) 'example_short_circuit_decorator' retrieved from /home/airflow/.local/lib/python3.8/site-packages/airflow/example_dags/example_short_circuit_decorator.py
[2026-07-07T09:22:24.434+0000] {logging_mixin.py:188} INFO - [2026-07-07T09:22:24.433+0000] {dag.py:3036} INFO - Sync 1 DAGs
[2026-07-07T09:22:25.319+0000] {logging_mixin.py:188} INFO - [2026-07-07T09:22:25.318+0000] {dag.py:3823} INFO - Setting next_dagrun for example_short_circuit_decorator to 2026-07-06 00:00:00+00:00, run_after=2026-07-07 00:00:00+00:00
[2026-07-07T09:22:25.863+0000] {processor.py:183} INFO - Processing /home/airflow/.local/lib/python3.8/site-packages/airflow/example_dags/example_short_circuit_decorator.py took 8.544 seconds
[2026-07-07T09:24:57.567+0000] {processor.py:161} INFO - Started process (PID=4812) to work on /home/airflow/.local/lib/python3.8/site-packages/airflow/example_dags/example_short_circuit_decorator.py
[2026-07-07T09:24:59.068+0000] {processor.py:830} INFO - Processing file /home/airflow/.local/lib/python3.8/site-packages/airflow/example_dags/example_short_circuit_decorator.py for tasks to queue
[2026-07-07T09:24:59.075+0000] {logging_mixin.py:188} INFO - [2026-07-07T09:24:59.070+0000] {dagbag.py:538} INFO - Filling up the DagBag from /home/airflow/.local/lib/python3.8/site-packages/airflow/example_dags/example_short_circuit_decorator.py
[2026-07-07T09:24:59.787+0000] {processor.py:840} INFO - DAG(s) 'example_short_circuit_decorator' retrieved from /home/airflow/.local/lib/python3.8/site-packages/airflow/example_dags/example_short_circuit_decorator.py
[2026-07-07T09:25:00.048+0000] {logging_mixin.py:188} INFO - [2026-07-07T09:25:00.044+0000] {dag.py:3036} INFO - Sync 1 DAGs
[2026-07-07T09:25:00.113+0000] {logging_mixin.py:188} INFO - [2026-07-07T09:25:00.112+0000] {dag.py:3823} INFO - Setting next_dagrun for example_short_circuit_decorator to 2026-07-06 00:00:00+00:00, run_after=2026-07-07 00:00:00+00:00
[2026-07-07T09:25:00.286+0000] {processor.py:183} INFO - Processing /home/airflow/.local/lib/python3.8/site-packages/airflow/example_dags/example_short_circuit_decorator.py took 2.809 seconds
[2026-07-07T09:26:10.563+0000] {processor.py:161} INFO - Started process (PID=4877) to work on /home/airflow/.local/lib/python3.8/site-packages/airflow/example_dags/example_short_circuit_decorator.py
[2026-07-07T09:26:10.580+0000] {processor.py:830} INFO - Processing file /home/airflow/.local/lib/python3.8/site-packages/airflow/example_dags/example_short_circuit_decorator.py for tasks to queue
[2026-07-07T09:26:10.583+0000] {logging_mixin.py:188} INFO - [2026-07-07T09:26:10.582+0000] {dagbag.py:538} INFO - Filling up the DagBag from /home/airflow/.local/lib/python3.8/site-packages/airflow/example_dags/example_short_circuit_decorator.py
[2026-07-07T09:26:10.705+0000] {processor.py:840} INFO - DAG(s) 'example_short_circuit_decorator' retrieved from /home/airflow/.local/lib/python3.8/site-packages/airflow/example_dags/example_short_circuit_decorator.py
[2026-07-07T09:26:10.868+0000] {logging_mixin.py:188} INFO - [2026-07-07T09:26:10.858+0000] {dag.py:3036} INFO - Sync 1 DAGs
[2026-07-07T09:26:11.048+0000] {logging_mixin.py:188} INFO - [2026-07-07T09:26:11.047+0000] {dag.py:3823} INFO - Setting next_dagrun for example_short_circuit_decorator to 2026-07-06 00:00:00+00:00, run_after=2026-07-07 00:00:00+00:00
[2026-07-07T09:26:11.225+0000] {processor.py:183} INFO - Processing /home/airflow/.local/lib/python3.8/site-packages/airflow/example_dags/example_short_circuit_decorator.py took 0.679 seconds
[2026-07-07T09:26:43.443+0000] {processor.py:161} INFO - Started process (PID=4944) to work on /home/airflow/.local/lib/python3.8/site-packages/airflow/example_dags/example_short_circuit_decorator.py
[2026-07-07T09:26:43.452+0000] {processor.py:830} INFO - Processing file /home/airflow/.local/lib/python3.8/site-packages/airflow/example_dags/example_short_circuit_decorator.py for tasks to queue
[2026-07-07T09:26:43.459+0000] {logging_mixin.py:188} INFO - [2026-07-07T09:26:43.454+0000] {dagbag.py:538} INFO - Filling up the DagBag from /home/airflow/.local/lib/python3.8/site-packages/airflow/example_dags/example_short_circuit_decorator.py
[2026-07-07T09:26:43.503+0000] {processor.py:840} INFO - DAG(s) 'example_short_circuit_decorator' retrieved from /home/airflow/.local/lib/python3.8/site-packages/airflow/example_dags/example_short_circuit_decorator.py
[2026-07-07T09:26:43.574+0000] {logging_mixin.py:188} INFO - [2026-07-07T09:26:43.573+0000] {dag.py:3036} INFO - Sync 1 DAGs
[2026-07-07T09:26:43.707+0000] {logging_mixin.py:188} INFO - [2026-07-07T09:26:43.706+0000] {dag.py:3823} INFO - Setting next_dagrun for example_short_circuit_decorator to 2026-07-06 00:00:00+00:00, run_after=2026-07-07 00:00:00+00:00
[2026-07-07T09:26:43.756+0000] {processor.py:183} INFO - Processing /home/airflow/.local/lib/python3.8/site-packages/airflow/example_dags/example_short_circuit_decorator.py took 0.327 seconds
[2026-07-07T09:27:16.830+0000] {processor.py:161} INFO - Started process (PID=5003) to work on /home/airflow/.local/lib/python3.8/site-packages/airflow/example_dags/example_short_circuit_decorator.py
[2026-07-07T09:27:16.835+0000] {processor.py:830} INFO - Processing file /home/airflow/.local/lib/python3.8/site-packages/airflow/example_dags/example_short_circuit_decorator.py for tasks to queue
[2026-07-07T09:27:16.839+0000] {logging_mixin.py:188} INFO - [2026-07-07T09:27:16.837+0000] {dagbag.py:538} INFO - Filling up the DagBag from /home/airflow/.local/lib/python3.8/site-packages/airflow/example_dags/example_short_circuit_decorator.py
[2026-07-07T09:27:16.897+0000] {processor.py:840} INFO - DAG(s) 'example_short_circuit_decorator' retrieved from /home/airflow/.local/lib/python3.8/site-packages/airflow/example_dags/example_short_circuit_decorator.py
[2026-07-07T09:27:17.004+0000] {logging_mixin.py:188} INFO - [2026-07-07T09:27:17.003+0000] {dag.py:3036} INFO - Sync 1 DAGs
[2026-07-07T09:27:17.100+0000] {logging_mixin.py:188} INFO - [2026-07-07T09:27:17.100+0000] {dag.py:3823} INFO - Setting next_dagrun for example_short_circuit_decorator to 2026-07-06 00:00:00+00:00, run_after=2026-07-07 00:00:00+00:00
[2026-07-07T09:27:17.196+0000] {processor.py:183} INFO - Processing /home/airflow/.local/lib/python3.8/site-packages/airflow/example_dags/example_short_circuit_decorator.py took 0.388 seconds
[2026-07-07T09:27:49.030+0000] {processor.py:161} INFO - Started process (PID=5068) to work on /home/airflow/.local/lib/python3.8/site-packages/airflow/example_dags/example_short_circuit_decorator.py
[2026-07-07T09:27:49.034+0000] {processor.py:830} INFO - Processing file /home/airflow/.local/lib/python3.8/site-packages/airflow/example_dags/example_short_circuit_decorator.py for tasks to queue
[2026-07-07T09:27:49.038+0000] {logging_mixin.py:188} INFO - [2026-07-07T09:27:49.037+0000] {dagbag.py:538} INFO - Filling up the DagBag from /home/airflow/.local/lib/python3.8/site-packages/airflow/example_dags/example_short_circuit_decorator.py
[2026-07-07T09:27:49.090+0000] {processor.py:840} INFO - DAG(s) 'example_short_circuit_decorator' retrieved from /home/airflow/.local/lib/python3.8/site-packages/airflow/example_dags/example_short_circuit_decorator.py
[2026-07-07T09:27:49.312+0000] {logging_mixin.py:188} INFO - [2026-07-07T09:27:49.312+0000] {dag.py:3036} INFO - Sync 1 DAGs
[2026-07-07T09:27:49.434+0000] {logging_mixin.py:188} INFO - [2026-07-07T09:27:49.433+0000] {dag.py:3823} INFO - Setting next_dagrun for example_short_circuit_decorator to 2026-07-06 00:00:00+00:00, run_after=2026-07-07 00:00:00+00:00
[2026-07-07T09:27:49.683+0000] {processor.py:183} INFO - Processing /home/airflow/.local/lib/python3.8/site-packages/airflow/example_dags/example_short_circuit_decorator.py took 0.679 seconds
[2026-07-07T09:28:31.953+0000] {processor.py:161} INFO - Started process (PID=5135) to work on /home/airflow/.local/lib/python3.8/site-packages/airflow/example_dags/example_short_circuit_decorator.py
[2026-07-07T09:28:31.973+0000] {processor.py:830} INFO - Processing file /home/airflow/.local/lib/python3.8/site-packages/airflow/example_dags/example_short_circuit_decorator.py for tasks to queue
[2026-07-07T09:28:32.005+0000] {logging_mixin.py:188} INFO - [2026-07-07T09:28:31.997+0000] {dagbag.py:538} INFO - Filling up the DagBag from /home/airflow/.local/lib/python3.8/site-packages/airflow/example_dags/example_short_circuit_decorator.py
[2026-07-07T09:28:32.154+0000] {processor.py:840} INFO - DAG(s) 'example_short_circuit_decorator' retrieved from /home/airflow/.local/lib/python3.8/site-packages/airflow/example_dags/example_short_circuit_decorator.py
[2026-07-07T09:28:32.318+0000] {logging_mixin.py:188} INFO - [2026-07-07T09:28:32.317+0000] {dag.py:3036} INFO - Sync 1 DAGs
[2026-07-07T09:28:32.448+0000] {logging_mixin.py:188} INFO - [2026-07-07T09:28:32.448+0000] {dag.py:3823} INFO - Setting next_dagrun for example_short_circuit_decorator to 2026-07-06 00:00:00+00:00, run_after=2026-07-07 00:00:00+00:00
[2026-07-07T09:28:32.573+0000] {processor.py:183} INFO - Processing /home/airflow/.local/lib/python3.8/site-packages/airflow/example_dags/example_short_circuit_decorator.py took 0.799 seconds
[2026-07-07T09:29:03.898+0000] {processor.py:161} INFO - Started process (PID=5201) to work on /home/airflow/.local/lib/python3.8/site-packages/airflow/example_dags/example_short_circuit_decorator.py
[2026-07-07T09:29:03.902+0000] {processor.py:830} INFO - Processing file /home/airflow/.local/lib/python3.8/site-packages/airflow/example_dags/example_short_circuit_decorator.py for tasks to queue
[2026-07-07T09:29:03.907+0000] {logging_mixin.py:188} INFO - [2026-07-07T09:29:03.905+0000] {dagbag.py:538} INFO - Filling up the DagBag from /home/airflow/.local/lib/python3.8/site-packages/airflow/example_dags/example_short_circuit_decorator.py
[2026-07-07T09:29:03.965+0000] {processor.py:840} INFO - DAG(s) 'example_short_circuit_decorator' retrieved from /home/airflow/.local/lib/python3.8/site-packages/airflow/example_dags/example_short_circuit_decorator.py
[2026-07-07T09:29:04.142+0000] {logging_mixin.py:188} INFO - [2026-07-07T09:29:04.141+0000] {dag.py:3036} INFO - Sync 1 DAGs
[2026-07-07T09:29:04.316+0000] {logging_mixin.py:188} INFO - [2026-07-07T09:29:04.315+0000] {dag.py:3823} INFO - Setting next_dagrun for example_short_circuit_decorator to 2026-07-06 00:00:00+00:00, run_after=2026-07-07 00:00:00+00:00
[2026-07-07T09:29:04.471+0000] {processor.py:183} INFO - Processing /home/airflow/.local/lib/python3.8/site-packages/airflow/example_dags/example_short_circuit_decorator.py took 0.613 seconds
[2026-07-07T09:29:34.969+0000] {processor.py:161} INFO - Started process (PID=5260) to work on /home/airflow/.local/lib/python3.8/site-packages/airflow/example_dags/example_short_circuit_decorator.py
[2026-07-07T09:29:34.983+0000] {processor.py:830} INFO - Processing file /home/airflow/.local/lib/python3.8/site-packages/airflow/example_dags/example_short_circuit_decorator.py for tasks to queue
[2026-07-07T09:29:34.992+0000] {logging_mixin.py:188} INFO - [2026-07-07T09:29:34.986+0000] {dagbag.py:538} INFO - Filling up the DagBag from /home/airflow/.local/lib/python3.8/site-packages/airflow/example_dags/example_short_circuit_decorator.py
[2026-07-07T09:29:35.115+0000] {processor.py:840} INFO - DAG(s) 'example_short_circuit_decorator' retrieved from /home/airflow/.local/lib/python3.8/site-packages/airflow/example_dags/example_short_circuit_decorator.py
[2026-07-07T09:29:35.434+0000] {logging_mixin.py:188} INFO - [2026-07-07T09:29:35.433+0000] {dag.py:3036} INFO - Sync 1 DAGs
[2026-07-07T09:29:35.539+0000] {logging_mixin.py:188} INFO - [2026-07-07T09:29:35.539+0000] {dag.py:3823} INFO - Setting next_dagrun for example_short_circuit_decorator to 2026-07-06 00:00:00+00:00, run_after=2026-07-07 00:00:00+00:00
[2026-07-07T09:29:35.637+0000] {processor.py:183} INFO - Processing /home/airflow/.local/lib/python3.8/site-packages/airflow/example_dags/example_short_circuit_decorator.py took 0.738 seconds
[2026-07-07T09:30:06.241+0000] {processor.py:161} INFO - Started process (PID=5326) to work on /home/airflow/.local/lib/python3.8/site-packages/airflow/example_dags/example_short_circuit_decorator.py
[2026-07-07T09:30:06.244+0000] {processor.py:830} INFO - Processing file /home/airflow/.local/lib/python3.8/site-packages/airflow/example_dags/example_short_circuit_decorator.py for tasks to queue
[2026-07-07T09:30:06.247+0000] {logging_mixin.py:188} INFO - [2026-07-07T09:30:06.246+0000] {dagbag.py:538} INFO - Filling up the DagBag from /home/airflow/.local/lib/python3.8/site-packages/airflow/example_dags/example_short_circuit_decorator.py
[2026-07-07T09:30:06.301+0000] {processor.py:840} INFO - DAG(s) 'example_short_circuit_decorator' retrieved from /home/airflow/.local/lib/python3.8/site-packages/airflow/example_dags/example_short_circuit_decorator.py
[2026-07-07T09:30:06.393+0000] {logging_mixin.py:188} INFO - [2026-07-07T09:30:06.392+0000] {dag.py:3036} INFO - Sync 1 DAGs
[2026-07-07T09:30:06.513+0000] {logging_mixin.py:188} INFO - [2026-07-07T09:30:06.512+0000] {dag.py:3823} INFO - Setting next_dagrun for example_short_circuit_decorator to 2026-07-06 00:00:00+00:00, run_after=2026-07-07 00:00:00+00:00
[2026-07-07T09:30:06.646+0000] {processor.py:183} INFO - Processing /home/airflow/.local/lib/python3.8/site-packages/airflow/example_dags/example_short_circuit_decorator.py took 0.417 seconds
[2026-07-07T09:30:37.154+0000] {processor.py:161} INFO - Started process (PID=5385) to work on /home/airflow/.local/lib/python3.8/site-packages/airflow/example_dags/example_short_circuit_decorator.py
[2026-07-07T09:30:37.158+0000] {processor.py:830} INFO - Processing file /home/airflow/.local/lib/python3.8/site-packages/airflow/example_dags/example_short_circuit_decorator.py for tasks to queue
[2026-07-07T09:30:37.162+0000] {logging_mixin.py:188} INFO - [2026-07-07T09:30:37.160+0000] {dagbag.py:538} INFO - Filling up the DagBag from /home/airflow/.local/lib/python3.8/site-packages/airflow/example_dags/example_short_circuit_decorator.py
[2026-07-07T09:30:37.191+0000] {processor.py:840} INFO - DAG(s) 'example_short_circuit_decorator' retrieved from /home/airflow/.local/lib/python3.8/site-packages/airflow/example_dags/example_short_circuit_decorator.py
[2026-07-07T09:30:37.263+0000] {logging_mixin.py:188} INFO - [2026-07-07T09:30:37.263+0000] {dag.py:3036} INFO - Sync 1 DAGs
[2026-07-07T09:30:37.329+0000] {logging_mixin.py:188} INFO - [2026-07-07T09:30:37.328+0000] {dag.py:3823} INFO - Setting next_dagrun for example_short_circuit_decorator to 2026-07-06 00:00:00+00:00, run_after=2026-07-07 00:00:00+00:00
[2026-07-07T09:30:37.387+0000] {processor.py:183} INFO - Processing /home/airflow/.local/lib/python3.8/site-packages/airflow/example_dags/example_short_circuit_decorator.py took 0.246 seconds
[2026-07-07T09:31:16.506+0000] {processor.py:161} INFO - Started process (PID=5452) to work on /home/airflow/.local/lib/python3.8/site-packages/airflow/example_dags/example_short_circuit_decorator.py
[2026-07-07T09:31:16.511+0000] {processor.py:830} INFO - Processing file /home/airflow/.local/lib/python3.8/site-packages/airflow/example_dags/example_short_circuit_decorator.py for tasks to queue
[2026-07-07T09:31:16.522+0000] {logging_mixin.py:188} INFO - [2026-07-07T09:31:16.521+0000] {dagbag.py:538} INFO - Filling up the DagBag from /home/airflow/.local/lib/python3.8/site-packages/airflow/example_dags/example_short_circuit_decorator.py
[2026-07-07T09:31:16.605+0000] {processor.py:840} INFO - DAG(s) 'example_short_circuit_decorator' retrieved from /home/airflow/.local/lib/python3.8/site-packages/airflow/example_dags/example_short_circuit_decorator.py
[2026-07-07T09:31:16.791+0000] {logging_mixin.py:188} INFO - [2026-07-07T09:31:16.790+0000] {dag.py:3036} INFO - Sync 1 DAGs
[2026-07-07T09:31:16.961+0000] {logging_mixin.py:188} INFO - [2026-07-07T09:31:16.960+0000] {dag.py:3823} INFO - Setting next_dagrun for example_short_circuit_decorator to 2026-07-06 00:00:00+00:00, run_after=2026-07-07 00:00:00+00:00
[2026-07-07T09:31:17.101+0000] {processor.py:183} INFO - Processing /home/airflow/.local/lib/python3.8/site-packages/airflow/example_dags/example_short_circuit_decorator.py took 0.624 seconds
[2026-07-07T09:31:51.148+0000] {processor.py:161} INFO - Started process (PID=5518) to work on /home/airflow/.local/lib/python3.8/site-packages/airflow/example_dags/example_short_circuit_decorator.py
[2026-07-07T09:31:51.162+0000] {processor.py:830} INFO - Processing file /home/airflow/.local/lib/python3.8/site-packages/airflow/example_dags/example_short_circuit_decorator.py for tasks to queue
[2026-07-07T09:31:51.164+0000] {logging_mixin.py:188} INFO - [2026-07-07T09:31:51.164+0000] {dagbag.py:538} INFO - Filling up the DagBag from /home/airflow/.local/lib/python3.8/site-packages/airflow/example_dags/example_short_circuit_decorator.py
[2026-07-07T09:31:51.269+0000] {processor.py:840} INFO - DAG(s) 'example_short_circuit_decorator' retrieved from /home/airflow/.local/lib/python3.8/site-packages/airflow/example_dags/example_short_circuit_decorator.py
[2026-07-07T09:31:51.643+0000] {logging_mixin.py:188} INFO - [2026-07-07T09:31:51.643+0000] {dag.py:3036} INFO - Sync 1 DAGs
[2026-07-07T09:31:51.857+0000] {logging_mixin.py:188} INFO - [2026-07-07T09:31:51.856+0000] {dag.py:3823} INFO - Setting next_dagrun for example_short_circuit_decorator to 2026-07-06 00:00:00+00:00, run_after=2026-07-07 00:00:00+00:00
[2026-07-07T09:31:52.065+0000] {processor.py:183} INFO - Processing /home/airflow/.local/lib/python3.8/site-packages/airflow/example_dags/example_short_circuit_decorator.py took 0.952 seconds
[2026-07-07T09:32:22.636+0000] {processor.py:161} INFO - Started process (PID=5576) to work on /home/airflow/.local/lib/python3.8/site-packages/airflow/example_dags/example_short_circuit_decorator.py
[2026-07-07T09:32:22.640+0000] {processor.py:830} INFO - Processing file /home/airflow/.local/lib/python3.8/site-packages/airflow/example_dags/example_short_circuit_decorator.py for tasks to queue
[2026-07-07T09:32:22.643+0000] {logging_mixin.py:188} INFO - [2026-07-07T09:32:22.642+0000] {dagbag.py:538} INFO - Filling up the DagBag from /home/airflow/.local/lib/python3.8/site-packages/airflow/example_dags/example_short_circuit_decorator.py
[2026-07-07T09:32:22.679+0000] {processor.py:840} INFO - DAG(s) 'example_short_circuit_decorator' retrieved from /home/airflow/.local/lib/python3.8/site-packages/airflow/example_dags/example_short_circuit_decorator.py
[2026-07-07T09:32:22.766+0000] {logging_mixin.py:188} INFO - [2026-07-07T09:32:22.765+0000] {dag.py:3036} INFO - Sync 1 DAGs
[2026-07-07T09:32:22.830+0000] {logging_mixin.py:188} INFO - [2026-07-07T09:32:22.829+0000] {dag.py:3823} INFO - Setting next_dagrun for example_short_circuit_decorator to 2026-07-06 00:00:00+00:00, run_after=2026-07-07 00:00:00+00:00
[2026-07-07T09:32:22.889+0000] {processor.py:183} INFO - Processing /home/airflow/.local/lib/python3.8/site-packages/airflow/example_dags/example_short_circuit_decorator.py took 0.272 seconds
[2026-07-07T09:32:53.672+0000] {processor.py:161} INFO - Started process (PID=5644) to work on /home/airflow/.local/lib/python3.8/site-packages/airflow/example_dags/example_short_circuit_decorator.py
[2026-07-07T09:32:53.688+0000] {processor.py:830} INFO - Processing file /home/airflow/.local/lib/python3.8/site-packages/airflow/example_dags/example_short_circuit_decorator.py for tasks to queue
[2026-07-07T09:32:53.692+0000] {logging_mixin.py:188} INFO - [2026-07-07T09:32:53.690+0000] {dagbag.py:538} INFO - Filling up the DagBag from /home/airflow/.local/lib/python3.8/site-packages/airflow/example_dags/example_short_circuit_decorator.py
[2026-07-07T09:32:53.743+0000] {processor.py:840} INFO - DAG(s) 'example_short_circuit_decorator' retrieved from /home/airflow/.local/lib/python3.8/site-packages/airflow/example_dags/example_short_circuit_decorator.py
[2026-07-07T09:32:53.838+0000] {logging_mixin.py:188} INFO - [2026-07-07T09:32:53.837+0000] {dag.py:3036} INFO - Sync 1 DAGs
[2026-07-07T09:32:53.942+0000] {logging_mixin.py:188} INFO - [2026-07-07T09:32:53.942+0000] {dag.py:3823} INFO - Setting next_dagrun for example_short_circuit_decorator to 2026-07-06 00:00:00+00:00, run_after=2026-07-07 00:00:00+00:00
[2026-07-07T09:32:54.025+0000] {processor.py:183} INFO - Processing /home/airflow/.local/lib/python3.8/site-packages/airflow/example_dags/example_short_circuit_decorator.py took 0.372 seconds
[2026-07-07T09:33:24.841+0000] {processor.py:161} INFO - Started process (PID=5710) to work on /home/airflow/.local/lib/python3.8/site-packages/airflow/example_dags/example_short_circuit_decorator.py
[2026-07-07T09:33:24.845+0000] {processor.py:830} INFO - Processing file /home/airflow/.local/lib/python3.8/site-packages/airflow/example_dags/example_short_circuit_decorator.py for tasks to queue
[2026-07-07T09:33:24.851+0000] {logging_mixin.py:188} INFO - [2026-07-07T09:33:24.850+0000] {dagbag.py:538} INFO - Filling up the DagBag from /home/airflow/.local/lib/python3.8/site-packages/airflow/example_dags/example_short_circuit_decorator.py
[2026-07-07T09:33:24.936+0000] {processor.py:840} INFO - DAG(s) 'example_short_circuit_decorator' retrieved from /home/airflow/.local/lib/python3.8/site-packages/airflow/example_dags/example_short_circuit_decorator.py
[2026-07-07T09:33:25.057+0000] {logging_mixin.py:188} INFO - [2026-07-07T09:33:25.057+0000] {dag.py:3036} INFO - Sync 1 DAGs
[2026-07-07T09:33:25.264+0000] {logging_mixin.py:188} INFO - [2026-07-07T09:33:25.264+0000] {dag.py:3823} INFO - Setting next_dagrun for example_short_circuit_decorator to 2026-07-06 00:00:00+00:00, run_after=2026-07-07 00:00:00+00:00
[2026-07-07T09:33:25.348+0000] {processor.py:183} INFO - Processing /home/airflow/.local/lib/python3.8/site-packages/airflow/example_dags/example_short_circuit_decorator.py took 0.533 seconds
[2026-07-07T09:33:55.543+0000] {processor.py:161} INFO - Started process (PID=5770) to work on /home/airflow/.local/lib/python3.8/site-packages/airflow/example_dags/example_short_circuit_decorator.py
[2026-07-07T09:33:55.551+0000] {processor.py:830} INFO - Processing file /home/airflow/.local/lib/python3.8/site-packages/airflow/example_dags/example_short_circuit_decorator.py for tasks to queue
[2026-07-07T09:33:55.553+0000] {logging_mixin.py:188} INFO - [2026-07-07T09:33:55.552+0000] {dagbag.py:538} INFO - Filling up the DagBag from /home/airflow/.local/lib/python3.8/site-packages/airflow/example_dags/example_short_circuit_decorator.py
[2026-07-07T09:33:55.599+0000] {processor.py:840} INFO - DAG(s) 'example_short_circuit_decorator' retrieved from /home/airflow/.local/lib/python3.8/site-packages/airflow/example_dags/example_short_circuit_decorator.py
[2026-07-07T09:33:55.670+0000] {logging_mixin.py:188} INFO - [2026-07-07T09:33:55.669+0000] {dag.py:3036} INFO - Sync 1 DAGs
[2026-07-07T09:33:55.728+0000] {logging_mixin.py:188} INFO - [2026-07-07T09:33:55.728+0000] {dag.py:3823} INFO - Setting next_dagrun for example_short_circuit_decorator to 2026-07-06 00:00:00+00:00, run_after=2026-07-07 00:00:00+00:00
[2026-07-07T09:33:55.802+0000] {processor.py:183} INFO - Processing /home/airflow/.local/lib/python3.8/site-packages/airflow/example_dags/example_short_circuit_decorator.py took 0.298 seconds
[2026-07-07T09:34:26.102+0000] {processor.py:161} INFO - Started process (PID=5837) to work on /home/airflow/.local/lib/python3.8/site-packages/airflow/example_dags/example_short_circuit_decorator.py
[2026-07-07T09:34:26.116+0000] {processor.py:830} INFO - Processing file /home/airflow/.local/lib/python3.8/site-packages/airflow/example_dags/example_short_circuit_decorator.py for tasks to queue
[2026-07-07T09:34:26.118+0000] {logging_mixin.py:188} INFO - [2026-07-07T09:34:26.117+0000] {dagbag.py:538} INFO - Filling up the DagBag from /home/airflow/.local/lib/python3.8/site-packages/airflow/example_dags/example_short_circuit_decorator.py
[2026-07-07T09:34:26.198+0000] {processor.py:840} INFO - DAG(s) 'example_short_circuit_decorator' retrieved from /home/airflow/.local/lib/python3.8/site-packages/airflow/example_dags/example_short_circuit_decorator.py
[2026-07-07T09:34:26.352+0000] {logging_mixin.py:188} INFO - [2026-07-07T09:34:26.351+0000] {dag.py:3036} INFO - Sync 1 DAGs
[2026-07-07T09:34:26.430+0000] {logging_mixin.py:188} INFO - [2026-07-07T09:34:26.430+0000] {dag.py:3823} INFO - Setting next_dagrun for example_short_circuit_decorator to 2026-07-06 00:00:00+00:00, run_after=2026-07-07 00:00:00+00:00
[2026-07-07T09:34:26.501+0000] {processor.py:183} INFO - Processing /home/airflow/.local/lib/python3.8/site-packages/airflow/example_dags/example_short_circuit_decorator.py took 0.409 seconds
[2026-07-07T09:34:57.225+0000] {processor.py:161} INFO - Started process (PID=5904) to work on /home/airflow/.local/lib/python3.8/site-packages/airflow/example_dags/example_short_circuit_decorator.py
[2026-07-07T09:34:57.230+0000] {processor.py:830} INFO - Processing file /home/airflow/.local/lib/python3.8/site-packages/airflow/example_dags/example_short_circuit_decorator.py for tasks to queue
[2026-07-07T09:34:57.236+0000] {logging_mixin.py:188} INFO - [2026-07-07T09:34:57.235+0000] {dagbag.py:538} INFO - Filling up the DagBag from /home/airflow/.local/lib/python3.8/site-packages/airflow/example_dags/example_short_circuit_decorator.py
[2026-07-07T09:34:57.279+0000] {processor.py:840} INFO - DAG(s) 'example_short_circuit_decorator' retrieved from /home/airflow/.local/lib/python3.8/site-packages/airflow/example_dags/example_short_circuit_decorator.py
[2026-07-07T09:34:57.390+0000] {logging_mixin.py:188} INFO - [2026-07-07T09:34:57.387+0000] {dag.py:3036} INFO - Sync 1 DAGs
[2026-07-07T09:34:57.560+0000] {logging_mixin.py:188} INFO - [2026-07-07T09:34:57.560+0000] {dag.py:3823} INFO - Setting next_dagrun for example_short_circuit_decorator to 2026-07-06 00:00:00+00:00, run_after=2026-07-07 00:00:00+00:00
[2026-07-07T09:34:57.715+0000] {processor.py:183} INFO - Processing /home/airflow/.local/lib/python3.8/site-packages/airflow/example_dags/example_short_circuit_decorator.py took 0.511 seconds
[2026-07-07T09:35:28.186+0000] {processor.py:161} INFO - Started process (PID=5963) to work on /home/airflow/.local/lib/python3.8/site-packages/airflow/example_dags/example_short_circuit_decorator.py
[2026-07-07T09:35:28.190+0000] {processor.py:830} INFO - Processing file /home/airflow/.local/lib/python3.8/site-packages/airflow/example_dags/example_short_circuit_decorator.py for tasks to queue
[2026-07-07T09:35:28.196+0000] {logging_mixin.py:188} INFO - [2026-07-07T09:35:28.194+0000] {dagbag.py:538} INFO - Filling up the DagBag from /home/airflow/.local/lib/python3.8/site-packages/airflow/example_dags/example_short_circuit_decorator.py
[2026-07-07T09:35:28.245+0000] {processor.py:840} INFO - DAG(s) 'example_short_circuit_decorator' retrieved from /home/airflow/.local/lib/python3.8/site-packages/airflow/example_dags/example_short_circuit_decorator.py
[2026-07-07T09:35:28.349+0000] {logging_mixin.py:188} INFO - [2026-07-07T09:35:28.348+0000] {dag.py:3036} INFO - Sync 1 DAGs
[2026-07-07T09:35:28.460+0000] {logging_mixin.py:188} INFO - [2026-07-07T09:35:28.459+0000] {dag.py:3823} INFO - Setting next_dagrun for example_short_circuit_decorator to 2026-07-06 00:00:00+00:00, run_after=2026-07-07 00:00:00+00:00
[2026-07-07T09:35:28.538+0000] {processor.py:183} INFO - Processing /home/airflow/.local/lib/python3.8/site-packages/airflow/example_dags/example_short_circuit_decorator.py took 0.364 seconds
[2026-07-07T09:35:58.937+0000] {processor.py:161} INFO - Started process (PID=6036) to work on /home/airflow/.local/lib/python3.8/site-packages/airflow/example_dags/example_short_circuit_decorator.py
[2026-07-07T09:35:58.942+0000] {processor.py:830} INFO - Processing file /home/airflow/.local/lib/python3.8/site-packages/airflow/example_dags/example_short_circuit_decorator.py for tasks to queue
[2026-07-07T09:35:58.946+0000] {logging_mixin.py:188} INFO - [2026-07-07T09:35:58.945+0000] {dagbag.py:538} INFO - Filling up the DagBag from /home/airflow/.local/lib/python3.8/site-packages/airflow/example_dags/example_short_circuit_decorator.py
[2026-07-07T09:35:59.003+0000] {processor.py:840} INFO - DAG(s) 'example_short_circuit_decorator' retrieved from /home/airflow/.local/lib/python3.8/site-packages/airflow/example_dags/example_short_circuit_decorator.py
[2026-07-07T09:35:59.078+0000] {logging_mixin.py:188} INFO - [2026-07-07T09:35:59.078+0000] {dag.py:3036} INFO - Sync 1 DAGs
[2026-07-07T09:35:59.151+0000] {logging_mixin.py:188} INFO - [2026-07-07T09:35:59.150+0000] {dag.py:3823} INFO - Setting next_dagrun for example_short_circuit_decorator to 2026-07-06 00:00:00+00:00, run_after=2026-07-07 00:00:00+00:00
[2026-07-07T09:35:59.238+0000] {processor.py:183} INFO - Processing /home/airflow/.local/lib/python3.8/site-packages/airflow/example_dags/example_short_circuit_decorator.py took 0.323 seconds
[2026-07-07T09:36:30.287+0000] {processor.py:161} INFO - Started process (PID=6100) to work on /home/airflow/.local/lib/python3.8/site-packages/airflow/example_dags/example_short_circuit_decorator.py
[2026-07-07T09:36:30.291+0000] {processor.py:830} INFO - Processing file /home/airflow/.local/lib/python3.8/site-packages/airflow/example_dags/example_short_circuit_decorator.py for tasks to queue
[2026-07-07T09:36:30.294+0000] {logging_mixin.py:188} INFO - [2026-07-07T09:36:30.293+0000] {dagbag.py:538} INFO - Filling up the DagBag from /home/airflow/.local/lib/python3.8/site-packages/airflow/example_dags/example_short_circuit_decorator.py
[2026-07-07T09:36:30.355+0000] {processor.py:840} INFO - DAG(s) 'example_short_circuit_decorator' retrieved from /home/airflow/.local/lib/python3.8/site-packages/airflow/example_dags/example_short_circuit_decorator.py
[2026-07-07T09:36:30.469+0000] {logging_mixin.py:188} INFO - [2026-07-07T09:36:30.467+0000] {dag.py:3036} INFO - Sync 1 DAGs
[2026-07-07T09:36:30.588+0000] {logging_mixin.py:188} INFO - [2026-07-07T09:36:30.587+0000] {dag.py:3823} INFO - Setting next_dagrun for example_short_circuit_decorator to 2026-07-06 00:00:00+00:00, run_after=2026-07-07 00:00:00+00:00
[2026-07-07T09:36:30.686+0000] {processor.py:183} INFO - Processing /home/airflow/.local/lib/python3.8/site-packages/airflow/example_dags/example_short_circuit_decorator.py took 0.437 seconds
[2026-07-07T09:37:01.822+0000] {processor.py:161} INFO - Started process (PID=6159) to work on /home/airflow/.local/lib/python3.8/site-packages/airflow/example_dags/example_short_circuit_decorator.py
[2026-07-07T09:37:01.833+0000] {processor.py:830} INFO - Processing file /home/airflow/.local/lib/python3.8/site-packages/airflow/example_dags/example_short_circuit_decorator.py for tasks to queue
[2026-07-07T09:37:01.848+0000] {logging_mixin.py:188} INFO - [2026-07-07T09:37:01.837+0000] {dagbag.py:538} INFO - Filling up the DagBag from /home/airflow/.local/lib/python3.8/site-packages/airflow/example_dags/example_short_circuit_decorator.py
[2026-07-07T09:37:01.960+0000] {processor.py:840} INFO - DAG(s) 'example_short_circuit_decorator' retrieved from /home/airflow/.local/lib/python3.8/site-packages/airflow/example_dags/example_short_circuit_decorator.py
[2026-07-07T09:37:02.081+0000] {logging_mixin.py:188} INFO - [2026-07-07T09:37:02.080+0000] {dag.py:3036} INFO - Sync 1 DAGs
[2026-07-07T09:37:02.249+0000] {logging_mixin.py:188} INFO - [2026-07-07T09:37:02.248+0000] {dag.py:3823} INFO - Setting next_dagrun for example_short_circuit_decorator to 2026-07-06 00:00:00+00:00, run_after=2026-07-07 00:00:00+00:00
[2026-07-07T09:37:02.384+0000] {processor.py:183} INFO - Processing /home/airflow/.local/lib/python3.8/site-packages/airflow/example_dags/example_short_circuit_decorator.py took 0.580 seconds
[2026-07-07T09:37:33.874+0000] {processor.py:161} INFO - Started process (PID=6225) to work on /home/airflow/.local/lib/python3.8/site-packages/airflow/example_dags/example_short_circuit_decorator.py
[2026-07-07T09:37:33.899+0000] {processor.py:830} INFO - Processing file /home/airflow/.local/lib/python3.8/site-packages/airflow/example_dags/example_short_circuit_decorator.py for tasks to queue
[2026-07-07T09:37:33.919+0000] {logging_mixin.py:188} INFO - [2026-07-07T09:37:33.919+0000] {dagbag.py:538} INFO - Filling up the DagBag from /home/airflow/.local/lib/python3.8/site-packages/airflow/example_dags/example_short_circuit_decorator.py
[2026-07-07T09:37:33.962+0000] {processor.py:840} INFO - DAG(s) 'example_short_circuit_decorator' retrieved from /home/airflow/.local/lib/python3.8/site-packages/airflow/example_dags/example_short_circuit_decorator.py
[2026-07-07T09:37:34.079+0000] {logging_mixin.py:188} INFO - [2026-07-07T09:37:34.079+0000] {dag.py:3036} INFO - Sync 1 DAGs
[2026-07-07T09:37:34.145+0000] {logging_mixin.py:188} INFO - [2026-07-07T09:37:34.145+0000] {dag.py:3823} INFO - Setting next_dagrun for example_short_circuit_decorator to 2026-07-06 00:00:00+00:00, run_after=2026-07-07 00:00:00+00:00
[2026-07-07T09:37:34.196+0000] {processor.py:183} INFO - Processing /home/airflow/.local/lib/python3.8/site-packages/airflow/example_dags/example_short_circuit_decorator.py took 0.331 seconds
[2026-07-07T09:38:05.162+0000] {processor.py:161} INFO - Started process (PID=6290) to work on /home/airflow/.local/lib/python3.8/site-packages/airflow/example_dags/example_short_circuit_decorator.py
[2026-07-07T09:38:05.164+0000] {processor.py:830} INFO - Processing file /home/airflow/.local/lib/python3.8/site-packages/airflow/example_dags/example_short_circuit_decorator.py for tasks to queue
[2026-07-07T09:38:05.169+0000] {logging_mixin.py:188} INFO - [2026-07-07T09:38:05.168+0000] {dagbag.py:538} INFO - Filling up the DagBag from /home/airflow/.local/lib/python3.8/site-packages/airflow/example_dags/example_short_circuit_decorator.py
[2026-07-07T09:38:05.223+0000] {processor.py:840} INFO - DAG(s) 'example_short_circuit_decorator' retrieved from /home/airflow/.local/lib/python3.8/site-packages/airflow/example_dags/example_short_circuit_decorator.py
[2026-07-07T09:38:05.320+0000] {logging_mixin.py:188} INFO - [2026-07-07T09:38:05.320+0000] {dag.py:3036} INFO - Sync 1 DAGs
[2026-07-07T09:38:05.407+0000] {logging_mixin.py:188} INFO - [2026-07-07T09:38:05.406+0000] {dag.py:3823} INFO - Setting next_dagrun for example_short_circuit_decorator to 2026-07-06 00:00:00+00:00, run_after=2026-07-07 00:00:00+00:00
[2026-07-07T09:38:05.480+0000] {processor.py:183} INFO - Processing /home/airflow/.local/lib/python3.8/site-packages/airflow/example_dags/example_short_circuit_decorator.py took 0.345 seconds
[2026-07-07T09:38:36.169+0000] {processor.py:161} INFO - Started process (PID=6347) to work on /home/airflow/.local/lib/python3.8/site-packages/airflow/example_dags/example_short_circuit_decorator.py
[2026-07-07T09:38:36.174+0000] {processor.py:830} INFO - Processing file /home/airflow/.local/lib/python3.8/site-packages/airflow/example_dags/example_short_circuit_decorator.py for tasks to queue
[2026-07-07T09:38:36.181+0000] {logging_mixin.py:188} INFO - [2026-07-07T09:38:36.176+0000] {dagbag.py:538} INFO - Filling up the DagBag from /home/airflow/.local/lib/python3.8/site-packages/airflow/example_dags/example_short_circuit_decorator.py
[2026-07-07T09:38:36.277+0000] {processor.py:840} INFO - DAG(s) 'example_short_circuit_decorator' retrieved from /home/airflow/.local/lib/python3.8/site-packages/airflow/example_dags/example_short_circuit_decorator.py
[2026-07-07T09:38:36.426+0000] {logging_mixin.py:188} INFO - [2026-07-07T09:38:36.426+0000] {dag.py:3036} INFO - Sync 1 DAGs
[2026-07-07T09:38:36.540+0000] {logging_mixin.py:188} INFO - [2026-07-07T09:38:36.540+0000] {dag.py:3823} INFO - Setting next_dagrun for example_short_circuit_decorator to 2026-07-06 00:00:00+00:00, run_after=2026-07-07 00:00:00+00:00
[2026-07-07T09:38:36.629+0000] {processor.py:183} INFO - Processing /home/airflow/.local/lib/python3.8/site-packages/airflow/example_dags/example_short_circuit_decorator.py took 0.485 seconds
[2026-07-07T09:39:06.869+0000] {processor.py:161} INFO - Started process (PID=6415) to work on /home/airflow/.local/lib/python3.8/site-packages/airflow/example_dags/example_short_circuit_decorator.py
[2026-07-07T09:39:06.871+0000] {processor.py:830} INFO - Processing file /home/airflow/.local/lib/python3.8/site-packages/airflow/example_dags/example_short_circuit_decorator.py for tasks to queue
[2026-07-07T09:39:06.874+0000] {logging_mixin.py:188} INFO - [2026-07-07T09:39:06.873+0000] {dagbag.py:538} INFO - Filling up the DagBag from /home/airflow/.local/lib/python3.8/site-packages/airflow/example_dags/example_short_circuit_decorator.py
[2026-07-07T09:39:06.898+0000] {processor.py:840} INFO - DAG(s) 'example_short_circuit_decorator' retrieved from /home/airflow/.local/lib/python3.8/site-packages/airflow/example_dags/example_short_circuit_decorator.py
[2026-07-07T09:39:06.951+0000] {logging_mixin.py:188} INFO - [2026-07-07T09:39:06.951+0000] {dag.py:3036} INFO - Sync 1 DAGs
[2026-07-07T09:39:07.000+0000] {logging_mixin.py:188} INFO - [2026-07-07T09:39:06.999+0000] {dag.py:3823} INFO - Setting next_dagrun for example_short_circuit_decorator to 2026-07-06 00:00:00+00:00, run_after=2026-07-07 00:00:00+00:00
[2026-07-07T09:39:07.046+0000] {processor.py:183} INFO - Processing /home/airflow/.local/lib/python3.8/site-packages/airflow/example_dags/example_short_circuit_decorator.py took 0.186 seconds
[2026-07-07T09:39:37.542+0000] {processor.py:161} INFO - Started process (PID=6480) to work on /home/airflow/.local/lib/python3.8/site-packages/airflow/example_dags/example_short_circuit_decorator.py
[2026-07-07T09:39:37.552+0000] {processor.py:830} INFO - Processing file /home/airflow/.local/lib/python3.8/site-packages/airflow/example_dags/example_short_circuit_decorator.py for tasks to queue
[2026-07-07T09:39:37.555+0000] {logging_mixin.py:188} INFO - [2026-07-07T09:39:37.554+0000] {dagbag.py:538} INFO - Filling up the DagBag from /home/airflow/.local/lib/python3.8/site-packages/airflow/example_dags/example_short_circuit_decorator.py
[2026-07-07T09:39:37.607+0000] {processor.py:840} INFO - DAG(s) 'example_short_circuit_decorator' retrieved from /home/airflow/.local/lib/python3.8/site-packages/airflow/example_dags/example_short_circuit_decorator.py
[2026-07-07T09:39:37.714+0000] {logging_mixin.py:188} INFO - [2026-07-07T09:39:37.712+0000] {dag.py:3036} INFO - Sync 1 DAGs
[2026-07-07T09:39:38.085+0000] {logging_mixin.py:188} INFO - [2026-07-07T09:39:38.082+0000] {dag.py:3823} INFO - Setting next_dagrun for example_short_circuit_decorator to 2026-07-06 00:00:00+00:00, run_after=2026-07-07 00:00:00+00:00
[2026-07-07T09:39:38.265+0000] {processor.py:183} INFO - Processing /home/airflow/.local/lib/python3.8/site-packages/airflow/example_dags/example_short_circuit_decorator.py took 0.738 seconds
[2026-07-07T09:40:08.457+0000] {processor.py:161} INFO - Started process (PID=6549) to work on /home/airflow/.local/lib/python3.8/site-packages/airflow/example_dags/example_short_circuit_decorator.py
[2026-07-07T09:40:08.459+0000] {processor.py:830} INFO - Processing file /home/airflow/.local/lib/python3.8/site-packages/airflow/example_dags/example_short_circuit_decorator.py for tasks to queue
[2026-07-07T09:40:08.461+0000] {logging_mixin.py:188} INFO - [2026-07-07T09:40:08.461+0000] {dagbag.py:538} INFO - Filling up the DagBag from /home/airflow/.local/lib/python3.8/site-packages/airflow/example_dags/example_short_circuit_decorator.py
[2026-07-07T09:40:08.490+0000] {processor.py:840} INFO - DAG(s) 'example_short_circuit_decorator' retrieved from /home/airflow/.local/lib/python3.8/site-packages/airflow/example_dags/example_short_circuit_decorator.py
[2026-07-07T09:40:08.573+0000] {logging_mixin.py:188} INFO - [2026-07-07T09:40:08.572+0000] {dag.py:3036} INFO - Sync 1 DAGs
[2026-07-07T09:40:08.663+0000] {logging_mixin.py:188} INFO - [2026-07-07T09:40:08.662+0000] {dag.py:3823} INFO - Setting next_dagrun for example_short_circuit_decorator to 2026-07-06 00:00:00+00:00, run_after=2026-07-07 00:00:00+00:00
[2026-07-07T09:40:08.873+0000] {processor.py:183} INFO - Processing /home/airflow/.local/lib/python3.8/site-packages/airflow/example_dags/example_short_circuit_decorator.py took 0.430 seconds
[2026-07-07T09:40:40.057+0000] {processor.py:161} INFO - Started process (PID=6615) to work on /home/airflow/.local/lib/python3.8/site-packages/airflow/example_dags/example_short_circuit_decorator.py
[2026-07-07T09:40:40.061+0000] {processor.py:830} INFO - Processing file /home/airflow/.local/lib/python3.8/site-packages/airflow/example_dags/example_short_circuit_decorator.py for tasks to queue
[2026-07-07T09:40:40.064+0000] {logging_mixin.py:188} INFO - [2026-07-07T09:40:40.063+0000] {dagbag.py:538} INFO - Filling up the DagBag from /home/airflow/.local/lib/python3.8/site-packages/airflow/example_dags/example_short_circuit_decorator.py
[2026-07-07T09:40:40.107+0000] {processor.py:840} INFO - DAG(s) 'example_short_circuit_decorator' retrieved from /home/airflow/.local/lib/python3.8/site-packages/airflow/example_dags/example_short_circuit_decorator.py
[2026-07-07T09:40:40.206+0000] {logging_mixin.py:188} INFO - [2026-07-07T09:40:40.206+0000] {dag.py:3036} INFO - Sync 1 DAGs
[2026-07-07T09:40:40.287+0000] {logging_mixin.py:188} INFO - [2026-07-07T09:40:40.286+0000] {dag.py:3823} INFO - Setting next_dagrun for example_short_circuit_decorator to 2026-07-06 00:00:00+00:00, run_after=2026-07-07 00:00:00+00:00
[2026-07-07T09:40:40.332+0000] {processor.py:183} INFO - Processing /home/airflow/.local/lib/python3.8/site-packages/airflow/example_dags/example_short_circuit_decorator.py took 0.302 seconds
[2026-07-07T09:41:10.589+0000] {processor.py:161} INFO - Started process (PID=6682) to work on /home/airflow/.local/lib/python3.8/site-packages/airflow/example_dags/example_short_circuit_decorator.py
[2026-07-07T09:41:10.591+0000] {processor.py:830} INFO - Processing file /home/airflow/.local/lib/python3.8/site-packages/airflow/example_dags/example_short_circuit_decorator.py for tasks to queue
[2026-07-07T09:41:10.593+0000] {logging_mixin.py:188} INFO - [2026-07-07T09:41:10.592+0000] {dagbag.py:538} INFO - Filling up the DagBag from /home/airflow/.local/lib/python3.8/site-packages/airflow/example_dags/example_short_circuit_decorator.py
[2026-07-07T09:41:10.620+0000] {processor.py:840} INFO - DAG(s) 'example_short_circuit_decorator' retrieved from /home/airflow/.local/lib/python3.8/site-packages/airflow/example_dags/example_short_circuit_decorator.py
[2026-07-07T09:41:10.686+0000] {logging_mixin.py:188} INFO - [2026-07-07T09:41:10.685+0000] {dag.py:3036} INFO - Sync 1 DAGs
[2026-07-07T09:41:10.747+0000] {logging_mixin.py:188} INFO - [2026-07-07T09:41:10.746+0000] {dag.py:3823} INFO - Setting next_dagrun for example_short_circuit_decorator to 2026-07-06 00:00:00+00:00, run_after=2026-07-07 00:00:00+00:00
[2026-07-07T09:41:10.788+0000] {processor.py:183} INFO - Processing /home/airflow/.local/lib/python3.8/site-packages/airflow/example_dags/example_short_circuit_decorator.py took 0.210 seconds
[2026-07-07T09:41:40.957+0000] {processor.py:161} INFO - Started process (PID=6749) to work on /home/airflow/.local/lib/python3.8/site-packages/airflow/example_dags/example_short_circuit_decorator.py
[2026-07-07T09:41:40.964+0000] {processor.py:830} INFO - Processing file /home/airflow/.local/lib/python3.8/site-packages/airflow/example_dags/example_short_circuit_decorator.py for tasks to queue
[2026-07-07T09:41:40.966+0000] {logging_mixin.py:188} INFO - [2026-07-07T09:41:40.966+0000] {dagbag.py:538} INFO - Filling up the DagBag from /home/airflow/.local/lib/python3.8/site-packages/airflow/example_dags/example_short_circuit_decorator.py
[2026-07-07T09:41:40.993+0000] {processor.py:840} INFO - DAG(s) 'example_short_circuit_decorator' retrieved from /home/airflow/.local/lib/python3.8/site-packages/airflow/example_dags/example_short_circuit_decorator.py
[2026-07-07T09:41:41.061+0000] {logging_mixin.py:188} INFO - [2026-07-07T09:41:41.061+0000] {dag.py:3036} INFO - Sync 1 DAGs
[2026-07-07T09:41:41.109+0000] {logging_mixin.py:188} INFO - [2026-07-07T09:41:41.109+0000] {dag.py:3823} INFO - Setting next_dagrun for example_short_circuit_decorator to 2026-07-06 00:00:00+00:00, run_after=2026-07-07 00:00:00+00:00
[2026-07-07T09:41:41.153+0000] {processor.py:183} INFO - Processing /home/airflow/.local/lib/python3.8/site-packages/airflow/example_dags/example_short_circuit_decorator.py took 0.205 seconds
[2026-07-07T09:42:11.782+0000] {processor.py:161} INFO - Started process (PID=6815) to work on /home/airflow/.local/lib/python3.8/site-packages/airflow/example_dags/example_short_circuit_decorator.py
[2026-07-07T09:42:11.815+0000] {processor.py:830} INFO - Processing file /home/airflow/.local/lib/python3.8/site-packages/airflow/example_dags/example_short_circuit_decorator.py for tasks to queue
[2026-07-07T09:42:11.820+0000] {logging_mixin.py:188} INFO - [2026-07-07T09:42:11.817+0000] {dagbag.py:538} INFO - Filling up the DagBag from /home/airflow/.local/lib/python3.8/site-packages/airflow/example_dags/example_short_circuit_decorator.py
[2026-07-07T09:42:11.863+0000] {processor.py:840} INFO - DAG(s) 'example_short_circuit_decorator' retrieved from /home/airflow/.local/lib/python3.8/site-packages/airflow/example_dags/example_short_circuit_decorator.py
[2026-07-07T09:42:11.952+0000] {logging_mixin.py:188} INFO - [2026-07-07T09:42:11.950+0000] {dag.py:3036} INFO - Sync 1 DAGs
[2026-07-07T09:42:12.097+0000] {logging_mixin.py:188} INFO - [2026-07-07T09:42:12.096+0000] {dag.py:3823} INFO - Setting next_dagrun for example_short_circuit_decorator to 2026-07-06 00:00:00+00:00, run_after=2026-07-07 00:00:00+00:00
[2026-07-07T09:42:12.205+0000] {processor.py:183} INFO - Processing /home/airflow/.local/lib/python3.8/site-packages/airflow/example_dags/example_short_circuit_decorator.py took 0.440 seconds
[2026-07-07T09:42:42.561+0000] {processor.py:161} INFO - Started process (PID=6882) to work on /home/airflow/.local/lib/python3.8/site-packages/airflow/example_dags/example_short_circuit_decorator.py
[2026-07-07T09:42:42.570+0000] {processor.py:830} INFO - Processing file /home/airflow/.local/lib/python3.8/site-packages/airflow/example_dags/example_short_circuit_decorator.py for tasks to queue
[2026-07-07T09:42:42.575+0000] {logging_mixin.py:188} INFO - [2026-07-07T09:42:42.574+0000] {dagbag.py:538} INFO - Filling up the DagBag from /home/airflow/.local/lib/python3.8/site-packages/airflow/example_dags/example_short_circuit_decorator.py
[2026-07-07T09:42:42.629+0000] {processor.py:840} INFO - DAG(s) 'example_short_circuit_decorator' retrieved from /home/airflow/.local/lib/python3.8/site-packages/airflow/example_dags/example_short_circuit_decorator.py
[2026-07-07T09:42:42.747+0000] {logging_mixin.py:188} INFO - [2026-07-07T09:42:42.746+0000] {dag.py:3036} INFO - Sync 1 DAGs
[2026-07-07T09:42:42.881+0000] {logging_mixin.py:188} INFO - [2026-07-07T09:42:42.881+0000] {dag.py:3823} INFO - Setting next_dagrun for example_short_circuit_decorator to 2026-07-06 00:00:00+00:00, run_after=2026-07-07 00:00:00+00:00
[2026-07-07T09:42:42.959+0000] {processor.py:183} INFO - Processing /home/airflow/.local/lib/python3.8/site-packages/airflow/example_dags/example_short_circuit_decorator.py took 0.413 seconds
[2026-07-07T09:43:13.783+0000] {processor.py:161} INFO - Started process (PID=6949) to work on /home/airflow/.local/lib/python3.8/site-packages/airflow/example_dags/example_short_circuit_decorator.py
[2026-07-07T09:43:13.799+0000] {processor.py:830} INFO - Processing file /home/airflow/.local/lib/python3.8/site-packages/airflow/example_dags/example_short_circuit_decorator.py for tasks to queue
[2026-07-07T09:43:13.802+0000] {logging_mixin.py:188} INFO - [2026-07-07T09:43:13.801+0000] {dagbag.py:538} INFO - Filling up the DagBag from /home/airflow/.local/lib/python3.8/site-packages/airflow/example_dags/example_short_circuit_decorator.py
[2026-07-07T09:43:13.834+0000] {processor.py:840} INFO - DAG(s) 'example_short_circuit_decorator' retrieved from /home/airflow/.local/lib/python3.8/site-packages/airflow/example_dags/example_short_circuit_decorator.py
[2026-07-07T09:43:13.907+0000] {logging_mixin.py:188} INFO - [2026-07-07T09:43:13.906+0000] {dag.py:3036} INFO - Sync 1 DAGs
[2026-07-07T09:43:13.963+0000] {logging_mixin.py:188} INFO - [2026-07-07T09:43:13.963+0000] {dag.py:3823} INFO - Setting next_dagrun for example_short_circuit_decorator to 2026-07-06 00:00:00+00:00, run_after=2026-07-07 00:00:00+00:00
[2026-07-07T09:43:14.022+0000] {processor.py:183} INFO - Processing /home/airflow/.local/lib/python3.8/site-packages/airflow/example_dags/example_short_circuit_decorator.py took 0.260 seconds
[2026-07-07T09:43:44.490+0000] {processor.py:161} INFO - Started process (PID=7008) to work on /home/airflow/.local/lib/python3.8/site-packages/airflow/example_dags/example_short_circuit_decorator.py
[2026-07-07T09:43:44.494+0000] {processor.py:830} INFO - Processing file /home/airflow/.local/lib/python3.8/site-packages/airflow/example_dags/example_short_circuit_decorator.py for tasks to queue
[2026-07-07T09:43:44.497+0000] {logging_mixin.py:188} INFO - [2026-07-07T09:43:44.496+0000] {dagbag.py:538} INFO - Filling up the DagBag from /home/airflow/.local/lib/python3.8/site-packages/airflow/example_dags/example_short_circuit_decorator.py
[2026-07-07T09:43:44.545+0000] {processor.py:840} INFO - DAG(s) 'example_short_circuit_decorator' retrieved from /home/airflow/.local/lib/python3.8/site-packages/airflow/example_dags/example_short_circuit_decorator.py
[2026-07-07T09:43:44.610+0000] {logging_mixin.py:188} INFO - [2026-07-07T09:43:44.610+0000] {dag.py:3036} INFO - Sync 1 DAGs
[2026-07-07T09:43:44.657+0000] {logging_mixin.py:188} INFO - [2026-07-07T09:43:44.657+0000] {dag.py:3823} INFO - Setting next_dagrun for example_short_circuit_decorator to 2026-07-06 00:00:00+00:00, run_after=2026-07-07 00:00:00+00:00
[2026-07-07T09:43:44.701+0000] {processor.py:183} INFO - Processing /home/airflow/.local/lib/python3.8/site-packages/airflow/example_dags/example_short_circuit_decorator.py took 0.226 seconds
[2026-07-07T09:44:14.845+0000] {processor.py:161} INFO - Started process (PID=7075) to work on /home/airflow/.local/lib/python3.8/site-packages/airflow/example_dags/example_short_circuit_decorator.py
[2026-07-07T09:44:14.847+0000] {processor.py:830} INFO - Processing file /home/airflow/.local/lib/python3.8/site-packages/airflow/example_dags/example_short_circuit_decorator.py for tasks to queue
[2026-07-07T09:44:14.849+0000] {logging_mixin.py:188} INFO - [2026-07-07T09:44:14.849+0000] {dagbag.py:538} INFO - Filling up the DagBag from /home/airflow/.local/lib/python3.8/site-packages/airflow/example_dags/example_short_circuit_decorator.py
[2026-07-07T09:44:14.877+0000] {processor.py:840} INFO - DAG(s) 'example_short_circuit_decorator' retrieved from /home/airflow/.local/lib/python3.8/site-packages/airflow/example_dags/example_short_circuit_decorator.py
[2026-07-07T09:44:14.950+0000] {logging_mixin.py:188} INFO - [2026-07-07T09:44:14.949+0000] {dag.py:3036} INFO - Sync 1 DAGs
[2026-07-07T09:44:15.024+0000] {logging_mixin.py:188} INFO - [2026-07-07T09:44:15.023+0000] {dag.py:3823} INFO - Setting next_dagrun for example_short_circuit_decorator to 2026-07-06 00:00:00+00:00, run_after=2026-07-07 00:00:00+00:00
[2026-07-07T09:44:15.090+0000] {processor.py:183} INFO - Processing /home/airflow/.local/lib/python3.8/site-packages/airflow/example_dags/example_short_circuit_decorator.py took 0.256 seconds
[2026-07-07T09:44:45.200+0000] {processor.py:161} INFO - Started process (PID=7141) to work on /home/airflow/.local/lib/python3.8/site-packages/airflow/example_dags/example_short_circuit_decorator.py
[2026-07-07T09:44:45.211+0000] {processor.py:830} INFO - Processing file /home/airflow/.local/lib/python3.8/site-packages/airflow/example_dags/example_short_circuit_decorator.py for tasks to queue
[2026-07-07T09:44:45.213+0000] {logging_mixin.py:188} INFO - [2026-07-07T09:44:45.212+0000] {dagbag.py:538} INFO - Filling up the DagBag from /home/airflow/.local/lib/python3.8/site-packages/airflow/example_dags/example_short_circuit_decorator.py
[2026-07-07T09:44:45.255+0000] {processor.py:840} INFO - DAG(s) 'example_short_circuit_decorator' retrieved from /home/airflow/.local/lib/python3.8/site-packages/airflow/example_dags/example_short_circuit_decorator.py
[2026-07-07T09:44:45.345+0000] {logging_mixin.py:188} INFO - [2026-07-07T09:44:45.344+0000] {dag.py:3036} INFO - Sync 1 DAGs
[2026-07-07T09:44:45.415+0000] {logging_mixin.py:188} INFO - [2026-07-07T09:44:45.415+0000] {dag.py:3823} INFO - Setting next_dagrun for example_short_circuit_decorator to 2026-07-06 00:00:00+00:00, run_after=2026-07-07 00:00:00+00:00
[2026-07-07T09:44:45.460+0000] {processor.py:183} INFO - Processing /home/airflow/.local/lib/python3.8/site-packages/airflow/example_dags/example_short_circuit_decorator.py took 0.274 seconds
[2026-07-07T09:45:15.886+0000] {processor.py:161} INFO - Started process (PID=7208) to work on /home/airflow/.local/lib/python3.8/site-packages/airflow/example_dags/example_short_circuit_decorator.py
[2026-07-07T09:45:15.890+0000] {processor.py:830} INFO - Processing file /home/airflow/.local/lib/python3.8/site-packages/airflow/example_dags/example_short_circuit_decorator.py for tasks to queue
[2026-07-07T09:45:15.893+0000] {logging_mixin.py:188} INFO - [2026-07-07T09:45:15.892+0000] {dagbag.py:538} INFO - Filling up the DagBag from /home/airflow/.local/lib/python3.8/site-packages/airflow/example_dags/example_short_circuit_decorator.py
[2026-07-07T09:45:15.927+0000] {processor.py:840} INFO - DAG(s) 'example_short_circuit_decorator' retrieved from /home/airflow/.local/lib/python3.8/site-packages/airflow/example_dags/example_short_circuit_decorator.py
[2026-07-07T09:45:15.997+0000] {logging_mixin.py:188} INFO - [2026-07-07T09:45:15.995+0000] {dag.py:3036} INFO - Sync 1 DAGs
[2026-07-07T09:45:16.065+0000] {logging_mixin.py:188} INFO - [2026-07-07T09:45:16.064+0000] {dag.py:3823} INFO - Setting next_dagrun for example_short_circuit_decorator to 2026-07-06 00:00:00+00:00, run_after=2026-07-07 00:00:00+00:00
[2026-07-07T09:45:16.118+0000] {processor.py:183} INFO - Processing /home/airflow/.local/lib/python3.8/site-packages/airflow/example_dags/example_short_circuit_decorator.py took 0.248 seconds
[2026-07-07T09:45:47.026+0000] {processor.py:161} INFO - Started process (PID=7264) to work on /home/airflow/.local/lib/python3.8/site-packages/airflow/example_dags/example_short_circuit_decorator.py
[2026-07-07T09:45:47.032+0000] {processor.py:830} INFO - Processing file /home/airflow/.local/lib/python3.8/site-packages/airflow/example_dags/example_short_circuit_decorator.py for tasks to queue
[2026-07-07T09:45:47.036+0000] {logging_mixin.py:188} INFO - [2026-07-07T09:45:47.034+0000] {dagbag.py:538} INFO - Filling up the DagBag from /home/airflow/.local/lib/python3.8/site-packages/airflow/example_dags/example_short_circuit_decorator.py
[2026-07-07T09:45:47.081+0000] {processor.py:840} INFO - DAG(s) 'example_short_circuit_decorator' retrieved from /home/airflow/.local/lib/python3.8/site-packages/airflow/example_dags/example_short_circuit_decorator.py
[2026-07-07T09:45:47.207+0000] {logging_mixin.py:188} INFO - [2026-07-07T09:45:47.206+0000] {dag.py:3036} INFO - Sync 1 DAGs
[2026-07-07T09:45:47.283+0000] {logging_mixin.py:188} INFO - [2026-07-07T09:45:47.282+0000] {dag.py:3823} INFO - Setting next_dagrun for example_short_circuit_decorator to 2026-07-06 00:00:00+00:00, run_after=2026-07-07 00:00:00+00:00
[2026-07-07T09:45:47.326+0000] {processor.py:183} INFO - Processing /home/airflow/.local/lib/python3.8/site-packages/airflow/example_dags/example_short_circuit_decorator.py took 0.331 seconds
[2026-07-07T09:46:18.235+0000] {processor.py:161} INFO - Started process (PID=7331) to work on /home/airflow/.local/lib/python3.8/site-packages/airflow/example_dags/example_short_circuit_decorator.py
[2026-07-07T09:46:18.239+0000] {processor.py:830} INFO - Processing file /home/airflow/.local/lib/python3.8/site-packages/airflow/example_dags/example_short_circuit_decorator.py for tasks to queue
[2026-07-07T09:46:18.242+0000] {logging_mixin.py:188} INFO - [2026-07-07T09:46:18.240+0000] {dagbag.py:538} INFO - Filling up the DagBag from /home/airflow/.local/lib/python3.8/site-packages/airflow/example_dags/example_short_circuit_decorator.py
[2026-07-07T09:46:18.295+0000] {processor.py:840} INFO - DAG(s) 'example_short_circuit_decorator' retrieved from /home/airflow/.local/lib/python3.8/site-packages/airflow/example_dags/example_short_circuit_decorator.py
[2026-07-07T09:46:18.412+0000] {logging_mixin.py:188} INFO - [2026-07-07T09:46:18.409+0000] {dag.py:3036} INFO - Sync 1 DAGs
[2026-07-07T09:46:18.530+0000] {logging_mixin.py:188} INFO - [2026-07-07T09:46:18.527+0000] {dag.py:3823} INFO - Setting next_dagrun for example_short_circuit_decorator to 2026-07-06 00:00:00+00:00, run_after=2026-07-07 00:00:00+00:00
[2026-07-07T09:46:18.606+0000] {processor.py:183} INFO - Processing /home/airflow/.local/lib/python3.8/site-packages/airflow/example_dags/example_short_circuit_decorator.py took 0.387 seconds
[2026-07-07T09:46:49.301+0000] {processor.py:161} INFO - Started process (PID=7396) to work on /home/airflow/.local/lib/python3.8/site-packages/airflow/example_dags/example_short_circuit_decorator.py
[2026-07-07T09:46:49.367+0000] {processor.py:830} INFO - Processing file /home/airflow/.local/lib/python3.8/site-packages/airflow/example_dags/example_short_circuit_decorator.py for tasks to queue
[2026-07-07T09:46:49.397+0000] {logging_mixin.py:188} INFO - [2026-07-07T09:46:49.395+0000] {dagbag.py:538} INFO - Filling up the DagBag from /home/airflow/.local/lib/python3.8/site-packages/airflow/example_dags/example_short_circuit_decorator.py
[2026-07-07T09:46:49.480+0000] {processor.py:840} INFO - DAG(s) 'example_short_circuit_decorator' retrieved from /home/airflow/.local/lib/python3.8/site-packages/airflow/example_dags/example_short_circuit_decorator.py
[2026-07-07T09:46:49.577+0000] {logging_mixin.py:188} INFO - [2026-07-07T09:46:49.577+0000] {dag.py:3036} INFO - Sync 1 DAGs
[2026-07-07T09:46:49.693+0000] {logging_mixin.py:188} INFO - [2026-07-07T09:46:49.692+0000] {dag.py:3823} INFO - Setting next_dagrun for example_short_circuit_decorator to 2026-07-06 00:00:00+00:00, run_after=2026-07-07 00:00:00+00:00
[2026-07-07T09:46:49.757+0000] {processor.py:183} INFO - Processing /home/airflow/.local/lib/python3.8/site-packages/airflow/example_dags/example_short_circuit_decorator.py took 0.517 seconds
