[2026-07-07T09:09:05.646+0000] {processor.py:161} INFO - Started process (PID=4180) to work on /home/airflow/.local/lib/python3.8/site-packages/airflow/example_dags/example_params_ui_tutorial.py
[2026-07-07T09:09:05.701+0000] {processor.py:830} INFO - Processing file /home/airflow/.local/lib/python3.8/site-packages/airflow/example_dags/example_params_ui_tutorial.py for tasks to queue
[2026-07-07T09:09:05.703+0000] {logging_mixin.py:188} INFO - [2026-07-07T09:09:05.703+0000] {dagbag.py:538} INFO - Filling up the DagBag from /home/airflow/.local/lib/python3.8/site-packages/airflow/example_dags/example_params_ui_tutorial.py
[2026-07-07T09:09:05.983+0000] {processor.py:840} INFO - DAG(s) 'example_params_ui_tutorial' retrieved from /home/airflow/.local/lib/python3.8/site-packages/airflow/example_dags/example_params_ui_tutorial.py
[2026-07-07T09:09:09.410+0000] {logging_mixin.py:188} INFO - [2026-07-07T09:09:09.410+0000] {dag.py:3036} INFO - Sync 1 DAGs
[2026-07-07T09:09:09.513+0000] {logging_mixin.py:188} INFO - [2026-07-07T09:09:09.513+0000] {dag.py:3823} INFO - Setting next_dagrun for example_params_ui_tutorial to None, run_after=None
[2026-07-07T09:09:09.800+0000] {processor.py:183} INFO - Processing /home/airflow/.local/lib/python3.8/site-packages/airflow/example_dags/example_params_ui_tutorial.py took 4.194 seconds
[2026-07-07T09:09:40.532+0000] {processor.py:161} INFO - Started process (PID=4249) to work on /home/airflow/.local/lib/python3.8/site-packages/airflow/example_dags/example_params_ui_tutorial.py
[2026-07-07T09:09:40.538+0000] {processor.py:830} INFO - Processing file /home/airflow/.local/lib/python3.8/site-packages/airflow/example_dags/example_params_ui_tutorial.py for tasks to queue
[2026-07-07T09:09:40.540+0000] {logging_mixin.py:188} INFO - [2026-07-07T09:09:40.539+0000] {dagbag.py:538} INFO - Filling up the DagBag from /home/airflow/.local/lib/python3.8/site-packages/airflow/example_dags/example_params_ui_tutorial.py
[2026-07-07T09:09:40.585+0000] {processor.py:840} INFO - DAG(s) 'example_params_ui_tutorial' retrieved from /home/airflow/.local/lib/python3.8/site-packages/airflow/example_dags/example_params_ui_tutorial.py
[2026-07-07T09:09:40.811+0000] {logging_mixin.py:188} INFO - [2026-07-07T09:09:40.810+0000] {dag.py:3036} INFO - Sync 1 DAGs
[2026-07-07T09:09:40.855+0000] {logging_mixin.py:188} INFO - [2026-07-07T09:09:40.855+0000] {dag.py:3823} INFO - Setting next_dagrun for example_params_ui_tutorial to None, run_after=None
[2026-07-07T09:09:40.898+0000] {processor.py:183} INFO - Processing /home/airflow/.local/lib/python3.8/site-packages/airflow/example_dags/example_params_ui_tutorial.py took 0.380 seconds
[2026-07-07T09:10:11.070+0000] {processor.py:161} INFO - Started process (PID=4316) to work on /home/airflow/.local/lib/python3.8/site-packages/airflow/example_dags/example_params_ui_tutorial.py
[2026-07-07T09:10:11.073+0000] {processor.py:830} INFO - Processing file /home/airflow/.local/lib/python3.8/site-packages/airflow/example_dags/example_params_ui_tutorial.py for tasks to queue
[2026-07-07T09:10:11.075+0000] {logging_mixin.py:188} INFO - [2026-07-07T09:10:11.074+0000] {dagbag.py:538} INFO - Filling up the DagBag from /home/airflow/.local/lib/python3.8/site-packages/airflow/example_dags/example_params_ui_tutorial.py
[2026-07-07T09:10:11.106+0000] {processor.py:840} INFO - DAG(s) 'example_params_ui_tutorial' retrieved from /home/airflow/.local/lib/python3.8/site-packages/airflow/example_dags/example_params_ui_tutorial.py
[2026-07-07T09:10:11.264+0000] {logging_mixin.py:188} INFO - [2026-07-07T09:10:11.263+0000] {dag.py:3036} INFO - Sync 1 DAGs
[2026-07-07T09:10:11.294+0000] {logging_mixin.py:188} INFO - [2026-07-07T09:10:11.293+0000] {dag.py:3823} INFO - Setting next_dagrun for example_params_ui_tutorial to None, run_after=None
[2026-07-07T09:10:11.337+0000] {processor.py:183} INFO - Processing /home/airflow/.local/lib/python3.8/site-packages/airflow/example_dags/example_params_ui_tutorial.py took 0.276 seconds
[2026-07-07T09:10:47.442+0000] {processor.py:161} INFO - Started process (PID=4380) to work on /home/airflow/.local/lib/python3.8/site-packages/airflow/example_dags/example_params_ui_tutorial.py
[2026-07-07T09:10:47.527+0000] {processor.py:830} INFO - Processing file /home/airflow/.local/lib/python3.8/site-packages/airflow/example_dags/example_params_ui_tutorial.py for tasks to queue
[2026-07-07T09:10:47.530+0000] {logging_mixin.py:188} INFO - [2026-07-07T09:10:47.529+0000] {dagbag.py:538} INFO - Filling up the DagBag from /home/airflow/.local/lib/python3.8/site-packages/airflow/example_dags/example_params_ui_tutorial.py
[2026-07-07T09:10:47.866+0000] {processor.py:840} INFO - DAG(s) 'example_params_ui_tutorial' retrieved from /home/airflow/.local/lib/python3.8/site-packages/airflow/example_dags/example_params_ui_tutorial.py
[2026-07-07T09:10:49.294+0000] {logging_mixin.py:188} INFO - [2026-07-07T09:10:49.293+0000] {dag.py:3036} INFO - Sync 1 DAGs
[2026-07-07T09:10:49.654+0000] {logging_mixin.py:188} INFO - [2026-07-07T09:10:49.653+0000] {dag.py:3823} INFO - Setting next_dagrun for example_params_ui_tutorial to None, run_after=None
[2026-07-07T09:10:49.984+0000] {processor.py:183} INFO - Processing /home/airflow/.local/lib/python3.8/site-packages/airflow/example_dags/example_params_ui_tutorial.py took 2.700 seconds
[2026-07-07T09:20:20.281+0000] {processor.py:161} INFO - Started process (PID=4647) to work on /home/airflow/.local/lib/python3.8/site-packages/airflow/example_dags/example_params_ui_tutorial.py
[2026-07-07T09:20:20.324+0000] {processor.py:830} INFO - Processing file /home/airflow/.local/lib/python3.8/site-packages/airflow/example_dags/example_params_ui_tutorial.py for tasks to queue
[2026-07-07T09:20:20.326+0000] {logging_mixin.py:188} INFO - [2026-07-07T09:20:20.325+0000] {dagbag.py:538} INFO - Filling up the DagBag from /home/airflow/.local/lib/python3.8/site-packages/airflow/example_dags/example_params_ui_tutorial.py
[2026-07-07T09:20:20.951+0000] {processor.py:840} INFO - DAG(s) 'example_params_ui_tutorial' retrieved from /home/airflow/.local/lib/python3.8/site-packages/airflow/example_dags/example_params_ui_tutorial.py
[2026-07-07T09:20:23.333+0000] {logging_mixin.py:188} INFO - [2026-07-07T09:20:23.332+0000] {dag.py:3036} INFO - Sync 1 DAGs
[2026-07-07T09:20:23.397+0000] {logging_mixin.py:188} INFO - [2026-07-07T09:20:23.396+0000] {dag.py:3823} INFO - Setting next_dagrun for example_params_ui_tutorial to None, run_after=None
[2026-07-07T09:20:23.723+0000] {processor.py:183} INFO - Processing /home/airflow/.local/lib/python3.8/site-packages/airflow/example_dags/example_params_ui_tutorial.py took 3.532 seconds
[2026-07-07T09:25:26.766+0000] {processor.py:161} INFO - Started process (PID=4835) to work on /home/airflow/.local/lib/python3.8/site-packages/airflow/example_dags/example_params_ui_tutorial.py
[2026-07-07T09:25:26.807+0000] {processor.py:830} INFO - Processing file /home/airflow/.local/lib/python3.8/site-packages/airflow/example_dags/example_params_ui_tutorial.py for tasks to queue
[2026-07-07T09:25:26.811+0000] {logging_mixin.py:188} INFO - [2026-07-07T09:25:26.809+0000] {dagbag.py:538} INFO - Filling up the DagBag from /home/airflow/.local/lib/python3.8/site-packages/airflow/example_dags/example_params_ui_tutorial.py
[2026-07-07T09:25:27.320+0000] {processor.py:840} INFO - DAG(s) 'example_params_ui_tutorial' retrieved from /home/airflow/.local/lib/python3.8/site-packages/airflow/example_dags/example_params_ui_tutorial.py
[2026-07-07T09:25:29.864+0000] {logging_mixin.py:188} INFO - [2026-07-07T09:25:29.864+0000] {dag.py:3036} INFO - Sync 1 DAGs
[2026-07-07T09:25:30.324+0000] {logging_mixin.py:188} INFO - [2026-07-07T09:25:30.287+0000] {dag.py:3823} INFO - Setting next_dagrun for example_params_ui_tutorial to None, run_after=None
[2026-07-07T09:25:30.820+0000] {processor.py:183} INFO - Processing /home/airflow/.local/lib/python3.8/site-packages/airflow/example_dags/example_params_ui_tutorial.py took 4.134 seconds
[2026-07-07T09:26:34.210+0000] {processor.py:161} INFO - Started process (PID=4911) to work on /home/airflow/.local/lib/python3.8/site-packages/airflow/example_dags/example_params_ui_tutorial.py
[2026-07-07T09:26:34.228+0000] {processor.py:830} INFO - Processing file /home/airflow/.local/lib/python3.8/site-packages/airflow/example_dags/example_params_ui_tutorial.py for tasks to queue
[2026-07-07T09:26:34.234+0000] {logging_mixin.py:188} INFO - [2026-07-07T09:26:34.233+0000] {dagbag.py:538} INFO - Filling up the DagBag from /home/airflow/.local/lib/python3.8/site-packages/airflow/example_dags/example_params_ui_tutorial.py
[2026-07-07T09:26:34.473+0000] {processor.py:840} INFO - DAG(s) 'example_params_ui_tutorial' retrieved from /home/airflow/.local/lib/python3.8/site-packages/airflow/example_dags/example_params_ui_tutorial.py
[2026-07-07T09:26:35.063+0000] {logging_mixin.py:188} INFO - [2026-07-07T09:26:35.062+0000] {dag.py:3036} INFO - Sync 1 DAGs
[2026-07-07T09:26:35.104+0000] {logging_mixin.py:188} INFO - [2026-07-07T09:26:35.104+0000] {dag.py:3823} INFO - Setting next_dagrun for example_params_ui_tutorial to None, run_after=None
[2026-07-07T09:26:35.164+0000] {processor.py:183} INFO - Processing /home/airflow/.local/lib/python3.8/site-packages/airflow/example_dags/example_params_ui_tutorial.py took 0.997 seconds
[2026-07-07T09:27:08.048+0000] {processor.py:161} INFO - Started process (PID=4978) to work on /home/airflow/.local/lib/python3.8/site-packages/airflow/example_dags/example_params_ui_tutorial.py
[2026-07-07T09:27:08.051+0000] {processor.py:830} INFO - Processing file /home/airflow/.local/lib/python3.8/site-packages/airflow/example_dags/example_params_ui_tutorial.py for tasks to queue
[2026-07-07T09:27:08.064+0000] {logging_mixin.py:188} INFO - [2026-07-07T09:27:08.063+0000] {dagbag.py:538} INFO - Filling up the DagBag from /home/airflow/.local/lib/python3.8/site-packages/airflow/example_dags/example_params_ui_tutorial.py
[2026-07-07T09:27:08.149+0000] {processor.py:840} INFO - DAG(s) 'example_params_ui_tutorial' retrieved from /home/airflow/.local/lib/python3.8/site-packages/airflow/example_dags/example_params_ui_tutorial.py
[2026-07-07T09:27:08.579+0000] {logging_mixin.py:188} INFO - [2026-07-07T09:27:08.578+0000] {dag.py:3036} INFO - Sync 1 DAGs
[2026-07-07T09:27:08.622+0000] {logging_mixin.py:188} INFO - [2026-07-07T09:27:08.621+0000] {dag.py:3823} INFO - Setting next_dagrun for example_params_ui_tutorial to None, run_after=None
[2026-07-07T09:27:08.832+0000] {processor.py:183} INFO - Processing /home/airflow/.local/lib/python3.8/site-packages/airflow/example_dags/example_params_ui_tutorial.py took 0.810 seconds
[2026-07-07T09:27:39.599+0000] {processor.py:161} INFO - Started process (PID=5043) to work on /home/airflow/.local/lib/python3.8/site-packages/airflow/example_dags/example_params_ui_tutorial.py
[2026-07-07T09:27:39.608+0000] {processor.py:830} INFO - Processing file /home/airflow/.local/lib/python3.8/site-packages/airflow/example_dags/example_params_ui_tutorial.py for tasks to queue
[2026-07-07T09:27:39.619+0000] {logging_mixin.py:188} INFO - [2026-07-07T09:27:39.618+0000] {dagbag.py:538} INFO - Filling up the DagBag from /home/airflow/.local/lib/python3.8/site-packages/airflow/example_dags/example_params_ui_tutorial.py
[2026-07-07T09:27:39.697+0000] {processor.py:840} INFO - DAG(s) 'example_params_ui_tutorial' retrieved from /home/airflow/.local/lib/python3.8/site-packages/airflow/example_dags/example_params_ui_tutorial.py
[2026-07-07T09:27:39.951+0000] {logging_mixin.py:188} INFO - [2026-07-07T09:27:39.951+0000] {dag.py:3036} INFO - Sync 1 DAGs
[2026-07-07T09:27:39.990+0000] {logging_mixin.py:188} INFO - [2026-07-07T09:27:39.990+0000] {dag.py:3823} INFO - Setting next_dagrun for example_params_ui_tutorial to None, run_after=None
[2026-07-07T09:27:40.067+0000] {processor.py:183} INFO - Processing /home/airflow/.local/lib/python3.8/site-packages/airflow/example_dags/example_params_ui_tutorial.py took 0.500 seconds
[2026-07-07T09:28:13.754+0000] {processor.py:161} INFO - Started process (PID=5104) to work on /home/airflow/.local/lib/python3.8/site-packages/airflow/example_dags/example_params_ui_tutorial.py
[2026-07-07T09:28:13.770+0000] {processor.py:830} INFO - Processing file /home/airflow/.local/lib/python3.8/site-packages/airflow/example_dags/example_params_ui_tutorial.py for tasks to queue
[2026-07-07T09:28:13.773+0000] {logging_mixin.py:188} INFO - [2026-07-07T09:28:13.772+0000] {dagbag.py:538} INFO - Filling up the DagBag from /home/airflow/.local/lib/python3.8/site-packages/airflow/example_dags/example_params_ui_tutorial.py
[2026-07-07T09:28:13.885+0000] {processor.py:840} INFO - DAG(s) 'example_params_ui_tutorial' retrieved from /home/airflow/.local/lib/python3.8/site-packages/airflow/example_dags/example_params_ui_tutorial.py
[2026-07-07T09:28:14.732+0000] {logging_mixin.py:188} INFO - [2026-07-07T09:28:14.731+0000] {dag.py:3036} INFO - Sync 1 DAGs
[2026-07-07T09:28:14.942+0000] {logging_mixin.py:188} INFO - [2026-07-07T09:28:14.930+0000] {dag.py:3823} INFO - Setting next_dagrun for example_params_ui_tutorial to None, run_after=None
[2026-07-07T09:28:15.226+0000] {processor.py:183} INFO - Processing /home/airflow/.local/lib/python3.8/site-packages/airflow/example_dags/example_params_ui_tutorial.py took 1.525 seconds
[2026-07-07T09:28:48.868+0000] {processor.py:161} INFO - Started process (PID=5171) to work on /home/airflow/.local/lib/python3.8/site-packages/airflow/example_dags/example_params_ui_tutorial.py
[2026-07-07T09:28:48.874+0000] {processor.py:830} INFO - Processing file /home/airflow/.local/lib/python3.8/site-packages/airflow/example_dags/example_params_ui_tutorial.py for tasks to queue
[2026-07-07T09:28:48.877+0000] {logging_mixin.py:188} INFO - [2026-07-07T09:28:48.876+0000] {dagbag.py:538} INFO - Filling up the DagBag from /home/airflow/.local/lib/python3.8/site-packages/airflow/example_dags/example_params_ui_tutorial.py
[2026-07-07T09:28:48.945+0000] {processor.py:840} INFO - DAG(s) 'example_params_ui_tutorial' retrieved from /home/airflow/.local/lib/python3.8/site-packages/airflow/example_dags/example_params_ui_tutorial.py
[2026-07-07T09:28:49.202+0000] {logging_mixin.py:188} INFO - [2026-07-07T09:28:49.201+0000] {dag.py:3036} INFO - Sync 1 DAGs
[2026-07-07T09:28:49.309+0000] {logging_mixin.py:188} INFO - [2026-07-07T09:28:49.308+0000] {dag.py:3823} INFO - Setting next_dagrun for example_params_ui_tutorial to None, run_after=None
[2026-07-07T09:28:49.425+0000] {processor.py:183} INFO - Processing /home/airflow/.local/lib/python3.8/site-packages/airflow/example_dags/example_params_ui_tutorial.py took 0.572 seconds
[2026-07-07T09:29:20.395+0000] {processor.py:161} INFO - Started process (PID=5231) to work on /home/airflow/.local/lib/python3.8/site-packages/airflow/example_dags/example_params_ui_tutorial.py
[2026-07-07T09:29:20.420+0000] {processor.py:830} INFO - Processing file /home/airflow/.local/lib/python3.8/site-packages/airflow/example_dags/example_params_ui_tutorial.py for tasks to queue
[2026-07-07T09:29:20.422+0000] {logging_mixin.py:188} INFO - [2026-07-07T09:29:20.421+0000] {dagbag.py:538} INFO - Filling up the DagBag from /home/airflow/.local/lib/python3.8/site-packages/airflow/example_dags/example_params_ui_tutorial.py
[2026-07-07T09:29:20.467+0000] {processor.py:840} INFO - DAG(s) 'example_params_ui_tutorial' retrieved from /home/airflow/.local/lib/python3.8/site-packages/airflow/example_dags/example_params_ui_tutorial.py
[2026-07-07T09:29:20.710+0000] {logging_mixin.py:188} INFO - [2026-07-07T09:29:20.705+0000] {dag.py:3036} INFO - Sync 1 DAGs
[2026-07-07T09:29:20.757+0000] {logging_mixin.py:188} INFO - [2026-07-07T09:29:20.756+0000] {dag.py:3823} INFO - Setting next_dagrun for example_params_ui_tutorial to None, run_after=None
[2026-07-07T09:29:20.818+0000] {processor.py:183} INFO - Processing /home/airflow/.local/lib/python3.8/site-packages/airflow/example_dags/example_params_ui_tutorial.py took 0.435 seconds
[2026-07-07T09:29:51.706+0000] {processor.py:161} INFO - Started process (PID=5298) to work on /home/airflow/.local/lib/python3.8/site-packages/airflow/example_dags/example_params_ui_tutorial.py
[2026-07-07T09:29:51.717+0000] {processor.py:830} INFO - Processing file /home/airflow/.local/lib/python3.8/site-packages/airflow/example_dags/example_params_ui_tutorial.py for tasks to queue
[2026-07-07T09:29:51.727+0000] {logging_mixin.py:188} INFO - [2026-07-07T09:29:51.721+0000] {dagbag.py:538} INFO - Filling up the DagBag from /home/airflow/.local/lib/python3.8/site-packages/airflow/example_dags/example_params_ui_tutorial.py
[2026-07-07T09:29:51.796+0000] {processor.py:840} INFO - DAG(s) 'example_params_ui_tutorial' retrieved from /home/airflow/.local/lib/python3.8/site-packages/airflow/example_dags/example_params_ui_tutorial.py
[2026-07-07T09:29:52.509+0000] {logging_mixin.py:188} INFO - [2026-07-07T09:29:52.508+0000] {dag.py:3036} INFO - Sync 1 DAGs
[2026-07-07T09:29:52.625+0000] {logging_mixin.py:188} INFO - [2026-07-07T09:29:52.624+0000] {dag.py:3823} INFO - Setting next_dagrun for example_params_ui_tutorial to None, run_after=None
[2026-07-07T09:29:52.812+0000] {processor.py:183} INFO - Processing /home/airflow/.local/lib/python3.8/site-packages/airflow/example_dags/example_params_ui_tutorial.py took 1.126 seconds
[2026-07-07T09:30:22.957+0000] {processor.py:161} INFO - Started process (PID=5363) to work on /home/airflow/.local/lib/python3.8/site-packages/airflow/example_dags/example_params_ui_tutorial.py
[2026-07-07T09:30:22.962+0000] {processor.py:830} INFO - Processing file /home/airflow/.local/lib/python3.8/site-packages/airflow/example_dags/example_params_ui_tutorial.py for tasks to queue
[2026-07-07T09:30:22.965+0000] {logging_mixin.py:188} INFO - [2026-07-07T09:30:22.964+0000] {dagbag.py:538} INFO - Filling up the DagBag from /home/airflow/.local/lib/python3.8/site-packages/airflow/example_dags/example_params_ui_tutorial.py
[2026-07-07T09:30:23.041+0000] {processor.py:840} INFO - DAG(s) 'example_params_ui_tutorial' retrieved from /home/airflow/.local/lib/python3.8/site-packages/airflow/example_dags/example_params_ui_tutorial.py
[2026-07-07T09:30:23.454+0000] {logging_mixin.py:188} INFO - [2026-07-07T09:30:23.453+0000] {dag.py:3036} INFO - Sync 1 DAGs
[2026-07-07T09:30:23.527+0000] {logging_mixin.py:188} INFO - [2026-07-07T09:30:23.526+0000] {dag.py:3823} INFO - Setting next_dagrun for example_params_ui_tutorial to None, run_after=None
[2026-07-07T09:30:23.596+0000] {processor.py:183} INFO - Processing /home/airflow/.local/lib/python3.8/site-packages/airflow/example_dags/example_params_ui_tutorial.py took 0.656 seconds
[2026-07-07T09:31:05.332+0000] {processor.py:161} INFO - Started process (PID=5432) to work on /home/airflow/.local/lib/python3.8/site-packages/airflow/example_dags/example_params_ui_tutorial.py
[2026-07-07T09:31:05.425+0000] {processor.py:830} INFO - Processing file /home/airflow/.local/lib/python3.8/site-packages/airflow/example_dags/example_params_ui_tutorial.py for tasks to queue
[2026-07-07T09:31:05.435+0000] {logging_mixin.py:188} INFO - [2026-07-07T09:31:05.433+0000] {dagbag.py:538} INFO - Filling up the DagBag from /home/airflow/.local/lib/python3.8/site-packages/airflow/example_dags/example_params_ui_tutorial.py
[2026-07-07T09:31:05.715+0000] {processor.py:840} INFO - DAG(s) 'example_params_ui_tutorial' retrieved from /home/airflow/.local/lib/python3.8/site-packages/airflow/example_dags/example_params_ui_tutorial.py
[2026-07-07T09:31:06.805+0000] {logging_mixin.py:188} INFO - [2026-07-07T09:31:06.805+0000] {dag.py:3036} INFO - Sync 1 DAGs
[2026-07-07T09:31:06.860+0000] {logging_mixin.py:188} INFO - [2026-07-07T09:31:06.860+0000] {dag.py:3823} INFO - Setting next_dagrun for example_params_ui_tutorial to None, run_after=None
[2026-07-07T09:31:07.089+0000] {processor.py:183} INFO - Processing /home/airflow/.local/lib/python3.8/site-packages/airflow/example_dags/example_params_ui_tutorial.py took 1.807 seconds
[2026-07-07T09:31:37.798+0000] {processor.py:161} INFO - Started process (PID=5491) to work on /home/airflow/.local/lib/python3.8/site-packages/airflow/example_dags/example_params_ui_tutorial.py
[2026-07-07T09:31:37.827+0000] {processor.py:830} INFO - Processing file /home/airflow/.local/lib/python3.8/site-packages/airflow/example_dags/example_params_ui_tutorial.py for tasks to queue
[2026-07-07T09:31:37.829+0000] {logging_mixin.py:188} INFO - [2026-07-07T09:31:37.828+0000] {dagbag.py:538} INFO - Filling up the DagBag from /home/airflow/.local/lib/python3.8/site-packages/airflow/example_dags/example_params_ui_tutorial.py
[2026-07-07T09:31:38.035+0000] {processor.py:840} INFO - DAG(s) 'example_params_ui_tutorial' retrieved from /home/airflow/.local/lib/python3.8/site-packages/airflow/example_dags/example_params_ui_tutorial.py
[2026-07-07T09:31:38.985+0000] {logging_mixin.py:188} INFO - [2026-07-07T09:31:38.984+0000] {dag.py:3036} INFO - Sync 1 DAGs
[2026-07-07T09:31:39.300+0000] {logging_mixin.py:188} INFO - [2026-07-07T09:31:39.300+0000] {dag.py:3823} INFO - Setting next_dagrun for example_params_ui_tutorial to None, run_after=None
[2026-07-07T09:31:39.889+0000] {processor.py:183} INFO - Processing /home/airflow/.local/lib/python3.8/site-packages/airflow/example_dags/example_params_ui_tutorial.py took 2.122 seconds
[2026-07-07T09:32:10.626+0000] {processor.py:161} INFO - Started process (PID=5558) to work on /home/airflow/.local/lib/python3.8/site-packages/airflow/example_dags/example_params_ui_tutorial.py
[2026-07-07T09:32:10.634+0000] {processor.py:830} INFO - Processing file /home/airflow/.local/lib/python3.8/site-packages/airflow/example_dags/example_params_ui_tutorial.py for tasks to queue
[2026-07-07T09:32:10.644+0000] {logging_mixin.py:188} INFO - [2026-07-07T09:32:10.635+0000] {dagbag.py:538} INFO - Filling up the DagBag from /home/airflow/.local/lib/python3.8/site-packages/airflow/example_dags/example_params_ui_tutorial.py
[2026-07-07T09:32:10.726+0000] {processor.py:840} INFO - DAG(s) 'example_params_ui_tutorial' retrieved from /home/airflow/.local/lib/python3.8/site-packages/airflow/example_dags/example_params_ui_tutorial.py
[2026-07-07T09:32:11.151+0000] {logging_mixin.py:188} INFO - [2026-07-07T09:32:11.150+0000] {dag.py:3036} INFO - Sync 1 DAGs
[2026-07-07T09:32:11.222+0000] {logging_mixin.py:188} INFO - [2026-07-07T09:32:11.222+0000] {dag.py:3823} INFO - Setting next_dagrun for example_params_ui_tutorial to None, run_after=None
[2026-07-07T09:32:11.359+0000] {processor.py:183} INFO - Processing /home/airflow/.local/lib/python3.8/site-packages/airflow/example_dags/example_params_ui_tutorial.py took 0.765 seconds
[2026-07-07T09:32:42.234+0000] {processor.py:161} INFO - Started process (PID=5619) to work on /home/airflow/.local/lib/python3.8/site-packages/airflow/example_dags/example_params_ui_tutorial.py
[2026-07-07T09:32:42.236+0000] {processor.py:830} INFO - Processing file /home/airflow/.local/lib/python3.8/site-packages/airflow/example_dags/example_params_ui_tutorial.py for tasks to queue
[2026-07-07T09:32:42.238+0000] {logging_mixin.py:188} INFO - [2026-07-07T09:32:42.237+0000] {dagbag.py:538} INFO - Filling up the DagBag from /home/airflow/.local/lib/python3.8/site-packages/airflow/example_dags/example_params_ui_tutorial.py
[2026-07-07T09:32:42.262+0000] {processor.py:840} INFO - DAG(s) 'example_params_ui_tutorial' retrieved from /home/airflow/.local/lib/python3.8/site-packages/airflow/example_dags/example_params_ui_tutorial.py
[2026-07-07T09:32:42.390+0000] {logging_mixin.py:188} INFO - [2026-07-07T09:32:42.390+0000] {dag.py:3036} INFO - Sync 1 DAGs
[2026-07-07T09:32:42.414+0000] {logging_mixin.py:188} INFO - [2026-07-07T09:32:42.414+0000] {dag.py:3823} INFO - Setting next_dagrun for example_params_ui_tutorial to None, run_after=None
[2026-07-07T09:32:42.467+0000] {processor.py:183} INFO - Processing /home/airflow/.local/lib/python3.8/site-packages/airflow/example_dags/example_params_ui_tutorial.py took 0.240 seconds
[2026-07-07T09:33:13.447+0000] {processor.py:161} INFO - Started process (PID=5685) to work on /home/airflow/.local/lib/python3.8/site-packages/airflow/example_dags/example_params_ui_tutorial.py
[2026-07-07T09:33:13.449+0000] {processor.py:830} INFO - Processing file /home/airflow/.local/lib/python3.8/site-packages/airflow/example_dags/example_params_ui_tutorial.py for tasks to queue
[2026-07-07T09:33:13.451+0000] {logging_mixin.py:188} INFO - [2026-07-07T09:33:13.450+0000] {dagbag.py:538} INFO - Filling up the DagBag from /home/airflow/.local/lib/python3.8/site-packages/airflow/example_dags/example_params_ui_tutorial.py
[2026-07-07T09:33:13.486+0000] {processor.py:840} INFO - DAG(s) 'example_params_ui_tutorial' retrieved from /home/airflow/.local/lib/python3.8/site-packages/airflow/example_dags/example_params_ui_tutorial.py
[2026-07-07T09:33:13.683+0000] {logging_mixin.py:188} INFO - [2026-07-07T09:33:13.679+0000] {dag.py:3036} INFO - Sync 1 DAGs
[2026-07-07T09:33:13.724+0000] {logging_mixin.py:188} INFO - [2026-07-07T09:33:13.723+0000] {dag.py:3823} INFO - Setting next_dagrun for example_params_ui_tutorial to None, run_after=None
[2026-07-07T09:33:13.762+0000] {processor.py:183} INFO - Processing /home/airflow/.local/lib/python3.8/site-packages/airflow/example_dags/example_params_ui_tutorial.py took 0.323 seconds
[2026-07-07T09:33:43.991+0000] {processor.py:161} INFO - Started process (PID=5753) to work on /home/airflow/.local/lib/python3.8/site-packages/airflow/example_dags/example_params_ui_tutorial.py
[2026-07-07T09:33:43.993+0000] {processor.py:830} INFO - Processing file /home/airflow/.local/lib/python3.8/site-packages/airflow/example_dags/example_params_ui_tutorial.py for tasks to queue
[2026-07-07T09:33:43.995+0000] {logging_mixin.py:188} INFO - [2026-07-07T09:33:43.994+0000] {dagbag.py:538} INFO - Filling up the DagBag from /home/airflow/.local/lib/python3.8/site-packages/airflow/example_dags/example_params_ui_tutorial.py
[2026-07-07T09:33:44.028+0000] {processor.py:840} INFO - DAG(s) 'example_params_ui_tutorial' retrieved from /home/airflow/.local/lib/python3.8/site-packages/airflow/example_dags/example_params_ui_tutorial.py
[2026-07-07T09:33:44.268+0000] {logging_mixin.py:188} INFO - [2026-07-07T09:33:44.267+0000] {dag.py:3036} INFO - Sync 1 DAGs
[2026-07-07T09:33:44.302+0000] {logging_mixin.py:188} INFO - [2026-07-07T09:33:44.301+0000] {dag.py:3823} INFO - Setting next_dagrun for example_params_ui_tutorial to None, run_after=None
[2026-07-07T09:33:44.378+0000] {processor.py:183} INFO - Processing /home/airflow/.local/lib/python3.8/site-packages/airflow/example_dags/example_params_ui_tutorial.py took 0.396 seconds
[2026-07-07T09:34:15.252+0000] {processor.py:161} INFO - Started process (PID=5819) to work on /home/airflow/.local/lib/python3.8/site-packages/airflow/example_dags/example_params_ui_tutorial.py
[2026-07-07T09:34:15.254+0000] {processor.py:830} INFO - Processing file /home/airflow/.local/lib/python3.8/site-packages/airflow/example_dags/example_params_ui_tutorial.py for tasks to queue
[2026-07-07T09:34:15.257+0000] {logging_mixin.py:188} INFO - [2026-07-07T09:34:15.256+0000] {dagbag.py:538} INFO - Filling up the DagBag from /home/airflow/.local/lib/python3.8/site-packages/airflow/example_dags/example_params_ui_tutorial.py
[2026-07-07T09:34:15.292+0000] {processor.py:840} INFO - DAG(s) 'example_params_ui_tutorial' retrieved from /home/airflow/.local/lib/python3.8/site-packages/airflow/example_dags/example_params_ui_tutorial.py
[2026-07-07T09:34:15.479+0000] {logging_mixin.py:188} INFO - [2026-07-07T09:34:15.478+0000] {dag.py:3036} INFO - Sync 1 DAGs
[2026-07-07T09:34:15.514+0000] {logging_mixin.py:188} INFO - [2026-07-07T09:34:15.514+0000] {dag.py:3823} INFO - Setting next_dagrun for example_params_ui_tutorial to None, run_after=None
[2026-07-07T09:34:15.565+0000] {processor.py:183} INFO - Processing /home/airflow/.local/lib/python3.8/site-packages/airflow/example_dags/example_params_ui_tutorial.py took 0.323 seconds
[2026-07-07T09:34:46.973+0000] {processor.py:161} INFO - Started process (PID=5879) to work on /home/airflow/.local/lib/python3.8/site-packages/airflow/example_dags/example_params_ui_tutorial.py
[2026-07-07T09:34:46.976+0000] {processor.py:830} INFO - Processing file /home/airflow/.local/lib/python3.8/site-packages/airflow/example_dags/example_params_ui_tutorial.py for tasks to queue
[2026-07-07T09:34:46.978+0000] {logging_mixin.py:188} INFO - [2026-07-07T09:34:46.977+0000] {dagbag.py:538} INFO - Filling up the DagBag from /home/airflow/.local/lib/python3.8/site-packages/airflow/example_dags/example_params_ui_tutorial.py
[2026-07-07T09:34:47.006+0000] {processor.py:840} INFO - DAG(s) 'example_params_ui_tutorial' retrieved from /home/airflow/.local/lib/python3.8/site-packages/airflow/example_dags/example_params_ui_tutorial.py
[2026-07-07T09:34:47.128+0000] {logging_mixin.py:188} INFO - [2026-07-07T09:34:47.127+0000] {dag.py:3036} INFO - Sync 1 DAGs
[2026-07-07T09:34:47.159+0000] {logging_mixin.py:188} INFO - [2026-07-07T09:34:47.159+0000] {dag.py:3823} INFO - Setting next_dagrun for example_params_ui_tutorial to None, run_after=None
[2026-07-07T09:34:47.204+0000] {processor.py:183} INFO - Processing /home/airflow/.local/lib/python3.8/site-packages/airflow/example_dags/example_params_ui_tutorial.py took 0.239 seconds
[2026-07-07T09:35:18.729+0000] {processor.py:161} INFO - Started process (PID=5942) to work on /home/airflow/.local/lib/python3.8/site-packages/airflow/example_dags/example_params_ui_tutorial.py
[2026-07-07T09:35:18.732+0000] {processor.py:830} INFO - Processing file /home/airflow/.local/lib/python3.8/site-packages/airflow/example_dags/example_params_ui_tutorial.py for tasks to queue
[2026-07-07T09:35:18.736+0000] {logging_mixin.py:188} INFO - [2026-07-07T09:35:18.734+0000] {dagbag.py:538} INFO - Filling up the DagBag from /home/airflow/.local/lib/python3.8/site-packages/airflow/example_dags/example_params_ui_tutorial.py
[2026-07-07T09:35:18.796+0000] {processor.py:840} INFO - DAG(s) 'example_params_ui_tutorial' retrieved from /home/airflow/.local/lib/python3.8/site-packages/airflow/example_dags/example_params_ui_tutorial.py
[2026-07-07T09:35:19.115+0000] {logging_mixin.py:188} INFO - [2026-07-07T09:35:19.114+0000] {dag.py:3036} INFO - Sync 1 DAGs
[2026-07-07T09:35:19.188+0000] {logging_mixin.py:188} INFO - [2026-07-07T09:35:19.186+0000] {dag.py:3823} INFO - Setting next_dagrun for example_params_ui_tutorial to None, run_after=None
[2026-07-07T09:35:19.284+0000] {processor.py:183} INFO - Processing /home/airflow/.local/lib/python3.8/site-packages/airflow/example_dags/example_params_ui_tutorial.py took 0.570 seconds
[2026-07-07T09:35:49.890+0000] {processor.py:161} INFO - Started process (PID=6013) to work on /home/airflow/.local/lib/python3.8/site-packages/airflow/example_dags/example_params_ui_tutorial.py
[2026-07-07T09:35:49.895+0000] {processor.py:830} INFO - Processing file /home/airflow/.local/lib/python3.8/site-packages/airflow/example_dags/example_params_ui_tutorial.py for tasks to queue
[2026-07-07T09:35:49.900+0000] {logging_mixin.py:188} INFO - [2026-07-07T09:35:49.899+0000] {dagbag.py:538} INFO - Filling up the DagBag from /home/airflow/.local/lib/python3.8/site-packages/airflow/example_dags/example_params_ui_tutorial.py
[2026-07-07T09:35:49.958+0000] {processor.py:840} INFO - DAG(s) 'example_params_ui_tutorial' retrieved from /home/airflow/.local/lib/python3.8/site-packages/airflow/example_dags/example_params_ui_tutorial.py
[2026-07-07T09:35:50.296+0000] {logging_mixin.py:188} INFO - [2026-07-07T09:35:50.296+0000] {dag.py:3036} INFO - Sync 1 DAGs
[2026-07-07T09:35:50.346+0000] {logging_mixin.py:188} INFO - [2026-07-07T09:35:50.345+0000] {dag.py:3823} INFO - Setting next_dagrun for example_params_ui_tutorial to None, run_after=None
[2026-07-07T09:35:50.400+0000] {processor.py:183} INFO - Processing /home/airflow/.local/lib/python3.8/site-packages/airflow/example_dags/example_params_ui_tutorial.py took 0.520 seconds
[2026-07-07T09:36:21.489+0000] {processor.py:161} INFO - Started process (PID=6076) to work on /home/airflow/.local/lib/python3.8/site-packages/airflow/example_dags/example_params_ui_tutorial.py
[2026-07-07T09:36:21.493+0000] {processor.py:830} INFO - Processing file /home/airflow/.local/lib/python3.8/site-packages/airflow/example_dags/example_params_ui_tutorial.py for tasks to queue
[2026-07-07T09:36:21.497+0000] {logging_mixin.py:188} INFO - [2026-07-07T09:36:21.495+0000] {dagbag.py:538} INFO - Filling up the DagBag from /home/airflow/.local/lib/python3.8/site-packages/airflow/example_dags/example_params_ui_tutorial.py
[2026-07-07T09:36:21.562+0000] {processor.py:840} INFO - DAG(s) 'example_params_ui_tutorial' retrieved from /home/airflow/.local/lib/python3.8/site-packages/airflow/example_dags/example_params_ui_tutorial.py
[2026-07-07T09:36:21.844+0000] {logging_mixin.py:188} INFO - [2026-07-07T09:36:21.843+0000] {dag.py:3036} INFO - Sync 1 DAGs
[2026-07-07T09:36:21.921+0000] {logging_mixin.py:188} INFO - [2026-07-07T09:36:21.921+0000] {dag.py:3823} INFO - Setting next_dagrun for example_params_ui_tutorial to None, run_after=None
[2026-07-07T09:36:22.015+0000] {processor.py:183} INFO - Processing /home/airflow/.local/lib/python3.8/site-packages/airflow/example_dags/example_params_ui_tutorial.py took 0.544 seconds
[2026-07-07T09:36:52.105+0000] {processor.py:161} INFO - Started process (PID=6144) to work on /home/airflow/.local/lib/python3.8/site-packages/airflow/example_dags/example_params_ui_tutorial.py
[2026-07-07T09:36:52.109+0000] {processor.py:830} INFO - Processing file /home/airflow/.local/lib/python3.8/site-packages/airflow/example_dags/example_params_ui_tutorial.py for tasks to queue
[2026-07-07T09:36:52.112+0000] {logging_mixin.py:188} INFO - [2026-07-07T09:36:52.112+0000] {dagbag.py:538} INFO - Filling up the DagBag from /home/airflow/.local/lib/python3.8/site-packages/airflow/example_dags/example_params_ui_tutorial.py
[2026-07-07T09:36:52.162+0000] {processor.py:840} INFO - DAG(s) 'example_params_ui_tutorial' retrieved from /home/airflow/.local/lib/python3.8/site-packages/airflow/example_dags/example_params_ui_tutorial.py
[2026-07-07T09:36:52.318+0000] {logging_mixin.py:188} INFO - [2026-07-07T09:36:52.318+0000] {dag.py:3036} INFO - Sync 1 DAGs
[2026-07-07T09:36:52.345+0000] {logging_mixin.py:188} INFO - [2026-07-07T09:36:52.345+0000] {dag.py:3823} INFO - Setting next_dagrun for example_params_ui_tutorial to None, run_after=None
[2026-07-07T09:36:52.388+0000] {processor.py:183} INFO - Processing /home/airflow/.local/lib/python3.8/site-packages/airflow/example_dags/example_params_ui_tutorial.py took 0.293 seconds
[2026-07-07T09:37:24.022+0000] {processor.py:161} INFO - Started process (PID=6208) to work on /home/airflow/.local/lib/python3.8/site-packages/airflow/example_dags/example_params_ui_tutorial.py
[2026-07-07T09:37:24.036+0000] {processor.py:830} INFO - Processing file /home/airflow/.local/lib/python3.8/site-packages/airflow/example_dags/example_params_ui_tutorial.py for tasks to queue
[2026-07-07T09:37:24.047+0000] {logging_mixin.py:188} INFO - [2026-07-07T09:37:24.038+0000] {dagbag.py:538} INFO - Filling up the DagBag from /home/airflow/.local/lib/python3.8/site-packages/airflow/example_dags/example_params_ui_tutorial.py
[2026-07-07T09:37:24.153+0000] {processor.py:840} INFO - DAG(s) 'example_params_ui_tutorial' retrieved from /home/airflow/.local/lib/python3.8/site-packages/airflow/example_dags/example_params_ui_tutorial.py
[2026-07-07T09:37:24.546+0000] {logging_mixin.py:188} INFO - [2026-07-07T09:37:24.545+0000] {dag.py:3036} INFO - Sync 1 DAGs
[2026-07-07T09:37:24.622+0000] {logging_mixin.py:188} INFO - [2026-07-07T09:37:24.621+0000] {dag.py:3823} INFO - Setting next_dagrun for example_params_ui_tutorial to None, run_after=None
[2026-07-07T09:37:24.700+0000] {processor.py:183} INFO - Processing /home/airflow/.local/lib/python3.8/site-packages/airflow/example_dags/example_params_ui_tutorial.py took 0.715 seconds
[2026-07-07T09:37:55.927+0000] {processor.py:161} INFO - Started process (PID=6267) to work on /home/airflow/.local/lib/python3.8/site-packages/airflow/example_dags/example_params_ui_tutorial.py
[2026-07-07T09:37:55.930+0000] {processor.py:830} INFO - Processing file /home/airflow/.local/lib/python3.8/site-packages/airflow/example_dags/example_params_ui_tutorial.py for tasks to queue
[2026-07-07T09:37:55.933+0000] {logging_mixin.py:188} INFO - [2026-07-07T09:37:55.933+0000] {dagbag.py:538} INFO - Filling up the DagBag from /home/airflow/.local/lib/python3.8/site-packages/airflow/example_dags/example_params_ui_tutorial.py
[2026-07-07T09:37:55.989+0000] {processor.py:840} INFO - DAG(s) 'example_params_ui_tutorial' retrieved from /home/airflow/.local/lib/python3.8/site-packages/airflow/example_dags/example_params_ui_tutorial.py
[2026-07-07T09:37:56.189+0000] {logging_mixin.py:188} INFO - [2026-07-07T09:37:56.188+0000] {dag.py:3036} INFO - Sync 1 DAGs
[2026-07-07T09:37:56.229+0000] {logging_mixin.py:188} INFO - [2026-07-07T09:37:56.229+0000] {dag.py:3823} INFO - Setting next_dagrun for example_params_ui_tutorial to None, run_after=None
[2026-07-07T09:37:56.286+0000] {processor.py:183} INFO - Processing /home/airflow/.local/lib/python3.8/site-packages/airflow/example_dags/example_params_ui_tutorial.py took 0.373 seconds
[2026-07-07T09:38:28.532+0000] {processor.py:161} INFO - Started process (PID=6334) to work on /home/airflow/.local/lib/python3.8/site-packages/airflow/example_dags/example_params_ui_tutorial.py
[2026-07-07T09:38:28.536+0000] {processor.py:830} INFO - Processing file /home/airflow/.local/lib/python3.8/site-packages/airflow/example_dags/example_params_ui_tutorial.py for tasks to queue
[2026-07-07T09:38:28.538+0000] {logging_mixin.py:188} INFO - [2026-07-07T09:38:28.537+0000] {dagbag.py:538} INFO - Filling up the DagBag from /home/airflow/.local/lib/python3.8/site-packages/airflow/example_dags/example_params_ui_tutorial.py
[2026-07-07T09:38:28.586+0000] {processor.py:840} INFO - DAG(s) 'example_params_ui_tutorial' retrieved from /home/airflow/.local/lib/python3.8/site-packages/airflow/example_dags/example_params_ui_tutorial.py
[2026-07-07T09:38:28.805+0000] {logging_mixin.py:188} INFO - [2026-07-07T09:38:28.804+0000] {dag.py:3036} INFO - Sync 1 DAGs
[2026-07-07T09:38:28.840+0000] {logging_mixin.py:188} INFO - [2026-07-07T09:38:28.839+0000] {dag.py:3823} INFO - Setting next_dagrun for example_params_ui_tutorial to None, run_after=None
[2026-07-07T09:38:28.901+0000] {processor.py:183} INFO - Processing /home/airflow/.local/lib/python3.8/site-packages/airflow/example_dags/example_params_ui_tutorial.py took 0.396 seconds
[2026-07-07T09:38:59.367+0000] {processor.py:161} INFO - Started process (PID=6401) to work on /home/airflow/.local/lib/python3.8/site-packages/airflow/example_dags/example_params_ui_tutorial.py
[2026-07-07T09:38:59.378+0000] {processor.py:830} INFO - Processing file /home/airflow/.local/lib/python3.8/site-packages/airflow/example_dags/example_params_ui_tutorial.py for tasks to queue
[2026-07-07T09:38:59.380+0000] {logging_mixin.py:188} INFO - [2026-07-07T09:38:59.380+0000] {dagbag.py:538} INFO - Filling up the DagBag from /home/airflow/.local/lib/python3.8/site-packages/airflow/example_dags/example_params_ui_tutorial.py
[2026-07-07T09:38:59.442+0000] {processor.py:840} INFO - DAG(s) 'example_params_ui_tutorial' retrieved from /home/airflow/.local/lib/python3.8/site-packages/airflow/example_dags/example_params_ui_tutorial.py
[2026-07-07T09:38:59.761+0000] {logging_mixin.py:188} INFO - [2026-07-07T09:38:59.760+0000] {dag.py:3036} INFO - Sync 1 DAGs
[2026-07-07T09:38:59.816+0000] {logging_mixin.py:188} INFO - [2026-07-07T09:38:59.816+0000] {dag.py:3823} INFO - Setting next_dagrun for example_params_ui_tutorial to None, run_after=None
[2026-07-07T09:38:59.940+0000] {processor.py:183} INFO - Processing /home/airflow/.local/lib/python3.8/site-packages/airflow/example_dags/example_params_ui_tutorial.py took 0.591 seconds
[2026-07-07T09:39:30.376+0000] {processor.py:161} INFO - Started process (PID=6461) to work on /home/airflow/.local/lib/python3.8/site-packages/airflow/example_dags/example_params_ui_tutorial.py
[2026-07-07T09:39:30.378+0000] {processor.py:830} INFO - Processing file /home/airflow/.local/lib/python3.8/site-packages/airflow/example_dags/example_params_ui_tutorial.py for tasks to queue
[2026-07-07T09:39:30.380+0000] {logging_mixin.py:188} INFO - [2026-07-07T09:39:30.379+0000] {dagbag.py:538} INFO - Filling up the DagBag from /home/airflow/.local/lib/python3.8/site-packages/airflow/example_dags/example_params_ui_tutorial.py
[2026-07-07T09:39:30.411+0000] {processor.py:840} INFO - DAG(s) 'example_params_ui_tutorial' retrieved from /home/airflow/.local/lib/python3.8/site-packages/airflow/example_dags/example_params_ui_tutorial.py
[2026-07-07T09:39:30.589+0000] {logging_mixin.py:188} INFO - [2026-07-07T09:39:30.588+0000] {dag.py:3036} INFO - Sync 1 DAGs
[2026-07-07T09:39:30.618+0000] {logging_mixin.py:188} INFO - [2026-07-07T09:39:30.617+0000] {dag.py:3823} INFO - Setting next_dagrun for example_params_ui_tutorial to None, run_after=None
[2026-07-07T09:39:30.658+0000] {processor.py:183} INFO - Processing /home/airflow/.local/lib/python3.8/site-packages/airflow/example_dags/example_params_ui_tutorial.py took 0.303 seconds
[2026-07-07T09:40:00.873+0000] {processor.py:161} INFO - Started process (PID=6529) to work on /home/airflow/.local/lib/python3.8/site-packages/airflow/example_dags/example_params_ui_tutorial.py
[2026-07-07T09:40:00.882+0000] {processor.py:830} INFO - Processing file /home/airflow/.local/lib/python3.8/site-packages/airflow/example_dags/example_params_ui_tutorial.py for tasks to queue
[2026-07-07T09:40:00.884+0000] {logging_mixin.py:188} INFO - [2026-07-07T09:40:00.884+0000] {dagbag.py:538} INFO - Filling up the DagBag from /home/airflow/.local/lib/python3.8/site-packages/airflow/example_dags/example_params_ui_tutorial.py
[2026-07-07T09:40:00.919+0000] {processor.py:840} INFO - DAG(s) 'example_params_ui_tutorial' retrieved from /home/airflow/.local/lib/python3.8/site-packages/airflow/example_dags/example_params_ui_tutorial.py
[2026-07-07T09:40:01.148+0000] {logging_mixin.py:188} INFO - [2026-07-07T09:40:01.148+0000] {dag.py:3036} INFO - Sync 1 DAGs
[2026-07-07T09:40:01.200+0000] {logging_mixin.py:188} INFO - [2026-07-07T09:40:01.199+0000] {dag.py:3823} INFO - Setting next_dagrun for example_params_ui_tutorial to None, run_after=None
[2026-07-07T09:40:01.262+0000] {processor.py:183} INFO - Processing /home/airflow/.local/lib/python3.8/site-packages/airflow/example_dags/example_params_ui_tutorial.py took 0.397 seconds
[2026-07-07T09:40:32.106+0000] {processor.py:161} INFO - Started process (PID=6597) to work on /home/airflow/.local/lib/python3.8/site-packages/airflow/example_dags/example_params_ui_tutorial.py
[2026-07-07T09:40:32.109+0000] {processor.py:830} INFO - Processing file /home/airflow/.local/lib/python3.8/site-packages/airflow/example_dags/example_params_ui_tutorial.py for tasks to queue
[2026-07-07T09:40:32.111+0000] {logging_mixin.py:188} INFO - [2026-07-07T09:40:32.110+0000] {dagbag.py:538} INFO - Filling up the DagBag from /home/airflow/.local/lib/python3.8/site-packages/airflow/example_dags/example_params_ui_tutorial.py
[2026-07-07T09:40:32.174+0000] {processor.py:840} INFO - DAG(s) 'example_params_ui_tutorial' retrieved from /home/airflow/.local/lib/python3.8/site-packages/airflow/example_dags/example_params_ui_tutorial.py
[2026-07-07T09:40:32.418+0000] {logging_mixin.py:188} INFO - [2026-07-07T09:40:32.418+0000] {dag.py:3036} INFO - Sync 1 DAGs
[2026-07-07T09:40:32.451+0000] {logging_mixin.py:188} INFO - [2026-07-07T09:40:32.450+0000] {dag.py:3823} INFO - Setting next_dagrun for example_params_ui_tutorial to None, run_after=None
[2026-07-07T09:40:32.506+0000] {processor.py:183} INFO - Processing /home/airflow/.local/lib/python3.8/site-packages/airflow/example_dags/example_params_ui_tutorial.py took 0.417 seconds
[2026-07-07T09:41:02.618+0000] {processor.py:161} INFO - Started process (PID=6662) to work on /home/airflow/.local/lib/python3.8/site-packages/airflow/example_dags/example_params_ui_tutorial.py
[2026-07-07T09:41:02.620+0000] {processor.py:830} INFO - Processing file /home/airflow/.local/lib/python3.8/site-packages/airflow/example_dags/example_params_ui_tutorial.py for tasks to queue
[2026-07-07T09:41:02.623+0000] {logging_mixin.py:188} INFO - [2026-07-07T09:41:02.622+0000] {dagbag.py:538} INFO - Filling up the DagBag from /home/airflow/.local/lib/python3.8/site-packages/airflow/example_dags/example_params_ui_tutorial.py
[2026-07-07T09:41:02.646+0000] {processor.py:840} INFO - DAG(s) 'example_params_ui_tutorial' retrieved from /home/airflow/.local/lib/python3.8/site-packages/airflow/example_dags/example_params_ui_tutorial.py
[2026-07-07T09:41:02.819+0000] {logging_mixin.py:188} INFO - [2026-07-07T09:41:02.818+0000] {dag.py:3036} INFO - Sync 1 DAGs
[2026-07-07T09:41:02.860+0000] {logging_mixin.py:188} INFO - [2026-07-07T09:41:02.859+0000] {dag.py:3823} INFO - Setting next_dagrun for example_params_ui_tutorial to None, run_after=None
[2026-07-07T09:41:02.958+0000] {processor.py:183} INFO - Processing /home/airflow/.local/lib/python3.8/site-packages/airflow/example_dags/example_params_ui_tutorial.py took 0.346 seconds
[2026-07-07T09:41:33.359+0000] {processor.py:161} INFO - Started process (PID=6729) to work on /home/airflow/.local/lib/python3.8/site-packages/airflow/example_dags/example_params_ui_tutorial.py
[2026-07-07T09:41:33.361+0000] {processor.py:830} INFO - Processing file /home/airflow/.local/lib/python3.8/site-packages/airflow/example_dags/example_params_ui_tutorial.py for tasks to queue
[2026-07-07T09:41:33.363+0000] {logging_mixin.py:188} INFO - [2026-07-07T09:41:33.362+0000] {dagbag.py:538} INFO - Filling up the DagBag from /home/airflow/.local/lib/python3.8/site-packages/airflow/example_dags/example_params_ui_tutorial.py
[2026-07-07T09:41:33.386+0000] {processor.py:840} INFO - DAG(s) 'example_params_ui_tutorial' retrieved from /home/airflow/.local/lib/python3.8/site-packages/airflow/example_dags/example_params_ui_tutorial.py
[2026-07-07T09:41:33.481+0000] {logging_mixin.py:188} INFO - [2026-07-07T09:41:33.481+0000] {dag.py:3036} INFO - Sync 1 DAGs
[2026-07-07T09:41:33.499+0000] {logging_mixin.py:188} INFO - [2026-07-07T09:41:33.499+0000] {dag.py:3823} INFO - Setting next_dagrun for example_params_ui_tutorial to None, run_after=None
[2026-07-07T09:41:33.537+0000] {processor.py:183} INFO - Processing /home/airflow/.local/lib/python3.8/site-packages/airflow/example_dags/example_params_ui_tutorial.py took 0.184 seconds
[2026-07-07T09:42:03.730+0000] {processor.py:161} INFO - Started process (PID=6796) to work on /home/airflow/.local/lib/python3.8/site-packages/airflow/example_dags/example_params_ui_tutorial.py
[2026-07-07T09:42:03.734+0000] {processor.py:830} INFO - Processing file /home/airflow/.local/lib/python3.8/site-packages/airflow/example_dags/example_params_ui_tutorial.py for tasks to queue
[2026-07-07T09:42:03.737+0000] {logging_mixin.py:188} INFO - [2026-07-07T09:42:03.736+0000] {dagbag.py:538} INFO - Filling up the DagBag from /home/airflow/.local/lib/python3.8/site-packages/airflow/example_dags/example_params_ui_tutorial.py
[2026-07-07T09:42:03.786+0000] {processor.py:840} INFO - DAG(s) 'example_params_ui_tutorial' retrieved from /home/airflow/.local/lib/python3.8/site-packages/airflow/example_dags/example_params_ui_tutorial.py
[2026-07-07T09:42:03.904+0000] {logging_mixin.py:188} INFO - [2026-07-07T09:42:03.903+0000] {dag.py:3036} INFO - Sync 1 DAGs
[2026-07-07T09:42:03.926+0000] {logging_mixin.py:188} INFO - [2026-07-07T09:42:03.925+0000] {dag.py:3823} INFO - Setting next_dagrun for example_params_ui_tutorial to None, run_after=None
[2026-07-07T09:42:03.957+0000] {processor.py:183} INFO - Processing /home/airflow/.local/lib/python3.8/site-packages/airflow/example_dags/example_params_ui_tutorial.py took 0.244 seconds
[2026-07-07T09:42:35.210+0000] {processor.py:161} INFO - Started process (PID=6862) to work on /home/airflow/.local/lib/python3.8/site-packages/airflow/example_dags/example_params_ui_tutorial.py
[2026-07-07T09:42:35.220+0000] {processor.py:830} INFO - Processing file /home/airflow/.local/lib/python3.8/site-packages/airflow/example_dags/example_params_ui_tutorial.py for tasks to queue
[2026-07-07T09:42:35.227+0000] {logging_mixin.py:188} INFO - [2026-07-07T09:42:35.224+0000] {dagbag.py:538} INFO - Filling up the DagBag from /home/airflow/.local/lib/python3.8/site-packages/airflow/example_dags/example_params_ui_tutorial.py
[2026-07-07T09:42:35.296+0000] {processor.py:840} INFO - DAG(s) 'example_params_ui_tutorial' retrieved from /home/airflow/.local/lib/python3.8/site-packages/airflow/example_dags/example_params_ui_tutorial.py
[2026-07-07T09:42:35.508+0000] {logging_mixin.py:188} INFO - [2026-07-07T09:42:35.508+0000] {dag.py:3036} INFO - Sync 1 DAGs
[2026-07-07T09:42:35.541+0000] {logging_mixin.py:188} INFO - [2026-07-07T09:42:35.540+0000] {dag.py:3823} INFO - Setting next_dagrun for example_params_ui_tutorial to None, run_after=None
[2026-07-07T09:42:35.602+0000] {processor.py:183} INFO - Processing /home/airflow/.local/lib/python3.8/site-packages/airflow/example_dags/example_params_ui_tutorial.py took 0.426 seconds
[2026-07-07T09:43:05.873+0000] {processor.py:161} INFO - Started process (PID=6929) to work on /home/airflow/.local/lib/python3.8/site-packages/airflow/example_dags/example_params_ui_tutorial.py
[2026-07-07T09:43:05.880+0000] {processor.py:830} INFO - Processing file /home/airflow/.local/lib/python3.8/site-packages/airflow/example_dags/example_params_ui_tutorial.py for tasks to queue
[2026-07-07T09:43:05.888+0000] {logging_mixin.py:188} INFO - [2026-07-07T09:43:05.886+0000] {dagbag.py:538} INFO - Filling up the DagBag from /home/airflow/.local/lib/python3.8/site-packages/airflow/example_dags/example_params_ui_tutorial.py
[2026-07-07T09:43:05.963+0000] {processor.py:840} INFO - DAG(s) 'example_params_ui_tutorial' retrieved from /home/airflow/.local/lib/python3.8/site-packages/airflow/example_dags/example_params_ui_tutorial.py
[2026-07-07T09:43:06.147+0000] {logging_mixin.py:188} INFO - [2026-07-07T09:43:06.147+0000] {dag.py:3036} INFO - Sync 1 DAGs
[2026-07-07T09:43:06.181+0000] {logging_mixin.py:188} INFO - [2026-07-07T09:43:06.180+0000] {dag.py:3823} INFO - Setting next_dagrun for example_params_ui_tutorial to None, run_after=None
[2026-07-07T09:43:06.231+0000] {processor.py:183} INFO - Processing /home/airflow/.local/lib/python3.8/site-packages/airflow/example_dags/example_params_ui_tutorial.py took 0.385 seconds
[2026-07-07T09:43:36.644+0000] {processor.py:161} INFO - Started process (PID=6996) to work on /home/airflow/.local/lib/python3.8/site-packages/airflow/example_dags/example_params_ui_tutorial.py
[2026-07-07T09:43:36.646+0000] {processor.py:830} INFO - Processing file /home/airflow/.local/lib/python3.8/site-packages/airflow/example_dags/example_params_ui_tutorial.py for tasks to queue
[2026-07-07T09:43:36.648+0000] {logging_mixin.py:188} INFO - [2026-07-07T09:43:36.647+0000] {dagbag.py:538} INFO - Filling up the DagBag from /home/airflow/.local/lib/python3.8/site-packages/airflow/example_dags/example_params_ui_tutorial.py
[2026-07-07T09:43:36.669+0000] {processor.py:840} INFO - DAG(s) 'example_params_ui_tutorial' retrieved from /home/airflow/.local/lib/python3.8/site-packages/airflow/example_dags/example_params_ui_tutorial.py
[2026-07-07T09:43:36.772+0000] {logging_mixin.py:188} INFO - [2026-07-07T09:43:36.771+0000] {dag.py:3036} INFO - Sync 1 DAGs
[2026-07-07T09:43:36.795+0000] {logging_mixin.py:188} INFO - [2026-07-07T09:43:36.794+0000] {dag.py:3823} INFO - Setting next_dagrun for example_params_ui_tutorial to None, run_after=None
[2026-07-07T09:43:36.838+0000] {processor.py:183} INFO - Processing /home/airflow/.local/lib/python3.8/site-packages/airflow/example_dags/example_params_ui_tutorial.py took 0.200 seconds
[2026-07-07T09:44:07.135+0000] {processor.py:161} INFO - Started process (PID=7063) to work on /home/airflow/.local/lib/python3.8/site-packages/airflow/example_dags/example_params_ui_tutorial.py
[2026-07-07T09:44:07.138+0000] {processor.py:830} INFO - Processing file /home/airflow/.local/lib/python3.8/site-packages/airflow/example_dags/example_params_ui_tutorial.py for tasks to queue
[2026-07-07T09:44:07.140+0000] {logging_mixin.py:188} INFO - [2026-07-07T09:44:07.140+0000] {dagbag.py:538} INFO - Filling up the DagBag from /home/airflow/.local/lib/python3.8/site-packages/airflow/example_dags/example_params_ui_tutorial.py
[2026-07-07T09:44:07.176+0000] {processor.py:840} INFO - DAG(s) 'example_params_ui_tutorial' retrieved from /home/airflow/.local/lib/python3.8/site-packages/airflow/example_dags/example_params_ui_tutorial.py
[2026-07-07T09:44:07.330+0000] {logging_mixin.py:188} INFO - [2026-07-07T09:44:07.330+0000] {dag.py:3036} INFO - Sync 1 DAGs
[2026-07-07T09:44:07.362+0000] {logging_mixin.py:188} INFO - [2026-07-07T09:44:07.361+0000] {dag.py:3823} INFO - Setting next_dagrun for example_params_ui_tutorial to None, run_after=None
[2026-07-07T09:44:07.407+0000] {processor.py:183} INFO - Processing /home/airflow/.local/lib/python3.8/site-packages/airflow/example_dags/example_params_ui_tutorial.py took 0.282 seconds
[2026-07-07T09:44:37.626+0000] {processor.py:161} INFO - Started process (PID=7130) to work on /home/airflow/.local/lib/python3.8/site-packages/airflow/example_dags/example_params_ui_tutorial.py
[2026-07-07T09:44:37.629+0000] {processor.py:830} INFO - Processing file /home/airflow/.local/lib/python3.8/site-packages/airflow/example_dags/example_params_ui_tutorial.py for tasks to queue
[2026-07-07T09:44:37.630+0000] {logging_mixin.py:188} INFO - [2026-07-07T09:44:37.630+0000] {dagbag.py:538} INFO - Filling up the DagBag from /home/airflow/.local/lib/python3.8/site-packages/airflow/example_dags/example_params_ui_tutorial.py
[2026-07-07T09:44:37.666+0000] {processor.py:840} INFO - DAG(s) 'example_params_ui_tutorial' retrieved from /home/airflow/.local/lib/python3.8/site-packages/airflow/example_dags/example_params_ui_tutorial.py
[2026-07-07T09:44:37.826+0000] {logging_mixin.py:188} INFO - [2026-07-07T09:44:37.826+0000] {dag.py:3036} INFO - Sync 1 DAGs
[2026-07-07T09:44:37.851+0000] {logging_mixin.py:188} INFO - [2026-07-07T09:44:37.850+0000] {dag.py:3823} INFO - Setting next_dagrun for example_params_ui_tutorial to None, run_after=None
[2026-07-07T09:44:37.891+0000] {processor.py:183} INFO - Processing /home/airflow/.local/lib/python3.8/site-packages/airflow/example_dags/example_params_ui_tutorial.py took 0.274 seconds
[2026-07-07T09:45:08.304+0000] {processor.py:161} INFO - Started process (PID=7188) to work on /home/airflow/.local/lib/python3.8/site-packages/airflow/example_dags/example_params_ui_tutorial.py
[2026-07-07T09:45:08.306+0000] {processor.py:830} INFO - Processing file /home/airflow/.local/lib/python3.8/site-packages/airflow/example_dags/example_params_ui_tutorial.py for tasks to queue
[2026-07-07T09:45:08.309+0000] {logging_mixin.py:188} INFO - [2026-07-07T09:45:08.308+0000] {dagbag.py:538} INFO - Filling up the DagBag from /home/airflow/.local/lib/python3.8/site-packages/airflow/example_dags/example_params_ui_tutorial.py
[2026-07-07T09:45:08.373+0000] {processor.py:840} INFO - DAG(s) 'example_params_ui_tutorial' retrieved from /home/airflow/.local/lib/python3.8/site-packages/airflow/example_dags/example_params_ui_tutorial.py
[2026-07-07T09:45:08.616+0000] {logging_mixin.py:188} INFO - [2026-07-07T09:45:08.616+0000] {dag.py:3036} INFO - Sync 1 DAGs
[2026-07-07T09:45:08.656+0000] {logging_mixin.py:188} INFO - [2026-07-07T09:45:08.655+0000] {dag.py:3823} INFO - Setting next_dagrun for example_params_ui_tutorial to None, run_after=None
[2026-07-07T09:45:08.740+0000] {processor.py:183} INFO - Processing /home/airflow/.local/lib/python3.8/site-packages/airflow/example_dags/example_params_ui_tutorial.py took 0.448 seconds
[2026-07-07T09:45:39.582+0000] {processor.py:161} INFO - Started process (PID=7254) to work on /home/airflow/.local/lib/python3.8/site-packages/airflow/example_dags/example_params_ui_tutorial.py
[2026-07-07T09:45:39.585+0000] {processor.py:830} INFO - Processing file /home/airflow/.local/lib/python3.8/site-packages/airflow/example_dags/example_params_ui_tutorial.py for tasks to queue
[2026-07-07T09:45:39.588+0000] {logging_mixin.py:188} INFO - [2026-07-07T09:45:39.587+0000] {dagbag.py:538} INFO - Filling up the DagBag from /home/airflow/.local/lib/python3.8/site-packages/airflow/example_dags/example_params_ui_tutorial.py
[2026-07-07T09:45:39.622+0000] {processor.py:840} INFO - DAG(s) 'example_params_ui_tutorial' retrieved from /home/airflow/.local/lib/python3.8/site-packages/airflow/example_dags/example_params_ui_tutorial.py
[2026-07-07T09:45:39.781+0000] {logging_mixin.py:188} INFO - [2026-07-07T09:45:39.781+0000] {dag.py:3036} INFO - Sync 1 DAGs
[2026-07-07T09:45:39.810+0000] {logging_mixin.py:188} INFO - [2026-07-07T09:45:39.810+0000] {dag.py:3823} INFO - Setting next_dagrun for example_params_ui_tutorial to None, run_after=None
[2026-07-07T09:45:39.843+0000] {processor.py:183} INFO - Processing /home/airflow/.local/lib/python3.8/site-packages/airflow/example_dags/example_params_ui_tutorial.py took 0.273 seconds
[2026-07-07T09:46:09.923+0000] {processor.py:161} INFO - Started process (PID=7321) to work on /home/airflow/.local/lib/python3.8/site-packages/airflow/example_dags/example_params_ui_tutorial.py
[2026-07-07T09:46:09.926+0000] {processor.py:830} INFO - Processing file /home/airflow/.local/lib/python3.8/site-packages/airflow/example_dags/example_params_ui_tutorial.py for tasks to queue
[2026-07-07T09:46:09.929+0000] {logging_mixin.py:188} INFO - [2026-07-07T09:46:09.928+0000] {dagbag.py:538} INFO - Filling up the DagBag from /home/airflow/.local/lib/python3.8/site-packages/airflow/example_dags/example_params_ui_tutorial.py
[2026-07-07T09:46:09.973+0000] {processor.py:840} INFO - DAG(s) 'example_params_ui_tutorial' retrieved from /home/airflow/.local/lib/python3.8/site-packages/airflow/example_dags/example_params_ui_tutorial.py
[2026-07-07T09:46:10.168+0000] {logging_mixin.py:188} INFO - [2026-07-07T09:46:10.168+0000] {dag.py:3036} INFO - Sync 1 DAGs
[2026-07-07T09:46:10.203+0000] {logging_mixin.py:188} INFO - [2026-07-07T09:46:10.203+0000] {dag.py:3823} INFO - Setting next_dagrun for example_params_ui_tutorial to None, run_after=None
[2026-07-07T09:46:10.251+0000] {processor.py:183} INFO - Processing /home/airflow/.local/lib/python3.8/site-packages/airflow/example_dags/example_params_ui_tutorial.py took 0.342 seconds
[2026-07-07T09:46:40.363+0000] {processor.py:161} INFO - Started process (PID=7383) to work on /home/airflow/.local/lib/python3.8/site-packages/airflow/example_dags/example_params_ui_tutorial.py
[2026-07-07T09:46:40.366+0000] {processor.py:830} INFO - Processing file /home/airflow/.local/lib/python3.8/site-packages/airflow/example_dags/example_params_ui_tutorial.py for tasks to queue
[2026-07-07T09:46:40.369+0000] {logging_mixin.py:188} INFO - [2026-07-07T09:46:40.368+0000] {dagbag.py:538} INFO - Filling up the DagBag from /home/airflow/.local/lib/python3.8/site-packages/airflow/example_dags/example_params_ui_tutorial.py
[2026-07-07T09:46:40.413+0000] {processor.py:840} INFO - DAG(s) 'example_params_ui_tutorial' retrieved from /home/airflow/.local/lib/python3.8/site-packages/airflow/example_dags/example_params_ui_tutorial.py
[2026-07-07T09:46:40.590+0000] {logging_mixin.py:188} INFO - [2026-07-07T09:46:40.590+0000] {dag.py:3036} INFO - Sync 1 DAGs
[2026-07-07T09:46:40.626+0000] {logging_mixin.py:188} INFO - [2026-07-07T09:46:40.625+0000] {dag.py:3823} INFO - Setting next_dagrun for example_params_ui_tutorial to None, run_after=None
[2026-07-07T09:46:40.689+0000] {processor.py:183} INFO - Processing /home/airflow/.local/lib/python3.8/site-packages/airflow/example_dags/example_params_ui_tutorial.py took 0.338 seconds
