[2026-07-07T09:09:04.511+0000] {processor.py:161} INFO - Started process (PID=4178) to work on /home/airflow/.local/lib/python3.8/site-packages/airflow/example_dags/example_dynamic_task_mapping.py
[2026-07-07T09:09:04.563+0000] {processor.py:830} INFO - Processing file /home/airflow/.local/lib/python3.8/site-packages/airflow/example_dags/example_dynamic_task_mapping.py for tasks to queue
[2026-07-07T09:09:04.578+0000] {logging_mixin.py:188} INFO - [2026-07-07T09:09:04.577+0000] {dagbag.py:538} INFO - Filling up the DagBag from /home/airflow/.local/lib/python3.8/site-packages/airflow/example_dags/example_dynamic_task_mapping.py
[2026-07-07T09:09:04.670+0000] {processor.py:840} INFO - DAG(s) 'example_dynamic_task_mapping' retrieved from /home/airflow/.local/lib/python3.8/site-packages/airflow/example_dags/example_dynamic_task_mapping.py
[2026-07-07T09:09:04.982+0000] {logging_mixin.py:188} INFO - [2026-07-07T09:09:04.982+0000] {dag.py:3036} INFO - Sync 1 DAGs
[2026-07-07T09:09:05.181+0000] {logging_mixin.py:188} INFO - [2026-07-07T09:09:05.172+0000] {dag.py:3823} INFO - Setting next_dagrun for example_dynamic_task_mapping to 2022-03-04 00:00:00+00:00, run_after=2022-03-05 00:00:00+00:00
[2026-07-07T09:09:05.343+0000] {processor.py:183} INFO - Processing /home/airflow/.local/lib/python3.8/site-packages/airflow/example_dags/example_dynamic_task_mapping.py took 0.897 seconds
[2026-07-07T09:09:36.006+0000] {processor.py:161} INFO - Started process (PID=4245) to work on /home/airflow/.local/lib/python3.8/site-packages/airflow/example_dags/example_dynamic_task_mapping.py
[2026-07-07T09:09:36.009+0000] {processor.py:830} INFO - Processing file /home/airflow/.local/lib/python3.8/site-packages/airflow/example_dags/example_dynamic_task_mapping.py for tasks to queue
[2026-07-07T09:09:36.012+0000] {logging_mixin.py:188} INFO - [2026-07-07T09:09:36.011+0000] {dagbag.py:538} INFO - Filling up the DagBag from /home/airflow/.local/lib/python3.8/site-packages/airflow/example_dags/example_dynamic_task_mapping.py
[2026-07-07T09:09:36.044+0000] {processor.py:840} INFO - DAG(s) 'example_dynamic_task_mapping' retrieved from /home/airflow/.local/lib/python3.8/site-packages/airflow/example_dags/example_dynamic_task_mapping.py
[2026-07-07T09:09:36.102+0000] {logging_mixin.py:188} INFO - [2026-07-07T09:09:36.102+0000] {dag.py:3036} INFO - Sync 1 DAGs
[2026-07-07T09:09:36.166+0000] {logging_mixin.py:188} INFO - [2026-07-07T09:09:36.165+0000] {dag.py:3823} INFO - Setting next_dagrun for example_dynamic_task_mapping to 2022-03-04 00:00:00+00:00, run_after=2022-03-05 00:00:00+00:00
[2026-07-07T09:09:36.215+0000] {processor.py:183} INFO - Processing /home/airflow/.local/lib/python3.8/site-packages/airflow/example_dags/example_dynamic_task_mapping.py took 0.219 seconds
[2026-07-07T09:10:06.411+0000] {processor.py:161} INFO - Started process (PID=4312) to work on /home/airflow/.local/lib/python3.8/site-packages/airflow/example_dags/example_dynamic_task_mapping.py
[2026-07-07T09:10:06.414+0000] {processor.py:830} INFO - Processing file /home/airflow/.local/lib/python3.8/site-packages/airflow/example_dags/example_dynamic_task_mapping.py for tasks to queue
[2026-07-07T09:10:06.416+0000] {logging_mixin.py:188} INFO - [2026-07-07T09:10:06.416+0000] {dagbag.py:538} INFO - Filling up the DagBag from /home/airflow/.local/lib/python3.8/site-packages/airflow/example_dags/example_dynamic_task_mapping.py
[2026-07-07T09:10:06.478+0000] {processor.py:840} INFO - DAG(s) 'example_dynamic_task_mapping' retrieved from /home/airflow/.local/lib/python3.8/site-packages/airflow/example_dags/example_dynamic_task_mapping.py
[2026-07-07T09:10:06.615+0000] {logging_mixin.py:188} INFO - [2026-07-07T09:10:06.615+0000] {dag.py:3036} INFO - Sync 1 DAGs
[2026-07-07T09:10:06.791+0000] {logging_mixin.py:188} INFO - [2026-07-07T09:10:06.790+0000] {dag.py:3823} INFO - Setting next_dagrun for example_dynamic_task_mapping to 2022-03-04 00:00:00+00:00, run_after=2022-03-05 00:00:00+00:00
[2026-07-07T09:10:06.954+0000] {processor.py:183} INFO - Processing /home/airflow/.local/lib/python3.8/site-packages/airflow/example_dags/example_dynamic_task_mapping.py took 0.563 seconds
[2026-07-07T09:10:43.476+0000] {processor.py:161} INFO - Started process (PID=4378) to work on /home/airflow/.local/lib/python3.8/site-packages/airflow/example_dags/example_dynamic_task_mapping.py
[2026-07-07T09:10:43.489+0000] {processor.py:830} INFO - Processing file /home/airflow/.local/lib/python3.8/site-packages/airflow/example_dags/example_dynamic_task_mapping.py for tasks to queue
[2026-07-07T09:10:43.491+0000] {logging_mixin.py:188} INFO - [2026-07-07T09:10:43.491+0000] {dagbag.py:538} INFO - Filling up the DagBag from /home/airflow/.local/lib/python3.8/site-packages/airflow/example_dags/example_dynamic_task_mapping.py
[2026-07-07T09:10:43.816+0000] {processor.py:840} INFO - DAG(s) 'example_dynamic_task_mapping' retrieved from /home/airflow/.local/lib/python3.8/site-packages/airflow/example_dags/example_dynamic_task_mapping.py
[2026-07-07T09:10:44.733+0000] {logging_mixin.py:188} INFO - [2026-07-07T09:10:44.732+0000] {dag.py:3036} INFO - Sync 1 DAGs
[2026-07-07T09:10:46.863+0000] {logging_mixin.py:188} INFO - [2026-07-07T09:10:46.835+0000] {dag.py:3823} INFO - Setting next_dagrun for example_dynamic_task_mapping to 2022-03-04 00:00:00+00:00, run_after=2022-03-05 00:00:00+00:00
[2026-07-07T09:10:47.585+0000] {processor.py:183} INFO - Processing /home/airflow/.local/lib/python3.8/site-packages/airflow/example_dags/example_dynamic_task_mapping.py took 4.240 seconds
[2026-07-07T09:20:14.614+0000] {processor.py:161} INFO - Started process (PID=4645) to work on /home/airflow/.local/lib/python3.8/site-packages/airflow/example_dags/example_dynamic_task_mapping.py
[2026-07-07T09:20:14.747+0000] {processor.py:830} INFO - Processing file /home/airflow/.local/lib/python3.8/site-packages/airflow/example_dags/example_dynamic_task_mapping.py for tasks to queue
[2026-07-07T09:20:14.854+0000] {logging_mixin.py:188} INFO - [2026-07-07T09:20:14.794+0000] {dagbag.py:538} INFO - Filling up the DagBag from /home/airflow/.local/lib/python3.8/site-packages/airflow/example_dags/example_dynamic_task_mapping.py
[2026-07-07T09:20:15.796+0000] {processor.py:840} INFO - DAG(s) 'example_dynamic_task_mapping' retrieved from /home/airflow/.local/lib/python3.8/site-packages/airflow/example_dags/example_dynamic_task_mapping.py
[2026-07-07T09:20:17.143+0000] {logging_mixin.py:188} INFO - [2026-07-07T09:20:17.143+0000] {dag.py:3036} INFO - Sync 1 DAGs
[2026-07-07T09:20:17.778+0000] {logging_mixin.py:188} INFO - [2026-07-07T09:20:17.778+0000] {dag.py:3823} INFO - Setting next_dagrun for example_dynamic_task_mapping to 2022-03-04 00:00:00+00:00, run_after=2022-03-05 00:00:00+00:00
[2026-07-07T09:20:18.476+0000] {processor.py:183} INFO - Processing /home/airflow/.local/lib/python3.8/site-packages/airflow/example_dags/example_dynamic_task_mapping.py took 3.946 seconds
[2026-07-07T09:25:23.698+0000] {processor.py:161} INFO - Started process (PID=4833) to work on /home/airflow/.local/lib/python3.8/site-packages/airflow/example_dags/example_dynamic_task_mapping.py
[2026-07-07T09:25:23.717+0000] {processor.py:830} INFO - Processing file /home/airflow/.local/lib/python3.8/site-packages/airflow/example_dags/example_dynamic_task_mapping.py for tasks to queue
[2026-07-07T09:25:23.737+0000] {logging_mixin.py:188} INFO - [2026-07-07T09:25:23.719+0000] {dagbag.py:538} INFO - Filling up the DagBag from /home/airflow/.local/lib/python3.8/site-packages/airflow/example_dags/example_dynamic_task_mapping.py
[2026-07-07T09:25:23.873+0000] {processor.py:840} INFO - DAG(s) 'example_dynamic_task_mapping' retrieved from /home/airflow/.local/lib/python3.8/site-packages/airflow/example_dags/example_dynamic_task_mapping.py
[2026-07-07T09:25:24.694+0000] {logging_mixin.py:188} INFO - [2026-07-07T09:25:24.693+0000] {dag.py:3036} INFO - Sync 1 DAGs
[2026-07-07T09:25:25.094+0000] {logging_mixin.py:188} INFO - [2026-07-07T09:25:25.093+0000] {dag.py:3823} INFO - Setting next_dagrun for example_dynamic_task_mapping to 2022-03-04 00:00:00+00:00, run_after=2022-03-05 00:00:00+00:00
[2026-07-07T09:25:25.585+0000] {processor.py:183} INFO - Processing /home/airflow/.local/lib/python3.8/site-packages/airflow/example_dags/example_dynamic_task_mapping.py took 2.206 seconds
[2026-07-07T09:26:33.605+0000] {processor.py:161} INFO - Started process (PID=4909) to work on /home/airflow/.local/lib/python3.8/site-packages/airflow/example_dags/example_dynamic_task_mapping.py
[2026-07-07T09:26:33.618+0000] {processor.py:830} INFO - Processing file /home/airflow/.local/lib/python3.8/site-packages/airflow/example_dags/example_dynamic_task_mapping.py for tasks to queue
[2026-07-07T09:26:33.622+0000] {logging_mixin.py:188} INFO - [2026-07-07T09:26:33.621+0000] {dagbag.py:538} INFO - Filling up the DagBag from /home/airflow/.local/lib/python3.8/site-packages/airflow/example_dags/example_dynamic_task_mapping.py
[2026-07-07T09:26:33.688+0000] {processor.py:840} INFO - DAG(s) 'example_dynamic_task_mapping' retrieved from /home/airflow/.local/lib/python3.8/site-packages/airflow/example_dags/example_dynamic_task_mapping.py
[2026-07-07T09:26:33.798+0000] {logging_mixin.py:188} INFO - [2026-07-07T09:26:33.798+0000] {dag.py:3036} INFO - Sync 1 DAGs
[2026-07-07T09:26:33.899+0000] {logging_mixin.py:188} INFO - [2026-07-07T09:26:33.899+0000] {dag.py:3823} INFO - Setting next_dagrun for example_dynamic_task_mapping to 2022-03-04 00:00:00+00:00, run_after=2022-03-05 00:00:00+00:00
[2026-07-07T09:26:34.004+0000] {processor.py:183} INFO - Processing /home/airflow/.local/lib/python3.8/site-packages/airflow/example_dags/example_dynamic_task_mapping.py took 0.425 seconds
[2026-07-07T09:27:06.856+0000] {processor.py:161} INFO - Started process (PID=4976) to work on /home/airflow/.local/lib/python3.8/site-packages/airflow/example_dags/example_dynamic_task_mapping.py
[2026-07-07T09:27:06.861+0000] {processor.py:830} INFO - Processing file /home/airflow/.local/lib/python3.8/site-packages/airflow/example_dags/example_dynamic_task_mapping.py for tasks to queue
[2026-07-07T09:27:06.864+0000] {logging_mixin.py:188} INFO - [2026-07-07T09:27:06.863+0000] {dagbag.py:538} INFO - Filling up the DagBag from /home/airflow/.local/lib/python3.8/site-packages/airflow/example_dags/example_dynamic_task_mapping.py
[2026-07-07T09:27:06.918+0000] {processor.py:840} INFO - DAG(s) 'example_dynamic_task_mapping' retrieved from /home/airflow/.local/lib/python3.8/site-packages/airflow/example_dags/example_dynamic_task_mapping.py
[2026-07-07T09:27:07.064+0000] {logging_mixin.py:188} INFO - [2026-07-07T09:27:07.063+0000] {dag.py:3036} INFO - Sync 1 DAGs
[2026-07-07T09:27:07.167+0000] {logging_mixin.py:188} INFO - [2026-07-07T09:27:07.166+0000] {dag.py:3823} INFO - Setting next_dagrun for example_dynamic_task_mapping to 2022-03-04 00:00:00+00:00, run_after=2022-03-05 00:00:00+00:00
[2026-07-07T09:27:07.232+0000] {processor.py:183} INFO - Processing /home/airflow/.local/lib/python3.8/site-packages/airflow/example_dags/example_dynamic_task_mapping.py took 0.405 seconds
[2026-07-07T09:27:38.111+0000] {processor.py:161} INFO - Started process (PID=5035) to work on /home/airflow/.local/lib/python3.8/site-packages/airflow/example_dags/example_dynamic_task_mapping.py
[2026-07-07T09:27:38.117+0000] {processor.py:830} INFO - Processing file /home/airflow/.local/lib/python3.8/site-packages/airflow/example_dags/example_dynamic_task_mapping.py for tasks to queue
[2026-07-07T09:27:38.120+0000] {logging_mixin.py:188} INFO - [2026-07-07T09:27:38.119+0000] {dagbag.py:538} INFO - Filling up the DagBag from /home/airflow/.local/lib/python3.8/site-packages/airflow/example_dags/example_dynamic_task_mapping.py
[2026-07-07T09:27:38.167+0000] {processor.py:840} INFO - DAG(s) 'example_dynamic_task_mapping' retrieved from /home/airflow/.local/lib/python3.8/site-packages/airflow/example_dags/example_dynamic_task_mapping.py
[2026-07-07T09:27:38.223+0000] {logging_mixin.py:188} INFO - [2026-07-07T09:27:38.223+0000] {dag.py:3036} INFO - Sync 1 DAGs
[2026-07-07T09:27:38.283+0000] {logging_mixin.py:188} INFO - [2026-07-07T09:27:38.283+0000] {dag.py:3823} INFO - Setting next_dagrun for example_dynamic_task_mapping to 2022-03-04 00:00:00+00:00, run_after=2022-03-05 00:00:00+00:00
[2026-07-07T09:27:38.390+0000] {processor.py:183} INFO - Processing /home/airflow/.local/lib/python3.8/site-packages/airflow/example_dags/example_dynamic_task_mapping.py took 0.290 seconds
[2026-07-07T09:28:10.415+0000] {processor.py:161} INFO - Started process (PID=5102) to work on /home/airflow/.local/lib/python3.8/site-packages/airflow/example_dags/example_dynamic_task_mapping.py
[2026-07-07T09:28:10.844+0000] {processor.py:830} INFO - Processing file /home/airflow/.local/lib/python3.8/site-packages/airflow/example_dags/example_dynamic_task_mapping.py for tasks to queue
[2026-07-07T09:28:10.848+0000] {logging_mixin.py:188} INFO - [2026-07-07T09:28:10.847+0000] {dagbag.py:538} INFO - Filling up the DagBag from /home/airflow/.local/lib/python3.8/site-packages/airflow/example_dags/example_dynamic_task_mapping.py
[2026-07-07T09:28:10.925+0000] {processor.py:840} INFO - DAG(s) 'example_dynamic_task_mapping' retrieved from /home/airflow/.local/lib/python3.8/site-packages/airflow/example_dags/example_dynamic_task_mapping.py
[2026-07-07T09:28:11.262+0000] {logging_mixin.py:188} INFO - [2026-07-07T09:28:11.261+0000] {dag.py:3036} INFO - Sync 1 DAGs
[2026-07-07T09:28:11.902+0000] {logging_mixin.py:188} INFO - [2026-07-07T09:28:11.901+0000] {dag.py:3823} INFO - Setting next_dagrun for example_dynamic_task_mapping to 2022-03-04 00:00:00+00:00, run_after=2022-03-05 00:00:00+00:00
[2026-07-07T09:28:12.148+0000] {processor.py:183} INFO - Processing /home/airflow/.local/lib/python3.8/site-packages/airflow/example_dags/example_dynamic_task_mapping.py took 1.797 seconds
[2026-07-07T09:28:48.290+0000] {processor.py:161} INFO - Started process (PID=5169) to work on /home/airflow/.local/lib/python3.8/site-packages/airflow/example_dags/example_dynamic_task_mapping.py
[2026-07-07T09:28:48.298+0000] {processor.py:830} INFO - Processing file /home/airflow/.local/lib/python3.8/site-packages/airflow/example_dags/example_dynamic_task_mapping.py for tasks to queue
[2026-07-07T09:28:48.302+0000] {logging_mixin.py:188} INFO - [2026-07-07T09:28:48.301+0000] {dagbag.py:538} INFO - Filling up the DagBag from /home/airflow/.local/lib/python3.8/site-packages/airflow/example_dags/example_dynamic_task_mapping.py
[2026-07-07T09:28:48.350+0000] {processor.py:840} INFO - DAG(s) 'example_dynamic_task_mapping' retrieved from /home/airflow/.local/lib/python3.8/site-packages/airflow/example_dags/example_dynamic_task_mapping.py
[2026-07-07T09:28:48.479+0000] {logging_mixin.py:188} INFO - [2026-07-07T09:28:48.478+0000] {dag.py:3036} INFO - Sync 1 DAGs
[2026-07-07T09:28:48.597+0000] {logging_mixin.py:188} INFO - [2026-07-07T09:28:48.597+0000] {dag.py:3823} INFO - Setting next_dagrun for example_dynamic_task_mapping to 2022-03-04 00:00:00+00:00, run_after=2022-03-05 00:00:00+00:00
[2026-07-07T09:28:48.727+0000] {processor.py:183} INFO - Processing /home/airflow/.local/lib/python3.8/site-packages/airflow/example_dags/example_dynamic_task_mapping.py took 0.473 seconds
[2026-07-07T09:29:19.867+0000] {processor.py:161} INFO - Started process (PID=5229) to work on /home/airflow/.local/lib/python3.8/site-packages/airflow/example_dags/example_dynamic_task_mapping.py
[2026-07-07T09:29:19.873+0000] {processor.py:830} INFO - Processing file /home/airflow/.local/lib/python3.8/site-packages/airflow/example_dags/example_dynamic_task_mapping.py for tasks to queue
[2026-07-07T09:29:19.881+0000] {logging_mixin.py:188} INFO - [2026-07-07T09:29:19.879+0000] {dagbag.py:538} INFO - Filling up the DagBag from /home/airflow/.local/lib/python3.8/site-packages/airflow/example_dags/example_dynamic_task_mapping.py
[2026-07-07T09:29:19.927+0000] {processor.py:840} INFO - DAG(s) 'example_dynamic_task_mapping' retrieved from /home/airflow/.local/lib/python3.8/site-packages/airflow/example_dags/example_dynamic_task_mapping.py
[2026-07-07T09:29:20.036+0000] {logging_mixin.py:188} INFO - [2026-07-07T09:29:20.035+0000] {dag.py:3036} INFO - Sync 1 DAGs
[2026-07-07T09:29:20.135+0000] {logging_mixin.py:188} INFO - [2026-07-07T09:29:20.135+0000] {dag.py:3823} INFO - Setting next_dagrun for example_dynamic_task_mapping to 2022-03-04 00:00:00+00:00, run_after=2022-03-05 00:00:00+00:00
[2026-07-07T09:29:20.232+0000] {processor.py:183} INFO - Processing /home/airflow/.local/lib/python3.8/site-packages/airflow/example_dags/example_dynamic_task_mapping.py took 0.400 seconds
[2026-07-07T09:29:50.751+0000] {processor.py:161} INFO - Started process (PID=5296) to work on /home/airflow/.local/lib/python3.8/site-packages/airflow/example_dags/example_dynamic_task_mapping.py
[2026-07-07T09:29:50.781+0000] {processor.py:830} INFO - Processing file /home/airflow/.local/lib/python3.8/site-packages/airflow/example_dags/example_dynamic_task_mapping.py for tasks to queue
[2026-07-07T09:29:50.783+0000] {logging_mixin.py:188} INFO - [2026-07-07T09:29:50.782+0000] {dagbag.py:538} INFO - Filling up the DagBag from /home/airflow/.local/lib/python3.8/site-packages/airflow/example_dags/example_dynamic_task_mapping.py
[2026-07-07T09:29:50.872+0000] {processor.py:840} INFO - DAG(s) 'example_dynamic_task_mapping' retrieved from /home/airflow/.local/lib/python3.8/site-packages/airflow/example_dags/example_dynamic_task_mapping.py
[2026-07-07T09:29:51.035+0000] {logging_mixin.py:188} INFO - [2026-07-07T09:29:51.034+0000] {dag.py:3036} INFO - Sync 1 DAGs
[2026-07-07T09:29:51.194+0000] {logging_mixin.py:188} INFO - [2026-07-07T09:29:51.194+0000] {dag.py:3823} INFO - Setting next_dagrun for example_dynamic_task_mapping to 2022-03-04 00:00:00+00:00, run_after=2022-03-05 00:00:00+00:00
[2026-07-07T09:29:51.402+0000] {processor.py:183} INFO - Processing /home/airflow/.local/lib/python3.8/site-packages/airflow/example_dags/example_dynamic_task_mapping.py took 0.684 seconds
[2026-07-07T09:30:21.546+0000] {processor.py:161} INFO - Started process (PID=5354) to work on /home/airflow/.local/lib/python3.8/site-packages/airflow/example_dags/example_dynamic_task_mapping.py
[2026-07-07T09:30:21.552+0000] {processor.py:830} INFO - Processing file /home/airflow/.local/lib/python3.8/site-packages/airflow/example_dags/example_dynamic_task_mapping.py for tasks to queue
[2026-07-07T09:30:21.557+0000] {logging_mixin.py:188} INFO - [2026-07-07T09:30:21.556+0000] {dagbag.py:538} INFO - Filling up the DagBag from /home/airflow/.local/lib/python3.8/site-packages/airflow/example_dags/example_dynamic_task_mapping.py
[2026-07-07T09:30:21.600+0000] {processor.py:840} INFO - DAG(s) 'example_dynamic_task_mapping' retrieved from /home/airflow/.local/lib/python3.8/site-packages/airflow/example_dags/example_dynamic_task_mapping.py
[2026-07-07T09:30:21.698+0000] {logging_mixin.py:188} INFO - [2026-07-07T09:30:21.697+0000] {dag.py:3036} INFO - Sync 1 DAGs
[2026-07-07T09:30:21.778+0000] {logging_mixin.py:188} INFO - [2026-07-07T09:30:21.777+0000] {dag.py:3823} INFO - Setting next_dagrun for example_dynamic_task_mapping to 2022-03-04 00:00:00+00:00, run_after=2022-03-05 00:00:00+00:00
[2026-07-07T09:30:21.828+0000] {processor.py:183} INFO - Processing /home/airflow/.local/lib/python3.8/site-packages/airflow/example_dags/example_dynamic_task_mapping.py took 0.293 seconds
[2026-07-07T09:31:02.742+0000] {processor.py:161} INFO - Started process (PID=5429) to work on /home/airflow/.local/lib/python3.8/site-packages/airflow/example_dags/example_dynamic_task_mapping.py
[2026-07-07T09:31:02.791+0000] {processor.py:830} INFO - Processing file /home/airflow/.local/lib/python3.8/site-packages/airflow/example_dags/example_dynamic_task_mapping.py for tasks to queue
[2026-07-07T09:31:02.814+0000] {logging_mixin.py:188} INFO - [2026-07-07T09:31:02.793+0000] {dagbag.py:538} INFO - Filling up the DagBag from /home/airflow/.local/lib/python3.8/site-packages/airflow/example_dags/example_dynamic_task_mapping.py
[2026-07-07T09:31:02.877+0000] {processor.py:840} INFO - DAG(s) 'example_dynamic_task_mapping' retrieved from /home/airflow/.local/lib/python3.8/site-packages/airflow/example_dags/example_dynamic_task_mapping.py
[2026-07-07T09:31:03.100+0000] {logging_mixin.py:188} INFO - [2026-07-07T09:31:03.100+0000] {dag.py:3036} INFO - Sync 1 DAGs
[2026-07-07T09:31:03.399+0000] {logging_mixin.py:188} INFO - [2026-07-07T09:31:03.398+0000] {dag.py:3823} INFO - Setting next_dagrun for example_dynamic_task_mapping to 2022-03-04 00:00:00+00:00, run_after=2022-03-05 00:00:00+00:00
[2026-07-07T09:31:04.929+0000] {processor.py:183} INFO - Processing /home/airflow/.local/lib/python3.8/site-packages/airflow/example_dags/example_dynamic_task_mapping.py took 2.394 seconds
[2026-07-07T09:31:35.614+0000] {processor.py:161} INFO - Started process (PID=5489) to work on /home/airflow/.local/lib/python3.8/site-packages/airflow/example_dags/example_dynamic_task_mapping.py
[2026-07-07T09:31:35.629+0000] {processor.py:830} INFO - Processing file /home/airflow/.local/lib/python3.8/site-packages/airflow/example_dags/example_dynamic_task_mapping.py for tasks to queue
[2026-07-07T09:31:35.633+0000] {logging_mixin.py:188} INFO - [2026-07-07T09:31:35.632+0000] {dagbag.py:538} INFO - Filling up the DagBag from /home/airflow/.local/lib/python3.8/site-packages/airflow/example_dags/example_dynamic_task_mapping.py
[2026-07-07T09:31:35.681+0000] {processor.py:840} INFO - DAG(s) 'example_dynamic_task_mapping' retrieved from /home/airflow/.local/lib/python3.8/site-packages/airflow/example_dags/example_dynamic_task_mapping.py
[2026-07-07T09:31:35.945+0000] {logging_mixin.py:188} INFO - [2026-07-07T09:31:35.944+0000] {dag.py:3036} INFO - Sync 1 DAGs
[2026-07-07T09:31:36.223+0000] {logging_mixin.py:188} INFO - [2026-07-07T09:31:36.223+0000] {dag.py:3823} INFO - Setting next_dagrun for example_dynamic_task_mapping to 2022-03-04 00:00:00+00:00, run_after=2022-03-05 00:00:00+00:00
[2026-07-07T09:31:36.415+0000] {processor.py:183} INFO - Processing /home/airflow/.local/lib/python3.8/site-packages/airflow/example_dags/example_dynamic_task_mapping.py took 0.847 seconds
[2026-07-07T09:32:06.852+0000] {processor.py:161} INFO - Started process (PID=5555) to work on /home/airflow/.local/lib/python3.8/site-packages/airflow/example_dags/example_dynamic_task_mapping.py
[2026-07-07T09:32:06.864+0000] {processor.py:830} INFO - Processing file /home/airflow/.local/lib/python3.8/site-packages/airflow/example_dags/example_dynamic_task_mapping.py for tasks to queue
[2026-07-07T09:32:06.866+0000] {logging_mixin.py:188} INFO - [2026-07-07T09:32:06.866+0000] {dagbag.py:538} INFO - Filling up the DagBag from /home/airflow/.local/lib/python3.8/site-packages/airflow/example_dags/example_dynamic_task_mapping.py
[2026-07-07T09:32:06.937+0000] {processor.py:840} INFO - DAG(s) 'example_dynamic_task_mapping' retrieved from /home/airflow/.local/lib/python3.8/site-packages/airflow/example_dags/example_dynamic_task_mapping.py
[2026-07-07T09:32:07.109+0000] {logging_mixin.py:188} INFO - [2026-07-07T09:32:07.109+0000] {dag.py:3036} INFO - Sync 1 DAGs
[2026-07-07T09:32:07.228+0000] {logging_mixin.py:188} INFO - [2026-07-07T09:32:07.228+0000] {dag.py:3823} INFO - Setting next_dagrun for example_dynamic_task_mapping to 2022-03-04 00:00:00+00:00, run_after=2022-03-05 00:00:00+00:00
[2026-07-07T09:32:07.381+0000] {processor.py:183} INFO - Processing /home/airflow/.local/lib/python3.8/site-packages/airflow/example_dags/example_dynamic_task_mapping.py took 0.572 seconds
[2026-07-07T09:32:40.279+0000] {processor.py:161} INFO - Started process (PID=5615) to work on /home/airflow/.local/lib/python3.8/site-packages/airflow/example_dags/example_dynamic_task_mapping.py
[2026-07-07T09:32:40.308+0000] {processor.py:830} INFO - Processing file /home/airflow/.local/lib/python3.8/site-packages/airflow/example_dags/example_dynamic_task_mapping.py for tasks to queue
[2026-07-07T09:32:40.312+0000] {logging_mixin.py:188} INFO - [2026-07-07T09:32:40.311+0000] {dagbag.py:538} INFO - Filling up the DagBag from /home/airflow/.local/lib/python3.8/site-packages/airflow/example_dags/example_dynamic_task_mapping.py
[2026-07-07T09:32:40.385+0000] {processor.py:840} INFO - DAG(s) 'example_dynamic_task_mapping' retrieved from /home/airflow/.local/lib/python3.8/site-packages/airflow/example_dags/example_dynamic_task_mapping.py
[2026-07-07T09:32:40.519+0000] {logging_mixin.py:188} INFO - [2026-07-07T09:32:40.519+0000] {dag.py:3036} INFO - Sync 1 DAGs
[2026-07-07T09:32:40.634+0000] {logging_mixin.py:188} INFO - [2026-07-07T09:32:40.633+0000] {dag.py:3823} INFO - Setting next_dagrun for example_dynamic_task_mapping to 2022-03-04 00:00:00+00:00, run_after=2022-03-05 00:00:00+00:00
[2026-07-07T09:32:40.782+0000] {processor.py:183} INFO - Processing /home/airflow/.local/lib/python3.8/site-packages/airflow/example_dags/example_dynamic_task_mapping.py took 0.528 seconds
[2026-07-07T09:33:11.375+0000] {processor.py:161} INFO - Started process (PID=5681) to work on /home/airflow/.local/lib/python3.8/site-packages/airflow/example_dags/example_dynamic_task_mapping.py
[2026-07-07T09:33:11.377+0000] {processor.py:830} INFO - Processing file /home/airflow/.local/lib/python3.8/site-packages/airflow/example_dags/example_dynamic_task_mapping.py for tasks to queue
[2026-07-07T09:33:11.380+0000] {logging_mixin.py:188} INFO - [2026-07-07T09:33:11.379+0000] {dagbag.py:538} INFO - Filling up the DagBag from /home/airflow/.local/lib/python3.8/site-packages/airflow/example_dags/example_dynamic_task_mapping.py
[2026-07-07T09:33:11.423+0000] {processor.py:840} INFO - DAG(s) 'example_dynamic_task_mapping' retrieved from /home/airflow/.local/lib/python3.8/site-packages/airflow/example_dags/example_dynamic_task_mapping.py
[2026-07-07T09:33:11.566+0000] {logging_mixin.py:188} INFO - [2026-07-07T09:33:11.564+0000] {dag.py:3036} INFO - Sync 1 DAGs
[2026-07-07T09:33:11.851+0000] {logging_mixin.py:188} INFO - [2026-07-07T09:33:11.850+0000] {dag.py:3823} INFO - Setting next_dagrun for example_dynamic_task_mapping to 2022-03-04 00:00:00+00:00, run_after=2022-03-05 00:00:00+00:00
[2026-07-07T09:33:12.074+0000] {processor.py:183} INFO - Processing /home/airflow/.local/lib/python3.8/site-packages/airflow/example_dags/example_dynamic_task_mapping.py took 0.718 seconds
[2026-07-07T09:33:42.426+0000] {processor.py:161} INFO - Started process (PID=5749) to work on /home/airflow/.local/lib/python3.8/site-packages/airflow/example_dags/example_dynamic_task_mapping.py
[2026-07-07T09:33:42.433+0000] {processor.py:830} INFO - Processing file /home/airflow/.local/lib/python3.8/site-packages/airflow/example_dags/example_dynamic_task_mapping.py for tasks to queue
[2026-07-07T09:33:42.438+0000] {logging_mixin.py:188} INFO - [2026-07-07T09:33:42.435+0000] {dagbag.py:538} INFO - Filling up the DagBag from /home/airflow/.local/lib/python3.8/site-packages/airflow/example_dags/example_dynamic_task_mapping.py
[2026-07-07T09:33:42.468+0000] {processor.py:840} INFO - DAG(s) 'example_dynamic_task_mapping' retrieved from /home/airflow/.local/lib/python3.8/site-packages/airflow/example_dags/example_dynamic_task_mapping.py
[2026-07-07T09:33:42.550+0000] {logging_mixin.py:188} INFO - [2026-07-07T09:33:42.549+0000] {dag.py:3036} INFO - Sync 1 DAGs
[2026-07-07T09:33:42.613+0000] {logging_mixin.py:188} INFO - [2026-07-07T09:33:42.612+0000] {dag.py:3823} INFO - Setting next_dagrun for example_dynamic_task_mapping to 2022-03-04 00:00:00+00:00, run_after=2022-03-05 00:00:00+00:00
[2026-07-07T09:33:42.710+0000] {processor.py:183} INFO - Processing /home/airflow/.local/lib/python3.8/site-packages/airflow/example_dags/example_dynamic_task_mapping.py took 0.298 seconds
[2026-07-07T09:34:12.967+0000] {processor.py:161} INFO - Started process (PID=5809) to work on /home/airflow/.local/lib/python3.8/site-packages/airflow/example_dags/example_dynamic_task_mapping.py
[2026-07-07T09:34:12.968+0000] {processor.py:830} INFO - Processing file /home/airflow/.local/lib/python3.8/site-packages/airflow/example_dags/example_dynamic_task_mapping.py for tasks to queue
[2026-07-07T09:34:12.971+0000] {logging_mixin.py:188} INFO - [2026-07-07T09:34:12.970+0000] {dagbag.py:538} INFO - Filling up the DagBag from /home/airflow/.local/lib/python3.8/site-packages/airflow/example_dags/example_dynamic_task_mapping.py
[2026-07-07T09:34:12.988+0000] {processor.py:840} INFO - DAG(s) 'example_dynamic_task_mapping' retrieved from /home/airflow/.local/lib/python3.8/site-packages/airflow/example_dags/example_dynamic_task_mapping.py
[2026-07-07T09:34:13.036+0000] {logging_mixin.py:188} INFO - [2026-07-07T09:34:13.035+0000] {dag.py:3036} INFO - Sync 1 DAGs
[2026-07-07T09:34:13.096+0000] {logging_mixin.py:188} INFO - [2026-07-07T09:34:13.096+0000] {dag.py:3823} INFO - Setting next_dagrun for example_dynamic_task_mapping to 2022-03-04 00:00:00+00:00, run_after=2022-03-05 00:00:00+00:00
[2026-07-07T09:34:13.145+0000] {processor.py:183} INFO - Processing /home/airflow/.local/lib/python3.8/site-packages/airflow/example_dags/example_dynamic_task_mapping.py took 0.186 seconds
[2026-07-07T09:34:46.923+0000] {processor.py:161} INFO - Started process (PID=5878) to work on /home/airflow/.local/lib/python3.8/site-packages/airflow/example_dags/example_dynamic_task_mapping.py
[2026-07-07T09:34:46.925+0000] {processor.py:830} INFO - Processing file /home/airflow/.local/lib/python3.8/site-packages/airflow/example_dags/example_dynamic_task_mapping.py for tasks to queue
[2026-07-07T09:34:46.927+0000] {logging_mixin.py:188} INFO - [2026-07-07T09:34:46.927+0000] {dagbag.py:538} INFO - Filling up the DagBag from /home/airflow/.local/lib/python3.8/site-packages/airflow/example_dags/example_dynamic_task_mapping.py
[2026-07-07T09:34:46.944+0000] {processor.py:840} INFO - DAG(s) 'example_dynamic_task_mapping' retrieved from /home/airflow/.local/lib/python3.8/site-packages/airflow/example_dags/example_dynamic_task_mapping.py
[2026-07-07T09:34:46.983+0000] {logging_mixin.py:188} INFO - [2026-07-07T09:34:46.982+0000] {dag.py:3036} INFO - Sync 1 DAGs
[2026-07-07T09:34:47.027+0000] {logging_mixin.py:188} INFO - [2026-07-07T09:34:47.026+0000] {dag.py:3823} INFO - Setting next_dagrun for example_dynamic_task_mapping to 2022-03-04 00:00:00+00:00, run_after=2022-03-05 00:00:00+00:00
[2026-07-07T09:34:47.068+0000] {processor.py:183} INFO - Processing /home/airflow/.local/lib/python3.8/site-packages/airflow/example_dags/example_dynamic_task_mapping.py took 0.153 seconds
[2026-07-07T09:35:17.822+0000] {processor.py:161} INFO - Started process (PID=5940) to work on /home/airflow/.local/lib/python3.8/site-packages/airflow/example_dags/example_dynamic_task_mapping.py
[2026-07-07T09:35:17.827+0000] {processor.py:830} INFO - Processing file /home/airflow/.local/lib/python3.8/site-packages/airflow/example_dags/example_dynamic_task_mapping.py for tasks to queue
[2026-07-07T09:35:17.830+0000] {logging_mixin.py:188} INFO - [2026-07-07T09:35:17.829+0000] {dagbag.py:538} INFO - Filling up the DagBag from /home/airflow/.local/lib/python3.8/site-packages/airflow/example_dags/example_dynamic_task_mapping.py
[2026-07-07T09:35:17.865+0000] {processor.py:840} INFO - DAG(s) 'example_dynamic_task_mapping' retrieved from /home/airflow/.local/lib/python3.8/site-packages/airflow/example_dags/example_dynamic_task_mapping.py
[2026-07-07T09:35:17.956+0000] {logging_mixin.py:188} INFO - [2026-07-07T09:35:17.956+0000] {dag.py:3036} INFO - Sync 1 DAGs
[2026-07-07T09:35:18.051+0000] {logging_mixin.py:188} INFO - [2026-07-07T09:35:18.049+0000] {dag.py:3823} INFO - Setting next_dagrun for example_dynamic_task_mapping to 2022-03-04 00:00:00+00:00, run_after=2022-03-05 00:00:00+00:00
[2026-07-07T09:35:18.157+0000] {processor.py:183} INFO - Processing /home/airflow/.local/lib/python3.8/site-packages/airflow/example_dags/example_dynamic_task_mapping.py took 0.353 seconds
[2026-07-07T09:35:49.498+0000] {processor.py:161} INFO - Started process (PID=6010) to work on /home/airflow/.local/lib/python3.8/site-packages/airflow/example_dags/example_dynamic_task_mapping.py
[2026-07-07T09:35:49.547+0000] {processor.py:830} INFO - Processing file /home/airflow/.local/lib/python3.8/site-packages/airflow/example_dags/example_dynamic_task_mapping.py for tasks to queue
[2026-07-07T09:35:49.563+0000] {logging_mixin.py:188} INFO - [2026-07-07T09:35:49.563+0000] {dagbag.py:538} INFO - Filling up the DagBag from /home/airflow/.local/lib/python3.8/site-packages/airflow/example_dags/example_dynamic_task_mapping.py
[2026-07-07T09:35:49.596+0000] {processor.py:840} INFO - DAG(s) 'example_dynamic_task_mapping' retrieved from /home/airflow/.local/lib/python3.8/site-packages/airflow/example_dags/example_dynamic_task_mapping.py
[2026-07-07T09:35:49.664+0000] {logging_mixin.py:188} INFO - [2026-07-07T09:35:49.663+0000] {dag.py:3036} INFO - Sync 1 DAGs
[2026-07-07T09:35:49.737+0000] {logging_mixin.py:188} INFO - [2026-07-07T09:35:49.736+0000] {dag.py:3823} INFO - Setting next_dagrun for example_dynamic_task_mapping to 2022-03-04 00:00:00+00:00, run_after=2022-03-05 00:00:00+00:00
[2026-07-07T09:35:49.786+0000] {processor.py:183} INFO - Processing /home/airflow/.local/lib/python3.8/site-packages/airflow/example_dags/example_dynamic_task_mapping.py took 0.344 seconds
[2026-07-07T09:36:20.058+0000] {processor.py:161} INFO - Started process (PID=6072) to work on /home/airflow/.local/lib/python3.8/site-packages/airflow/example_dags/example_dynamic_task_mapping.py
[2026-07-07T09:36:20.060+0000] {processor.py:830} INFO - Processing file /home/airflow/.local/lib/python3.8/site-packages/airflow/example_dags/example_dynamic_task_mapping.py for tasks to queue
[2026-07-07T09:36:20.062+0000] {logging_mixin.py:188} INFO - [2026-07-07T09:36:20.061+0000] {dagbag.py:538} INFO - Filling up the DagBag from /home/airflow/.local/lib/python3.8/site-packages/airflow/example_dags/example_dynamic_task_mapping.py
[2026-07-07T09:36:20.082+0000] {processor.py:840} INFO - DAG(s) 'example_dynamic_task_mapping' retrieved from /home/airflow/.local/lib/python3.8/site-packages/airflow/example_dags/example_dynamic_task_mapping.py
[2026-07-07T09:36:20.134+0000] {logging_mixin.py:188} INFO - [2026-07-07T09:36:20.134+0000] {dag.py:3036} INFO - Sync 1 DAGs
[2026-07-07T09:36:20.188+0000] {logging_mixin.py:188} INFO - [2026-07-07T09:36:20.187+0000] {dag.py:3823} INFO - Setting next_dagrun for example_dynamic_task_mapping to 2022-03-04 00:00:00+00:00, run_after=2022-03-05 00:00:00+00:00
[2026-07-07T09:36:20.228+0000] {processor.py:183} INFO - Processing /home/airflow/.local/lib/python3.8/site-packages/airflow/example_dags/example_dynamic_task_mapping.py took 0.179 seconds
[2026-07-07T09:36:51.296+0000] {processor.py:161} INFO - Started process (PID=6140) to work on /home/airflow/.local/lib/python3.8/site-packages/airflow/example_dags/example_dynamic_task_mapping.py
[2026-07-07T09:36:51.306+0000] {processor.py:830} INFO - Processing file /home/airflow/.local/lib/python3.8/site-packages/airflow/example_dags/example_dynamic_task_mapping.py for tasks to queue
[2026-07-07T09:36:51.309+0000] {logging_mixin.py:188} INFO - [2026-07-07T09:36:51.308+0000] {dagbag.py:538} INFO - Filling up the DagBag from /home/airflow/.local/lib/python3.8/site-packages/airflow/example_dags/example_dynamic_task_mapping.py
[2026-07-07T09:36:51.339+0000] {processor.py:840} INFO - DAG(s) 'example_dynamic_task_mapping' retrieved from /home/airflow/.local/lib/python3.8/site-packages/airflow/example_dags/example_dynamic_task_mapping.py
[2026-07-07T09:36:51.414+0000] {logging_mixin.py:188} INFO - [2026-07-07T09:36:51.406+0000] {dag.py:3036} INFO - Sync 1 DAGs
[2026-07-07T09:36:51.481+0000] {logging_mixin.py:188} INFO - [2026-07-07T09:36:51.480+0000] {dag.py:3823} INFO - Setting next_dagrun for example_dynamic_task_mapping to 2022-03-04 00:00:00+00:00, run_after=2022-03-05 00:00:00+00:00
[2026-07-07T09:36:51.555+0000] {processor.py:183} INFO - Processing /home/airflow/.local/lib/python3.8/site-packages/airflow/example_dags/example_dynamic_task_mapping.py took 0.268 seconds
[2026-07-07T09:37:22.854+0000] {processor.py:161} INFO - Started process (PID=6199) to work on /home/airflow/.local/lib/python3.8/site-packages/airflow/example_dags/example_dynamic_task_mapping.py
[2026-07-07T09:37:22.858+0000] {processor.py:830} INFO - Processing file /home/airflow/.local/lib/python3.8/site-packages/airflow/example_dags/example_dynamic_task_mapping.py for tasks to queue
[2026-07-07T09:37:22.865+0000] {logging_mixin.py:188} INFO - [2026-07-07T09:37:22.864+0000] {dagbag.py:538} INFO - Filling up the DagBag from /home/airflow/.local/lib/python3.8/site-packages/airflow/example_dags/example_dynamic_task_mapping.py
[2026-07-07T09:37:22.910+0000] {processor.py:840} INFO - DAG(s) 'example_dynamic_task_mapping' retrieved from /home/airflow/.local/lib/python3.8/site-packages/airflow/example_dags/example_dynamic_task_mapping.py
[2026-07-07T09:37:23.137+0000] {logging_mixin.py:188} INFO - [2026-07-07T09:37:23.136+0000] {dag.py:3036} INFO - Sync 1 DAGs
[2026-07-07T09:37:23.272+0000] {logging_mixin.py:188} INFO - [2026-07-07T09:37:23.270+0000] {dag.py:3823} INFO - Setting next_dagrun for example_dynamic_task_mapping to 2022-03-04 00:00:00+00:00, run_after=2022-03-05 00:00:00+00:00
[2026-07-07T09:37:23.341+0000] {processor.py:183} INFO - Processing /home/airflow/.local/lib/python3.8/site-packages/airflow/example_dags/example_dynamic_task_mapping.py took 0.524 seconds
[2026-07-07T09:37:54.801+0000] {processor.py:161} INFO - Started process (PID=6264) to work on /home/airflow/.local/lib/python3.8/site-packages/airflow/example_dags/example_dynamic_task_mapping.py
[2026-07-07T09:37:54.807+0000] {processor.py:830} INFO - Processing file /home/airflow/.local/lib/python3.8/site-packages/airflow/example_dags/example_dynamic_task_mapping.py for tasks to queue
[2026-07-07T09:37:54.816+0000] {logging_mixin.py:188} INFO - [2026-07-07T09:37:54.810+0000] {dagbag.py:538} INFO - Filling up the DagBag from /home/airflow/.local/lib/python3.8/site-packages/airflow/example_dags/example_dynamic_task_mapping.py
[2026-07-07T09:37:54.867+0000] {processor.py:840} INFO - DAG(s) 'example_dynamic_task_mapping' retrieved from /home/airflow/.local/lib/python3.8/site-packages/airflow/example_dags/example_dynamic_task_mapping.py
[2026-07-07T09:37:54.979+0000] {logging_mixin.py:188} INFO - [2026-07-07T09:37:54.979+0000] {dag.py:3036} INFO - Sync 1 DAGs
[2026-07-07T09:37:55.059+0000] {logging_mixin.py:188} INFO - [2026-07-07T09:37:55.058+0000] {dag.py:3823} INFO - Setting next_dagrun for example_dynamic_task_mapping to 2022-03-04 00:00:00+00:00, run_after=2022-03-05 00:00:00+00:00
[2026-07-07T09:37:55.115+0000] {processor.py:183} INFO - Processing /home/airflow/.local/lib/python3.8/site-packages/airflow/example_dags/example_dynamic_task_mapping.py took 0.353 seconds
[2026-07-07T09:38:26.855+0000] {processor.py:161} INFO - Started process (PID=6330) to work on /home/airflow/.local/lib/python3.8/site-packages/airflow/example_dags/example_dynamic_task_mapping.py
[2026-07-07T09:38:26.858+0000] {processor.py:830} INFO - Processing file /home/airflow/.local/lib/python3.8/site-packages/airflow/example_dags/example_dynamic_task_mapping.py for tasks to queue
[2026-07-07T09:38:26.892+0000] {logging_mixin.py:188} INFO - [2026-07-07T09:38:26.860+0000] {dagbag.py:538} INFO - Filling up the DagBag from /home/airflow/.local/lib/python3.8/site-packages/airflow/example_dags/example_dynamic_task_mapping.py
[2026-07-07T09:38:27.080+0000] {processor.py:840} INFO - DAG(s) 'example_dynamic_task_mapping' retrieved from /home/airflow/.local/lib/python3.8/site-packages/airflow/example_dags/example_dynamic_task_mapping.py
[2026-07-07T09:38:27.405+0000] {logging_mixin.py:188} INFO - [2026-07-07T09:38:27.404+0000] {dag.py:3036} INFO - Sync 1 DAGs
[2026-07-07T09:38:27.635+0000] {logging_mixin.py:188} INFO - [2026-07-07T09:38:27.634+0000] {dag.py:3823} INFO - Setting next_dagrun for example_dynamic_task_mapping to 2022-03-04 00:00:00+00:00, run_after=2022-03-05 00:00:00+00:00
[2026-07-07T09:38:27.758+0000] {processor.py:183} INFO - Processing /home/airflow/.local/lib/python3.8/site-packages/airflow/example_dags/example_dynamic_task_mapping.py took 0.940 seconds
[2026-07-07T09:38:58.000+0000] {processor.py:161} INFO - Started process (PID=6390) to work on /home/airflow/.local/lib/python3.8/site-packages/airflow/example_dags/example_dynamic_task_mapping.py
[2026-07-07T09:38:58.007+0000] {processor.py:830} INFO - Processing file /home/airflow/.local/lib/python3.8/site-packages/airflow/example_dags/example_dynamic_task_mapping.py for tasks to queue
[2026-07-07T09:38:58.009+0000] {logging_mixin.py:188} INFO - [2026-07-07T09:38:58.008+0000] {dagbag.py:538} INFO - Filling up the DagBag from /home/airflow/.local/lib/python3.8/site-packages/airflow/example_dags/example_dynamic_task_mapping.py
[2026-07-07T09:38:58.041+0000] {processor.py:840} INFO - DAG(s) 'example_dynamic_task_mapping' retrieved from /home/airflow/.local/lib/python3.8/site-packages/airflow/example_dags/example_dynamic_task_mapping.py
[2026-07-07T09:38:58.129+0000] {logging_mixin.py:188} INFO - [2026-07-07T09:38:58.129+0000] {dag.py:3036} INFO - Sync 1 DAGs
[2026-07-07T09:38:58.194+0000] {logging_mixin.py:188} INFO - [2026-07-07T09:38:58.193+0000] {dag.py:3823} INFO - Setting next_dagrun for example_dynamic_task_mapping to 2022-03-04 00:00:00+00:00, run_after=2022-03-05 00:00:00+00:00
[2026-07-07T09:38:58.244+0000] {processor.py:183} INFO - Processing /home/airflow/.local/lib/python3.8/site-packages/airflow/example_dags/example_dynamic_task_mapping.py took 0.253 seconds
[2026-07-07T09:39:29.056+0000] {processor.py:161} INFO - Started process (PID=6458) to work on /home/airflow/.local/lib/python3.8/site-packages/airflow/example_dags/example_dynamic_task_mapping.py
[2026-07-07T09:39:29.058+0000] {processor.py:830} INFO - Processing file /home/airflow/.local/lib/python3.8/site-packages/airflow/example_dags/example_dynamic_task_mapping.py for tasks to queue
[2026-07-07T09:39:29.060+0000] {logging_mixin.py:188} INFO - [2026-07-07T09:39:29.059+0000] {dagbag.py:538} INFO - Filling up the DagBag from /home/airflow/.local/lib/python3.8/site-packages/airflow/example_dags/example_dynamic_task_mapping.py
[2026-07-07T09:39:29.077+0000] {processor.py:840} INFO - DAG(s) 'example_dynamic_task_mapping' retrieved from /home/airflow/.local/lib/python3.8/site-packages/airflow/example_dags/example_dynamic_task_mapping.py
[2026-07-07T09:39:29.119+0000] {logging_mixin.py:188} INFO - [2026-07-07T09:39:29.119+0000] {dag.py:3036} INFO - Sync 1 DAGs
[2026-07-07T09:39:29.160+0000] {logging_mixin.py:188} INFO - [2026-07-07T09:39:29.159+0000] {dag.py:3823} INFO - Setting next_dagrun for example_dynamic_task_mapping to 2022-03-04 00:00:00+00:00, run_after=2022-03-05 00:00:00+00:00
[2026-07-07T09:39:29.203+0000] {processor.py:183} INFO - Processing /home/airflow/.local/lib/python3.8/site-packages/airflow/example_dags/example_dynamic_task_mapping.py took 0.156 seconds
[2026-07-07T09:39:59.567+0000] {processor.py:161} INFO - Started process (PID=6526) to work on /home/airflow/.local/lib/python3.8/site-packages/airflow/example_dags/example_dynamic_task_mapping.py
[2026-07-07T09:39:59.569+0000] {processor.py:830} INFO - Processing file /home/airflow/.local/lib/python3.8/site-packages/airflow/example_dags/example_dynamic_task_mapping.py for tasks to queue
[2026-07-07T09:39:59.571+0000] {logging_mixin.py:188} INFO - [2026-07-07T09:39:59.570+0000] {dagbag.py:538} INFO - Filling up the DagBag from /home/airflow/.local/lib/python3.8/site-packages/airflow/example_dags/example_dynamic_task_mapping.py
[2026-07-07T09:39:59.587+0000] {processor.py:840} INFO - DAG(s) 'example_dynamic_task_mapping' retrieved from /home/airflow/.local/lib/python3.8/site-packages/airflow/example_dags/example_dynamic_task_mapping.py
[2026-07-07T09:39:59.629+0000] {logging_mixin.py:188} INFO - [2026-07-07T09:39:59.628+0000] {dag.py:3036} INFO - Sync 1 DAGs
[2026-07-07T09:39:59.681+0000] {logging_mixin.py:188} INFO - [2026-07-07T09:39:59.681+0000] {dag.py:3823} INFO - Setting next_dagrun for example_dynamic_task_mapping to 2022-03-04 00:00:00+00:00, run_after=2022-03-05 00:00:00+00:00
[2026-07-07T09:39:59.720+0000] {processor.py:183} INFO - Processing /home/airflow/.local/lib/python3.8/site-packages/airflow/example_dags/example_dynamic_task_mapping.py took 0.160 seconds
[2026-07-07T09:40:29.976+0000] {processor.py:161} INFO - Started process (PID=6594) to work on /home/airflow/.local/lib/python3.8/site-packages/airflow/example_dags/example_dynamic_task_mapping.py
[2026-07-07T09:40:29.978+0000] {processor.py:830} INFO - Processing file /home/airflow/.local/lib/python3.8/site-packages/airflow/example_dags/example_dynamic_task_mapping.py for tasks to queue
[2026-07-07T09:40:29.980+0000] {logging_mixin.py:188} INFO - [2026-07-07T09:40:29.979+0000] {dagbag.py:538} INFO - Filling up the DagBag from /home/airflow/.local/lib/python3.8/site-packages/airflow/example_dags/example_dynamic_task_mapping.py
[2026-07-07T09:40:29.998+0000] {processor.py:840} INFO - DAG(s) 'example_dynamic_task_mapping' retrieved from /home/airflow/.local/lib/python3.8/site-packages/airflow/example_dags/example_dynamic_task_mapping.py
[2026-07-07T09:40:30.051+0000] {logging_mixin.py:188} INFO - [2026-07-07T09:40:30.050+0000] {dag.py:3036} INFO - Sync 1 DAGs
[2026-07-07T09:40:30.095+0000] {logging_mixin.py:188} INFO - [2026-07-07T09:40:30.095+0000] {dag.py:3823} INFO - Setting next_dagrun for example_dynamic_task_mapping to 2022-03-04 00:00:00+00:00, run_after=2022-03-05 00:00:00+00:00
[2026-07-07T09:40:30.137+0000] {processor.py:183} INFO - Processing /home/airflow/.local/lib/python3.8/site-packages/airflow/example_dags/example_dynamic_task_mapping.py took 0.169 seconds
[2026-07-07T09:41:00.572+0000] {processor.py:161} INFO - Started process (PID=6660) to work on /home/airflow/.local/lib/python3.8/site-packages/airflow/example_dags/example_dynamic_task_mapping.py
[2026-07-07T09:41:00.579+0000] {processor.py:830} INFO - Processing file /home/airflow/.local/lib/python3.8/site-packages/airflow/example_dags/example_dynamic_task_mapping.py for tasks to queue
[2026-07-07T09:41:00.582+0000] {logging_mixin.py:188} INFO - [2026-07-07T09:41:00.581+0000] {dagbag.py:538} INFO - Filling up the DagBag from /home/airflow/.local/lib/python3.8/site-packages/airflow/example_dags/example_dynamic_task_mapping.py
[2026-07-07T09:41:00.618+0000] {processor.py:840} INFO - DAG(s) 'example_dynamic_task_mapping' retrieved from /home/airflow/.local/lib/python3.8/site-packages/airflow/example_dags/example_dynamic_task_mapping.py
[2026-07-07T09:41:00.699+0000] {logging_mixin.py:188} INFO - [2026-07-07T09:41:00.699+0000] {dag.py:3036} INFO - Sync 1 DAGs
[2026-07-07T09:41:00.778+0000] {logging_mixin.py:188} INFO - [2026-07-07T09:41:00.777+0000] {dag.py:3823} INFO - Setting next_dagrun for example_dynamic_task_mapping to 2022-03-04 00:00:00+00:00, run_after=2022-03-05 00:00:00+00:00
[2026-07-07T09:41:00.834+0000] {processor.py:183} INFO - Processing /home/airflow/.local/lib/python3.8/site-packages/airflow/example_dags/example_dynamic_task_mapping.py took 0.278 seconds
[2026-07-07T09:41:31.296+0000] {processor.py:161} INFO - Started process (PID=6727) to work on /home/airflow/.local/lib/python3.8/site-packages/airflow/example_dags/example_dynamic_task_mapping.py
[2026-07-07T09:41:31.298+0000] {processor.py:830} INFO - Processing file /home/airflow/.local/lib/python3.8/site-packages/airflow/example_dags/example_dynamic_task_mapping.py for tasks to queue
[2026-07-07T09:41:31.301+0000] {logging_mixin.py:188} INFO - [2026-07-07T09:41:31.300+0000] {dagbag.py:538} INFO - Filling up the DagBag from /home/airflow/.local/lib/python3.8/site-packages/airflow/example_dags/example_dynamic_task_mapping.py
[2026-07-07T09:41:31.328+0000] {processor.py:840} INFO - DAG(s) 'example_dynamic_task_mapping' retrieved from /home/airflow/.local/lib/python3.8/site-packages/airflow/example_dags/example_dynamic_task_mapping.py
[2026-07-07T09:41:31.404+0000] {logging_mixin.py:188} INFO - [2026-07-07T09:41:31.403+0000] {dag.py:3036} INFO - Sync 1 DAGs
[2026-07-07T09:41:31.548+0000] {logging_mixin.py:188} INFO - [2026-07-07T09:41:31.546+0000] {dag.py:3823} INFO - Setting next_dagrun for example_dynamic_task_mapping to 2022-03-04 00:00:00+00:00, run_after=2022-03-05 00:00:00+00:00
[2026-07-07T09:41:31.678+0000] {processor.py:183} INFO - Processing /home/airflow/.local/lib/python3.8/site-packages/airflow/example_dags/example_dynamic_task_mapping.py took 0.395 seconds
[2026-07-07T09:42:02.349+0000] {processor.py:161} INFO - Started process (PID=6794) to work on /home/airflow/.local/lib/python3.8/site-packages/airflow/example_dags/example_dynamic_task_mapping.py
[2026-07-07T09:42:02.352+0000] {processor.py:830} INFO - Processing file /home/airflow/.local/lib/python3.8/site-packages/airflow/example_dags/example_dynamic_task_mapping.py for tasks to queue
[2026-07-07T09:42:02.354+0000] {logging_mixin.py:188} INFO - [2026-07-07T09:42:02.354+0000] {dagbag.py:538} INFO - Filling up the DagBag from /home/airflow/.local/lib/python3.8/site-packages/airflow/example_dags/example_dynamic_task_mapping.py
[2026-07-07T09:42:02.375+0000] {processor.py:840} INFO - DAG(s) 'example_dynamic_task_mapping' retrieved from /home/airflow/.local/lib/python3.8/site-packages/airflow/example_dags/example_dynamic_task_mapping.py
[2026-07-07T09:42:02.418+0000] {logging_mixin.py:188} INFO - [2026-07-07T09:42:02.417+0000] {dag.py:3036} INFO - Sync 1 DAGs
[2026-07-07T09:42:02.461+0000] {logging_mixin.py:188} INFO - [2026-07-07T09:42:02.461+0000] {dag.py:3823} INFO - Setting next_dagrun for example_dynamic_task_mapping to 2022-03-04 00:00:00+00:00, run_after=2022-03-05 00:00:00+00:00
[2026-07-07T09:42:02.490+0000] {processor.py:183} INFO - Processing /home/airflow/.local/lib/python3.8/site-packages/airflow/example_dags/example_dynamic_task_mapping.py took 0.153 seconds
[2026-07-07T09:42:32.640+0000] {processor.py:161} INFO - Started process (PID=6860) to work on /home/airflow/.local/lib/python3.8/site-packages/airflow/example_dags/example_dynamic_task_mapping.py
[2026-07-07T09:42:32.643+0000] {processor.py:830} INFO - Processing file /home/airflow/.local/lib/python3.8/site-packages/airflow/example_dags/example_dynamic_task_mapping.py for tasks to queue
[2026-07-07T09:42:32.645+0000] {logging_mixin.py:188} INFO - [2026-07-07T09:42:32.644+0000] {dagbag.py:538} INFO - Filling up the DagBag from /home/airflow/.local/lib/python3.8/site-packages/airflow/example_dags/example_dynamic_task_mapping.py
[2026-07-07T09:42:32.660+0000] {processor.py:840} INFO - DAG(s) 'example_dynamic_task_mapping' retrieved from /home/airflow/.local/lib/python3.8/site-packages/airflow/example_dags/example_dynamic_task_mapping.py
[2026-07-07T09:42:32.708+0000] {logging_mixin.py:188} INFO - [2026-07-07T09:42:32.708+0000] {dag.py:3036} INFO - Sync 1 DAGs
[2026-07-07T09:42:32.761+0000] {logging_mixin.py:188} INFO - [2026-07-07T09:42:32.761+0000] {dag.py:3823} INFO - Setting next_dagrun for example_dynamic_task_mapping to 2022-03-04 00:00:00+00:00, run_after=2022-03-05 00:00:00+00:00
[2026-07-07T09:42:32.799+0000] {processor.py:183} INFO - Processing /home/airflow/.local/lib/python3.8/site-packages/airflow/example_dags/example_dynamic_task_mapping.py took 0.166 seconds
[2026-07-07T09:43:03.440+0000] {processor.py:161} INFO - Started process (PID=6927) to work on /home/airflow/.local/lib/python3.8/site-packages/airflow/example_dags/example_dynamic_task_mapping.py
[2026-07-07T09:43:03.442+0000] {processor.py:830} INFO - Processing file /home/airflow/.local/lib/python3.8/site-packages/airflow/example_dags/example_dynamic_task_mapping.py for tasks to queue
[2026-07-07T09:43:03.444+0000] {logging_mixin.py:188} INFO - [2026-07-07T09:43:03.443+0000] {dagbag.py:538} INFO - Filling up the DagBag from /home/airflow/.local/lib/python3.8/site-packages/airflow/example_dags/example_dynamic_task_mapping.py
[2026-07-07T09:43:03.457+0000] {processor.py:840} INFO - DAG(s) 'example_dynamic_task_mapping' retrieved from /home/airflow/.local/lib/python3.8/site-packages/airflow/example_dags/example_dynamic_task_mapping.py
[2026-07-07T09:43:03.493+0000] {logging_mixin.py:188} INFO - [2026-07-07T09:43:03.493+0000] {dag.py:3036} INFO - Sync 1 DAGs
[2026-07-07T09:43:03.529+0000] {logging_mixin.py:188} INFO - [2026-07-07T09:43:03.529+0000] {dag.py:3823} INFO - Setting next_dagrun for example_dynamic_task_mapping to 2022-03-04 00:00:00+00:00, run_after=2022-03-05 00:00:00+00:00
[2026-07-07T09:43:03.558+0000] {processor.py:183} INFO - Processing /home/airflow/.local/lib/python3.8/site-packages/airflow/example_dags/example_dynamic_task_mapping.py took 0.125 seconds
[2026-07-07T09:43:34.191+0000] {processor.py:161} INFO - Started process (PID=6994) to work on /home/airflow/.local/lib/python3.8/site-packages/airflow/example_dags/example_dynamic_task_mapping.py
[2026-07-07T09:43:34.203+0000] {processor.py:830} INFO - Processing file /home/airflow/.local/lib/python3.8/site-packages/airflow/example_dags/example_dynamic_task_mapping.py for tasks to queue
[2026-07-07T09:43:34.211+0000] {logging_mixin.py:188} INFO - [2026-07-07T09:43:34.210+0000] {dagbag.py:538} INFO - Filling up the DagBag from /home/airflow/.local/lib/python3.8/site-packages/airflow/example_dags/example_dynamic_task_mapping.py
[2026-07-07T09:43:34.253+0000] {processor.py:840} INFO - DAG(s) 'example_dynamic_task_mapping' retrieved from /home/airflow/.local/lib/python3.8/site-packages/airflow/example_dags/example_dynamic_task_mapping.py
[2026-07-07T09:43:34.347+0000] {logging_mixin.py:188} INFO - [2026-07-07T09:43:34.347+0000] {dag.py:3036} INFO - Sync 1 DAGs
[2026-07-07T09:43:34.438+0000] {logging_mixin.py:188} INFO - [2026-07-07T09:43:34.438+0000] {dag.py:3823} INFO - Setting next_dagrun for example_dynamic_task_mapping to 2022-03-04 00:00:00+00:00, run_after=2022-03-05 00:00:00+00:00
[2026-07-07T09:43:34.526+0000] {processor.py:183} INFO - Processing /home/airflow/.local/lib/python3.8/site-packages/airflow/example_dags/example_dynamic_task_mapping.py took 0.358 seconds
[2026-07-07T09:44:04.860+0000] {processor.py:161} INFO - Started process (PID=7061) to work on /home/airflow/.local/lib/python3.8/site-packages/airflow/example_dags/example_dynamic_task_mapping.py
[2026-07-07T09:44:04.865+0000] {processor.py:830} INFO - Processing file /home/airflow/.local/lib/python3.8/site-packages/airflow/example_dags/example_dynamic_task_mapping.py for tasks to queue
[2026-07-07T09:44:04.868+0000] {logging_mixin.py:188} INFO - [2026-07-07T09:44:04.867+0000] {dagbag.py:538} INFO - Filling up the DagBag from /home/airflow/.local/lib/python3.8/site-packages/airflow/example_dags/example_dynamic_task_mapping.py
[2026-07-07T09:44:04.895+0000] {processor.py:840} INFO - DAG(s) 'example_dynamic_task_mapping' retrieved from /home/airflow/.local/lib/python3.8/site-packages/airflow/example_dags/example_dynamic_task_mapping.py
[2026-07-07T09:44:04.951+0000] {logging_mixin.py:188} INFO - [2026-07-07T09:44:04.951+0000] {dag.py:3036} INFO - Sync 1 DAGs
[2026-07-07T09:44:05.003+0000] {logging_mixin.py:188} INFO - [2026-07-07T09:44:05.002+0000] {dag.py:3823} INFO - Setting next_dagrun for example_dynamic_task_mapping to 2022-03-04 00:00:00+00:00, run_after=2022-03-05 00:00:00+00:00
[2026-07-07T09:44:05.045+0000] {processor.py:183} INFO - Processing /home/airflow/.local/lib/python3.8/site-packages/airflow/example_dags/example_dynamic_task_mapping.py took 0.193 seconds
[2026-07-07T09:44:35.293+0000] {processor.py:161} INFO - Started process (PID=7127) to work on /home/airflow/.local/lib/python3.8/site-packages/airflow/example_dags/example_dynamic_task_mapping.py
[2026-07-07T09:44:35.297+0000] {processor.py:830} INFO - Processing file /home/airflow/.local/lib/python3.8/site-packages/airflow/example_dags/example_dynamic_task_mapping.py for tasks to queue
[2026-07-07T09:44:35.299+0000] {logging_mixin.py:188} INFO - [2026-07-07T09:44:35.298+0000] {dagbag.py:538} INFO - Filling up the DagBag from /home/airflow/.local/lib/python3.8/site-packages/airflow/example_dags/example_dynamic_task_mapping.py
[2026-07-07T09:44:35.319+0000] {processor.py:840} INFO - DAG(s) 'example_dynamic_task_mapping' retrieved from /home/airflow/.local/lib/python3.8/site-packages/airflow/example_dags/example_dynamic_task_mapping.py
[2026-07-07T09:44:35.376+0000] {logging_mixin.py:188} INFO - [2026-07-07T09:44:35.375+0000] {dag.py:3036} INFO - Sync 1 DAGs
[2026-07-07T09:44:35.438+0000] {logging_mixin.py:188} INFO - [2026-07-07T09:44:35.437+0000] {dag.py:3823} INFO - Setting next_dagrun for example_dynamic_task_mapping to 2022-03-04 00:00:00+00:00, run_after=2022-03-05 00:00:00+00:00
[2026-07-07T09:44:35.495+0000] {processor.py:183} INFO - Processing /home/airflow/.local/lib/python3.8/site-packages/airflow/example_dags/example_dynamic_task_mapping.py took 0.214 seconds
[2026-07-07T09:45:06.038+0000] {processor.py:161} INFO - Started process (PID=7186) to work on /home/airflow/.local/lib/python3.8/site-packages/airflow/example_dags/example_dynamic_task_mapping.py
[2026-07-07T09:45:06.042+0000] {processor.py:830} INFO - Processing file /home/airflow/.local/lib/python3.8/site-packages/airflow/example_dags/example_dynamic_task_mapping.py for tasks to queue
[2026-07-07T09:45:06.044+0000] {logging_mixin.py:188} INFO - [2026-07-07T09:45:06.043+0000] {dagbag.py:538} INFO - Filling up the DagBag from /home/airflow/.local/lib/python3.8/site-packages/airflow/example_dags/example_dynamic_task_mapping.py
[2026-07-07T09:45:06.064+0000] {processor.py:840} INFO - DAG(s) 'example_dynamic_task_mapping' retrieved from /home/airflow/.local/lib/python3.8/site-packages/airflow/example_dags/example_dynamic_task_mapping.py
[2026-07-07T09:45:06.113+0000] {logging_mixin.py:188} INFO - [2026-07-07T09:45:06.113+0000] {dag.py:3036} INFO - Sync 1 DAGs
[2026-07-07T09:45:06.157+0000] {logging_mixin.py:188} INFO - [2026-07-07T09:45:06.157+0000] {dag.py:3823} INFO - Setting next_dagrun for example_dynamic_task_mapping to 2022-03-04 00:00:00+00:00, run_after=2022-03-05 00:00:00+00:00
[2026-07-07T09:45:06.195+0000] {processor.py:183} INFO - Processing /home/airflow/.local/lib/python3.8/site-packages/airflow/example_dags/example_dynamic_task_mapping.py took 0.168 seconds
[2026-07-07T09:45:37.036+0000] {processor.py:161} INFO - Started process (PID=7252) to work on /home/airflow/.local/lib/python3.8/site-packages/airflow/example_dags/example_dynamic_task_mapping.py
[2026-07-07T09:45:37.041+0000] {processor.py:830} INFO - Processing file /home/airflow/.local/lib/python3.8/site-packages/airflow/example_dags/example_dynamic_task_mapping.py for tasks to queue
[2026-07-07T09:45:37.043+0000] {logging_mixin.py:188} INFO - [2026-07-07T09:45:37.042+0000] {dagbag.py:538} INFO - Filling up the DagBag from /home/airflow/.local/lib/python3.8/site-packages/airflow/example_dags/example_dynamic_task_mapping.py
[2026-07-07T09:45:37.069+0000] {processor.py:840} INFO - DAG(s) 'example_dynamic_task_mapping' retrieved from /home/airflow/.local/lib/python3.8/site-packages/airflow/example_dags/example_dynamic_task_mapping.py
[2026-07-07T09:45:37.128+0000] {logging_mixin.py:188} INFO - [2026-07-07T09:45:37.127+0000] {dag.py:3036} INFO - Sync 1 DAGs
[2026-07-07T09:45:37.190+0000] {logging_mixin.py:188} INFO - [2026-07-07T09:45:37.189+0000] {dag.py:3823} INFO - Setting next_dagrun for example_dynamic_task_mapping to 2022-03-04 00:00:00+00:00, run_after=2022-03-05 00:00:00+00:00
[2026-07-07T09:45:37.239+0000] {processor.py:183} INFO - Processing /home/airflow/.local/lib/python3.8/site-packages/airflow/example_dags/example_dynamic_task_mapping.py took 0.226 seconds
[2026-07-07T09:46:08.475+0000] {processor.py:161} INFO - Started process (PID=7318) to work on /home/airflow/.local/lib/python3.8/site-packages/airflow/example_dags/example_dynamic_task_mapping.py
[2026-07-07T09:46:08.485+0000] {processor.py:830} INFO - Processing file /home/airflow/.local/lib/python3.8/site-packages/airflow/example_dags/example_dynamic_task_mapping.py for tasks to queue
[2026-07-07T09:46:08.489+0000] {logging_mixin.py:188} INFO - [2026-07-07T09:46:08.488+0000] {dagbag.py:538} INFO - Filling up the DagBag from /home/airflow/.local/lib/python3.8/site-packages/airflow/example_dags/example_dynamic_task_mapping.py
[2026-07-07T09:46:08.525+0000] {processor.py:840} INFO - DAG(s) 'example_dynamic_task_mapping' retrieved from /home/airflow/.local/lib/python3.8/site-packages/airflow/example_dags/example_dynamic_task_mapping.py
[2026-07-07T09:46:08.616+0000] {logging_mixin.py:188} INFO - [2026-07-07T09:46:08.615+0000] {dag.py:3036} INFO - Sync 1 DAGs
[2026-07-07T09:46:08.754+0000] {logging_mixin.py:188} INFO - [2026-07-07T09:46:08.753+0000] {dag.py:3823} INFO - Setting next_dagrun for example_dynamic_task_mapping to 2022-03-04 00:00:00+00:00, run_after=2022-03-05 00:00:00+00:00
[2026-07-07T09:46:08.801+0000] {processor.py:183} INFO - Processing /home/airflow/.local/lib/python3.8/site-packages/airflow/example_dags/example_dynamic_task_mapping.py took 0.387 seconds
[2026-07-07T09:46:38.879+0000] {processor.py:161} INFO - Started process (PID=7375) to work on /home/airflow/.local/lib/python3.8/site-packages/airflow/example_dags/example_dynamic_task_mapping.py
[2026-07-07T09:46:38.881+0000] {processor.py:830} INFO - Processing file /home/airflow/.local/lib/python3.8/site-packages/airflow/example_dags/example_dynamic_task_mapping.py for tasks to queue
[2026-07-07T09:46:38.883+0000] {logging_mixin.py:188} INFO - [2026-07-07T09:46:38.883+0000] {dagbag.py:538} INFO - Filling up the DagBag from /home/airflow/.local/lib/python3.8/site-packages/airflow/example_dags/example_dynamic_task_mapping.py
[2026-07-07T09:46:38.906+0000] {processor.py:840} INFO - DAG(s) 'example_dynamic_task_mapping' retrieved from /home/airflow/.local/lib/python3.8/site-packages/airflow/example_dags/example_dynamic_task_mapping.py
[2026-07-07T09:46:38.962+0000] {logging_mixin.py:188} INFO - [2026-07-07T09:46:38.961+0000] {dag.py:3036} INFO - Sync 1 DAGs
[2026-07-07T09:46:39.052+0000] {logging_mixin.py:188} INFO - [2026-07-07T09:46:39.047+0000] {dag.py:3823} INFO - Setting next_dagrun for example_dynamic_task_mapping to 2022-03-04 00:00:00+00:00, run_after=2022-03-05 00:00:00+00:00
[2026-07-07T09:46:39.118+0000] {processor.py:183} INFO - Processing /home/airflow/.local/lib/python3.8/site-packages/airflow/example_dags/example_dynamic_task_mapping.py took 0.251 seconds
