[2026-07-07T09:07:47.302+0000] {processor.py:161} INFO - Started process (PID=4112) to work on /home/airflow/.local/lib/python3.8/site-packages/airflow/example_dags/example_branch_python_dop_operator_3.py
[2026-07-07T09:07:47.303+0000] {processor.py:830} INFO - Processing file /home/airflow/.local/lib/python3.8/site-packages/airflow/example_dags/example_branch_python_dop_operator_3.py for tasks to queue
[2026-07-07T09:07:47.306+0000] {logging_mixin.py:188} INFO - [2026-07-07T09:07:47.306+0000] {dagbag.py:538} INFO - Filling up the DagBag from /home/airflow/.local/lib/python3.8/site-packages/airflow/example_dags/example_branch_python_dop_operator_3.py
[2026-07-07T09:07:51.325+0000] {processor.py:840} INFO - DAG(s) 'example_branch_dop_operator_v3' retrieved from /home/airflow/.local/lib/python3.8/site-packages/airflow/example_dags/example_branch_python_dop_operator_3.py
[2026-07-07T09:07:51.890+0000] {logging_mixin.py:188} INFO - [2026-07-07T09:07:51.890+0000] {dag.py:3036} INFO - Sync 1 DAGs
[2026-07-07T09:07:53.037+0000] {logging_mixin.py:188} INFO - [2026-07-07T09:07:53.037+0000] {dag.py:3823} INFO - Setting next_dagrun for example_branch_dop_operator_v3 to 2026-07-07 09:06:00+00:00, run_after=2026-07-07 09:07:00+00:00
[2026-07-07T09:07:53.521+0000] {processor.py:183} INFO - Processing /home/airflow/.local/lib/python3.8/site-packages/airflow/example_dags/example_branch_python_dop_operator_3.py took 6.576 seconds
[2026-07-07T09:09:26.990+0000] {processor.py:161} INFO - Started process (PID=4213) to work on /home/airflow/.local/lib/python3.8/site-packages/airflow/example_dags/example_branch_python_dop_operator_3.py
[2026-07-07T09:09:27.004+0000] {processor.py:830} INFO - Processing file /home/airflow/.local/lib/python3.8/site-packages/airflow/example_dags/example_branch_python_dop_operator_3.py for tasks to queue
[2026-07-07T09:09:27.012+0000] {logging_mixin.py:188} INFO - [2026-07-07T09:09:27.007+0000] {dagbag.py:538} INFO - Filling up the DagBag from /home/airflow/.local/lib/python3.8/site-packages/airflow/example_dags/example_branch_python_dop_operator_3.py
[2026-07-07T09:09:27.060+0000] {processor.py:840} INFO - DAG(s) 'example_branch_dop_operator_v3' retrieved from /home/airflow/.local/lib/python3.8/site-packages/airflow/example_dags/example_branch_python_dop_operator_3.py
[2026-07-07T09:09:27.157+0000] {logging_mixin.py:188} INFO - [2026-07-07T09:09:27.156+0000] {dag.py:3036} INFO - Sync 1 DAGs
[2026-07-07T09:09:27.316+0000] {logging_mixin.py:188} INFO - [2026-07-07T09:09:27.315+0000] {dag.py:3823} INFO - Setting next_dagrun for example_branch_dop_operator_v3 to 2026-07-07 09:08:00+00:00, run_after=2026-07-07 09:09:00+00:00
[2026-07-07T09:09:27.408+0000] {processor.py:183} INFO - Processing /home/airflow/.local/lib/python3.8/site-packages/airflow/example_dags/example_branch_python_dop_operator_3.py took 0.432 seconds
[2026-07-07T09:09:57.711+0000] {processor.py:161} INFO - Started process (PID=4280) to work on /home/airflow/.local/lib/python3.8/site-packages/airflow/example_dags/example_branch_python_dop_operator_3.py
[2026-07-07T09:09:57.745+0000] {processor.py:830} INFO - Processing file /home/airflow/.local/lib/python3.8/site-packages/airflow/example_dags/example_branch_python_dop_operator_3.py for tasks to queue
[2026-07-07T09:09:57.749+0000] {logging_mixin.py:188} INFO - [2026-07-07T09:09:57.747+0000] {dagbag.py:538} INFO - Filling up the DagBag from /home/airflow/.local/lib/python3.8/site-packages/airflow/example_dags/example_branch_python_dop_operator_3.py
[2026-07-07T09:09:57.825+0000] {processor.py:840} INFO - DAG(s) 'example_branch_dop_operator_v3' retrieved from /home/airflow/.local/lib/python3.8/site-packages/airflow/example_dags/example_branch_python_dop_operator_3.py
[2026-07-07T09:09:57.920+0000] {logging_mixin.py:188} INFO - [2026-07-07T09:09:57.919+0000] {dag.py:3036} INFO - Sync 1 DAGs
[2026-07-07T09:09:58.028+0000] {logging_mixin.py:188} INFO - [2026-07-07T09:09:58.027+0000] {dag.py:3823} INFO - Setting next_dagrun for example_branch_dop_operator_v3 to 2026-07-07 09:08:00+00:00, run_after=2026-07-07 09:09:00+00:00
[2026-07-07T09:09:58.081+0000] {processor.py:183} INFO - Processing /home/airflow/.local/lib/python3.8/site-packages/airflow/example_dags/example_branch_python_dop_operator_3.py took 0.402 seconds
[2026-07-07T09:10:28.876+0000] {processor.py:161} INFO - Started process (PID=4347) to work on /home/airflow/.local/lib/python3.8/site-packages/airflow/example_dags/example_branch_python_dop_operator_3.py
[2026-07-07T09:10:28.883+0000] {processor.py:830} INFO - Processing file /home/airflow/.local/lib/python3.8/site-packages/airflow/example_dags/example_branch_python_dop_operator_3.py for tasks to queue
[2026-07-07T09:10:28.885+0000] {logging_mixin.py:188} INFO - [2026-07-07T09:10:28.884+0000] {dagbag.py:538} INFO - Filling up the DagBag from /home/airflow/.local/lib/python3.8/site-packages/airflow/example_dags/example_branch_python_dop_operator_3.py
[2026-07-07T09:10:28.917+0000] {processor.py:840} INFO - DAG(s) 'example_branch_dop_operator_v3' retrieved from /home/airflow/.local/lib/python3.8/site-packages/airflow/example_dags/example_branch_python_dop_operator_3.py
[2026-07-07T09:10:28.983+0000] {logging_mixin.py:188} INFO - [2026-07-07T09:10:28.983+0000] {dag.py:3036} INFO - Sync 1 DAGs
[2026-07-07T09:10:29.067+0000] {logging_mixin.py:188} INFO - [2026-07-07T09:10:29.066+0000] {dag.py:3823} INFO - Setting next_dagrun for example_branch_dop_operator_v3 to 2026-07-07 09:09:00+00:00, run_after=2026-07-07 09:10:00+00:00
[2026-07-07T09:10:29.120+0000] {processor.py:183} INFO - Processing /home/airflow/.local/lib/python3.8/site-packages/airflow/example_dags/example_branch_python_dop_operator_3.py took 0.260 seconds
[2026-07-07T09:12:03.083+0000] {processor.py:161} INFO - Started process (PID=4433) to work on /home/airflow/.local/lib/python3.8/site-packages/airflow/example_dags/example_branch_python_dop_operator_3.py
[2026-07-07T09:12:03.103+0000] {processor.py:830} INFO - Processing file /home/airflow/.local/lib/python3.8/site-packages/airflow/example_dags/example_branch_python_dop_operator_3.py for tasks to queue
[2026-07-07T09:12:03.169+0000] {logging_mixin.py:188} INFO - [2026-07-07T09:12:03.125+0000] {dagbag.py:538} INFO - Filling up the DagBag from /home/airflow/.local/lib/python3.8/site-packages/airflow/example_dags/example_branch_python_dop_operator_3.py
[2026-07-07T09:12:03.370+0000] {processor.py:840} INFO - DAG(s) 'example_branch_dop_operator_v3' retrieved from /home/airflow/.local/lib/python3.8/site-packages/airflow/example_dags/example_branch_python_dop_operator_3.py
[2026-07-07T09:12:03.785+0000] {logging_mixin.py:188} INFO - [2026-07-07T09:12:03.784+0000] {dag.py:3036} INFO - Sync 1 DAGs
[2026-07-07T09:12:04.366+0000] {logging_mixin.py:188} INFO - [2026-07-07T09:12:04.350+0000] {dag.py:3823} INFO - Setting next_dagrun for example_branch_dop_operator_v3 to 2026-07-07 09:11:00+00:00, run_after=2026-07-07 09:12:00+00:00
[2026-07-07T09:12:05.014+0000] {processor.py:183} INFO - Processing /home/airflow/.local/lib/python3.8/site-packages/airflow/example_dags/example_branch_python_dop_operator_3.py took 2.028 seconds
[2026-07-07T09:19:27.563+0000] {processor.py:161} INFO - Started process (PID=4616) to work on /home/airflow/.local/lib/python3.8/site-packages/airflow/example_dags/example_branch_python_dop_operator_3.py
[2026-07-07T09:19:27.623+0000] {processor.py:830} INFO - Processing file /home/airflow/.local/lib/python3.8/site-packages/airflow/example_dags/example_branch_python_dop_operator_3.py for tasks to queue
[2026-07-07T09:19:27.651+0000] {logging_mixin.py:188} INFO - [2026-07-07T09:19:27.650+0000] {dagbag.py:538} INFO - Filling up the DagBag from /home/airflow/.local/lib/python3.8/site-packages/airflow/example_dags/example_branch_python_dop_operator_3.py
[2026-07-07T09:19:29.508+0000] {processor.py:840} INFO - DAG(s) 'example_branch_dop_operator_v3' retrieved from /home/airflow/.local/lib/python3.8/site-packages/airflow/example_dags/example_branch_python_dop_operator_3.py
[2026-07-07T09:19:30.553+0000] {logging_mixin.py:188} INFO - [2026-07-07T09:19:30.521+0000] {dag.py:3036} INFO - Sync 1 DAGs
[2026-07-07T09:19:32.188+0000] {logging_mixin.py:188} INFO - [2026-07-07T09:19:32.188+0000] {dag.py:3823} INFO - Setting next_dagrun for example_branch_dop_operator_v3 to 2026-07-07 09:18:00+00:00, run_after=2026-07-07 09:19:00+00:00
[2026-07-07T09:19:32.746+0000] {processor.py:183} INFO - Processing /home/airflow/.local/lib/python3.8/site-packages/airflow/example_dags/example_branch_python_dop_operator_3.py took 5.470 seconds
[2026-07-07T09:22:36.016+0000] {processor.py:161} INFO - Started process (PID=4727) to work on /home/airflow/.local/lib/python3.8/site-packages/airflow/example_dags/example_branch_python_dop_operator_3.py
[2026-07-07T09:22:36.115+0000] {processor.py:830} INFO - Processing file /home/airflow/.local/lib/python3.8/site-packages/airflow/example_dags/example_branch_python_dop_operator_3.py for tasks to queue
[2026-07-07T09:22:36.151+0000] {logging_mixin.py:188} INFO - [2026-07-07T09:22:36.150+0000] {dagbag.py:538} INFO - Filling up the DagBag from /home/airflow/.local/lib/python3.8/site-packages/airflow/example_dags/example_branch_python_dop_operator_3.py
[2026-07-07T09:22:36.947+0000] {processor.py:840} INFO - DAG(s) 'example_branch_dop_operator_v3' retrieved from /home/airflow/.local/lib/python3.8/site-packages/airflow/example_dags/example_branch_python_dop_operator_3.py
[2026-07-07T09:22:37.409+0000] {logging_mixin.py:188} INFO - [2026-07-07T09:22:37.408+0000] {dag.py:3036} INFO - Sync 1 DAGs
[2026-07-07T09:22:37.788+0000] {logging_mixin.py:188} INFO - [2026-07-07T09:22:37.787+0000] {dag.py:3823} INFO - Setting next_dagrun for example_branch_dop_operator_v3 to 2026-07-07 09:21:00+00:00, run_after=2026-07-07 09:22:00+00:00
[2026-07-07T09:22:38.504+0000] {processor.py:183} INFO - Processing /home/airflow/.local/lib/python3.8/site-packages/airflow/example_dags/example_branch_python_dop_operator_3.py took 2.689 seconds
[2026-07-07T09:25:08.214+0000] {processor.py:161} INFO - Started process (PID=4820) to work on /home/airflow/.local/lib/python3.8/site-packages/airflow/example_dags/example_branch_python_dop_operator_3.py
[2026-07-07T09:25:08.235+0000] {processor.py:830} INFO - Processing file /home/airflow/.local/lib/python3.8/site-packages/airflow/example_dags/example_branch_python_dop_operator_3.py for tasks to queue
[2026-07-07T09:25:08.244+0000] {logging_mixin.py:188} INFO - [2026-07-07T09:25:08.243+0000] {dagbag.py:538} INFO - Filling up the DagBag from /home/airflow/.local/lib/python3.8/site-packages/airflow/example_dags/example_branch_python_dop_operator_3.py
[2026-07-07T09:25:08.448+0000] {processor.py:840} INFO - DAG(s) 'example_branch_dop_operator_v3' retrieved from /home/airflow/.local/lib/python3.8/site-packages/airflow/example_dags/example_branch_python_dop_operator_3.py
[2026-07-07T09:25:08.962+0000] {logging_mixin.py:188} INFO - [2026-07-07T09:25:08.946+0000] {dag.py:3036} INFO - Sync 1 DAGs
[2026-07-07T09:25:09.995+0000] {logging_mixin.py:188} INFO - [2026-07-07T09:25:09.995+0000] {dag.py:3823} INFO - Setting next_dagrun for example_branch_dop_operator_v3 to 2026-07-07 09:24:00+00:00, run_after=2026-07-07 09:25:00+00:00
[2026-07-07T09:25:10.415+0000] {processor.py:183} INFO - Processing /home/airflow/.local/lib/python3.8/site-packages/airflow/example_dags/example_branch_python_dop_operator_3.py took 2.246 seconds
[2026-07-07T09:26:18.937+0000] {processor.py:161} INFO - Started process (PID=4890) to work on /home/airflow/.local/lib/python3.8/site-packages/airflow/example_dags/example_branch_python_dop_operator_3.py
[2026-07-07T09:26:19.043+0000] {processor.py:830} INFO - Processing file /home/airflow/.local/lib/python3.8/site-packages/airflow/example_dags/example_branch_python_dop_operator_3.py for tasks to queue
[2026-07-07T09:26:19.071+0000] {logging_mixin.py:188} INFO - [2026-07-07T09:26:19.045+0000] {dagbag.py:538} INFO - Filling up the DagBag from /home/airflow/.local/lib/python3.8/site-packages/airflow/example_dags/example_branch_python_dop_operator_3.py
[2026-07-07T09:26:19.852+0000] {processor.py:840} INFO - DAG(s) 'example_branch_dop_operator_v3' retrieved from /home/airflow/.local/lib/python3.8/site-packages/airflow/example_dags/example_branch_python_dop_operator_3.py
[2026-07-07T09:26:21.243+0000] {logging_mixin.py:188} INFO - [2026-07-07T09:26:21.241+0000] {dag.py:3036} INFO - Sync 1 DAGs
[2026-07-07T09:26:23.121+0000] {logging_mixin.py:188} INFO - [2026-07-07T09:26:23.121+0000] {dag.py:3823} INFO - Setting next_dagrun for example_branch_dop_operator_v3 to 2026-07-07 09:25:00+00:00, run_after=2026-07-07 09:26:00+00:00
[2026-07-07T09:26:23.503+0000] {processor.py:183} INFO - Processing /home/airflow/.local/lib/python3.8/site-packages/airflow/example_dags/example_branch_python_dop_operator_3.py took 4.716 seconds
[2026-07-07T09:26:54.140+0000] {processor.py:161} INFO - Started process (PID=4950) to work on /home/airflow/.local/lib/python3.8/site-packages/airflow/example_dags/example_branch_python_dop_operator_3.py
[2026-07-07T09:26:54.146+0000] {processor.py:830} INFO - Processing file /home/airflow/.local/lib/python3.8/site-packages/airflow/example_dags/example_branch_python_dop_operator_3.py for tasks to queue
[2026-07-07T09:26:54.149+0000] {logging_mixin.py:188} INFO - [2026-07-07T09:26:54.148+0000] {dagbag.py:538} INFO - Filling up the DagBag from /home/airflow/.local/lib/python3.8/site-packages/airflow/example_dags/example_branch_python_dop_operator_3.py
[2026-07-07T09:26:54.192+0000] {processor.py:840} INFO - DAG(s) 'example_branch_dop_operator_v3' retrieved from /home/airflow/.local/lib/python3.8/site-packages/airflow/example_dags/example_branch_python_dop_operator_3.py
[2026-07-07T09:26:54.379+0000] {logging_mixin.py:188} INFO - [2026-07-07T09:26:54.378+0000] {dag.py:3036} INFO - Sync 1 DAGs
[2026-07-07T09:26:54.501+0000] {logging_mixin.py:188} INFO - [2026-07-07T09:26:54.501+0000] {dag.py:3823} INFO - Setting next_dagrun for example_branch_dop_operator_v3 to 2026-07-07 09:25:00+00:00, run_after=2026-07-07 09:26:00+00:00
[2026-07-07T09:26:54.585+0000] {processor.py:183} INFO - Processing /home/airflow/.local/lib/python3.8/site-packages/airflow/example_dags/example_branch_python_dop_operator_3.py took 0.457 seconds
[2026-07-07T09:27:25.398+0000] {processor.py:161} INFO - Started process (PID=5017) to work on /home/airflow/.local/lib/python3.8/site-packages/airflow/example_dags/example_branch_python_dop_operator_3.py
[2026-07-07T09:27:25.402+0000] {processor.py:830} INFO - Processing file /home/airflow/.local/lib/python3.8/site-packages/airflow/example_dags/example_branch_python_dop_operator_3.py for tasks to queue
[2026-07-07T09:27:25.405+0000] {logging_mixin.py:188} INFO - [2026-07-07T09:27:25.404+0000] {dagbag.py:538} INFO - Filling up the DagBag from /home/airflow/.local/lib/python3.8/site-packages/airflow/example_dags/example_branch_python_dop_operator_3.py
[2026-07-07T09:27:25.492+0000] {processor.py:840} INFO - DAG(s) 'example_branch_dop_operator_v3' retrieved from /home/airflow/.local/lib/python3.8/site-packages/airflow/example_dags/example_branch_python_dop_operator_3.py
[2026-07-07T09:27:25.581+0000] {logging_mixin.py:188} INFO - [2026-07-07T09:27:25.580+0000] {dag.py:3036} INFO - Sync 1 DAGs
[2026-07-07T09:27:25.730+0000] {logging_mixin.py:188} INFO - [2026-07-07T09:27:25.730+0000] {dag.py:3823} INFO - Setting next_dagrun for example_branch_dop_operator_v3 to 2026-07-07 09:26:00+00:00, run_after=2026-07-07 09:27:00+00:00
[2026-07-07T09:27:25.824+0000] {processor.py:183} INFO - Processing /home/airflow/.local/lib/python3.8/site-packages/airflow/example_dags/example_branch_python_dop_operator_3.py took 0.469 seconds
[2026-07-07T09:27:56.012+0000] {processor.py:161} INFO - Started process (PID=5076) to work on /home/airflow/.local/lib/python3.8/site-packages/airflow/example_dags/example_branch_python_dop_operator_3.py
[2026-07-07T09:27:56.020+0000] {processor.py:830} INFO - Processing file /home/airflow/.local/lib/python3.8/site-packages/airflow/example_dags/example_branch_python_dop_operator_3.py for tasks to queue
[2026-07-07T09:27:56.023+0000] {logging_mixin.py:188} INFO - [2026-07-07T09:27:56.022+0000] {dagbag.py:538} INFO - Filling up the DagBag from /home/airflow/.local/lib/python3.8/site-packages/airflow/example_dags/example_branch_python_dop_operator_3.py
[2026-07-07T09:27:56.052+0000] {processor.py:840} INFO - DAG(s) 'example_branch_dop_operator_v3' retrieved from /home/airflow/.local/lib/python3.8/site-packages/airflow/example_dags/example_branch_python_dop_operator_3.py
[2026-07-07T09:27:56.132+0000] {logging_mixin.py:188} INFO - [2026-07-07T09:27:56.131+0000] {dag.py:3036} INFO - Sync 1 DAGs
[2026-07-07T09:27:56.208+0000] {logging_mixin.py:188} INFO - [2026-07-07T09:27:56.207+0000] {dag.py:3823} INFO - Setting next_dagrun for example_branch_dop_operator_v3 to 2026-07-07 09:26:00+00:00, run_after=2026-07-07 09:27:00+00:00
[2026-07-07T09:27:56.264+0000] {processor.py:183} INFO - Processing /home/airflow/.local/lib/python3.8/site-packages/airflow/example_dags/example_branch_python_dop_operator_3.py took 0.263 seconds
[2026-07-07T09:28:37.125+0000] {processor.py:161} INFO - Started process (PID=5143) to work on /home/airflow/.local/lib/python3.8/site-packages/airflow/example_dags/example_branch_python_dop_operator_3.py
[2026-07-07T09:28:37.132+0000] {processor.py:830} INFO - Processing file /home/airflow/.local/lib/python3.8/site-packages/airflow/example_dags/example_branch_python_dop_operator_3.py for tasks to queue
[2026-07-07T09:28:37.136+0000] {logging_mixin.py:188} INFO - [2026-07-07T09:28:37.135+0000] {dagbag.py:538} INFO - Filling up the DagBag from /home/airflow/.local/lib/python3.8/site-packages/airflow/example_dags/example_branch_python_dop_operator_3.py
[2026-07-07T09:28:37.211+0000] {processor.py:840} INFO - DAG(s) 'example_branch_dop_operator_v3' retrieved from /home/airflow/.local/lib/python3.8/site-packages/airflow/example_dags/example_branch_python_dop_operator_3.py
[2026-07-07T09:28:37.448+0000] {logging_mixin.py:188} INFO - [2026-07-07T09:28:37.447+0000] {dag.py:3036} INFO - Sync 1 DAGs
[2026-07-07T09:28:37.708+0000] {logging_mixin.py:188} INFO - [2026-07-07T09:28:37.707+0000] {dag.py:3823} INFO - Setting next_dagrun for example_branch_dop_operator_v3 to 2026-07-07 09:27:00+00:00, run_after=2026-07-07 09:28:00+00:00
[2026-07-07T09:28:37.804+0000] {processor.py:183} INFO - Processing /home/airflow/.local/lib/python3.8/site-packages/airflow/example_dags/example_branch_python_dop_operator_3.py took 0.717 seconds
[2026-07-07T09:29:08.129+0000] {processor.py:161} INFO - Started process (PID=5209) to work on /home/airflow/.local/lib/python3.8/site-packages/airflow/example_dags/example_branch_python_dop_operator_3.py
[2026-07-07T09:29:08.136+0000] {processor.py:830} INFO - Processing file /home/airflow/.local/lib/python3.8/site-packages/airflow/example_dags/example_branch_python_dop_operator_3.py for tasks to queue
[2026-07-07T09:29:08.144+0000] {logging_mixin.py:188} INFO - [2026-07-07T09:29:08.143+0000] {dagbag.py:538} INFO - Filling up the DagBag from /home/airflow/.local/lib/python3.8/site-packages/airflow/example_dags/example_branch_python_dop_operator_3.py
[2026-07-07T09:29:08.210+0000] {processor.py:840} INFO - DAG(s) 'example_branch_dop_operator_v3' retrieved from /home/airflow/.local/lib/python3.8/site-packages/airflow/example_dags/example_branch_python_dop_operator_3.py
[2026-07-07T09:29:08.340+0000] {logging_mixin.py:188} INFO - [2026-07-07T09:29:08.340+0000] {dag.py:3036} INFO - Sync 1 DAGs
[2026-07-07T09:29:08.585+0000] {logging_mixin.py:188} INFO - [2026-07-07T09:29:08.584+0000] {dag.py:3823} INFO - Setting next_dagrun for example_branch_dop_operator_v3 to 2026-07-07 09:28:00+00:00, run_after=2026-07-07 09:29:00+00:00
[2026-07-07T09:29:08.785+0000] {processor.py:183} INFO - Processing /home/airflow/.local/lib/python3.8/site-packages/airflow/example_dags/example_branch_python_dop_operator_3.py took 0.684 seconds
[2026-07-07T09:29:39.791+0000] {processor.py:161} INFO - Started process (PID=5268) to work on /home/airflow/.local/lib/python3.8/site-packages/airflow/example_dags/example_branch_python_dop_operator_3.py
[2026-07-07T09:29:39.795+0000] {processor.py:830} INFO - Processing file /home/airflow/.local/lib/python3.8/site-packages/airflow/example_dags/example_branch_python_dop_operator_3.py for tasks to queue
[2026-07-07T09:29:39.798+0000] {logging_mixin.py:188} INFO - [2026-07-07T09:29:39.797+0000] {dagbag.py:538} INFO - Filling up the DagBag from /home/airflow/.local/lib/python3.8/site-packages/airflow/example_dags/example_branch_python_dop_operator_3.py
[2026-07-07T09:29:39.841+0000] {processor.py:840} INFO - DAG(s) 'example_branch_dop_operator_v3' retrieved from /home/airflow/.local/lib/python3.8/site-packages/airflow/example_dags/example_branch_python_dop_operator_3.py
[2026-07-07T09:29:39.915+0000] {logging_mixin.py:188} INFO - [2026-07-07T09:29:39.915+0000] {dag.py:3036} INFO - Sync 1 DAGs
[2026-07-07T09:29:40.020+0000] {logging_mixin.py:188} INFO - [2026-07-07T09:29:40.020+0000] {dag.py:3823} INFO - Setting next_dagrun for example_branch_dop_operator_v3 to 2026-07-07 09:28:00+00:00, run_after=2026-07-07 09:29:00+00:00
[2026-07-07T09:29:40.092+0000] {processor.py:183} INFO - Processing /home/airflow/.local/lib/python3.8/site-packages/airflow/example_dags/example_branch_python_dop_operator_3.py took 0.310 seconds
[2026-07-07T09:30:10.863+0000] {processor.py:161} INFO - Started process (PID=5333) to work on /home/airflow/.local/lib/python3.8/site-packages/airflow/example_dags/example_branch_python_dop_operator_3.py
[2026-07-07T09:30:10.870+0000] {processor.py:830} INFO - Processing file /home/airflow/.local/lib/python3.8/site-packages/airflow/example_dags/example_branch_python_dop_operator_3.py for tasks to queue
[2026-07-07T09:30:10.883+0000] {logging_mixin.py:188} INFO - [2026-07-07T09:30:10.879+0000] {dagbag.py:538} INFO - Filling up the DagBag from /home/airflow/.local/lib/python3.8/site-packages/airflow/example_dags/example_branch_python_dop_operator_3.py
[2026-07-07T09:30:10.969+0000] {processor.py:840} INFO - DAG(s) 'example_branch_dop_operator_v3' retrieved from /home/airflow/.local/lib/python3.8/site-packages/airflow/example_dags/example_branch_python_dop_operator_3.py
[2026-07-07T09:30:11.082+0000] {logging_mixin.py:188} INFO - [2026-07-07T09:30:11.082+0000] {dag.py:3036} INFO - Sync 1 DAGs
[2026-07-07T09:30:11.271+0000] {logging_mixin.py:188} INFO - [2026-07-07T09:30:11.271+0000] {dag.py:3823} INFO - Setting next_dagrun for example_branch_dop_operator_v3 to 2026-07-07 09:29:00+00:00, run_after=2026-07-07 09:30:00+00:00
[2026-07-07T09:30:11.459+0000] {processor.py:183} INFO - Processing /home/airflow/.local/lib/python3.8/site-packages/airflow/example_dags/example_branch_python_dop_operator_3.py took 0.627 seconds
[2026-07-07T09:30:42.171+0000] {processor.py:161} INFO - Started process (PID=5398) to work on /home/airflow/.local/lib/python3.8/site-packages/airflow/example_dags/example_branch_python_dop_operator_3.py
[2026-07-07T09:30:42.175+0000] {processor.py:830} INFO - Processing file /home/airflow/.local/lib/python3.8/site-packages/airflow/example_dags/example_branch_python_dop_operator_3.py for tasks to queue
[2026-07-07T09:30:42.178+0000] {logging_mixin.py:188} INFO - [2026-07-07T09:30:42.177+0000] {dagbag.py:538} INFO - Filling up the DagBag from /home/airflow/.local/lib/python3.8/site-packages/airflow/example_dags/example_branch_python_dop_operator_3.py
[2026-07-07T09:30:42.219+0000] {processor.py:840} INFO - DAG(s) 'example_branch_dop_operator_v3' retrieved from /home/airflow/.local/lib/python3.8/site-packages/airflow/example_dags/example_branch_python_dop_operator_3.py
[2026-07-07T09:30:42.283+0000] {logging_mixin.py:188} INFO - [2026-07-07T09:30:42.282+0000] {dag.py:3036} INFO - Sync 1 DAGs
[2026-07-07T09:30:42.422+0000] {logging_mixin.py:188} INFO - [2026-07-07T09:30:42.421+0000] {dag.py:3823} INFO - Setting next_dagrun for example_branch_dop_operator_v3 to 2026-07-07 09:29:00+00:00, run_after=2026-07-07 09:30:00+00:00
[2026-07-07T09:30:42.517+0000] {processor.py:183} INFO - Processing /home/airflow/.local/lib/python3.8/site-packages/airflow/example_dags/example_branch_python_dop_operator_3.py took 0.357 seconds
[2026-07-07T09:31:19.391+0000] {processor.py:161} INFO - Started process (PID=5458) to work on /home/airflow/.local/lib/python3.8/site-packages/airflow/example_dags/example_branch_python_dop_operator_3.py
[2026-07-07T09:31:19.395+0000] {processor.py:830} INFO - Processing file /home/airflow/.local/lib/python3.8/site-packages/airflow/example_dags/example_branch_python_dop_operator_3.py for tasks to queue
[2026-07-07T09:31:19.407+0000] {logging_mixin.py:188} INFO - [2026-07-07T09:31:19.406+0000] {dagbag.py:538} INFO - Filling up the DagBag from /home/airflow/.local/lib/python3.8/site-packages/airflow/example_dags/example_branch_python_dop_operator_3.py
[2026-07-07T09:31:19.450+0000] {processor.py:840} INFO - DAG(s) 'example_branch_dop_operator_v3' retrieved from /home/airflow/.local/lib/python3.8/site-packages/airflow/example_dags/example_branch_python_dop_operator_3.py
[2026-07-07T09:31:19.574+0000] {logging_mixin.py:188} INFO - [2026-07-07T09:31:19.574+0000] {dag.py:3036} INFO - Sync 1 DAGs
[2026-07-07T09:31:19.887+0000] {logging_mixin.py:188} INFO - [2026-07-07T09:31:19.886+0000] {dag.py:3823} INFO - Setting next_dagrun for example_branch_dop_operator_v3 to 2026-07-07 09:30:00+00:00, run_after=2026-07-07 09:31:00+00:00
[2026-07-07T09:31:20.056+0000] {processor.py:183} INFO - Processing /home/airflow/.local/lib/python3.8/site-packages/airflow/example_dags/example_branch_python_dop_operator_3.py took 0.682 seconds
[2026-07-07T09:31:54.208+0000] {processor.py:161} INFO - Started process (PID=5524) to work on /home/airflow/.local/lib/python3.8/site-packages/airflow/example_dags/example_branch_python_dop_operator_3.py
[2026-07-07T09:31:54.223+0000] {processor.py:830} INFO - Processing file /home/airflow/.local/lib/python3.8/site-packages/airflow/example_dags/example_branch_python_dop_operator_3.py for tasks to queue
[2026-07-07T09:31:54.226+0000] {logging_mixin.py:188} INFO - [2026-07-07T09:31:54.225+0000] {dagbag.py:538} INFO - Filling up the DagBag from /home/airflow/.local/lib/python3.8/site-packages/airflow/example_dags/example_branch_python_dop_operator_3.py
[2026-07-07T09:31:54.326+0000] {processor.py:840} INFO - DAG(s) 'example_branch_dop_operator_v3' retrieved from /home/airflow/.local/lib/python3.8/site-packages/airflow/example_dags/example_branch_python_dop_operator_3.py
[2026-07-07T09:31:54.458+0000] {logging_mixin.py:188} INFO - [2026-07-07T09:31:54.458+0000] {dag.py:3036} INFO - Sync 1 DAGs
[2026-07-07T09:31:54.604+0000] {logging_mixin.py:188} INFO - [2026-07-07T09:31:54.603+0000] {dag.py:3823} INFO - Setting next_dagrun for example_branch_dop_operator_v3 to 2026-07-07 09:30:00+00:00, run_after=2026-07-07 09:31:00+00:00
[2026-07-07T09:31:54.758+0000] {processor.py:183} INFO - Processing /home/airflow/.local/lib/python3.8/site-packages/airflow/example_dags/example_branch_python_dop_operator_3.py took 0.582 seconds
[2026-07-07T09:32:25.380+0000] {processor.py:161} INFO - Started process (PID=5590) to work on /home/airflow/.local/lib/python3.8/site-packages/airflow/example_dags/example_branch_python_dop_operator_3.py
[2026-07-07T09:32:25.388+0000] {processor.py:830} INFO - Processing file /home/airflow/.local/lib/python3.8/site-packages/airflow/example_dags/example_branch_python_dop_operator_3.py for tasks to queue
[2026-07-07T09:32:25.390+0000] {logging_mixin.py:188} INFO - [2026-07-07T09:32:25.389+0000] {dagbag.py:538} INFO - Filling up the DagBag from /home/airflow/.local/lib/python3.8/site-packages/airflow/example_dags/example_branch_python_dop_operator_3.py
[2026-07-07T09:32:25.417+0000] {processor.py:840} INFO - DAG(s) 'example_branch_dop_operator_v3' retrieved from /home/airflow/.local/lib/python3.8/site-packages/airflow/example_dags/example_branch_python_dop_operator_3.py
[2026-07-07T09:32:25.507+0000] {logging_mixin.py:188} INFO - [2026-07-07T09:32:25.506+0000] {dag.py:3036} INFO - Sync 1 DAGs
[2026-07-07T09:32:25.597+0000] {logging_mixin.py:188} INFO - [2026-07-07T09:32:25.596+0000] {dag.py:3823} INFO - Setting next_dagrun for example_branch_dop_operator_v3 to 2026-07-07 09:31:00+00:00, run_after=2026-07-07 09:32:00+00:00
[2026-07-07T09:32:25.655+0000] {processor.py:183} INFO - Processing /home/airflow/.local/lib/python3.8/site-packages/airflow/example_dags/example_branch_python_dop_operator_3.py took 0.285 seconds
[2026-07-07T09:32:55.987+0000] {processor.py:161} INFO - Started process (PID=5650) to work on /home/airflow/.local/lib/python3.8/site-packages/airflow/example_dags/example_branch_python_dop_operator_3.py
[2026-07-07T09:32:55.989+0000] {processor.py:830} INFO - Processing file /home/airflow/.local/lib/python3.8/site-packages/airflow/example_dags/example_branch_python_dop_operator_3.py for tasks to queue
[2026-07-07T09:32:55.991+0000] {logging_mixin.py:188} INFO - [2026-07-07T09:32:55.990+0000] {dagbag.py:538} INFO - Filling up the DagBag from /home/airflow/.local/lib/python3.8/site-packages/airflow/example_dags/example_branch_python_dop_operator_3.py
[2026-07-07T09:32:56.009+0000] {processor.py:840} INFO - DAG(s) 'example_branch_dop_operator_v3' retrieved from /home/airflow/.local/lib/python3.8/site-packages/airflow/example_dags/example_branch_python_dop_operator_3.py
[2026-07-07T09:32:56.054+0000] {logging_mixin.py:188} INFO - [2026-07-07T09:32:56.054+0000] {dag.py:3036} INFO - Sync 1 DAGs
[2026-07-07T09:32:56.124+0000] {logging_mixin.py:188} INFO - [2026-07-07T09:32:56.123+0000] {dag.py:3823} INFO - Setting next_dagrun for example_branch_dop_operator_v3 to 2026-07-07 09:31:00+00:00, run_after=2026-07-07 09:32:00+00:00
[2026-07-07T09:32:56.175+0000] {processor.py:183} INFO - Processing /home/airflow/.local/lib/python3.8/site-packages/airflow/example_dags/example_branch_python_dop_operator_3.py took 0.195 seconds
[2026-07-07T09:33:26.632+0000] {processor.py:161} INFO - Started process (PID=5716) to work on /home/airflow/.local/lib/python3.8/site-packages/airflow/example_dags/example_branch_python_dop_operator_3.py
[2026-07-07T09:33:26.635+0000] {processor.py:830} INFO - Processing file /home/airflow/.local/lib/python3.8/site-packages/airflow/example_dags/example_branch_python_dop_operator_3.py for tasks to queue
[2026-07-07T09:33:26.638+0000] {logging_mixin.py:188} INFO - [2026-07-07T09:33:26.637+0000] {dagbag.py:538} INFO - Filling up the DagBag from /home/airflow/.local/lib/python3.8/site-packages/airflow/example_dags/example_branch_python_dop_operator_3.py
[2026-07-07T09:33:26.672+0000] {processor.py:840} INFO - DAG(s) 'example_branch_dop_operator_v3' retrieved from /home/airflow/.local/lib/python3.8/site-packages/airflow/example_dags/example_branch_python_dop_operator_3.py
[2026-07-07T09:33:26.754+0000] {logging_mixin.py:188} INFO - [2026-07-07T09:33:26.754+0000] {dag.py:3036} INFO - Sync 1 DAGs
[2026-07-07T09:33:26.841+0000] {logging_mixin.py:188} INFO - [2026-07-07T09:33:26.840+0000] {dag.py:3823} INFO - Setting next_dagrun for example_branch_dop_operator_v3 to 2026-07-07 09:32:00+00:00, run_after=2026-07-07 09:33:00+00:00
[2026-07-07T09:33:26.930+0000] {processor.py:183} INFO - Processing /home/airflow/.local/lib/python3.8/site-packages/airflow/example_dags/example_branch_python_dop_operator_3.py took 0.309 seconds
[2026-07-07T09:33:57.391+0000] {processor.py:161} INFO - Started process (PID=5783) to work on /home/airflow/.local/lib/python3.8/site-packages/airflow/example_dags/example_branch_python_dop_operator_3.py
[2026-07-07T09:33:57.398+0000] {processor.py:830} INFO - Processing file /home/airflow/.local/lib/python3.8/site-packages/airflow/example_dags/example_branch_python_dop_operator_3.py for tasks to queue
[2026-07-07T09:33:57.400+0000] {logging_mixin.py:188} INFO - [2026-07-07T09:33:57.399+0000] {dagbag.py:538} INFO - Filling up the DagBag from /home/airflow/.local/lib/python3.8/site-packages/airflow/example_dags/example_branch_python_dop_operator_3.py
[2026-07-07T09:33:57.467+0000] {processor.py:840} INFO - DAG(s) 'example_branch_dop_operator_v3' retrieved from /home/airflow/.local/lib/python3.8/site-packages/airflow/example_dags/example_branch_python_dop_operator_3.py
[2026-07-07T09:33:57.675+0000] {logging_mixin.py:188} INFO - [2026-07-07T09:33:57.674+0000] {dag.py:3036} INFO - Sync 1 DAGs
[2026-07-07T09:33:57.838+0000] {logging_mixin.py:188} INFO - [2026-07-07T09:33:57.837+0000] {dag.py:3823} INFO - Setting next_dagrun for example_branch_dop_operator_v3 to 2026-07-07 09:32:00+00:00, run_after=2026-07-07 09:33:00+00:00
[2026-07-07T09:33:57.944+0000] {processor.py:183} INFO - Processing /home/airflow/.local/lib/python3.8/site-packages/airflow/example_dags/example_branch_python_dop_operator_3.py took 0.574 seconds
[2026-07-07T09:34:29.384+0000] {processor.py:161} INFO - Started process (PID=5843) to work on /home/airflow/.local/lib/python3.8/site-packages/airflow/example_dags/example_branch_python_dop_operator_3.py
[2026-07-07T09:34:29.393+0000] {processor.py:830} INFO - Processing file /home/airflow/.local/lib/python3.8/site-packages/airflow/example_dags/example_branch_python_dop_operator_3.py for tasks to queue
[2026-07-07T09:34:29.399+0000] {logging_mixin.py:188} INFO - [2026-07-07T09:34:29.398+0000] {dagbag.py:538} INFO - Filling up the DagBag from /home/airflow/.local/lib/python3.8/site-packages/airflow/example_dags/example_branch_python_dop_operator_3.py
[2026-07-07T09:34:29.499+0000] {processor.py:840} INFO - DAG(s) 'example_branch_dop_operator_v3' retrieved from /home/airflow/.local/lib/python3.8/site-packages/airflow/example_dags/example_branch_python_dop_operator_3.py
[2026-07-07T09:34:29.649+0000] {logging_mixin.py:188} INFO - [2026-07-07T09:34:29.648+0000] {dag.py:3036} INFO - Sync 1 DAGs
[2026-07-07T09:34:29.802+0000] {logging_mixin.py:188} INFO - [2026-07-07T09:34:29.800+0000] {dag.py:3823} INFO - Setting next_dagrun for example_branch_dop_operator_v3 to 2026-07-07 09:33:00+00:00, run_after=2026-07-07 09:34:00+00:00
[2026-07-07T09:34:29.889+0000] {processor.py:183} INFO - Processing /home/airflow/.local/lib/python3.8/site-packages/airflow/example_dags/example_branch_python_dop_operator_3.py took 0.545 seconds
[2026-07-07T09:35:01.858+0000] {processor.py:161} INFO - Started process (PID=5910) to work on /home/airflow/.local/lib/python3.8/site-packages/airflow/example_dags/example_branch_python_dop_operator_3.py
[2026-07-07T09:35:01.862+0000] {processor.py:830} INFO - Processing file /home/airflow/.local/lib/python3.8/site-packages/airflow/example_dags/example_branch_python_dop_operator_3.py for tasks to queue
[2026-07-07T09:35:01.866+0000] {logging_mixin.py:188} INFO - [2026-07-07T09:35:01.865+0000] {dagbag.py:538} INFO - Filling up the DagBag from /home/airflow/.local/lib/python3.8/site-packages/airflow/example_dags/example_branch_python_dop_operator_3.py
[2026-07-07T09:35:01.984+0000] {processor.py:840} INFO - DAG(s) 'example_branch_dop_operator_v3' retrieved from /home/airflow/.local/lib/python3.8/site-packages/airflow/example_dags/example_branch_python_dop_operator_3.py
[2026-07-07T09:35:02.273+0000] {logging_mixin.py:188} INFO - [2026-07-07T09:35:02.267+0000] {dag.py:3036} INFO - Sync 1 DAGs
[2026-07-07T09:35:02.497+0000] {logging_mixin.py:188} INFO - [2026-07-07T09:35:02.496+0000] {dag.py:3823} INFO - Setting next_dagrun for example_branch_dop_operator_v3 to 2026-07-07 09:34:00+00:00, run_after=2026-07-07 09:35:00+00:00
[2026-07-07T09:35:02.700+0000] {processor.py:183} INFO - Processing /home/airflow/.local/lib/python3.8/site-packages/airflow/example_dags/example_branch_python_dop_operator_3.py took 0.876 seconds
[2026-07-07T09:35:34.171+0000] {processor.py:161} INFO - Started process (PID=5982) to work on /home/airflow/.local/lib/python3.8/site-packages/airflow/example_dags/example_branch_python_dop_operator_3.py
[2026-07-07T09:35:34.181+0000] {processor.py:830} INFO - Processing file /home/airflow/.local/lib/python3.8/site-packages/airflow/example_dags/example_branch_python_dop_operator_3.py for tasks to queue
[2026-07-07T09:35:34.191+0000] {logging_mixin.py:188} INFO - [2026-07-07T09:35:34.190+0000] {dagbag.py:538} INFO - Filling up the DagBag from /home/airflow/.local/lib/python3.8/site-packages/airflow/example_dags/example_branch_python_dop_operator_3.py
[2026-07-07T09:35:34.326+0000] {processor.py:840} INFO - DAG(s) 'example_branch_dop_operator_v3' retrieved from /home/airflow/.local/lib/python3.8/site-packages/airflow/example_dags/example_branch_python_dop_operator_3.py
[2026-07-07T09:35:34.471+0000] {logging_mixin.py:188} INFO - [2026-07-07T09:35:34.470+0000] {dag.py:3036} INFO - Sync 1 DAGs
[2026-07-07T09:35:34.735+0000] {logging_mixin.py:188} INFO - [2026-07-07T09:35:34.734+0000] {dag.py:3823} INFO - Setting next_dagrun for example_branch_dop_operator_v3 to 2026-07-07 09:34:00+00:00, run_after=2026-07-07 09:35:00+00:00
[2026-07-07T09:35:34.898+0000] {processor.py:183} INFO - Processing /home/airflow/.local/lib/python3.8/site-packages/airflow/example_dags/example_branch_python_dop_operator_3.py took 0.799 seconds
[2026-07-07T09:36:05.858+0000] {processor.py:161} INFO - Started process (PID=6042) to work on /home/airflow/.local/lib/python3.8/site-packages/airflow/example_dags/example_branch_python_dop_operator_3.py
[2026-07-07T09:36:05.863+0000] {processor.py:830} INFO - Processing file /home/airflow/.local/lib/python3.8/site-packages/airflow/example_dags/example_branch_python_dop_operator_3.py for tasks to queue
[2026-07-07T09:36:05.867+0000] {logging_mixin.py:188} INFO - [2026-07-07T09:36:05.866+0000] {dagbag.py:538} INFO - Filling up the DagBag from /home/airflow/.local/lib/python3.8/site-packages/airflow/example_dags/example_branch_python_dop_operator_3.py
[2026-07-07T09:36:05.906+0000] {processor.py:840} INFO - DAG(s) 'example_branch_dop_operator_v3' retrieved from /home/airflow/.local/lib/python3.8/site-packages/airflow/example_dags/example_branch_python_dop_operator_3.py
[2026-07-07T09:36:06.035+0000] {logging_mixin.py:188} INFO - [2026-07-07T09:36:06.034+0000] {dag.py:3036} INFO - Sync 1 DAGs
[2026-07-07T09:36:06.145+0000] {logging_mixin.py:188} INFO - [2026-07-07T09:36:06.144+0000] {dag.py:3823} INFO - Setting next_dagrun for example_branch_dop_operator_v3 to 2026-07-07 09:35:00+00:00, run_after=2026-07-07 09:36:00+00:00
[2026-07-07T09:36:06.198+0000] {processor.py:183} INFO - Processing /home/airflow/.local/lib/python3.8/site-packages/airflow/example_dags/example_branch_python_dop_operator_3.py took 0.360 seconds
[2026-07-07T09:36:37.080+0000] {processor.py:161} INFO - Started process (PID=6111) to work on /home/airflow/.local/lib/python3.8/site-packages/airflow/example_dags/example_branch_python_dop_operator_3.py
[2026-07-07T09:36:37.095+0000] {processor.py:830} INFO - Processing file /home/airflow/.local/lib/python3.8/site-packages/airflow/example_dags/example_branch_python_dop_operator_3.py for tasks to queue
[2026-07-07T09:36:37.097+0000] {logging_mixin.py:188} INFO - [2026-07-07T09:36:37.096+0000] {dagbag.py:538} INFO - Filling up the DagBag from /home/airflow/.local/lib/python3.8/site-packages/airflow/example_dags/example_branch_python_dop_operator_3.py
[2026-07-07T09:36:37.286+0000] {processor.py:840} INFO - DAG(s) 'example_branch_dop_operator_v3' retrieved from /home/airflow/.local/lib/python3.8/site-packages/airflow/example_dags/example_branch_python_dop_operator_3.py
[2026-07-07T09:36:37.625+0000] {logging_mixin.py:188} INFO - [2026-07-07T09:36:37.625+0000] {dag.py:3036} INFO - Sync 1 DAGs
[2026-07-07T09:36:37.826+0000] {logging_mixin.py:188} INFO - [2026-07-07T09:36:37.826+0000] {dag.py:3823} INFO - Setting next_dagrun for example_branch_dop_operator_v3 to 2026-07-07 09:35:00+00:00, run_after=2026-07-07 09:36:00+00:00
[2026-07-07T09:36:37.980+0000] {processor.py:183} INFO - Processing /home/airflow/.local/lib/python3.8/site-packages/airflow/example_dags/example_branch_python_dop_operator_3.py took 0.972 seconds
[2026-07-07T09:37:08.451+0000] {processor.py:161} INFO - Started process (PID=6178) to work on /home/airflow/.local/lib/python3.8/site-packages/airflow/example_dags/example_branch_python_dop_operator_3.py
[2026-07-07T09:37:08.455+0000] {processor.py:830} INFO - Processing file /home/airflow/.local/lib/python3.8/site-packages/airflow/example_dags/example_branch_python_dop_operator_3.py for tasks to queue
[2026-07-07T09:37:08.459+0000] {logging_mixin.py:188} INFO - [2026-07-07T09:37:08.458+0000] {dagbag.py:538} INFO - Filling up the DagBag from /home/airflow/.local/lib/python3.8/site-packages/airflow/example_dags/example_branch_python_dop_operator_3.py
[2026-07-07T09:37:08.513+0000] {processor.py:840} INFO - DAG(s) 'example_branch_dop_operator_v3' retrieved from /home/airflow/.local/lib/python3.8/site-packages/airflow/example_dags/example_branch_python_dop_operator_3.py
[2026-07-07T09:37:08.656+0000] {logging_mixin.py:188} INFO - [2026-07-07T09:37:08.655+0000] {dag.py:3036} INFO - Sync 1 DAGs
[2026-07-07T09:37:08.799+0000] {logging_mixin.py:188} INFO - [2026-07-07T09:37:08.798+0000] {dag.py:3823} INFO - Setting next_dagrun for example_branch_dop_operator_v3 to 2026-07-07 09:36:00+00:00, run_after=2026-07-07 09:37:00+00:00
[2026-07-07T09:37:08.954+0000] {processor.py:183} INFO - Processing /home/airflow/.local/lib/python3.8/site-packages/airflow/example_dags/example_branch_python_dop_operator_3.py took 0.536 seconds
[2026-07-07T09:37:39.705+0000] {processor.py:161} INFO - Started process (PID=6236) to work on /home/airflow/.local/lib/python3.8/site-packages/airflow/example_dags/example_branch_python_dop_operator_3.py
[2026-07-07T09:37:39.730+0000] {processor.py:830} INFO - Processing file /home/airflow/.local/lib/python3.8/site-packages/airflow/example_dags/example_branch_python_dop_operator_3.py for tasks to queue
[2026-07-07T09:37:39.734+0000] {logging_mixin.py:188} INFO - [2026-07-07T09:37:39.733+0000] {dagbag.py:538} INFO - Filling up the DagBag from /home/airflow/.local/lib/python3.8/site-packages/airflow/example_dags/example_branch_python_dop_operator_3.py
[2026-07-07T09:37:39.808+0000] {processor.py:840} INFO - DAG(s) 'example_branch_dop_operator_v3' retrieved from /home/airflow/.local/lib/python3.8/site-packages/airflow/example_dags/example_branch_python_dop_operator_3.py
[2026-07-07T09:37:39.908+0000] {logging_mixin.py:188} INFO - [2026-07-07T09:37:39.907+0000] {dag.py:3036} INFO - Sync 1 DAGs
[2026-07-07T09:37:40.026+0000] {logging_mixin.py:188} INFO - [2026-07-07T09:37:40.025+0000] {dag.py:3823} INFO - Setting next_dagrun for example_branch_dop_operator_v3 to 2026-07-07 09:36:00+00:00, run_after=2026-07-07 09:37:00+00:00
[2026-07-07T09:37:40.140+0000] {processor.py:183} INFO - Processing /home/airflow/.local/lib/python3.8/site-packages/airflow/example_dags/example_branch_python_dop_operator_3.py took 0.460 seconds
[2026-07-07T09:38:10.712+0000] {processor.py:161} INFO - Started process (PID=6302) to work on /home/airflow/.local/lib/python3.8/site-packages/airflow/example_dags/example_branch_python_dop_operator_3.py
[2026-07-07T09:38:10.714+0000] {processor.py:830} INFO - Processing file /home/airflow/.local/lib/python3.8/site-packages/airflow/example_dags/example_branch_python_dop_operator_3.py for tasks to queue
[2026-07-07T09:38:10.717+0000] {logging_mixin.py:188} INFO - [2026-07-07T09:38:10.716+0000] {dagbag.py:538} INFO - Filling up the DagBag from /home/airflow/.local/lib/python3.8/site-packages/airflow/example_dags/example_branch_python_dop_operator_3.py
[2026-07-07T09:38:10.741+0000] {processor.py:840} INFO - DAG(s) 'example_branch_dop_operator_v3' retrieved from /home/airflow/.local/lib/python3.8/site-packages/airflow/example_dags/example_branch_python_dop_operator_3.py
[2026-07-07T09:38:10.814+0000] {logging_mixin.py:188} INFO - [2026-07-07T09:38:10.813+0000] {dag.py:3036} INFO - Sync 1 DAGs
[2026-07-07T09:38:10.885+0000] {logging_mixin.py:188} INFO - [2026-07-07T09:38:10.884+0000] {dag.py:3823} INFO - Setting next_dagrun for example_branch_dop_operator_v3 to 2026-07-07 09:37:00+00:00, run_after=2026-07-07 09:38:00+00:00
[2026-07-07T09:38:10.935+0000] {processor.py:183} INFO - Processing /home/airflow/.local/lib/python3.8/site-packages/airflow/example_dags/example_branch_python_dop_operator_3.py took 0.232 seconds
[2026-07-07T09:38:41.619+0000] {processor.py:161} INFO - Started process (PID=6369) to work on /home/airflow/.local/lib/python3.8/site-packages/airflow/example_dags/example_branch_python_dop_operator_3.py
[2026-07-07T09:38:41.632+0000] {processor.py:830} INFO - Processing file /home/airflow/.local/lib/python3.8/site-packages/airflow/example_dags/example_branch_python_dop_operator_3.py for tasks to queue
[2026-07-07T09:38:41.634+0000] {logging_mixin.py:188} INFO - [2026-07-07T09:38:41.634+0000] {dagbag.py:538} INFO - Filling up the DagBag from /home/airflow/.local/lib/python3.8/site-packages/airflow/example_dags/example_branch_python_dop_operator_3.py
[2026-07-07T09:38:41.701+0000] {processor.py:840} INFO - DAG(s) 'example_branch_dop_operator_v3' retrieved from /home/airflow/.local/lib/python3.8/site-packages/airflow/example_dags/example_branch_python_dop_operator_3.py
[2026-07-07T09:38:41.845+0000] {logging_mixin.py:188} INFO - [2026-07-07T09:38:41.844+0000] {dag.py:3036} INFO - Sync 1 DAGs
[2026-07-07T09:38:42.012+0000] {logging_mixin.py:188} INFO - [2026-07-07T09:38:42.011+0000] {dag.py:3823} INFO - Setting next_dagrun for example_branch_dop_operator_v3 to 2026-07-07 09:37:00+00:00, run_after=2026-07-07 09:38:00+00:00
[2026-07-07T09:38:42.176+0000] {processor.py:183} INFO - Processing /home/airflow/.local/lib/python3.8/site-packages/airflow/example_dags/example_branch_python_dop_operator_3.py took 0.590 seconds
[2026-07-07T09:39:12.924+0000] {processor.py:161} INFO - Started process (PID=6428) to work on /home/airflow/.local/lib/python3.8/site-packages/airflow/example_dags/example_branch_python_dop_operator_3.py
[2026-07-07T09:39:12.926+0000] {processor.py:830} INFO - Processing file /home/airflow/.local/lib/python3.8/site-packages/airflow/example_dags/example_branch_python_dop_operator_3.py for tasks to queue
[2026-07-07T09:39:12.928+0000] {logging_mixin.py:188} INFO - [2026-07-07T09:39:12.928+0000] {dagbag.py:538} INFO - Filling up the DagBag from /home/airflow/.local/lib/python3.8/site-packages/airflow/example_dags/example_branch_python_dop_operator_3.py
[2026-07-07T09:39:12.970+0000] {processor.py:840} INFO - DAG(s) 'example_branch_dop_operator_v3' retrieved from /home/airflow/.local/lib/python3.8/site-packages/airflow/example_dags/example_branch_python_dop_operator_3.py
[2026-07-07T09:39:13.024+0000] {logging_mixin.py:188} INFO - [2026-07-07T09:39:13.023+0000] {dag.py:3036} INFO - Sync 1 DAGs
[2026-07-07T09:39:13.106+0000] {logging_mixin.py:188} INFO - [2026-07-07T09:39:13.106+0000] {dag.py:3823} INFO - Setting next_dagrun for example_branch_dop_operator_v3 to 2026-07-07 09:38:00+00:00, run_after=2026-07-07 09:39:00+00:00
[2026-07-07T09:39:13.166+0000] {processor.py:183} INFO - Processing /home/airflow/.local/lib/python3.8/site-packages/airflow/example_dags/example_branch_python_dop_operator_3.py took 0.256 seconds
[2026-07-07T09:39:43.356+0000] {processor.py:161} INFO - Started process (PID=6494) to work on /home/airflow/.local/lib/python3.8/site-packages/airflow/example_dags/example_branch_python_dop_operator_3.py
[2026-07-07T09:39:43.361+0000] {processor.py:830} INFO - Processing file /home/airflow/.local/lib/python3.8/site-packages/airflow/example_dags/example_branch_python_dop_operator_3.py for tasks to queue
[2026-07-07T09:39:43.363+0000] {logging_mixin.py:188} INFO - [2026-07-07T09:39:43.362+0000] {dagbag.py:538} INFO - Filling up the DagBag from /home/airflow/.local/lib/python3.8/site-packages/airflow/example_dags/example_branch_python_dop_operator_3.py
[2026-07-07T09:39:43.393+0000] {processor.py:840} INFO - DAG(s) 'example_branch_dop_operator_v3' retrieved from /home/airflow/.local/lib/python3.8/site-packages/airflow/example_dags/example_branch_python_dop_operator_3.py
[2026-07-07T09:39:43.459+0000] {logging_mixin.py:188} INFO - [2026-07-07T09:39:43.458+0000] {dag.py:3036} INFO - Sync 1 DAGs
[2026-07-07T09:39:43.542+0000] {logging_mixin.py:188} INFO - [2026-07-07T09:39:43.541+0000] {dag.py:3823} INFO - Setting next_dagrun for example_branch_dop_operator_v3 to 2026-07-07 09:38:00+00:00, run_after=2026-07-07 09:39:00+00:00
[2026-07-07T09:39:43.586+0000] {processor.py:183} INFO - Processing /home/airflow/.local/lib/python3.8/site-packages/airflow/example_dags/example_branch_python_dop_operator_3.py took 0.241 seconds
[2026-07-07T09:40:13.702+0000] {processor.py:161} INFO - Started process (PID=6562) to work on /home/airflow/.local/lib/python3.8/site-packages/airflow/example_dags/example_branch_python_dop_operator_3.py
[2026-07-07T09:40:13.704+0000] {processor.py:830} INFO - Processing file /home/airflow/.local/lib/python3.8/site-packages/airflow/example_dags/example_branch_python_dop_operator_3.py for tasks to queue
[2026-07-07T09:40:13.706+0000] {logging_mixin.py:188} INFO - [2026-07-07T09:40:13.706+0000] {dagbag.py:538} INFO - Filling up the DagBag from /home/airflow/.local/lib/python3.8/site-packages/airflow/example_dags/example_branch_python_dop_operator_3.py
[2026-07-07T09:40:13.738+0000] {processor.py:840} INFO - DAG(s) 'example_branch_dop_operator_v3' retrieved from /home/airflow/.local/lib/python3.8/site-packages/airflow/example_dags/example_branch_python_dop_operator_3.py
[2026-07-07T09:40:13.793+0000] {logging_mixin.py:188} INFO - [2026-07-07T09:40:13.792+0000] {dag.py:3036} INFO - Sync 1 DAGs
[2026-07-07T09:40:13.856+0000] {logging_mixin.py:188} INFO - [2026-07-07T09:40:13.855+0000] {dag.py:3823} INFO - Setting next_dagrun for example_branch_dop_operator_v3 to 2026-07-07 09:39:00+00:00, run_after=2026-07-07 09:40:00+00:00
[2026-07-07T09:40:13.932+0000] {processor.py:183} INFO - Processing /home/airflow/.local/lib/python3.8/site-packages/airflow/example_dags/example_branch_python_dop_operator_3.py took 0.239 seconds
[2026-07-07T09:40:44.660+0000] {processor.py:161} INFO - Started process (PID=6628) to work on /home/airflow/.local/lib/python3.8/site-packages/airflow/example_dags/example_branch_python_dop_operator_3.py
[2026-07-07T09:40:44.663+0000] {processor.py:830} INFO - Processing file /home/airflow/.local/lib/python3.8/site-packages/airflow/example_dags/example_branch_python_dop_operator_3.py for tasks to queue
[2026-07-07T09:40:44.665+0000] {logging_mixin.py:188} INFO - [2026-07-07T09:40:44.664+0000] {dagbag.py:538} INFO - Filling up the DagBag from /home/airflow/.local/lib/python3.8/site-packages/airflow/example_dags/example_branch_python_dop_operator_3.py
[2026-07-07T09:40:44.685+0000] {processor.py:840} INFO - DAG(s) 'example_branch_dop_operator_v3' retrieved from /home/airflow/.local/lib/python3.8/site-packages/airflow/example_dags/example_branch_python_dop_operator_3.py
[2026-07-07T09:40:44.735+0000] {logging_mixin.py:188} INFO - [2026-07-07T09:40:44.734+0000] {dag.py:3036} INFO - Sync 1 DAGs
[2026-07-07T09:40:44.790+0000] {logging_mixin.py:188} INFO - [2026-07-07T09:40:44.789+0000] {dag.py:3823} INFO - Setting next_dagrun for example_branch_dop_operator_v3 to 2026-07-07 09:39:00+00:00, run_after=2026-07-07 09:40:00+00:00
[2026-07-07T09:40:44.833+0000] {processor.py:183} INFO - Processing /home/airflow/.local/lib/python3.8/site-packages/airflow/example_dags/example_branch_python_dop_operator_3.py took 0.182 seconds
[2026-07-07T09:41:15.051+0000] {processor.py:161} INFO - Started process (PID=6695) to work on /home/airflow/.local/lib/python3.8/site-packages/airflow/example_dags/example_branch_python_dop_operator_3.py
[2026-07-07T09:41:15.053+0000] {processor.py:830} INFO - Processing file /home/airflow/.local/lib/python3.8/site-packages/airflow/example_dags/example_branch_python_dop_operator_3.py for tasks to queue
[2026-07-07T09:41:15.055+0000] {logging_mixin.py:188} INFO - [2026-07-07T09:41:15.054+0000] {dagbag.py:538} INFO - Filling up the DagBag from /home/airflow/.local/lib/python3.8/site-packages/airflow/example_dags/example_branch_python_dop_operator_3.py
[2026-07-07T09:41:15.074+0000] {processor.py:840} INFO - DAG(s) 'example_branch_dop_operator_v3' retrieved from /home/airflow/.local/lib/python3.8/site-packages/airflow/example_dags/example_branch_python_dop_operator_3.py
[2026-07-07T09:41:15.112+0000] {logging_mixin.py:188} INFO - [2026-07-07T09:41:15.111+0000] {dag.py:3036} INFO - Sync 1 DAGs
[2026-07-07T09:41:15.153+0000] {logging_mixin.py:188} INFO - [2026-07-07T09:41:15.153+0000] {dag.py:3823} INFO - Setting next_dagrun for example_branch_dop_operator_v3 to 2026-07-07 09:40:00+00:00, run_after=2026-07-07 09:41:00+00:00
[2026-07-07T09:41:15.193+0000] {processor.py:183} INFO - Processing /home/airflow/.local/lib/python3.8/site-packages/airflow/example_dags/example_branch_python_dop_operator_3.py took 0.150 seconds
[2026-07-07T09:41:46.420+0000] {processor.py:161} INFO - Started process (PID=6762) to work on /home/airflow/.local/lib/python3.8/site-packages/airflow/example_dags/example_branch_python_dop_operator_3.py
[2026-07-07T09:41:46.423+0000] {processor.py:830} INFO - Processing file /home/airflow/.local/lib/python3.8/site-packages/airflow/example_dags/example_branch_python_dop_operator_3.py for tasks to queue
[2026-07-07T09:41:46.425+0000] {logging_mixin.py:188} INFO - [2026-07-07T09:41:46.424+0000] {dagbag.py:538} INFO - Filling up the DagBag from /home/airflow/.local/lib/python3.8/site-packages/airflow/example_dags/example_branch_python_dop_operator_3.py
[2026-07-07T09:41:46.446+0000] {processor.py:840} INFO - DAG(s) 'example_branch_dop_operator_v3' retrieved from /home/airflow/.local/lib/python3.8/site-packages/airflow/example_dags/example_branch_python_dop_operator_3.py
[2026-07-07T09:41:46.491+0000] {logging_mixin.py:188} INFO - [2026-07-07T09:41:46.490+0000] {dag.py:3036} INFO - Sync 1 DAGs
[2026-07-07T09:41:46.545+0000] {logging_mixin.py:188} INFO - [2026-07-07T09:41:46.545+0000] {dag.py:3823} INFO - Setting next_dagrun for example_branch_dop_operator_v3 to 2026-07-07 09:40:00+00:00, run_after=2026-07-07 09:41:00+00:00
[2026-07-07T09:41:46.582+0000] {processor.py:183} INFO - Processing /home/airflow/.local/lib/python3.8/site-packages/airflow/example_dags/example_branch_python_dop_operator_3.py took 0.171 seconds
[2026-07-07T09:42:16.814+0000] {processor.py:161} INFO - Started process (PID=6828) to work on /home/airflow/.local/lib/python3.8/site-packages/airflow/example_dags/example_branch_python_dop_operator_3.py
[2026-07-07T09:42:16.817+0000] {processor.py:830} INFO - Processing file /home/airflow/.local/lib/python3.8/site-packages/airflow/example_dags/example_branch_python_dop_operator_3.py for tasks to queue
[2026-07-07T09:42:16.819+0000] {logging_mixin.py:188} INFO - [2026-07-07T09:42:16.818+0000] {dagbag.py:538} INFO - Filling up the DagBag from /home/airflow/.local/lib/python3.8/site-packages/airflow/example_dags/example_branch_python_dop_operator_3.py
[2026-07-07T09:42:16.840+0000] {processor.py:840} INFO - DAG(s) 'example_branch_dop_operator_v3' retrieved from /home/airflow/.local/lib/python3.8/site-packages/airflow/example_dags/example_branch_python_dop_operator_3.py
[2026-07-07T09:42:16.890+0000] {logging_mixin.py:188} INFO - [2026-07-07T09:42:16.889+0000] {dag.py:3036} INFO - Sync 1 DAGs
[2026-07-07T09:42:16.950+0000] {logging_mixin.py:188} INFO - [2026-07-07T09:42:16.950+0000] {dag.py:3823} INFO - Setting next_dagrun for example_branch_dop_operator_v3 to 2026-07-07 09:41:00+00:00, run_after=2026-07-07 09:42:00+00:00
[2026-07-07T09:42:16.993+0000] {processor.py:183} INFO - Processing /home/airflow/.local/lib/python3.8/site-packages/airflow/example_dags/example_branch_python_dop_operator_3.py took 0.189 seconds
[2026-07-07T09:42:47.502+0000] {processor.py:161} INFO - Started process (PID=6895) to work on /home/airflow/.local/lib/python3.8/site-packages/airflow/example_dags/example_branch_python_dop_operator_3.py
[2026-07-07T09:42:47.504+0000] {processor.py:830} INFO - Processing file /home/airflow/.local/lib/python3.8/site-packages/airflow/example_dags/example_branch_python_dop_operator_3.py for tasks to queue
[2026-07-07T09:42:47.506+0000] {logging_mixin.py:188} INFO - [2026-07-07T09:42:47.505+0000] {dagbag.py:538} INFO - Filling up the DagBag from /home/airflow/.local/lib/python3.8/site-packages/airflow/example_dags/example_branch_python_dop_operator_3.py
[2026-07-07T09:42:47.527+0000] {processor.py:840} INFO - DAG(s) 'example_branch_dop_operator_v3' retrieved from /home/airflow/.local/lib/python3.8/site-packages/airflow/example_dags/example_branch_python_dop_operator_3.py
[2026-07-07T09:42:47.575+0000] {logging_mixin.py:188} INFO - [2026-07-07T09:42:47.574+0000] {dag.py:3036} INFO - Sync 1 DAGs
[2026-07-07T09:42:47.630+0000] {logging_mixin.py:188} INFO - [2026-07-07T09:42:47.630+0000] {dag.py:3823} INFO - Setting next_dagrun for example_branch_dop_operator_v3 to 2026-07-07 09:41:00+00:00, run_after=2026-07-07 09:42:00+00:00
[2026-07-07T09:42:47.668+0000] {processor.py:183} INFO - Processing /home/airflow/.local/lib/python3.8/site-packages/airflow/example_dags/example_branch_python_dop_operator_3.py took 0.173 seconds
[2026-07-07T09:43:18.958+0000] {processor.py:161} INFO - Started process (PID=6962) to work on /home/airflow/.local/lib/python3.8/site-packages/airflow/example_dags/example_branch_python_dop_operator_3.py
[2026-07-07T09:43:18.969+0000] {processor.py:830} INFO - Processing file /home/airflow/.local/lib/python3.8/site-packages/airflow/example_dags/example_branch_python_dop_operator_3.py for tasks to queue
[2026-07-07T09:43:18.973+0000] {logging_mixin.py:188} INFO - [2026-07-07T09:43:18.972+0000] {dagbag.py:538} INFO - Filling up the DagBag from /home/airflow/.local/lib/python3.8/site-packages/airflow/example_dags/example_branch_python_dop_operator_3.py
[2026-07-07T09:43:19.009+0000] {processor.py:840} INFO - DAG(s) 'example_branch_dop_operator_v3' retrieved from /home/airflow/.local/lib/python3.8/site-packages/airflow/example_dags/example_branch_python_dop_operator_3.py
[2026-07-07T09:43:19.081+0000] {logging_mixin.py:188} INFO - [2026-07-07T09:43:19.080+0000] {dag.py:3036} INFO - Sync 1 DAGs
[2026-07-07T09:43:19.169+0000] {logging_mixin.py:188} INFO - [2026-07-07T09:43:19.168+0000] {dag.py:3823} INFO - Setting next_dagrun for example_branch_dop_operator_v3 to 2026-07-07 09:42:00+00:00, run_after=2026-07-07 09:43:00+00:00
[2026-07-07T09:43:19.257+0000] {processor.py:183} INFO - Processing /home/airflow/.local/lib/python3.8/site-packages/airflow/example_dags/example_branch_python_dop_operator_3.py took 0.315 seconds
[2026-07-07T09:43:49.768+0000] {processor.py:161} INFO - Started process (PID=7029) to work on /home/airflow/.local/lib/python3.8/site-packages/airflow/example_dags/example_branch_python_dop_operator_3.py
[2026-07-07T09:43:49.771+0000] {processor.py:830} INFO - Processing file /home/airflow/.local/lib/python3.8/site-packages/airflow/example_dags/example_branch_python_dop_operator_3.py for tasks to queue
[2026-07-07T09:43:49.774+0000] {logging_mixin.py:188} INFO - [2026-07-07T09:43:49.773+0000] {dagbag.py:538} INFO - Filling up the DagBag from /home/airflow/.local/lib/python3.8/site-packages/airflow/example_dags/example_branch_python_dop_operator_3.py
[2026-07-07T09:43:49.808+0000] {processor.py:840} INFO - DAG(s) 'example_branch_dop_operator_v3' retrieved from /home/airflow/.local/lib/python3.8/site-packages/airflow/example_dags/example_branch_python_dop_operator_3.py
[2026-07-07T09:43:49.875+0000] {logging_mixin.py:188} INFO - [2026-07-07T09:43:49.874+0000] {dag.py:3036} INFO - Sync 1 DAGs
[2026-07-07T09:43:49.938+0000] {logging_mixin.py:188} INFO - [2026-07-07T09:43:49.937+0000] {dag.py:3823} INFO - Setting next_dagrun for example_branch_dop_operator_v3 to 2026-07-07 09:42:00+00:00, run_after=2026-07-07 09:43:00+00:00
[2026-07-07T09:43:49.993+0000] {processor.py:183} INFO - Processing /home/airflow/.local/lib/python3.8/site-packages/airflow/example_dags/example_branch_python_dop_operator_3.py took 0.236 seconds
[2026-07-07T09:44:20.401+0000] {processor.py:161} INFO - Started process (PID=7095) to work on /home/airflow/.local/lib/python3.8/site-packages/airflow/example_dags/example_branch_python_dop_operator_3.py
[2026-07-07T09:44:20.405+0000] {processor.py:830} INFO - Processing file /home/airflow/.local/lib/python3.8/site-packages/airflow/example_dags/example_branch_python_dop_operator_3.py for tasks to queue
[2026-07-07T09:44:20.408+0000] {logging_mixin.py:188} INFO - [2026-07-07T09:44:20.407+0000] {dagbag.py:538} INFO - Filling up the DagBag from /home/airflow/.local/lib/python3.8/site-packages/airflow/example_dags/example_branch_python_dop_operator_3.py
[2026-07-07T09:44:20.455+0000] {processor.py:840} INFO - DAG(s) 'example_branch_dop_operator_v3' retrieved from /home/airflow/.local/lib/python3.8/site-packages/airflow/example_dags/example_branch_python_dop_operator_3.py
[2026-07-07T09:44:20.528+0000] {logging_mixin.py:188} INFO - [2026-07-07T09:44:20.527+0000] {dag.py:3036} INFO - Sync 1 DAGs
[2026-07-07T09:44:20.611+0000] {logging_mixin.py:188} INFO - [2026-07-07T09:44:20.610+0000] {dag.py:3823} INFO - Setting next_dagrun for example_branch_dop_operator_v3 to 2026-07-07 09:43:00+00:00, run_after=2026-07-07 09:44:00+00:00
[2026-07-07T09:44:20.658+0000] {processor.py:183} INFO - Processing /home/airflow/.local/lib/python3.8/site-packages/airflow/example_dags/example_branch_python_dop_operator_3.py took 0.272 seconds
[2026-07-07T09:44:51.480+0000] {processor.py:161} INFO - Started process (PID=7159) to work on /home/airflow/.local/lib/python3.8/site-packages/airflow/example_dags/example_branch_python_dop_operator_3.py
[2026-07-07T09:44:51.486+0000] {processor.py:830} INFO - Processing file /home/airflow/.local/lib/python3.8/site-packages/airflow/example_dags/example_branch_python_dop_operator_3.py for tasks to queue
[2026-07-07T09:44:51.491+0000] {logging_mixin.py:188} INFO - [2026-07-07T09:44:51.491+0000] {dagbag.py:538} INFO - Filling up the DagBag from /home/airflow/.local/lib/python3.8/site-packages/airflow/example_dags/example_branch_python_dop_operator_3.py
[2026-07-07T09:44:51.531+0000] {processor.py:840} INFO - DAG(s) 'example_branch_dop_operator_v3' retrieved from /home/airflow/.local/lib/python3.8/site-packages/airflow/example_dags/example_branch_python_dop_operator_3.py
[2026-07-07T09:44:51.621+0000] {logging_mixin.py:188} INFO - [2026-07-07T09:44:51.620+0000] {dag.py:3036} INFO - Sync 1 DAGs
[2026-07-07T09:44:51.781+0000] {logging_mixin.py:188} INFO - [2026-07-07T09:44:51.780+0000] {dag.py:3823} INFO - Setting next_dagrun for example_branch_dop_operator_v3 to 2026-07-07 09:43:00+00:00, run_after=2026-07-07 09:44:00+00:00
[2026-07-07T09:44:51.937+0000] {processor.py:183} INFO - Processing /home/airflow/.local/lib/python3.8/site-packages/airflow/example_dags/example_branch_python_dop_operator_3.py took 0.468 seconds
[2026-07-07T09:45:22.611+0000] {processor.py:161} INFO - Started process (PID=7219) to work on /home/airflow/.local/lib/python3.8/site-packages/airflow/example_dags/example_branch_python_dop_operator_3.py
[2026-07-07T09:45:22.616+0000] {processor.py:830} INFO - Processing file /home/airflow/.local/lib/python3.8/site-packages/airflow/example_dags/example_branch_python_dop_operator_3.py for tasks to queue
[2026-07-07T09:45:22.619+0000] {logging_mixin.py:188} INFO - [2026-07-07T09:45:22.618+0000] {dagbag.py:538} INFO - Filling up the DagBag from /home/airflow/.local/lib/python3.8/site-packages/airflow/example_dags/example_branch_python_dop_operator_3.py
[2026-07-07T09:45:22.657+0000] {processor.py:840} INFO - DAG(s) 'example_branch_dop_operator_v3' retrieved from /home/airflow/.local/lib/python3.8/site-packages/airflow/example_dags/example_branch_python_dop_operator_3.py
[2026-07-07T09:45:22.738+0000] {logging_mixin.py:188} INFO - [2026-07-07T09:45:22.738+0000] {dag.py:3036} INFO - Sync 1 DAGs
[2026-07-07T09:45:22.839+0000] {logging_mixin.py:188} INFO - [2026-07-07T09:45:22.838+0000] {dag.py:3823} INFO - Setting next_dagrun for example_branch_dop_operator_v3 to 2026-07-07 09:44:00+00:00, run_after=2026-07-07 09:45:00+00:00
[2026-07-07T09:45:22.891+0000] {processor.py:183} INFO - Processing /home/airflow/.local/lib/python3.8/site-packages/airflow/example_dags/example_branch_python_dop_operator_3.py took 0.287 seconds
[2026-07-07T09:45:53.628+0000] {processor.py:161} INFO - Started process (PID=7285) to work on /home/airflow/.local/lib/python3.8/site-packages/airflow/example_dags/example_branch_python_dop_operator_3.py
[2026-07-07T09:45:53.633+0000] {processor.py:830} INFO - Processing file /home/airflow/.local/lib/python3.8/site-packages/airflow/example_dags/example_branch_python_dop_operator_3.py for tasks to queue
[2026-07-07T09:45:53.635+0000] {logging_mixin.py:188} INFO - [2026-07-07T09:45:53.634+0000] {dagbag.py:538} INFO - Filling up the DagBag from /home/airflow/.local/lib/python3.8/site-packages/airflow/example_dags/example_branch_python_dop_operator_3.py
[2026-07-07T09:45:53.661+0000] {processor.py:840} INFO - DAG(s) 'example_branch_dop_operator_v3' retrieved from /home/airflow/.local/lib/python3.8/site-packages/airflow/example_dags/example_branch_python_dop_operator_3.py
[2026-07-07T09:45:53.711+0000] {logging_mixin.py:188} INFO - [2026-07-07T09:45:53.711+0000] {dag.py:3036} INFO - Sync 1 DAGs
[2026-07-07T09:45:53.779+0000] {logging_mixin.py:188} INFO - [2026-07-07T09:45:53.778+0000] {dag.py:3823} INFO - Setting next_dagrun for example_branch_dop_operator_v3 to 2026-07-07 09:44:00+00:00, run_after=2026-07-07 09:45:00+00:00
[2026-07-07T09:45:53.822+0000] {processor.py:183} INFO - Processing /home/airflow/.local/lib/python3.8/site-packages/airflow/example_dags/example_branch_python_dop_operator_3.py took 0.204 seconds
[2026-07-07T09:46:24.624+0000] {processor.py:161} INFO - Started process (PID=7352) to work on /home/airflow/.local/lib/python3.8/site-packages/airflow/example_dags/example_branch_python_dop_operator_3.py
[2026-07-07T09:46:24.631+0000] {processor.py:830} INFO - Processing file /home/airflow/.local/lib/python3.8/site-packages/airflow/example_dags/example_branch_python_dop_operator_3.py for tasks to queue
[2026-07-07T09:46:24.634+0000] {logging_mixin.py:188} INFO - [2026-07-07T09:46:24.633+0000] {dagbag.py:538} INFO - Filling up the DagBag from /home/airflow/.local/lib/python3.8/site-packages/airflow/example_dags/example_branch_python_dop_operator_3.py
[2026-07-07T09:46:24.659+0000] {processor.py:840} INFO - DAG(s) 'example_branch_dop_operator_v3' retrieved from /home/airflow/.local/lib/python3.8/site-packages/airflow/example_dags/example_branch_python_dop_operator_3.py
[2026-07-07T09:46:24.734+0000] {logging_mixin.py:188} INFO - [2026-07-07T09:46:24.733+0000] {dag.py:3036} INFO - Sync 1 DAGs
[2026-07-07T09:46:24.831+0000] {logging_mixin.py:188} INFO - [2026-07-07T09:46:24.831+0000] {dag.py:3823} INFO - Setting next_dagrun for example_branch_dop_operator_v3 to 2026-07-07 09:45:00+00:00, run_after=2026-07-07 09:46:00+00:00
[2026-07-07T09:46:24.955+0000] {processor.py:183} INFO - Processing /home/airflow/.local/lib/python3.8/site-packages/airflow/example_dags/example_branch_python_dop_operator_3.py took 0.358 seconds
[2026-07-07T09:46:55.135+0000] {processor.py:161} INFO - Started process (PID=7410) to work on /home/airflow/.local/lib/python3.8/site-packages/airflow/example_dags/example_branch_python_dop_operator_3.py
[2026-07-07T09:46:55.142+0000] {processor.py:830} INFO - Processing file /home/airflow/.local/lib/python3.8/site-packages/airflow/example_dags/example_branch_python_dop_operator_3.py for tasks to queue
[2026-07-07T09:46:55.145+0000] {logging_mixin.py:188} INFO - [2026-07-07T09:46:55.144+0000] {dagbag.py:538} INFO - Filling up the DagBag from /home/airflow/.local/lib/python3.8/site-packages/airflow/example_dags/example_branch_python_dop_operator_3.py
[2026-07-07T09:46:55.193+0000] {processor.py:840} INFO - DAG(s) 'example_branch_dop_operator_v3' retrieved from /home/airflow/.local/lib/python3.8/site-packages/airflow/example_dags/example_branch_python_dop_operator_3.py
[2026-07-07T09:46:55.260+0000] {logging_mixin.py:188} INFO - [2026-07-07T09:46:55.259+0000] {dag.py:3036} INFO - Sync 1 DAGs
[2026-07-07T09:46:55.330+0000] {logging_mixin.py:188} INFO - [2026-07-07T09:46:55.329+0000] {dag.py:3823} INFO - Setting next_dagrun for example_branch_dop_operator_v3 to 2026-07-07 09:45:00+00:00, run_after=2026-07-07 09:46:00+00:00
[2026-07-07T09:46:55.379+0000] {processor.py:183} INFO - Processing /home/airflow/.local/lib/python3.8/site-packages/airflow/example_dags/example_branch_python_dop_operator_3.py took 0.251 seconds
