[2026-07-07T09:08:49.777+0000] {processor.py:161} INFO - Started process (PID=4169) to work on /home/airflow/.local/lib/python3.8/site-packages/airflow/example_dags/example_dag_decorator.py
[2026-07-07T09:08:49.780+0000] {processor.py:830} INFO - Processing file /home/airflow/.local/lib/python3.8/site-packages/airflow/example_dags/example_dag_decorator.py for tasks to queue
[2026-07-07T09:08:49.799+0000] {logging_mixin.py:188} INFO - [2026-07-07T09:08:49.798+0000] {dagbag.py:538} INFO - Filling up the DagBag from /home/airflow/.local/lib/python3.8/site-packages/airflow/example_dags/example_dag_decorator.py
[2026-07-07T09:08:55.102+0000] {processor.py:840} INFO - DAG(s) 'example_dag_decorator' retrieved from /home/airflow/.local/lib/python3.8/site-packages/airflow/example_dags/example_dag_decorator.py
[2026-07-07T09:09:01.832+0000] {logging_mixin.py:188} INFO - [2026-07-07T09:09:01.831+0000] {dag.py:3036} INFO - Sync 1 DAGs
[2026-07-07T09:09:01.905+0000] {logging_mixin.py:188} INFO - [2026-07-07T09:09:01.896+0000] {dag.py:3823} INFO - Setting next_dagrun for example_dag_decorator to None, run_after=None
[2026-07-07T09:09:02.138+0000] {processor.py:183} INFO - Processing /home/airflow/.local/lib/python3.8/site-packages/airflow/example_dags/example_dag_decorator.py took 12.455 seconds
[2026-07-07T09:09:32.813+0000] {processor.py:161} INFO - Started process (PID=4240) to work on /home/airflow/.local/lib/python3.8/site-packages/airflow/example_dags/example_dag_decorator.py
[2026-07-07T09:09:32.820+0000] {processor.py:830} INFO - Processing file /home/airflow/.local/lib/python3.8/site-packages/airflow/example_dags/example_dag_decorator.py for tasks to queue
[2026-07-07T09:09:32.824+0000] {logging_mixin.py:188} INFO - [2026-07-07T09:09:32.822+0000] {dagbag.py:538} INFO - Filling up the DagBag from /home/airflow/.local/lib/python3.8/site-packages/airflow/example_dags/example_dag_decorator.py
[2026-07-07T09:09:33.289+0000] {processor.py:840} INFO - DAG(s) 'example_dag_decorator' retrieved from /home/airflow/.local/lib/python3.8/site-packages/airflow/example_dags/example_dag_decorator.py
[2026-07-07T09:09:33.729+0000] {logging_mixin.py:188} INFO - [2026-07-07T09:09:33.729+0000] {dag.py:3036} INFO - Sync 1 DAGs
[2026-07-07T09:09:33.762+0000] {logging_mixin.py:188} INFO - [2026-07-07T09:09:33.761+0000] {dag.py:3823} INFO - Setting next_dagrun for example_dag_decorator to None, run_after=None
[2026-07-07T09:09:33.853+0000] {processor.py:183} INFO - Processing /home/airflow/.local/lib/python3.8/site-packages/airflow/example_dags/example_dag_decorator.py took 1.054 seconds
[2026-07-07T09:10:04.082+0000] {processor.py:161} INFO - Started process (PID=4308) to work on /home/airflow/.local/lib/python3.8/site-packages/airflow/example_dags/example_dag_decorator.py
[2026-07-07T09:10:04.085+0000] {processor.py:830} INFO - Processing file /home/airflow/.local/lib/python3.8/site-packages/airflow/example_dags/example_dag_decorator.py for tasks to queue
[2026-07-07T09:10:04.087+0000] {logging_mixin.py:188} INFO - [2026-07-07T09:10:04.086+0000] {dagbag.py:538} INFO - Filling up the DagBag from /home/airflow/.local/lib/python3.8/site-packages/airflow/example_dags/example_dag_decorator.py
[2026-07-07T09:10:04.603+0000] {processor.py:840} INFO - DAG(s) 'example_dag_decorator' retrieved from /home/airflow/.local/lib/python3.8/site-packages/airflow/example_dags/example_dag_decorator.py
[2026-07-07T09:10:04.944+0000] {logging_mixin.py:188} INFO - [2026-07-07T09:10:04.941+0000] {dag.py:3036} INFO - Sync 1 DAGs
[2026-07-07T09:10:04.974+0000] {logging_mixin.py:188} INFO - [2026-07-07T09:10:04.974+0000] {dag.py:3823} INFO - Setting next_dagrun for example_dag_decorator to None, run_after=None
[2026-07-07T09:10:05.023+0000] {processor.py:183} INFO - Processing /home/airflow/.local/lib/python3.8/site-packages/airflow/example_dags/example_dag_decorator.py took 0.972 seconds
[2026-07-07T09:10:36.975+0000] {processor.py:161} INFO - Started process (PID=4367) to work on /home/airflow/.local/lib/python3.8/site-packages/airflow/example_dags/example_dag_decorator.py
[2026-07-07T09:10:37.001+0000] {processor.py:830} INFO - Processing file /home/airflow/.local/lib/python3.8/site-packages/airflow/example_dags/example_dag_decorator.py for tasks to queue
[2026-07-07T09:10:37.003+0000] {logging_mixin.py:188} INFO - [2026-07-07T09:10:37.002+0000] {dagbag.py:538} INFO - Filling up the DagBag from /home/airflow/.local/lib/python3.8/site-packages/airflow/example_dags/example_dag_decorator.py
[2026-07-07T09:10:38.873+0000] {processor.py:840} INFO - DAG(s) 'example_dag_decorator' retrieved from /home/airflow/.local/lib/python3.8/site-packages/airflow/example_dags/example_dag_decorator.py
[2026-07-07T09:10:42.160+0000] {logging_mixin.py:188} INFO - [2026-07-07T09:10:42.114+0000] {dag.py:3036} INFO - Sync 1 DAGs
[2026-07-07T09:10:42.449+0000] {logging_mixin.py:188} INFO - [2026-07-07T09:10:42.448+0000] {dag.py:3823} INFO - Setting next_dagrun for example_dag_decorator to None, run_after=None
[2026-07-07T09:10:43.115+0000] {processor.py:183} INFO - Processing /home/airflow/.local/lib/python3.8/site-packages/airflow/example_dags/example_dag_decorator.py took 6.289 seconds
[2026-07-07T09:19:06.275+0000] {processor.py:161} INFO - Started process (PID=4606) to work on /home/airflow/.local/lib/python3.8/site-packages/airflow/example_dags/example_dag_decorator.py
[2026-07-07T09:19:06.370+0000] {processor.py:830} INFO - Processing file /home/airflow/.local/lib/python3.8/site-packages/airflow/example_dags/example_dag_decorator.py for tasks to queue
[2026-07-07T09:19:06.402+0000] {logging_mixin.py:188} INFO - [2026-07-07T09:19:06.402+0000] {dagbag.py:538} INFO - Filling up the DagBag from /home/airflow/.local/lib/python3.8/site-packages/airflow/example_dags/example_dag_decorator.py
[2026-07-07T09:19:31.594+0000] {processor.py:840} INFO - DAG(s) 'example_dag_decorator' retrieved from /home/airflow/.local/lib/python3.8/site-packages/airflow/example_dags/example_dag_decorator.py
[2026-07-07T09:19:49.907+0000] {logging_mixin.py:188} INFO - [2026-07-07T09:19:49.830+0000] {dag.py:3036} INFO - Sync 1 DAGs
[2026-07-07T09:19:50.453+0000] {logging_mixin.py:188} INFO - [2026-07-07T09:19:50.453+0000] {dag.py:3823} INFO - Setting next_dagrun for example_dag_decorator to None, run_after=None
[2026-07-07T09:19:51.955+0000] {processor.py:183} INFO - Processing /home/airflow/.local/lib/python3.8/site-packages/airflow/example_dags/example_dag_decorator.py took 46.086 seconds
[2026-07-07T09:22:30.766+0000] {processor.py:161} INFO - Started process (PID=4724) to work on /home/airflow/.local/lib/python3.8/site-packages/airflow/example_dags/example_dag_decorator.py
[2026-07-07T09:22:30.795+0000] {processor.py:830} INFO - Processing file /home/airflow/.local/lib/python3.8/site-packages/airflow/example_dags/example_dag_decorator.py for tasks to queue
[2026-07-07T09:22:30.811+0000] {logging_mixin.py:188} INFO - [2026-07-07T09:22:30.797+0000] {dagbag.py:538} INFO - Filling up the DagBag from /home/airflow/.local/lib/python3.8/site-packages/airflow/example_dags/example_dag_decorator.py
[2026-07-07T09:22:54.297+0000] {processor.py:840} INFO - DAG(s) 'example_dag_decorator' retrieved from /home/airflow/.local/lib/python3.8/site-packages/airflow/example_dags/example_dag_decorator.py
[2026-07-07T09:25:06.866+0000] {processor.py:161} INFO - Started process (PID=4817) to work on /home/airflow/.local/lib/python3.8/site-packages/airflow/example_dags/example_dag_decorator.py
[2026-07-07T09:25:06.879+0000] {processor.py:830} INFO - Processing file /home/airflow/.local/lib/python3.8/site-packages/airflow/example_dags/example_dag_decorator.py for tasks to queue
[2026-07-07T09:25:06.881+0000] {logging_mixin.py:188} INFO - [2026-07-07T09:25:06.880+0000] {dagbag.py:538} INFO - Filling up the DagBag from /home/airflow/.local/lib/python3.8/site-packages/airflow/example_dags/example_dag_decorator.py
[2026-07-07T09:25:13.672+0000] {processor.py:840} INFO - DAG(s) 'example_dag_decorator' retrieved from /home/airflow/.local/lib/python3.8/site-packages/airflow/example_dags/example_dag_decorator.py
[2026-07-07T09:25:19.329+0000] {logging_mixin.py:188} INFO - [2026-07-07T09:25:19.329+0000] {dag.py:3036} INFO - Sync 1 DAGs
[2026-07-07T09:25:19.741+0000] {logging_mixin.py:188} INFO - [2026-07-07T09:25:19.741+0000] {dag.py:3823} INFO - Setting next_dagrun for example_dag_decorator to None, run_after=None
[2026-07-07T09:25:20.237+0000] {processor.py:183} INFO - Processing /home/airflow/.local/lib/python3.8/site-packages/airflow/example_dags/example_dag_decorator.py took 13.496 seconds
[2026-07-07T09:26:30.148+0000] {processor.py:161} INFO - Started process (PID=4903) to work on /home/airflow/.local/lib/python3.8/site-packages/airflow/example_dags/example_dag_decorator.py
[2026-07-07T09:26:30.154+0000] {processor.py:830} INFO - Processing file /home/airflow/.local/lib/python3.8/site-packages/airflow/example_dags/example_dag_decorator.py for tasks to queue
[2026-07-07T09:26:30.159+0000] {logging_mixin.py:188} INFO - [2026-07-07T09:26:30.158+0000] {dagbag.py:538} INFO - Filling up the DagBag from /home/airflow/.local/lib/python3.8/site-packages/airflow/example_dags/example_dag_decorator.py
[2026-07-07T09:26:31.646+0000] {processor.py:840} INFO - DAG(s) 'example_dag_decorator' retrieved from /home/airflow/.local/lib/python3.8/site-packages/airflow/example_dags/example_dag_decorator.py
[2026-07-07T09:26:32.547+0000] {logging_mixin.py:188} INFO - [2026-07-07T09:26:32.546+0000] {dag.py:3036} INFO - Sync 1 DAGs
[2026-07-07T09:26:32.581+0000] {logging_mixin.py:188} INFO - [2026-07-07T09:26:32.581+0000] {dag.py:3823} INFO - Setting next_dagrun for example_dag_decorator to None, run_after=None
[2026-07-07T09:26:32.687+0000] {processor.py:183} INFO - Processing /home/airflow/.local/lib/python3.8/site-packages/airflow/example_dags/example_dag_decorator.py took 2.572 seconds
[2026-07-07T09:27:03.510+0000] {processor.py:161} INFO - Started process (PID=4972) to work on /home/airflow/.local/lib/python3.8/site-packages/airflow/example_dags/example_dag_decorator.py
[2026-07-07T09:27:03.519+0000] {processor.py:830} INFO - Processing file /home/airflow/.local/lib/python3.8/site-packages/airflow/example_dags/example_dag_decorator.py for tasks to queue
[2026-07-07T09:27:03.535+0000] {logging_mixin.py:188} INFO - [2026-07-07T09:27:03.534+0000] {dagbag.py:538} INFO - Filling up the DagBag from /home/airflow/.local/lib/python3.8/site-packages/airflow/example_dags/example_dag_decorator.py
[2026-07-07T09:27:04.609+0000] {processor.py:840} INFO - DAG(s) 'example_dag_decorator' retrieved from /home/airflow/.local/lib/python3.8/site-packages/airflow/example_dags/example_dag_decorator.py
[2026-07-07T09:27:06.020+0000] {logging_mixin.py:188} INFO - [2026-07-07T09:27:06.010+0000] {dag.py:3036} INFO - Sync 1 DAGs
[2026-07-07T09:27:06.085+0000] {logging_mixin.py:188} INFO - [2026-07-07T09:27:06.085+0000] {dag.py:3823} INFO - Setting next_dagrun for example_dag_decorator to None, run_after=None
[2026-07-07T09:27:06.495+0000] {processor.py:183} INFO - Processing /home/airflow/.local/lib/python3.8/site-packages/airflow/example_dags/example_dag_decorator.py took 3.074 seconds
[2026-07-07T09:27:37.528+0000] {processor.py:161} INFO - Started process (PID=5033) to work on /home/airflow/.local/lib/python3.8/site-packages/airflow/example_dags/example_dag_decorator.py
[2026-07-07T09:27:37.551+0000] {processor.py:830} INFO - Processing file /home/airflow/.local/lib/python3.8/site-packages/airflow/example_dags/example_dag_decorator.py for tasks to queue
[2026-07-07T09:27:37.555+0000] {logging_mixin.py:188} INFO - [2026-07-07T09:27:37.554+0000] {dagbag.py:538} INFO - Filling up the DagBag from /home/airflow/.local/lib/python3.8/site-packages/airflow/example_dags/example_dag_decorator.py
[2026-07-07T09:27:38.027+0000] {processor.py:840} INFO - DAG(s) 'example_dag_decorator' retrieved from /home/airflow/.local/lib/python3.8/site-packages/airflow/example_dags/example_dag_decorator.py
[2026-07-07T09:27:38.139+0000] {logging_mixin.py:188} INFO - [2026-07-07T09:27:38.138+0000] {dag.py:3036} INFO - Sync 1 DAGs
[2026-07-07T09:27:38.196+0000] {logging_mixin.py:188} INFO - [2026-07-07T09:27:38.195+0000] {dag.py:3823} INFO - Setting next_dagrun for example_dag_decorator to None, run_after=None
[2026-07-07T09:27:38.250+0000] {processor.py:183} INFO - Processing /home/airflow/.local/lib/python3.8/site-packages/airflow/example_dags/example_dag_decorator.py took 0.751 seconds
[2026-07-07T09:28:08.637+0000] {processor.py:161} INFO - Started process (PID=5100) to work on /home/airflow/.local/lib/python3.8/site-packages/airflow/example_dags/example_dag_decorator.py
[2026-07-07T09:28:08.684+0000] {processor.py:830} INFO - Processing file /home/airflow/.local/lib/python3.8/site-packages/airflow/example_dags/example_dag_decorator.py for tasks to queue
[2026-07-07T09:28:08.687+0000] {logging_mixin.py:188} INFO - [2026-07-07T09:28:08.686+0000] {dagbag.py:538} INFO - Filling up the DagBag from /home/airflow/.local/lib/python3.8/site-packages/airflow/example_dags/example_dag_decorator.py
[2026-07-07T09:28:10.034+0000] {processor.py:840} INFO - DAG(s) 'example_dag_decorator' retrieved from /home/airflow/.local/lib/python3.8/site-packages/airflow/example_dags/example_dag_decorator.py
[2026-07-07T09:28:11.864+0000] {logging_mixin.py:188} INFO - [2026-07-07T09:28:11.863+0000] {dag.py:3036} INFO - Sync 1 DAGs
[2026-07-07T09:28:12.001+0000] {logging_mixin.py:188} INFO - [2026-07-07T09:28:12.000+0000] {dag.py:3823} INFO - Setting next_dagrun for example_dag_decorator to None, run_after=None
[2026-07-07T09:28:13.312+0000] {processor.py:183} INFO - Processing /home/airflow/.local/lib/python3.8/site-packages/airflow/example_dags/example_dag_decorator.py took 4.743 seconds
[2026-07-07T09:28:45.590+0000] {processor.py:161} INFO - Started process (PID=5164) to work on /home/airflow/.local/lib/python3.8/site-packages/airflow/example_dags/example_dag_decorator.py
[2026-07-07T09:28:45.612+0000] {processor.py:830} INFO - Processing file /home/airflow/.local/lib/python3.8/site-packages/airflow/example_dags/example_dag_decorator.py for tasks to queue
[2026-07-07T09:28:45.615+0000] {logging_mixin.py:188} INFO - [2026-07-07T09:28:45.614+0000] {dagbag.py:538} INFO - Filling up the DagBag from /home/airflow/.local/lib/python3.8/site-packages/airflow/example_dags/example_dag_decorator.py
[2026-07-07T09:28:46.275+0000] {processor.py:840} INFO - DAG(s) 'example_dag_decorator' retrieved from /home/airflow/.local/lib/python3.8/site-packages/airflow/example_dags/example_dag_decorator.py
[2026-07-07T09:28:47.085+0000] {logging_mixin.py:188} INFO - [2026-07-07T09:28:47.082+0000] {dag.py:3036} INFO - Sync 1 DAGs
[2026-07-07T09:28:47.145+0000] {logging_mixin.py:188} INFO - [2026-07-07T09:28:47.145+0000] {dag.py:3823} INFO - Setting next_dagrun for example_dag_decorator to None, run_after=None
[2026-07-07T09:28:47.254+0000] {processor.py:183} INFO - Processing /home/airflow/.local/lib/python3.8/site-packages/airflow/example_dags/example_dag_decorator.py took 1.684 seconds
[2026-07-07T09:29:17.991+0000] {processor.py:161} INFO - Started process (PID=5224) to work on /home/airflow/.local/lib/python3.8/site-packages/airflow/example_dags/example_dag_decorator.py
[2026-07-07T09:29:17.994+0000] {processor.py:830} INFO - Processing file /home/airflow/.local/lib/python3.8/site-packages/airflow/example_dags/example_dag_decorator.py for tasks to queue
[2026-07-07T09:29:17.996+0000] {logging_mixin.py:188} INFO - [2026-07-07T09:29:17.996+0000] {dagbag.py:538} INFO - Filling up the DagBag from /home/airflow/.local/lib/python3.8/site-packages/airflow/example_dags/example_dag_decorator.py
[2026-07-07T09:29:18.364+0000] {processor.py:840} INFO - DAG(s) 'example_dag_decorator' retrieved from /home/airflow/.local/lib/python3.8/site-packages/airflow/example_dags/example_dag_decorator.py
[2026-07-07T09:29:18.456+0000] {logging_mixin.py:188} INFO - [2026-07-07T09:29:18.456+0000] {dag.py:3036} INFO - Sync 1 DAGs
[2026-07-07T09:29:18.520+0000] {logging_mixin.py:188} INFO - [2026-07-07T09:29:18.520+0000] {dag.py:3823} INFO - Setting next_dagrun for example_dag_decorator to None, run_after=None
[2026-07-07T09:29:18.633+0000] {processor.py:183} INFO - Processing /home/airflow/.local/lib/python3.8/site-packages/airflow/example_dags/example_dag_decorator.py took 0.667 seconds
[2026-07-07T09:29:48.807+0000] {processor.py:161} INFO - Started process (PID=5291) to work on /home/airflow/.local/lib/python3.8/site-packages/airflow/example_dags/example_dag_decorator.py
[2026-07-07T09:29:48.812+0000] {processor.py:830} INFO - Processing file /home/airflow/.local/lib/python3.8/site-packages/airflow/example_dags/example_dag_decorator.py for tasks to queue
[2026-07-07T09:29:48.815+0000] {logging_mixin.py:188} INFO - [2026-07-07T09:29:48.814+0000] {dagbag.py:538} INFO - Filling up the DagBag from /home/airflow/.local/lib/python3.8/site-packages/airflow/example_dags/example_dag_decorator.py
[2026-07-07T09:29:49.139+0000] {processor.py:840} INFO - DAG(s) 'example_dag_decorator' retrieved from /home/airflow/.local/lib/python3.8/site-packages/airflow/example_dags/example_dag_decorator.py
[2026-07-07T09:29:49.595+0000] {logging_mixin.py:188} INFO - [2026-07-07T09:29:49.594+0000] {dag.py:3036} INFO - Sync 1 DAGs
[2026-07-07T09:29:49.628+0000] {logging_mixin.py:188} INFO - [2026-07-07T09:29:49.627+0000] {dag.py:3823} INFO - Setting next_dagrun for example_dag_decorator to None, run_after=None
[2026-07-07T09:29:49.740+0000] {processor.py:183} INFO - Processing /home/airflow/.local/lib/python3.8/site-packages/airflow/example_dags/example_dag_decorator.py took 0.945 seconds
[2026-07-07T09:30:20.193+0000] {processor.py:161} INFO - Started process (PID=5349) to work on /home/airflow/.local/lib/python3.8/site-packages/airflow/example_dags/example_dag_decorator.py
[2026-07-07T09:30:20.197+0000] {processor.py:830} INFO - Processing file /home/airflow/.local/lib/python3.8/site-packages/airflow/example_dags/example_dag_decorator.py for tasks to queue
[2026-07-07T09:30:20.201+0000] {logging_mixin.py:188} INFO - [2026-07-07T09:30:20.200+0000] {dagbag.py:538} INFO - Filling up the DagBag from /home/airflow/.local/lib/python3.8/site-packages/airflow/example_dags/example_dag_decorator.py
[2026-07-07T09:30:20.516+0000] {processor.py:840} INFO - DAG(s) 'example_dag_decorator' retrieved from /home/airflow/.local/lib/python3.8/site-packages/airflow/example_dags/example_dag_decorator.py
[2026-07-07T09:30:20.825+0000] {logging_mixin.py:188} INFO - [2026-07-07T09:30:20.824+0000] {dag.py:3036} INFO - Sync 1 DAGs
[2026-07-07T09:30:20.859+0000] {logging_mixin.py:188} INFO - [2026-07-07T09:30:20.859+0000] {dag.py:3823} INFO - Setting next_dagrun for example_dag_decorator to None, run_after=None
[2026-07-07T09:30:20.921+0000] {processor.py:183} INFO - Processing /home/airflow/.local/lib/python3.8/site-packages/airflow/example_dags/example_dag_decorator.py took 0.741 seconds
[2026-07-07T09:30:58.435+0000] {processor.py:161} INFO - Started process (PID=5418) to work on /home/airflow/.local/lib/python3.8/site-packages/airflow/example_dags/example_dag_decorator.py
[2026-07-07T09:30:58.473+0000] {processor.py:830} INFO - Processing file /home/airflow/.local/lib/python3.8/site-packages/airflow/example_dags/example_dag_decorator.py for tasks to queue
[2026-07-07T09:30:58.487+0000] {logging_mixin.py:188} INFO - [2026-07-07T09:30:58.487+0000] {dagbag.py:538} INFO - Filling up the DagBag from /home/airflow/.local/lib/python3.8/site-packages/airflow/example_dags/example_dag_decorator.py
[2026-07-07T09:30:59.074+0000] {processor.py:840} INFO - DAG(s) 'example_dag_decorator' retrieved from /home/airflow/.local/lib/python3.8/site-packages/airflow/example_dags/example_dag_decorator.py
[2026-07-07T09:30:59.831+0000] {logging_mixin.py:188} INFO - [2026-07-07T09:30:59.830+0000] {dag.py:3036} INFO - Sync 1 DAGs
[2026-07-07T09:30:59.901+0000] {logging_mixin.py:188} INFO - [2026-07-07T09:30:59.900+0000] {dag.py:3823} INFO - Setting next_dagrun for example_dag_decorator to None, run_after=None
[2026-07-07T09:31:00.012+0000] {processor.py:183} INFO - Processing /home/airflow/.local/lib/python3.8/site-packages/airflow/example_dags/example_dag_decorator.py took 1.742 seconds
[2026-07-07T09:31:30.731+0000] {processor.py:161} INFO - Started process (PID=5484) to work on /home/airflow/.local/lib/python3.8/site-packages/airflow/example_dags/example_dag_decorator.py
[2026-07-07T09:31:30.736+0000] {processor.py:830} INFO - Processing file /home/airflow/.local/lib/python3.8/site-packages/airflow/example_dags/example_dag_decorator.py for tasks to queue
[2026-07-07T09:31:30.739+0000] {logging_mixin.py:188} INFO - [2026-07-07T09:31:30.738+0000] {dagbag.py:538} INFO - Filling up the DagBag from /home/airflow/.local/lib/python3.8/site-packages/airflow/example_dags/example_dag_decorator.py
[2026-07-07T09:31:31.401+0000] {processor.py:840} INFO - DAG(s) 'example_dag_decorator' retrieved from /home/airflow/.local/lib/python3.8/site-packages/airflow/example_dags/example_dag_decorator.py
[2026-07-07T09:31:31.633+0000] {logging_mixin.py:188} INFO - [2026-07-07T09:31:31.632+0000] {dag.py:3036} INFO - Sync 1 DAGs
[2026-07-07T09:31:31.800+0000] {logging_mixin.py:188} INFO - [2026-07-07T09:31:31.793+0000] {dag.py:3823} INFO - Setting next_dagrun for example_dag_decorator to None, run_after=None
[2026-07-07T09:31:32.043+0000] {processor.py:183} INFO - Processing /home/airflow/.local/lib/python3.8/site-packages/airflow/example_dags/example_dag_decorator.py took 1.334 seconds
[2026-07-07T09:32:03.849+0000] {processor.py:161} INFO - Started process (PID=5543) to work on /home/airflow/.local/lib/python3.8/site-packages/airflow/example_dags/example_dag_decorator.py
[2026-07-07T09:32:03.857+0000] {processor.py:830} INFO - Processing file /home/airflow/.local/lib/python3.8/site-packages/airflow/example_dags/example_dag_decorator.py for tasks to queue
[2026-07-07T09:32:03.861+0000] {logging_mixin.py:188} INFO - [2026-07-07T09:32:03.860+0000] {dagbag.py:538} INFO - Filling up the DagBag from /home/airflow/.local/lib/python3.8/site-packages/airflow/example_dags/example_dag_decorator.py
[2026-07-07T09:32:04.364+0000] {processor.py:840} INFO - DAG(s) 'example_dag_decorator' retrieved from /home/airflow/.local/lib/python3.8/site-packages/airflow/example_dags/example_dag_decorator.py
[2026-07-07T09:32:04.895+0000] {logging_mixin.py:188} INFO - [2026-07-07T09:32:04.894+0000] {dag.py:3036} INFO - Sync 1 DAGs
[2026-07-07T09:32:04.949+0000] {logging_mixin.py:188} INFO - [2026-07-07T09:32:04.948+0000] {dag.py:3823} INFO - Setting next_dagrun for example_dag_decorator to None, run_after=None
[2026-07-07T09:32:05.026+0000] {processor.py:183} INFO - Processing /home/airflow/.local/lib/python3.8/site-packages/airflow/example_dags/example_dag_decorator.py took 1.193 seconds
[2026-07-07T09:32:36.858+0000] {processor.py:161} INFO - Started process (PID=5609) to work on /home/airflow/.local/lib/python3.8/site-packages/airflow/example_dags/example_dag_decorator.py
[2026-07-07T09:32:36.865+0000] {processor.py:830} INFO - Processing file /home/airflow/.local/lib/python3.8/site-packages/airflow/example_dags/example_dag_decorator.py for tasks to queue
[2026-07-07T09:32:36.871+0000] {logging_mixin.py:188} INFO - [2026-07-07T09:32:36.867+0000] {dagbag.py:538} INFO - Filling up the DagBag from /home/airflow/.local/lib/python3.8/site-packages/airflow/example_dags/example_dag_decorator.py
[2026-07-07T09:32:37.308+0000] {processor.py:840} INFO - DAG(s) 'example_dag_decorator' retrieved from /home/airflow/.local/lib/python3.8/site-packages/airflow/example_dags/example_dag_decorator.py
[2026-07-07T09:32:37.930+0000] {logging_mixin.py:188} INFO - [2026-07-07T09:32:37.929+0000] {dag.py:3036} INFO - Sync 1 DAGs
[2026-07-07T09:32:38.001+0000] {logging_mixin.py:188} INFO - [2026-07-07T09:32:37.997+0000] {dag.py:3823} INFO - Setting next_dagrun for example_dag_decorator to None, run_after=None
[2026-07-07T09:32:38.110+0000] {processor.py:183} INFO - Processing /home/airflow/.local/lib/python3.8/site-packages/airflow/example_dags/example_dag_decorator.py took 1.270 seconds
[2026-07-07T09:33:08.478+0000] {processor.py:161} INFO - Started process (PID=5674) to work on /home/airflow/.local/lib/python3.8/site-packages/airflow/example_dags/example_dag_decorator.py
[2026-07-07T09:33:08.481+0000] {processor.py:830} INFO - Processing file /home/airflow/.local/lib/python3.8/site-packages/airflow/example_dags/example_dag_decorator.py for tasks to queue
[2026-07-07T09:33:08.483+0000] {logging_mixin.py:188} INFO - [2026-07-07T09:33:08.482+0000] {dagbag.py:538} INFO - Filling up the DagBag from /home/airflow/.local/lib/python3.8/site-packages/airflow/example_dags/example_dag_decorator.py
[2026-07-07T09:33:08.836+0000] {processor.py:840} INFO - DAG(s) 'example_dag_decorator' retrieved from /home/airflow/.local/lib/python3.8/site-packages/airflow/example_dags/example_dag_decorator.py
[2026-07-07T09:33:09.193+0000] {logging_mixin.py:188} INFO - [2026-07-07T09:33:09.192+0000] {dag.py:3036} INFO - Sync 1 DAGs
[2026-07-07T09:33:09.246+0000] {logging_mixin.py:188} INFO - [2026-07-07T09:33:09.246+0000] {dag.py:3823} INFO - Setting next_dagrun for example_dag_decorator to None, run_after=None
[2026-07-07T09:33:09.318+0000] {processor.py:183} INFO - Processing /home/airflow/.local/lib/python3.8/site-packages/airflow/example_dags/example_dag_decorator.py took 0.851 seconds
[2026-07-07T09:33:39.527+0000] {processor.py:161} INFO - Started process (PID=5741) to work on /home/airflow/.local/lib/python3.8/site-packages/airflow/example_dags/example_dag_decorator.py
[2026-07-07T09:33:39.530+0000] {processor.py:830} INFO - Processing file /home/airflow/.local/lib/python3.8/site-packages/airflow/example_dags/example_dag_decorator.py for tasks to queue
[2026-07-07T09:33:39.533+0000] {logging_mixin.py:188} INFO - [2026-07-07T09:33:39.532+0000] {dagbag.py:538} INFO - Filling up the DagBag from /home/airflow/.local/lib/python3.8/site-packages/airflow/example_dags/example_dag_decorator.py
[2026-07-07T09:33:39.868+0000] {processor.py:840} INFO - DAG(s) 'example_dag_decorator' retrieved from /home/airflow/.local/lib/python3.8/site-packages/airflow/example_dags/example_dag_decorator.py
[2026-07-07T09:33:40.284+0000] {logging_mixin.py:188} INFO - [2026-07-07T09:33:40.283+0000] {dag.py:3036} INFO - Sync 1 DAGs
[2026-07-07T09:33:40.332+0000] {logging_mixin.py:188} INFO - [2026-07-07T09:33:40.332+0000] {dag.py:3823} INFO - Setting next_dagrun for example_dag_decorator to None, run_after=None
[2026-07-07T09:33:40.389+0000] {processor.py:183} INFO - Processing /home/airflow/.local/lib/python3.8/site-packages/airflow/example_dags/example_dag_decorator.py took 0.871 seconds
[2026-07-07T09:34:10.720+0000] {processor.py:161} INFO - Started process (PID=5800) to work on /home/airflow/.local/lib/python3.8/site-packages/airflow/example_dags/example_dag_decorator.py
[2026-07-07T09:34:10.726+0000] {processor.py:830} INFO - Processing file /home/airflow/.local/lib/python3.8/site-packages/airflow/example_dags/example_dag_decorator.py for tasks to queue
[2026-07-07T09:34:10.734+0000] {logging_mixin.py:188} INFO - [2026-07-07T09:34:10.732+0000] {dagbag.py:538} INFO - Filling up the DagBag from /home/airflow/.local/lib/python3.8/site-packages/airflow/example_dags/example_dag_decorator.py
[2026-07-07T09:34:11.087+0000] {processor.py:840} INFO - DAG(s) 'example_dag_decorator' retrieved from /home/airflow/.local/lib/python3.8/site-packages/airflow/example_dags/example_dag_decorator.py
[2026-07-07T09:34:11.151+0000] {logging_mixin.py:188} INFO - [2026-07-07T09:34:11.151+0000] {dag.py:3036} INFO - Sync 1 DAGs
[2026-07-07T09:34:11.189+0000] {logging_mixin.py:188} INFO - [2026-07-07T09:34:11.189+0000] {dag.py:3823} INFO - Setting next_dagrun for example_dag_decorator to None, run_after=None
[2026-07-07T09:34:11.229+0000] {processor.py:183} INFO - Processing /home/airflow/.local/lib/python3.8/site-packages/airflow/example_dags/example_dag_decorator.py took 0.536 seconds
[2026-07-07T09:34:41.919+0000] {processor.py:161} INFO - Started process (PID=5866) to work on /home/airflow/.local/lib/python3.8/site-packages/airflow/example_dags/example_dag_decorator.py
[2026-07-07T09:34:41.943+0000] {processor.py:830} INFO - Processing file /home/airflow/.local/lib/python3.8/site-packages/airflow/example_dags/example_dag_decorator.py for tasks to queue
[2026-07-07T09:34:41.955+0000] {logging_mixin.py:188} INFO - [2026-07-07T09:34:41.948+0000] {dagbag.py:538} INFO - Filling up the DagBag from /home/airflow/.local/lib/python3.8/site-packages/airflow/example_dags/example_dag_decorator.py
[2026-07-07T09:34:42.490+0000] {processor.py:840} INFO - DAG(s) 'example_dag_decorator' retrieved from /home/airflow/.local/lib/python3.8/site-packages/airflow/example_dags/example_dag_decorator.py
[2026-07-07T09:34:42.948+0000] {logging_mixin.py:188} INFO - [2026-07-07T09:34:42.947+0000] {dag.py:3036} INFO - Sync 1 DAGs
[2026-07-07T09:34:42.978+0000] {logging_mixin.py:188} INFO - [2026-07-07T09:34:42.977+0000] {dag.py:3823} INFO - Setting next_dagrun for example_dag_decorator to None, run_after=None
[2026-07-07T09:34:44.541+0000] {processor.py:183} INFO - Processing /home/airflow/.local/lib/python3.8/site-packages/airflow/example_dags/example_dag_decorator.py took 2.683 seconds
[2026-07-07T09:35:14.909+0000] {processor.py:161} INFO - Started process (PID=5934) to work on /home/airflow/.local/lib/python3.8/site-packages/airflow/example_dags/example_dag_decorator.py
[2026-07-07T09:35:14.932+0000] {processor.py:830} INFO - Processing file /home/airflow/.local/lib/python3.8/site-packages/airflow/example_dags/example_dag_decorator.py for tasks to queue
[2026-07-07T09:35:14.934+0000] {logging_mixin.py:188} INFO - [2026-07-07T09:35:14.933+0000] {dagbag.py:538} INFO - Filling up the DagBag from /home/airflow/.local/lib/python3.8/site-packages/airflow/example_dags/example_dag_decorator.py
[2026-07-07T09:35:15.394+0000] {processor.py:840} INFO - DAG(s) 'example_dag_decorator' retrieved from /home/airflow/.local/lib/python3.8/site-packages/airflow/example_dags/example_dag_decorator.py
[2026-07-07T09:35:16.244+0000] {logging_mixin.py:188} INFO - [2026-07-07T09:35:16.244+0000] {dag.py:3036} INFO - Sync 1 DAGs
[2026-07-07T09:35:16.315+0000] {logging_mixin.py:188} INFO - [2026-07-07T09:35:16.315+0000] {dag.py:3823} INFO - Setting next_dagrun for example_dag_decorator to None, run_after=None
[2026-07-07T09:35:16.444+0000] {processor.py:183} INFO - Processing /home/airflow/.local/lib/python3.8/site-packages/airflow/example_dags/example_dag_decorator.py took 1.577 seconds
[2026-07-07T09:35:47.127+0000] {processor.py:161} INFO - Started process (PID=5998) to work on /home/airflow/.local/lib/python3.8/site-packages/airflow/example_dags/example_dag_decorator.py
[2026-07-07T09:35:47.136+0000] {processor.py:830} INFO - Processing file /home/airflow/.local/lib/python3.8/site-packages/airflow/example_dags/example_dag_decorator.py for tasks to queue
[2026-07-07T09:35:47.142+0000] {logging_mixin.py:188} INFO - [2026-07-07T09:35:47.138+0000] {dagbag.py:538} INFO - Filling up the DagBag from /home/airflow/.local/lib/python3.8/site-packages/airflow/example_dags/example_dag_decorator.py
[2026-07-07T09:35:47.677+0000] {processor.py:840} INFO - DAG(s) 'example_dag_decorator' retrieved from /home/airflow/.local/lib/python3.8/site-packages/airflow/example_dags/example_dag_decorator.py
[2026-07-07T09:35:48.531+0000] {logging_mixin.py:188} INFO - [2026-07-07T09:35:48.530+0000] {dag.py:3036} INFO - Sync 1 DAGs
[2026-07-07T09:35:48.578+0000] {logging_mixin.py:188} INFO - [2026-07-07T09:35:48.577+0000] {dag.py:3823} INFO - Setting next_dagrun for example_dag_decorator to None, run_after=None
[2026-07-07T09:35:48.656+0000] {processor.py:183} INFO - Processing /home/airflow/.local/lib/python3.8/site-packages/airflow/example_dags/example_dag_decorator.py took 1.559 seconds
[2026-07-07T09:36:19.374+0000] {processor.py:161} INFO - Started process (PID=6068) to work on /home/airflow/.local/lib/python3.8/site-packages/airflow/example_dags/example_dag_decorator.py
[2026-07-07T09:36:19.379+0000] {processor.py:830} INFO - Processing file /home/airflow/.local/lib/python3.8/site-packages/airflow/example_dags/example_dag_decorator.py for tasks to queue
[2026-07-07T09:36:19.381+0000] {logging_mixin.py:188} INFO - [2026-07-07T09:36:19.380+0000] {dagbag.py:538} INFO - Filling up the DagBag from /home/airflow/.local/lib/python3.8/site-packages/airflow/example_dags/example_dag_decorator.py
[2026-07-07T09:36:19.650+0000] {processor.py:840} INFO - DAG(s) 'example_dag_decorator' retrieved from /home/airflow/.local/lib/python3.8/site-packages/airflow/example_dags/example_dag_decorator.py
[2026-07-07T09:36:19.911+0000] {logging_mixin.py:188} INFO - [2026-07-07T09:36:19.909+0000] {dag.py:3036} INFO - Sync 1 DAGs
[2026-07-07T09:36:19.935+0000] {logging_mixin.py:188} INFO - [2026-07-07T09:36:19.935+0000] {dag.py:3823} INFO - Setting next_dagrun for example_dag_decorator to None, run_after=None
[2026-07-07T09:36:19.979+0000] {processor.py:183} INFO - Processing /home/airflow/.local/lib/python3.8/site-packages/airflow/example_dags/example_dag_decorator.py took 0.618 seconds
[2026-07-07T09:36:50.374+0000] {processor.py:161} INFO - Started process (PID=6137) to work on /home/airflow/.local/lib/python3.8/site-packages/airflow/example_dags/example_dag_decorator.py
[2026-07-07T09:36:50.378+0000] {processor.py:830} INFO - Processing file /home/airflow/.local/lib/python3.8/site-packages/airflow/example_dags/example_dag_decorator.py for tasks to queue
[2026-07-07T09:36:50.381+0000] {logging_mixin.py:188} INFO - [2026-07-07T09:36:50.380+0000] {dagbag.py:538} INFO - Filling up the DagBag from /home/airflow/.local/lib/python3.8/site-packages/airflow/example_dags/example_dag_decorator.py
[2026-07-07T09:36:50.706+0000] {processor.py:840} INFO - DAG(s) 'example_dag_decorator' retrieved from /home/airflow/.local/lib/python3.8/site-packages/airflow/example_dags/example_dag_decorator.py
[2026-07-07T09:36:51.050+0000] {logging_mixin.py:188} INFO - [2026-07-07T09:36:51.049+0000] {dag.py:3036} INFO - Sync 1 DAGs
[2026-07-07T09:36:51.105+0000] {logging_mixin.py:188} INFO - [2026-07-07T09:36:51.105+0000] {dag.py:3823} INFO - Setting next_dagrun for example_dag_decorator to None, run_after=None
[2026-07-07T09:36:51.175+0000] {processor.py:183} INFO - Processing /home/airflow/.local/lib/python3.8/site-packages/airflow/example_dags/example_dag_decorator.py took 0.812 seconds
[2026-07-07T09:37:21.738+0000] {processor.py:161} INFO - Started process (PID=6197) to work on /home/airflow/.local/lib/python3.8/site-packages/airflow/example_dags/example_dag_decorator.py
[2026-07-07T09:37:21.774+0000] {processor.py:830} INFO - Processing file /home/airflow/.local/lib/python3.8/site-packages/airflow/example_dags/example_dag_decorator.py for tasks to queue
[2026-07-07T09:37:21.816+0000] {logging_mixin.py:188} INFO - [2026-07-07T09:37:21.815+0000] {dagbag.py:538} INFO - Filling up the DagBag from /home/airflow/.local/lib/python3.8/site-packages/airflow/example_dags/example_dag_decorator.py
[2026-07-07T09:37:22.728+0000] {processor.py:840} INFO - DAG(s) 'example_dag_decorator' retrieved from /home/airflow/.local/lib/python3.8/site-packages/airflow/example_dags/example_dag_decorator.py
[2026-07-07T09:37:23.374+0000] {logging_mixin.py:188} INFO - [2026-07-07T09:37:23.373+0000] {dag.py:3036} INFO - Sync 1 DAGs
[2026-07-07T09:37:23.451+0000] {logging_mixin.py:188} INFO - [2026-07-07T09:37:23.445+0000] {dag.py:3823} INFO - Setting next_dagrun for example_dag_decorator to None, run_after=None
[2026-07-07T09:37:23.533+0000] {processor.py:183} INFO - Processing /home/airflow/.local/lib/python3.8/site-packages/airflow/example_dags/example_dag_decorator.py took 1.821 seconds
[2026-07-07T09:37:54.740+0000] {processor.py:161} INFO - Started process (PID=6263) to work on /home/airflow/.local/lib/python3.8/site-packages/airflow/example_dags/example_dag_decorator.py
[2026-07-07T09:37:54.786+0000] {processor.py:830} INFO - Processing file /home/airflow/.local/lib/python3.8/site-packages/airflow/example_dags/example_dag_decorator.py for tasks to queue
[2026-07-07T09:37:54.789+0000] {logging_mixin.py:188} INFO - [2026-07-07T09:37:54.788+0000] {dagbag.py:538} INFO - Filling up the DagBag from /home/airflow/.local/lib/python3.8/site-packages/airflow/example_dags/example_dag_decorator.py
[2026-07-07T09:37:55.223+0000] {processor.py:840} INFO - DAG(s) 'example_dag_decorator' retrieved from /home/airflow/.local/lib/python3.8/site-packages/airflow/example_dags/example_dag_decorator.py
[2026-07-07T09:37:55.666+0000] {logging_mixin.py:188} INFO - [2026-07-07T09:37:55.665+0000] {dag.py:3036} INFO - Sync 1 DAGs
[2026-07-07T09:37:55.707+0000] {logging_mixin.py:188} INFO - [2026-07-07T09:37:55.706+0000] {dag.py:3823} INFO - Setting next_dagrun for example_dag_decorator to None, run_after=None
[2026-07-07T09:37:55.795+0000] {processor.py:183} INFO - Processing /home/airflow/.local/lib/python3.8/site-packages/airflow/example_dags/example_dag_decorator.py took 1.278 seconds
[2026-07-07T09:38:27.900+0000] {processor.py:161} INFO - Started process (PID=6332) to work on /home/airflow/.local/lib/python3.8/site-packages/airflow/example_dags/example_dag_decorator.py
[2026-07-07T09:38:27.904+0000] {processor.py:830} INFO - Processing file /home/airflow/.local/lib/python3.8/site-packages/airflow/example_dags/example_dag_decorator.py for tasks to queue
[2026-07-07T09:38:27.907+0000] {logging_mixin.py:188} INFO - [2026-07-07T09:38:27.906+0000] {dagbag.py:538} INFO - Filling up the DagBag from /home/airflow/.local/lib/python3.8/site-packages/airflow/example_dags/example_dag_decorator.py
[2026-07-07T09:38:28.175+0000] {processor.py:840} INFO - DAG(s) 'example_dag_decorator' retrieved from /home/airflow/.local/lib/python3.8/site-packages/airflow/example_dags/example_dag_decorator.py
[2026-07-07T09:38:28.521+0000] {logging_mixin.py:188} INFO - [2026-07-07T09:38:28.520+0000] {dag.py:3036} INFO - Sync 1 DAGs
[2026-07-07T09:38:28.546+0000] {logging_mixin.py:188} INFO - [2026-07-07T09:38:28.546+0000] {dag.py:3823} INFO - Setting next_dagrun for example_dag_decorator to None, run_after=None
[2026-07-07T09:38:28.603+0000] {processor.py:183} INFO - Processing /home/airflow/.local/lib/python3.8/site-packages/airflow/example_dags/example_dag_decorator.py took 0.726 seconds
[2026-07-07T09:38:58.802+0000] {processor.py:161} INFO - Started process (PID=6399) to work on /home/airflow/.local/lib/python3.8/site-packages/airflow/example_dags/example_dag_decorator.py
[2026-07-07T09:38:58.805+0000] {processor.py:830} INFO - Processing file /home/airflow/.local/lib/python3.8/site-packages/airflow/example_dags/example_dag_decorator.py for tasks to queue
[2026-07-07T09:38:58.809+0000] {logging_mixin.py:188} INFO - [2026-07-07T09:38:58.807+0000] {dagbag.py:538} INFO - Filling up the DagBag from /home/airflow/.local/lib/python3.8/site-packages/airflow/example_dags/example_dag_decorator.py
[2026-07-07T09:38:59.310+0000] {processor.py:840} INFO - DAG(s) 'example_dag_decorator' retrieved from /home/airflow/.local/lib/python3.8/site-packages/airflow/example_dags/example_dag_decorator.py
[2026-07-07T09:38:59.747+0000] {logging_mixin.py:188} INFO - [2026-07-07T09:38:59.746+0000] {dag.py:3036} INFO - Sync 1 DAGs
[2026-07-07T09:38:59.802+0000] {logging_mixin.py:188} INFO - [2026-07-07T09:38:59.801+0000] {dag.py:3823} INFO - Setting next_dagrun for example_dag_decorator to None, run_after=None
[2026-07-07T09:38:59.896+0000] {processor.py:183} INFO - Processing /home/airflow/.local/lib/python3.8/site-packages/airflow/example_dags/example_dag_decorator.py took 1.103 seconds
[2026-07-07T09:39:30.074+0000] {processor.py:161} INFO - Started process (PID=6459) to work on /home/airflow/.local/lib/python3.8/site-packages/airflow/example_dags/example_dag_decorator.py
[2026-07-07T09:39:30.076+0000] {processor.py:830} INFO - Processing file /home/airflow/.local/lib/python3.8/site-packages/airflow/example_dags/example_dag_decorator.py for tasks to queue
[2026-07-07T09:39:30.078+0000] {logging_mixin.py:188} INFO - [2026-07-07T09:39:30.077+0000] {dagbag.py:538} INFO - Filling up the DagBag from /home/airflow/.local/lib/python3.8/site-packages/airflow/example_dags/example_dag_decorator.py
[2026-07-07T09:39:30.323+0000] {processor.py:840} INFO - DAG(s) 'example_dag_decorator' retrieved from /home/airflow/.local/lib/python3.8/site-packages/airflow/example_dags/example_dag_decorator.py
[2026-07-07T09:39:30.615+0000] {logging_mixin.py:188} INFO - [2026-07-07T09:39:30.615+0000] {dag.py:3036} INFO - Sync 1 DAGs
[2026-07-07T09:39:30.641+0000] {logging_mixin.py:188} INFO - [2026-07-07T09:39:30.640+0000] {dag.py:3823} INFO - Setting next_dagrun for example_dag_decorator to None, run_after=None
[2026-07-07T09:39:30.688+0000] {processor.py:183} INFO - Processing /home/airflow/.local/lib/python3.8/site-packages/airflow/example_dags/example_dag_decorator.py took 0.620 seconds
[2026-07-07T09:40:00.822+0000] {processor.py:161} INFO - Started process (PID=6528) to work on /home/airflow/.local/lib/python3.8/site-packages/airflow/example_dags/example_dag_decorator.py
[2026-07-07T09:40:00.826+0000] {processor.py:830} INFO - Processing file /home/airflow/.local/lib/python3.8/site-packages/airflow/example_dags/example_dag_decorator.py for tasks to queue
[2026-07-07T09:40:00.828+0000] {logging_mixin.py:188} INFO - [2026-07-07T09:40:00.828+0000] {dagbag.py:538} INFO - Filling up the DagBag from /home/airflow/.local/lib/python3.8/site-packages/airflow/example_dags/example_dag_decorator.py
[2026-07-07T09:40:01.129+0000] {processor.py:840} INFO - DAG(s) 'example_dag_decorator' retrieved from /home/airflow/.local/lib/python3.8/site-packages/airflow/example_dags/example_dag_decorator.py
[2026-07-07T09:40:01.523+0000] {logging_mixin.py:188} INFO - [2026-07-07T09:40:01.522+0000] {dag.py:3036} INFO - Sync 1 DAGs
[2026-07-07T09:40:01.562+0000] {logging_mixin.py:188} INFO - [2026-07-07T09:40:01.561+0000] {dag.py:3823} INFO - Setting next_dagrun for example_dag_decorator to None, run_after=None
[2026-07-07T09:40:01.640+0000] {processor.py:183} INFO - Processing /home/airflow/.local/lib/python3.8/site-packages/airflow/example_dags/example_dag_decorator.py took 0.829 seconds
[2026-07-07T09:40:32.074+0000] {processor.py:161} INFO - Started process (PID=6596) to work on /home/airflow/.local/lib/python3.8/site-packages/airflow/example_dags/example_dag_decorator.py
[2026-07-07T09:40:32.077+0000] {processor.py:830} INFO - Processing file /home/airflow/.local/lib/python3.8/site-packages/airflow/example_dags/example_dag_decorator.py for tasks to queue
[2026-07-07T09:40:32.081+0000] {logging_mixin.py:188} INFO - [2026-07-07T09:40:32.079+0000] {dagbag.py:538} INFO - Filling up the DagBag from /home/airflow/.local/lib/python3.8/site-packages/airflow/example_dags/example_dag_decorator.py
[2026-07-07T09:40:32.358+0000] {processor.py:840} INFO - DAG(s) 'example_dag_decorator' retrieved from /home/airflow/.local/lib/python3.8/site-packages/airflow/example_dags/example_dag_decorator.py
[2026-07-07T09:40:32.643+0000] {logging_mixin.py:188} INFO - [2026-07-07T09:40:32.642+0000] {dag.py:3036} INFO - Sync 1 DAGs
[2026-07-07T09:40:32.664+0000] {logging_mixin.py:188} INFO - [2026-07-07T09:40:32.664+0000] {dag.py:3823} INFO - Setting next_dagrun for example_dag_decorator to None, run_after=None
[2026-07-07T09:40:32.704+0000] {processor.py:183} INFO - Processing /home/airflow/.local/lib/python3.8/site-packages/airflow/example_dags/example_dag_decorator.py took 0.658 seconds
[2026-07-07T09:41:03.010+0000] {processor.py:161} INFO - Started process (PID=6663) to work on /home/airflow/.local/lib/python3.8/site-packages/airflow/example_dags/example_dag_decorator.py
[2026-07-07T09:41:03.017+0000] {processor.py:830} INFO - Processing file /home/airflow/.local/lib/python3.8/site-packages/airflow/example_dags/example_dag_decorator.py for tasks to queue
[2026-07-07T09:41:03.024+0000] {logging_mixin.py:188} INFO - [2026-07-07T09:41:03.022+0000] {dagbag.py:538} INFO - Filling up the DagBag from /home/airflow/.local/lib/python3.8/site-packages/airflow/example_dags/example_dag_decorator.py
[2026-07-07T09:41:03.858+0000] {processor.py:840} INFO - DAG(s) 'example_dag_decorator' retrieved from /home/airflow/.local/lib/python3.8/site-packages/airflow/example_dags/example_dag_decorator.py
[2026-07-07T09:41:04.209+0000] {logging_mixin.py:188} INFO - [2026-07-07T09:41:04.208+0000] {dag.py:3036} INFO - Sync 1 DAGs
[2026-07-07T09:41:04.280+0000] {logging_mixin.py:188} INFO - [2026-07-07T09:41:04.279+0000] {dag.py:3823} INFO - Setting next_dagrun for example_dag_decorator to None, run_after=None
[2026-07-07T09:41:04.401+0000] {processor.py:183} INFO - Processing /home/airflow/.local/lib/python3.8/site-packages/airflow/example_dags/example_dag_decorator.py took 1.418 seconds
[2026-07-07T09:41:35.314+0000] {processor.py:161} INFO - Started process (PID=6732) to work on /home/airflow/.local/lib/python3.8/site-packages/airflow/example_dags/example_dag_decorator.py
[2026-07-07T09:41:35.320+0000] {processor.py:830} INFO - Processing file /home/airflow/.local/lib/python3.8/site-packages/airflow/example_dags/example_dag_decorator.py for tasks to queue
[2026-07-07T09:41:35.324+0000] {logging_mixin.py:188} INFO - [2026-07-07T09:41:35.322+0000] {dagbag.py:538} INFO - Filling up the DagBag from /home/airflow/.local/lib/python3.8/site-packages/airflow/example_dags/example_dag_decorator.py
[2026-07-07T09:41:35.679+0000] {processor.py:840} INFO - DAG(s) 'example_dag_decorator' retrieved from /home/airflow/.local/lib/python3.8/site-packages/airflow/example_dags/example_dag_decorator.py
[2026-07-07T09:41:35.909+0000] {logging_mixin.py:188} INFO - [2026-07-07T09:41:35.908+0000] {dag.py:3036} INFO - Sync 1 DAGs
[2026-07-07T09:41:35.935+0000] {logging_mixin.py:188} INFO - [2026-07-07T09:41:35.934+0000] {dag.py:3823} INFO - Setting next_dagrun for example_dag_decorator to None, run_after=None
[2026-07-07T09:41:35.978+0000] {processor.py:183} INFO - Processing /home/airflow/.local/lib/python3.8/site-packages/airflow/example_dags/example_dag_decorator.py took 0.689 seconds
[2026-07-07T09:42:06.454+0000] {processor.py:161} INFO - Started process (PID=6800) to work on /home/airflow/.local/lib/python3.8/site-packages/airflow/example_dags/example_dag_decorator.py
[2026-07-07T09:42:06.458+0000] {processor.py:830} INFO - Processing file /home/airflow/.local/lib/python3.8/site-packages/airflow/example_dags/example_dag_decorator.py for tasks to queue
[2026-07-07T09:42:06.460+0000] {logging_mixin.py:188} INFO - [2026-07-07T09:42:06.459+0000] {dagbag.py:538} INFO - Filling up the DagBag from /home/airflow/.local/lib/python3.8/site-packages/airflow/example_dags/example_dag_decorator.py
[2026-07-07T09:42:06.639+0000] {processor.py:840} INFO - DAG(s) 'example_dag_decorator' retrieved from /home/airflow/.local/lib/python3.8/site-packages/airflow/example_dags/example_dag_decorator.py
[2026-07-07T09:42:06.867+0000] {logging_mixin.py:188} INFO - [2026-07-07T09:42:06.866+0000] {dag.py:3036} INFO - Sync 1 DAGs
[2026-07-07T09:42:06.891+0000] {logging_mixin.py:188} INFO - [2026-07-07T09:42:06.891+0000] {dag.py:3823} INFO - Setting next_dagrun for example_dag_decorator to None, run_after=None
[2026-07-07T09:42:06.932+0000] {processor.py:183} INFO - Processing /home/airflow/.local/lib/python3.8/site-packages/airflow/example_dags/example_dag_decorator.py took 0.488 seconds
[2026-07-07T09:42:37.543+0000] {processor.py:161} INFO - Started process (PID=6866) to work on /home/airflow/.local/lib/python3.8/site-packages/airflow/example_dags/example_dag_decorator.py
[2026-07-07T09:42:37.547+0000] {processor.py:830} INFO - Processing file /home/airflow/.local/lib/python3.8/site-packages/airflow/example_dags/example_dag_decorator.py for tasks to queue
[2026-07-07T09:42:37.550+0000] {logging_mixin.py:188} INFO - [2026-07-07T09:42:37.549+0000] {dagbag.py:538} INFO - Filling up the DagBag from /home/airflow/.local/lib/python3.8/site-packages/airflow/example_dags/example_dag_decorator.py
[2026-07-07T09:42:38.298+0000] {processor.py:840} INFO - DAG(s) 'example_dag_decorator' retrieved from /home/airflow/.local/lib/python3.8/site-packages/airflow/example_dags/example_dag_decorator.py
[2026-07-07T09:42:38.427+0000] {logging_mixin.py:188} INFO - [2026-07-07T09:42:38.427+0000] {dag.py:3036} INFO - Sync 1 DAGs
[2026-07-07T09:42:38.481+0000] {logging_mixin.py:188} INFO - [2026-07-07T09:42:38.481+0000] {dag.py:3823} INFO - Setting next_dagrun for example_dag_decorator to None, run_after=None
[2026-07-07T09:42:38.536+0000] {processor.py:183} INFO - Processing /home/airflow/.local/lib/python3.8/site-packages/airflow/example_dags/example_dag_decorator.py took 1.008 seconds
[2026-07-07T09:43:09.149+0000] {processor.py:161} INFO - Started process (PID=6933) to work on /home/airflow/.local/lib/python3.8/site-packages/airflow/example_dags/example_dag_decorator.py
[2026-07-07T09:43:09.160+0000] {processor.py:830} INFO - Processing file /home/airflow/.local/lib/python3.8/site-packages/airflow/example_dags/example_dag_decorator.py for tasks to queue
[2026-07-07T09:43:09.169+0000] {logging_mixin.py:188} INFO - [2026-07-07T09:43:09.166+0000] {dagbag.py:538} INFO - Filling up the DagBag from /home/airflow/.local/lib/python3.8/site-packages/airflow/example_dags/example_dag_decorator.py
[2026-07-07T09:43:09.922+0000] {processor.py:840} INFO - DAG(s) 'example_dag_decorator' retrieved from /home/airflow/.local/lib/python3.8/site-packages/airflow/example_dags/example_dag_decorator.py
[2026-07-07T09:43:10.090+0000] {logging_mixin.py:188} INFO - [2026-07-07T09:43:10.090+0000] {dag.py:3036} INFO - Sync 1 DAGs
[2026-07-07T09:43:10.105+0000] {logging_mixin.py:188} INFO - [2026-07-07T09:43:10.104+0000] {dag.py:3823} INFO - Setting next_dagrun for example_dag_decorator to None, run_after=None
[2026-07-07T09:43:10.136+0000] {processor.py:183} INFO - Processing /home/airflow/.local/lib/python3.8/site-packages/airflow/example_dags/example_dag_decorator.py took 1.020 seconds
[2026-07-07T09:43:40.265+0000] {processor.py:161} INFO - Started process (PID=7000) to work on /home/airflow/.local/lib/python3.8/site-packages/airflow/example_dags/example_dag_decorator.py
[2026-07-07T09:43:40.273+0000] {processor.py:830} INFO - Processing file /home/airflow/.local/lib/python3.8/site-packages/airflow/example_dags/example_dag_decorator.py for tasks to queue
[2026-07-07T09:43:40.277+0000] {logging_mixin.py:188} INFO - [2026-07-07T09:43:40.276+0000] {dagbag.py:538} INFO - Filling up the DagBag from /home/airflow/.local/lib/python3.8/site-packages/airflow/example_dags/example_dag_decorator.py
[2026-07-07T09:43:40.695+0000] {processor.py:840} INFO - DAG(s) 'example_dag_decorator' retrieved from /home/airflow/.local/lib/python3.8/site-packages/airflow/example_dags/example_dag_decorator.py
[2026-07-07T09:43:40.950+0000] {logging_mixin.py:188} INFO - [2026-07-07T09:43:40.950+0000] {dag.py:3036} INFO - Sync 1 DAGs
[2026-07-07T09:43:40.967+0000] {logging_mixin.py:188} INFO - [2026-07-07T09:43:40.967+0000] {dag.py:3823} INFO - Setting next_dagrun for example_dag_decorator to None, run_after=None
[2026-07-07T09:43:41.013+0000] {processor.py:183} INFO - Processing /home/airflow/.local/lib/python3.8/site-packages/airflow/example_dags/example_dag_decorator.py took 0.764 seconds
[2026-07-07T09:44:12.460+0000] {processor.py:161} INFO - Started process (PID=7072) to work on /home/airflow/.local/lib/python3.8/site-packages/airflow/example_dags/example_dag_decorator.py
[2026-07-07T09:44:12.463+0000] {processor.py:830} INFO - Processing file /home/airflow/.local/lib/python3.8/site-packages/airflow/example_dags/example_dag_decorator.py for tasks to queue
[2026-07-07T09:44:12.465+0000] {logging_mixin.py:188} INFO - [2026-07-07T09:44:12.464+0000] {dagbag.py:538} INFO - Filling up the DagBag from /home/airflow/.local/lib/python3.8/site-packages/airflow/example_dags/example_dag_decorator.py
[2026-07-07T09:44:12.647+0000] {processor.py:840} INFO - DAG(s) 'example_dag_decorator' retrieved from /home/airflow/.local/lib/python3.8/site-packages/airflow/example_dags/example_dag_decorator.py
[2026-07-07T09:44:12.835+0000] {logging_mixin.py:188} INFO - [2026-07-07T09:44:12.834+0000] {dag.py:3036} INFO - Sync 1 DAGs
[2026-07-07T09:44:12.853+0000] {logging_mixin.py:188} INFO - [2026-07-07T09:44:12.853+0000] {dag.py:3823} INFO - Setting next_dagrun for example_dag_decorator to None, run_after=None
[2026-07-07T09:44:12.894+0000] {processor.py:183} INFO - Processing /home/airflow/.local/lib/python3.8/site-packages/airflow/example_dags/example_dag_decorator.py took 0.442 seconds
[2026-07-07T09:44:42.989+0000] {processor.py:161} INFO - Started process (PID=7139) to work on /home/airflow/.local/lib/python3.8/site-packages/airflow/example_dags/example_dag_decorator.py
[2026-07-07T09:44:42.994+0000] {processor.py:830} INFO - Processing file /home/airflow/.local/lib/python3.8/site-packages/airflow/example_dags/example_dag_decorator.py for tasks to queue
[2026-07-07T09:44:42.995+0000] {logging_mixin.py:188} INFO - [2026-07-07T09:44:42.995+0000] {dagbag.py:538} INFO - Filling up the DagBag from /home/airflow/.local/lib/python3.8/site-packages/airflow/example_dags/example_dag_decorator.py
[2026-07-07T09:44:43.158+0000] {processor.py:840} INFO - DAG(s) 'example_dag_decorator' retrieved from /home/airflow/.local/lib/python3.8/site-packages/airflow/example_dags/example_dag_decorator.py
[2026-07-07T09:44:43.212+0000] {logging_mixin.py:188} INFO - [2026-07-07T09:44:43.212+0000] {dag.py:3036} INFO - Sync 1 DAGs
[2026-07-07T09:44:43.247+0000] {logging_mixin.py:188} INFO - [2026-07-07T09:44:43.246+0000] {dag.py:3823} INFO - Setting next_dagrun for example_dag_decorator to None, run_after=None
[2026-07-07T09:44:43.286+0000] {processor.py:183} INFO - Processing /home/airflow/.local/lib/python3.8/site-packages/airflow/example_dags/example_dag_decorator.py took 0.305 seconds
[2026-07-07T09:45:15.155+0000] {processor.py:161} INFO - Started process (PID=7204) to work on /home/airflow/.local/lib/python3.8/site-packages/airflow/example_dags/example_dag_decorator.py
[2026-07-07T09:45:15.157+0000] {processor.py:830} INFO - Processing file /home/airflow/.local/lib/python3.8/site-packages/airflow/example_dags/example_dag_decorator.py for tasks to queue
[2026-07-07T09:45:15.159+0000] {logging_mixin.py:188} INFO - [2026-07-07T09:45:15.158+0000] {dagbag.py:538} INFO - Filling up the DagBag from /home/airflow/.local/lib/python3.8/site-packages/airflow/example_dags/example_dag_decorator.py
[2026-07-07T09:45:15.537+0000] {processor.py:840} INFO - DAG(s) 'example_dag_decorator' retrieved from /home/airflow/.local/lib/python3.8/site-packages/airflow/example_dags/example_dag_decorator.py
[2026-07-07T09:45:15.662+0000] {logging_mixin.py:188} INFO - [2026-07-07T09:45:15.661+0000] {dag.py:3036} INFO - Sync 1 DAGs
[2026-07-07T09:45:15.713+0000] {logging_mixin.py:188} INFO - [2026-07-07T09:45:15.712+0000] {dag.py:3823} INFO - Setting next_dagrun for example_dag_decorator to None, run_after=None
[2026-07-07T09:45:15.757+0000] {processor.py:183} INFO - Processing /home/airflow/.local/lib/python3.8/site-packages/airflow/example_dags/example_dag_decorator.py took 0.611 seconds
[2026-07-07T09:45:47.389+0000] {processor.py:161} INFO - Started process (PID=7265) to work on /home/airflow/.local/lib/python3.8/site-packages/airflow/example_dags/example_dag_decorator.py
[2026-07-07T09:45:47.391+0000] {processor.py:830} INFO - Processing file /home/airflow/.local/lib/python3.8/site-packages/airflow/example_dags/example_dag_decorator.py for tasks to queue
[2026-07-07T09:45:47.393+0000] {logging_mixin.py:188} INFO - [2026-07-07T09:45:47.393+0000] {dagbag.py:538} INFO - Filling up the DagBag from /home/airflow/.local/lib/python3.8/site-packages/airflow/example_dags/example_dag_decorator.py
[2026-07-07T09:45:47.628+0000] {processor.py:840} INFO - DAG(s) 'example_dag_decorator' retrieved from /home/airflow/.local/lib/python3.8/site-packages/airflow/example_dags/example_dag_decorator.py
[2026-07-07T09:45:47.834+0000] {logging_mixin.py:188} INFO - [2026-07-07T09:45:47.833+0000] {dag.py:3036} INFO - Sync 1 DAGs
[2026-07-07T09:45:47.857+0000] {logging_mixin.py:188} INFO - [2026-07-07T09:45:47.857+0000] {dag.py:3823} INFO - Setting next_dagrun for example_dag_decorator to None, run_after=None
[2026-07-07T09:45:47.918+0000] {processor.py:183} INFO - Processing /home/airflow/.local/lib/python3.8/site-packages/airflow/example_dags/example_dag_decorator.py took 0.538 seconds
[2026-07-07T09:46:18.694+0000] {processor.py:161} INFO - Started process (PID=7332) to work on /home/airflow/.local/lib/python3.8/site-packages/airflow/example_dags/example_dag_decorator.py
[2026-07-07T09:46:18.696+0000] {processor.py:830} INFO - Processing file /home/airflow/.local/lib/python3.8/site-packages/airflow/example_dags/example_dag_decorator.py for tasks to queue
[2026-07-07T09:46:18.698+0000] {logging_mixin.py:188} INFO - [2026-07-07T09:46:18.697+0000] {dagbag.py:538} INFO - Filling up the DagBag from /home/airflow/.local/lib/python3.8/site-packages/airflow/example_dags/example_dag_decorator.py
[2026-07-07T09:46:18.841+0000] {processor.py:840} INFO - DAG(s) 'example_dag_decorator' retrieved from /home/airflow/.local/lib/python3.8/site-packages/airflow/example_dags/example_dag_decorator.py
[2026-07-07T09:46:19.014+0000] {logging_mixin.py:188} INFO - [2026-07-07T09:46:19.014+0000] {dag.py:3036} INFO - Sync 1 DAGs
[2026-07-07T09:46:19.031+0000] {logging_mixin.py:188} INFO - [2026-07-07T09:46:19.030+0000] {dag.py:3823} INFO - Setting next_dagrun for example_dag_decorator to None, run_after=None
[2026-07-07T09:46:19.063+0000] {processor.py:183} INFO - Processing /home/airflow/.local/lib/python3.8/site-packages/airflow/example_dags/example_dag_decorator.py took 0.376 seconds
[2026-07-07T09:46:49.821+0000] {processor.py:161} INFO - Started process (PID=7397) to work on /home/airflow/.local/lib/python3.8/site-packages/airflow/example_dags/example_dag_decorator.py
[2026-07-07T09:46:49.823+0000] {processor.py:830} INFO - Processing file /home/airflow/.local/lib/python3.8/site-packages/airflow/example_dags/example_dag_decorator.py for tasks to queue
[2026-07-07T09:46:49.824+0000] {logging_mixin.py:188} INFO - [2026-07-07T09:46:49.824+0000] {dagbag.py:538} INFO - Filling up the DagBag from /home/airflow/.local/lib/python3.8/site-packages/airflow/example_dags/example_dag_decorator.py
[2026-07-07T09:46:50.010+0000] {processor.py:840} INFO - DAG(s) 'example_dag_decorator' retrieved from /home/airflow/.local/lib/python3.8/site-packages/airflow/example_dags/example_dag_decorator.py
[2026-07-07T09:46:50.207+0000] {logging_mixin.py:188} INFO - [2026-07-07T09:46:50.206+0000] {dag.py:3036} INFO - Sync 1 DAGs
[2026-07-07T09:46:50.227+0000] {logging_mixin.py:188} INFO - [2026-07-07T09:46:50.227+0000] {dag.py:3823} INFO - Setting next_dagrun for example_dag_decorator to None, run_after=None
[2026-07-07T09:46:50.260+0000] {processor.py:183} INFO - Processing /home/airflow/.local/lib/python3.8/site-packages/airflow/example_dags/example_dag_decorator.py took 0.446 seconds
