[2026-07-07T09:07:53.719+0000] {processor.py:161} INFO - Started process (PID=4114) to work on /home/airflow/.local/lib/python3.8/site-packages/airflow/example_dags/example_xcom.py
[2026-07-07T09:07:53.766+0000] {processor.py:830} INFO - Processing file /home/airflow/.local/lib/python3.8/site-packages/airflow/example_dags/example_xcom.py for tasks to queue
[2026-07-07T09:07:53.788+0000] {logging_mixin.py:188} INFO - [2026-07-07T09:07:53.767+0000] {dagbag.py:538} INFO - Filling up the DagBag from /home/airflow/.local/lib/python3.8/site-packages/airflow/example_dags/example_xcom.py
[2026-07-07T09:07:54.590+0000] {processor.py:840} INFO - DAG(s) 'example_xcom' retrieved from /home/airflow/.local/lib/python3.8/site-packages/airflow/example_dags/example_xcom.py
[2026-07-07T09:07:55.117+0000] {logging_mixin.py:188} INFO - [2026-07-07T09:07:55.117+0000] {dag.py:3036} INFO - Sync 1 DAGs
[2026-07-07T09:07:56.017+0000] {logging_mixin.py:188} INFO - [2026-07-07T09:07:56.016+0000] {dag.py:3823} INFO - Setting next_dagrun for example_xcom to 2021-01-01 00:00:00+00:00, run_after=2021-01-01 00:00:00+00:00
[2026-07-07T09:07:56.867+0000] {processor.py:183} INFO - Processing /home/airflow/.local/lib/python3.8/site-packages/airflow/example_dags/example_xcom.py took 3.193 seconds
[2026-07-07T09:09:27.290+0000] {processor.py:161} INFO - Started process (PID=4214) to work on /home/airflow/.local/lib/python3.8/site-packages/airflow/example_dags/example_xcom.py
[2026-07-07T09:09:27.307+0000] {processor.py:830} INFO - Processing file /home/airflow/.local/lib/python3.8/site-packages/airflow/example_dags/example_xcom.py for tasks to queue
[2026-07-07T09:09:27.311+0000] {logging_mixin.py:188} INFO - [2026-07-07T09:09:27.309+0000] {dagbag.py:538} INFO - Filling up the DagBag from /home/airflow/.local/lib/python3.8/site-packages/airflow/example_dags/example_xcom.py
[2026-07-07T09:09:27.370+0000] {processor.py:840} INFO - DAG(s) 'example_xcom' retrieved from /home/airflow/.local/lib/python3.8/site-packages/airflow/example_dags/example_xcom.py
[2026-07-07T09:09:27.473+0000] {logging_mixin.py:188} INFO - [2026-07-07T09:09:27.472+0000] {dag.py:3036} INFO - Sync 1 DAGs
[2026-07-07T09:09:27.548+0000] {logging_mixin.py:188} INFO - [2026-07-07T09:09:27.547+0000] {dag.py:3823} INFO - Setting next_dagrun for example_xcom to 2021-01-01 00:00:00+00:00, run_after=2021-01-01 00:00:00+00:00
[2026-07-07T09:09:27.595+0000] {processor.py:183} INFO - Processing /home/airflow/.local/lib/python3.8/site-packages/airflow/example_dags/example_xcom.py took 0.331 seconds
[2026-07-07T09:09:58.055+0000] {processor.py:161} INFO - Started process (PID=4281) to work on /home/airflow/.local/lib/python3.8/site-packages/airflow/example_dags/example_xcom.py
[2026-07-07T09:09:58.059+0000] {processor.py:830} INFO - Processing file /home/airflow/.local/lib/python3.8/site-packages/airflow/example_dags/example_xcom.py for tasks to queue
[2026-07-07T09:09:58.061+0000] {logging_mixin.py:188} INFO - [2026-07-07T09:09:58.060+0000] {dagbag.py:538} INFO - Filling up the DagBag from /home/airflow/.local/lib/python3.8/site-packages/airflow/example_dags/example_xcom.py
[2026-07-07T09:09:58.082+0000] {processor.py:840} INFO - DAG(s) 'example_xcom' retrieved from /home/airflow/.local/lib/python3.8/site-packages/airflow/example_dags/example_xcom.py
[2026-07-07T09:09:58.122+0000] {logging_mixin.py:188} INFO - [2026-07-07T09:09:58.122+0000] {dag.py:3036} INFO - Sync 1 DAGs
[2026-07-07T09:09:58.160+0000] {logging_mixin.py:188} INFO - [2026-07-07T09:09:58.160+0000] {dag.py:3823} INFO - Setting next_dagrun for example_xcom to 2021-01-01 00:00:00+00:00, run_after=2021-01-01 00:00:00+00:00
[2026-07-07T09:09:58.198+0000] {processor.py:183} INFO - Processing /home/airflow/.local/lib/python3.8/site-packages/airflow/example_dags/example_xcom.py took 0.151 seconds
[2026-07-07T09:10:29.054+0000] {processor.py:161} INFO - Started process (PID=4348) to work on /home/airflow/.local/lib/python3.8/site-packages/airflow/example_dags/example_xcom.py
[2026-07-07T09:10:29.057+0000] {processor.py:830} INFO - Processing file /home/airflow/.local/lib/python3.8/site-packages/airflow/example_dags/example_xcom.py for tasks to queue
[2026-07-07T09:10:29.061+0000] {logging_mixin.py:188} INFO - [2026-07-07T09:10:29.060+0000] {dagbag.py:538} INFO - Filling up the DagBag from /home/airflow/.local/lib/python3.8/site-packages/airflow/example_dags/example_xcom.py
[2026-07-07T09:10:29.081+0000] {processor.py:840} INFO - DAG(s) 'example_xcom' retrieved from /home/airflow/.local/lib/python3.8/site-packages/airflow/example_dags/example_xcom.py
[2026-07-07T09:10:29.149+0000] {logging_mixin.py:188} INFO - [2026-07-07T09:10:29.149+0000] {dag.py:3036} INFO - Sync 1 DAGs
[2026-07-07T09:10:29.256+0000] {logging_mixin.py:188} INFO - [2026-07-07T09:10:29.256+0000] {dag.py:3823} INFO - Setting next_dagrun for example_xcom to 2021-01-01 00:00:00+00:00, run_after=2021-01-01 00:00:00+00:00
[2026-07-07T09:10:29.375+0000] {processor.py:183} INFO - Processing /home/airflow/.local/lib/python3.8/site-packages/airflow/example_dags/example_xcom.py took 0.333 seconds
[2026-07-07T09:12:03.361+0000] {processor.py:161} INFO - Started process (PID=4434) to work on /home/airflow/.local/lib/python3.8/site-packages/airflow/example_dags/example_xcom.py
[2026-07-07T09:12:03.376+0000] {processor.py:830} INFO - Processing file /home/airflow/.local/lib/python3.8/site-packages/airflow/example_dags/example_xcom.py for tasks to queue
[2026-07-07T09:12:03.378+0000] {logging_mixin.py:188} INFO - [2026-07-07T09:12:03.377+0000] {dagbag.py:538} INFO - Filling up the DagBag from /home/airflow/.local/lib/python3.8/site-packages/airflow/example_dags/example_xcom.py
[2026-07-07T09:12:03.612+0000] {processor.py:840} INFO - DAG(s) 'example_xcom' retrieved from /home/airflow/.local/lib/python3.8/site-packages/airflow/example_dags/example_xcom.py
[2026-07-07T09:12:04.075+0000] {logging_mixin.py:188} INFO - [2026-07-07T09:12:04.074+0000] {dag.py:3036} INFO - Sync 1 DAGs
[2026-07-07T09:12:04.686+0000] {logging_mixin.py:188} INFO - [2026-07-07T09:12:04.668+0000] {dag.py:3823} INFO - Setting next_dagrun for example_xcom to 2021-01-01 00:00:00+00:00, run_after=2021-01-01 00:00:00+00:00
[2026-07-07T09:12:05.003+0000] {processor.py:183} INFO - Processing /home/airflow/.local/lib/python3.8/site-packages/airflow/example_dags/example_xcom.py took 1.709 seconds
[2026-07-07T09:19:34.093+0000] {processor.py:161} INFO - Started process (PID=4617) to work on /home/airflow/.local/lib/python3.8/site-packages/airflow/example_dags/example_xcom.py
[2026-07-07T09:19:34.179+0000] {processor.py:830} INFO - Processing file /home/airflow/.local/lib/python3.8/site-packages/airflow/example_dags/example_xcom.py for tasks to queue
[2026-07-07T09:19:34.254+0000] {logging_mixin.py:188} INFO - [2026-07-07T09:19:34.189+0000] {dagbag.py:538} INFO - Filling up the DagBag from /home/airflow/.local/lib/python3.8/site-packages/airflow/example_dags/example_xcom.py
[2026-07-07T09:19:34.866+0000] {processor.py:840} INFO - DAG(s) 'example_xcom' retrieved from /home/airflow/.local/lib/python3.8/site-packages/airflow/example_dags/example_xcom.py
[2026-07-07T09:19:35.920+0000] {logging_mixin.py:188} INFO - [2026-07-07T09:19:35.898+0000] {dag.py:3036} INFO - Sync 1 DAGs
[2026-07-07T09:19:36.357+0000] {logging_mixin.py:188} INFO - [2026-07-07T09:19:36.356+0000] {dag.py:3823} INFO - Setting next_dagrun for example_xcom to 2021-01-01 00:00:00+00:00, run_after=2021-01-01 00:00:00+00:00
[2026-07-07T09:19:37.206+0000] {processor.py:183} INFO - Processing /home/airflow/.local/lib/python3.8/site-packages/airflow/example_dags/example_xcom.py took 3.334 seconds
[2026-07-07T09:22:40.252+0000] {processor.py:161} INFO - Started process (PID=4735) to work on /home/airflow/.local/lib/python3.8/site-packages/airflow/example_dags/example_xcom.py
[2026-07-07T09:22:40.716+0000] {processor.py:830} INFO - Processing file /home/airflow/.local/lib/python3.8/site-packages/airflow/example_dags/example_xcom.py for tasks to queue
[2026-07-07T09:22:40.970+0000] {logging_mixin.py:188} INFO - [2026-07-07T09:22:40.969+0000] {dagbag.py:538} INFO - Filling up the DagBag from /home/airflow/.local/lib/python3.8/site-packages/airflow/example_dags/example_xcom.py
[2026-07-07T09:22:42.299+0000] {processor.py:840} INFO - DAG(s) 'example_xcom' retrieved from /home/airflow/.local/lib/python3.8/site-packages/airflow/example_dags/example_xcom.py
[2026-07-07T09:22:46.172+0000] {logging_mixin.py:188} INFO - [2026-07-07T09:22:46.088+0000] {dag.py:3036} INFO - Sync 1 DAGs
[2026-07-07T09:22:51.811+0000] {logging_mixin.py:188} INFO - [2026-07-07T09:22:51.736+0000] {dag.py:3823} INFO - Setting next_dagrun for example_xcom to 2021-01-01 00:00:00+00:00, run_after=2021-01-01 00:00:00+00:00
[2026-07-07T09:23:07.885+0000] {processor.py:183} INFO - Processing /home/airflow/.local/lib/python3.8/site-packages/airflow/example_dags/example_xcom.py took 27.881 seconds
[2026-07-07T09:25:10.960+0000] {processor.py:161} INFO - Started process (PID=4821) to work on /home/airflow/.local/lib/python3.8/site-packages/airflow/example_dags/example_xcom.py
[2026-07-07T09:25:10.970+0000] {processor.py:830} INFO - Processing file /home/airflow/.local/lib/python3.8/site-packages/airflow/example_dags/example_xcom.py for tasks to queue
[2026-07-07T09:25:10.981+0000] {logging_mixin.py:188} INFO - [2026-07-07T09:25:10.979+0000] {dagbag.py:538} INFO - Filling up the DagBag from /home/airflow/.local/lib/python3.8/site-packages/airflow/example_dags/example_xcom.py
[2026-07-07T09:25:11.145+0000] {processor.py:840} INFO - DAG(s) 'example_xcom' retrieved from /home/airflow/.local/lib/python3.8/site-packages/airflow/example_dags/example_xcom.py
[2026-07-07T09:25:11.750+0000] {logging_mixin.py:188} INFO - [2026-07-07T09:25:11.749+0000] {dag.py:3036} INFO - Sync 1 DAGs
[2026-07-07T09:25:12.173+0000] {logging_mixin.py:188} INFO - [2026-07-07T09:25:12.172+0000] {dag.py:3823} INFO - Setting next_dagrun for example_xcom to 2021-01-01 00:00:00+00:00, run_after=2021-01-01 00:00:00+00:00
[2026-07-07T09:25:12.581+0000] {processor.py:183} INFO - Processing /home/airflow/.local/lib/python3.8/site-packages/airflow/example_dags/example_xcom.py took 1.683 seconds
[2026-07-07T09:26:30.880+0000] {processor.py:161} INFO - Started process (PID=4904) to work on /home/airflow/.local/lib/python3.8/site-packages/airflow/example_dags/example_xcom.py
[2026-07-07T09:26:30.887+0000] {processor.py:830} INFO - Processing file /home/airflow/.local/lib/python3.8/site-packages/airflow/example_dags/example_xcom.py for tasks to queue
[2026-07-07T09:26:30.899+0000] {logging_mixin.py:188} INFO - [2026-07-07T09:26:30.898+0000] {dagbag.py:538} INFO - Filling up the DagBag from /home/airflow/.local/lib/python3.8/site-packages/airflow/example_dags/example_xcom.py
[2026-07-07T09:26:30.964+0000] {processor.py:840} INFO - DAG(s) 'example_xcom' retrieved from /home/airflow/.local/lib/python3.8/site-packages/airflow/example_dags/example_xcom.py
[2026-07-07T09:26:31.382+0000] {logging_mixin.py:188} INFO - [2026-07-07T09:26:31.382+0000] {dag.py:3036} INFO - Sync 1 DAGs
[2026-07-07T09:26:31.543+0000] {logging_mixin.py:188} INFO - [2026-07-07T09:26:31.543+0000] {dag.py:3823} INFO - Setting next_dagrun for example_xcom to 2021-01-01 00:00:00+00:00, run_after=2021-01-01 00:00:00+00:00
[2026-07-07T09:26:31.718+0000] {processor.py:183} INFO - Processing /home/airflow/.local/lib/python3.8/site-packages/airflow/example_dags/example_xcom.py took 0.886 seconds
[2026-07-07T09:27:02.044+0000] {processor.py:161} INFO - Started process (PID=4970) to work on /home/airflow/.local/lib/python3.8/site-packages/airflow/example_dags/example_xcom.py
[2026-07-07T09:27:02.049+0000] {processor.py:830} INFO - Processing file /home/airflow/.local/lib/python3.8/site-packages/airflow/example_dags/example_xcom.py for tasks to queue
[2026-07-07T09:27:02.052+0000] {logging_mixin.py:188} INFO - [2026-07-07T09:27:02.051+0000] {dagbag.py:538} INFO - Filling up the DagBag from /home/airflow/.local/lib/python3.8/site-packages/airflow/example_dags/example_xcom.py
[2026-07-07T09:27:02.083+0000] {processor.py:840} INFO - DAG(s) 'example_xcom' retrieved from /home/airflow/.local/lib/python3.8/site-packages/airflow/example_dags/example_xcom.py
[2026-07-07T09:27:02.167+0000] {logging_mixin.py:188} INFO - [2026-07-07T09:27:02.166+0000] {dag.py:3036} INFO - Sync 1 DAGs
[2026-07-07T09:27:02.238+0000] {logging_mixin.py:188} INFO - [2026-07-07T09:27:02.238+0000] {dag.py:3823} INFO - Setting next_dagrun for example_xcom to 2021-01-01 00:00:00+00:00, run_after=2021-01-01 00:00:00+00:00
[2026-07-07T09:27:02.287+0000] {processor.py:183} INFO - Processing /home/airflow/.local/lib/python3.8/site-packages/airflow/example_dags/example_xcom.py took 0.252 seconds
[2026-07-07T09:27:32.451+0000] {processor.py:161} INFO - Started process (PID=5029) to work on /home/airflow/.local/lib/python3.8/site-packages/airflow/example_dags/example_xcom.py
[2026-07-07T09:27:32.455+0000] {processor.py:830} INFO - Processing file /home/airflow/.local/lib/python3.8/site-packages/airflow/example_dags/example_xcom.py for tasks to queue
[2026-07-07T09:27:32.457+0000] {logging_mixin.py:188} INFO - [2026-07-07T09:27:32.456+0000] {dagbag.py:538} INFO - Filling up the DagBag from /home/airflow/.local/lib/python3.8/site-packages/airflow/example_dags/example_xcom.py
[2026-07-07T09:27:32.488+0000] {processor.py:840} INFO - DAG(s) 'example_xcom' retrieved from /home/airflow/.local/lib/python3.8/site-packages/airflow/example_dags/example_xcom.py
[2026-07-07T09:27:32.558+0000] {logging_mixin.py:188} INFO - [2026-07-07T09:27:32.557+0000] {dag.py:3036} INFO - Sync 1 DAGs
[2026-07-07T09:27:32.651+0000] {logging_mixin.py:188} INFO - [2026-07-07T09:27:32.651+0000] {dag.py:3823} INFO - Setting next_dagrun for example_xcom to 2021-01-01 00:00:00+00:00, run_after=2021-01-01 00:00:00+00:00
[2026-07-07T09:27:32.734+0000] {processor.py:183} INFO - Processing /home/airflow/.local/lib/python3.8/site-packages/airflow/example_dags/example_xcom.py took 0.295 seconds
[2026-07-07T09:28:02.953+0000] {processor.py:161} INFO - Started process (PID=5093) to work on /home/airflow/.local/lib/python3.8/site-packages/airflow/example_dags/example_xcom.py
[2026-07-07T09:28:02.959+0000] {processor.py:830} INFO - Processing file /home/airflow/.local/lib/python3.8/site-packages/airflow/example_dags/example_xcom.py for tasks to queue
[2026-07-07T09:28:02.977+0000] {logging_mixin.py:188} INFO - [2026-07-07T09:28:02.973+0000] {dagbag.py:538} INFO - Filling up the DagBag from /home/airflow/.local/lib/python3.8/site-packages/airflow/example_dags/example_xcom.py
[2026-07-07T09:28:03.061+0000] {processor.py:840} INFO - DAG(s) 'example_xcom' retrieved from /home/airflow/.local/lib/python3.8/site-packages/airflow/example_dags/example_xcom.py
[2026-07-07T09:28:03.369+0000] {logging_mixin.py:188} INFO - [2026-07-07T09:28:03.368+0000] {dag.py:3036} INFO - Sync 1 DAGs
[2026-07-07T09:28:03.629+0000] {logging_mixin.py:188} INFO - [2026-07-07T09:28:03.628+0000] {dag.py:3823} INFO - Setting next_dagrun for example_xcom to 2021-01-01 00:00:00+00:00, run_after=2021-01-01 00:00:00+00:00
[2026-07-07T09:28:03.890+0000] {processor.py:183} INFO - Processing /home/airflow/.local/lib/python3.8/site-packages/airflow/example_dags/example_xcom.py took 0.973 seconds
[2026-07-07T09:28:38.370+0000] {processor.py:161} INFO - Started process (PID=5144) to work on /home/airflow/.local/lib/python3.8/site-packages/airflow/example_dags/example_xcom.py
[2026-07-07T09:28:38.401+0000] {processor.py:830} INFO - Processing file /home/airflow/.local/lib/python3.8/site-packages/airflow/example_dags/example_xcom.py for tasks to queue
[2026-07-07T09:28:38.404+0000] {logging_mixin.py:188} INFO - [2026-07-07T09:28:38.403+0000] {dagbag.py:538} INFO - Filling up the DagBag from /home/airflow/.local/lib/python3.8/site-packages/airflow/example_dags/example_xcom.py
[2026-07-07T09:28:38.467+0000] {processor.py:840} INFO - DAG(s) 'example_xcom' retrieved from /home/airflow/.local/lib/python3.8/site-packages/airflow/example_dags/example_xcom.py
[2026-07-07T09:28:38.688+0000] {logging_mixin.py:188} INFO - [2026-07-07T09:28:38.688+0000] {dag.py:3036} INFO - Sync 1 DAGs
[2026-07-07T09:28:38.859+0000] {logging_mixin.py:188} INFO - [2026-07-07T09:28:38.859+0000] {dag.py:3823} INFO - Setting next_dagrun for example_xcom to 2021-01-01 00:00:00+00:00, run_after=2021-01-01 00:00:00+00:00
[2026-07-07T09:28:39.328+0000] {processor.py:183} INFO - Processing /home/airflow/.local/lib/python3.8/site-packages/airflow/example_dags/example_xcom.py took 1.045 seconds
[2026-07-07T09:29:09.959+0000] {processor.py:161} INFO - Started process (PID=5212) to work on /home/airflow/.local/lib/python3.8/site-packages/airflow/example_dags/example_xcom.py
[2026-07-07T09:29:09.962+0000] {processor.py:830} INFO - Processing file /home/airflow/.local/lib/python3.8/site-packages/airflow/example_dags/example_xcom.py for tasks to queue
[2026-07-07T09:29:09.965+0000] {logging_mixin.py:188} INFO - [2026-07-07T09:29:09.964+0000] {dagbag.py:538} INFO - Filling up the DagBag from /home/airflow/.local/lib/python3.8/site-packages/airflow/example_dags/example_xcom.py
[2026-07-07T09:29:10.048+0000] {processor.py:840} INFO - DAG(s) 'example_xcom' retrieved from /home/airflow/.local/lib/python3.8/site-packages/airflow/example_dags/example_xcom.py
[2026-07-07T09:29:10.308+0000] {logging_mixin.py:188} INFO - [2026-07-07T09:29:10.307+0000] {dag.py:3036} INFO - Sync 1 DAGs
[2026-07-07T09:29:10.483+0000] {logging_mixin.py:188} INFO - [2026-07-07T09:29:10.471+0000] {dag.py:3823} INFO - Setting next_dagrun for example_xcom to 2021-01-01 00:00:00+00:00, run_after=2021-01-01 00:00:00+00:00
[2026-07-07T09:29:10.729+0000] {processor.py:183} INFO - Processing /home/airflow/.local/lib/python3.8/site-packages/airflow/example_dags/example_xcom.py took 0.825 seconds
[2026-07-07T09:29:41.235+0000] {processor.py:161} INFO - Started process (PID=5270) to work on /home/airflow/.local/lib/python3.8/site-packages/airflow/example_dags/example_xcom.py
[2026-07-07T09:29:41.247+0000] {processor.py:830} INFO - Processing file /home/airflow/.local/lib/python3.8/site-packages/airflow/example_dags/example_xcom.py for tasks to queue
[2026-07-07T09:29:41.251+0000] {logging_mixin.py:188} INFO - [2026-07-07T09:29:41.250+0000] {dagbag.py:538} INFO - Filling up the DagBag from /home/airflow/.local/lib/python3.8/site-packages/airflow/example_dags/example_xcom.py
[2026-07-07T09:29:41.285+0000] {processor.py:840} INFO - DAG(s) 'example_xcom' retrieved from /home/airflow/.local/lib/python3.8/site-packages/airflow/example_dags/example_xcom.py
[2026-07-07T09:29:41.505+0000] {logging_mixin.py:188} INFO - [2026-07-07T09:29:41.504+0000] {dag.py:3036} INFO - Sync 1 DAGs
[2026-07-07T09:29:41.738+0000] {logging_mixin.py:188} INFO - [2026-07-07T09:29:41.735+0000] {dag.py:3823} INFO - Setting next_dagrun for example_xcom to 2021-01-01 00:00:00+00:00, run_after=2021-01-01 00:00:00+00:00
[2026-07-07T09:29:41.870+0000] {processor.py:183} INFO - Processing /home/airflow/.local/lib/python3.8/site-packages/airflow/example_dags/example_xcom.py took 0.656 seconds
[2026-07-07T09:30:12.128+0000] {processor.py:161} INFO - Started process (PID=5335) to work on /home/airflow/.local/lib/python3.8/site-packages/airflow/example_dags/example_xcom.py
[2026-07-07T09:30:12.134+0000] {processor.py:830} INFO - Processing file /home/airflow/.local/lib/python3.8/site-packages/airflow/example_dags/example_xcom.py for tasks to queue
[2026-07-07T09:30:12.137+0000] {logging_mixin.py:188} INFO - [2026-07-07T09:30:12.136+0000] {dagbag.py:538} INFO - Filling up the DagBag from /home/airflow/.local/lib/python3.8/site-packages/airflow/example_dags/example_xcom.py
[2026-07-07T09:30:12.266+0000] {processor.py:840} INFO - DAG(s) 'example_xcom' retrieved from /home/airflow/.local/lib/python3.8/site-packages/airflow/example_dags/example_xcom.py
[2026-07-07T09:30:12.428+0000] {logging_mixin.py:188} INFO - [2026-07-07T09:30:12.427+0000] {dag.py:3036} INFO - Sync 1 DAGs
[2026-07-07T09:30:12.653+0000] {logging_mixin.py:188} INFO - [2026-07-07T09:30:12.651+0000] {dag.py:3823} INFO - Setting next_dagrun for example_xcom to 2021-01-01 00:00:00+00:00, run_after=2021-01-01 00:00:00+00:00
[2026-07-07T09:30:12.939+0000] {processor.py:183} INFO - Processing /home/airflow/.local/lib/python3.8/site-packages/airflow/example_dags/example_xcom.py took 0.828 seconds
[2026-07-07T09:30:43.232+0000] {processor.py:161} INFO - Started process (PID=5400) to work on /home/airflow/.local/lib/python3.8/site-packages/airflow/example_dags/example_xcom.py
[2026-07-07T09:30:43.237+0000] {processor.py:830} INFO - Processing file /home/airflow/.local/lib/python3.8/site-packages/airflow/example_dags/example_xcom.py for tasks to queue
[2026-07-07T09:30:43.243+0000] {logging_mixin.py:188} INFO - [2026-07-07T09:30:43.242+0000] {dagbag.py:538} INFO - Filling up the DagBag from /home/airflow/.local/lib/python3.8/site-packages/airflow/example_dags/example_xcom.py
[2026-07-07T09:30:43.293+0000] {processor.py:840} INFO - DAG(s) 'example_xcom' retrieved from /home/airflow/.local/lib/python3.8/site-packages/airflow/example_dags/example_xcom.py
[2026-07-07T09:30:43.373+0000] {logging_mixin.py:188} INFO - [2026-07-07T09:30:43.373+0000] {dag.py:3036} INFO - Sync 1 DAGs
[2026-07-07T09:30:43.451+0000] {logging_mixin.py:188} INFO - [2026-07-07T09:30:43.450+0000] {dag.py:3823} INFO - Setting next_dagrun for example_xcom to 2021-01-01 00:00:00+00:00, run_after=2021-01-01 00:00:00+00:00
[2026-07-07T09:30:43.514+0000] {processor.py:183} INFO - Processing /home/airflow/.local/lib/python3.8/site-packages/airflow/example_dags/example_xcom.py took 0.308 seconds
[2026-07-07T09:31:19.674+0000] {processor.py:161} INFO - Started process (PID=5459) to work on /home/airflow/.local/lib/python3.8/site-packages/airflow/example_dags/example_xcom.py
[2026-07-07T09:31:19.691+0000] {processor.py:830} INFO - Processing file /home/airflow/.local/lib/python3.8/site-packages/airflow/example_dags/example_xcom.py for tasks to queue
[2026-07-07T09:31:19.695+0000] {logging_mixin.py:188} INFO - [2026-07-07T09:31:19.693+0000] {dagbag.py:538} INFO - Filling up the DagBag from /home/airflow/.local/lib/python3.8/site-packages/airflow/example_dags/example_xcom.py
[2026-07-07T09:31:19.791+0000] {processor.py:840} INFO - DAG(s) 'example_xcom' retrieved from /home/airflow/.local/lib/python3.8/site-packages/airflow/example_dags/example_xcom.py
[2026-07-07T09:31:19.960+0000] {logging_mixin.py:188} INFO - [2026-07-07T09:31:19.959+0000] {dag.py:3036} INFO - Sync 1 DAGs
[2026-07-07T09:31:20.098+0000] {logging_mixin.py:188} INFO - [2026-07-07T09:31:20.097+0000] {dag.py:3823} INFO - Setting next_dagrun for example_xcom to 2021-01-01 00:00:00+00:00, run_after=2021-01-01 00:00:00+00:00
[2026-07-07T09:31:20.235+0000] {processor.py:183} INFO - Processing /home/airflow/.local/lib/python3.8/site-packages/airflow/example_dags/example_xcom.py took 0.583 seconds
[2026-07-07T09:31:54.531+0000] {processor.py:161} INFO - Started process (PID=5525) to work on /home/airflow/.local/lib/python3.8/site-packages/airflow/example_dags/example_xcom.py
[2026-07-07T09:31:54.536+0000] {processor.py:830} INFO - Processing file /home/airflow/.local/lib/python3.8/site-packages/airflow/example_dags/example_xcom.py for tasks to queue
[2026-07-07T09:31:54.549+0000] {logging_mixin.py:188} INFO - [2026-07-07T09:31:54.548+0000] {dagbag.py:538} INFO - Filling up the DagBag from /home/airflow/.local/lib/python3.8/site-packages/airflow/example_dags/example_xcom.py
[2026-07-07T09:31:54.607+0000] {processor.py:840} INFO - DAG(s) 'example_xcom' retrieved from /home/airflow/.local/lib/python3.8/site-packages/airflow/example_dags/example_xcom.py
[2026-07-07T09:31:54.748+0000] {logging_mixin.py:188} INFO - [2026-07-07T09:31:54.748+0000] {dag.py:3036} INFO - Sync 1 DAGs
[2026-07-07T09:31:54.931+0000] {logging_mixin.py:188} INFO - [2026-07-07T09:31:54.931+0000] {dag.py:3823} INFO - Setting next_dagrun for example_xcom to 2021-01-01 00:00:00+00:00, run_after=2021-01-01 00:00:00+00:00
[2026-07-07T09:31:55.041+0000] {processor.py:183} INFO - Processing /home/airflow/.local/lib/python3.8/site-packages/airflow/example_dags/example_xcom.py took 0.538 seconds
[2026-07-07T09:32:25.631+0000] {processor.py:161} INFO - Started process (PID=5591) to work on /home/airflow/.local/lib/python3.8/site-packages/airflow/example_dags/example_xcom.py
[2026-07-07T09:32:25.634+0000] {processor.py:830} INFO - Processing file /home/airflow/.local/lib/python3.8/site-packages/airflow/example_dags/example_xcom.py for tasks to queue
[2026-07-07T09:32:25.640+0000] {logging_mixin.py:188} INFO - [2026-07-07T09:32:25.636+0000] {dagbag.py:538} INFO - Filling up the DagBag from /home/airflow/.local/lib/python3.8/site-packages/airflow/example_dags/example_xcom.py
[2026-07-07T09:32:25.678+0000] {processor.py:840} INFO - DAG(s) 'example_xcom' retrieved from /home/airflow/.local/lib/python3.8/site-packages/airflow/example_dags/example_xcom.py
[2026-07-07T09:32:25.765+0000] {logging_mixin.py:188} INFO - [2026-07-07T09:32:25.764+0000] {dag.py:3036} INFO - Sync 1 DAGs
[2026-07-07T09:32:25.843+0000] {logging_mixin.py:188} INFO - [2026-07-07T09:32:25.842+0000] {dag.py:3823} INFO - Setting next_dagrun for example_xcom to 2021-01-01 00:00:00+00:00, run_after=2021-01-01 00:00:00+00:00
[2026-07-07T09:32:25.902+0000] {processor.py:183} INFO - Processing /home/airflow/.local/lib/python3.8/site-packages/airflow/example_dags/example_xcom.py took 0.283 seconds
[2026-07-07T09:32:56.259+0000] {processor.py:161} INFO - Started process (PID=5651) to work on /home/airflow/.local/lib/python3.8/site-packages/airflow/example_dags/example_xcom.py
[2026-07-07T09:32:56.261+0000] {processor.py:830} INFO - Processing file /home/airflow/.local/lib/python3.8/site-packages/airflow/example_dags/example_xcom.py for tasks to queue
[2026-07-07T09:32:56.263+0000] {logging_mixin.py:188} INFO - [2026-07-07T09:32:56.262+0000] {dagbag.py:538} INFO - Filling up the DagBag from /home/airflow/.local/lib/python3.8/site-packages/airflow/example_dags/example_xcom.py
[2026-07-07T09:32:56.282+0000] {processor.py:840} INFO - DAG(s) 'example_xcom' retrieved from /home/airflow/.local/lib/python3.8/site-packages/airflow/example_dags/example_xcom.py
[2026-07-07T09:32:56.336+0000] {logging_mixin.py:188} INFO - [2026-07-07T09:32:56.336+0000] {dag.py:3036} INFO - Sync 1 DAGs
[2026-07-07T09:32:56.378+0000] {logging_mixin.py:188} INFO - [2026-07-07T09:32:56.377+0000] {dag.py:3823} INFO - Setting next_dagrun for example_xcom to 2021-01-01 00:00:00+00:00, run_after=2021-01-01 00:00:00+00:00
[2026-07-07T09:32:56.419+0000] {processor.py:183} INFO - Processing /home/airflow/.local/lib/python3.8/site-packages/airflow/example_dags/example_xcom.py took 0.171 seconds
[2026-07-07T09:33:26.737+0000] {processor.py:161} INFO - Started process (PID=5717) to work on /home/airflow/.local/lib/python3.8/site-packages/airflow/example_dags/example_xcom.py
[2026-07-07T09:33:26.745+0000] {processor.py:830} INFO - Processing file /home/airflow/.local/lib/python3.8/site-packages/airflow/example_dags/example_xcom.py for tasks to queue
[2026-07-07T09:33:26.749+0000] {logging_mixin.py:188} INFO - [2026-07-07T09:33:26.748+0000] {dagbag.py:538} INFO - Filling up the DagBag from /home/airflow/.local/lib/python3.8/site-packages/airflow/example_dags/example_xcom.py
[2026-07-07T09:33:26.789+0000] {processor.py:840} INFO - DAG(s) 'example_xcom' retrieved from /home/airflow/.local/lib/python3.8/site-packages/airflow/example_dags/example_xcom.py
[2026-07-07T09:33:26.899+0000] {logging_mixin.py:188} INFO - [2026-07-07T09:33:26.898+0000] {dag.py:3036} INFO - Sync 1 DAGs
[2026-07-07T09:33:26.981+0000] {logging_mixin.py:188} INFO - [2026-07-07T09:33:26.980+0000] {dag.py:3823} INFO - Setting next_dagrun for example_xcom to 2021-01-01 00:00:00+00:00, run_after=2021-01-01 00:00:00+00:00
[2026-07-07T09:33:27.031+0000] {processor.py:183} INFO - Processing /home/airflow/.local/lib/python3.8/site-packages/airflow/example_dags/example_xcom.py took 0.310 seconds
[2026-07-07T09:33:57.668+0000] {processor.py:161} INFO - Started process (PID=5784) to work on /home/airflow/.local/lib/python3.8/site-packages/airflow/example_dags/example_xcom.py
[2026-07-07T09:33:57.671+0000] {processor.py:830} INFO - Processing file /home/airflow/.local/lib/python3.8/site-packages/airflow/example_dags/example_xcom.py for tasks to queue
[2026-07-07T09:33:57.684+0000] {logging_mixin.py:188} INFO - [2026-07-07T09:33:57.683+0000] {dagbag.py:538} INFO - Filling up the DagBag from /home/airflow/.local/lib/python3.8/site-packages/airflow/example_dags/example_xcom.py
[2026-07-07T09:33:57.759+0000] {processor.py:840} INFO - DAG(s) 'example_xcom' retrieved from /home/airflow/.local/lib/python3.8/site-packages/airflow/example_dags/example_xcom.py
[2026-07-07T09:33:57.919+0000] {logging_mixin.py:188} INFO - [2026-07-07T09:33:57.918+0000] {dag.py:3036} INFO - Sync 1 DAGs
[2026-07-07T09:33:58.057+0000] {logging_mixin.py:188} INFO - [2026-07-07T09:33:58.056+0000] {dag.py:3823} INFO - Setting next_dagrun for example_xcom to 2021-01-01 00:00:00+00:00, run_after=2021-01-01 00:00:00+00:00
[2026-07-07T09:33:58.138+0000] {processor.py:183} INFO - Processing /home/airflow/.local/lib/python3.8/site-packages/airflow/example_dags/example_xcom.py took 0.492 seconds
[2026-07-07T09:34:29.807+0000] {processor.py:161} INFO - Started process (PID=5844) to work on /home/airflow/.local/lib/python3.8/site-packages/airflow/example_dags/example_xcom.py
[2026-07-07T09:34:29.822+0000] {processor.py:830} INFO - Processing file /home/airflow/.local/lib/python3.8/site-packages/airflow/example_dags/example_xcom.py for tasks to queue
[2026-07-07T09:34:29.825+0000] {logging_mixin.py:188} INFO - [2026-07-07T09:34:29.824+0000] {dagbag.py:538} INFO - Filling up the DagBag from /home/airflow/.local/lib/python3.8/site-packages/airflow/example_dags/example_xcom.py
[2026-07-07T09:34:29.857+0000] {processor.py:840} INFO - DAG(s) 'example_xcom' retrieved from /home/airflow/.local/lib/python3.8/site-packages/airflow/example_dags/example_xcom.py
[2026-07-07T09:34:29.965+0000] {logging_mixin.py:188} INFO - [2026-07-07T09:34:29.964+0000] {dag.py:3036} INFO - Sync 1 DAGs
[2026-07-07T09:34:30.065+0000] {logging_mixin.py:188} INFO - [2026-07-07T09:34:30.064+0000] {dag.py:3823} INFO - Setting next_dagrun for example_xcom to 2021-01-01 00:00:00+00:00, run_after=2021-01-01 00:00:00+00:00
[2026-07-07T09:34:30.142+0000] {processor.py:183} INFO - Processing /home/airflow/.local/lib/python3.8/site-packages/airflow/example_dags/example_xcom.py took 0.356 seconds
[2026-07-07T09:35:02.214+0000] {processor.py:161} INFO - Started process (PID=5911) to work on /home/airflow/.local/lib/python3.8/site-packages/airflow/example_dags/example_xcom.py
[2026-07-07T09:35:02.226+0000] {processor.py:830} INFO - Processing file /home/airflow/.local/lib/python3.8/site-packages/airflow/example_dags/example_xcom.py for tasks to queue
[2026-07-07T09:35:02.228+0000] {logging_mixin.py:188} INFO - [2026-07-07T09:35:02.228+0000] {dagbag.py:538} INFO - Filling up the DagBag from /home/airflow/.local/lib/python3.8/site-packages/airflow/example_dags/example_xcom.py
[2026-07-07T09:35:02.262+0000] {processor.py:840} INFO - DAG(s) 'example_xcom' retrieved from /home/airflow/.local/lib/python3.8/site-packages/airflow/example_dags/example_xcom.py
[2026-07-07T09:35:02.443+0000] {logging_mixin.py:188} INFO - [2026-07-07T09:35:02.442+0000] {dag.py:3036} INFO - Sync 1 DAGs
[2026-07-07T09:35:02.701+0000] {logging_mixin.py:188} INFO - [2026-07-07T09:35:02.700+0000] {dag.py:3823} INFO - Setting next_dagrun for example_xcom to 2021-01-01 00:00:00+00:00, run_after=2021-01-01 00:00:00+00:00
[2026-07-07T09:35:02.844+0000] {processor.py:183} INFO - Processing /home/airflow/.local/lib/python3.8/site-packages/airflow/example_dags/example_xcom.py took 0.646 seconds
[2026-07-07T09:35:34.527+0000] {processor.py:161} INFO - Started process (PID=5983) to work on /home/airflow/.local/lib/python3.8/site-packages/airflow/example_dags/example_xcom.py
[2026-07-07T09:35:34.531+0000] {processor.py:830} INFO - Processing file /home/airflow/.local/lib/python3.8/site-packages/airflow/example_dags/example_xcom.py for tasks to queue
[2026-07-07T09:35:34.537+0000] {logging_mixin.py:188} INFO - [2026-07-07T09:35:34.536+0000] {dagbag.py:538} INFO - Filling up the DagBag from /home/airflow/.local/lib/python3.8/site-packages/airflow/example_dags/example_xcom.py
[2026-07-07T09:35:34.574+0000] {processor.py:840} INFO - DAG(s) 'example_xcom' retrieved from /home/airflow/.local/lib/python3.8/site-packages/airflow/example_dags/example_xcom.py
[2026-07-07T09:35:34.943+0000] {logging_mixin.py:188} INFO - [2026-07-07T09:35:34.942+0000] {dag.py:3036} INFO - Sync 1 DAGs
[2026-07-07T09:35:35.107+0000] {logging_mixin.py:188} INFO - [2026-07-07T09:35:35.106+0000] {dag.py:3823} INFO - Setting next_dagrun for example_xcom to 2021-01-01 00:00:00+00:00, run_after=2021-01-01 00:00:00+00:00
[2026-07-07T09:35:35.323+0000] {processor.py:183} INFO - Processing /home/airflow/.local/lib/python3.8/site-packages/airflow/example_dags/example_xcom.py took 0.846 seconds
[2026-07-07T09:36:05.897+0000] {processor.py:161} INFO - Started process (PID=6043) to work on /home/airflow/.local/lib/python3.8/site-packages/airflow/example_dags/example_xcom.py
[2026-07-07T09:36:05.899+0000] {processor.py:830} INFO - Processing file /home/airflow/.local/lib/python3.8/site-packages/airflow/example_dags/example_xcom.py for tasks to queue
[2026-07-07T09:36:05.902+0000] {logging_mixin.py:188} INFO - [2026-07-07T09:36:05.901+0000] {dagbag.py:538} INFO - Filling up the DagBag from /home/airflow/.local/lib/python3.8/site-packages/airflow/example_dags/example_xcom.py
[2026-07-07T09:36:05.952+0000] {processor.py:840} INFO - DAG(s) 'example_xcom' retrieved from /home/airflow/.local/lib/python3.8/site-packages/airflow/example_dags/example_xcom.py
[2026-07-07T09:36:06.107+0000] {logging_mixin.py:188} INFO - [2026-07-07T09:36:06.106+0000] {dag.py:3036} INFO - Sync 1 DAGs
[2026-07-07T09:36:06.186+0000] {logging_mixin.py:188} INFO - [2026-07-07T09:36:06.185+0000] {dag.py:3823} INFO - Setting next_dagrun for example_xcom to 2021-01-01 00:00:00+00:00, run_after=2021-01-01 00:00:00+00:00
[2026-07-07T09:36:06.238+0000] {processor.py:183} INFO - Processing /home/airflow/.local/lib/python3.8/site-packages/airflow/example_dags/example_xcom.py took 0.360 seconds
[2026-07-07T09:36:37.160+0000] {processor.py:161} INFO - Started process (PID=6112) to work on /home/airflow/.local/lib/python3.8/site-packages/airflow/example_dags/example_xcom.py
[2026-07-07T09:36:37.184+0000] {processor.py:830} INFO - Processing file /home/airflow/.local/lib/python3.8/site-packages/airflow/example_dags/example_xcom.py for tasks to queue
[2026-07-07T09:36:37.186+0000] {logging_mixin.py:188} INFO - [2026-07-07T09:36:37.185+0000] {dagbag.py:538} INFO - Filling up the DagBag from /home/airflow/.local/lib/python3.8/site-packages/airflow/example_dags/example_xcom.py
[2026-07-07T09:36:37.305+0000] {processor.py:840} INFO - DAG(s) 'example_xcom' retrieved from /home/airflow/.local/lib/python3.8/site-packages/airflow/example_dags/example_xcom.py
[2026-07-07T09:36:37.617+0000] {logging_mixin.py:188} INFO - [2026-07-07T09:36:37.616+0000] {dag.py:3036} INFO - Sync 1 DAGs
[2026-07-07T09:36:37.830+0000] {logging_mixin.py:188} INFO - [2026-07-07T09:36:37.829+0000] {dag.py:3823} INFO - Setting next_dagrun for example_xcom to 2021-01-01 00:00:00+00:00, run_after=2021-01-01 00:00:00+00:00
[2026-07-07T09:36:38.020+0000] {processor.py:183} INFO - Processing /home/airflow/.local/lib/python3.8/site-packages/airflow/example_dags/example_xcom.py took 0.919 seconds
[2026-07-07T09:37:08.475+0000] {processor.py:161} INFO - Started process (PID=6179) to work on /home/airflow/.local/lib/python3.8/site-packages/airflow/example_dags/example_xcom.py
[2026-07-07T09:37:08.480+0000] {processor.py:830} INFO - Processing file /home/airflow/.local/lib/python3.8/site-packages/airflow/example_dags/example_xcom.py for tasks to queue
[2026-07-07T09:37:08.482+0000] {logging_mixin.py:188} INFO - [2026-07-07T09:37:08.481+0000] {dagbag.py:538} INFO - Filling up the DagBag from /home/airflow/.local/lib/python3.8/site-packages/airflow/example_dags/example_xcom.py
[2026-07-07T09:37:08.522+0000] {processor.py:840} INFO - DAG(s) 'example_xcom' retrieved from /home/airflow/.local/lib/python3.8/site-packages/airflow/example_dags/example_xcom.py
[2026-07-07T09:37:08.620+0000] {logging_mixin.py:188} INFO - [2026-07-07T09:37:08.620+0000] {dag.py:3036} INFO - Sync 1 DAGs
[2026-07-07T09:37:08.695+0000] {logging_mixin.py:188} INFO - [2026-07-07T09:37:08.694+0000] {dag.py:3823} INFO - Setting next_dagrun for example_xcom to 2021-01-01 00:00:00+00:00, run_after=2021-01-01 00:00:00+00:00
[2026-07-07T09:37:08.754+0000] {processor.py:183} INFO - Processing /home/airflow/.local/lib/python3.8/site-packages/airflow/example_dags/example_xcom.py took 0.291 seconds
[2026-07-07T09:37:39.760+0000] {processor.py:161} INFO - Started process (PID=6237) to work on /home/airflow/.local/lib/python3.8/site-packages/airflow/example_dags/example_xcom.py
[2026-07-07T09:37:39.768+0000] {processor.py:830} INFO - Processing file /home/airflow/.local/lib/python3.8/site-packages/airflow/example_dags/example_xcom.py for tasks to queue
[2026-07-07T09:37:39.770+0000] {logging_mixin.py:188} INFO - [2026-07-07T09:37:39.769+0000] {dagbag.py:538} INFO - Filling up the DagBag from /home/airflow/.local/lib/python3.8/site-packages/airflow/example_dags/example_xcom.py
[2026-07-07T09:37:39.811+0000] {processor.py:840} INFO - DAG(s) 'example_xcom' retrieved from /home/airflow/.local/lib/python3.8/site-packages/airflow/example_dags/example_xcom.py
[2026-07-07T09:37:39.970+0000] {logging_mixin.py:188} INFO - [2026-07-07T09:37:39.969+0000] {dag.py:3036} INFO - Sync 1 DAGs
[2026-07-07T09:37:40.033+0000] {logging_mixin.py:188} INFO - [2026-07-07T09:37:40.032+0000] {dag.py:3823} INFO - Setting next_dagrun for example_xcom to 2021-01-01 00:00:00+00:00, run_after=2021-01-01 00:00:00+00:00
[2026-07-07T09:37:40.124+0000] {processor.py:183} INFO - Processing /home/airflow/.local/lib/python3.8/site-packages/airflow/example_dags/example_xcom.py took 0.382 seconds
[2026-07-07T09:38:10.733+0000] {processor.py:161} INFO - Started process (PID=6303) to work on /home/airflow/.local/lib/python3.8/site-packages/airflow/example_dags/example_xcom.py
[2026-07-07T09:38:10.735+0000] {processor.py:830} INFO - Processing file /home/airflow/.local/lib/python3.8/site-packages/airflow/example_dags/example_xcom.py for tasks to queue
[2026-07-07T09:38:10.738+0000] {logging_mixin.py:188} INFO - [2026-07-07T09:38:10.737+0000] {dagbag.py:538} INFO - Filling up the DagBag from /home/airflow/.local/lib/python3.8/site-packages/airflow/example_dags/example_xcom.py
[2026-07-07T09:38:10.761+0000] {processor.py:840} INFO - DAG(s) 'example_xcom' retrieved from /home/airflow/.local/lib/python3.8/site-packages/airflow/example_dags/example_xcom.py
[2026-07-07T09:38:10.822+0000] {logging_mixin.py:188} INFO - [2026-07-07T09:38:10.821+0000] {dag.py:3036} INFO - Sync 1 DAGs
[2026-07-07T09:38:10.882+0000] {logging_mixin.py:188} INFO - [2026-07-07T09:38:10.881+0000] {dag.py:3823} INFO - Setting next_dagrun for example_xcom to 2021-01-01 00:00:00+00:00, run_after=2021-01-01 00:00:00+00:00
[2026-07-07T09:38:10.935+0000] {processor.py:183} INFO - Processing /home/airflow/.local/lib/python3.8/site-packages/airflow/example_dags/example_xcom.py took 0.211 seconds
[2026-07-07T09:38:42.047+0000] {processor.py:161} INFO - Started process (PID=6370) to work on /home/airflow/.local/lib/python3.8/site-packages/airflow/example_dags/example_xcom.py
[2026-07-07T09:38:42.080+0000] {processor.py:830} INFO - Processing file /home/airflow/.local/lib/python3.8/site-packages/airflow/example_dags/example_xcom.py for tasks to queue
[2026-07-07T09:38:42.084+0000] {logging_mixin.py:188} INFO - [2026-07-07T09:38:42.083+0000] {dagbag.py:538} INFO - Filling up the DagBag from /home/airflow/.local/lib/python3.8/site-packages/airflow/example_dags/example_xcom.py
[2026-07-07T09:38:42.129+0000] {processor.py:840} INFO - DAG(s) 'example_xcom' retrieved from /home/airflow/.local/lib/python3.8/site-packages/airflow/example_dags/example_xcom.py
[2026-07-07T09:38:42.246+0000] {logging_mixin.py:188} INFO - [2026-07-07T09:38:42.246+0000] {dag.py:3036} INFO - Sync 1 DAGs
[2026-07-07T09:38:42.339+0000] {logging_mixin.py:188} INFO - [2026-07-07T09:38:42.338+0000] {dag.py:3823} INFO - Setting next_dagrun for example_xcom to 2021-01-01 00:00:00+00:00, run_after=2021-01-01 00:00:00+00:00
[2026-07-07T09:38:42.409+0000] {processor.py:183} INFO - Processing /home/airflow/.local/lib/python3.8/site-packages/airflow/example_dags/example_xcom.py took 0.412 seconds
[2026-07-07T09:39:13.027+0000] {processor.py:161} INFO - Started process (PID=6429) to work on /home/airflow/.local/lib/python3.8/site-packages/airflow/example_dags/example_xcom.py
[2026-07-07T09:39:13.029+0000] {processor.py:830} INFO - Processing file /home/airflow/.local/lib/python3.8/site-packages/airflow/example_dags/example_xcom.py for tasks to queue
[2026-07-07T09:39:13.031+0000] {logging_mixin.py:188} INFO - [2026-07-07T09:39:13.030+0000] {dagbag.py:538} INFO - Filling up the DagBag from /home/airflow/.local/lib/python3.8/site-packages/airflow/example_dags/example_xcom.py
[2026-07-07T09:39:13.057+0000] {processor.py:840} INFO - DAG(s) 'example_xcom' retrieved from /home/airflow/.local/lib/python3.8/site-packages/airflow/example_dags/example_xcom.py
[2026-07-07T09:39:13.141+0000] {logging_mixin.py:188} INFO - [2026-07-07T09:39:13.140+0000] {dag.py:3036} INFO - Sync 1 DAGs
[2026-07-07T09:39:13.234+0000] {logging_mixin.py:188} INFO - [2026-07-07T09:39:13.233+0000] {dag.py:3823} INFO - Setting next_dagrun for example_xcom to 2021-01-01 00:00:00+00:00, run_after=2021-01-01 00:00:00+00:00
[2026-07-07T09:39:13.357+0000] {processor.py:183} INFO - Processing /home/airflow/.local/lib/python3.8/site-packages/airflow/example_dags/example_xcom.py took 0.340 seconds
[2026-07-07T09:39:43.659+0000] {processor.py:161} INFO - Started process (PID=6495) to work on /home/airflow/.local/lib/python3.8/site-packages/airflow/example_dags/example_xcom.py
[2026-07-07T09:39:43.661+0000] {processor.py:830} INFO - Processing file /home/airflow/.local/lib/python3.8/site-packages/airflow/example_dags/example_xcom.py for tasks to queue
[2026-07-07T09:39:43.664+0000] {logging_mixin.py:188} INFO - [2026-07-07T09:39:43.663+0000] {dagbag.py:538} INFO - Filling up the DagBag from /home/airflow/.local/lib/python3.8/site-packages/airflow/example_dags/example_xcom.py
[2026-07-07T09:39:43.685+0000] {processor.py:840} INFO - DAG(s) 'example_xcom' retrieved from /home/airflow/.local/lib/python3.8/site-packages/airflow/example_dags/example_xcom.py
[2026-07-07T09:39:43.737+0000] {logging_mixin.py:188} INFO - [2026-07-07T09:39:43.736+0000] {dag.py:3036} INFO - Sync 1 DAGs
[2026-07-07T09:39:43.784+0000] {logging_mixin.py:188} INFO - [2026-07-07T09:39:43.783+0000] {dag.py:3823} INFO - Setting next_dagrun for example_xcom to 2021-01-01 00:00:00+00:00, run_after=2021-01-01 00:00:00+00:00
[2026-07-07T09:39:43.830+0000] {processor.py:183} INFO - Processing /home/airflow/.local/lib/python3.8/site-packages/airflow/example_dags/example_xcom.py took 0.180 seconds
[2026-07-07T09:40:14.038+0000] {processor.py:161} INFO - Started process (PID=6563) to work on /home/airflow/.local/lib/python3.8/site-packages/airflow/example_dags/example_xcom.py
[2026-07-07T09:40:14.041+0000] {processor.py:830} INFO - Processing file /home/airflow/.local/lib/python3.8/site-packages/airflow/example_dags/example_xcom.py for tasks to queue
[2026-07-07T09:40:14.044+0000] {logging_mixin.py:188} INFO - [2026-07-07T09:40:14.043+0000] {dagbag.py:538} INFO - Filling up the DagBag from /home/airflow/.local/lib/python3.8/site-packages/airflow/example_dags/example_xcom.py
[2026-07-07T09:40:14.079+0000] {processor.py:840} INFO - DAG(s) 'example_xcom' retrieved from /home/airflow/.local/lib/python3.8/site-packages/airflow/example_dags/example_xcom.py
[2026-07-07T09:40:14.152+0000] {logging_mixin.py:188} INFO - [2026-07-07T09:40:14.151+0000] {dag.py:3036} INFO - Sync 1 DAGs
[2026-07-07T09:40:14.223+0000] {logging_mixin.py:188} INFO - [2026-07-07T09:40:14.223+0000] {dag.py:3823} INFO - Setting next_dagrun for example_xcom to 2021-01-01 00:00:00+00:00, run_after=2021-01-01 00:00:00+00:00
[2026-07-07T09:40:14.282+0000] {processor.py:183} INFO - Processing /home/airflow/.local/lib/python3.8/site-packages/airflow/example_dags/example_xcom.py took 0.260 seconds
[2026-07-07T09:40:44.802+0000] {processor.py:161} INFO - Started process (PID=6629) to work on /home/airflow/.local/lib/python3.8/site-packages/airflow/example_dags/example_xcom.py
[2026-07-07T09:40:44.805+0000] {processor.py:830} INFO - Processing file /home/airflow/.local/lib/python3.8/site-packages/airflow/example_dags/example_xcom.py for tasks to queue
[2026-07-07T09:40:44.807+0000] {logging_mixin.py:188} INFO - [2026-07-07T09:40:44.806+0000] {dagbag.py:538} INFO - Filling up the DagBag from /home/airflow/.local/lib/python3.8/site-packages/airflow/example_dags/example_xcom.py
[2026-07-07T09:40:44.828+0000] {processor.py:840} INFO - DAG(s) 'example_xcom' retrieved from /home/airflow/.local/lib/python3.8/site-packages/airflow/example_dags/example_xcom.py
[2026-07-07T09:40:44.888+0000] {logging_mixin.py:188} INFO - [2026-07-07T09:40:44.888+0000] {dag.py:3036} INFO - Sync 1 DAGs
[2026-07-07T09:40:44.931+0000] {logging_mixin.py:188} INFO - [2026-07-07T09:40:44.931+0000] {dag.py:3823} INFO - Setting next_dagrun for example_xcom to 2021-01-01 00:00:00+00:00, run_after=2021-01-01 00:00:00+00:00
[2026-07-07T09:40:44.968+0000] {processor.py:183} INFO - Processing /home/airflow/.local/lib/python3.8/site-packages/airflow/example_dags/example_xcom.py took 0.173 seconds
[2026-07-07T09:41:15.195+0000] {processor.py:161} INFO - Started process (PID=6696) to work on /home/airflow/.local/lib/python3.8/site-packages/airflow/example_dags/example_xcom.py
[2026-07-07T09:41:15.197+0000] {processor.py:830} INFO - Processing file /home/airflow/.local/lib/python3.8/site-packages/airflow/example_dags/example_xcom.py for tasks to queue
[2026-07-07T09:41:15.199+0000] {logging_mixin.py:188} INFO - [2026-07-07T09:41:15.199+0000] {dagbag.py:538} INFO - Filling up the DagBag from /home/airflow/.local/lib/python3.8/site-packages/airflow/example_dags/example_xcom.py
[2026-07-07T09:41:15.219+0000] {processor.py:840} INFO - DAG(s) 'example_xcom' retrieved from /home/airflow/.local/lib/python3.8/site-packages/airflow/example_dags/example_xcom.py
[2026-07-07T09:41:15.259+0000] {logging_mixin.py:188} INFO - [2026-07-07T09:41:15.258+0000] {dag.py:3036} INFO - Sync 1 DAGs
[2026-07-07T09:41:15.292+0000] {logging_mixin.py:188} INFO - [2026-07-07T09:41:15.292+0000] {dag.py:3823} INFO - Setting next_dagrun for example_xcom to 2021-01-01 00:00:00+00:00, run_after=2021-01-01 00:00:00+00:00
[2026-07-07T09:41:15.324+0000] {processor.py:183} INFO - Processing /home/airflow/.local/lib/python3.8/site-packages/airflow/example_dags/example_xcom.py took 0.138 seconds
[2026-07-07T09:41:46.566+0000] {processor.py:161} INFO - Started process (PID=6763) to work on /home/airflow/.local/lib/python3.8/site-packages/airflow/example_dags/example_xcom.py
[2026-07-07T09:41:46.569+0000] {processor.py:830} INFO - Processing file /home/airflow/.local/lib/python3.8/site-packages/airflow/example_dags/example_xcom.py for tasks to queue
[2026-07-07T09:41:46.571+0000] {logging_mixin.py:188} INFO - [2026-07-07T09:41:46.570+0000] {dagbag.py:538} INFO - Filling up the DagBag from /home/airflow/.local/lib/python3.8/site-packages/airflow/example_dags/example_xcom.py
[2026-07-07T09:41:46.586+0000] {processor.py:840} INFO - DAG(s) 'example_xcom' retrieved from /home/airflow/.local/lib/python3.8/site-packages/airflow/example_dags/example_xcom.py
[2026-07-07T09:41:46.627+0000] {logging_mixin.py:188} INFO - [2026-07-07T09:41:46.627+0000] {dag.py:3036} INFO - Sync 1 DAGs
[2026-07-07T09:41:46.662+0000] {logging_mixin.py:188} INFO - [2026-07-07T09:41:46.662+0000] {dag.py:3823} INFO - Setting next_dagrun for example_xcom to 2021-01-01 00:00:00+00:00, run_after=2021-01-01 00:00:00+00:00
[2026-07-07T09:41:46.693+0000] {processor.py:183} INFO - Processing /home/airflow/.local/lib/python3.8/site-packages/airflow/example_dags/example_xcom.py took 0.136 seconds
[2026-07-07T09:42:16.978+0000] {processor.py:161} INFO - Started process (PID=6829) to work on /home/airflow/.local/lib/python3.8/site-packages/airflow/example_dags/example_xcom.py
[2026-07-07T09:42:16.981+0000] {processor.py:830} INFO - Processing file /home/airflow/.local/lib/python3.8/site-packages/airflow/example_dags/example_xcom.py for tasks to queue
[2026-07-07T09:42:16.983+0000] {logging_mixin.py:188} INFO - [2026-07-07T09:42:16.983+0000] {dagbag.py:538} INFO - Filling up the DagBag from /home/airflow/.local/lib/python3.8/site-packages/airflow/example_dags/example_xcom.py
[2026-07-07T09:42:17.001+0000] {processor.py:840} INFO - DAG(s) 'example_xcom' retrieved from /home/airflow/.local/lib/python3.8/site-packages/airflow/example_dags/example_xcom.py
[2026-07-07T09:42:17.050+0000] {logging_mixin.py:188} INFO - [2026-07-07T09:42:17.050+0000] {dag.py:3036} INFO - Sync 1 DAGs
[2026-07-07T09:42:17.087+0000] {logging_mixin.py:188} INFO - [2026-07-07T09:42:17.086+0000] {dag.py:3823} INFO - Setting next_dagrun for example_xcom to 2021-01-01 00:00:00+00:00, run_after=2021-01-01 00:00:00+00:00
[2026-07-07T09:42:17.122+0000] {processor.py:183} INFO - Processing /home/airflow/.local/lib/python3.8/site-packages/airflow/example_dags/example_xcom.py took 0.153 seconds
[2026-07-07T09:42:47.655+0000] {processor.py:161} INFO - Started process (PID=6896) to work on /home/airflow/.local/lib/python3.8/site-packages/airflow/example_dags/example_xcom.py
[2026-07-07T09:42:47.658+0000] {processor.py:830} INFO - Processing file /home/airflow/.local/lib/python3.8/site-packages/airflow/example_dags/example_xcom.py for tasks to queue
[2026-07-07T09:42:47.661+0000] {logging_mixin.py:188} INFO - [2026-07-07T09:42:47.660+0000] {dagbag.py:538} INFO - Filling up the DagBag from /home/airflow/.local/lib/python3.8/site-packages/airflow/example_dags/example_xcom.py
[2026-07-07T09:42:47.679+0000] {processor.py:840} INFO - DAG(s) 'example_xcom' retrieved from /home/airflow/.local/lib/python3.8/site-packages/airflow/example_dags/example_xcom.py
[2026-07-07T09:42:47.720+0000] {logging_mixin.py:188} INFO - [2026-07-07T09:42:47.720+0000] {dag.py:3036} INFO - Sync 1 DAGs
[2026-07-07T09:42:47.757+0000] {logging_mixin.py:188} INFO - [2026-07-07T09:42:47.756+0000] {dag.py:3823} INFO - Setting next_dagrun for example_xcom to 2021-01-01 00:00:00+00:00, run_after=2021-01-01 00:00:00+00:00
[2026-07-07T09:42:47.786+0000] {processor.py:183} INFO - Processing /home/airflow/.local/lib/python3.8/site-packages/airflow/example_dags/example_xcom.py took 0.140 seconds
[2026-07-07T09:43:19.140+0000] {processor.py:161} INFO - Started process (PID=6963) to work on /home/airflow/.local/lib/python3.8/site-packages/airflow/example_dags/example_xcom.py
[2026-07-07T09:43:19.144+0000] {processor.py:830} INFO - Processing file /home/airflow/.local/lib/python3.8/site-packages/airflow/example_dags/example_xcom.py for tasks to queue
[2026-07-07T09:43:19.147+0000] {logging_mixin.py:188} INFO - [2026-07-07T09:43:19.146+0000] {dagbag.py:538} INFO - Filling up the DagBag from /home/airflow/.local/lib/python3.8/site-packages/airflow/example_dags/example_xcom.py
[2026-07-07T09:43:19.186+0000] {processor.py:840} INFO - DAG(s) 'example_xcom' retrieved from /home/airflow/.local/lib/python3.8/site-packages/airflow/example_dags/example_xcom.py
[2026-07-07T09:43:19.316+0000] {logging_mixin.py:188} INFO - [2026-07-07T09:43:19.315+0000] {dag.py:3036} INFO - Sync 1 DAGs
[2026-07-07T09:43:19.437+0000] {logging_mixin.py:188} INFO - [2026-07-07T09:43:19.436+0000] {dag.py:3823} INFO - Setting next_dagrun for example_xcom to 2021-01-01 00:00:00+00:00, run_after=2021-01-01 00:00:00+00:00
[2026-07-07T09:43:19.517+0000] {processor.py:183} INFO - Processing /home/airflow/.local/lib/python3.8/site-packages/airflow/example_dags/example_xcom.py took 0.389 seconds
[2026-07-07T09:43:49.801+0000] {processor.py:161} INFO - Started process (PID=7030) to work on /home/airflow/.local/lib/python3.8/site-packages/airflow/example_dags/example_xcom.py
[2026-07-07T09:43:49.804+0000] {processor.py:830} INFO - Processing file /home/airflow/.local/lib/python3.8/site-packages/airflow/example_dags/example_xcom.py for tasks to queue
[2026-07-07T09:43:49.807+0000] {logging_mixin.py:188} INFO - [2026-07-07T09:43:49.806+0000] {dagbag.py:538} INFO - Filling up the DagBag from /home/airflow/.local/lib/python3.8/site-packages/airflow/example_dags/example_xcom.py
[2026-07-07T09:43:49.842+0000] {processor.py:840} INFO - DAG(s) 'example_xcom' retrieved from /home/airflow/.local/lib/python3.8/site-packages/airflow/example_dags/example_xcom.py
[2026-07-07T09:43:49.903+0000] {logging_mixin.py:188} INFO - [2026-07-07T09:43:49.903+0000] {dag.py:3036} INFO - Sync 1 DAGs
[2026-07-07T09:43:49.960+0000] {logging_mixin.py:188} INFO - [2026-07-07T09:43:49.960+0000] {dag.py:3823} INFO - Setting next_dagrun for example_xcom to 2021-01-01 00:00:00+00:00, run_after=2021-01-01 00:00:00+00:00
[2026-07-07T09:43:50.006+0000] {processor.py:183} INFO - Processing /home/airflow/.local/lib/python3.8/site-packages/airflow/example_dags/example_xcom.py took 0.215 seconds
[2026-07-07T09:44:20.734+0000] {processor.py:161} INFO - Started process (PID=7097) to work on /home/airflow/.local/lib/python3.8/site-packages/airflow/example_dags/example_xcom.py
[2026-07-07T09:44:20.736+0000] {processor.py:830} INFO - Processing file /home/airflow/.local/lib/python3.8/site-packages/airflow/example_dags/example_xcom.py for tasks to queue
[2026-07-07T09:44:20.739+0000] {logging_mixin.py:188} INFO - [2026-07-07T09:44:20.738+0000] {dagbag.py:538} INFO - Filling up the DagBag from /home/airflow/.local/lib/python3.8/site-packages/airflow/example_dags/example_xcom.py
[2026-07-07T09:44:20.761+0000] {processor.py:840} INFO - DAG(s) 'example_xcom' retrieved from /home/airflow/.local/lib/python3.8/site-packages/airflow/example_dags/example_xcom.py
[2026-07-07T09:44:20.821+0000] {logging_mixin.py:188} INFO - [2026-07-07T09:44:20.821+0000] {dag.py:3036} INFO - Sync 1 DAGs
[2026-07-07T09:44:20.880+0000] {logging_mixin.py:188} INFO - [2026-07-07T09:44:20.879+0000] {dag.py:3823} INFO - Setting next_dagrun for example_xcom to 2021-01-01 00:00:00+00:00, run_after=2021-01-01 00:00:00+00:00
[2026-07-07T09:44:20.929+0000] {processor.py:183} INFO - Processing /home/airflow/.local/lib/python3.8/site-packages/airflow/example_dags/example_xcom.py took 0.204 seconds
[2026-07-07T09:44:51.828+0000] {processor.py:161} INFO - Started process (PID=7160) to work on /home/airflow/.local/lib/python3.8/site-packages/airflow/example_dags/example_xcom.py
[2026-07-07T09:44:51.834+0000] {processor.py:830} INFO - Processing file /home/airflow/.local/lib/python3.8/site-packages/airflow/example_dags/example_xcom.py for tasks to queue
[2026-07-07T09:44:51.836+0000] {logging_mixin.py:188} INFO - [2026-07-07T09:44:51.835+0000] {dagbag.py:538} INFO - Filling up the DagBag from /home/airflow/.local/lib/python3.8/site-packages/airflow/example_dags/example_xcom.py
[2026-07-07T09:44:51.955+0000] {processor.py:840} INFO - DAG(s) 'example_xcom' retrieved from /home/airflow/.local/lib/python3.8/site-packages/airflow/example_dags/example_xcom.py
[2026-07-07T09:44:52.160+0000] {logging_mixin.py:188} INFO - [2026-07-07T09:44:52.158+0000] {dag.py:3036} INFO - Sync 1 DAGs
[2026-07-07T09:44:52.370+0000] {logging_mixin.py:188} INFO - [2026-07-07T09:44:52.369+0000] {dag.py:3823} INFO - Setting next_dagrun for example_xcom to 2021-01-01 00:00:00+00:00, run_after=2021-01-01 00:00:00+00:00
[2026-07-07T09:44:52.455+0000] {processor.py:183} INFO - Processing /home/airflow/.local/lib/python3.8/site-packages/airflow/example_dags/example_xcom.py took 0.651 seconds
[2026-07-07T09:45:22.826+0000] {processor.py:161} INFO - Started process (PID=7220) to work on /home/airflow/.local/lib/python3.8/site-packages/airflow/example_dags/example_xcom.py
[2026-07-07T09:45:22.829+0000] {processor.py:830} INFO - Processing file /home/airflow/.local/lib/python3.8/site-packages/airflow/example_dags/example_xcom.py for tasks to queue
[2026-07-07T09:45:22.831+0000] {logging_mixin.py:188} INFO - [2026-07-07T09:45:22.831+0000] {dagbag.py:538} INFO - Filling up the DagBag from /home/airflow/.local/lib/python3.8/site-packages/airflow/example_dags/example_xcom.py
[2026-07-07T09:45:22.848+0000] {processor.py:840} INFO - DAG(s) 'example_xcom' retrieved from /home/airflow/.local/lib/python3.8/site-packages/airflow/example_dags/example_xcom.py
[2026-07-07T09:45:22.902+0000] {logging_mixin.py:188} INFO - [2026-07-07T09:45:22.902+0000] {dag.py:3036} INFO - Sync 1 DAGs
[2026-07-07T09:45:22.956+0000] {logging_mixin.py:188} INFO - [2026-07-07T09:45:22.955+0000] {dag.py:3823} INFO - Setting next_dagrun for example_xcom to 2021-01-01 00:00:00+00:00, run_after=2021-01-01 00:00:00+00:00
[2026-07-07T09:45:23.020+0000] {processor.py:183} INFO - Processing /home/airflow/.local/lib/python3.8/site-packages/airflow/example_dags/example_xcom.py took 0.211 seconds
[2026-07-07T09:45:53.901+0000] {processor.py:161} INFO - Started process (PID=7287) to work on /home/airflow/.local/lib/python3.8/site-packages/airflow/example_dags/example_xcom.py
[2026-07-07T09:45:53.908+0000] {processor.py:830} INFO - Processing file /home/airflow/.local/lib/python3.8/site-packages/airflow/example_dags/example_xcom.py for tasks to queue
[2026-07-07T09:45:53.911+0000] {logging_mixin.py:188} INFO - [2026-07-07T09:45:53.910+0000] {dagbag.py:538} INFO - Filling up the DagBag from /home/airflow/.local/lib/python3.8/site-packages/airflow/example_dags/example_xcom.py
[2026-07-07T09:45:53.954+0000] {processor.py:840} INFO - DAG(s) 'example_xcom' retrieved from /home/airflow/.local/lib/python3.8/site-packages/airflow/example_dags/example_xcom.py
[2026-07-07T09:45:54.018+0000] {logging_mixin.py:188} INFO - [2026-07-07T09:45:54.017+0000] {dag.py:3036} INFO - Sync 1 DAGs
[2026-07-07T09:45:54.065+0000] {logging_mixin.py:188} INFO - [2026-07-07T09:45:54.065+0000] {dag.py:3823} INFO - Setting next_dagrun for example_xcom to 2021-01-01 00:00:00+00:00, run_after=2021-01-01 00:00:00+00:00
[2026-07-07T09:45:54.099+0000] {processor.py:183} INFO - Processing /home/airflow/.local/lib/python3.8/site-packages/airflow/example_dags/example_xcom.py took 0.208 seconds
[2026-07-07T09:46:24.672+0000] {processor.py:161} INFO - Started process (PID=7353) to work on /home/airflow/.local/lib/python3.8/site-packages/airflow/example_dags/example_xcom.py
[2026-07-07T09:46:24.674+0000] {processor.py:830} INFO - Processing file /home/airflow/.local/lib/python3.8/site-packages/airflow/example_dags/example_xcom.py for tasks to queue
[2026-07-07T09:46:24.676+0000] {logging_mixin.py:188} INFO - [2026-07-07T09:46:24.676+0000] {dagbag.py:538} INFO - Filling up the DagBag from /home/airflow/.local/lib/python3.8/site-packages/airflow/example_dags/example_xcom.py
[2026-07-07T09:46:24.702+0000] {processor.py:840} INFO - DAG(s) 'example_xcom' retrieved from /home/airflow/.local/lib/python3.8/site-packages/airflow/example_dags/example_xcom.py
[2026-07-07T09:46:24.758+0000] {logging_mixin.py:188} INFO - [2026-07-07T09:46:24.757+0000] {dag.py:3036} INFO - Sync 1 DAGs
[2026-07-07T09:46:24.831+0000] {logging_mixin.py:188} INFO - [2026-07-07T09:46:24.830+0000] {dag.py:3823} INFO - Setting next_dagrun for example_xcom to 2021-01-01 00:00:00+00:00, run_after=2021-01-01 00:00:00+00:00
[2026-07-07T09:46:24.936+0000] {processor.py:183} INFO - Processing /home/airflow/.local/lib/python3.8/site-packages/airflow/example_dags/example_xcom.py took 0.273 seconds
[2026-07-07T09:46:55.198+0000] {processor.py:161} INFO - Started process (PID=7411) to work on /home/airflow/.local/lib/python3.8/site-packages/airflow/example_dags/example_xcom.py
[2026-07-07T09:46:55.210+0000] {processor.py:830} INFO - Processing file /home/airflow/.local/lib/python3.8/site-packages/airflow/example_dags/example_xcom.py for tasks to queue
[2026-07-07T09:46:55.214+0000] {logging_mixin.py:188} INFO - [2026-07-07T09:46:55.211+0000] {dagbag.py:538} INFO - Filling up the DagBag from /home/airflow/.local/lib/python3.8/site-packages/airflow/example_dags/example_xcom.py
[2026-07-07T09:46:55.237+0000] {processor.py:840} INFO - DAG(s) 'example_xcom' retrieved from /home/airflow/.local/lib/python3.8/site-packages/airflow/example_dags/example_xcom.py
[2026-07-07T09:46:55.295+0000] {logging_mixin.py:188} INFO - [2026-07-07T09:46:55.294+0000] {dag.py:3036} INFO - Sync 1 DAGs
[2026-07-07T09:46:55.363+0000] {logging_mixin.py:188} INFO - [2026-07-07T09:46:55.363+0000] {dag.py:3823} INFO - Setting next_dagrun for example_xcom to 2021-01-01 00:00:00+00:00, run_after=2021-01-01 00:00:00+00:00
[2026-07-07T09:46:55.423+0000] {processor.py:183} INFO - Processing /home/airflow/.local/lib/python3.8/site-packages/airflow/example_dags/example_xcom.py took 0.243 seconds
