[2026-07-07T09:07:57.505+0000] {processor.py:161} INFO - Started process (PID=4116) to work on /home/airflow/.local/lib/python3.8/site-packages/airflow/example_dags/example_latest_only_with_trigger.py
[2026-07-07T09:07:57.508+0000] {processor.py:830} INFO - Processing file /home/airflow/.local/lib/python3.8/site-packages/airflow/example_dags/example_latest_only_with_trigger.py for tasks to queue
[2026-07-07T09:07:57.513+0000] {logging_mixin.py:188} INFO - [2026-07-07T09:07:57.511+0000] {dagbag.py:538} INFO - Filling up the DagBag from /home/airflow/.local/lib/python3.8/site-packages/airflow/example_dags/example_latest_only_with_trigger.py
[2026-07-07T09:07:57.899+0000] {processor.py:840} INFO - DAG(s) 'latest_only_with_trigger' retrieved from /home/airflow/.local/lib/python3.8/site-packages/airflow/example_dags/example_latest_only_with_trigger.py
[2026-07-07T09:07:58.792+0000] {logging_mixin.py:188} INFO - [2026-07-07T09:07:58.791+0000] {dag.py:3036} INFO - Sync 1 DAGs
[2026-07-07T09:08:00.057+0000] {logging_mixin.py:188} INFO - [2026-07-07T09:08:00.038+0000] {dag.py:3823} INFO - Setting next_dagrun for latest_only_with_trigger to 2026-07-07 04:00:00+00:00, run_after=2026-07-07 08:00:00+00:00
[2026-07-07T09:08:00.465+0000] {processor.py:183} INFO - Processing /home/airflow/.local/lib/python3.8/site-packages/airflow/example_dags/example_latest_only_with_trigger.py took 3.078 seconds
[2026-07-07T09:09:27.673+0000] {processor.py:161} INFO - Started process (PID=4216) to work on /home/airflow/.local/lib/python3.8/site-packages/airflow/example_dags/example_latest_only_with_trigger.py
[2026-07-07T09:09:27.676+0000] {processor.py:830} INFO - Processing file /home/airflow/.local/lib/python3.8/site-packages/airflow/example_dags/example_latest_only_with_trigger.py for tasks to queue
[2026-07-07T09:09:27.680+0000] {logging_mixin.py:188} INFO - [2026-07-07T09:09:27.679+0000] {dagbag.py:538} INFO - Filling up the DagBag from /home/airflow/.local/lib/python3.8/site-packages/airflow/example_dags/example_latest_only_with_trigger.py
[2026-07-07T09:09:27.699+0000] {processor.py:840} INFO - DAG(s) 'latest_only_with_trigger' retrieved from /home/airflow/.local/lib/python3.8/site-packages/airflow/example_dags/example_latest_only_with_trigger.py
[2026-07-07T09:09:27.756+0000] {logging_mixin.py:188} INFO - [2026-07-07T09:09:27.755+0000] {dag.py:3036} INFO - Sync 1 DAGs
[2026-07-07T09:09:27.817+0000] {logging_mixin.py:188} INFO - [2026-07-07T09:09:27.816+0000] {dag.py:3823} INFO - Setting next_dagrun for latest_only_with_trigger to 2026-07-07 04:00:00+00:00, run_after=2026-07-07 08:00:00+00:00
[2026-07-07T09:09:27.874+0000] {processor.py:183} INFO - Processing /home/airflow/.local/lib/python3.8/site-packages/airflow/example_dags/example_latest_only_with_trigger.py took 0.209 seconds
[2026-07-07T09:09:58.258+0000] {processor.py:161} INFO - Started process (PID=4283) to work on /home/airflow/.local/lib/python3.8/site-packages/airflow/example_dags/example_latest_only_with_trigger.py
[2026-07-07T09:09:58.261+0000] {processor.py:830} INFO - Processing file /home/airflow/.local/lib/python3.8/site-packages/airflow/example_dags/example_latest_only_with_trigger.py for tasks to queue
[2026-07-07T09:09:58.263+0000] {logging_mixin.py:188} INFO - [2026-07-07T09:09:58.262+0000] {dagbag.py:538} INFO - Filling up the DagBag from /home/airflow/.local/lib/python3.8/site-packages/airflow/example_dags/example_latest_only_with_trigger.py
[2026-07-07T09:09:58.278+0000] {processor.py:840} INFO - DAG(s) 'latest_only_with_trigger' retrieved from /home/airflow/.local/lib/python3.8/site-packages/airflow/example_dags/example_latest_only_with_trigger.py
[2026-07-07T09:09:58.323+0000] {logging_mixin.py:188} INFO - [2026-07-07T09:09:58.322+0000] {dag.py:3036} INFO - Sync 1 DAGs
[2026-07-07T09:09:58.369+0000] {logging_mixin.py:188} INFO - [2026-07-07T09:09:58.369+0000] {dag.py:3823} INFO - Setting next_dagrun for latest_only_with_trigger to 2026-07-07 04:00:00+00:00, run_after=2026-07-07 08:00:00+00:00
[2026-07-07T09:09:58.406+0000] {processor.py:183} INFO - Processing /home/airflow/.local/lib/python3.8/site-packages/airflow/example_dags/example_latest_only_with_trigger.py took 0.156 seconds
[2026-07-07T09:10:29.479+0000] {processor.py:161} INFO - Started process (PID=4350) to work on /home/airflow/.local/lib/python3.8/site-packages/airflow/example_dags/example_latest_only_with_trigger.py
[2026-07-07T09:10:29.486+0000] {processor.py:830} INFO - Processing file /home/airflow/.local/lib/python3.8/site-packages/airflow/example_dags/example_latest_only_with_trigger.py for tasks to queue
[2026-07-07T09:10:29.488+0000] {logging_mixin.py:188} INFO - [2026-07-07T09:10:29.487+0000] {dagbag.py:538} INFO - Filling up the DagBag from /home/airflow/.local/lib/python3.8/site-packages/airflow/example_dags/example_latest_only_with_trigger.py
[2026-07-07T09:10:29.509+0000] {processor.py:840} INFO - DAG(s) 'latest_only_with_trigger' retrieved from /home/airflow/.local/lib/python3.8/site-packages/airflow/example_dags/example_latest_only_with_trigger.py
[2026-07-07T09:10:29.611+0000] {logging_mixin.py:188} INFO - [2026-07-07T09:10:29.610+0000] {dag.py:3036} INFO - Sync 1 DAGs
[2026-07-07T09:10:29.744+0000] {logging_mixin.py:188} INFO - [2026-07-07T09:10:29.743+0000] {dag.py:3823} INFO - Setting next_dagrun for latest_only_with_trigger to 2026-07-07 04:00:00+00:00, run_after=2026-07-07 08:00:00+00:00
[2026-07-07T09:10:29.830+0000] {processor.py:183} INFO - Processing /home/airflow/.local/lib/python3.8/site-packages/airflow/example_dags/example_latest_only_with_trigger.py took 0.362 seconds
[2026-07-07T09:12:08.225+0000] {processor.py:161} INFO - Started process (PID=4436) to work on /home/airflow/.local/lib/python3.8/site-packages/airflow/example_dags/example_latest_only_with_trigger.py
[2026-07-07T09:12:08.235+0000] {processor.py:830} INFO - Processing file /home/airflow/.local/lib/python3.8/site-packages/airflow/example_dags/example_latest_only_with_trigger.py for tasks to queue
[2026-07-07T09:12:08.288+0000] {logging_mixin.py:188} INFO - [2026-07-07T09:12:08.286+0000] {dagbag.py:538} INFO - Filling up the DagBag from /home/airflow/.local/lib/python3.8/site-packages/airflow/example_dags/example_latest_only_with_trigger.py
[2026-07-07T09:12:08.494+0000] {processor.py:840} INFO - DAG(s) 'latest_only_with_trigger' retrieved from /home/airflow/.local/lib/python3.8/site-packages/airflow/example_dags/example_latest_only_with_trigger.py
[2026-07-07T09:12:09.807+0000] {logging_mixin.py:188} INFO - [2026-07-07T09:12:09.806+0000] {dag.py:3036} INFO - Sync 1 DAGs
[2026-07-07T09:12:10.614+0000] {logging_mixin.py:188} INFO - [2026-07-07T09:12:10.614+0000] {dag.py:3823} INFO - Setting next_dagrun for latest_only_with_trigger to 2026-07-07 04:00:00+00:00, run_after=2026-07-07 08:00:00+00:00
[2026-07-07T09:12:12.234+0000] {processor.py:183} INFO - Processing /home/airflow/.local/lib/python3.8/site-packages/airflow/example_dags/example_latest_only_with_trigger.py took 4.607 seconds
[2026-07-07T09:19:51.573+0000] {processor.py:161} INFO - Started process (PID=4628) to work on /home/airflow/.local/lib/python3.8/site-packages/airflow/example_dags/example_latest_only_with_trigger.py
[2026-07-07T09:19:51.780+0000] {processor.py:830} INFO - Processing file /home/airflow/.local/lib/python3.8/site-packages/airflow/example_dags/example_latest_only_with_trigger.py for tasks to queue
[2026-07-07T09:19:51.783+0000] {logging_mixin.py:188} INFO - [2026-07-07T09:19:51.782+0000] {dagbag.py:538} INFO - Filling up the DagBag from /home/airflow/.local/lib/python3.8/site-packages/airflow/example_dags/example_latest_only_with_trigger.py
[2026-07-07T09:19:53.860+0000] {processor.py:840} INFO - DAG(s) 'latest_only_with_trigger' retrieved from /home/airflow/.local/lib/python3.8/site-packages/airflow/example_dags/example_latest_only_with_trigger.py
[2026-07-07T09:19:55.528+0000] {logging_mixin.py:188} INFO - [2026-07-07T09:19:55.527+0000] {dag.py:3036} INFO - Sync 1 DAGs
[2026-07-07T09:19:58.690+0000] {logging_mixin.py:188} INFO - [2026-07-07T09:19:58.688+0000] {dag.py:3823} INFO - Setting next_dagrun for latest_only_with_trigger to 2026-07-07 04:00:00+00:00, run_after=2026-07-07 08:00:00+00:00
[2026-07-07T09:19:59.940+0000] {processor.py:183} INFO - Processing /home/airflow/.local/lib/python3.8/site-packages/airflow/example_dags/example_latest_only_with_trigger.py took 8.830 seconds
[2026-07-07T09:23:22.365+0000] {processor.py:161} INFO - Started process (PID=4744) to work on /home/airflow/.local/lib/python3.8/site-packages/airflow/example_dags/example_latest_only_with_trigger.py
[2026-07-07T09:23:22.410+0000] {processor.py:830} INFO - Processing file /home/airflow/.local/lib/python3.8/site-packages/airflow/example_dags/example_latest_only_with_trigger.py for tasks to queue
[2026-07-07T09:23:22.438+0000] {logging_mixin.py:188} INFO - [2026-07-07T09:23:22.412+0000] {dagbag.py:538} INFO - Filling up the DagBag from /home/airflow/.local/lib/python3.8/site-packages/airflow/example_dags/example_latest_only_with_trigger.py
[2026-07-07T09:23:22.725+0000] {processor.py:840} INFO - DAG(s) 'latest_only_with_trigger' retrieved from /home/airflow/.local/lib/python3.8/site-packages/airflow/example_dags/example_latest_only_with_trigger.py
[2026-07-07T09:23:24.632+0000] {logging_mixin.py:188} INFO - [2026-07-07T09:23:24.632+0000] {dag.py:3036} INFO - Sync 1 DAGs
[2026-07-07T09:23:26.569+0000] {logging_mixin.py:188} INFO - [2026-07-07T09:23:26.568+0000] {dag.py:3823} INFO - Setting next_dagrun for latest_only_with_trigger to 2026-07-07 04:00:00+00:00, run_after=2026-07-07 08:00:00+00:00
[2026-07-07T09:23:27.282+0000] {processor.py:183} INFO - Processing /home/airflow/.local/lib/python3.8/site-packages/airflow/example_dags/example_latest_only_with_trigger.py took 5.282 seconds
[2026-07-07T09:25:16.359+0000] {processor.py:161} INFO - Started process (PID=4830) to work on /home/airflow/.local/lib/python3.8/site-packages/airflow/example_dags/example_latest_only_with_trigger.py
[2026-07-07T09:25:16.377+0000] {processor.py:830} INFO - Processing file /home/airflow/.local/lib/python3.8/site-packages/airflow/example_dags/example_latest_only_with_trigger.py for tasks to queue
[2026-07-07T09:25:16.401+0000] {logging_mixin.py:188} INFO - [2026-07-07T09:25:16.379+0000] {dagbag.py:538} INFO - Filling up the DagBag from /home/airflow/.local/lib/python3.8/site-packages/airflow/example_dags/example_latest_only_with_trigger.py
[2026-07-07T09:25:16.751+0000] {processor.py:840} INFO - DAG(s) 'latest_only_with_trigger' retrieved from /home/airflow/.local/lib/python3.8/site-packages/airflow/example_dags/example_latest_only_with_trigger.py
[2026-07-07T09:25:17.545+0000] {logging_mixin.py:188} INFO - [2026-07-07T09:25:17.544+0000] {dag.py:3036} INFO - Sync 1 DAGs
[2026-07-07T09:25:17.959+0000] {logging_mixin.py:188} INFO - [2026-07-07T09:25:17.948+0000] {dag.py:3823} INFO - Setting next_dagrun for latest_only_with_trigger to 2026-07-07 04:00:00+00:00, run_after=2026-07-07 08:00:00+00:00
[2026-07-07T09:25:18.248+0000] {processor.py:183} INFO - Processing /home/airflow/.local/lib/python3.8/site-packages/airflow/example_dags/example_latest_only_with_trigger.py took 1.927 seconds
[2026-07-07T09:26:32.375+0000] {processor.py:161} INFO - Started process (PID=4906) to work on /home/airflow/.local/lib/python3.8/site-packages/airflow/example_dags/example_latest_only_with_trigger.py
[2026-07-07T09:26:32.382+0000] {processor.py:830} INFO - Processing file /home/airflow/.local/lib/python3.8/site-packages/airflow/example_dags/example_latest_only_with_trigger.py for tasks to queue
[2026-07-07T09:26:32.384+0000] {logging_mixin.py:188} INFO - [2026-07-07T09:26:32.383+0000] {dagbag.py:538} INFO - Filling up the DagBag from /home/airflow/.local/lib/python3.8/site-packages/airflow/example_dags/example_latest_only_with_trigger.py
[2026-07-07T09:26:32.432+0000] {processor.py:840} INFO - DAG(s) 'latest_only_with_trigger' retrieved from /home/airflow/.local/lib/python3.8/site-packages/airflow/example_dags/example_latest_only_with_trigger.py
[2026-07-07T09:26:32.643+0000] {logging_mixin.py:188} INFO - [2026-07-07T09:26:32.642+0000] {dag.py:3036} INFO - Sync 1 DAGs
[2026-07-07T09:26:32.744+0000] {logging_mixin.py:188} INFO - [2026-07-07T09:26:32.743+0000] {dag.py:3823} INFO - Setting next_dagrun for latest_only_with_trigger to 2026-07-07 04:00:00+00:00, run_after=2026-07-07 08:00:00+00:00
[2026-07-07T09:26:32.858+0000] {processor.py:183} INFO - Processing /home/airflow/.local/lib/python3.8/site-packages/airflow/example_dags/example_latest_only_with_trigger.py took 0.503 seconds
[2026-07-07T09:27:03.618+0000] {processor.py:161} INFO - Started process (PID=4973) to work on /home/airflow/.local/lib/python3.8/site-packages/airflow/example_dags/example_latest_only_with_trigger.py
[2026-07-07T09:27:03.621+0000] {processor.py:830} INFO - Processing file /home/airflow/.local/lib/python3.8/site-packages/airflow/example_dags/example_latest_only_with_trigger.py for tasks to queue
[2026-07-07T09:27:03.625+0000] {logging_mixin.py:188} INFO - [2026-07-07T09:27:03.624+0000] {dagbag.py:538} INFO - Filling up the DagBag from /home/airflow/.local/lib/python3.8/site-packages/airflow/example_dags/example_latest_only_with_trigger.py
[2026-07-07T09:27:03.670+0000] {processor.py:840} INFO - DAG(s) 'latest_only_with_trigger' retrieved from /home/airflow/.local/lib/python3.8/site-packages/airflow/example_dags/example_latest_only_with_trigger.py
[2026-07-07T09:27:03.830+0000] {logging_mixin.py:188} INFO - [2026-07-07T09:27:03.829+0000] {dag.py:3036} INFO - Sync 1 DAGs
[2026-07-07T09:27:04.077+0000] {logging_mixin.py:188} INFO - [2026-07-07T09:27:04.076+0000] {dag.py:3823} INFO - Setting next_dagrun for latest_only_with_trigger to 2026-07-07 04:00:00+00:00, run_after=2026-07-07 08:00:00+00:00
[2026-07-07T09:27:04.406+0000] {processor.py:183} INFO - Processing /home/airflow/.local/lib/python3.8/site-packages/airflow/example_dags/example_latest_only_with_trigger.py took 0.831 seconds
[2026-07-07T09:27:34.872+0000] {processor.py:161} INFO - Started process (PID=5031) to work on /home/airflow/.local/lib/python3.8/site-packages/airflow/example_dags/example_latest_only_with_trigger.py
[2026-07-07T09:27:34.875+0000] {processor.py:830} INFO - Processing file /home/airflow/.local/lib/python3.8/site-packages/airflow/example_dags/example_latest_only_with_trigger.py for tasks to queue
[2026-07-07T09:27:34.877+0000] {logging_mixin.py:188} INFO - [2026-07-07T09:27:34.877+0000] {dagbag.py:538} INFO - Filling up the DagBag from /home/airflow/.local/lib/python3.8/site-packages/airflow/example_dags/example_latest_only_with_trigger.py
[2026-07-07T09:27:34.906+0000] {processor.py:840} INFO - DAG(s) 'latest_only_with_trigger' retrieved from /home/airflow/.local/lib/python3.8/site-packages/airflow/example_dags/example_latest_only_with_trigger.py
[2026-07-07T09:27:34.989+0000] {logging_mixin.py:188} INFO - [2026-07-07T09:27:34.989+0000] {dag.py:3036} INFO - Sync 1 DAGs
[2026-07-07T09:27:35.074+0000] {logging_mixin.py:188} INFO - [2026-07-07T09:27:35.073+0000] {dag.py:3823} INFO - Setting next_dagrun for latest_only_with_trigger to 2026-07-07 04:00:00+00:00, run_after=2026-07-07 08:00:00+00:00
[2026-07-07T09:27:35.150+0000] {processor.py:183} INFO - Processing /home/airflow/.local/lib/python3.8/site-packages/airflow/example_dags/example_latest_only_with_trigger.py took 0.289 seconds
[2026-07-07T09:28:05.975+0000] {processor.py:161} INFO - Started process (PID=5098) to work on /home/airflow/.local/lib/python3.8/site-packages/airflow/example_dags/example_latest_only_with_trigger.py
[2026-07-07T09:28:05.998+0000] {processor.py:830} INFO - Processing file /home/airflow/.local/lib/python3.8/site-packages/airflow/example_dags/example_latest_only_with_trigger.py for tasks to queue
[2026-07-07T09:28:06.013+0000] {logging_mixin.py:188} INFO - [2026-07-07T09:28:06.012+0000] {dagbag.py:538} INFO - Filling up the DagBag from /home/airflow/.local/lib/python3.8/site-packages/airflow/example_dags/example_latest_only_with_trigger.py
[2026-07-07T09:28:06.097+0000] {processor.py:840} INFO - DAG(s) 'latest_only_with_trigger' retrieved from /home/airflow/.local/lib/python3.8/site-packages/airflow/example_dags/example_latest_only_with_trigger.py
[2026-07-07T09:28:06.355+0000] {logging_mixin.py:188} INFO - [2026-07-07T09:28:06.354+0000] {dag.py:3036} INFO - Sync 1 DAGs
[2026-07-07T09:28:06.544+0000] {logging_mixin.py:188} INFO - [2026-07-07T09:28:06.541+0000] {dag.py:3823} INFO - Setting next_dagrun for latest_only_with_trigger to 2026-07-07 04:00:00+00:00, run_after=2026-07-07 08:00:00+00:00
[2026-07-07T09:28:06.678+0000] {processor.py:183} INFO - Processing /home/airflow/.local/lib/python3.8/site-packages/airflow/example_dags/example_latest_only_with_trigger.py took 0.799 seconds
[2026-07-07T09:28:47.302+0000] {processor.py:161} INFO - Started process (PID=5166) to work on /home/airflow/.local/lib/python3.8/site-packages/airflow/example_dags/example_latest_only_with_trigger.py
[2026-07-07T09:28:47.326+0000] {processor.py:830} INFO - Processing file /home/airflow/.local/lib/python3.8/site-packages/airflow/example_dags/example_latest_only_with_trigger.py for tasks to queue
[2026-07-07T09:28:47.329+0000] {logging_mixin.py:188} INFO - [2026-07-07T09:28:47.328+0000] {dagbag.py:538} INFO - Filling up the DagBag from /home/airflow/.local/lib/python3.8/site-packages/airflow/example_dags/example_latest_only_with_trigger.py
[2026-07-07T09:28:47.389+0000] {processor.py:840} INFO - DAG(s) 'latest_only_with_trigger' retrieved from /home/airflow/.local/lib/python3.8/site-packages/airflow/example_dags/example_latest_only_with_trigger.py
[2026-07-07T09:28:47.525+0000] {logging_mixin.py:188} INFO - [2026-07-07T09:28:47.525+0000] {dag.py:3036} INFO - Sync 1 DAGs
[2026-07-07T09:28:47.647+0000] {logging_mixin.py:188} INFO - [2026-07-07T09:28:47.645+0000] {dag.py:3823} INFO - Setting next_dagrun for latest_only_with_trigger to 2026-07-07 04:00:00+00:00, run_after=2026-07-07 08:00:00+00:00
[2026-07-07T09:28:47.742+0000] {processor.py:183} INFO - Processing /home/airflow/.local/lib/python3.8/site-packages/airflow/example_dags/example_latest_only_with_trigger.py took 0.461 seconds
[2026-07-07T09:29:18.772+0000] {processor.py:161} INFO - Started process (PID=5226) to work on /home/airflow/.local/lib/python3.8/site-packages/airflow/example_dags/example_latest_only_with_trigger.py
[2026-07-07T09:29:18.776+0000] {processor.py:830} INFO - Processing file /home/airflow/.local/lib/python3.8/site-packages/airflow/example_dags/example_latest_only_with_trigger.py for tasks to queue
[2026-07-07T09:29:18.785+0000] {logging_mixin.py:188} INFO - [2026-07-07T09:29:18.778+0000] {dagbag.py:538} INFO - Filling up the DagBag from /home/airflow/.local/lib/python3.8/site-packages/airflow/example_dags/example_latest_only_with_trigger.py
[2026-07-07T09:29:18.823+0000] {processor.py:840} INFO - DAG(s) 'latest_only_with_trigger' retrieved from /home/airflow/.local/lib/python3.8/site-packages/airflow/example_dags/example_latest_only_with_trigger.py
[2026-07-07T09:29:18.958+0000] {logging_mixin.py:188} INFO - [2026-07-07T09:29:18.957+0000] {dag.py:3036} INFO - Sync 1 DAGs
[2026-07-07T09:29:19.096+0000] {logging_mixin.py:188} INFO - [2026-07-07T09:29:19.095+0000] {dag.py:3823} INFO - Setting next_dagrun for latest_only_with_trigger to 2026-07-07 04:00:00+00:00, run_after=2026-07-07 08:00:00+00:00
[2026-07-07T09:29:19.177+0000] {processor.py:183} INFO - Processing /home/airflow/.local/lib/python3.8/site-packages/airflow/example_dags/example_latest_only_with_trigger.py took 0.417 seconds
[2026-07-07T09:29:49.961+0000] {processor.py:161} INFO - Started process (PID=5293) to work on /home/airflow/.local/lib/python3.8/site-packages/airflow/example_dags/example_latest_only_with_trigger.py
[2026-07-07T09:29:49.968+0000] {processor.py:830} INFO - Processing file /home/airflow/.local/lib/python3.8/site-packages/airflow/example_dags/example_latest_only_with_trigger.py for tasks to queue
[2026-07-07T09:29:49.972+0000] {logging_mixin.py:188} INFO - [2026-07-07T09:29:49.970+0000] {dagbag.py:538} INFO - Filling up the DagBag from /home/airflow/.local/lib/python3.8/site-packages/airflow/example_dags/example_latest_only_with_trigger.py
[2026-07-07T09:29:50.012+0000] {processor.py:840} INFO - DAG(s) 'latest_only_with_trigger' retrieved from /home/airflow/.local/lib/python3.8/site-packages/airflow/example_dags/example_latest_only_with_trigger.py
[2026-07-07T09:29:50.097+0000] {logging_mixin.py:188} INFO - [2026-07-07T09:29:50.097+0000] {dag.py:3036} INFO - Sync 1 DAGs
[2026-07-07T09:29:50.180+0000] {logging_mixin.py:188} INFO - [2026-07-07T09:29:50.179+0000] {dag.py:3823} INFO - Setting next_dagrun for latest_only_with_trigger to 2026-07-07 04:00:00+00:00, run_after=2026-07-07 08:00:00+00:00
[2026-07-07T09:29:50.279+0000] {processor.py:183} INFO - Processing /home/airflow/.local/lib/python3.8/site-packages/airflow/example_dags/example_latest_only_with_trigger.py took 0.340 seconds
[2026-07-07T09:30:20.894+0000] {processor.py:161} INFO - Started process (PID=5351) to work on /home/airflow/.local/lib/python3.8/site-packages/airflow/example_dags/example_latest_only_with_trigger.py
[2026-07-07T09:30:20.897+0000] {processor.py:830} INFO - Processing file /home/airflow/.local/lib/python3.8/site-packages/airflow/example_dags/example_latest_only_with_trigger.py for tasks to queue
[2026-07-07T09:30:20.900+0000] {logging_mixin.py:188} INFO - [2026-07-07T09:30:20.899+0000] {dagbag.py:538} INFO - Filling up the DagBag from /home/airflow/.local/lib/python3.8/site-packages/airflow/example_dags/example_latest_only_with_trigger.py
[2026-07-07T09:30:20.925+0000] {processor.py:840} INFO - DAG(s) 'latest_only_with_trigger' retrieved from /home/airflow/.local/lib/python3.8/site-packages/airflow/example_dags/example_latest_only_with_trigger.py
[2026-07-07T09:30:20.997+0000] {logging_mixin.py:188} INFO - [2026-07-07T09:30:20.995+0000] {dag.py:3036} INFO - Sync 1 DAGs
[2026-07-07T09:30:21.091+0000] {logging_mixin.py:188} INFO - [2026-07-07T09:30:21.090+0000] {dag.py:3823} INFO - Setting next_dagrun for latest_only_with_trigger to 2026-07-07 04:00:00+00:00, run_after=2026-07-07 08:00:00+00:00
[2026-07-07T09:30:21.163+0000] {processor.py:183} INFO - Processing /home/airflow/.local/lib/python3.8/site-packages/airflow/example_dags/example_latest_only_with_trigger.py took 0.280 seconds
[2026-07-07T09:30:59.958+0000] {processor.py:161} INFO - Started process (PID=5420) to work on /home/airflow/.local/lib/python3.8/site-packages/airflow/example_dags/example_latest_only_with_trigger.py
[2026-07-07T09:30:59.980+0000] {processor.py:830} INFO - Processing file /home/airflow/.local/lib/python3.8/site-packages/airflow/example_dags/example_latest_only_with_trigger.py for tasks to queue
[2026-07-07T09:30:59.983+0000] {logging_mixin.py:188} INFO - [2026-07-07T09:30:59.981+0000] {dagbag.py:538} INFO - Filling up the DagBag from /home/airflow/.local/lib/python3.8/site-packages/airflow/example_dags/example_latest_only_with_trigger.py
[2026-07-07T09:31:00.052+0000] {processor.py:840} INFO - DAG(s) 'latest_only_with_trigger' retrieved from /home/airflow/.local/lib/python3.8/site-packages/airflow/example_dags/example_latest_only_with_trigger.py
[2026-07-07T09:31:00.305+0000] {logging_mixin.py:188} INFO - [2026-07-07T09:31:00.294+0000] {dag.py:3036} INFO - Sync 1 DAGs
[2026-07-07T09:31:00.627+0000] {logging_mixin.py:188} INFO - [2026-07-07T09:31:00.626+0000] {dag.py:3823} INFO - Setting next_dagrun for latest_only_with_trigger to 2026-07-07 04:00:00+00:00, run_after=2026-07-07 08:00:00+00:00
[2026-07-07T09:31:00.891+0000] {processor.py:183} INFO - Processing /home/airflow/.local/lib/python3.8/site-packages/airflow/example_dags/example_latest_only_with_trigger.py took 0.957 seconds
[2026-07-07T09:31:32.441+0000] {processor.py:161} INFO - Started process (PID=5486) to work on /home/airflow/.local/lib/python3.8/site-packages/airflow/example_dags/example_latest_only_with_trigger.py
[2026-07-07T09:31:32.457+0000] {processor.py:830} INFO - Processing file /home/airflow/.local/lib/python3.8/site-packages/airflow/example_dags/example_latest_only_with_trigger.py for tasks to queue
[2026-07-07T09:31:32.483+0000] {logging_mixin.py:188} INFO - [2026-07-07T09:31:32.482+0000] {dagbag.py:538} INFO - Filling up the DagBag from /home/airflow/.local/lib/python3.8/site-packages/airflow/example_dags/example_latest_only_with_trigger.py
[2026-07-07T09:31:32.560+0000] {processor.py:840} INFO - DAG(s) 'latest_only_with_trigger' retrieved from /home/airflow/.local/lib/python3.8/site-packages/airflow/example_dags/example_latest_only_with_trigger.py
[2026-07-07T09:31:32.830+0000] {logging_mixin.py:188} INFO - [2026-07-07T09:31:32.829+0000] {dag.py:3036} INFO - Sync 1 DAGs
[2026-07-07T09:31:33.068+0000] {logging_mixin.py:188} INFO - [2026-07-07T09:31:33.068+0000] {dag.py:3823} INFO - Setting next_dagrun for latest_only_with_trigger to 2026-07-07 04:00:00+00:00, run_after=2026-07-07 08:00:00+00:00
[2026-07-07T09:31:33.329+0000] {processor.py:183} INFO - Processing /home/airflow/.local/lib/python3.8/site-packages/airflow/example_dags/example_latest_only_with_trigger.py took 0.945 seconds
[2026-07-07T09:32:04.776+0000] {processor.py:161} INFO - Started process (PID=5551) to work on /home/airflow/.local/lib/python3.8/site-packages/airflow/example_dags/example_latest_only_with_trigger.py
[2026-07-07T09:32:04.780+0000] {processor.py:830} INFO - Processing file /home/airflow/.local/lib/python3.8/site-packages/airflow/example_dags/example_latest_only_with_trigger.py for tasks to queue
[2026-07-07T09:32:04.783+0000] {logging_mixin.py:188} INFO - [2026-07-07T09:32:04.782+0000] {dagbag.py:538} INFO - Filling up the DagBag from /home/airflow/.local/lib/python3.8/site-packages/airflow/example_dags/example_latest_only_with_trigger.py
[2026-07-07T09:32:04.813+0000] {processor.py:840} INFO - DAG(s) 'latest_only_with_trigger' retrieved from /home/airflow/.local/lib/python3.8/site-packages/airflow/example_dags/example_latest_only_with_trigger.py
[2026-07-07T09:32:04.909+0000] {logging_mixin.py:188} INFO - [2026-07-07T09:32:04.909+0000] {dag.py:3036} INFO - Sync 1 DAGs
[2026-07-07T09:32:05.011+0000] {logging_mixin.py:188} INFO - [2026-07-07T09:32:05.011+0000] {dag.py:3823} INFO - Setting next_dagrun for latest_only_with_trigger to 2026-07-07 04:00:00+00:00, run_after=2026-07-07 08:00:00+00:00
[2026-07-07T09:32:05.100+0000] {processor.py:183} INFO - Processing /home/airflow/.local/lib/python3.8/site-packages/airflow/example_dags/example_latest_only_with_trigger.py took 0.351 seconds
[2026-07-07T09:32:38.813+0000] {processor.py:161} INFO - Started process (PID=5612) to work on /home/airflow/.local/lib/python3.8/site-packages/airflow/example_dags/example_latest_only_with_trigger.py
[2026-07-07T09:32:38.818+0000] {processor.py:830} INFO - Processing file /home/airflow/.local/lib/python3.8/site-packages/airflow/example_dags/example_latest_only_with_trigger.py for tasks to queue
[2026-07-07T09:32:38.820+0000] {logging_mixin.py:188} INFO - [2026-07-07T09:32:38.819+0000] {dagbag.py:538} INFO - Filling up the DagBag from /home/airflow/.local/lib/python3.8/site-packages/airflow/example_dags/example_latest_only_with_trigger.py
[2026-07-07T09:32:38.859+0000] {processor.py:840} INFO - DAG(s) 'latest_only_with_trigger' retrieved from /home/airflow/.local/lib/python3.8/site-packages/airflow/example_dags/example_latest_only_with_trigger.py
[2026-07-07T09:32:39.248+0000] {logging_mixin.py:188} INFO - [2026-07-07T09:32:39.247+0000] {dag.py:3036} INFO - Sync 1 DAGs
[2026-07-07T09:32:39.472+0000] {logging_mixin.py:188} INFO - [2026-07-07T09:32:39.470+0000] {dag.py:3823} INFO - Setting next_dagrun for latest_only_with_trigger to 2026-07-07 04:00:00+00:00, run_after=2026-07-07 08:00:00+00:00
[2026-07-07T09:32:39.607+0000] {processor.py:183} INFO - Processing /home/airflow/.local/lib/python3.8/site-packages/airflow/example_dags/example_latest_only_with_trigger.py took 0.811 seconds
[2026-07-07T09:33:10.028+0000] {processor.py:161} INFO - Started process (PID=5679) to work on /home/airflow/.local/lib/python3.8/site-packages/airflow/example_dags/example_latest_only_with_trigger.py
[2026-07-07T09:33:10.031+0000] {processor.py:830} INFO - Processing file /home/airflow/.local/lib/python3.8/site-packages/airflow/example_dags/example_latest_only_with_trigger.py for tasks to queue
[2026-07-07T09:33:10.033+0000] {logging_mixin.py:188} INFO - [2026-07-07T09:33:10.032+0000] {dagbag.py:538} INFO - Filling up the DagBag from /home/airflow/.local/lib/python3.8/site-packages/airflow/example_dags/example_latest_only_with_trigger.py
[2026-07-07T09:33:10.052+0000] {processor.py:840} INFO - DAG(s) 'latest_only_with_trigger' retrieved from /home/airflow/.local/lib/python3.8/site-packages/airflow/example_dags/example_latest_only_with_trigger.py
[2026-07-07T09:33:10.107+0000] {logging_mixin.py:188} INFO - [2026-07-07T09:33:10.106+0000] {dag.py:3036} INFO - Sync 1 DAGs
[2026-07-07T09:33:10.174+0000] {logging_mixin.py:188} INFO - [2026-07-07T09:33:10.173+0000] {dag.py:3823} INFO - Setting next_dagrun for latest_only_with_trigger to 2026-07-07 04:00:00+00:00, run_after=2026-07-07 08:00:00+00:00
[2026-07-07T09:33:10.235+0000] {processor.py:183} INFO - Processing /home/airflow/.local/lib/python3.8/site-packages/airflow/example_dags/example_latest_only_with_trigger.py took 0.218 seconds
[2026-07-07T09:33:40.861+0000] {processor.py:161} INFO - Started process (PID=5746) to work on /home/airflow/.local/lib/python3.8/site-packages/airflow/example_dags/example_latest_only_with_trigger.py
[2026-07-07T09:33:40.864+0000] {processor.py:830} INFO - Processing file /home/airflow/.local/lib/python3.8/site-packages/airflow/example_dags/example_latest_only_with_trigger.py for tasks to queue
[2026-07-07T09:33:40.868+0000] {logging_mixin.py:188} INFO - [2026-07-07T09:33:40.867+0000] {dagbag.py:538} INFO - Filling up the DagBag from /home/airflow/.local/lib/python3.8/site-packages/airflow/example_dags/example_latest_only_with_trigger.py
[2026-07-07T09:33:40.898+0000] {processor.py:840} INFO - DAG(s) 'latest_only_with_trigger' retrieved from /home/airflow/.local/lib/python3.8/site-packages/airflow/example_dags/example_latest_only_with_trigger.py
[2026-07-07T09:33:40.998+0000] {logging_mixin.py:188} INFO - [2026-07-07T09:33:40.997+0000] {dag.py:3036} INFO - Sync 1 DAGs
[2026-07-07T09:33:41.100+0000] {logging_mixin.py:188} INFO - [2026-07-07T09:33:41.099+0000] {dag.py:3823} INFO - Setting next_dagrun for latest_only_with_trigger to 2026-07-07 04:00:00+00:00, run_after=2026-07-07 08:00:00+00:00
[2026-07-07T09:33:41.204+0000] {processor.py:183} INFO - Processing /home/airflow/.local/lib/python3.8/site-packages/airflow/example_dags/example_latest_only_with_trigger.py took 0.352 seconds
[2026-07-07T09:34:11.672+0000] {processor.py:161} INFO - Started process (PID=5802) to work on /home/airflow/.local/lib/python3.8/site-packages/airflow/example_dags/example_latest_only_with_trigger.py
[2026-07-07T09:34:11.674+0000] {processor.py:830} INFO - Processing file /home/airflow/.local/lib/python3.8/site-packages/airflow/example_dags/example_latest_only_with_trigger.py for tasks to queue
[2026-07-07T09:34:11.676+0000] {logging_mixin.py:188} INFO - [2026-07-07T09:34:11.675+0000] {dagbag.py:538} INFO - Filling up the DagBag from /home/airflow/.local/lib/python3.8/site-packages/airflow/example_dags/example_latest_only_with_trigger.py
[2026-07-07T09:34:11.690+0000] {processor.py:840} INFO - DAG(s) 'latest_only_with_trigger' retrieved from /home/airflow/.local/lib/python3.8/site-packages/airflow/example_dags/example_latest_only_with_trigger.py
[2026-07-07T09:34:11.733+0000] {logging_mixin.py:188} INFO - [2026-07-07T09:34:11.732+0000] {dag.py:3036} INFO - Sync 1 DAGs
[2026-07-07T09:34:11.779+0000] {logging_mixin.py:188} INFO - [2026-07-07T09:34:11.779+0000] {dag.py:3823} INFO - Setting next_dagrun for latest_only_with_trigger to 2026-07-07 04:00:00+00:00, run_after=2026-07-07 08:00:00+00:00
[2026-07-07T09:34:11.828+0000] {processor.py:183} INFO - Processing /home/airflow/.local/lib/python3.8/site-packages/airflow/example_dags/example_latest_only_with_trigger.py took 0.166 seconds
[2026-07-07T09:34:42.693+0000] {processor.py:161} INFO - Started process (PID=5868) to work on /home/airflow/.local/lib/python3.8/site-packages/airflow/example_dags/example_latest_only_with_trigger.py
[2026-07-07T09:34:44.443+0000] {processor.py:830} INFO - Processing file /home/airflow/.local/lib/python3.8/site-packages/airflow/example_dags/example_latest_only_with_trigger.py for tasks to queue
[2026-07-07T09:34:44.445+0000] {logging_mixin.py:188} INFO - [2026-07-07T09:34:44.444+0000] {dagbag.py:538} INFO - Filling up the DagBag from /home/airflow/.local/lib/python3.8/site-packages/airflow/example_dags/example_latest_only_with_trigger.py
[2026-07-07T09:34:44.536+0000] {processor.py:840} INFO - DAG(s) 'latest_only_with_trigger' retrieved from /home/airflow/.local/lib/python3.8/site-packages/airflow/example_dags/example_latest_only_with_trigger.py
[2026-07-07T09:34:44.679+0000] {logging_mixin.py:188} INFO - [2026-07-07T09:34:44.678+0000] {dag.py:3036} INFO - Sync 1 DAGs
[2026-07-07T09:34:44.779+0000] {logging_mixin.py:188} INFO - [2026-07-07T09:34:44.778+0000] {dag.py:3823} INFO - Setting next_dagrun for latest_only_with_trigger to 2026-07-07 04:00:00+00:00, run_after=2026-07-07 08:00:00+00:00
[2026-07-07T09:34:44.992+0000] {processor.py:183} INFO - Processing /home/airflow/.local/lib/python3.8/site-packages/airflow/example_dags/example_latest_only_with_trigger.py took 2.312 seconds
[2026-07-07T09:35:16.061+0000] {processor.py:161} INFO - Started process (PID=5935) to work on /home/airflow/.local/lib/python3.8/site-packages/airflow/example_dags/example_latest_only_with_trigger.py
[2026-07-07T09:35:16.068+0000] {processor.py:830} INFO - Processing file /home/airflow/.local/lib/python3.8/site-packages/airflow/example_dags/example_latest_only_with_trigger.py for tasks to queue
[2026-07-07T09:35:16.072+0000] {logging_mixin.py:188} INFO - [2026-07-07T09:35:16.070+0000] {dagbag.py:538} INFO - Filling up the DagBag from /home/airflow/.local/lib/python3.8/site-packages/airflow/example_dags/example_latest_only_with_trigger.py
[2026-07-07T09:35:16.124+0000] {processor.py:840} INFO - DAG(s) 'latest_only_with_trigger' retrieved from /home/airflow/.local/lib/python3.8/site-packages/airflow/example_dags/example_latest_only_with_trigger.py
[2026-07-07T09:35:16.223+0000] {logging_mixin.py:188} INFO - [2026-07-07T09:35:16.222+0000] {dag.py:3036} INFO - Sync 1 DAGs
[2026-07-07T09:35:16.328+0000] {logging_mixin.py:188} INFO - [2026-07-07T09:35:16.328+0000] {dag.py:3823} INFO - Setting next_dagrun for latest_only_with_trigger to 2026-07-07 04:00:00+00:00, run_after=2026-07-07 08:00:00+00:00
[2026-07-07T09:35:16.445+0000] {processor.py:183} INFO - Processing /home/airflow/.local/lib/python3.8/site-packages/airflow/example_dags/example_latest_only_with_trigger.py took 0.408 seconds
[2026-07-07T09:35:47.212+0000] {processor.py:161} INFO - Started process (PID=5999) to work on /home/airflow/.local/lib/python3.8/site-packages/airflow/example_dags/example_latest_only_with_trigger.py
[2026-07-07T09:35:47.223+0000] {processor.py:830} INFO - Processing file /home/airflow/.local/lib/python3.8/site-packages/airflow/example_dags/example_latest_only_with_trigger.py for tasks to queue
[2026-07-07T09:35:47.226+0000] {logging_mixin.py:188} INFO - [2026-07-07T09:35:47.226+0000] {dagbag.py:538} INFO - Filling up the DagBag from /home/airflow/.local/lib/python3.8/site-packages/airflow/example_dags/example_latest_only_with_trigger.py
[2026-07-07T09:35:47.256+0000] {processor.py:840} INFO - DAG(s) 'latest_only_with_trigger' retrieved from /home/airflow/.local/lib/python3.8/site-packages/airflow/example_dags/example_latest_only_with_trigger.py
[2026-07-07T09:35:47.427+0000] {logging_mixin.py:188} INFO - [2026-07-07T09:35:47.421+0000] {dag.py:3036} INFO - Sync 1 DAGs
[2026-07-07T09:35:47.976+0000] {logging_mixin.py:188} INFO - [2026-07-07T09:35:47.975+0000] {dag.py:3823} INFO - Setting next_dagrun for latest_only_with_trigger to 2026-07-07 04:00:00+00:00, run_after=2026-07-07 08:00:00+00:00
[2026-07-07T09:35:48.127+0000] {processor.py:183} INFO - Processing /home/airflow/.local/lib/python3.8/site-packages/airflow/example_dags/example_latest_only_with_trigger.py took 0.946 seconds
[2026-07-07T09:36:18.328+0000] {processor.py:161} INFO - Started process (PID=6067) to work on /home/airflow/.local/lib/python3.8/site-packages/airflow/example_dags/example_latest_only_with_trigger.py
[2026-07-07T09:36:18.330+0000] {processor.py:830} INFO - Processing file /home/airflow/.local/lib/python3.8/site-packages/airflow/example_dags/example_latest_only_with_trigger.py for tasks to queue
[2026-07-07T09:36:18.333+0000] {logging_mixin.py:188} INFO - [2026-07-07T09:36:18.332+0000] {dagbag.py:538} INFO - Filling up the DagBag from /home/airflow/.local/lib/python3.8/site-packages/airflow/example_dags/example_latest_only_with_trigger.py
[2026-07-07T09:36:18.346+0000] {processor.py:840} INFO - DAG(s) 'latest_only_with_trigger' retrieved from /home/airflow/.local/lib/python3.8/site-packages/airflow/example_dags/example_latest_only_with_trigger.py
[2026-07-07T09:36:18.390+0000] {logging_mixin.py:188} INFO - [2026-07-07T09:36:18.389+0000] {dag.py:3036} INFO - Sync 1 DAGs
[2026-07-07T09:36:18.434+0000] {logging_mixin.py:188} INFO - [2026-07-07T09:36:18.434+0000] {dag.py:3823} INFO - Setting next_dagrun for latest_only_with_trigger to 2026-07-07 04:00:00+00:00, run_after=2026-07-07 08:00:00+00:00
[2026-07-07T09:36:18.476+0000] {processor.py:183} INFO - Processing /home/airflow/.local/lib/python3.8/site-packages/airflow/example_dags/example_latest_only_with_trigger.py took 0.154 seconds
[2026-07-07T09:36:49.254+0000] {processor.py:161} INFO - Started process (PID=6135) to work on /home/airflow/.local/lib/python3.8/site-packages/airflow/example_dags/example_latest_only_with_trigger.py
[2026-07-07T09:36:49.270+0000] {processor.py:830} INFO - Processing file /home/airflow/.local/lib/python3.8/site-packages/airflow/example_dags/example_latest_only_with_trigger.py for tasks to queue
[2026-07-07T09:36:49.274+0000] {logging_mixin.py:188} INFO - [2026-07-07T09:36:49.273+0000] {dagbag.py:538} INFO - Filling up the DagBag from /home/airflow/.local/lib/python3.8/site-packages/airflow/example_dags/example_latest_only_with_trigger.py
[2026-07-07T09:36:49.294+0000] {processor.py:840} INFO - DAG(s) 'latest_only_with_trigger' retrieved from /home/airflow/.local/lib/python3.8/site-packages/airflow/example_dags/example_latest_only_with_trigger.py
[2026-07-07T09:36:49.359+0000] {logging_mixin.py:188} INFO - [2026-07-07T09:36:49.352+0000] {dag.py:3036} INFO - Sync 1 DAGs
[2026-07-07T09:36:49.434+0000] {logging_mixin.py:188} INFO - [2026-07-07T09:36:49.434+0000] {dag.py:3823} INFO - Setting next_dagrun for latest_only_with_trigger to 2026-07-07 04:00:00+00:00, run_after=2026-07-07 08:00:00+00:00
[2026-07-07T09:36:49.495+0000] {processor.py:183} INFO - Processing /home/airflow/.local/lib/python3.8/site-packages/airflow/example_dags/example_latest_only_with_trigger.py took 0.257 seconds
[2026-07-07T09:37:19.773+0000] {processor.py:161} INFO - Started process (PID=6194) to work on /home/airflow/.local/lib/python3.8/site-packages/airflow/example_dags/example_latest_only_with_trigger.py
[2026-07-07T09:37:19.776+0000] {processor.py:830} INFO - Processing file /home/airflow/.local/lib/python3.8/site-packages/airflow/example_dags/example_latest_only_with_trigger.py for tasks to queue
[2026-07-07T09:37:19.779+0000] {logging_mixin.py:188} INFO - [2026-07-07T09:37:19.778+0000] {dagbag.py:538} INFO - Filling up the DagBag from /home/airflow/.local/lib/python3.8/site-packages/airflow/example_dags/example_latest_only_with_trigger.py
[2026-07-07T09:37:19.797+0000] {processor.py:840} INFO - DAG(s) 'latest_only_with_trigger' retrieved from /home/airflow/.local/lib/python3.8/site-packages/airflow/example_dags/example_latest_only_with_trigger.py
[2026-07-07T09:37:19.874+0000] {logging_mixin.py:188} INFO - [2026-07-07T09:37:19.873+0000] {dag.py:3036} INFO - Sync 1 DAGs
[2026-07-07T09:37:19.943+0000] {logging_mixin.py:188} INFO - [2026-07-07T09:37:19.941+0000] {dag.py:3823} INFO - Setting next_dagrun for latest_only_with_trigger to 2026-07-07 04:00:00+00:00, run_after=2026-07-07 08:00:00+00:00
[2026-07-07T09:37:20.009+0000] {processor.py:183} INFO - Processing /home/airflow/.local/lib/python3.8/site-packages/airflow/example_dags/example_latest_only_with_trigger.py took 0.247 seconds
[2026-07-07T09:37:50.781+0000] {processor.py:161} INFO - Started process (PID=6259) to work on /home/airflow/.local/lib/python3.8/site-packages/airflow/example_dags/example_latest_only_with_trigger.py
[2026-07-07T09:37:50.785+0000] {processor.py:830} INFO - Processing file /home/airflow/.local/lib/python3.8/site-packages/airflow/example_dags/example_latest_only_with_trigger.py for tasks to queue
[2026-07-07T09:37:50.789+0000] {logging_mixin.py:188} INFO - [2026-07-07T09:37:50.788+0000] {dagbag.py:538} INFO - Filling up the DagBag from /home/airflow/.local/lib/python3.8/site-packages/airflow/example_dags/example_latest_only_with_trigger.py
[2026-07-07T09:37:50.816+0000] {processor.py:840} INFO - DAG(s) 'latest_only_with_trigger' retrieved from /home/airflow/.local/lib/python3.8/site-packages/airflow/example_dags/example_latest_only_with_trigger.py
[2026-07-07T09:37:50.926+0000] {logging_mixin.py:188} INFO - [2026-07-07T09:37:50.925+0000] {dag.py:3036} INFO - Sync 1 DAGs
[2026-07-07T09:37:51.076+0000] {logging_mixin.py:188} INFO - [2026-07-07T09:37:51.074+0000] {dag.py:3823} INFO - Setting next_dagrun for latest_only_with_trigger to 2026-07-07 04:00:00+00:00, run_after=2026-07-07 08:00:00+00:00
[2026-07-07T09:37:51.190+0000] {processor.py:183} INFO - Processing /home/airflow/.local/lib/python3.8/site-packages/airflow/example_dags/example_latest_only_with_trigger.py took 0.422 seconds
[2026-07-07T09:38:21.750+0000] {processor.py:161} INFO - Started process (PID=6325) to work on /home/airflow/.local/lib/python3.8/site-packages/airflow/example_dags/example_latest_only_with_trigger.py
[2026-07-07T09:38:21.777+0000] {processor.py:830} INFO - Processing file /home/airflow/.local/lib/python3.8/site-packages/airflow/example_dags/example_latest_only_with_trigger.py for tasks to queue
[2026-07-07T09:38:21.786+0000] {logging_mixin.py:188} INFO - [2026-07-07T09:38:21.783+0000] {dagbag.py:538} INFO - Filling up the DagBag from /home/airflow/.local/lib/python3.8/site-packages/airflow/example_dags/example_latest_only_with_trigger.py
[2026-07-07T09:38:22.206+0000] {processor.py:840} INFO - DAG(s) 'latest_only_with_trigger' retrieved from /home/airflow/.local/lib/python3.8/site-packages/airflow/example_dags/example_latest_only_with_trigger.py
[2026-07-07T09:38:22.635+0000] {logging_mixin.py:188} INFO - [2026-07-07T09:38:22.635+0000] {dag.py:3036} INFO - Sync 1 DAGs
[2026-07-07T09:38:22.820+0000] {logging_mixin.py:188} INFO - [2026-07-07T09:38:22.820+0000] {dag.py:3823} INFO - Setting next_dagrun for latest_only_with_trigger to 2026-07-07 04:00:00+00:00, run_after=2026-07-07 08:00:00+00:00
[2026-07-07T09:38:22.990+0000] {processor.py:183} INFO - Processing /home/airflow/.local/lib/python3.8/site-packages/airflow/example_dags/example_latest_only_with_trigger.py took 1.315 seconds
[2026-07-07T09:38:53.520+0000] {processor.py:161} INFO - Started process (PID=6385) to work on /home/airflow/.local/lib/python3.8/site-packages/airflow/example_dags/example_latest_only_with_trigger.py
[2026-07-07T09:38:53.523+0000] {processor.py:830} INFO - Processing file /home/airflow/.local/lib/python3.8/site-packages/airflow/example_dags/example_latest_only_with_trigger.py for tasks to queue
[2026-07-07T09:38:53.525+0000] {logging_mixin.py:188} INFO - [2026-07-07T09:38:53.524+0000] {dagbag.py:538} INFO - Filling up the DagBag from /home/airflow/.local/lib/python3.8/site-packages/airflow/example_dags/example_latest_only_with_trigger.py
[2026-07-07T09:38:53.538+0000] {processor.py:840} INFO - DAG(s) 'latest_only_with_trigger' retrieved from /home/airflow/.local/lib/python3.8/site-packages/airflow/example_dags/example_latest_only_with_trigger.py
[2026-07-07T09:38:53.601+0000] {logging_mixin.py:188} INFO - [2026-07-07T09:38:53.600+0000] {dag.py:3036} INFO - Sync 1 DAGs
[2026-07-07T09:38:53.667+0000] {logging_mixin.py:188} INFO - [2026-07-07T09:38:53.667+0000] {dag.py:3823} INFO - Setting next_dagrun for latest_only_with_trigger to 2026-07-07 04:00:00+00:00, run_after=2026-07-07 08:00:00+00:00
[2026-07-07T09:38:53.726+0000] {processor.py:183} INFO - Processing /home/airflow/.local/lib/python3.8/site-packages/airflow/example_dags/example_latest_only_with_trigger.py took 0.216 seconds
[2026-07-07T09:39:24.247+0000] {processor.py:161} INFO - Started process (PID=6452) to work on /home/airflow/.local/lib/python3.8/site-packages/airflow/example_dags/example_latest_only_with_trigger.py
[2026-07-07T09:39:24.264+0000] {processor.py:830} INFO - Processing file /home/airflow/.local/lib/python3.8/site-packages/airflow/example_dags/example_latest_only_with_trigger.py for tasks to queue
[2026-07-07T09:39:24.270+0000] {logging_mixin.py:188} INFO - [2026-07-07T09:39:24.267+0000] {dagbag.py:538} INFO - Filling up the DagBag from /home/airflow/.local/lib/python3.8/site-packages/airflow/example_dags/example_latest_only_with_trigger.py
[2026-07-07T09:39:24.298+0000] {processor.py:840} INFO - DAG(s) 'latest_only_with_trigger' retrieved from /home/airflow/.local/lib/python3.8/site-packages/airflow/example_dags/example_latest_only_with_trigger.py
[2026-07-07T09:39:24.375+0000] {logging_mixin.py:188} INFO - [2026-07-07T09:39:24.374+0000] {dag.py:3036} INFO - Sync 1 DAGs
[2026-07-07T09:39:24.437+0000] {logging_mixin.py:188} INFO - [2026-07-07T09:39:24.436+0000] {dag.py:3823} INFO - Setting next_dagrun for latest_only_with_trigger to 2026-07-07 04:00:00+00:00, run_after=2026-07-07 08:00:00+00:00
[2026-07-07T09:39:24.472+0000] {processor.py:183} INFO - Processing /home/airflow/.local/lib/python3.8/site-packages/airflow/example_dags/example_latest_only_with_trigger.py took 0.249 seconds
[2026-07-07T09:39:54.584+0000] {processor.py:161} INFO - Started process (PID=6520) to work on /home/airflow/.local/lib/python3.8/site-packages/airflow/example_dags/example_latest_only_with_trigger.py
[2026-07-07T09:39:54.586+0000] {processor.py:830} INFO - Processing file /home/airflow/.local/lib/python3.8/site-packages/airflow/example_dags/example_latest_only_with_trigger.py for tasks to queue
[2026-07-07T09:39:54.588+0000] {logging_mixin.py:188} INFO - [2026-07-07T09:39:54.588+0000] {dagbag.py:538} INFO - Filling up the DagBag from /home/airflow/.local/lib/python3.8/site-packages/airflow/example_dags/example_latest_only_with_trigger.py
[2026-07-07T09:39:54.602+0000] {processor.py:840} INFO - DAG(s) 'latest_only_with_trigger' retrieved from /home/airflow/.local/lib/python3.8/site-packages/airflow/example_dags/example_latest_only_with_trigger.py
[2026-07-07T09:39:54.645+0000] {logging_mixin.py:188} INFO - [2026-07-07T09:39:54.645+0000] {dag.py:3036} INFO - Sync 1 DAGs
[2026-07-07T09:39:54.684+0000] {logging_mixin.py:188} INFO - [2026-07-07T09:39:54.684+0000] {dag.py:3823} INFO - Setting next_dagrun for latest_only_with_trigger to 2026-07-07 04:00:00+00:00, run_after=2026-07-07 08:00:00+00:00
[2026-07-07T09:39:54.719+0000] {processor.py:183} INFO - Processing /home/airflow/.local/lib/python3.8/site-packages/airflow/example_dags/example_latest_only_with_trigger.py took 0.143 seconds
[2026-07-07T09:40:24.872+0000] {processor.py:161} INFO - Started process (PID=6588) to work on /home/airflow/.local/lib/python3.8/site-packages/airflow/example_dags/example_latest_only_with_trigger.py
[2026-07-07T09:40:24.873+0000] {processor.py:830} INFO - Processing file /home/airflow/.local/lib/python3.8/site-packages/airflow/example_dags/example_latest_only_with_trigger.py for tasks to queue
[2026-07-07T09:40:24.874+0000] {logging_mixin.py:188} INFO - [2026-07-07T09:40:24.874+0000] {dagbag.py:538} INFO - Filling up the DagBag from /home/airflow/.local/lib/python3.8/site-packages/airflow/example_dags/example_latest_only_with_trigger.py
[2026-07-07T09:40:24.885+0000] {processor.py:840} INFO - DAG(s) 'latest_only_with_trigger' retrieved from /home/airflow/.local/lib/python3.8/site-packages/airflow/example_dags/example_latest_only_with_trigger.py
[2026-07-07T09:40:24.928+0000] {logging_mixin.py:188} INFO - [2026-07-07T09:40:24.927+0000] {dag.py:3036} INFO - Sync 1 DAGs
[2026-07-07T09:40:24.972+0000] {logging_mixin.py:188} INFO - [2026-07-07T09:40:24.972+0000] {dag.py:3823} INFO - Setting next_dagrun for latest_only_with_trigger to 2026-07-07 04:00:00+00:00, run_after=2026-07-07 08:00:00+00:00
[2026-07-07T09:40:25.015+0000] {processor.py:183} INFO - Processing /home/airflow/.local/lib/python3.8/site-packages/airflow/example_dags/example_latest_only_with_trigger.py took 0.150 seconds
[2026-07-07T09:40:55.275+0000] {processor.py:161} INFO - Started process (PID=6654) to work on /home/airflow/.local/lib/python3.8/site-packages/airflow/example_dags/example_latest_only_with_trigger.py
[2026-07-07T09:40:55.277+0000] {processor.py:830} INFO - Processing file /home/airflow/.local/lib/python3.8/site-packages/airflow/example_dags/example_latest_only_with_trigger.py for tasks to queue
[2026-07-07T09:40:55.281+0000] {logging_mixin.py:188} INFO - [2026-07-07T09:40:55.280+0000] {dagbag.py:538} INFO - Filling up the DagBag from /home/airflow/.local/lib/python3.8/site-packages/airflow/example_dags/example_latest_only_with_trigger.py
[2026-07-07T09:40:55.292+0000] {processor.py:840} INFO - DAG(s) 'latest_only_with_trigger' retrieved from /home/airflow/.local/lib/python3.8/site-packages/airflow/example_dags/example_latest_only_with_trigger.py
[2026-07-07T09:40:55.330+0000] {logging_mixin.py:188} INFO - [2026-07-07T09:40:55.330+0000] {dag.py:3036} INFO - Sync 1 DAGs
[2026-07-07T09:40:55.374+0000] {logging_mixin.py:188} INFO - [2026-07-07T09:40:55.373+0000] {dag.py:3823} INFO - Setting next_dagrun for latest_only_with_trigger to 2026-07-07 04:00:00+00:00, run_after=2026-07-07 08:00:00+00:00
[2026-07-07T09:40:55.421+0000] {processor.py:183} INFO - Processing /home/airflow/.local/lib/python3.8/site-packages/airflow/example_dags/example_latest_only_with_trigger.py took 0.154 seconds
[2026-07-07T09:41:25.674+0000] {processor.py:161} INFO - Started process (PID=6721) to work on /home/airflow/.local/lib/python3.8/site-packages/airflow/example_dags/example_latest_only_with_trigger.py
[2026-07-07T09:41:25.676+0000] {processor.py:830} INFO - Processing file /home/airflow/.local/lib/python3.8/site-packages/airflow/example_dags/example_latest_only_with_trigger.py for tasks to queue
[2026-07-07T09:41:25.678+0000] {logging_mixin.py:188} INFO - [2026-07-07T09:41:25.677+0000] {dagbag.py:538} INFO - Filling up the DagBag from /home/airflow/.local/lib/python3.8/site-packages/airflow/example_dags/example_latest_only_with_trigger.py
[2026-07-07T09:41:25.692+0000] {processor.py:840} INFO - DAG(s) 'latest_only_with_trigger' retrieved from /home/airflow/.local/lib/python3.8/site-packages/airflow/example_dags/example_latest_only_with_trigger.py
[2026-07-07T09:41:25.733+0000] {logging_mixin.py:188} INFO - [2026-07-07T09:41:25.732+0000] {dag.py:3036} INFO - Sync 1 DAGs
[2026-07-07T09:41:25.783+0000] {logging_mixin.py:188} INFO - [2026-07-07T09:41:25.783+0000] {dag.py:3823} INFO - Setting next_dagrun for latest_only_with_trigger to 2026-07-07 04:00:00+00:00, run_after=2026-07-07 08:00:00+00:00
[2026-07-07T09:41:25.826+0000] {processor.py:183} INFO - Processing /home/airflow/.local/lib/python3.8/site-packages/airflow/example_dags/example_latest_only_with_trigger.py took 0.164 seconds
[2026-07-07T09:41:55.958+0000] {processor.py:161} INFO - Started process (PID=6788) to work on /home/airflow/.local/lib/python3.8/site-packages/airflow/example_dags/example_latest_only_with_trigger.py
[2026-07-07T09:41:55.962+0000] {processor.py:830} INFO - Processing file /home/airflow/.local/lib/python3.8/site-packages/airflow/example_dags/example_latest_only_with_trigger.py for tasks to queue
[2026-07-07T09:41:55.965+0000] {logging_mixin.py:188} INFO - [2026-07-07T09:41:55.964+0000] {dagbag.py:538} INFO - Filling up the DagBag from /home/airflow/.local/lib/python3.8/site-packages/airflow/example_dags/example_latest_only_with_trigger.py
[2026-07-07T09:41:55.993+0000] {processor.py:840} INFO - DAG(s) 'latest_only_with_trigger' retrieved from /home/airflow/.local/lib/python3.8/site-packages/airflow/example_dags/example_latest_only_with_trigger.py
[2026-07-07T09:41:56.121+0000] {logging_mixin.py:188} INFO - [2026-07-07T09:41:56.120+0000] {dag.py:3036} INFO - Sync 1 DAGs
[2026-07-07T09:41:56.249+0000] {logging_mixin.py:188} INFO - [2026-07-07T09:41:56.248+0000] {dag.py:3823} INFO - Setting next_dagrun for latest_only_with_trigger to 2026-07-07 04:00:00+00:00, run_after=2026-07-07 08:00:00+00:00
[2026-07-07T09:41:56.307+0000] {processor.py:183} INFO - Processing /home/airflow/.local/lib/python3.8/site-packages/airflow/example_dags/example_latest_only_with_trigger.py took 0.360 seconds
[2026-07-07T09:42:26.455+0000] {processor.py:161} INFO - Started process (PID=6851) to work on /home/airflow/.local/lib/python3.8/site-packages/airflow/example_dags/example_latest_only_with_trigger.py
[2026-07-07T09:42:26.459+0000] {processor.py:830} INFO - Processing file /home/airflow/.local/lib/python3.8/site-packages/airflow/example_dags/example_latest_only_with_trigger.py for tasks to queue
[2026-07-07T09:42:26.462+0000] {logging_mixin.py:188} INFO - [2026-07-07T09:42:26.461+0000] {dagbag.py:538} INFO - Filling up the DagBag from /home/airflow/.local/lib/python3.8/site-packages/airflow/example_dags/example_latest_only_with_trigger.py
[2026-07-07T09:42:26.493+0000] {processor.py:840} INFO - DAG(s) 'latest_only_with_trigger' retrieved from /home/airflow/.local/lib/python3.8/site-packages/airflow/example_dags/example_latest_only_with_trigger.py
[2026-07-07T09:42:26.577+0000] {logging_mixin.py:188} INFO - [2026-07-07T09:42:26.576+0000] {dag.py:3036} INFO - Sync 1 DAGs
[2026-07-07T09:42:26.630+0000] {logging_mixin.py:188} INFO - [2026-07-07T09:42:26.629+0000] {dag.py:3823} INFO - Setting next_dagrun for latest_only_with_trigger to 2026-07-07 04:00:00+00:00, run_after=2026-07-07 08:00:00+00:00
[2026-07-07T09:42:26.674+0000] {processor.py:183} INFO - Processing /home/airflow/.local/lib/python3.8/site-packages/airflow/example_dags/example_latest_only_with_trigger.py took 0.234 seconds
[2026-07-07T09:42:57.351+0000] {processor.py:161} INFO - Started process (PID=6918) to work on /home/airflow/.local/lib/python3.8/site-packages/airflow/example_dags/example_latest_only_with_trigger.py
[2026-07-07T09:42:57.353+0000] {processor.py:830} INFO - Processing file /home/airflow/.local/lib/python3.8/site-packages/airflow/example_dags/example_latest_only_with_trigger.py for tasks to queue
[2026-07-07T09:42:57.356+0000] {logging_mixin.py:188} INFO - [2026-07-07T09:42:57.355+0000] {dagbag.py:538} INFO - Filling up the DagBag from /home/airflow/.local/lib/python3.8/site-packages/airflow/example_dags/example_latest_only_with_trigger.py
[2026-07-07T09:42:57.382+0000] {processor.py:840} INFO - DAG(s) 'latest_only_with_trigger' retrieved from /home/airflow/.local/lib/python3.8/site-packages/airflow/example_dags/example_latest_only_with_trigger.py
[2026-07-07T09:42:57.479+0000] {logging_mixin.py:188} INFO - [2026-07-07T09:42:57.478+0000] {dag.py:3036} INFO - Sync 1 DAGs
[2026-07-07T09:42:57.533+0000] {logging_mixin.py:188} INFO - [2026-07-07T09:42:57.533+0000] {dag.py:3823} INFO - Setting next_dagrun for latest_only_with_trigger to 2026-07-07 04:00:00+00:00, run_after=2026-07-07 08:00:00+00:00
[2026-07-07T09:42:57.586+0000] {processor.py:183} INFO - Processing /home/airflow/.local/lib/python3.8/site-packages/airflow/example_dags/example_latest_only_with_trigger.py took 0.247 seconds
[2026-07-07T09:43:27.958+0000] {processor.py:161} INFO - Started process (PID=6977) to work on /home/airflow/.local/lib/python3.8/site-packages/airflow/example_dags/example_latest_only_with_trigger.py
[2026-07-07T09:43:27.960+0000] {processor.py:830} INFO - Processing file /home/airflow/.local/lib/python3.8/site-packages/airflow/example_dags/example_latest_only_with_trigger.py for tasks to queue
[2026-07-07T09:43:27.962+0000] {logging_mixin.py:188} INFO - [2026-07-07T09:43:27.962+0000] {dagbag.py:538} INFO - Filling up the DagBag from /home/airflow/.local/lib/python3.8/site-packages/airflow/example_dags/example_latest_only_with_trigger.py
[2026-07-07T09:43:27.977+0000] {processor.py:840} INFO - DAG(s) 'latest_only_with_trigger' retrieved from /home/airflow/.local/lib/python3.8/site-packages/airflow/example_dags/example_latest_only_with_trigger.py
[2026-07-07T09:43:28.031+0000] {logging_mixin.py:188} INFO - [2026-07-07T09:43:28.030+0000] {dag.py:3036} INFO - Sync 1 DAGs
[2026-07-07T09:43:28.093+0000] {logging_mixin.py:188} INFO - [2026-07-07T09:43:28.093+0000] {dag.py:3823} INFO - Setting next_dagrun for latest_only_with_trigger to 2026-07-07 04:00:00+00:00, run_after=2026-07-07 08:00:00+00:00
[2026-07-07T09:43:28.151+0000] {processor.py:183} INFO - Processing /home/airflow/.local/lib/python3.8/site-packages/airflow/example_dags/example_latest_only_with_trigger.py took 0.203 seconds
[2026-07-07T09:43:58.800+0000] {processor.py:161} INFO - Started process (PID=7043) to work on /home/airflow/.local/lib/python3.8/site-packages/airflow/example_dags/example_latest_only_with_trigger.py
[2026-07-07T09:43:58.804+0000] {processor.py:830} INFO - Processing file /home/airflow/.local/lib/python3.8/site-packages/airflow/example_dags/example_latest_only_with_trigger.py for tasks to queue
[2026-07-07T09:43:58.806+0000] {logging_mixin.py:188} INFO - [2026-07-07T09:43:58.805+0000] {dagbag.py:538} INFO - Filling up the DagBag from /home/airflow/.local/lib/python3.8/site-packages/airflow/example_dags/example_latest_only_with_trigger.py
[2026-07-07T09:43:58.829+0000] {processor.py:840} INFO - DAG(s) 'latest_only_with_trigger' retrieved from /home/airflow/.local/lib/python3.8/site-packages/airflow/example_dags/example_latest_only_with_trigger.py
[2026-07-07T09:43:58.894+0000] {logging_mixin.py:188} INFO - [2026-07-07T09:43:58.894+0000] {dag.py:3036} INFO - Sync 1 DAGs
[2026-07-07T09:43:58.941+0000] {logging_mixin.py:188} INFO - [2026-07-07T09:43:58.941+0000] {dag.py:3823} INFO - Setting next_dagrun for latest_only_with_trigger to 2026-07-07 04:00:00+00:00, run_after=2026-07-07 08:00:00+00:00
[2026-07-07T09:43:58.983+0000] {processor.py:183} INFO - Processing /home/airflow/.local/lib/python3.8/site-packages/airflow/example_dags/example_latest_only_with_trigger.py took 0.192 seconds
[2026-07-07T09:44:29.406+0000] {processor.py:161} INFO - Started process (PID=7109) to work on /home/airflow/.local/lib/python3.8/site-packages/airflow/example_dags/example_latest_only_with_trigger.py
[2026-07-07T09:44:29.413+0000] {processor.py:830} INFO - Processing file /home/airflow/.local/lib/python3.8/site-packages/airflow/example_dags/example_latest_only_with_trigger.py for tasks to queue
[2026-07-07T09:44:29.417+0000] {logging_mixin.py:188} INFO - [2026-07-07T09:44:29.416+0000] {dagbag.py:538} INFO - Filling up the DagBag from /home/airflow/.local/lib/python3.8/site-packages/airflow/example_dags/example_latest_only_with_trigger.py
[2026-07-07T09:44:29.453+0000] {processor.py:840} INFO - DAG(s) 'latest_only_with_trigger' retrieved from /home/airflow/.local/lib/python3.8/site-packages/airflow/example_dags/example_latest_only_with_trigger.py
[2026-07-07T09:44:29.568+0000] {logging_mixin.py:188} INFO - [2026-07-07T09:44:29.567+0000] {dag.py:3036} INFO - Sync 1 DAGs
[2026-07-07T09:44:29.626+0000] {logging_mixin.py:188} INFO - [2026-07-07T09:44:29.626+0000] {dag.py:3823} INFO - Setting next_dagrun for latest_only_with_trigger to 2026-07-07 04:00:00+00:00, run_after=2026-07-07 08:00:00+00:00
[2026-07-07T09:44:29.666+0000] {processor.py:183} INFO - Processing /home/airflow/.local/lib/python3.8/site-packages/airflow/example_dags/example_latest_only_with_trigger.py took 0.273 seconds
[2026-07-07T09:44:59.893+0000] {processor.py:161} INFO - Started process (PID=7174) to work on /home/airflow/.local/lib/python3.8/site-packages/airflow/example_dags/example_latest_only_with_trigger.py
[2026-07-07T09:44:59.896+0000] {processor.py:830} INFO - Processing file /home/airflow/.local/lib/python3.8/site-packages/airflow/example_dags/example_latest_only_with_trigger.py for tasks to queue
[2026-07-07T09:44:59.898+0000] {logging_mixin.py:188} INFO - [2026-07-07T09:44:59.897+0000] {dagbag.py:538} INFO - Filling up the DagBag from /home/airflow/.local/lib/python3.8/site-packages/airflow/example_dags/example_latest_only_with_trigger.py
[2026-07-07T09:44:59.968+0000] {processor.py:840} INFO - DAG(s) 'latest_only_with_trigger' retrieved from /home/airflow/.local/lib/python3.8/site-packages/airflow/example_dags/example_latest_only_with_trigger.py
[2026-07-07T09:45:00.110+0000] {logging_mixin.py:188} INFO - [2026-07-07T09:45:00.109+0000] {dag.py:3036} INFO - Sync 1 DAGs
[2026-07-07T09:45:00.199+0000] {logging_mixin.py:188} INFO - [2026-07-07T09:45:00.198+0000] {dag.py:3823} INFO - Setting next_dagrun for latest_only_with_trigger to 2026-07-07 04:00:00+00:00, run_after=2026-07-07 08:00:00+00:00
[2026-07-07T09:45:00.280+0000] {processor.py:183} INFO - Processing /home/airflow/.local/lib/python3.8/site-packages/airflow/example_dags/example_latest_only_with_trigger.py took 0.405 seconds
[2026-07-07T09:45:30.812+0000] {processor.py:161} INFO - Started process (PID=7238) to work on /home/airflow/.local/lib/python3.8/site-packages/airflow/example_dags/example_latest_only_with_trigger.py
[2026-07-07T09:45:30.816+0000] {processor.py:830} INFO - Processing file /home/airflow/.local/lib/python3.8/site-packages/airflow/example_dags/example_latest_only_with_trigger.py for tasks to queue
[2026-07-07T09:45:30.818+0000] {logging_mixin.py:188} INFO - [2026-07-07T09:45:30.817+0000] {dagbag.py:538} INFO - Filling up the DagBag from /home/airflow/.local/lib/python3.8/site-packages/airflow/example_dags/example_latest_only_with_trigger.py
[2026-07-07T09:45:30.836+0000] {processor.py:840} INFO - DAG(s) 'latest_only_with_trigger' retrieved from /home/airflow/.local/lib/python3.8/site-packages/airflow/example_dags/example_latest_only_with_trigger.py
[2026-07-07T09:45:30.907+0000] {logging_mixin.py:188} INFO - [2026-07-07T09:45:30.906+0000] {dag.py:3036} INFO - Sync 1 DAGs
[2026-07-07T09:45:31.024+0000] {logging_mixin.py:188} INFO - [2026-07-07T09:45:31.023+0000] {dag.py:3823} INFO - Setting next_dagrun for latest_only_with_trigger to 2026-07-07 04:00:00+00:00, run_after=2026-07-07 08:00:00+00:00
[2026-07-07T09:45:31.160+0000] {processor.py:183} INFO - Processing /home/airflow/.local/lib/python3.8/site-packages/airflow/example_dags/example_latest_only_with_trigger.py took 0.359 seconds
[2026-07-07T09:46:01.880+0000] {processor.py:161} INFO - Started process (PID=7298) to work on /home/airflow/.local/lib/python3.8/site-packages/airflow/example_dags/example_latest_only_with_trigger.py
[2026-07-07T09:46:01.898+0000] {processor.py:830} INFO - Processing file /home/airflow/.local/lib/python3.8/site-packages/airflow/example_dags/example_latest_only_with_trigger.py for tasks to queue
[2026-07-07T09:46:01.904+0000] {logging_mixin.py:188} INFO - [2026-07-07T09:46:01.902+0000] {dagbag.py:538} INFO - Filling up the DagBag from /home/airflow/.local/lib/python3.8/site-packages/airflow/example_dags/example_latest_only_with_trigger.py
[2026-07-07T09:46:01.950+0000] {processor.py:840} INFO - DAG(s) 'latest_only_with_trigger' retrieved from /home/airflow/.local/lib/python3.8/site-packages/airflow/example_dags/example_latest_only_with_trigger.py
[2026-07-07T09:46:02.072+0000] {logging_mixin.py:188} INFO - [2026-07-07T09:46:02.071+0000] {dag.py:3036} INFO - Sync 1 DAGs
[2026-07-07T09:46:02.141+0000] {logging_mixin.py:188} INFO - [2026-07-07T09:46:02.140+0000] {dag.py:3823} INFO - Setting next_dagrun for latest_only_with_trigger to 2026-07-07 04:00:00+00:00, run_after=2026-07-07 08:00:00+00:00
[2026-07-07T09:46:02.206+0000] {processor.py:183} INFO - Processing /home/airflow/.local/lib/python3.8/site-packages/airflow/example_dags/example_latest_only_with_trigger.py took 0.360 seconds
[2026-07-07T09:46:32.727+0000] {processor.py:161} INFO - Started process (PID=7364) to work on /home/airflow/.local/lib/python3.8/site-packages/airflow/example_dags/example_latest_only_with_trigger.py
[2026-07-07T09:46:32.735+0000] {processor.py:830} INFO - Processing file /home/airflow/.local/lib/python3.8/site-packages/airflow/example_dags/example_latest_only_with_trigger.py for tasks to queue
[2026-07-07T09:46:32.739+0000] {logging_mixin.py:188} INFO - [2026-07-07T09:46:32.737+0000] {dagbag.py:538} INFO - Filling up the DagBag from /home/airflow/.local/lib/python3.8/site-packages/airflow/example_dags/example_latest_only_with_trigger.py
[2026-07-07T09:46:32.774+0000] {processor.py:840} INFO - DAG(s) 'latest_only_with_trigger' retrieved from /home/airflow/.local/lib/python3.8/site-packages/airflow/example_dags/example_latest_only_with_trigger.py
[2026-07-07T09:46:32.905+0000] {logging_mixin.py:188} INFO - [2026-07-07T09:46:32.904+0000] {dag.py:3036} INFO - Sync 1 DAGs
[2026-07-07T09:46:33.103+0000] {logging_mixin.py:188} INFO - [2026-07-07T09:46:33.102+0000] {dag.py:3823} INFO - Setting next_dagrun for latest_only_with_trigger to 2026-07-07 04:00:00+00:00, run_after=2026-07-07 08:00:00+00:00
[2026-07-07T09:46:33.182+0000] {processor.py:183} INFO - Processing /home/airflow/.local/lib/python3.8/site-packages/airflow/example_dags/example_latest_only_with_trigger.py took 0.470 seconds
