[2026-07-07T09:08:51.296+0000] {processor.py:161} INFO - Started process (PID=4170) to work on /home/airflow/.local/lib/python3.8/site-packages/airflow/example_dags/example_branch_operator_decorator.py
[2026-07-07T09:08:51.304+0000] {processor.py:830} INFO - Processing file /home/airflow/.local/lib/python3.8/site-packages/airflow/example_dags/example_branch_operator_decorator.py for tasks to queue
[2026-07-07T09:08:51.361+0000] {logging_mixin.py:188} INFO - [2026-07-07T09:08:51.337+0000] {dagbag.py:538} INFO - Filling up the DagBag from /home/airflow/.local/lib/python3.8/site-packages/airflow/example_dags/example_branch_operator_decorator.py
[2026-07-07T09:08:51.956+0000] {processor.py:840} INFO - DAG(s) 'example_branch_python_operator_decorator' retrieved from /home/airflow/.local/lib/python3.8/site-packages/airflow/example_dags/example_branch_operator_decorator.py
[2026-07-07T09:08:52.316+0000] {logging_mixin.py:188} INFO - [2026-07-07T09:08:52.315+0000] {dag.py:3036} INFO - Sync 1 DAGs
[2026-07-07T09:08:52.642+0000] {logging_mixin.py:188} INFO - [2026-07-07T09:08:52.642+0000] {dag.py:3823} INFO - Setting next_dagrun for example_branch_python_operator_decorator to 2026-07-06 00:00:00+00:00, run_after=2026-07-07 00:00:00+00:00
[2026-07-07T09:08:52.903+0000] {processor.py:183} INFO - Processing /home/airflow/.local/lib/python3.8/site-packages/airflow/example_dags/example_branch_operator_decorator.py took 1.738 seconds
[2026-07-07T09:09:30.163+0000] {processor.py:161} INFO - Started process (PID=4236) to work on /home/airflow/.local/lib/python3.8/site-packages/airflow/example_dags/example_branch_operator_decorator.py
[2026-07-07T09:09:30.167+0000] {processor.py:830} INFO - Processing file /home/airflow/.local/lib/python3.8/site-packages/airflow/example_dags/example_branch_operator_decorator.py for tasks to queue
[2026-07-07T09:09:30.170+0000] {logging_mixin.py:188} INFO - [2026-07-07T09:09:30.169+0000] {dagbag.py:538} INFO - Filling up the DagBag from /home/airflow/.local/lib/python3.8/site-packages/airflow/example_dags/example_branch_operator_decorator.py
[2026-07-07T09:09:30.270+0000] {processor.py:840} INFO - DAG(s) 'example_branch_python_operator_decorator' retrieved from /home/airflow/.local/lib/python3.8/site-packages/airflow/example_dags/example_branch_operator_decorator.py
[2026-07-07T09:09:30.352+0000] {logging_mixin.py:188} INFO - [2026-07-07T09:09:30.351+0000] {dag.py:3036} INFO - Sync 1 DAGs
[2026-07-07T09:09:30.425+0000] {logging_mixin.py:188} INFO - [2026-07-07T09:09:30.425+0000] {dag.py:3823} INFO - Setting next_dagrun for example_branch_python_operator_decorator to 2026-07-06 00:00:00+00:00, run_after=2026-07-07 00:00:00+00:00
[2026-07-07T09:09:30.494+0000] {processor.py:183} INFO - Processing /home/airflow/.local/lib/python3.8/site-packages/airflow/example_dags/example_branch_operator_decorator.py took 0.340 seconds
[2026-07-07T09:10:00.904+0000] {processor.py:161} INFO - Started process (PID=4295) to work on /home/airflow/.local/lib/python3.8/site-packages/airflow/example_dags/example_branch_operator_decorator.py
[2026-07-07T09:10:00.906+0000] {processor.py:830} INFO - Processing file /home/airflow/.local/lib/python3.8/site-packages/airflow/example_dags/example_branch_operator_decorator.py for tasks to queue
[2026-07-07T09:10:00.912+0000] {logging_mixin.py:188} INFO - [2026-07-07T09:10:00.908+0000] {dagbag.py:538} INFO - Filling up the DagBag from /home/airflow/.local/lib/python3.8/site-packages/airflow/example_dags/example_branch_operator_decorator.py
[2026-07-07T09:10:00.990+0000] {processor.py:840} INFO - DAG(s) 'example_branch_python_operator_decorator' retrieved from /home/airflow/.local/lib/python3.8/site-packages/airflow/example_dags/example_branch_operator_decorator.py
[2026-07-07T09:10:01.091+0000] {logging_mixin.py:188} INFO - [2026-07-07T09:10:01.091+0000] {dag.py:3036} INFO - Sync 1 DAGs
[2026-07-07T09:10:01.151+0000] {logging_mixin.py:188} INFO - [2026-07-07T09:10:01.150+0000] {dag.py:3823} INFO - Setting next_dagrun for example_branch_python_operator_decorator to 2026-07-06 00:00:00+00:00, run_after=2026-07-07 00:00:00+00:00
[2026-07-07T09:10:01.203+0000] {processor.py:183} INFO - Processing /home/airflow/.local/lib/python3.8/site-packages/airflow/example_dags/example_branch_operator_decorator.py took 0.306 seconds
[2026-07-07T09:10:31.930+0000] {processor.py:161} INFO - Started process (PID=4362) to work on /home/airflow/.local/lib/python3.8/site-packages/airflow/example_dags/example_branch_operator_decorator.py
[2026-07-07T09:10:31.933+0000] {processor.py:830} INFO - Processing file /home/airflow/.local/lib/python3.8/site-packages/airflow/example_dags/example_branch_operator_decorator.py for tasks to queue
[2026-07-07T09:10:31.935+0000] {logging_mixin.py:188} INFO - [2026-07-07T09:10:31.935+0000] {dagbag.py:538} INFO - Filling up the DagBag from /home/airflow/.local/lib/python3.8/site-packages/airflow/example_dags/example_branch_operator_decorator.py
[2026-07-07T09:10:32.003+0000] {processor.py:840} INFO - DAG(s) 'example_branch_python_operator_decorator' retrieved from /home/airflow/.local/lib/python3.8/site-packages/airflow/example_dags/example_branch_operator_decorator.py
[2026-07-07T09:10:32.132+0000] {logging_mixin.py:188} INFO - [2026-07-07T09:10:32.132+0000] {dag.py:3036} INFO - Sync 1 DAGs
[2026-07-07T09:10:32.203+0000] {logging_mixin.py:188} INFO - [2026-07-07T09:10:32.202+0000] {dag.py:3823} INFO - Setting next_dagrun for example_branch_python_operator_decorator to 2026-07-06 00:00:00+00:00, run_after=2026-07-07 00:00:00+00:00
[2026-07-07T09:10:32.253+0000] {processor.py:183} INFO - Processing /home/airflow/.local/lib/python3.8/site-packages/airflow/example_dags/example_branch_operator_decorator.py took 0.334 seconds
[2026-07-07T09:12:14.198+0000] {processor.py:161} INFO - Started process (PID=4447) to work on /home/airflow/.local/lib/python3.8/site-packages/airflow/example_dags/example_branch_operator_decorator.py
[2026-07-07T09:12:14.310+0000] {processor.py:830} INFO - Processing file /home/airflow/.local/lib/python3.8/site-packages/airflow/example_dags/example_branch_operator_decorator.py for tasks to queue
[2026-07-07T09:12:14.393+0000] {logging_mixin.py:188} INFO - [2026-07-07T09:12:14.373+0000] {dagbag.py:538} INFO - Filling up the DagBag from /home/airflow/.local/lib/python3.8/site-packages/airflow/example_dags/example_branch_operator_decorator.py
[2026-07-07T09:12:23.735+0000] {processor.py:840} INFO - DAG(s) 'example_branch_python_operator_decorator' retrieved from /home/airflow/.local/lib/python3.8/site-packages/airflow/example_dags/example_branch_operator_decorator.py
[2026-07-07T09:12:26.227+0000] {logging_mixin.py:188} INFO - [2026-07-07T09:12:26.226+0000] {dag.py:3036} INFO - Sync 1 DAGs
[2026-07-07T09:12:27.025+0000] {logging_mixin.py:188} INFO - [2026-07-07T09:12:27.024+0000] {dag.py:3823} INFO - Setting next_dagrun for example_branch_python_operator_decorator to 2026-07-06 00:00:00+00:00, run_after=2026-07-07 00:00:00+00:00
[2026-07-07T09:12:28.205+0000] {processor.py:183} INFO - Processing /home/airflow/.local/lib/python3.8/site-packages/airflow/example_dags/example_branch_operator_decorator.py took 14.320 seconds
[2026-07-07T09:20:03.452+0000] {processor.py:161} INFO - Started process (PID=4631) to work on /home/airflow/.local/lib/python3.8/site-packages/airflow/example_dags/example_branch_operator_decorator.py
[2026-07-07T09:20:03.471+0000] {processor.py:830} INFO - Processing file /home/airflow/.local/lib/python3.8/site-packages/airflow/example_dags/example_branch_operator_decorator.py for tasks to queue
[2026-07-07T09:20:03.493+0000] {logging_mixin.py:188} INFO - [2026-07-07T09:20:03.492+0000] {dagbag.py:538} INFO - Filling up the DagBag from /home/airflow/.local/lib/python3.8/site-packages/airflow/example_dags/example_branch_operator_decorator.py
[2026-07-07T09:20:06.694+0000] {processor.py:840} INFO - DAG(s) 'example_branch_python_operator_decorator' retrieved from /home/airflow/.local/lib/python3.8/site-packages/airflow/example_dags/example_branch_operator_decorator.py
[2026-07-07T09:20:07.808+0000] {logging_mixin.py:188} INFO - [2026-07-07T09:20:07.807+0000] {dag.py:3036} INFO - Sync 1 DAGs
[2026-07-07T09:20:07.966+0000] {logging_mixin.py:188} INFO - [2026-07-07T09:20:07.966+0000] {dag.py:3823} INFO - Setting next_dagrun for example_branch_python_operator_decorator to 2026-07-06 00:00:00+00:00, run_after=2026-07-07 00:00:00+00:00
[2026-07-07T09:20:08.167+0000] {processor.py:183} INFO - Processing /home/airflow/.local/lib/python3.8/site-packages/airflow/example_dags/example_branch_operator_decorator.py took 4.755 seconds
[2026-07-07T09:23:29.427+0000] {processor.py:161} INFO - Started process (PID=4752) to work on /home/airflow/.local/lib/python3.8/site-packages/airflow/example_dags/example_branch_operator_decorator.py
[2026-07-07T09:23:29.478+0000] {processor.py:830} INFO - Processing file /home/airflow/.local/lib/python3.8/site-packages/airflow/example_dags/example_branch_operator_decorator.py for tasks to queue
[2026-07-07T09:23:29.581+0000] {logging_mixin.py:188} INFO - [2026-07-07T09:23:29.548+0000] {dagbag.py:538} INFO - Filling up the DagBag from /home/airflow/.local/lib/python3.8/site-packages/airflow/example_dags/example_branch_operator_decorator.py
[2026-07-07T09:23:32.257+0000] {processor.py:840} INFO - DAG(s) 'example_branch_python_operator_decorator' retrieved from /home/airflow/.local/lib/python3.8/site-packages/airflow/example_dags/example_branch_operator_decorator.py
[2026-07-07T09:23:33.171+0000] {logging_mixin.py:188} INFO - [2026-07-07T09:23:33.170+0000] {dag.py:3036} INFO - Sync 1 DAGs
[2026-07-07T09:23:33.828+0000] {logging_mixin.py:188} INFO - [2026-07-07T09:23:33.827+0000] {dag.py:3823} INFO - Setting next_dagrun for example_branch_python_operator_decorator to 2026-07-06 00:00:00+00:00, run_after=2026-07-07 00:00:00+00:00
[2026-07-07T09:23:34.456+0000] {processor.py:183} INFO - Processing /home/airflow/.local/lib/python3.8/site-packages/airflow/example_dags/example_branch_operator_decorator.py took 5.163 seconds
[2026-07-07T09:26:23.874+0000] {processor.py:161} INFO - Started process (PID=4892) to work on /home/airflow/.local/lib/python3.8/site-packages/airflow/example_dags/example_branch_operator_decorator.py
[2026-07-07T09:26:23.888+0000] {processor.py:830} INFO - Processing file /home/airflow/.local/lib/python3.8/site-packages/airflow/example_dags/example_branch_operator_decorator.py for tasks to queue
[2026-07-07T09:26:23.891+0000] {logging_mixin.py:188} INFO - [2026-07-07T09:26:23.890+0000] {dagbag.py:538} INFO - Filling up the DagBag from /home/airflow/.local/lib/python3.8/site-packages/airflow/example_dags/example_branch_operator_decorator.py
[2026-07-07T09:26:24.209+0000] {processor.py:840} INFO - DAG(s) 'example_branch_python_operator_decorator' retrieved from /home/airflow/.local/lib/python3.8/site-packages/airflow/example_dags/example_branch_operator_decorator.py
[2026-07-07T09:26:24.485+0000] {logging_mixin.py:188} INFO - [2026-07-07T09:26:24.485+0000] {dag.py:3036} INFO - Sync 1 DAGs
[2026-07-07T09:26:24.601+0000] {logging_mixin.py:188} INFO - [2026-07-07T09:26:24.600+0000] {dag.py:3823} INFO - Setting next_dagrun for example_branch_python_operator_decorator to 2026-07-06 00:00:00+00:00, run_after=2026-07-07 00:00:00+00:00
[2026-07-07T09:26:24.754+0000] {processor.py:183} INFO - Processing /home/airflow/.local/lib/python3.8/site-packages/airflow/example_dags/example_branch_operator_decorator.py took 0.911 seconds
[2026-07-07T09:26:54.936+0000] {processor.py:161} INFO - Started process (PID=4952) to work on /home/airflow/.local/lib/python3.8/site-packages/airflow/example_dags/example_branch_operator_decorator.py
[2026-07-07T09:26:54.939+0000] {processor.py:830} INFO - Processing file /home/airflow/.local/lib/python3.8/site-packages/airflow/example_dags/example_branch_operator_decorator.py for tasks to queue
[2026-07-07T09:26:54.941+0000] {logging_mixin.py:188} INFO - [2026-07-07T09:26:54.940+0000] {dagbag.py:538} INFO - Filling up the DagBag from /home/airflow/.local/lib/python3.8/site-packages/airflow/example_dags/example_branch_operator_decorator.py
[2026-07-07T09:26:54.997+0000] {processor.py:840} INFO - DAG(s) 'example_branch_python_operator_decorator' retrieved from /home/airflow/.local/lib/python3.8/site-packages/airflow/example_dags/example_branch_operator_decorator.py
[2026-07-07T09:26:55.065+0000] {logging_mixin.py:188} INFO - [2026-07-07T09:26:55.065+0000] {dag.py:3036} INFO - Sync 1 DAGs
[2026-07-07T09:26:55.118+0000] {logging_mixin.py:188} INFO - [2026-07-07T09:26:55.118+0000] {dag.py:3823} INFO - Setting next_dagrun for example_branch_python_operator_decorator to 2026-07-06 00:00:00+00:00, run_after=2026-07-07 00:00:00+00:00
[2026-07-07T09:26:55.162+0000] {processor.py:183} INFO - Processing /home/airflow/.local/lib/python3.8/site-packages/airflow/example_dags/example_branch_operator_decorator.py took 0.235 seconds
[2026-07-07T09:27:26.502+0000] {processor.py:161} INFO - Started process (PID=5019) to work on /home/airflow/.local/lib/python3.8/site-packages/airflow/example_dags/example_branch_operator_decorator.py
[2026-07-07T09:27:26.508+0000] {processor.py:830} INFO - Processing file /home/airflow/.local/lib/python3.8/site-packages/airflow/example_dags/example_branch_operator_decorator.py for tasks to queue
[2026-07-07T09:27:26.510+0000] {logging_mixin.py:188} INFO - [2026-07-07T09:27:26.509+0000] {dagbag.py:538} INFO - Filling up the DagBag from /home/airflow/.local/lib/python3.8/site-packages/airflow/example_dags/example_branch_operator_decorator.py
[2026-07-07T09:27:26.635+0000] {processor.py:840} INFO - DAG(s) 'example_branch_python_operator_decorator' retrieved from /home/airflow/.local/lib/python3.8/site-packages/airflow/example_dags/example_branch_operator_decorator.py
[2026-07-07T09:27:26.839+0000] {logging_mixin.py:188} INFO - [2026-07-07T09:27:26.838+0000] {dag.py:3036} INFO - Sync 1 DAGs
[2026-07-07T09:27:27.090+0000] {logging_mixin.py:188} INFO - [2026-07-07T09:27:27.090+0000] {dag.py:3823} INFO - Setting next_dagrun for example_branch_python_operator_decorator to 2026-07-06 00:00:00+00:00, run_after=2026-07-07 00:00:00+00:00
[2026-07-07T09:27:27.207+0000] {processor.py:183} INFO - Processing /home/airflow/.local/lib/python3.8/site-packages/airflow/example_dags/example_branch_operator_decorator.py took 0.719 seconds
[2026-07-07T09:27:57.382+0000] {processor.py:161} INFO - Started process (PID=5078) to work on /home/airflow/.local/lib/python3.8/site-packages/airflow/example_dags/example_branch_operator_decorator.py
[2026-07-07T09:27:57.384+0000] {processor.py:830} INFO - Processing file /home/airflow/.local/lib/python3.8/site-packages/airflow/example_dags/example_branch_operator_decorator.py for tasks to queue
[2026-07-07T09:27:57.387+0000] {logging_mixin.py:188} INFO - [2026-07-07T09:27:57.386+0000] {dagbag.py:538} INFO - Filling up the DagBag from /home/airflow/.local/lib/python3.8/site-packages/airflow/example_dags/example_branch_operator_decorator.py
[2026-07-07T09:27:57.460+0000] {processor.py:840} INFO - DAG(s) 'example_branch_python_operator_decorator' retrieved from /home/airflow/.local/lib/python3.8/site-packages/airflow/example_dags/example_branch_operator_decorator.py
[2026-07-07T09:27:57.533+0000] {logging_mixin.py:188} INFO - [2026-07-07T09:27:57.532+0000] {dag.py:3036} INFO - Sync 1 DAGs
[2026-07-07T09:27:57.589+0000] {logging_mixin.py:188} INFO - [2026-07-07T09:27:57.589+0000] {dag.py:3823} INFO - Setting next_dagrun for example_branch_python_operator_decorator to 2026-07-06 00:00:00+00:00, run_after=2026-07-07 00:00:00+00:00
[2026-07-07T09:27:57.643+0000] {processor.py:183} INFO - Processing /home/airflow/.local/lib/python3.8/site-packages/airflow/example_dags/example_branch_operator_decorator.py took 0.280 seconds
[2026-07-07T09:28:39.859+0000] {processor.py:161} INFO - Started process (PID=5146) to work on /home/airflow/.local/lib/python3.8/site-packages/airflow/example_dags/example_branch_operator_decorator.py
[2026-07-07T09:28:39.874+0000] {processor.py:830} INFO - Processing file /home/airflow/.local/lib/python3.8/site-packages/airflow/example_dags/example_branch_operator_decorator.py for tasks to queue
[2026-07-07T09:28:39.877+0000] {logging_mixin.py:188} INFO - [2026-07-07T09:28:39.876+0000] {dagbag.py:538} INFO - Filling up the DagBag from /home/airflow/.local/lib/python3.8/site-packages/airflow/example_dags/example_branch_operator_decorator.py
[2026-07-07T09:28:40.044+0000] {processor.py:840} INFO - DAG(s) 'example_branch_python_operator_decorator' retrieved from /home/airflow/.local/lib/python3.8/site-packages/airflow/example_dags/example_branch_operator_decorator.py
[2026-07-07T09:28:40.193+0000] {logging_mixin.py:188} INFO - [2026-07-07T09:28:40.192+0000] {dag.py:3036} INFO - Sync 1 DAGs
[2026-07-07T09:28:40.262+0000] {logging_mixin.py:188} INFO - [2026-07-07T09:28:40.261+0000] {dag.py:3823} INFO - Setting next_dagrun for example_branch_python_operator_decorator to 2026-07-06 00:00:00+00:00, run_after=2026-07-07 00:00:00+00:00
[2026-07-07T09:28:40.316+0000] {processor.py:183} INFO - Processing /home/airflow/.local/lib/python3.8/site-packages/airflow/example_dags/example_branch_operator_decorator.py took 0.488 seconds
[2026-07-07T09:29:11.669+0000] {processor.py:161} INFO - Started process (PID=5214) to work on /home/airflow/.local/lib/python3.8/site-packages/airflow/example_dags/example_branch_operator_decorator.py
[2026-07-07T09:29:11.672+0000] {processor.py:830} INFO - Processing file /home/airflow/.local/lib/python3.8/site-packages/airflow/example_dags/example_branch_operator_decorator.py for tasks to queue
[2026-07-07T09:29:11.820+0000] {logging_mixin.py:188} INFO - [2026-07-07T09:29:11.675+0000] {dagbag.py:538} INFO - Filling up the DagBag from /home/airflow/.local/lib/python3.8/site-packages/airflow/example_dags/example_branch_operator_decorator.py
[2026-07-07T09:29:13.103+0000] {processor.py:840} INFO - DAG(s) 'example_branch_python_operator_decorator' retrieved from /home/airflow/.local/lib/python3.8/site-packages/airflow/example_dags/example_branch_operator_decorator.py
[2026-07-07T09:29:15.023+0000] {logging_mixin.py:188} INFO - [2026-07-07T09:29:15.022+0000] {dag.py:3036} INFO - Sync 1 DAGs
[2026-07-07T09:29:15.161+0000] {logging_mixin.py:188} INFO - [2026-07-07T09:29:15.160+0000] {dag.py:3823} INFO - Setting next_dagrun for example_branch_python_operator_decorator to 2026-07-06 00:00:00+00:00, run_after=2026-07-07 00:00:00+00:00
[2026-07-07T09:29:15.329+0000] {processor.py:183} INFO - Processing /home/airflow/.local/lib/python3.8/site-packages/airflow/example_dags/example_branch_operator_decorator.py took 3.846 seconds
[2026-07-07T09:29:45.969+0000] {processor.py:161} INFO - Started process (PID=5281) to work on /home/airflow/.local/lib/python3.8/site-packages/airflow/example_dags/example_branch_operator_decorator.py
[2026-07-07T09:29:45.982+0000] {processor.py:830} INFO - Processing file /home/airflow/.local/lib/python3.8/site-packages/airflow/example_dags/example_branch_operator_decorator.py for tasks to queue
[2026-07-07T09:29:45.986+0000] {logging_mixin.py:188} INFO - [2026-07-07T09:29:45.984+0000] {dagbag.py:538} INFO - Filling up the DagBag from /home/airflow/.local/lib/python3.8/site-packages/airflow/example_dags/example_branch_operator_decorator.py
[2026-07-07T09:29:46.097+0000] {processor.py:840} INFO - DAG(s) 'example_branch_python_operator_decorator' retrieved from /home/airflow/.local/lib/python3.8/site-packages/airflow/example_dags/example_branch_operator_decorator.py
[2026-07-07T09:29:46.231+0000] {logging_mixin.py:188} INFO - [2026-07-07T09:29:46.230+0000] {dag.py:3036} INFO - Sync 1 DAGs
[2026-07-07T09:29:46.338+0000] {logging_mixin.py:188} INFO - [2026-07-07T09:29:46.337+0000] {dag.py:3823} INFO - Setting next_dagrun for example_branch_python_operator_decorator to 2026-07-06 00:00:00+00:00, run_after=2026-07-07 00:00:00+00:00
[2026-07-07T09:29:46.442+0000] {processor.py:183} INFO - Processing /home/airflow/.local/lib/python3.8/site-packages/airflow/example_dags/example_branch_operator_decorator.py took 0.492 seconds
[2026-07-07T09:30:17.097+0000] {processor.py:161} INFO - Started process (PID=5339) to work on /home/airflow/.local/lib/python3.8/site-packages/airflow/example_dags/example_branch_operator_decorator.py
[2026-07-07T09:30:17.109+0000] {processor.py:830} INFO - Processing file /home/airflow/.local/lib/python3.8/site-packages/airflow/example_dags/example_branch_operator_decorator.py for tasks to queue
[2026-07-07T09:30:17.113+0000] {logging_mixin.py:188} INFO - [2026-07-07T09:30:17.111+0000] {dagbag.py:538} INFO - Filling up the DagBag from /home/airflow/.local/lib/python3.8/site-packages/airflow/example_dags/example_branch_operator_decorator.py
[2026-07-07T09:30:17.191+0000] {processor.py:840} INFO - DAG(s) 'example_branch_python_operator_decorator' retrieved from /home/airflow/.local/lib/python3.8/site-packages/airflow/example_dags/example_branch_operator_decorator.py
[2026-07-07T09:30:17.277+0000] {logging_mixin.py:188} INFO - [2026-07-07T09:30:17.276+0000] {dag.py:3036} INFO - Sync 1 DAGs
[2026-07-07T09:30:17.346+0000] {logging_mixin.py:188} INFO - [2026-07-07T09:30:17.346+0000] {dag.py:3823} INFO - Setting next_dagrun for example_branch_python_operator_decorator to 2026-07-06 00:00:00+00:00, run_after=2026-07-07 00:00:00+00:00
[2026-07-07T09:30:17.414+0000] {processor.py:183} INFO - Processing /home/airflow/.local/lib/python3.8/site-packages/airflow/example_dags/example_branch_operator_decorator.py took 0.332 seconds
[2026-07-07T09:30:47.882+0000] {processor.py:161} INFO - Started process (PID=5406) to work on /home/airflow/.local/lib/python3.8/site-packages/airflow/example_dags/example_branch_operator_decorator.py
[2026-07-07T09:30:47.890+0000] {processor.py:830} INFO - Processing file /home/airflow/.local/lib/python3.8/site-packages/airflow/example_dags/example_branch_operator_decorator.py for tasks to queue
[2026-07-07T09:30:47.892+0000] {logging_mixin.py:188} INFO - [2026-07-07T09:30:47.891+0000] {dagbag.py:538} INFO - Filling up the DagBag from /home/airflow/.local/lib/python3.8/site-packages/airflow/example_dags/example_branch_operator_decorator.py
[2026-07-07T09:30:48.095+0000] {processor.py:840} INFO - DAG(s) 'example_branch_python_operator_decorator' retrieved from /home/airflow/.local/lib/python3.8/site-packages/airflow/example_dags/example_branch_operator_decorator.py
[2026-07-07T09:30:48.494+0000] {logging_mixin.py:188} INFO - [2026-07-07T09:30:48.493+0000] {dag.py:3036} INFO - Sync 1 DAGs
[2026-07-07T09:30:48.684+0000] {logging_mixin.py:188} INFO - [2026-07-07T09:30:48.683+0000] {dag.py:3823} INFO - Setting next_dagrun for example_branch_python_operator_decorator to 2026-07-06 00:00:00+00:00, run_after=2026-07-07 00:00:00+00:00
[2026-07-07T09:30:48.903+0000] {processor.py:183} INFO - Processing /home/airflow/.local/lib/python3.8/site-packages/airflow/example_dags/example_branch_operator_decorator.py took 1.051 seconds
[2026-07-07T09:31:21.042+0000] {processor.py:161} INFO - Started process (PID=5462) to work on /home/airflow/.local/lib/python3.8/site-packages/airflow/example_dags/example_branch_operator_decorator.py
[2026-07-07T09:31:21.048+0000] {processor.py:830} INFO - Processing file /home/airflow/.local/lib/python3.8/site-packages/airflow/example_dags/example_branch_operator_decorator.py for tasks to queue
[2026-07-07T09:31:21.050+0000] {logging_mixin.py:188} INFO - [2026-07-07T09:31:21.050+0000] {dagbag.py:538} INFO - Filling up the DagBag from /home/airflow/.local/lib/python3.8/site-packages/airflow/example_dags/example_branch_operator_decorator.py
[2026-07-07T09:31:21.314+0000] {processor.py:840} INFO - DAG(s) 'example_branch_python_operator_decorator' retrieved from /home/airflow/.local/lib/python3.8/site-packages/airflow/example_dags/example_branch_operator_decorator.py
[2026-07-07T09:31:21.771+0000] {logging_mixin.py:188} INFO - [2026-07-07T09:31:21.770+0000] {dag.py:3036} INFO - Sync 1 DAGs
[2026-07-07T09:31:22.043+0000] {logging_mixin.py:188} INFO - [2026-07-07T09:31:22.036+0000] {dag.py:3823} INFO - Setting next_dagrun for example_branch_python_operator_decorator to 2026-07-06 00:00:00+00:00, run_after=2026-07-07 00:00:00+00:00
[2026-07-07T09:31:22.173+0000] {processor.py:183} INFO - Processing /home/airflow/.local/lib/python3.8/site-packages/airflow/example_dags/example_branch_operator_decorator.py took 1.164 seconds
[2026-07-07T09:31:56.370+0000] {processor.py:161} INFO - Started process (PID=5528) to work on /home/airflow/.local/lib/python3.8/site-packages/airflow/example_dags/example_branch_operator_decorator.py
[2026-07-07T09:31:56.379+0000] {processor.py:830} INFO - Processing file /home/airflow/.local/lib/python3.8/site-packages/airflow/example_dags/example_branch_operator_decorator.py for tasks to queue
[2026-07-07T09:31:56.385+0000] {logging_mixin.py:188} INFO - [2026-07-07T09:31:56.382+0000] {dagbag.py:538} INFO - Filling up the DagBag from /home/airflow/.local/lib/python3.8/site-packages/airflow/example_dags/example_branch_operator_decorator.py
[2026-07-07T09:31:56.569+0000] {processor.py:840} INFO - DAG(s) 'example_branch_python_operator_decorator' retrieved from /home/airflow/.local/lib/python3.8/site-packages/airflow/example_dags/example_branch_operator_decorator.py
[2026-07-07T09:31:56.808+0000] {logging_mixin.py:188} INFO - [2026-07-07T09:31:56.808+0000] {dag.py:3036} INFO - Sync 1 DAGs
[2026-07-07T09:31:57.001+0000] {logging_mixin.py:188} INFO - [2026-07-07T09:31:57.000+0000] {dag.py:3823} INFO - Setting next_dagrun for example_branch_python_operator_decorator to 2026-07-06 00:00:00+00:00, run_after=2026-07-07 00:00:00+00:00
[2026-07-07T09:31:57.093+0000] {processor.py:183} INFO - Processing /home/airflow/.local/lib/python3.8/site-packages/airflow/example_dags/example_branch_operator_decorator.py took 0.761 seconds
[2026-07-07T09:32:27.381+0000] {processor.py:161} INFO - Started process (PID=5594) to work on /home/airflow/.local/lib/python3.8/site-packages/airflow/example_dags/example_branch_operator_decorator.py
[2026-07-07T09:32:27.389+0000] {processor.py:830} INFO - Processing file /home/airflow/.local/lib/python3.8/site-packages/airflow/example_dags/example_branch_operator_decorator.py for tasks to queue
[2026-07-07T09:32:27.391+0000] {logging_mixin.py:188} INFO - [2026-07-07T09:32:27.390+0000] {dagbag.py:538} INFO - Filling up the DagBag from /home/airflow/.local/lib/python3.8/site-packages/airflow/example_dags/example_branch_operator_decorator.py
[2026-07-07T09:32:27.542+0000] {processor.py:840} INFO - DAG(s) 'example_branch_python_operator_decorator' retrieved from /home/airflow/.local/lib/python3.8/site-packages/airflow/example_dags/example_branch_operator_decorator.py
[2026-07-07T09:32:27.706+0000] {logging_mixin.py:188} INFO - [2026-07-07T09:32:27.706+0000] {dag.py:3036} INFO - Sync 1 DAGs
[2026-07-07T09:32:27.883+0000] {logging_mixin.py:188} INFO - [2026-07-07T09:32:27.881+0000] {dag.py:3823} INFO - Setting next_dagrun for example_branch_python_operator_decorator to 2026-07-06 00:00:00+00:00, run_after=2026-07-07 00:00:00+00:00
[2026-07-07T09:32:28.028+0000] {processor.py:183} INFO - Processing /home/airflow/.local/lib/python3.8/site-packages/airflow/example_dags/example_branch_operator_decorator.py took 0.664 seconds
[2026-07-07T09:32:58.618+0000] {processor.py:161} INFO - Started process (PID=5653) to work on /home/airflow/.local/lib/python3.8/site-packages/airflow/example_dags/example_branch_operator_decorator.py
[2026-07-07T09:32:58.620+0000] {processor.py:830} INFO - Processing file /home/airflow/.local/lib/python3.8/site-packages/airflow/example_dags/example_branch_operator_decorator.py for tasks to queue
[2026-07-07T09:32:58.622+0000] {logging_mixin.py:188} INFO - [2026-07-07T09:32:58.621+0000] {dagbag.py:538} INFO - Filling up the DagBag from /home/airflow/.local/lib/python3.8/site-packages/airflow/example_dags/example_branch_operator_decorator.py
[2026-07-07T09:32:58.669+0000] {processor.py:840} INFO - DAG(s) 'example_branch_python_operator_decorator' retrieved from /home/airflow/.local/lib/python3.8/site-packages/airflow/example_dags/example_branch_operator_decorator.py
[2026-07-07T09:32:58.756+0000] {logging_mixin.py:188} INFO - [2026-07-07T09:32:58.755+0000] {dag.py:3036} INFO - Sync 1 DAGs
[2026-07-07T09:32:58.801+0000] {logging_mixin.py:188} INFO - [2026-07-07T09:32:58.801+0000] {dag.py:3823} INFO - Setting next_dagrun for example_branch_python_operator_decorator to 2026-07-06 00:00:00+00:00, run_after=2026-07-07 00:00:00+00:00
[2026-07-07T09:32:58.842+0000] {processor.py:183} INFO - Processing /home/airflow/.local/lib/python3.8/site-packages/airflow/example_dags/example_branch_operator_decorator.py took 0.232 seconds
[2026-07-07T09:33:29.125+0000] {processor.py:161} INFO - Started process (PID=5719) to work on /home/airflow/.local/lib/python3.8/site-packages/airflow/example_dags/example_branch_operator_decorator.py
[2026-07-07T09:33:29.127+0000] {processor.py:830} INFO - Processing file /home/airflow/.local/lib/python3.8/site-packages/airflow/example_dags/example_branch_operator_decorator.py for tasks to queue
[2026-07-07T09:33:29.129+0000] {logging_mixin.py:188} INFO - [2026-07-07T09:33:29.128+0000] {dagbag.py:538} INFO - Filling up the DagBag from /home/airflow/.local/lib/python3.8/site-packages/airflow/example_dags/example_branch_operator_decorator.py
[2026-07-07T09:33:29.170+0000] {processor.py:840} INFO - DAG(s) 'example_branch_python_operator_decorator' retrieved from /home/airflow/.local/lib/python3.8/site-packages/airflow/example_dags/example_branch_operator_decorator.py
[2026-07-07T09:33:29.247+0000] {logging_mixin.py:188} INFO - [2026-07-07T09:33:29.246+0000] {dag.py:3036} INFO - Sync 1 DAGs
[2026-07-07T09:33:29.303+0000] {logging_mixin.py:188} INFO - [2026-07-07T09:33:29.303+0000] {dag.py:3823} INFO - Setting next_dagrun for example_branch_python_operator_decorator to 2026-07-06 00:00:00+00:00, run_after=2026-07-07 00:00:00+00:00
[2026-07-07T09:33:29.351+0000] {processor.py:183} INFO - Processing /home/airflow/.local/lib/python3.8/site-packages/airflow/example_dags/example_branch_operator_decorator.py took 0.234 seconds
[2026-07-07T09:33:59.663+0000] {processor.py:161} INFO - Started process (PID=5787) to work on /home/airflow/.local/lib/python3.8/site-packages/airflow/example_dags/example_branch_operator_decorator.py
[2026-07-07T09:33:59.682+0000] {processor.py:830} INFO - Processing file /home/airflow/.local/lib/python3.8/site-packages/airflow/example_dags/example_branch_operator_decorator.py for tasks to queue
[2026-07-07T09:33:59.692+0000] {logging_mixin.py:188} INFO - [2026-07-07T09:33:59.691+0000] {dagbag.py:538} INFO - Filling up the DagBag from /home/airflow/.local/lib/python3.8/site-packages/airflow/example_dags/example_branch_operator_decorator.py
[2026-07-07T09:34:00.007+0000] {processor.py:840} INFO - DAG(s) 'example_branch_python_operator_decorator' retrieved from /home/airflow/.local/lib/python3.8/site-packages/airflow/example_dags/example_branch_operator_decorator.py
[2026-07-07T09:34:00.208+0000] {logging_mixin.py:188} INFO - [2026-07-07T09:34:00.207+0000] {dag.py:3036} INFO - Sync 1 DAGs
[2026-07-07T09:34:00.352+0000] {logging_mixin.py:188} INFO - [2026-07-07T09:34:00.352+0000] {dag.py:3823} INFO - Setting next_dagrun for example_branch_python_operator_decorator to 2026-07-06 00:00:00+00:00, run_after=2026-07-07 00:00:00+00:00
[2026-07-07T09:34:00.424+0000] {processor.py:183} INFO - Processing /home/airflow/.local/lib/python3.8/site-packages/airflow/example_dags/example_branch_operator_decorator.py took 0.810 seconds
[2026-07-07T09:34:31.051+0000] {processor.py:161} INFO - Started process (PID=5854) to work on /home/airflow/.local/lib/python3.8/site-packages/airflow/example_dags/example_branch_operator_decorator.py
[2026-07-07T09:34:31.056+0000] {processor.py:830} INFO - Processing file /home/airflow/.local/lib/python3.8/site-packages/airflow/example_dags/example_branch_operator_decorator.py for tasks to queue
[2026-07-07T09:34:31.058+0000] {logging_mixin.py:188} INFO - [2026-07-07T09:34:31.058+0000] {dagbag.py:538} INFO - Filling up the DagBag from /home/airflow/.local/lib/python3.8/site-packages/airflow/example_dags/example_branch_operator_decorator.py
[2026-07-07T09:34:31.240+0000] {processor.py:840} INFO - DAG(s) 'example_branch_python_operator_decorator' retrieved from /home/airflow/.local/lib/python3.8/site-packages/airflow/example_dags/example_branch_operator_decorator.py
[2026-07-07T09:34:31.462+0000] {logging_mixin.py:188} INFO - [2026-07-07T09:34:31.462+0000] {dag.py:3036} INFO - Sync 1 DAGs
[2026-07-07T09:34:31.697+0000] {logging_mixin.py:188} INFO - [2026-07-07T09:34:31.697+0000] {dag.py:3823} INFO - Setting next_dagrun for example_branch_python_operator_decorator to 2026-07-06 00:00:00+00:00, run_after=2026-07-07 00:00:00+00:00
[2026-07-07T09:34:31.909+0000] {processor.py:183} INFO - Processing /home/airflow/.local/lib/python3.8/site-packages/airflow/example_dags/example_branch_operator_decorator.py took 0.894 seconds
[2026-07-07T09:35:03.277+0000] {processor.py:161} INFO - Started process (PID=5914) to work on /home/airflow/.local/lib/python3.8/site-packages/airflow/example_dags/example_branch_operator_decorator.py
[2026-07-07T09:35:03.279+0000] {processor.py:830} INFO - Processing file /home/airflow/.local/lib/python3.8/site-packages/airflow/example_dags/example_branch_operator_decorator.py for tasks to queue
[2026-07-07T09:35:03.281+0000] {logging_mixin.py:188} INFO - [2026-07-07T09:35:03.281+0000] {dagbag.py:538} INFO - Filling up the DagBag from /home/airflow/.local/lib/python3.8/site-packages/airflow/example_dags/example_branch_operator_decorator.py
[2026-07-07T09:35:03.350+0000] {processor.py:840} INFO - DAG(s) 'example_branch_python_operator_decorator' retrieved from /home/airflow/.local/lib/python3.8/site-packages/airflow/example_dags/example_branch_operator_decorator.py
[2026-07-07T09:35:03.427+0000] {logging_mixin.py:188} INFO - [2026-07-07T09:35:03.426+0000] {dag.py:3036} INFO - Sync 1 DAGs
[2026-07-07T09:35:03.507+0000] {logging_mixin.py:188} INFO - [2026-07-07T09:35:03.507+0000] {dag.py:3823} INFO - Setting next_dagrun for example_branch_python_operator_decorator to 2026-07-06 00:00:00+00:00, run_after=2026-07-07 00:00:00+00:00
[2026-07-07T09:35:03.560+0000] {processor.py:183} INFO - Processing /home/airflow/.local/lib/python3.8/site-packages/airflow/example_dags/example_branch_operator_decorator.py took 0.295 seconds
[2026-07-07T09:35:36.343+0000] {processor.py:161} INFO - Started process (PID=5986) to work on /home/airflow/.local/lib/python3.8/site-packages/airflow/example_dags/example_branch_operator_decorator.py
[2026-07-07T09:35:37.434+0000] {processor.py:830} INFO - Processing file /home/airflow/.local/lib/python3.8/site-packages/airflow/example_dags/example_branch_operator_decorator.py for tasks to queue
[2026-07-07T09:35:37.610+0000] {logging_mixin.py:188} INFO - [2026-07-07T09:35:37.549+0000] {dagbag.py:538} INFO - Filling up the DagBag from /home/airflow/.local/lib/python3.8/site-packages/airflow/example_dags/example_branch_operator_decorator.py
[2026-07-07T09:35:38.175+0000] {processor.py:840} INFO - DAG(s) 'example_branch_python_operator_decorator' retrieved from /home/airflow/.local/lib/python3.8/site-packages/airflow/example_dags/example_branch_operator_decorator.py
[2026-07-07T09:35:38.417+0000] {logging_mixin.py:188} INFO - [2026-07-07T09:35:38.416+0000] {dag.py:3036} INFO - Sync 1 DAGs
[2026-07-07T09:35:38.848+0000] {logging_mixin.py:188} INFO - [2026-07-07T09:35:38.847+0000] {dag.py:3823} INFO - Setting next_dagrun for example_branch_python_operator_decorator to 2026-07-06 00:00:00+00:00, run_after=2026-07-07 00:00:00+00:00
[2026-07-07T09:35:39.369+0000] {processor.py:183} INFO - Processing /home/airflow/.local/lib/python3.8/site-packages/airflow/example_dags/example_branch_operator_decorator.py took 3.192 seconds
[2026-07-07T09:36:09.672+0000] {processor.py:161} INFO - Started process (PID=6046) to work on /home/airflow/.local/lib/python3.8/site-packages/airflow/example_dags/example_branch_operator_decorator.py
[2026-07-07T09:36:09.674+0000] {processor.py:830} INFO - Processing file /home/airflow/.local/lib/python3.8/site-packages/airflow/example_dags/example_branch_operator_decorator.py for tasks to queue
[2026-07-07T09:36:09.676+0000] {logging_mixin.py:188} INFO - [2026-07-07T09:36:09.675+0000] {dagbag.py:538} INFO - Filling up the DagBag from /home/airflow/.local/lib/python3.8/site-packages/airflow/example_dags/example_branch_operator_decorator.py
[2026-07-07T09:36:09.762+0000] {processor.py:840} INFO - DAG(s) 'example_branch_python_operator_decorator' retrieved from /home/airflow/.local/lib/python3.8/site-packages/airflow/example_dags/example_branch_operator_decorator.py
[2026-07-07T09:36:09.856+0000] {logging_mixin.py:188} INFO - [2026-07-07T09:36:09.856+0000] {dag.py:3036} INFO - Sync 1 DAGs
[2026-07-07T09:36:09.935+0000] {logging_mixin.py:188} INFO - [2026-07-07T09:36:09.934+0000] {dag.py:3823} INFO - Setting next_dagrun for example_branch_python_operator_decorator to 2026-07-06 00:00:00+00:00, run_after=2026-07-07 00:00:00+00:00
[2026-07-07T09:36:09.984+0000] {processor.py:183} INFO - Processing /home/airflow/.local/lib/python3.8/site-packages/airflow/example_dags/example_branch_operator_decorator.py took 0.333 seconds
[2026-07-07T09:36:40.454+0000] {processor.py:161} INFO - Started process (PID=6115) to work on /home/airflow/.local/lib/python3.8/site-packages/airflow/example_dags/example_branch_operator_decorator.py
[2026-07-07T09:36:40.458+0000] {processor.py:830} INFO - Processing file /home/airflow/.local/lib/python3.8/site-packages/airflow/example_dags/example_branch_operator_decorator.py for tasks to queue
[2026-07-07T09:36:40.463+0000] {logging_mixin.py:188} INFO - [2026-07-07T09:36:40.462+0000] {dagbag.py:538} INFO - Filling up the DagBag from /home/airflow/.local/lib/python3.8/site-packages/airflow/example_dags/example_branch_operator_decorator.py
[2026-07-07T09:36:40.590+0000] {processor.py:840} INFO - DAG(s) 'example_branch_python_operator_decorator' retrieved from /home/airflow/.local/lib/python3.8/site-packages/airflow/example_dags/example_branch_operator_decorator.py
[2026-07-07T09:36:40.705+0000] {logging_mixin.py:188} INFO - [2026-07-07T09:36:40.705+0000] {dag.py:3036} INFO - Sync 1 DAGs
[2026-07-07T09:36:40.767+0000] {logging_mixin.py:188} INFO - [2026-07-07T09:36:40.767+0000] {dag.py:3823} INFO - Setting next_dagrun for example_branch_python_operator_decorator to 2026-07-06 00:00:00+00:00, run_after=2026-07-07 00:00:00+00:00
[2026-07-07T09:36:40.819+0000] {processor.py:183} INFO - Processing /home/airflow/.local/lib/python3.8/site-packages/airflow/example_dags/example_branch_operator_decorator.py took 0.388 seconds
[2026-07-07T09:37:10.988+0000] {processor.py:161} INFO - Started process (PID=6182) to work on /home/airflow/.local/lib/python3.8/site-packages/airflow/example_dags/example_branch_operator_decorator.py
[2026-07-07T09:37:11.345+0000] {processor.py:830} INFO - Processing file /home/airflow/.local/lib/python3.8/site-packages/airflow/example_dags/example_branch_operator_decorator.py for tasks to queue
[2026-07-07T09:37:11.463+0000] {logging_mixin.py:188} INFO - [2026-07-07T09:37:11.462+0000] {dagbag.py:538} INFO - Filling up the DagBag from /home/airflow/.local/lib/python3.8/site-packages/airflow/example_dags/example_branch_operator_decorator.py
[2026-07-07T09:37:12.093+0000] {processor.py:840} INFO - DAG(s) 'example_branch_python_operator_decorator' retrieved from /home/airflow/.local/lib/python3.8/site-packages/airflow/example_dags/example_branch_operator_decorator.py
[2026-07-07T09:37:12.514+0000] {logging_mixin.py:188} INFO - [2026-07-07T09:37:12.514+0000] {dag.py:3036} INFO - Sync 1 DAGs
[2026-07-07T09:37:12.607+0000] {logging_mixin.py:188} INFO - [2026-07-07T09:37:12.606+0000] {dag.py:3823} INFO - Setting next_dagrun for example_branch_python_operator_decorator to 2026-07-06 00:00:00+00:00, run_after=2026-07-07 00:00:00+00:00
[2026-07-07T09:37:12.677+0000] {processor.py:183} INFO - Processing /home/airflow/.local/lib/python3.8/site-packages/airflow/example_dags/example_branch_operator_decorator.py took 1.722 seconds
[2026-07-07T09:37:44.164+0000] {processor.py:161} INFO - Started process (PID=6250) to work on /home/airflow/.local/lib/python3.8/site-packages/airflow/example_dags/example_branch_operator_decorator.py
[2026-07-07T09:37:44.167+0000] {processor.py:830} INFO - Processing file /home/airflow/.local/lib/python3.8/site-packages/airflow/example_dags/example_branch_operator_decorator.py for tasks to queue
[2026-07-07T09:37:44.171+0000] {logging_mixin.py:188} INFO - [2026-07-07T09:37:44.169+0000] {dagbag.py:538} INFO - Filling up the DagBag from /home/airflow/.local/lib/python3.8/site-packages/airflow/example_dags/example_branch_operator_decorator.py
[2026-07-07T09:37:44.319+0000] {processor.py:840} INFO - DAG(s) 'example_branch_python_operator_decorator' retrieved from /home/airflow/.local/lib/python3.8/site-packages/airflow/example_dags/example_branch_operator_decorator.py
[2026-07-07T09:37:44.509+0000] {logging_mixin.py:188} INFO - [2026-07-07T09:37:44.508+0000] {dag.py:3036} INFO - Sync 1 DAGs
[2026-07-07T09:37:44.593+0000] {logging_mixin.py:188} INFO - [2026-07-07T09:37:44.591+0000] {dag.py:3823} INFO - Setting next_dagrun for example_branch_python_operator_decorator to 2026-07-06 00:00:00+00:00, run_after=2026-07-07 00:00:00+00:00
[2026-07-07T09:37:44.659+0000] {processor.py:183} INFO - Processing /home/airflow/.local/lib/python3.8/site-packages/airflow/example_dags/example_branch_operator_decorator.py took 0.528 seconds
[2026-07-07T09:38:15.269+0000] {processor.py:161} INFO - Started process (PID=6309) to work on /home/airflow/.local/lib/python3.8/site-packages/airflow/example_dags/example_branch_operator_decorator.py
[2026-07-07T09:38:15.271+0000] {processor.py:830} INFO - Processing file /home/airflow/.local/lib/python3.8/site-packages/airflow/example_dags/example_branch_operator_decorator.py for tasks to queue
[2026-07-07T09:38:15.274+0000] {logging_mixin.py:188} INFO - [2026-07-07T09:38:15.273+0000] {dagbag.py:538} INFO - Filling up the DagBag from /home/airflow/.local/lib/python3.8/site-packages/airflow/example_dags/example_branch_operator_decorator.py
[2026-07-07T09:38:15.395+0000] {processor.py:840} INFO - DAG(s) 'example_branch_python_operator_decorator' retrieved from /home/airflow/.local/lib/python3.8/site-packages/airflow/example_dags/example_branch_operator_decorator.py
[2026-07-07T09:38:15.614+0000] {logging_mixin.py:188} INFO - [2026-07-07T09:38:15.613+0000] {dag.py:3036} INFO - Sync 1 DAGs
[2026-07-07T09:38:15.733+0000] {logging_mixin.py:188} INFO - [2026-07-07T09:38:15.733+0000] {dag.py:3823} INFO - Setting next_dagrun for example_branch_python_operator_decorator to 2026-07-06 00:00:00+00:00, run_after=2026-07-07 00:00:00+00:00
[2026-07-07T09:38:15.804+0000] {processor.py:183} INFO - Processing /home/airflow/.local/lib/python3.8/site-packages/airflow/example_dags/example_branch_operator_decorator.py took 0.546 seconds
[2026-07-07T09:38:45.912+0000] {processor.py:161} INFO - Started process (PID=6376) to work on /home/airflow/.local/lib/python3.8/site-packages/airflow/example_dags/example_branch_operator_decorator.py
[2026-07-07T09:38:45.920+0000] {processor.py:830} INFO - Processing file /home/airflow/.local/lib/python3.8/site-packages/airflow/example_dags/example_branch_operator_decorator.py for tasks to queue
[2026-07-07T09:38:45.927+0000] {logging_mixin.py:188} INFO - [2026-07-07T09:38:45.923+0000] {dagbag.py:538} INFO - Filling up the DagBag from /home/airflow/.local/lib/python3.8/site-packages/airflow/example_dags/example_branch_operator_decorator.py
[2026-07-07T09:38:46.031+0000] {processor.py:840} INFO - DAG(s) 'example_branch_python_operator_decorator' retrieved from /home/airflow/.local/lib/python3.8/site-packages/airflow/example_dags/example_branch_operator_decorator.py
[2026-07-07T09:38:46.125+0000] {logging_mixin.py:188} INFO - [2026-07-07T09:38:46.124+0000] {dag.py:3036} INFO - Sync 1 DAGs
[2026-07-07T09:38:46.199+0000] {logging_mixin.py:188} INFO - [2026-07-07T09:38:46.199+0000] {dag.py:3823} INFO - Setting next_dagrun for example_branch_python_operator_decorator to 2026-07-06 00:00:00+00:00, run_after=2026-07-07 00:00:00+00:00
[2026-07-07T09:38:46.265+0000] {processor.py:183} INFO - Processing /home/airflow/.local/lib/python3.8/site-packages/airflow/example_dags/example_branch_operator_decorator.py took 0.369 seconds
[2026-07-07T09:39:16.662+0000] {processor.py:161} INFO - Started process (PID=6442) to work on /home/airflow/.local/lib/python3.8/site-packages/airflow/example_dags/example_branch_operator_decorator.py
[2026-07-07T09:39:16.666+0000] {processor.py:830} INFO - Processing file /home/airflow/.local/lib/python3.8/site-packages/airflow/example_dags/example_branch_operator_decorator.py for tasks to queue
[2026-07-07T09:39:16.669+0000] {logging_mixin.py:188} INFO - [2026-07-07T09:39:16.668+0000] {dagbag.py:538} INFO - Filling up the DagBag from /home/airflow/.local/lib/python3.8/site-packages/airflow/example_dags/example_branch_operator_decorator.py
[2026-07-07T09:39:16.741+0000] {processor.py:840} INFO - DAG(s) 'example_branch_python_operator_decorator' retrieved from /home/airflow/.local/lib/python3.8/site-packages/airflow/example_dags/example_branch_operator_decorator.py
[2026-07-07T09:39:16.817+0000] {logging_mixin.py:188} INFO - [2026-07-07T09:39:16.816+0000] {dag.py:3036} INFO - Sync 1 DAGs
[2026-07-07T09:39:16.897+0000] {logging_mixin.py:188} INFO - [2026-07-07T09:39:16.897+0000] {dag.py:3823} INFO - Setting next_dagrun for example_branch_python_operator_decorator to 2026-07-06 00:00:00+00:00, run_after=2026-07-07 00:00:00+00:00
[2026-07-07T09:39:16.960+0000] {processor.py:183} INFO - Processing /home/airflow/.local/lib/python3.8/site-packages/airflow/example_dags/example_branch_operator_decorator.py took 0.311 seconds
[2026-07-07T09:39:47.039+0000] {processor.py:161} INFO - Started process (PID=6510) to work on /home/airflow/.local/lib/python3.8/site-packages/airflow/example_dags/example_branch_operator_decorator.py
[2026-07-07T09:39:47.041+0000] {processor.py:830} INFO - Processing file /home/airflow/.local/lib/python3.8/site-packages/airflow/example_dags/example_branch_operator_decorator.py for tasks to queue
[2026-07-07T09:39:47.043+0000] {logging_mixin.py:188} INFO - [2026-07-07T09:39:47.043+0000] {dagbag.py:538} INFO - Filling up the DagBag from /home/airflow/.local/lib/python3.8/site-packages/airflow/example_dags/example_branch_operator_decorator.py
[2026-07-07T09:39:47.083+0000] {processor.py:840} INFO - DAG(s) 'example_branch_python_operator_decorator' retrieved from /home/airflow/.local/lib/python3.8/site-packages/airflow/example_dags/example_branch_operator_decorator.py
[2026-07-07T09:39:47.138+0000] {logging_mixin.py:188} INFO - [2026-07-07T09:39:47.137+0000] {dag.py:3036} INFO - Sync 1 DAGs
[2026-07-07T09:39:47.182+0000] {logging_mixin.py:188} INFO - [2026-07-07T09:39:47.182+0000] {dag.py:3823} INFO - Setting next_dagrun for example_branch_python_operator_decorator to 2026-07-06 00:00:00+00:00, run_after=2026-07-07 00:00:00+00:00
[2026-07-07T09:39:47.230+0000] {processor.py:183} INFO - Processing /home/airflow/.local/lib/python3.8/site-packages/airflow/example_dags/example_branch_operator_decorator.py took 0.198 seconds
[2026-07-07T09:40:17.943+0000] {processor.py:161} INFO - Started process (PID=6577) to work on /home/airflow/.local/lib/python3.8/site-packages/airflow/example_dags/example_branch_operator_decorator.py
[2026-07-07T09:40:17.950+0000] {processor.py:830} INFO - Processing file /home/airflow/.local/lib/python3.8/site-packages/airflow/example_dags/example_branch_operator_decorator.py for tasks to queue
[2026-07-07T09:40:17.960+0000] {logging_mixin.py:188} INFO - [2026-07-07T09:40:17.958+0000] {dagbag.py:538} INFO - Filling up the DagBag from /home/airflow/.local/lib/python3.8/site-packages/airflow/example_dags/example_branch_operator_decorator.py
[2026-07-07T09:40:18.048+0000] {processor.py:840} INFO - DAG(s) 'example_branch_python_operator_decorator' retrieved from /home/airflow/.local/lib/python3.8/site-packages/airflow/example_dags/example_branch_operator_decorator.py
[2026-07-07T09:40:18.161+0000] {logging_mixin.py:188} INFO - [2026-07-07T09:40:18.161+0000] {dag.py:3036} INFO - Sync 1 DAGs
[2026-07-07T09:40:18.275+0000] {logging_mixin.py:188} INFO - [2026-07-07T09:40:18.275+0000] {dag.py:3823} INFO - Setting next_dagrun for example_branch_python_operator_decorator to 2026-07-06 00:00:00+00:00, run_after=2026-07-07 00:00:00+00:00
[2026-07-07T09:40:18.343+0000] {processor.py:183} INFO - Processing /home/airflow/.local/lib/python3.8/site-packages/airflow/example_dags/example_branch_operator_decorator.py took 0.417 seconds
[2026-07-07T09:40:48.813+0000] {processor.py:161} INFO - Started process (PID=6643) to work on /home/airflow/.local/lib/python3.8/site-packages/airflow/example_dags/example_branch_operator_decorator.py
[2026-07-07T09:40:48.815+0000] {processor.py:830} INFO - Processing file /home/airflow/.local/lib/python3.8/site-packages/airflow/example_dags/example_branch_operator_decorator.py for tasks to queue
[2026-07-07T09:40:48.817+0000] {logging_mixin.py:188} INFO - [2026-07-07T09:40:48.817+0000] {dagbag.py:538} INFO - Filling up the DagBag from /home/airflow/.local/lib/python3.8/site-packages/airflow/example_dags/example_branch_operator_decorator.py
[2026-07-07T09:40:48.877+0000] {processor.py:840} INFO - DAG(s) 'example_branch_python_operator_decorator' retrieved from /home/airflow/.local/lib/python3.8/site-packages/airflow/example_dags/example_branch_operator_decorator.py
[2026-07-07T09:40:48.943+0000] {logging_mixin.py:188} INFO - [2026-07-07T09:40:48.943+0000] {dag.py:3036} INFO - Sync 1 DAGs
[2026-07-07T09:40:49.001+0000] {logging_mixin.py:188} INFO - [2026-07-07T09:40:49.000+0000] {dag.py:3823} INFO - Setting next_dagrun for example_branch_python_operator_decorator to 2026-07-06 00:00:00+00:00, run_after=2026-07-07 00:00:00+00:00
[2026-07-07T09:40:49.046+0000] {processor.py:183} INFO - Processing /home/airflow/.local/lib/python3.8/site-packages/airflow/example_dags/example_branch_operator_decorator.py took 0.241 seconds
[2026-07-07T09:41:19.821+0000] {processor.py:161} INFO - Started process (PID=6703) to work on /home/airflow/.local/lib/python3.8/site-packages/airflow/example_dags/example_branch_operator_decorator.py
[2026-07-07T09:41:19.823+0000] {processor.py:830} INFO - Processing file /home/airflow/.local/lib/python3.8/site-packages/airflow/example_dags/example_branch_operator_decorator.py for tasks to queue
[2026-07-07T09:41:19.825+0000] {logging_mixin.py:188} INFO - [2026-07-07T09:41:19.824+0000] {dagbag.py:538} INFO - Filling up the DagBag from /home/airflow/.local/lib/python3.8/site-packages/airflow/example_dags/example_branch_operator_decorator.py
[2026-07-07T09:41:19.866+0000] {processor.py:840} INFO - DAG(s) 'example_branch_python_operator_decorator' retrieved from /home/airflow/.local/lib/python3.8/site-packages/airflow/example_dags/example_branch_operator_decorator.py
[2026-07-07T09:41:19.934+0000] {logging_mixin.py:188} INFO - [2026-07-07T09:41:19.933+0000] {dag.py:3036} INFO - Sync 1 DAGs
[2026-07-07T09:41:19.983+0000] {logging_mixin.py:188} INFO - [2026-07-07T09:41:19.982+0000] {dag.py:3823} INFO - Setting next_dagrun for example_branch_python_operator_decorator to 2026-07-06 00:00:00+00:00, run_after=2026-07-07 00:00:00+00:00
[2026-07-07T09:41:20.032+0000] {processor.py:183} INFO - Processing /home/airflow/.local/lib/python3.8/site-packages/airflow/example_dags/example_branch_operator_decorator.py took 0.218 seconds
[2026-07-07T09:41:50.084+0000] {processor.py:161} INFO - Started process (PID=6768) to work on /home/airflow/.local/lib/python3.8/site-packages/airflow/example_dags/example_branch_operator_decorator.py
[2026-07-07T09:41:50.085+0000] {processor.py:830} INFO - Processing file /home/airflow/.local/lib/python3.8/site-packages/airflow/example_dags/example_branch_operator_decorator.py for tasks to queue
[2026-07-07T09:41:50.087+0000] {logging_mixin.py:188} INFO - [2026-07-07T09:41:50.086+0000] {dagbag.py:538} INFO - Filling up the DagBag from /home/airflow/.local/lib/python3.8/site-packages/airflow/example_dags/example_branch_operator_decorator.py
[2026-07-07T09:41:50.120+0000] {processor.py:840} INFO - DAG(s) 'example_branch_python_operator_decorator' retrieved from /home/airflow/.local/lib/python3.8/site-packages/airflow/example_dags/example_branch_operator_decorator.py
[2026-07-07T09:41:50.181+0000] {logging_mixin.py:188} INFO - [2026-07-07T09:41:50.180+0000] {dag.py:3036} INFO - Sync 1 DAGs
[2026-07-07T09:41:50.254+0000] {logging_mixin.py:188} INFO - [2026-07-07T09:41:50.253+0000] {dag.py:3823} INFO - Setting next_dagrun for example_branch_python_operator_decorator to 2026-07-06 00:00:00+00:00, run_after=2026-07-07 00:00:00+00:00
[2026-07-07T09:41:50.315+0000] {processor.py:183} INFO - Processing /home/airflow/.local/lib/python3.8/site-packages/airflow/example_dags/example_branch_operator_decorator.py took 0.238 seconds
[2026-07-07T09:42:20.884+0000] {processor.py:161} INFO - Started process (PID=6834) to work on /home/airflow/.local/lib/python3.8/site-packages/airflow/example_dags/example_branch_operator_decorator.py
[2026-07-07T09:42:20.888+0000] {processor.py:830} INFO - Processing file /home/airflow/.local/lib/python3.8/site-packages/airflow/example_dags/example_branch_operator_decorator.py for tasks to queue
[2026-07-07T09:42:20.891+0000] {logging_mixin.py:188} INFO - [2026-07-07T09:42:20.890+0000] {dagbag.py:538} INFO - Filling up the DagBag from /home/airflow/.local/lib/python3.8/site-packages/airflow/example_dags/example_branch_operator_decorator.py
[2026-07-07T09:42:20.966+0000] {processor.py:840} INFO - DAG(s) 'example_branch_python_operator_decorator' retrieved from /home/airflow/.local/lib/python3.8/site-packages/airflow/example_dags/example_branch_operator_decorator.py
[2026-07-07T09:42:21.058+0000] {logging_mixin.py:188} INFO - [2026-07-07T09:42:21.058+0000] {dag.py:3036} INFO - Sync 1 DAGs
[2026-07-07T09:42:21.135+0000] {logging_mixin.py:188} INFO - [2026-07-07T09:42:21.134+0000] {dag.py:3823} INFO - Setting next_dagrun for example_branch_python_operator_decorator to 2026-07-06 00:00:00+00:00, run_after=2026-07-07 00:00:00+00:00
[2026-07-07T09:42:21.187+0000] {processor.py:183} INFO - Processing /home/airflow/.local/lib/python3.8/site-packages/airflow/example_dags/example_branch_operator_decorator.py took 0.316 seconds
[2026-07-07T09:42:51.274+0000] {processor.py:161} INFO - Started process (PID=6901) to work on /home/airflow/.local/lib/python3.8/site-packages/airflow/example_dags/example_branch_operator_decorator.py
[2026-07-07T09:42:51.284+0000] {processor.py:830} INFO - Processing file /home/airflow/.local/lib/python3.8/site-packages/airflow/example_dags/example_branch_operator_decorator.py for tasks to queue
[2026-07-07T09:42:51.286+0000] {logging_mixin.py:188} INFO - [2026-07-07T09:42:51.285+0000] {dagbag.py:538} INFO - Filling up the DagBag from /home/airflow/.local/lib/python3.8/site-packages/airflow/example_dags/example_branch_operator_decorator.py
[2026-07-07T09:42:51.321+0000] {processor.py:840} INFO - DAG(s) 'example_branch_python_operator_decorator' retrieved from /home/airflow/.local/lib/python3.8/site-packages/airflow/example_dags/example_branch_operator_decorator.py
[2026-07-07T09:42:51.377+0000] {logging_mixin.py:188} INFO - [2026-07-07T09:42:51.376+0000] {dag.py:3036} INFO - Sync 1 DAGs
[2026-07-07T09:42:51.432+0000] {logging_mixin.py:188} INFO - [2026-07-07T09:42:51.431+0000] {dag.py:3823} INFO - Setting next_dagrun for example_branch_python_operator_decorator to 2026-07-06 00:00:00+00:00, run_after=2026-07-07 00:00:00+00:00
[2026-07-07T09:42:51.495+0000] {processor.py:183} INFO - Processing /home/airflow/.local/lib/python3.8/site-packages/airflow/example_dags/example_branch_operator_decorator.py took 0.227 seconds
[2026-07-07T09:43:21.847+0000] {processor.py:161} INFO - Started process (PID=6968) to work on /home/airflow/.local/lib/python3.8/site-packages/airflow/example_dags/example_branch_operator_decorator.py
[2026-07-07T09:43:21.851+0000] {processor.py:830} INFO - Processing file /home/airflow/.local/lib/python3.8/site-packages/airflow/example_dags/example_branch_operator_decorator.py for tasks to queue
[2026-07-07T09:43:21.853+0000] {logging_mixin.py:188} INFO - [2026-07-07T09:43:21.852+0000] {dagbag.py:538} INFO - Filling up the DagBag from /home/airflow/.local/lib/python3.8/site-packages/airflow/example_dags/example_branch_operator_decorator.py
[2026-07-07T09:43:21.926+0000] {processor.py:840} INFO - DAG(s) 'example_branch_python_operator_decorator' retrieved from /home/airflow/.local/lib/python3.8/site-packages/airflow/example_dags/example_branch_operator_decorator.py
[2026-07-07T09:43:21.989+0000] {logging_mixin.py:188} INFO - [2026-07-07T09:43:21.989+0000] {dag.py:3036} INFO - Sync 1 DAGs
[2026-07-07T09:43:22.035+0000] {logging_mixin.py:188} INFO - [2026-07-07T09:43:22.034+0000] {dag.py:3823} INFO - Setting next_dagrun for example_branch_python_operator_decorator to 2026-07-06 00:00:00+00:00, run_after=2026-07-07 00:00:00+00:00
[2026-07-07T09:43:22.067+0000] {processor.py:183} INFO - Processing /home/airflow/.local/lib/python3.8/site-packages/airflow/example_dags/example_branch_operator_decorator.py took 0.230 seconds
[2026-07-07T09:43:52.857+0000] {processor.py:161} INFO - Started process (PID=7035) to work on /home/airflow/.local/lib/python3.8/site-packages/airflow/example_dags/example_branch_operator_decorator.py
[2026-07-07T09:43:52.874+0000] {processor.py:830} INFO - Processing file /home/airflow/.local/lib/python3.8/site-packages/airflow/example_dags/example_branch_operator_decorator.py for tasks to queue
[2026-07-07T09:43:52.878+0000] {logging_mixin.py:188} INFO - [2026-07-07T09:43:52.877+0000] {dagbag.py:538} INFO - Filling up the DagBag from /home/airflow/.local/lib/python3.8/site-packages/airflow/example_dags/example_branch_operator_decorator.py
[2026-07-07T09:43:52.953+0000] {processor.py:840} INFO - DAG(s) 'example_branch_python_operator_decorator' retrieved from /home/airflow/.local/lib/python3.8/site-packages/airflow/example_dags/example_branch_operator_decorator.py
[2026-07-07T09:43:53.017+0000] {logging_mixin.py:188} INFO - [2026-07-07T09:43:53.017+0000] {dag.py:3036} INFO - Sync 1 DAGs
[2026-07-07T09:43:53.064+0000] {logging_mixin.py:188} INFO - [2026-07-07T09:43:53.063+0000] {dag.py:3823} INFO - Setting next_dagrun for example_branch_python_operator_decorator to 2026-07-06 00:00:00+00:00, run_after=2026-07-07 00:00:00+00:00
[2026-07-07T09:43:53.124+0000] {processor.py:183} INFO - Processing /home/airflow/.local/lib/python3.8/site-packages/airflow/example_dags/example_branch_operator_decorator.py took 0.282 seconds
[2026-07-07T09:44:23.787+0000] {processor.py:161} INFO - Started process (PID=7102) to work on /home/airflow/.local/lib/python3.8/site-packages/airflow/example_dags/example_branch_operator_decorator.py
[2026-07-07T09:44:23.793+0000] {processor.py:830} INFO - Processing file /home/airflow/.local/lib/python3.8/site-packages/airflow/example_dags/example_branch_operator_decorator.py for tasks to queue
[2026-07-07T09:44:23.795+0000] {logging_mixin.py:188} INFO - [2026-07-07T09:44:23.795+0000] {dagbag.py:538} INFO - Filling up the DagBag from /home/airflow/.local/lib/python3.8/site-packages/airflow/example_dags/example_branch_operator_decorator.py
[2026-07-07T09:44:23.854+0000] {processor.py:840} INFO - DAG(s) 'example_branch_python_operator_decorator' retrieved from /home/airflow/.local/lib/python3.8/site-packages/airflow/example_dags/example_branch_operator_decorator.py
[2026-07-07T09:44:23.918+0000] {logging_mixin.py:188} INFO - [2026-07-07T09:44:23.917+0000] {dag.py:3036} INFO - Sync 1 DAGs
[2026-07-07T09:44:23.977+0000] {logging_mixin.py:188} INFO - [2026-07-07T09:44:23.977+0000] {dag.py:3823} INFO - Setting next_dagrun for example_branch_python_operator_decorator to 2026-07-06 00:00:00+00:00, run_after=2026-07-07 00:00:00+00:00
[2026-07-07T09:44:24.025+0000] {processor.py:183} INFO - Processing /home/airflow/.local/lib/python3.8/site-packages/airflow/example_dags/example_branch_operator_decorator.py took 0.248 seconds
[2026-07-07T09:44:54.137+0000] {processor.py:161} INFO - Started process (PID=7168) to work on /home/airflow/.local/lib/python3.8/site-packages/airflow/example_dags/example_branch_operator_decorator.py
[2026-07-07T09:44:54.146+0000] {processor.py:830} INFO - Processing file /home/airflow/.local/lib/python3.8/site-packages/airflow/example_dags/example_branch_operator_decorator.py for tasks to queue
[2026-07-07T09:44:54.148+0000] {logging_mixin.py:188} INFO - [2026-07-07T09:44:54.147+0000] {dagbag.py:538} INFO - Filling up the DagBag from /home/airflow/.local/lib/python3.8/site-packages/airflow/example_dags/example_branch_operator_decorator.py
[2026-07-07T09:44:54.260+0000] {processor.py:840} INFO - DAG(s) 'example_branch_python_operator_decorator' retrieved from /home/airflow/.local/lib/python3.8/site-packages/airflow/example_dags/example_branch_operator_decorator.py
[2026-07-07T09:44:54.420+0000] {logging_mixin.py:188} INFO - [2026-07-07T09:44:54.419+0000] {dag.py:3036} INFO - Sync 1 DAGs
[2026-07-07T09:44:54.601+0000] {logging_mixin.py:188} INFO - [2026-07-07T09:44:54.601+0000] {dag.py:3823} INFO - Setting next_dagrun for example_branch_python_operator_decorator to 2026-07-06 00:00:00+00:00, run_after=2026-07-07 00:00:00+00:00
[2026-07-07T09:44:54.793+0000] {processor.py:183} INFO - Processing /home/airflow/.local/lib/python3.8/site-packages/airflow/example_dags/example_branch_operator_decorator.py took 0.675 seconds
[2026-07-07T09:45:25.688+0000] {processor.py:161} INFO - Started process (PID=7225) to work on /home/airflow/.local/lib/python3.8/site-packages/airflow/example_dags/example_branch_operator_decorator.py
[2026-07-07T09:45:25.710+0000] {processor.py:830} INFO - Processing file /home/airflow/.local/lib/python3.8/site-packages/airflow/example_dags/example_branch_operator_decorator.py for tasks to queue
[2026-07-07T09:45:25.714+0000] {logging_mixin.py:188} INFO - [2026-07-07T09:45:25.713+0000] {dagbag.py:538} INFO - Filling up the DagBag from /home/airflow/.local/lib/python3.8/site-packages/airflow/example_dags/example_branch_operator_decorator.py
[2026-07-07T09:45:26.086+0000] {processor.py:840} INFO - DAG(s) 'example_branch_python_operator_decorator' retrieved from /home/airflow/.local/lib/python3.8/site-packages/airflow/example_dags/example_branch_operator_decorator.py
[2026-07-07T09:45:26.350+0000] {logging_mixin.py:188} INFO - [2026-07-07T09:45:26.349+0000] {dag.py:3036} INFO - Sync 1 DAGs
[2026-07-07T09:45:26.490+0000] {logging_mixin.py:188} INFO - [2026-07-07T09:45:26.489+0000] {dag.py:3823} INFO - Setting next_dagrun for example_branch_python_operator_decorator to 2026-07-06 00:00:00+00:00, run_after=2026-07-07 00:00:00+00:00
[2026-07-07T09:45:26.617+0000] {processor.py:183} INFO - Processing /home/airflow/.local/lib/python3.8/site-packages/airflow/example_dags/example_branch_operator_decorator.py took 0.964 seconds
[2026-07-07T09:45:57.186+0000] {processor.py:161} INFO - Started process (PID=7290) to work on /home/airflow/.local/lib/python3.8/site-packages/airflow/example_dags/example_branch_operator_decorator.py
[2026-07-07T09:45:57.188+0000] {processor.py:830} INFO - Processing file /home/airflow/.local/lib/python3.8/site-packages/airflow/example_dags/example_branch_operator_decorator.py for tasks to queue
[2026-07-07T09:45:57.189+0000] {logging_mixin.py:188} INFO - [2026-07-07T09:45:57.188+0000] {dagbag.py:538} INFO - Filling up the DagBag from /home/airflow/.local/lib/python3.8/site-packages/airflow/example_dags/example_branch_operator_decorator.py
[2026-07-07T09:45:57.232+0000] {processor.py:840} INFO - DAG(s) 'example_branch_python_operator_decorator' retrieved from /home/airflow/.local/lib/python3.8/site-packages/airflow/example_dags/example_branch_operator_decorator.py
[2026-07-07T09:45:57.323+0000] {logging_mixin.py:188} INFO - [2026-07-07T09:45:57.322+0000] {dag.py:3036} INFO - Sync 1 DAGs
[2026-07-07T09:45:57.402+0000] {logging_mixin.py:188} INFO - [2026-07-07T09:45:57.402+0000] {dag.py:3823} INFO - Setting next_dagrun for example_branch_python_operator_decorator to 2026-07-06 00:00:00+00:00, run_after=2026-07-07 00:00:00+00:00
[2026-07-07T09:45:57.468+0000] {processor.py:183} INFO - Processing /home/airflow/.local/lib/python3.8/site-packages/airflow/example_dags/example_branch_operator_decorator.py took 0.289 seconds
[2026-07-07T09:46:28.011+0000] {processor.py:161} INFO - Started process (PID=7356) to work on /home/airflow/.local/lib/python3.8/site-packages/airflow/example_dags/example_branch_operator_decorator.py
[2026-07-07T09:46:28.013+0000] {processor.py:830} INFO - Processing file /home/airflow/.local/lib/python3.8/site-packages/airflow/example_dags/example_branch_operator_decorator.py for tasks to queue
[2026-07-07T09:46:28.016+0000] {logging_mixin.py:188} INFO - [2026-07-07T09:46:28.015+0000] {dagbag.py:538} INFO - Filling up the DagBag from /home/airflow/.local/lib/python3.8/site-packages/airflow/example_dags/example_branch_operator_decorator.py
[2026-07-07T09:46:28.062+0000] {processor.py:840} INFO - DAG(s) 'example_branch_python_operator_decorator' retrieved from /home/airflow/.local/lib/python3.8/site-packages/airflow/example_dags/example_branch_operator_decorator.py
[2026-07-07T09:46:28.121+0000] {logging_mixin.py:188} INFO - [2026-07-07T09:46:28.120+0000] {dag.py:3036} INFO - Sync 1 DAGs
[2026-07-07T09:46:28.165+0000] {logging_mixin.py:188} INFO - [2026-07-07T09:46:28.164+0000] {dag.py:3823} INFO - Setting next_dagrun for example_branch_python_operator_decorator to 2026-07-06 00:00:00+00:00, run_after=2026-07-07 00:00:00+00:00
[2026-07-07T09:46:28.211+0000] {processor.py:183} INFO - Processing /home/airflow/.local/lib/python3.8/site-packages/airflow/example_dags/example_branch_operator_decorator.py took 0.206 seconds
[2026-07-07T09:46:58.840+0000] {processor.py:161} INFO - Started process (PID=7422) to work on /home/airflow/.local/lib/python3.8/site-packages/airflow/example_dags/example_branch_operator_decorator.py
[2026-07-07T09:46:58.845+0000] {processor.py:830} INFO - Processing file /home/airflow/.local/lib/python3.8/site-packages/airflow/example_dags/example_branch_operator_decorator.py for tasks to queue
[2026-07-07T09:46:58.847+0000] {logging_mixin.py:188} INFO - [2026-07-07T09:46:58.846+0000] {dagbag.py:538} INFO - Filling up the DagBag from /home/airflow/.local/lib/python3.8/site-packages/airflow/example_dags/example_branch_operator_decorator.py
[2026-07-07T09:46:58.892+0000] {processor.py:840} INFO - DAG(s) 'example_branch_python_operator_decorator' retrieved from /home/airflow/.local/lib/python3.8/site-packages/airflow/example_dags/example_branch_operator_decorator.py
[2026-07-07T09:46:58.966+0000] {logging_mixin.py:188} INFO - [2026-07-07T09:46:58.965+0000] {dag.py:3036} INFO - Sync 1 DAGs
[2026-07-07T09:46:59.017+0000] {logging_mixin.py:188} INFO - [2026-07-07T09:46:59.017+0000] {dag.py:3823} INFO - Setting next_dagrun for example_branch_python_operator_decorator to 2026-07-06 00:00:00+00:00, run_after=2026-07-07 00:00:00+00:00
[2026-07-07T09:46:59.062+0000] {processor.py:183} INFO - Processing /home/airflow/.local/lib/python3.8/site-packages/airflow/example_dags/example_branch_operator_decorator.py took 0.229 seconds
