[2026-07-07T09:08:32.380+0000] {processor.py:161} INFO - Started process (PID=4154) to work on /home/airflow/.local/lib/python3.8/site-packages/airflow/example_dags/example_task_group.py
[2026-07-07T09:08:32.423+0000] {processor.py:830} INFO - Processing file /home/airflow/.local/lib/python3.8/site-packages/airflow/example_dags/example_task_group.py for tasks to queue
[2026-07-07T09:08:32.425+0000] {logging_mixin.py:188} INFO - [2026-07-07T09:08:32.424+0000] {dagbag.py:538} INFO - Filling up the DagBag from /home/airflow/.local/lib/python3.8/site-packages/airflow/example_dags/example_task_group.py
[2026-07-07T09:08:32.743+0000] {processor.py:840} INFO - DAG(s) 'example_task_group' retrieved from /home/airflow/.local/lib/python3.8/site-packages/airflow/example_dags/example_task_group.py
[2026-07-07T09:08:34.332+0000] {logging_mixin.py:188} INFO - [2026-07-07T09:08:34.331+0000] {dag.py:3036} INFO - Sync 1 DAGs
[2026-07-07T09:08:35.990+0000] {logging_mixin.py:188} INFO - [2026-07-07T09:08:35.989+0000] {dag.py:3823} INFO - Setting next_dagrun for example_task_group to 2026-07-06 00:00:00+00:00, run_after=2026-07-07 00:00:00+00:00
[2026-07-07T09:08:36.265+0000] {processor.py:183} INFO - Processing /home/airflow/.local/lib/python3.8/site-packages/airflow/example_dags/example_task_group.py took 3.944 seconds
[2026-07-07T09:09:26.305+0000] {processor.py:161} INFO - Started process (PID=4210) to work on /home/airflow/.local/lib/python3.8/site-packages/airflow/example_dags/example_task_group.py
[2026-07-07T09:09:26.315+0000] {processor.py:830} INFO - Processing file /home/airflow/.local/lib/python3.8/site-packages/airflow/example_dags/example_task_group.py for tasks to queue
[2026-07-07T09:09:26.318+0000] {logging_mixin.py:188} INFO - [2026-07-07T09:09:26.317+0000] {dagbag.py:538} INFO - Filling up the DagBag from /home/airflow/.local/lib/python3.8/site-packages/airflow/example_dags/example_task_group.py
[2026-07-07T09:09:26.366+0000] {processor.py:840} INFO - DAG(s) 'example_task_group' retrieved from /home/airflow/.local/lib/python3.8/site-packages/airflow/example_dags/example_task_group.py
[2026-07-07T09:09:26.568+0000] {logging_mixin.py:188} INFO - [2026-07-07T09:09:26.567+0000] {dag.py:3036} INFO - Sync 1 DAGs
[2026-07-07T09:09:26.640+0000] {logging_mixin.py:188} INFO - [2026-07-07T09:09:26.640+0000] {dag.py:3823} INFO - Setting next_dagrun for example_task_group to 2026-07-06 00:00:00+00:00, run_after=2026-07-07 00:00:00+00:00
[2026-07-07T09:09:26.726+0000] {processor.py:183} INFO - Processing /home/airflow/.local/lib/python3.8/site-packages/airflow/example_dags/example_task_group.py took 0.448 seconds
[2026-07-07T09:09:57.205+0000] {processor.py:161} INFO - Started process (PID=4277) to work on /home/airflow/.local/lib/python3.8/site-packages/airflow/example_dags/example_task_group.py
[2026-07-07T09:09:57.209+0000] {processor.py:830} INFO - Processing file /home/airflow/.local/lib/python3.8/site-packages/airflow/example_dags/example_task_group.py for tasks to queue
[2026-07-07T09:09:57.211+0000] {logging_mixin.py:188} INFO - [2026-07-07T09:09:57.210+0000] {dagbag.py:538} INFO - Filling up the DagBag from /home/airflow/.local/lib/python3.8/site-packages/airflow/example_dags/example_task_group.py
[2026-07-07T09:09:57.242+0000] {processor.py:840} INFO - DAG(s) 'example_task_group' retrieved from /home/airflow/.local/lib/python3.8/site-packages/airflow/example_dags/example_task_group.py
[2026-07-07T09:09:57.326+0000] {logging_mixin.py:188} INFO - [2026-07-07T09:09:57.325+0000] {dag.py:3036} INFO - Sync 1 DAGs
[2026-07-07T09:09:57.405+0000] {logging_mixin.py:188} INFO - [2026-07-07T09:09:57.404+0000] {dag.py:3823} INFO - Setting next_dagrun for example_task_group to 2026-07-06 00:00:00+00:00, run_after=2026-07-07 00:00:00+00:00
[2026-07-07T09:09:57.478+0000] {processor.py:183} INFO - Processing /home/airflow/.local/lib/python3.8/site-packages/airflow/example_dags/example_task_group.py took 0.285 seconds
[2026-07-07T09:10:28.094+0000] {processor.py:161} INFO - Started process (PID=4344) to work on /home/airflow/.local/lib/python3.8/site-packages/airflow/example_dags/example_task_group.py
[2026-07-07T09:10:28.104+0000] {processor.py:830} INFO - Processing file /home/airflow/.local/lib/python3.8/site-packages/airflow/example_dags/example_task_group.py for tasks to queue
[2026-07-07T09:10:28.107+0000] {logging_mixin.py:188} INFO - [2026-07-07T09:10:28.106+0000] {dagbag.py:538} INFO - Filling up the DagBag from /home/airflow/.local/lib/python3.8/site-packages/airflow/example_dags/example_task_group.py
[2026-07-07T09:10:28.159+0000] {processor.py:840} INFO - DAG(s) 'example_task_group' retrieved from /home/airflow/.local/lib/python3.8/site-packages/airflow/example_dags/example_task_group.py
[2026-07-07T09:10:28.267+0000] {logging_mixin.py:188} INFO - [2026-07-07T09:10:28.267+0000] {dag.py:3036} INFO - Sync 1 DAGs
[2026-07-07T09:10:28.356+0000] {logging_mixin.py:188} INFO - [2026-07-07T09:10:28.355+0000] {dag.py:3823} INFO - Setting next_dagrun for example_task_group to 2026-07-06 00:00:00+00:00, run_after=2026-07-07 00:00:00+00:00
[2026-07-07T09:10:28.425+0000] {processor.py:183} INFO - Processing /home/airflow/.local/lib/python3.8/site-packages/airflow/example_dags/example_task_group.py took 0.347 seconds
[2026-07-07T09:11:34.956+0000] {processor.py:161} INFO - Started process (PID=4417) to work on /home/airflow/.local/lib/python3.8/site-packages/airflow/example_dags/example_task_group.py
[2026-07-07T09:11:35.004+0000] {processor.py:830} INFO - Processing file /home/airflow/.local/lib/python3.8/site-packages/airflow/example_dags/example_task_group.py for tasks to queue
[2026-07-07T09:11:35.067+0000] {logging_mixin.py:188} INFO - [2026-07-07T09:11:35.043+0000] {dagbag.py:538} INFO - Filling up the DagBag from /home/airflow/.local/lib/python3.8/site-packages/airflow/example_dags/example_task_group.py
[2026-07-07T09:11:35.678+0000] {processor.py:840} INFO - DAG(s) 'example_task_group' retrieved from /home/airflow/.local/lib/python3.8/site-packages/airflow/example_dags/example_task_group.py
[2026-07-07T09:11:36.210+0000] {logging_mixin.py:188} INFO - [2026-07-07T09:11:36.163+0000] {dag.py:3036} INFO - Sync 1 DAGs
[2026-07-07T09:11:39.280+0000] {logging_mixin.py:188} INFO - [2026-07-07T09:11:39.279+0000] {dag.py:3823} INFO - Setting next_dagrun for example_task_group to 2026-07-06 00:00:00+00:00, run_after=2026-07-07 00:00:00+00:00
[2026-07-07T09:11:39.485+0000] {processor.py:183} INFO - Processing /home/airflow/.local/lib/python3.8/site-packages/airflow/example_dags/example_task_group.py took 4.874 seconds
[2026-07-07T09:17:08.300+0000] {processor.py:161} INFO - Started process (PID=4560) to work on /home/airflow/.local/lib/python3.8/site-packages/airflow/example_dags/example_task_group.py
[2026-07-07T09:17:08.436+0000] {processor.py:830} INFO - Processing file /home/airflow/.local/lib/python3.8/site-packages/airflow/example_dags/example_task_group.py for tasks to queue
[2026-07-07T09:17:08.523+0000] {logging_mixin.py:188} INFO - [2026-07-07T09:17:08.438+0000] {dagbag.py:538} INFO - Filling up the DagBag from /home/airflow/.local/lib/python3.8/site-packages/airflow/example_dags/example_task_group.py
[2026-07-07T09:17:13.413+0000] {processor.py:840} INFO - DAG(s) 'example_task_group' retrieved from /home/airflow/.local/lib/python3.8/site-packages/airflow/example_dags/example_task_group.py
[2026-07-07T09:17:14.679+0000] {logging_mixin.py:188} INFO - [2026-07-07T09:17:14.666+0000] {dag.py:3036} INFO - Sync 1 DAGs
[2026-07-07T09:17:18.920+0000] {logging_mixin.py:188} INFO - [2026-07-07T09:17:18.919+0000] {dag.py:3823} INFO - Setting next_dagrun for example_task_group to 2026-07-06 00:00:00+00:00, run_after=2026-07-07 00:00:00+00:00
[2026-07-07T09:17:19.207+0000] {processor.py:183} INFO - Processing /home/airflow/.local/lib/python3.8/site-packages/airflow/example_dags/example_task_group.py took 11.226 seconds
[2026-07-07T09:22:13.123+0000] {processor.py:161} INFO - Started process (PID=4710) to work on /home/airflow/.local/lib/python3.8/site-packages/airflow/example_dags/example_task_group.py
[2026-07-07T09:22:13.176+0000] {processor.py:830} INFO - Processing file /home/airflow/.local/lib/python3.8/site-packages/airflow/example_dags/example_task_group.py for tasks to queue
[2026-07-07T09:22:13.178+0000] {logging_mixin.py:188} INFO - [2026-07-07T09:22:13.177+0000] {dagbag.py:538} INFO - Filling up the DagBag from /home/airflow/.local/lib/python3.8/site-packages/airflow/example_dags/example_task_group.py
[2026-07-07T09:22:13.368+0000] {processor.py:840} INFO - DAG(s) 'example_task_group' retrieved from /home/airflow/.local/lib/python3.8/site-packages/airflow/example_dags/example_task_group.py
[2026-07-07T09:22:13.888+0000] {logging_mixin.py:188} INFO - [2026-07-07T09:22:13.888+0000] {dag.py:3036} INFO - Sync 1 DAGs
[2026-07-07T09:22:15.683+0000] {logging_mixin.py:188} INFO - [2026-07-07T09:22:15.682+0000] {dag.py:3823} INFO - Setting next_dagrun for example_task_group to 2026-07-06 00:00:00+00:00, run_after=2026-07-07 00:00:00+00:00
[2026-07-07T09:22:16.421+0000] {processor.py:183} INFO - Processing /home/airflow/.local/lib/python3.8/site-packages/airflow/example_dags/example_task_group.py took 3.405 seconds
[2026-07-07T09:24:52.491+0000] {processor.py:161} INFO - Started process (PID=4802) to work on /home/airflow/.local/lib/python3.8/site-packages/airflow/example_dags/example_task_group.py
[2026-07-07T09:24:53.472+0000] {processor.py:830} INFO - Processing file /home/airflow/.local/lib/python3.8/site-packages/airflow/example_dags/example_task_group.py for tasks to queue
[2026-07-07T09:24:53.519+0000] {logging_mixin.py:188} INFO - [2026-07-07T09:24:53.518+0000] {dagbag.py:538} INFO - Filling up the DagBag from /home/airflow/.local/lib/python3.8/site-packages/airflow/example_dags/example_task_group.py
[2026-07-07T09:24:54.905+0000] {processor.py:840} INFO - DAG(s) 'example_task_group' retrieved from /home/airflow/.local/lib/python3.8/site-packages/airflow/example_dags/example_task_group.py
[2026-07-07T09:24:55.438+0000] {logging_mixin.py:188} INFO - [2026-07-07T09:24:55.434+0000] {dag.py:3036} INFO - Sync 1 DAGs
[2026-07-07T09:24:55.835+0000] {logging_mixin.py:188} INFO - [2026-07-07T09:24:55.818+0000] {dag.py:3823} INFO - Setting next_dagrun for example_task_group to 2026-07-06 00:00:00+00:00, run_after=2026-07-07 00:00:00+00:00
[2026-07-07T09:24:56.096+0000] {processor.py:183} INFO - Processing /home/airflow/.local/lib/python3.8/site-packages/airflow/example_dags/example_task_group.py took 3.782 seconds
[2026-07-07T09:26:09.895+0000] {processor.py:161} INFO - Started process (PID=4875) to work on /home/airflow/.local/lib/python3.8/site-packages/airflow/example_dags/example_task_group.py
[2026-07-07T09:26:09.908+0000] {processor.py:830} INFO - Processing file /home/airflow/.local/lib/python3.8/site-packages/airflow/example_dags/example_task_group.py for tasks to queue
[2026-07-07T09:26:09.911+0000] {logging_mixin.py:188} INFO - [2026-07-07T09:26:09.910+0000] {dagbag.py:538} INFO - Filling up the DagBag from /home/airflow/.local/lib/python3.8/site-packages/airflow/example_dags/example_task_group.py
[2026-07-07T09:26:09.957+0000] {processor.py:840} INFO - DAG(s) 'example_task_group' retrieved from /home/airflow/.local/lib/python3.8/site-packages/airflow/example_dags/example_task_group.py
[2026-07-07T09:26:10.032+0000] {logging_mixin.py:188} INFO - [2026-07-07T09:26:10.032+0000] {dag.py:3036} INFO - Sync 1 DAGs
[2026-07-07T09:26:10.221+0000] {logging_mixin.py:188} INFO - [2026-07-07T09:26:10.220+0000] {dag.py:3823} INFO - Setting next_dagrun for example_task_group to 2026-07-06 00:00:00+00:00, run_after=2026-07-07 00:00:00+00:00
[2026-07-07T09:26:10.315+0000] {processor.py:183} INFO - Processing /home/airflow/.local/lib/python3.8/site-packages/airflow/example_dags/example_task_group.py took 0.435 seconds
[2026-07-07T09:26:42.958+0000] {processor.py:161} INFO - Started process (PID=4942) to work on /home/airflow/.local/lib/python3.8/site-packages/airflow/example_dags/example_task_group.py
[2026-07-07T09:26:42.961+0000] {processor.py:830} INFO - Processing file /home/airflow/.local/lib/python3.8/site-packages/airflow/example_dags/example_task_group.py for tasks to queue
[2026-07-07T09:26:42.965+0000] {logging_mixin.py:188} INFO - [2026-07-07T09:26:42.964+0000] {dagbag.py:538} INFO - Filling up the DagBag from /home/airflow/.local/lib/python3.8/site-packages/airflow/example_dags/example_task_group.py
[2026-07-07T09:26:42.992+0000] {processor.py:840} INFO - DAG(s) 'example_task_group' retrieved from /home/airflow/.local/lib/python3.8/site-packages/airflow/example_dags/example_task_group.py
[2026-07-07T09:26:43.076+0000] {logging_mixin.py:188} INFO - [2026-07-07T09:26:43.075+0000] {dag.py:3036} INFO - Sync 1 DAGs
[2026-07-07T09:26:43.174+0000] {logging_mixin.py:188} INFO - [2026-07-07T09:26:43.174+0000] {dag.py:3823} INFO - Setting next_dagrun for example_task_group to 2026-07-06 00:00:00+00:00, run_after=2026-07-07 00:00:00+00:00
[2026-07-07T09:26:43.289+0000] {processor.py:183} INFO - Processing /home/airflow/.local/lib/python3.8/site-packages/airflow/example_dags/example_task_group.py took 0.342 seconds
[2026-07-07T09:27:16.181+0000] {processor.py:161} INFO - Started process (PID=5001) to work on /home/airflow/.local/lib/python3.8/site-packages/airflow/example_dags/example_task_group.py
[2026-07-07T09:27:16.186+0000] {processor.py:830} INFO - Processing file /home/airflow/.local/lib/python3.8/site-packages/airflow/example_dags/example_task_group.py for tasks to queue
[2026-07-07T09:27:16.189+0000] {logging_mixin.py:188} INFO - [2026-07-07T09:27:16.188+0000] {dagbag.py:538} INFO - Filling up the DagBag from /home/airflow/.local/lib/python3.8/site-packages/airflow/example_dags/example_task_group.py
[2026-07-07T09:27:16.240+0000] {processor.py:840} INFO - DAG(s) 'example_task_group' retrieved from /home/airflow/.local/lib/python3.8/site-packages/airflow/example_dags/example_task_group.py
[2026-07-07T09:27:16.353+0000] {logging_mixin.py:188} INFO - [2026-07-07T09:27:16.352+0000] {dag.py:3036} INFO - Sync 1 DAGs
[2026-07-07T09:27:16.452+0000] {logging_mixin.py:188} INFO - [2026-07-07T09:27:16.445+0000] {dag.py:3823} INFO - Setting next_dagrun for example_task_group to 2026-07-06 00:00:00+00:00, run_after=2026-07-07 00:00:00+00:00
[2026-07-07T09:27:16.534+0000] {processor.py:183} INFO - Processing /home/airflow/.local/lib/python3.8/site-packages/airflow/example_dags/example_task_group.py took 0.364 seconds
[2026-07-07T09:27:48.392+0000] {processor.py:161} INFO - Started process (PID=5066) to work on /home/airflow/.local/lib/python3.8/site-packages/airflow/example_dags/example_task_group.py
[2026-07-07T09:27:48.400+0000] {processor.py:830} INFO - Processing file /home/airflow/.local/lib/python3.8/site-packages/airflow/example_dags/example_task_group.py for tasks to queue
[2026-07-07T09:27:48.408+0000] {logging_mixin.py:188} INFO - [2026-07-07T09:27:48.407+0000] {dagbag.py:538} INFO - Filling up the DagBag from /home/airflow/.local/lib/python3.8/site-packages/airflow/example_dags/example_task_group.py
[2026-07-07T09:27:48.454+0000] {processor.py:840} INFO - DAG(s) 'example_task_group' retrieved from /home/airflow/.local/lib/python3.8/site-packages/airflow/example_dags/example_task_group.py
[2026-07-07T09:27:48.582+0000] {logging_mixin.py:188} INFO - [2026-07-07T09:27:48.581+0000] {dag.py:3036} INFO - Sync 1 DAGs
[2026-07-07T09:27:48.714+0000] {logging_mixin.py:188} INFO - [2026-07-07T09:27:48.713+0000] {dag.py:3823} INFO - Setting next_dagrun for example_task_group to 2026-07-06 00:00:00+00:00, run_after=2026-07-07 00:00:00+00:00
[2026-07-07T09:27:48.804+0000] {processor.py:183} INFO - Processing /home/airflow/.local/lib/python3.8/site-packages/airflow/example_dags/example_task_group.py took 0.430 seconds
[2026-07-07T09:28:29.098+0000] {processor.py:161} INFO - Started process (PID=5133) to work on /home/airflow/.local/lib/python3.8/site-packages/airflow/example_dags/example_task_group.py
[2026-07-07T09:28:29.145+0000] {processor.py:830} INFO - Processing file /home/airflow/.local/lib/python3.8/site-packages/airflow/example_dags/example_task_group.py for tasks to queue
[2026-07-07T09:28:29.148+0000] {logging_mixin.py:188} INFO - [2026-07-07T09:28:29.147+0000] {dagbag.py:538} INFO - Filling up the DagBag from /home/airflow/.local/lib/python3.8/site-packages/airflow/example_dags/example_task_group.py
[2026-07-07T09:28:29.256+0000] {processor.py:840} INFO - DAG(s) 'example_task_group' retrieved from /home/airflow/.local/lib/python3.8/site-packages/airflow/example_dags/example_task_group.py
[2026-07-07T09:28:29.633+0000] {logging_mixin.py:188} INFO - [2026-07-07T09:28:29.632+0000] {dag.py:3036} INFO - Sync 1 DAGs
[2026-07-07T09:28:29.814+0000] {logging_mixin.py:188} INFO - [2026-07-07T09:28:29.809+0000] {dag.py:3823} INFO - Setting next_dagrun for example_task_group to 2026-07-06 00:00:00+00:00, run_after=2026-07-07 00:00:00+00:00
[2026-07-07T09:28:29.979+0000] {processor.py:183} INFO - Processing /home/airflow/.local/lib/python3.8/site-packages/airflow/example_dags/example_task_group.py took 0.975 seconds
[2026-07-07T09:29:00.320+0000] {processor.py:161} INFO - Started process (PID=5190) to work on /home/airflow/.local/lib/python3.8/site-packages/airflow/example_dags/example_task_group.py
[2026-07-07T09:29:00.323+0000] {processor.py:830} INFO - Processing file /home/airflow/.local/lib/python3.8/site-packages/airflow/example_dags/example_task_group.py for tasks to queue
[2026-07-07T09:29:00.326+0000] {logging_mixin.py:188} INFO - [2026-07-07T09:29:00.325+0000] {dagbag.py:538} INFO - Filling up the DagBag from /home/airflow/.local/lib/python3.8/site-packages/airflow/example_dags/example_task_group.py
[2026-07-07T09:29:00.370+0000] {processor.py:840} INFO - DAG(s) 'example_task_group' retrieved from /home/airflow/.local/lib/python3.8/site-packages/airflow/example_dags/example_task_group.py
[2026-07-07T09:29:00.477+0000] {logging_mixin.py:188} INFO - [2026-07-07T09:29:00.477+0000] {dag.py:3036} INFO - Sync 1 DAGs
[2026-07-07T09:29:00.603+0000] {logging_mixin.py:188} INFO - [2026-07-07T09:29:00.603+0000] {dag.py:3823} INFO - Setting next_dagrun for example_task_group to 2026-07-06 00:00:00+00:00, run_after=2026-07-07 00:00:00+00:00
[2026-07-07T09:29:00.748+0000] {processor.py:183} INFO - Processing /home/airflow/.local/lib/python3.8/site-packages/airflow/example_dags/example_task_group.py took 0.446 seconds
[2026-07-07T09:29:31.354+0000] {processor.py:161} INFO - Started process (PID=5258) to work on /home/airflow/.local/lib/python3.8/site-packages/airflow/example_dags/example_task_group.py
[2026-07-07T09:29:31.413+0000] {processor.py:830} INFO - Processing file /home/airflow/.local/lib/python3.8/site-packages/airflow/example_dags/example_task_group.py for tasks to queue
[2026-07-07T09:29:31.418+0000] {logging_mixin.py:188} INFO - [2026-07-07T09:29:31.416+0000] {dagbag.py:538} INFO - Filling up the DagBag from /home/airflow/.local/lib/python3.8/site-packages/airflow/example_dags/example_task_group.py
[2026-07-07T09:29:31.729+0000] {processor.py:840} INFO - DAG(s) 'example_task_group' retrieved from /home/airflow/.local/lib/python3.8/site-packages/airflow/example_dags/example_task_group.py
[2026-07-07T09:29:31.923+0000] {logging_mixin.py:188} INFO - [2026-07-07T09:29:31.920+0000] {dag.py:3036} INFO - Sync 1 DAGs
[2026-07-07T09:29:32.037+0000] {logging_mixin.py:188} INFO - [2026-07-07T09:29:32.036+0000] {dag.py:3823} INFO - Setting next_dagrun for example_task_group to 2026-07-06 00:00:00+00:00, run_after=2026-07-07 00:00:00+00:00
[2026-07-07T09:29:32.141+0000] {processor.py:183} INFO - Processing /home/airflow/.local/lib/python3.8/site-packages/airflow/example_dags/example_task_group.py took 0.836 seconds
[2026-07-07T09:30:02.290+0000] {processor.py:161} INFO - Started process (PID=5323) to work on /home/airflow/.local/lib/python3.8/site-packages/airflow/example_dags/example_task_group.py
[2026-07-07T09:30:02.293+0000] {processor.py:830} INFO - Processing file /home/airflow/.local/lib/python3.8/site-packages/airflow/example_dags/example_task_group.py for tasks to queue
[2026-07-07T09:30:02.296+0000] {logging_mixin.py:188} INFO - [2026-07-07T09:30:02.295+0000] {dagbag.py:538} INFO - Filling up the DagBag from /home/airflow/.local/lib/python3.8/site-packages/airflow/example_dags/example_task_group.py
[2026-07-07T09:30:02.323+0000] {processor.py:840} INFO - DAG(s) 'example_task_group' retrieved from /home/airflow/.local/lib/python3.8/site-packages/airflow/example_dags/example_task_group.py
[2026-07-07T09:30:02.394+0000] {logging_mixin.py:188} INFO - [2026-07-07T09:30:02.393+0000] {dag.py:3036} INFO - Sync 1 DAGs
[2026-07-07T09:30:02.512+0000] {logging_mixin.py:188} INFO - [2026-07-07T09:30:02.511+0000] {dag.py:3823} INFO - Setting next_dagrun for example_task_group to 2026-07-06 00:00:00+00:00, run_after=2026-07-07 00:00:00+00:00
[2026-07-07T09:30:02.587+0000] {processor.py:183} INFO - Processing /home/airflow/.local/lib/python3.8/site-packages/airflow/example_dags/example_task_group.py took 0.308 seconds
[2026-07-07T09:30:32.930+0000] {processor.py:161} INFO - Started process (PID=5383) to work on /home/airflow/.local/lib/python3.8/site-packages/airflow/example_dags/example_task_group.py
[2026-07-07T09:30:32.933+0000] {processor.py:830} INFO - Processing file /home/airflow/.local/lib/python3.8/site-packages/airflow/example_dags/example_task_group.py for tasks to queue
[2026-07-07T09:30:32.941+0000] {logging_mixin.py:188} INFO - [2026-07-07T09:30:32.938+0000] {dagbag.py:538} INFO - Filling up the DagBag from /home/airflow/.local/lib/python3.8/site-packages/airflow/example_dags/example_task_group.py
[2026-07-07T09:30:33.016+0000] {processor.py:840} INFO - DAG(s) 'example_task_group' retrieved from /home/airflow/.local/lib/python3.8/site-packages/airflow/example_dags/example_task_group.py
[2026-07-07T09:30:33.293+0000] {logging_mixin.py:188} INFO - [2026-07-07T09:30:33.293+0000] {dag.py:3036} INFO - Sync 1 DAGs
[2026-07-07T09:30:33.760+0000] {logging_mixin.py:188} INFO - [2026-07-07T09:30:33.759+0000] {dag.py:3823} INFO - Setting next_dagrun for example_task_group to 2026-07-06 00:00:00+00:00, run_after=2026-07-07 00:00:00+00:00
[2026-07-07T09:30:34.018+0000] {processor.py:183} INFO - Processing /home/airflow/.local/lib/python3.8/site-packages/airflow/example_dags/example_task_group.py took 1.115 seconds
[2026-07-07T09:31:14.094+0000] {processor.py:161} INFO - Started process (PID=5446) to work on /home/airflow/.local/lib/python3.8/site-packages/airflow/example_dags/example_task_group.py
[2026-07-07T09:31:14.098+0000] {processor.py:830} INFO - Processing file /home/airflow/.local/lib/python3.8/site-packages/airflow/example_dags/example_task_group.py for tasks to queue
[2026-07-07T09:31:14.111+0000] {logging_mixin.py:188} INFO - [2026-07-07T09:31:14.099+0000] {dagbag.py:538} INFO - Filling up the DagBag from /home/airflow/.local/lib/python3.8/site-packages/airflow/example_dags/example_task_group.py
[2026-07-07T09:31:14.200+0000] {processor.py:840} INFO - DAG(s) 'example_task_group' retrieved from /home/airflow/.local/lib/python3.8/site-packages/airflow/example_dags/example_task_group.py
[2026-07-07T09:31:14.557+0000] {logging_mixin.py:188} INFO - [2026-07-07T09:31:14.556+0000] {dag.py:3036} INFO - Sync 1 DAGs
[2026-07-07T09:31:14.774+0000] {logging_mixin.py:188} INFO - [2026-07-07T09:31:14.773+0000] {dag.py:3823} INFO - Setting next_dagrun for example_task_group to 2026-07-06 00:00:00+00:00, run_after=2026-07-07 00:00:00+00:00
[2026-07-07T09:31:14.919+0000] {processor.py:183} INFO - Processing /home/airflow/.local/lib/python3.8/site-packages/airflow/example_dags/example_task_group.py took 0.859 seconds
[2026-07-07T09:31:48.461+0000] {processor.py:161} INFO - Started process (PID=5511) to work on /home/airflow/.local/lib/python3.8/site-packages/airflow/example_dags/example_task_group.py
[2026-07-07T09:31:48.463+0000] {processor.py:830} INFO - Processing file /home/airflow/.local/lib/python3.8/site-packages/airflow/example_dags/example_task_group.py for tasks to queue
[2026-07-07T09:31:48.472+0000] {logging_mixin.py:188} INFO - [2026-07-07T09:31:48.471+0000] {dagbag.py:538} INFO - Filling up the DagBag from /home/airflow/.local/lib/python3.8/site-packages/airflow/example_dags/example_task_group.py
[2026-07-07T09:31:48.541+0000] {processor.py:840} INFO - DAG(s) 'example_task_group' retrieved from /home/airflow/.local/lib/python3.8/site-packages/airflow/example_dags/example_task_group.py
[2026-07-07T09:31:48.895+0000] {logging_mixin.py:188} INFO - [2026-07-07T09:31:48.894+0000] {dag.py:3036} INFO - Sync 1 DAGs
[2026-07-07T09:31:49.088+0000] {logging_mixin.py:188} INFO - [2026-07-07T09:31:49.087+0000] {dag.py:3823} INFO - Setting next_dagrun for example_task_group to 2026-07-06 00:00:00+00:00, run_after=2026-07-07 00:00:00+00:00
[2026-07-07T09:31:49.242+0000] {processor.py:183} INFO - Processing /home/airflow/.local/lib/python3.8/site-packages/airflow/example_dags/example_task_group.py took 0.803 seconds
[2026-07-07T09:32:20.180+0000] {processor.py:161} INFO - Started process (PID=5570) to work on /home/airflow/.local/lib/python3.8/site-packages/airflow/example_dags/example_task_group.py
[2026-07-07T09:32:20.192+0000] {processor.py:830} INFO - Processing file /home/airflow/.local/lib/python3.8/site-packages/airflow/example_dags/example_task_group.py for tasks to queue
[2026-07-07T09:32:20.194+0000] {logging_mixin.py:188} INFO - [2026-07-07T09:32:20.193+0000] {dagbag.py:538} INFO - Filling up the DagBag from /home/airflow/.local/lib/python3.8/site-packages/airflow/example_dags/example_task_group.py
[2026-07-07T09:32:20.212+0000] {processor.py:840} INFO - DAG(s) 'example_task_group' retrieved from /home/airflow/.local/lib/python3.8/site-packages/airflow/example_dags/example_task_group.py
[2026-07-07T09:32:20.274+0000] {logging_mixin.py:188} INFO - [2026-07-07T09:32:20.274+0000] {dag.py:3036} INFO - Sync 1 DAGs
[2026-07-07T09:32:20.331+0000] {logging_mixin.py:188} INFO - [2026-07-07T09:32:20.330+0000] {dag.py:3823} INFO - Setting next_dagrun for example_task_group to 2026-07-06 00:00:00+00:00, run_after=2026-07-07 00:00:00+00:00
[2026-07-07T09:32:20.382+0000] {processor.py:183} INFO - Processing /home/airflow/.local/lib/python3.8/site-packages/airflow/example_dags/example_task_group.py took 0.211 seconds
[2026-07-07T09:32:51.086+0000] {processor.py:161} INFO - Started process (PID=5638) to work on /home/airflow/.local/lib/python3.8/site-packages/airflow/example_dags/example_task_group.py
[2026-07-07T09:32:51.103+0000] {processor.py:830} INFO - Processing file /home/airflow/.local/lib/python3.8/site-packages/airflow/example_dags/example_task_group.py for tasks to queue
[2026-07-07T09:32:51.106+0000] {logging_mixin.py:188} INFO - [2026-07-07T09:32:51.105+0000] {dagbag.py:538} INFO - Filling up the DagBag from /home/airflow/.local/lib/python3.8/site-packages/airflow/example_dags/example_task_group.py
[2026-07-07T09:32:51.179+0000] {processor.py:840} INFO - DAG(s) 'example_task_group' retrieved from /home/airflow/.local/lib/python3.8/site-packages/airflow/example_dags/example_task_group.py
[2026-07-07T09:32:51.370+0000] {logging_mixin.py:188} INFO - [2026-07-07T09:32:51.369+0000] {dag.py:3036} INFO - Sync 1 DAGs
[2026-07-07T09:32:51.575+0000] {logging_mixin.py:188} INFO - [2026-07-07T09:32:51.574+0000] {dag.py:3823} INFO - Setting next_dagrun for example_task_group to 2026-07-06 00:00:00+00:00, run_after=2026-07-07 00:00:00+00:00
[2026-07-07T09:32:51.817+0000] {processor.py:183} INFO - Processing /home/airflow/.local/lib/python3.8/site-packages/airflow/example_dags/example_task_group.py took 0.749 seconds
[2026-07-07T09:33:22.209+0000] {processor.py:161} INFO - Started process (PID=5697) to work on /home/airflow/.local/lib/python3.8/site-packages/airflow/example_dags/example_task_group.py
[2026-07-07T09:33:22.211+0000] {processor.py:830} INFO - Processing file /home/airflow/.local/lib/python3.8/site-packages/airflow/example_dags/example_task_group.py for tasks to queue
[2026-07-07T09:33:22.212+0000] {logging_mixin.py:188} INFO - [2026-07-07T09:33:22.212+0000] {dagbag.py:538} INFO - Filling up the DagBag from /home/airflow/.local/lib/python3.8/site-packages/airflow/example_dags/example_task_group.py
[2026-07-07T09:33:22.230+0000] {processor.py:840} INFO - DAG(s) 'example_task_group' retrieved from /home/airflow/.local/lib/python3.8/site-packages/airflow/example_dags/example_task_group.py
[2026-07-07T09:33:22.296+0000] {logging_mixin.py:188} INFO - [2026-07-07T09:33:22.296+0000] {dag.py:3036} INFO - Sync 1 DAGs
[2026-07-07T09:33:22.362+0000] {logging_mixin.py:188} INFO - [2026-07-07T09:33:22.361+0000] {dag.py:3823} INFO - Setting next_dagrun for example_task_group to 2026-07-06 00:00:00+00:00, run_after=2026-07-07 00:00:00+00:00
[2026-07-07T09:33:22.424+0000] {processor.py:183} INFO - Processing /home/airflow/.local/lib/python3.8/site-packages/airflow/example_dags/example_task_group.py took 0.223 seconds
[2026-07-07T09:33:53.243+0000] {processor.py:161} INFO - Started process (PID=5765) to work on /home/airflow/.local/lib/python3.8/site-packages/airflow/example_dags/example_task_group.py
[2026-07-07T09:33:53.247+0000] {processor.py:830} INFO - Processing file /home/airflow/.local/lib/python3.8/site-packages/airflow/example_dags/example_task_group.py for tasks to queue
[2026-07-07T09:33:53.249+0000] {logging_mixin.py:188} INFO - [2026-07-07T09:33:53.248+0000] {dagbag.py:538} INFO - Filling up the DagBag from /home/airflow/.local/lib/python3.8/site-packages/airflow/example_dags/example_task_group.py
[2026-07-07T09:33:53.273+0000] {processor.py:840} INFO - DAG(s) 'example_task_group' retrieved from /home/airflow/.local/lib/python3.8/site-packages/airflow/example_dags/example_task_group.py
[2026-07-07T09:33:53.363+0000] {logging_mixin.py:188} INFO - [2026-07-07T09:33:53.363+0000] {dag.py:3036} INFO - Sync 1 DAGs
[2026-07-07T09:33:53.448+0000] {logging_mixin.py:188} INFO - [2026-07-07T09:33:53.447+0000] {dag.py:3823} INFO - Setting next_dagrun for example_task_group to 2026-07-06 00:00:00+00:00, run_after=2026-07-07 00:00:00+00:00
[2026-07-07T09:33:53.956+0000] {processor.py:183} INFO - Processing /home/airflow/.local/lib/python3.8/site-packages/airflow/example_dags/example_task_group.py took 0.722 seconds
[2026-07-07T09:34:24.417+0000] {processor.py:161} INFO - Started process (PID=5832) to work on /home/airflow/.local/lib/python3.8/site-packages/airflow/example_dags/example_task_group.py
[2026-07-07T09:34:24.430+0000] {processor.py:830} INFO - Processing file /home/airflow/.local/lib/python3.8/site-packages/airflow/example_dags/example_task_group.py for tasks to queue
[2026-07-07T09:34:24.440+0000] {logging_mixin.py:188} INFO - [2026-07-07T09:34:24.437+0000] {dagbag.py:538} INFO - Filling up the DagBag from /home/airflow/.local/lib/python3.8/site-packages/airflow/example_dags/example_task_group.py
[2026-07-07T09:34:25.196+0000] {processor.py:840} INFO - DAG(s) 'example_task_group' retrieved from /home/airflow/.local/lib/python3.8/site-packages/airflow/example_dags/example_task_group.py
[2026-07-07T09:34:25.357+0000] {logging_mixin.py:188} INFO - [2026-07-07T09:34:25.356+0000] {dag.py:3036} INFO - Sync 1 DAGs
[2026-07-07T09:34:25.466+0000] {logging_mixin.py:188} INFO - [2026-07-07T09:34:25.465+0000] {dag.py:3823} INFO - Setting next_dagrun for example_task_group to 2026-07-06 00:00:00+00:00, run_after=2026-07-07 00:00:00+00:00
[2026-07-07T09:34:25.520+0000] {processor.py:183} INFO - Processing /home/airflow/.local/lib/python3.8/site-packages/airflow/example_dags/example_task_group.py took 1.139 seconds
[2026-07-07T09:34:56.289+0000] {processor.py:161} INFO - Started process (PID=5899) to work on /home/airflow/.local/lib/python3.8/site-packages/airflow/example_dags/example_task_group.py
[2026-07-07T09:34:56.293+0000] {processor.py:830} INFO - Processing file /home/airflow/.local/lib/python3.8/site-packages/airflow/example_dags/example_task_group.py for tasks to queue
[2026-07-07T09:34:56.296+0000] {logging_mixin.py:188} INFO - [2026-07-07T09:34:56.295+0000] {dagbag.py:538} INFO - Filling up the DagBag from /home/airflow/.local/lib/python3.8/site-packages/airflow/example_dags/example_task_group.py
[2026-07-07T09:34:56.340+0000] {processor.py:840} INFO - DAG(s) 'example_task_group' retrieved from /home/airflow/.local/lib/python3.8/site-packages/airflow/example_dags/example_task_group.py
[2026-07-07T09:34:56.467+0000] {logging_mixin.py:188} INFO - [2026-07-07T09:34:56.466+0000] {dag.py:3036} INFO - Sync 1 DAGs
[2026-07-07T09:34:56.581+0000] {logging_mixin.py:188} INFO - [2026-07-07T09:34:56.581+0000] {dag.py:3823} INFO - Setting next_dagrun for example_task_group to 2026-07-06 00:00:00+00:00, run_after=2026-07-07 00:00:00+00:00
[2026-07-07T09:34:56.682+0000] {processor.py:183} INFO - Processing /home/airflow/.local/lib/python3.8/site-packages/airflow/example_dags/example_task_group.py took 0.424 seconds
[2026-07-07T09:35:27.384+0000] {processor.py:161} INFO - Started process (PID=5958) to work on /home/airflow/.local/lib/python3.8/site-packages/airflow/example_dags/example_task_group.py
[2026-07-07T09:35:27.386+0000] {processor.py:830} INFO - Processing file /home/airflow/.local/lib/python3.8/site-packages/airflow/example_dags/example_task_group.py for tasks to queue
[2026-07-07T09:35:27.388+0000] {logging_mixin.py:188} INFO - [2026-07-07T09:35:27.388+0000] {dagbag.py:538} INFO - Filling up the DagBag from /home/airflow/.local/lib/python3.8/site-packages/airflow/example_dags/example_task_group.py
[2026-07-07T09:35:27.415+0000] {processor.py:840} INFO - DAG(s) 'example_task_group' retrieved from /home/airflow/.local/lib/python3.8/site-packages/airflow/example_dags/example_task_group.py
[2026-07-07T09:35:27.496+0000] {logging_mixin.py:188} INFO - [2026-07-07T09:35:27.496+0000] {dag.py:3036} INFO - Sync 1 DAGs
[2026-07-07T09:35:27.565+0000] {logging_mixin.py:188} INFO - [2026-07-07T09:35:27.565+0000] {dag.py:3823} INFO - Setting next_dagrun for example_task_group to 2026-07-06 00:00:00+00:00, run_after=2026-07-07 00:00:00+00:00
[2026-07-07T09:35:27.665+0000] {processor.py:183} INFO - Processing /home/airflow/.local/lib/python3.8/site-packages/airflow/example_dags/example_task_group.py took 0.294 seconds
[2026-07-07T09:35:58.312+0000] {processor.py:161} INFO - Started process (PID=6031) to work on /home/airflow/.local/lib/python3.8/site-packages/airflow/example_dags/example_task_group.py
[2026-07-07T09:35:58.318+0000] {processor.py:830} INFO - Processing file /home/airflow/.local/lib/python3.8/site-packages/airflow/example_dags/example_task_group.py for tasks to queue
[2026-07-07T09:35:58.320+0000] {logging_mixin.py:188} INFO - [2026-07-07T09:35:58.320+0000] {dagbag.py:538} INFO - Filling up the DagBag from /home/airflow/.local/lib/python3.8/site-packages/airflow/example_dags/example_task_group.py
[2026-07-07T09:35:58.352+0000] {processor.py:840} INFO - DAG(s) 'example_task_group' retrieved from /home/airflow/.local/lib/python3.8/site-packages/airflow/example_dags/example_task_group.py
[2026-07-07T09:35:58.429+0000] {logging_mixin.py:188} INFO - [2026-07-07T09:35:58.429+0000] {dag.py:3036} INFO - Sync 1 DAGs
[2026-07-07T09:35:58.480+0000] {logging_mixin.py:188} INFO - [2026-07-07T09:35:58.479+0000] {dag.py:3823} INFO - Setting next_dagrun for example_task_group to 2026-07-06 00:00:00+00:00, run_after=2026-07-07 00:00:00+00:00
[2026-07-07T09:35:58.547+0000] {processor.py:183} INFO - Processing /home/airflow/.local/lib/python3.8/site-packages/airflow/example_dags/example_task_group.py took 0.249 seconds
[2026-07-07T09:36:29.570+0000] {processor.py:161} INFO - Started process (PID=6097) to work on /home/airflow/.local/lib/python3.8/site-packages/airflow/example_dags/example_task_group.py
[2026-07-07T09:36:29.574+0000] {processor.py:830} INFO - Processing file /home/airflow/.local/lib/python3.8/site-packages/airflow/example_dags/example_task_group.py for tasks to queue
[2026-07-07T09:36:29.577+0000] {logging_mixin.py:188} INFO - [2026-07-07T09:36:29.576+0000] {dagbag.py:538} INFO - Filling up the DagBag from /home/airflow/.local/lib/python3.8/site-packages/airflow/example_dags/example_task_group.py
[2026-07-07T09:36:29.607+0000] {processor.py:840} INFO - DAG(s) 'example_task_group' retrieved from /home/airflow/.local/lib/python3.8/site-packages/airflow/example_dags/example_task_group.py
[2026-07-07T09:36:29.702+0000] {logging_mixin.py:188} INFO - [2026-07-07T09:36:29.701+0000] {dag.py:3036} INFO - Sync 1 DAGs
[2026-07-07T09:36:29.858+0000] {logging_mixin.py:188} INFO - [2026-07-07T09:36:29.857+0000] {dag.py:3823} INFO - Setting next_dagrun for example_task_group to 2026-07-06 00:00:00+00:00, run_after=2026-07-07 00:00:00+00:00
[2026-07-07T09:36:29.967+0000] {processor.py:183} INFO - Processing /home/airflow/.local/lib/python3.8/site-packages/airflow/example_dags/example_task_group.py took 0.423 seconds
[2026-07-07T09:37:01.169+0000] {processor.py:161} INFO - Started process (PID=6157) to work on /home/airflow/.local/lib/python3.8/site-packages/airflow/example_dags/example_task_group.py
[2026-07-07T09:37:01.192+0000] {processor.py:830} INFO - Processing file /home/airflow/.local/lib/python3.8/site-packages/airflow/example_dags/example_task_group.py for tasks to queue
[2026-07-07T09:37:01.198+0000] {logging_mixin.py:188} INFO - [2026-07-07T09:37:01.194+0000] {dagbag.py:538} INFO - Filling up the DagBag from /home/airflow/.local/lib/python3.8/site-packages/airflow/example_dags/example_task_group.py
[2026-07-07T09:37:01.230+0000] {processor.py:840} INFO - DAG(s) 'example_task_group' retrieved from /home/airflow/.local/lib/python3.8/site-packages/airflow/example_dags/example_task_group.py
[2026-07-07T09:37:01.338+0000] {logging_mixin.py:188} INFO - [2026-07-07T09:37:01.333+0000] {dag.py:3036} INFO - Sync 1 DAGs
[2026-07-07T09:37:01.482+0000] {logging_mixin.py:188} INFO - [2026-07-07T09:37:01.482+0000] {dag.py:3823} INFO - Setting next_dagrun for example_task_group to 2026-07-06 00:00:00+00:00, run_after=2026-07-07 00:00:00+00:00
[2026-07-07T09:37:01.669+0000] {processor.py:183} INFO - Processing /home/airflow/.local/lib/python3.8/site-packages/airflow/example_dags/example_task_group.py took 0.511 seconds
[2026-07-07T09:37:33.332+0000] {processor.py:161} INFO - Started process (PID=6223) to work on /home/airflow/.local/lib/python3.8/site-packages/airflow/example_dags/example_task_group.py
[2026-07-07T09:37:33.342+0000] {processor.py:830} INFO - Processing file /home/airflow/.local/lib/python3.8/site-packages/airflow/example_dags/example_task_group.py for tasks to queue
[2026-07-07T09:37:33.346+0000] {logging_mixin.py:188} INFO - [2026-07-07T09:37:33.344+0000] {dagbag.py:538} INFO - Filling up the DagBag from /home/airflow/.local/lib/python3.8/site-packages/airflow/example_dags/example_task_group.py
[2026-07-07T09:37:33.385+0000] {processor.py:840} INFO - DAG(s) 'example_task_group' retrieved from /home/airflow/.local/lib/python3.8/site-packages/airflow/example_dags/example_task_group.py
[2026-07-07T09:37:33.454+0000] {logging_mixin.py:188} INFO - [2026-07-07T09:37:33.453+0000] {dag.py:3036} INFO - Sync 1 DAGs
[2026-07-07T09:37:33.523+0000] {logging_mixin.py:188} INFO - [2026-07-07T09:37:33.523+0000] {dag.py:3823} INFO - Setting next_dagrun for example_task_group to 2026-07-06 00:00:00+00:00, run_after=2026-07-07 00:00:00+00:00
[2026-07-07T09:37:33.575+0000] {processor.py:183} INFO - Processing /home/airflow/.local/lib/python3.8/site-packages/airflow/example_dags/example_task_group.py took 0.287 seconds
[2026-07-07T09:38:04.179+0000] {processor.py:161} INFO - Started process (PID=6287) to work on /home/airflow/.local/lib/python3.8/site-packages/airflow/example_dags/example_task_group.py
[2026-07-07T09:38:04.187+0000] {processor.py:830} INFO - Processing file /home/airflow/.local/lib/python3.8/site-packages/airflow/example_dags/example_task_group.py for tasks to queue
[2026-07-07T09:38:04.191+0000] {logging_mixin.py:188} INFO - [2026-07-07T09:38:04.190+0000] {dagbag.py:538} INFO - Filling up the DagBag from /home/airflow/.local/lib/python3.8/site-packages/airflow/example_dags/example_task_group.py
[2026-07-07T09:38:04.274+0000] {processor.py:840} INFO - DAG(s) 'example_task_group' retrieved from /home/airflow/.local/lib/python3.8/site-packages/airflow/example_dags/example_task_group.py
[2026-07-07T09:38:04.422+0000] {logging_mixin.py:188} INFO - [2026-07-07T09:38:04.422+0000] {dag.py:3036} INFO - Sync 1 DAGs
[2026-07-07T09:38:04.503+0000] {logging_mixin.py:188} INFO - [2026-07-07T09:38:04.503+0000] {dag.py:3823} INFO - Setting next_dagrun for example_task_group to 2026-07-06 00:00:00+00:00, run_after=2026-07-07 00:00:00+00:00
[2026-07-07T09:38:04.593+0000] {processor.py:183} INFO - Processing /home/airflow/.local/lib/python3.8/site-packages/airflow/example_dags/example_task_group.py took 0.438 seconds
[2026-07-07T09:38:35.096+0000] {processor.py:161} INFO - Started process (PID=6345) to work on /home/airflow/.local/lib/python3.8/site-packages/airflow/example_dags/example_task_group.py
[2026-07-07T09:38:35.108+0000] {processor.py:830} INFO - Processing file /home/airflow/.local/lib/python3.8/site-packages/airflow/example_dags/example_task_group.py for tasks to queue
[2026-07-07T09:38:35.116+0000] {logging_mixin.py:188} INFO - [2026-07-07T09:38:35.113+0000] {dagbag.py:538} INFO - Filling up the DagBag from /home/airflow/.local/lib/python3.8/site-packages/airflow/example_dags/example_task_group.py
[2026-07-07T09:38:35.178+0000] {processor.py:840} INFO - DAG(s) 'example_task_group' retrieved from /home/airflow/.local/lib/python3.8/site-packages/airflow/example_dags/example_task_group.py
[2026-07-07T09:38:35.300+0000] {logging_mixin.py:188} INFO - [2026-07-07T09:38:35.300+0000] {dag.py:3036} INFO - Sync 1 DAGs
[2026-07-07T09:38:35.418+0000] {logging_mixin.py:188} INFO - [2026-07-07T09:38:35.417+0000] {dag.py:3823} INFO - Setting next_dagrun for example_task_group to 2026-07-06 00:00:00+00:00, run_after=2026-07-07 00:00:00+00:00
[2026-07-07T09:38:35.504+0000] {processor.py:183} INFO - Processing /home/airflow/.local/lib/python3.8/site-packages/airflow/example_dags/example_task_group.py took 0.438 seconds
[2026-07-07T09:39:05.682+0000] {processor.py:161} INFO - Started process (PID=6411) to work on /home/airflow/.local/lib/python3.8/site-packages/airflow/example_dags/example_task_group.py
[2026-07-07T09:39:05.684+0000] {processor.py:830} INFO - Processing file /home/airflow/.local/lib/python3.8/site-packages/airflow/example_dags/example_task_group.py for tasks to queue
[2026-07-07T09:39:05.686+0000] {logging_mixin.py:188} INFO - [2026-07-07T09:39:05.685+0000] {dagbag.py:538} INFO - Filling up the DagBag from /home/airflow/.local/lib/python3.8/site-packages/airflow/example_dags/example_task_group.py
[2026-07-07T09:39:05.705+0000] {processor.py:840} INFO - DAG(s) 'example_task_group' retrieved from /home/airflow/.local/lib/python3.8/site-packages/airflow/example_dags/example_task_group.py
[2026-07-07T09:39:05.769+0000] {logging_mixin.py:188} INFO - [2026-07-07T09:39:05.769+0000] {dag.py:3036} INFO - Sync 1 DAGs
[2026-07-07T09:39:05.826+0000] {logging_mixin.py:188} INFO - [2026-07-07T09:39:05.825+0000] {dag.py:3823} INFO - Setting next_dagrun for example_task_group to 2026-07-06 00:00:00+00:00, run_after=2026-07-07 00:00:00+00:00
[2026-07-07T09:39:05.898+0000] {processor.py:183} INFO - Processing /home/airflow/.local/lib/python3.8/site-packages/airflow/example_dags/example_task_group.py took 0.225 seconds
[2026-07-07T09:39:36.254+0000] {processor.py:161} INFO - Started process (PID=6478) to work on /home/airflow/.local/lib/python3.8/site-packages/airflow/example_dags/example_task_group.py
[2026-07-07T09:39:36.257+0000] {processor.py:830} INFO - Processing file /home/airflow/.local/lib/python3.8/site-packages/airflow/example_dags/example_task_group.py for tasks to queue
[2026-07-07T09:39:36.259+0000] {logging_mixin.py:188} INFO - [2026-07-07T09:39:36.258+0000] {dagbag.py:538} INFO - Filling up the DagBag from /home/airflow/.local/lib/python3.8/site-packages/airflow/example_dags/example_task_group.py
[2026-07-07T09:39:36.288+0000] {processor.py:840} INFO - DAG(s) 'example_task_group' retrieved from /home/airflow/.local/lib/python3.8/site-packages/airflow/example_dags/example_task_group.py
[2026-07-07T09:39:36.353+0000] {logging_mixin.py:188} INFO - [2026-07-07T09:39:36.352+0000] {dag.py:3036} INFO - Sync 1 DAGs
[2026-07-07T09:39:36.436+0000] {logging_mixin.py:188} INFO - [2026-07-07T09:39:36.435+0000] {dag.py:3823} INFO - Setting next_dagrun for example_task_group to 2026-07-06 00:00:00+00:00, run_after=2026-07-07 00:00:00+00:00
[2026-07-07T09:39:36.490+0000] {processor.py:183} INFO - Processing /home/airflow/.local/lib/python3.8/site-packages/airflow/example_dags/example_task_group.py took 0.244 seconds
[2026-07-07T09:40:07.085+0000] {processor.py:161} INFO - Started process (PID=6547) to work on /home/airflow/.local/lib/python3.8/site-packages/airflow/example_dags/example_task_group.py
[2026-07-07T09:40:07.089+0000] {processor.py:830} INFO - Processing file /home/airflow/.local/lib/python3.8/site-packages/airflow/example_dags/example_task_group.py for tasks to queue
[2026-07-07T09:40:07.093+0000] {logging_mixin.py:188} INFO - [2026-07-07T09:40:07.092+0000] {dagbag.py:538} INFO - Filling up the DagBag from /home/airflow/.local/lib/python3.8/site-packages/airflow/example_dags/example_task_group.py
[2026-07-07T09:40:07.143+0000] {processor.py:840} INFO - DAG(s) 'example_task_group' retrieved from /home/airflow/.local/lib/python3.8/site-packages/airflow/example_dags/example_task_group.py
[2026-07-07T09:40:07.264+0000] {logging_mixin.py:188} INFO - [2026-07-07T09:40:07.263+0000] {dag.py:3036} INFO - Sync 1 DAGs
[2026-07-07T09:40:07.335+0000] {logging_mixin.py:188} INFO - [2026-07-07T09:40:07.334+0000] {dag.py:3823} INFO - Setting next_dagrun for example_task_group to 2026-07-06 00:00:00+00:00, run_after=2026-07-07 00:00:00+00:00
[2026-07-07T09:40:07.377+0000] {processor.py:183} INFO - Processing /home/airflow/.local/lib/python3.8/site-packages/airflow/example_dags/example_task_group.py took 0.316 seconds
[2026-07-07T09:40:37.612+0000] {processor.py:161} INFO - Started process (PID=6613) to work on /home/airflow/.local/lib/python3.8/site-packages/airflow/example_dags/example_task_group.py
[2026-07-07T09:40:37.615+0000] {processor.py:830} INFO - Processing file /home/airflow/.local/lib/python3.8/site-packages/airflow/example_dags/example_task_group.py for tasks to queue
[2026-07-07T09:40:37.617+0000] {logging_mixin.py:188} INFO - [2026-07-07T09:40:37.616+0000] {dagbag.py:538} INFO - Filling up the DagBag from /home/airflow/.local/lib/python3.8/site-packages/airflow/example_dags/example_task_group.py
[2026-07-07T09:40:37.654+0000] {processor.py:840} INFO - DAG(s) 'example_task_group' retrieved from /home/airflow/.local/lib/python3.8/site-packages/airflow/example_dags/example_task_group.py
[2026-07-07T09:40:37.722+0000] {logging_mixin.py:188} INFO - [2026-07-07T09:40:37.721+0000] {dag.py:3036} INFO - Sync 1 DAGs
[2026-07-07T09:40:37.786+0000] {logging_mixin.py:188} INFO - [2026-07-07T09:40:37.785+0000] {dag.py:3823} INFO - Setting next_dagrun for example_task_group to 2026-07-06 00:00:00+00:00, run_after=2026-07-07 00:00:00+00:00
[2026-07-07T09:40:37.852+0000] {processor.py:183} INFO - Processing /home/airflow/.local/lib/python3.8/site-packages/airflow/example_dags/example_task_group.py took 0.252 seconds
[2026-07-07T09:41:08.216+0000] {processor.py:161} INFO - Started process (PID=6680) to work on /home/airflow/.local/lib/python3.8/site-packages/airflow/example_dags/example_task_group.py
[2026-07-07T09:41:08.219+0000] {processor.py:830} INFO - Processing file /home/airflow/.local/lib/python3.8/site-packages/airflow/example_dags/example_task_group.py for tasks to queue
[2026-07-07T09:41:08.221+0000] {logging_mixin.py:188} INFO - [2026-07-07T09:41:08.220+0000] {dagbag.py:538} INFO - Filling up the DagBag from /home/airflow/.local/lib/python3.8/site-packages/airflow/example_dags/example_task_group.py
[2026-07-07T09:41:08.245+0000] {processor.py:840} INFO - DAG(s) 'example_task_group' retrieved from /home/airflow/.local/lib/python3.8/site-packages/airflow/example_dags/example_task_group.py
[2026-07-07T09:41:08.302+0000] {logging_mixin.py:188} INFO - [2026-07-07T09:41:08.302+0000] {dag.py:3036} INFO - Sync 1 DAGs
[2026-07-07T09:41:08.371+0000] {logging_mixin.py:188} INFO - [2026-07-07T09:41:08.367+0000] {dag.py:3823} INFO - Setting next_dagrun for example_task_group to 2026-07-06 00:00:00+00:00, run_after=2026-07-07 00:00:00+00:00
[2026-07-07T09:41:08.467+0000] {processor.py:183} INFO - Processing /home/airflow/.local/lib/python3.8/site-packages/airflow/example_dags/example_task_group.py took 0.262 seconds
[2026-07-07T09:41:38.827+0000] {processor.py:161} INFO - Started process (PID=6747) to work on /home/airflow/.local/lib/python3.8/site-packages/airflow/example_dags/example_task_group.py
[2026-07-07T09:41:38.844+0000] {processor.py:830} INFO - Processing file /home/airflow/.local/lib/python3.8/site-packages/airflow/example_dags/example_task_group.py for tasks to queue
[2026-07-07T09:41:38.852+0000] {logging_mixin.py:188} INFO - [2026-07-07T09:41:38.846+0000] {dagbag.py:538} INFO - Filling up the DagBag from /home/airflow/.local/lib/python3.8/site-packages/airflow/example_dags/example_task_group.py
[2026-07-07T09:41:38.896+0000] {processor.py:840} INFO - DAG(s) 'example_task_group' retrieved from /home/airflow/.local/lib/python3.8/site-packages/airflow/example_dags/example_task_group.py
[2026-07-07T09:41:38.950+0000] {logging_mixin.py:188} INFO - [2026-07-07T09:41:38.949+0000] {dag.py:3036} INFO - Sync 1 DAGs
[2026-07-07T09:41:39.144+0000] {logging_mixin.py:188} INFO - [2026-07-07T09:41:39.142+0000] {dag.py:3823} INFO - Setting next_dagrun for example_task_group to 2026-07-06 00:00:00+00:00, run_after=2026-07-07 00:00:00+00:00
[2026-07-07T09:41:39.298+0000] {processor.py:183} INFO - Processing /home/airflow/.local/lib/python3.8/site-packages/airflow/example_dags/example_task_group.py took 0.492 seconds
[2026-07-07T09:42:09.523+0000] {processor.py:161} INFO - Started process (PID=6813) to work on /home/airflow/.local/lib/python3.8/site-packages/airflow/example_dags/example_task_group.py
[2026-07-07T09:42:09.530+0000] {processor.py:830} INFO - Processing file /home/airflow/.local/lib/python3.8/site-packages/airflow/example_dags/example_task_group.py for tasks to queue
[2026-07-07T09:42:09.533+0000] {logging_mixin.py:188} INFO - [2026-07-07T09:42:09.532+0000] {dagbag.py:538} INFO - Filling up the DagBag from /home/airflow/.local/lib/python3.8/site-packages/airflow/example_dags/example_task_group.py
[2026-07-07T09:42:09.566+0000] {processor.py:840} INFO - DAG(s) 'example_task_group' retrieved from /home/airflow/.local/lib/python3.8/site-packages/airflow/example_dags/example_task_group.py
[2026-07-07T09:42:09.625+0000] {logging_mixin.py:188} INFO - [2026-07-07T09:42:09.625+0000] {dag.py:3036} INFO - Sync 1 DAGs
[2026-07-07T09:42:09.681+0000] {logging_mixin.py:188} INFO - [2026-07-07T09:42:09.680+0000] {dag.py:3823} INFO - Setting next_dagrun for example_task_group to 2026-07-06 00:00:00+00:00, run_after=2026-07-07 00:00:00+00:00
[2026-07-07T09:42:09.722+0000] {processor.py:183} INFO - Processing /home/airflow/.local/lib/python3.8/site-packages/airflow/example_dags/example_task_group.py took 0.209 seconds
[2026-07-07T09:42:40.340+0000] {processor.py:161} INFO - Started process (PID=6879) to work on /home/airflow/.local/lib/python3.8/site-packages/airflow/example_dags/example_task_group.py
[2026-07-07T09:42:40.343+0000] {processor.py:830} INFO - Processing file /home/airflow/.local/lib/python3.8/site-packages/airflow/example_dags/example_task_group.py for tasks to queue
[2026-07-07T09:42:40.346+0000] {logging_mixin.py:188} INFO - [2026-07-07T09:42:40.345+0000] {dagbag.py:538} INFO - Filling up the DagBag from /home/airflow/.local/lib/python3.8/site-packages/airflow/example_dags/example_task_group.py
[2026-07-07T09:42:40.369+0000] {processor.py:840} INFO - DAG(s) 'example_task_group' retrieved from /home/airflow/.local/lib/python3.8/site-packages/airflow/example_dags/example_task_group.py
[2026-07-07T09:42:40.433+0000] {logging_mixin.py:188} INFO - [2026-07-07T09:42:40.432+0000] {dag.py:3036} INFO - Sync 1 DAGs
[2026-07-07T09:42:40.521+0000] {logging_mixin.py:188} INFO - [2026-07-07T09:42:40.521+0000] {dag.py:3823} INFO - Setting next_dagrun for example_task_group to 2026-07-06 00:00:00+00:00, run_after=2026-07-07 00:00:00+00:00
[2026-07-07T09:42:40.615+0000] {processor.py:183} INFO - Processing /home/airflow/.local/lib/python3.8/site-packages/airflow/example_dags/example_task_group.py took 0.286 seconds
[2026-07-07T09:43:10.683+0000] {processor.py:161} INFO - Started process (PID=6939) to work on /home/airflow/.local/lib/python3.8/site-packages/airflow/example_dags/example_task_group.py
[2026-07-07T09:43:10.685+0000] {processor.py:830} INFO - Processing file /home/airflow/.local/lib/python3.8/site-packages/airflow/example_dags/example_task_group.py for tasks to queue
[2026-07-07T09:43:10.687+0000] {logging_mixin.py:188} INFO - [2026-07-07T09:43:10.686+0000] {dagbag.py:538} INFO - Filling up the DagBag from /home/airflow/.local/lib/python3.8/site-packages/airflow/example_dags/example_task_group.py
[2026-07-07T09:43:10.700+0000] {processor.py:840} INFO - DAG(s) 'example_task_group' retrieved from /home/airflow/.local/lib/python3.8/site-packages/airflow/example_dags/example_task_group.py
[2026-07-07T09:43:10.738+0000] {logging_mixin.py:188} INFO - [2026-07-07T09:43:10.737+0000] {dag.py:3036} INFO - Sync 1 DAGs
[2026-07-07T09:43:10.776+0000] {logging_mixin.py:188} INFO - [2026-07-07T09:43:10.775+0000] {dag.py:3823} INFO - Setting next_dagrun for example_task_group to 2026-07-06 00:00:00+00:00, run_after=2026-07-07 00:00:00+00:00
[2026-07-07T09:43:10.807+0000] {processor.py:183} INFO - Processing /home/airflow/.local/lib/python3.8/site-packages/airflow/example_dags/example_task_group.py took 0.130 seconds
[2026-07-07T09:43:41.285+0000] {processor.py:161} INFO - Started process (PID=7006) to work on /home/airflow/.local/lib/python3.8/site-packages/airflow/example_dags/example_task_group.py
[2026-07-07T09:43:41.287+0000] {processor.py:830} INFO - Processing file /home/airflow/.local/lib/python3.8/site-packages/airflow/example_dags/example_task_group.py for tasks to queue
[2026-07-07T09:43:41.290+0000] {logging_mixin.py:188} INFO - [2026-07-07T09:43:41.289+0000] {dagbag.py:538} INFO - Filling up the DagBag from /home/airflow/.local/lib/python3.8/site-packages/airflow/example_dags/example_task_group.py
[2026-07-07T09:43:41.312+0000] {processor.py:840} INFO - DAG(s) 'example_task_group' retrieved from /home/airflow/.local/lib/python3.8/site-packages/airflow/example_dags/example_task_group.py
[2026-07-07T09:43:41.362+0000] {logging_mixin.py:188} INFO - [2026-07-07T09:43:41.362+0000] {dag.py:3036} INFO - Sync 1 DAGs
[2026-07-07T09:43:41.403+0000] {logging_mixin.py:188} INFO - [2026-07-07T09:43:41.403+0000] {dag.py:3823} INFO - Setting next_dagrun for example_task_group to 2026-07-06 00:00:00+00:00, run_after=2026-07-07 00:00:00+00:00
[2026-07-07T09:43:41.440+0000] {processor.py:183} INFO - Processing /home/airflow/.local/lib/python3.8/site-packages/airflow/example_dags/example_task_group.py took 0.163 seconds
[2026-07-07T09:44:12.378+0000] {processor.py:161} INFO - Started process (PID=7071) to work on /home/airflow/.local/lib/python3.8/site-packages/airflow/example_dags/example_task_group.py
[2026-07-07T09:44:12.381+0000] {processor.py:830} INFO - Processing file /home/airflow/.local/lib/python3.8/site-packages/airflow/example_dags/example_task_group.py for tasks to queue
[2026-07-07T09:44:12.384+0000] {logging_mixin.py:188} INFO - [2026-07-07T09:44:12.383+0000] {dagbag.py:538} INFO - Filling up the DagBag from /home/airflow/.local/lib/python3.8/site-packages/airflow/example_dags/example_task_group.py
[2026-07-07T09:44:12.410+0000] {processor.py:840} INFO - DAG(s) 'example_task_group' retrieved from /home/airflow/.local/lib/python3.8/site-packages/airflow/example_dags/example_task_group.py
[2026-07-07T09:44:12.470+0000] {logging_mixin.py:188} INFO - [2026-07-07T09:44:12.469+0000] {dag.py:3036} INFO - Sync 1 DAGs
[2026-07-07T09:44:12.512+0000] {logging_mixin.py:188} INFO - [2026-07-07T09:44:12.511+0000] {dag.py:3823} INFO - Setting next_dagrun for example_task_group to 2026-07-06 00:00:00+00:00, run_after=2026-07-07 00:00:00+00:00
[2026-07-07T09:44:12.549+0000] {processor.py:183} INFO - Processing /home/airflow/.local/lib/python3.8/site-packages/airflow/example_dags/example_task_group.py took 0.183 seconds
[2026-07-07T09:44:42.935+0000] {processor.py:161} INFO - Started process (PID=7138) to work on /home/airflow/.local/lib/python3.8/site-packages/airflow/example_dags/example_task_group.py
[2026-07-07T09:44:42.937+0000] {processor.py:830} INFO - Processing file /home/airflow/.local/lib/python3.8/site-packages/airflow/example_dags/example_task_group.py for tasks to queue
[2026-07-07T09:44:42.939+0000] {logging_mixin.py:188} INFO - [2026-07-07T09:44:42.938+0000] {dagbag.py:538} INFO - Filling up the DagBag from /home/airflow/.local/lib/python3.8/site-packages/airflow/example_dags/example_task_group.py
[2026-07-07T09:44:42.957+0000] {processor.py:840} INFO - DAG(s) 'example_task_group' retrieved from /home/airflow/.local/lib/python3.8/site-packages/airflow/example_dags/example_task_group.py
[2026-07-07T09:44:43.003+0000] {logging_mixin.py:188} INFO - [2026-07-07T09:44:43.003+0000] {dag.py:3036} INFO - Sync 1 DAGs
[2026-07-07T09:44:43.048+0000] {logging_mixin.py:188} INFO - [2026-07-07T09:44:43.048+0000] {dag.py:3823} INFO - Setting next_dagrun for example_task_group to 2026-07-06 00:00:00+00:00, run_after=2026-07-07 00:00:00+00:00
[2026-07-07T09:44:43.081+0000] {processor.py:183} INFO - Processing /home/airflow/.local/lib/python3.8/site-packages/airflow/example_dags/example_task_group.py took 0.156 seconds
[2026-07-07T09:45:15.050+0000] {processor.py:161} INFO - Started process (PID=7203) to work on /home/airflow/.local/lib/python3.8/site-packages/airflow/example_dags/example_task_group.py
[2026-07-07T09:45:15.054+0000] {processor.py:830} INFO - Processing file /home/airflow/.local/lib/python3.8/site-packages/airflow/example_dags/example_task_group.py for tasks to queue
[2026-07-07T09:45:15.057+0000] {logging_mixin.py:188} INFO - [2026-07-07T09:45:15.056+0000] {dagbag.py:538} INFO - Filling up the DagBag from /home/airflow/.local/lib/python3.8/site-packages/airflow/example_dags/example_task_group.py
[2026-07-07T09:45:15.105+0000] {processor.py:840} INFO - DAG(s) 'example_task_group' retrieved from /home/airflow/.local/lib/python3.8/site-packages/airflow/example_dags/example_task_group.py
[2026-07-07T09:45:15.170+0000] {logging_mixin.py:188} INFO - [2026-07-07T09:45:15.170+0000] {dag.py:3036} INFO - Sync 1 DAGs
[2026-07-07T09:45:15.254+0000] {logging_mixin.py:188} INFO - [2026-07-07T09:45:15.253+0000] {dag.py:3823} INFO - Setting next_dagrun for example_task_group to 2026-07-06 00:00:00+00:00, run_after=2026-07-07 00:00:00+00:00
[2026-07-07T09:45:15.309+0000] {processor.py:183} INFO - Processing /home/airflow/.local/lib/python3.8/site-packages/airflow/example_dags/example_task_group.py took 0.276 seconds
[2026-07-07T09:45:45.394+0000] {processor.py:161} INFO - Started process (PID=7262) to work on /home/airflow/.local/lib/python3.8/site-packages/airflow/example_dags/example_task_group.py
[2026-07-07T09:45:45.397+0000] {processor.py:830} INFO - Processing file /home/airflow/.local/lib/python3.8/site-packages/airflow/example_dags/example_task_group.py for tasks to queue
[2026-07-07T09:45:45.400+0000] {logging_mixin.py:188} INFO - [2026-07-07T09:45:45.399+0000] {dagbag.py:538} INFO - Filling up the DagBag from /home/airflow/.local/lib/python3.8/site-packages/airflow/example_dags/example_task_group.py
[2026-07-07T09:45:45.421+0000] {processor.py:840} INFO - DAG(s) 'example_task_group' retrieved from /home/airflow/.local/lib/python3.8/site-packages/airflow/example_dags/example_task_group.py
[2026-07-07T09:45:45.472+0000] {logging_mixin.py:188} INFO - [2026-07-07T09:45:45.471+0000] {dag.py:3036} INFO - Sync 1 DAGs
[2026-07-07T09:45:45.516+0000] {logging_mixin.py:188} INFO - [2026-07-07T09:45:45.515+0000] {dag.py:3823} INFO - Setting next_dagrun for example_task_group to 2026-07-06 00:00:00+00:00, run_after=2026-07-07 00:00:00+00:00
[2026-07-07T09:45:45.565+0000] {processor.py:183} INFO - Processing /home/airflow/.local/lib/python3.8/site-packages/airflow/example_dags/example_task_group.py took 0.180 seconds
[2026-07-07T09:46:15.866+0000] {processor.py:161} INFO - Started process (PID=7329) to work on /home/airflow/.local/lib/python3.8/site-packages/airflow/example_dags/example_task_group.py
[2026-07-07T09:46:15.868+0000] {processor.py:830} INFO - Processing file /home/airflow/.local/lib/python3.8/site-packages/airflow/example_dags/example_task_group.py for tasks to queue
[2026-07-07T09:46:15.870+0000] {logging_mixin.py:188} INFO - [2026-07-07T09:46:15.870+0000] {dagbag.py:538} INFO - Filling up the DagBag from /home/airflow/.local/lib/python3.8/site-packages/airflow/example_dags/example_task_group.py
[2026-07-07T09:46:15.889+0000] {processor.py:840} INFO - DAG(s) 'example_task_group' retrieved from /home/airflow/.local/lib/python3.8/site-packages/airflow/example_dags/example_task_group.py
[2026-07-07T09:46:15.940+0000] {logging_mixin.py:188} INFO - [2026-07-07T09:46:15.939+0000] {dag.py:3036} INFO - Sync 1 DAGs
[2026-07-07T09:46:16.002+0000] {logging_mixin.py:188} INFO - [2026-07-07T09:46:16.002+0000] {dag.py:3823} INFO - Setting next_dagrun for example_task_group to 2026-07-06 00:00:00+00:00, run_after=2026-07-07 00:00:00+00:00
[2026-07-07T09:46:16.043+0000] {processor.py:183} INFO - Processing /home/airflow/.local/lib/python3.8/site-packages/airflow/example_dags/example_task_group.py took 0.187 seconds
[2026-07-07T09:46:46.878+0000] {processor.py:161} INFO - Started process (PID=7394) to work on /home/airflow/.local/lib/python3.8/site-packages/airflow/example_dags/example_task_group.py
[2026-07-07T09:46:46.881+0000] {processor.py:830} INFO - Processing file /home/airflow/.local/lib/python3.8/site-packages/airflow/example_dags/example_task_group.py for tasks to queue
[2026-07-07T09:46:46.884+0000] {logging_mixin.py:188} INFO - [2026-07-07T09:46:46.883+0000] {dagbag.py:538} INFO - Filling up the DagBag from /home/airflow/.local/lib/python3.8/site-packages/airflow/example_dags/example_task_group.py
[2026-07-07T09:46:46.903+0000] {processor.py:840} INFO - DAG(s) 'example_task_group' retrieved from /home/airflow/.local/lib/python3.8/site-packages/airflow/example_dags/example_task_group.py
[2026-07-07T09:46:46.956+0000] {logging_mixin.py:188} INFO - [2026-07-07T09:46:46.955+0000] {dag.py:3036} INFO - Sync 1 DAGs
[2026-07-07T09:46:47.004+0000] {logging_mixin.py:188} INFO - [2026-07-07T09:46:47.003+0000] {dag.py:3823} INFO - Setting next_dagrun for example_task_group to 2026-07-06 00:00:00+00:00, run_after=2026-07-07 00:00:00+00:00
[2026-07-07T09:46:47.040+0000] {processor.py:183} INFO - Processing /home/airflow/.local/lib/python3.8/site-packages/airflow/example_dags/example_task_group.py took 0.170 seconds
