[2026-07-07T09:08:01.966+0000] {processor.py:161} INFO - Started process (PID=4120) to work on /home/airflow/.local/lib/python3.8/site-packages/airflow/example_dags/tutorial_dag.py
[2026-07-07T09:08:01.968+0000] {processor.py:830} INFO - Processing file /home/airflow/.local/lib/python3.8/site-packages/airflow/example_dags/tutorial_dag.py for tasks to queue
[2026-07-07T09:08:01.980+0000] {logging_mixin.py:188} INFO - [2026-07-07T09:08:01.979+0000] {dagbag.py:538} INFO - Filling up the DagBag from /home/airflow/.local/lib/python3.8/site-packages/airflow/example_dags/tutorial_dag.py
[2026-07-07T09:08:02.113+0000] {processor.py:840} INFO - DAG(s) 'tutorial_dag' retrieved from /home/airflow/.local/lib/python3.8/site-packages/airflow/example_dags/tutorial_dag.py
[2026-07-07T09:08:03.585+0000] {logging_mixin.py:188} INFO - [2026-07-07T09:08:03.585+0000] {dag.py:3036} INFO - Sync 1 DAGs
[2026-07-07T09:08:04.171+0000] {logging_mixin.py:188} INFO - [2026-07-07T09:08:04.170+0000] {dag.py:3823} INFO - Setting next_dagrun for tutorial_dag to None, run_after=None
[2026-07-07T09:08:04.988+0000] {processor.py:183} INFO - Processing /home/airflow/.local/lib/python3.8/site-packages/airflow/example_dags/tutorial_dag.py took 3.120 seconds
[2026-07-07T09:09:28.178+0000] {processor.py:161} INFO - Started process (PID=4219) to work on /home/airflow/.local/lib/python3.8/site-packages/airflow/example_dags/tutorial_dag.py
[2026-07-07T09:09:28.189+0000] {processor.py:830} INFO - Processing file /home/airflow/.local/lib/python3.8/site-packages/airflow/example_dags/tutorial_dag.py for tasks to queue
[2026-07-07T09:09:28.194+0000] {logging_mixin.py:188} INFO - [2026-07-07T09:09:28.194+0000] {dagbag.py:538} INFO - Filling up the DagBag from /home/airflow/.local/lib/python3.8/site-packages/airflow/example_dags/tutorial_dag.py
[2026-07-07T09:09:28.219+0000] {processor.py:840} INFO - DAG(s) 'tutorial_dag' retrieved from /home/airflow/.local/lib/python3.8/site-packages/airflow/example_dags/tutorial_dag.py
[2026-07-07T09:09:28.318+0000] {logging_mixin.py:188} INFO - [2026-07-07T09:09:28.318+0000] {dag.py:3036} INFO - Sync 1 DAGs
[2026-07-07T09:09:28.374+0000] {logging_mixin.py:188} INFO - [2026-07-07T09:09:28.373+0000] {dag.py:3823} INFO - Setting next_dagrun for tutorial_dag to None, run_after=None
[2026-07-07T09:09:28.447+0000] {processor.py:183} INFO - Processing /home/airflow/.local/lib/python3.8/site-packages/airflow/example_dags/tutorial_dag.py took 0.278 seconds
[2026-07-07T09:09:58.579+0000] {processor.py:161} INFO - Started process (PID=4286) to work on /home/airflow/.local/lib/python3.8/site-packages/airflow/example_dags/tutorial_dag.py
[2026-07-07T09:09:58.581+0000] {processor.py:830} INFO - Processing file /home/airflow/.local/lib/python3.8/site-packages/airflow/example_dags/tutorial_dag.py for tasks to queue
[2026-07-07T09:09:58.583+0000] {logging_mixin.py:188} INFO - [2026-07-07T09:09:58.583+0000] {dagbag.py:538} INFO - Filling up the DagBag from /home/airflow/.local/lib/python3.8/site-packages/airflow/example_dags/tutorial_dag.py
[2026-07-07T09:09:58.595+0000] {processor.py:840} INFO - DAG(s) 'tutorial_dag' retrieved from /home/airflow/.local/lib/python3.8/site-packages/airflow/example_dags/tutorial_dag.py
[2026-07-07T09:09:58.638+0000] {logging_mixin.py:188} INFO - [2026-07-07T09:09:58.637+0000] {dag.py:3036} INFO - Sync 1 DAGs
[2026-07-07T09:09:58.659+0000] {logging_mixin.py:188} INFO - [2026-07-07T09:09:58.658+0000] {dag.py:3823} INFO - Setting next_dagrun for tutorial_dag to None, run_after=None
[2026-07-07T09:09:58.694+0000] {processor.py:183} INFO - Processing /home/airflow/.local/lib/python3.8/site-packages/airflow/example_dags/tutorial_dag.py took 0.123 seconds
[2026-07-07T09:10:30.140+0000] {processor.py:161} INFO - Started process (PID=4353) to work on /home/airflow/.local/lib/python3.8/site-packages/airflow/example_dags/tutorial_dag.py
[2026-07-07T09:10:30.148+0000] {processor.py:830} INFO - Processing file /home/airflow/.local/lib/python3.8/site-packages/airflow/example_dags/tutorial_dag.py for tasks to queue
[2026-07-07T09:10:30.157+0000] {logging_mixin.py:188} INFO - [2026-07-07T09:10:30.149+0000] {dagbag.py:538} INFO - Filling up the DagBag from /home/airflow/.local/lib/python3.8/site-packages/airflow/example_dags/tutorial_dag.py
[2026-07-07T09:10:30.180+0000] {processor.py:840} INFO - DAG(s) 'tutorial_dag' retrieved from /home/airflow/.local/lib/python3.8/site-packages/airflow/example_dags/tutorial_dag.py
[2026-07-07T09:10:30.292+0000] {logging_mixin.py:188} INFO - [2026-07-07T09:10:30.291+0000] {dag.py:3036} INFO - Sync 1 DAGs
[2026-07-07T09:10:30.376+0000] {logging_mixin.py:188} INFO - [2026-07-07T09:10:30.375+0000] {dag.py:3823} INFO - Setting next_dagrun for tutorial_dag to None, run_after=None
[2026-07-07T09:10:30.442+0000] {processor.py:183} INFO - Processing /home/airflow/.local/lib/python3.8/site-packages/airflow/example_dags/tutorial_dag.py took 0.315 seconds
[2026-07-07T09:13:26.494+0000] {processor.py:161} INFO - Started process (PID=4477) to work on /home/airflow/.local/lib/python3.8/site-packages/airflow/example_dags/tutorial_dag.py
[2026-07-07T09:13:27.016+0000] {processor.py:830} INFO - Processing file /home/airflow/.local/lib/python3.8/site-packages/airflow/example_dags/tutorial_dag.py for tasks to queue
[2026-07-07T09:13:27.634+0000] {logging_mixin.py:188} INFO - [2026-07-07T09:13:27.529+0000] {dagbag.py:538} INFO - Filling up the DagBag from /home/airflow/.local/lib/python3.8/site-packages/airflow/example_dags/tutorial_dag.py
[2026-07-07T09:13:34.387+0000] {processor.py:840} INFO - DAG(s) 'tutorial_dag' retrieved from /home/airflow/.local/lib/python3.8/site-packages/airflow/example_dags/tutorial_dag.py
[2026-07-07T09:13:49.066+0000] {logging_mixin.py:188} INFO - [2026-07-07T09:13:49.065+0000] {dag.py:3036} INFO - Sync 1 DAGs
[2026-07-07T09:13:50.333+0000] {logging_mixin.py:188} INFO - [2026-07-07T09:13:50.333+0000] {dag.py:3823} INFO - Setting next_dagrun for tutorial_dag to None, run_after=None
[2026-07-07T09:13:51.465+0000] {processor.py:183} INFO - Processing /home/airflow/.local/lib/python3.8/site-packages/airflow/example_dags/tutorial_dag.py took 27.612 seconds
[2026-07-07T09:23:45.658+0000] {processor.py:161} INFO - Started process (PID=4763) to work on /home/airflow/.local/lib/python3.8/site-packages/airflow/example_dags/tutorial_dag.py
[2026-07-07T09:23:45.690+0000] {processor.py:830} INFO - Processing file /home/airflow/.local/lib/python3.8/site-packages/airflow/example_dags/tutorial_dag.py for tasks to queue
[2026-07-07T09:23:45.716+0000] {logging_mixin.py:188} INFO - [2026-07-07T09:23:45.692+0000] {dagbag.py:538} INFO - Filling up the DagBag from /home/airflow/.local/lib/python3.8/site-packages/airflow/example_dags/tutorial_dag.py
[2026-07-07T09:23:49.018+0000] {processor.py:840} INFO - DAG(s) 'tutorial_dag' retrieved from /home/airflow/.local/lib/python3.8/site-packages/airflow/example_dags/tutorial_dag.py
[2026-07-07T09:23:50.684+0000] {logging_mixin.py:188} INFO - [2026-07-07T09:23:50.683+0000] {dag.py:3036} INFO - Sync 1 DAGs
[2026-07-07T09:23:51.356+0000] {logging_mixin.py:188} INFO - [2026-07-07T09:23:51.327+0000] {dag.py:3823} INFO - Setting next_dagrun for tutorial_dag to None, run_after=None
[2026-07-07T09:23:52.449+0000] {processor.py:183} INFO - Processing /home/airflow/.local/lib/python3.8/site-packages/airflow/example_dags/tutorial_dag.py took 7.347 seconds
[2026-07-07T09:26:27.712+0000] {processor.py:161} INFO - Started process (PID=4899) to work on /home/airflow/.local/lib/python3.8/site-packages/airflow/example_dags/tutorial_dag.py
[2026-07-07T09:26:27.723+0000] {processor.py:830} INFO - Processing file /home/airflow/.local/lib/python3.8/site-packages/airflow/example_dags/tutorial_dag.py for tasks to queue
[2026-07-07T09:26:27.726+0000] {logging_mixin.py:188} INFO - [2026-07-07T09:26:27.725+0000] {dagbag.py:538} INFO - Filling up the DagBag from /home/airflow/.local/lib/python3.8/site-packages/airflow/example_dags/tutorial_dag.py
[2026-07-07T09:26:27.774+0000] {processor.py:840} INFO - DAG(s) 'tutorial_dag' retrieved from /home/airflow/.local/lib/python3.8/site-packages/airflow/example_dags/tutorial_dag.py
[2026-07-07T09:26:27.958+0000] {logging_mixin.py:188} INFO - [2026-07-07T09:26:27.957+0000] {dag.py:3036} INFO - Sync 1 DAGs
[2026-07-07T09:26:28.068+0000] {logging_mixin.py:188} INFO - [2026-07-07T09:26:28.068+0000] {dag.py:3823} INFO - Setting next_dagrun for tutorial_dag to None, run_after=None
[2026-07-07T09:26:28.193+0000] {processor.py:183} INFO - Processing /home/airflow/.local/lib/python3.8/site-packages/airflow/example_dags/tutorial_dag.py took 0.493 seconds
[2026-07-07T09:26:58.908+0000] {processor.py:161} INFO - Started process (PID=4965) to work on /home/airflow/.local/lib/python3.8/site-packages/airflow/example_dags/tutorial_dag.py
[2026-07-07T09:26:58.911+0000] {processor.py:830} INFO - Processing file /home/airflow/.local/lib/python3.8/site-packages/airflow/example_dags/tutorial_dag.py for tasks to queue
[2026-07-07T09:26:58.914+0000] {logging_mixin.py:188} INFO - [2026-07-07T09:26:58.913+0000] {dagbag.py:538} INFO - Filling up the DagBag from /home/airflow/.local/lib/python3.8/site-packages/airflow/example_dags/tutorial_dag.py
[2026-07-07T09:26:58.934+0000] {processor.py:840} INFO - DAG(s) 'tutorial_dag' retrieved from /home/airflow/.local/lib/python3.8/site-packages/airflow/example_dags/tutorial_dag.py
[2026-07-07T09:26:59.076+0000] {logging_mixin.py:188} INFO - [2026-07-07T09:26:59.075+0000] {dag.py:3036} INFO - Sync 1 DAGs
[2026-07-07T09:26:59.127+0000] {logging_mixin.py:188} INFO - [2026-07-07T09:26:59.127+0000] {dag.py:3823} INFO - Setting next_dagrun for tutorial_dag to None, run_after=None
[2026-07-07T09:26:59.194+0000] {processor.py:183} INFO - Processing /home/airflow/.local/lib/python3.8/site-packages/airflow/example_dags/tutorial_dag.py took 0.302 seconds
[2026-07-07T09:27:30.938+0000] {processor.py:161} INFO - Started process (PID=5025) to work on /home/airflow/.local/lib/python3.8/site-packages/airflow/example_dags/tutorial_dag.py
[2026-07-07T09:27:30.942+0000] {processor.py:830} INFO - Processing file /home/airflow/.local/lib/python3.8/site-packages/airflow/example_dags/tutorial_dag.py for tasks to queue
[2026-07-07T09:27:30.948+0000] {logging_mixin.py:188} INFO - [2026-07-07T09:27:30.947+0000] {dagbag.py:538} INFO - Filling up the DagBag from /home/airflow/.local/lib/python3.8/site-packages/airflow/example_dags/tutorial_dag.py
[2026-07-07T09:27:30.987+0000] {processor.py:840} INFO - DAG(s) 'tutorial_dag' retrieved from /home/airflow/.local/lib/python3.8/site-packages/airflow/example_dags/tutorial_dag.py
[2026-07-07T09:27:31.123+0000] {logging_mixin.py:188} INFO - [2026-07-07T09:27:31.122+0000] {dag.py:3036} INFO - Sync 1 DAGs
[2026-07-07T09:27:31.261+0000] {logging_mixin.py:188} INFO - [2026-07-07T09:27:31.260+0000] {dag.py:3823} INFO - Setting next_dagrun for tutorial_dag to None, run_after=None
[2026-07-07T09:27:31.392+0000] {processor.py:183} INFO - Processing /home/airflow/.local/lib/python3.8/site-packages/airflow/example_dags/tutorial_dag.py took 0.471 seconds
[2026-07-07T09:28:02.141+0000] {processor.py:161} INFO - Started process (PID=5092) to work on /home/airflow/.local/lib/python3.8/site-packages/airflow/example_dags/tutorial_dag.py
[2026-07-07T09:28:02.150+0000] {processor.py:830} INFO - Processing file /home/airflow/.local/lib/python3.8/site-packages/airflow/example_dags/tutorial_dag.py for tasks to queue
[2026-07-07T09:28:02.153+0000] {logging_mixin.py:188} INFO - [2026-07-07T09:28:02.152+0000] {dagbag.py:538} INFO - Filling up the DagBag from /home/airflow/.local/lib/python3.8/site-packages/airflow/example_dags/tutorial_dag.py
[2026-07-07T09:28:02.183+0000] {processor.py:840} INFO - DAG(s) 'tutorial_dag' retrieved from /home/airflow/.local/lib/python3.8/site-packages/airflow/example_dags/tutorial_dag.py
[2026-07-07T09:28:02.380+0000] {logging_mixin.py:188} INFO - [2026-07-07T09:28:02.379+0000] {dag.py:3036} INFO - Sync 1 DAGs
[2026-07-07T09:28:02.532+0000] {logging_mixin.py:188} INFO - [2026-07-07T09:28:02.532+0000] {dag.py:3823} INFO - Setting next_dagrun for tutorial_dag to None, run_after=None
[2026-07-07T09:28:02.723+0000] {processor.py:183} INFO - Processing /home/airflow/.local/lib/python3.8/site-packages/airflow/example_dags/tutorial_dag.py took 0.601 seconds
[2026-07-07T09:28:42.630+0000] {processor.py:161} INFO - Started process (PID=5159) to work on /home/airflow/.local/lib/python3.8/site-packages/airflow/example_dags/tutorial_dag.py
[2026-07-07T09:28:42.650+0000] {processor.py:830} INFO - Processing file /home/airflow/.local/lib/python3.8/site-packages/airflow/example_dags/tutorial_dag.py for tasks to queue
[2026-07-07T09:28:42.653+0000] {logging_mixin.py:188} INFO - [2026-07-07T09:28:42.652+0000] {dagbag.py:538} INFO - Filling up the DagBag from /home/airflow/.local/lib/python3.8/site-packages/airflow/example_dags/tutorial_dag.py
[2026-07-07T09:28:42.706+0000] {processor.py:840} INFO - DAG(s) 'tutorial_dag' retrieved from /home/airflow/.local/lib/python3.8/site-packages/airflow/example_dags/tutorial_dag.py
[2026-07-07T09:28:42.991+0000] {logging_mixin.py:188} INFO - [2026-07-07T09:28:42.990+0000] {dag.py:3036} INFO - Sync 1 DAGs
[2026-07-07T09:28:43.084+0000] {logging_mixin.py:188} INFO - [2026-07-07T09:28:43.084+0000] {dag.py:3823} INFO - Setting next_dagrun for tutorial_dag to None, run_after=None
[2026-07-07T09:28:43.386+0000] {processor.py:183} INFO - Processing /home/airflow/.local/lib/python3.8/site-packages/airflow/example_dags/tutorial_dag.py took 0.778 seconds
[2026-07-07T09:29:16.626+0000] {processor.py:161} INFO - Started process (PID=5220) to work on /home/airflow/.local/lib/python3.8/site-packages/airflow/example_dags/tutorial_dag.py
[2026-07-07T09:29:16.630+0000] {processor.py:830} INFO - Processing file /home/airflow/.local/lib/python3.8/site-packages/airflow/example_dags/tutorial_dag.py for tasks to queue
[2026-07-07T09:29:16.632+0000] {logging_mixin.py:188} INFO - [2026-07-07T09:29:16.631+0000] {dagbag.py:538} INFO - Filling up the DagBag from /home/airflow/.local/lib/python3.8/site-packages/airflow/example_dags/tutorial_dag.py
[2026-07-07T09:29:16.659+0000] {processor.py:840} INFO - DAG(s) 'tutorial_dag' retrieved from /home/airflow/.local/lib/python3.8/site-packages/airflow/example_dags/tutorial_dag.py
[2026-07-07T09:29:16.771+0000] {logging_mixin.py:188} INFO - [2026-07-07T09:29:16.771+0000] {dag.py:3036} INFO - Sync 1 DAGs
[2026-07-07T09:29:16.827+0000] {logging_mixin.py:188} INFO - [2026-07-07T09:29:16.826+0000] {dag.py:3823} INFO - Setting next_dagrun for tutorial_dag to None, run_after=None
[2026-07-07T09:29:16.902+0000] {processor.py:183} INFO - Processing /home/airflow/.local/lib/python3.8/site-packages/airflow/example_dags/tutorial_dag.py took 0.287 seconds
[2026-07-07T09:29:47.710+0000] {processor.py:161} INFO - Started process (PID=5287) to work on /home/airflow/.local/lib/python3.8/site-packages/airflow/example_dags/tutorial_dag.py
[2026-07-07T09:29:47.717+0000] {processor.py:830} INFO - Processing file /home/airflow/.local/lib/python3.8/site-packages/airflow/example_dags/tutorial_dag.py for tasks to queue
[2026-07-07T09:29:47.721+0000] {logging_mixin.py:188} INFO - [2026-07-07T09:29:47.720+0000] {dagbag.py:538} INFO - Filling up the DagBag from /home/airflow/.local/lib/python3.8/site-packages/airflow/example_dags/tutorial_dag.py
[2026-07-07T09:29:47.745+0000] {processor.py:840} INFO - DAG(s) 'tutorial_dag' retrieved from /home/airflow/.local/lib/python3.8/site-packages/airflow/example_dags/tutorial_dag.py
[2026-07-07T09:29:47.847+0000] {logging_mixin.py:188} INFO - [2026-07-07T09:29:47.847+0000] {dag.py:3036} INFO - Sync 1 DAGs
[2026-07-07T09:29:47.894+0000] {logging_mixin.py:188} INFO - [2026-07-07T09:29:47.893+0000] {dag.py:3823} INFO - Setting next_dagrun for tutorial_dag to None, run_after=None
[2026-07-07T09:29:47.972+0000] {processor.py:183} INFO - Processing /home/airflow/.local/lib/python3.8/site-packages/airflow/example_dags/tutorial_dag.py took 0.277 seconds
[2026-07-07T09:30:18.306+0000] {processor.py:161} INFO - Started process (PID=5345) to work on /home/airflow/.local/lib/python3.8/site-packages/airflow/example_dags/tutorial_dag.py
[2026-07-07T09:30:18.309+0000] {processor.py:830} INFO - Processing file /home/airflow/.local/lib/python3.8/site-packages/airflow/example_dags/tutorial_dag.py for tasks to queue
[2026-07-07T09:30:18.312+0000] {logging_mixin.py:188} INFO - [2026-07-07T09:30:18.311+0000] {dagbag.py:538} INFO - Filling up the DagBag from /home/airflow/.local/lib/python3.8/site-packages/airflow/example_dags/tutorial_dag.py
[2026-07-07T09:30:18.329+0000] {processor.py:840} INFO - DAG(s) 'tutorial_dag' retrieved from /home/airflow/.local/lib/python3.8/site-packages/airflow/example_dags/tutorial_dag.py
[2026-07-07T09:30:18.402+0000] {logging_mixin.py:188} INFO - [2026-07-07T09:30:18.402+0000] {dag.py:3036} INFO - Sync 1 DAGs
[2026-07-07T09:30:18.449+0000] {logging_mixin.py:188} INFO - [2026-07-07T09:30:18.448+0000] {dag.py:3823} INFO - Setting next_dagrun for tutorial_dag to None, run_after=None
[2026-07-07T09:30:18.509+0000] {processor.py:183} INFO - Processing /home/airflow/.local/lib/python3.8/site-packages/airflow/example_dags/tutorial_dag.py took 0.220 seconds
[2026-07-07T09:30:53.573+0000] {processor.py:161} INFO - Started process (PID=5412) to work on /home/airflow/.local/lib/python3.8/site-packages/airflow/example_dags/tutorial_dag.py
[2026-07-07T09:30:53.584+0000] {processor.py:830} INFO - Processing file /home/airflow/.local/lib/python3.8/site-packages/airflow/example_dags/tutorial_dag.py for tasks to queue
[2026-07-07T09:30:53.589+0000] {logging_mixin.py:188} INFO - [2026-07-07T09:30:53.588+0000] {dagbag.py:538} INFO - Filling up the DagBag from /home/airflow/.local/lib/python3.8/site-packages/airflow/example_dags/tutorial_dag.py
[2026-07-07T09:30:53.629+0000] {processor.py:840} INFO - DAG(s) 'tutorial_dag' retrieved from /home/airflow/.local/lib/python3.8/site-packages/airflow/example_dags/tutorial_dag.py
[2026-07-07T09:30:53.758+0000] {logging_mixin.py:188} INFO - [2026-07-07T09:30:53.757+0000] {dag.py:3036} INFO - Sync 1 DAGs
[2026-07-07T09:30:53.820+0000] {logging_mixin.py:188} INFO - [2026-07-07T09:30:53.819+0000] {dag.py:3823} INFO - Setting next_dagrun for tutorial_dag to None, run_after=None
[2026-07-07T09:30:53.940+0000] {processor.py:183} INFO - Processing /home/airflow/.local/lib/python3.8/site-packages/airflow/example_dags/tutorial_dag.py took 0.415 seconds
[2026-07-07T09:31:27.265+0000] {processor.py:161} INFO - Started process (PID=5478) to work on /home/airflow/.local/lib/python3.8/site-packages/airflow/example_dags/tutorial_dag.py
[2026-07-07T09:31:27.275+0000] {processor.py:830} INFO - Processing file /home/airflow/.local/lib/python3.8/site-packages/airflow/example_dags/tutorial_dag.py for tasks to queue
[2026-07-07T09:31:27.283+0000] {logging_mixin.py:188} INFO - [2026-07-07T09:31:27.282+0000] {dagbag.py:538} INFO - Filling up the DagBag from /home/airflow/.local/lib/python3.8/site-packages/airflow/example_dags/tutorial_dag.py
[2026-07-07T09:31:27.319+0000] {processor.py:840} INFO - DAG(s) 'tutorial_dag' retrieved from /home/airflow/.local/lib/python3.8/site-packages/airflow/example_dags/tutorial_dag.py
[2026-07-07T09:31:27.439+0000] {logging_mixin.py:188} INFO - [2026-07-07T09:31:27.438+0000] {dag.py:3036} INFO - Sync 1 DAGs
[2026-07-07T09:31:27.535+0000] {logging_mixin.py:188} INFO - [2026-07-07T09:31:27.534+0000] {dag.py:3823} INFO - Setting next_dagrun for tutorial_dag to None, run_after=None
[2026-07-07T09:31:27.680+0000] {processor.py:183} INFO - Processing /home/airflow/.local/lib/python3.8/site-packages/airflow/example_dags/tutorial_dag.py took 0.431 seconds
[2026-07-07T09:32:00.102+0000] {processor.py:161} INFO - Started process (PID=5535) to work on /home/airflow/.local/lib/python3.8/site-packages/airflow/example_dags/tutorial_dag.py
[2026-07-07T09:32:00.108+0000] {processor.py:830} INFO - Processing file /home/airflow/.local/lib/python3.8/site-packages/airflow/example_dags/tutorial_dag.py for tasks to queue
[2026-07-07T09:32:00.118+0000] {logging_mixin.py:188} INFO - [2026-07-07T09:32:00.117+0000] {dagbag.py:538} INFO - Filling up the DagBag from /home/airflow/.local/lib/python3.8/site-packages/airflow/example_dags/tutorial_dag.py
[2026-07-07T09:32:00.167+0000] {processor.py:840} INFO - DAG(s) 'tutorial_dag' retrieved from /home/airflow/.local/lib/python3.8/site-packages/airflow/example_dags/tutorial_dag.py
[2026-07-07T09:32:00.351+0000] {logging_mixin.py:188} INFO - [2026-07-07T09:32:00.350+0000] {dag.py:3036} INFO - Sync 1 DAGs
[2026-07-07T09:32:00.421+0000] {logging_mixin.py:188} INFO - [2026-07-07T09:32:00.421+0000] {dag.py:3823} INFO - Setting next_dagrun for tutorial_dag to None, run_after=None
[2026-07-07T09:32:00.523+0000] {processor.py:183} INFO - Processing /home/airflow/.local/lib/python3.8/site-packages/airflow/example_dags/tutorial_dag.py took 0.445 seconds
[2026-07-07T09:32:34.363+0000] {processor.py:161} INFO - Started process (PID=5603) to work on /home/airflow/.local/lib/python3.8/site-packages/airflow/example_dags/tutorial_dag.py
[2026-07-07T09:32:34.381+0000] {processor.py:830} INFO - Processing file /home/airflow/.local/lib/python3.8/site-packages/airflow/example_dags/tutorial_dag.py for tasks to queue
[2026-07-07T09:32:34.388+0000] {logging_mixin.py:188} INFO - [2026-07-07T09:32:34.383+0000] {dagbag.py:538} INFO - Filling up the DagBag from /home/airflow/.local/lib/python3.8/site-packages/airflow/example_dags/tutorial_dag.py
[2026-07-07T09:32:34.437+0000] {processor.py:840} INFO - DAG(s) 'tutorial_dag' retrieved from /home/airflow/.local/lib/python3.8/site-packages/airflow/example_dags/tutorial_dag.py
[2026-07-07T09:32:34.562+0000] {logging_mixin.py:188} INFO - [2026-07-07T09:32:34.561+0000] {dag.py:3036} INFO - Sync 1 DAGs
[2026-07-07T09:32:34.631+0000] {logging_mixin.py:188} INFO - [2026-07-07T09:32:34.630+0000] {dag.py:3823} INFO - Setting next_dagrun for tutorial_dag to None, run_after=None
[2026-07-07T09:32:34.738+0000] {processor.py:183} INFO - Processing /home/airflow/.local/lib/python3.8/site-packages/airflow/example_dags/tutorial_dag.py took 0.410 seconds
[2026-07-07T09:33:06.222+0000] {processor.py:161} INFO - Started process (PID=5668) to work on /home/airflow/.local/lib/python3.8/site-packages/airflow/example_dags/tutorial_dag.py
[2026-07-07T09:33:06.224+0000] {processor.py:830} INFO - Processing file /home/airflow/.local/lib/python3.8/site-packages/airflow/example_dags/tutorial_dag.py for tasks to queue
[2026-07-07T09:33:06.227+0000] {logging_mixin.py:188} INFO - [2026-07-07T09:33:06.226+0000] {dagbag.py:538} INFO - Filling up the DagBag from /home/airflow/.local/lib/python3.8/site-packages/airflow/example_dags/tutorial_dag.py
[2026-07-07T09:33:06.249+0000] {processor.py:840} INFO - DAG(s) 'tutorial_dag' retrieved from /home/airflow/.local/lib/python3.8/site-packages/airflow/example_dags/tutorial_dag.py
[2026-07-07T09:33:06.303+0000] {logging_mixin.py:188} INFO - [2026-07-07T09:33:06.302+0000] {dag.py:3036} INFO - Sync 1 DAGs
[2026-07-07T09:33:06.366+0000] {logging_mixin.py:188} INFO - [2026-07-07T09:33:06.365+0000] {dag.py:3823} INFO - Setting next_dagrun for tutorial_dag to None, run_after=None
[2026-07-07T09:33:06.478+0000] {processor.py:183} INFO - Processing /home/airflow/.local/lib/python3.8/site-packages/airflow/example_dags/tutorial_dag.py took 0.272 seconds
[2026-07-07T09:33:36.613+0000] {processor.py:161} INFO - Started process (PID=5727) to work on /home/airflow/.local/lib/python3.8/site-packages/airflow/example_dags/tutorial_dag.py
[2026-07-07T09:33:36.615+0000] {processor.py:830} INFO - Processing file /home/airflow/.local/lib/python3.8/site-packages/airflow/example_dags/tutorial_dag.py for tasks to queue
[2026-07-07T09:33:36.617+0000] {logging_mixin.py:188} INFO - [2026-07-07T09:33:36.616+0000] {dagbag.py:538} INFO - Filling up the DagBag from /home/airflow/.local/lib/python3.8/site-packages/airflow/example_dags/tutorial_dag.py
[2026-07-07T09:33:36.627+0000] {processor.py:840} INFO - DAG(s) 'tutorial_dag' retrieved from /home/airflow/.local/lib/python3.8/site-packages/airflow/example_dags/tutorial_dag.py
[2026-07-07T09:33:36.667+0000] {logging_mixin.py:188} INFO - [2026-07-07T09:33:36.666+0000] {dag.py:3036} INFO - Sync 1 DAGs
[2026-07-07T09:33:36.692+0000] {logging_mixin.py:188} INFO - [2026-07-07T09:33:36.691+0000] {dag.py:3823} INFO - Setting next_dagrun for tutorial_dag to None, run_after=None
[2026-07-07T09:33:36.724+0000] {processor.py:183} INFO - Processing /home/airflow/.local/lib/python3.8/site-packages/airflow/example_dags/tutorial_dag.py took 0.121 seconds
[2026-07-07T09:34:07.049+0000] {processor.py:161} INFO - Started process (PID=5795) to work on /home/airflow/.local/lib/python3.8/site-packages/airflow/example_dags/tutorial_dag.py
[2026-07-07T09:34:07.052+0000] {processor.py:830} INFO - Processing file /home/airflow/.local/lib/python3.8/site-packages/airflow/example_dags/tutorial_dag.py for tasks to queue
[2026-07-07T09:34:07.056+0000] {logging_mixin.py:188} INFO - [2026-07-07T09:34:07.055+0000] {dagbag.py:538} INFO - Filling up the DagBag from /home/airflow/.local/lib/python3.8/site-packages/airflow/example_dags/tutorial_dag.py
[2026-07-07T09:34:07.081+0000] {processor.py:840} INFO - DAG(s) 'tutorial_dag' retrieved from /home/airflow/.local/lib/python3.8/site-packages/airflow/example_dags/tutorial_dag.py
[2026-07-07T09:34:07.146+0000] {logging_mixin.py:188} INFO - [2026-07-07T09:34:07.146+0000] {dag.py:3036} INFO - Sync 1 DAGs
[2026-07-07T09:34:07.177+0000] {logging_mixin.py:188} INFO - [2026-07-07T09:34:07.177+0000] {dag.py:3823} INFO - Setting next_dagrun for tutorial_dag to None, run_after=None
[2026-07-07T09:34:07.222+0000] {processor.py:183} INFO - Processing /home/airflow/.local/lib/python3.8/site-packages/airflow/example_dags/tutorial_dag.py took 0.184 seconds
[2026-07-07T09:34:38.176+0000] {processor.py:161} INFO - Started process (PID=5862) to work on /home/airflow/.local/lib/python3.8/site-packages/airflow/example_dags/tutorial_dag.py
[2026-07-07T09:34:38.182+0000] {processor.py:830} INFO - Processing file /home/airflow/.local/lib/python3.8/site-packages/airflow/example_dags/tutorial_dag.py for tasks to queue
[2026-07-07T09:34:38.186+0000] {logging_mixin.py:188} INFO - [2026-07-07T09:34:38.185+0000] {dagbag.py:538} INFO - Filling up the DagBag from /home/airflow/.local/lib/python3.8/site-packages/airflow/example_dags/tutorial_dag.py
[2026-07-07T09:34:38.233+0000] {processor.py:840} INFO - DAG(s) 'tutorial_dag' retrieved from /home/airflow/.local/lib/python3.8/site-packages/airflow/example_dags/tutorial_dag.py
[2026-07-07T09:34:38.366+0000] {logging_mixin.py:188} INFO - [2026-07-07T09:34:38.365+0000] {dag.py:3036} INFO - Sync 1 DAGs
[2026-07-07T09:34:38.443+0000] {logging_mixin.py:188} INFO - [2026-07-07T09:34:38.442+0000] {dag.py:3823} INFO - Setting next_dagrun for tutorial_dag to None, run_after=None
[2026-07-07T09:34:38.537+0000] {processor.py:183} INFO - Processing /home/airflow/.local/lib/python3.8/site-packages/airflow/example_dags/tutorial_dag.py took 0.376 seconds
[2026-07-07T09:35:08.889+0000] {processor.py:161} INFO - Started process (PID=5927) to work on /home/airflow/.local/lib/python3.8/site-packages/airflow/example_dags/tutorial_dag.py
[2026-07-07T09:35:08.892+0000] {processor.py:830} INFO - Processing file /home/airflow/.local/lib/python3.8/site-packages/airflow/example_dags/tutorial_dag.py for tasks to queue
[2026-07-07T09:35:08.895+0000] {logging_mixin.py:188} INFO - [2026-07-07T09:35:08.894+0000] {dagbag.py:538} INFO - Filling up the DagBag from /home/airflow/.local/lib/python3.8/site-packages/airflow/example_dags/tutorial_dag.py
[2026-07-07T09:35:08.917+0000] {processor.py:840} INFO - DAG(s) 'tutorial_dag' retrieved from /home/airflow/.local/lib/python3.8/site-packages/airflow/example_dags/tutorial_dag.py
[2026-07-07T09:35:09.070+0000] {logging_mixin.py:188} INFO - [2026-07-07T09:35:09.069+0000] {dag.py:3036} INFO - Sync 1 DAGs
[2026-07-07T09:35:09.145+0000] {logging_mixin.py:188} INFO - [2026-07-07T09:35:09.145+0000] {dag.py:3823} INFO - Setting next_dagrun for tutorial_dag to None, run_after=None
[2026-07-07T09:35:09.259+0000] {processor.py:183} INFO - Processing /home/airflow/.local/lib/python3.8/site-packages/airflow/example_dags/tutorial_dag.py took 0.386 seconds
[2026-07-07T09:35:41.409+0000] {processor.py:161} INFO - Started process (PID=5993) to work on /home/airflow/.local/lib/python3.8/site-packages/airflow/example_dags/tutorial_dag.py
[2026-07-07T09:35:41.431+0000] {processor.py:830} INFO - Processing file /home/airflow/.local/lib/python3.8/site-packages/airflow/example_dags/tutorial_dag.py for tasks to queue
[2026-07-07T09:35:41.439+0000] {logging_mixin.py:188} INFO - [2026-07-07T09:35:41.438+0000] {dagbag.py:538} INFO - Filling up the DagBag from /home/airflow/.local/lib/python3.8/site-packages/airflow/example_dags/tutorial_dag.py
[2026-07-07T09:35:41.491+0000] {processor.py:840} INFO - DAG(s) 'tutorial_dag' retrieved from /home/airflow/.local/lib/python3.8/site-packages/airflow/example_dags/tutorial_dag.py
[2026-07-07T09:35:41.716+0000] {logging_mixin.py:188} INFO - [2026-07-07T09:35:41.715+0000] {dag.py:3036} INFO - Sync 1 DAGs
[2026-07-07T09:35:41.909+0000] {logging_mixin.py:188} INFO - [2026-07-07T09:35:41.909+0000] {dag.py:3823} INFO - Setting next_dagrun for tutorial_dag to None, run_after=None
[2026-07-07T09:35:42.037+0000] {processor.py:183} INFO - Processing /home/airflow/.local/lib/python3.8/site-packages/airflow/example_dags/tutorial_dag.py took 0.646 seconds
[2026-07-07T09:36:12.837+0000] {processor.py:161} INFO - Started process (PID=6062) to work on /home/airflow/.local/lib/python3.8/site-packages/airflow/example_dags/tutorial_dag.py
[2026-07-07T09:36:12.853+0000] {processor.py:830} INFO - Processing file /home/airflow/.local/lib/python3.8/site-packages/airflow/example_dags/tutorial_dag.py for tasks to queue
[2026-07-07T09:36:12.886+0000] {logging_mixin.py:188} INFO - [2026-07-07T09:36:12.884+0000] {dagbag.py:538} INFO - Filling up the DagBag from /home/airflow/.local/lib/python3.8/site-packages/airflow/example_dags/tutorial_dag.py
[2026-07-07T09:36:12.915+0000] {processor.py:840} INFO - DAG(s) 'tutorial_dag' retrieved from /home/airflow/.local/lib/python3.8/site-packages/airflow/example_dags/tutorial_dag.py
[2026-07-07T09:36:13.085+0000] {logging_mixin.py:188} INFO - [2026-07-07T09:36:13.085+0000] {dag.py:3036} INFO - Sync 1 DAGs
[2026-07-07T09:36:13.160+0000] {logging_mixin.py:188} INFO - [2026-07-07T09:36:13.160+0000] {dag.py:3823} INFO - Setting next_dagrun for tutorial_dag to None, run_after=None
[2026-07-07T09:36:13.284+0000] {processor.py:183} INFO - Processing /home/airflow/.local/lib/python3.8/site-packages/airflow/example_dags/tutorial_dag.py took 0.495 seconds
[2026-07-07T09:36:46.455+0000] {processor.py:161} INFO - Started process (PID=6122) to work on /home/airflow/.local/lib/python3.8/site-packages/airflow/example_dags/tutorial_dag.py
[2026-07-07T09:36:46.458+0000] {processor.py:830} INFO - Processing file /home/airflow/.local/lib/python3.8/site-packages/airflow/example_dags/tutorial_dag.py for tasks to queue
[2026-07-07T09:36:46.461+0000] {logging_mixin.py:188} INFO - [2026-07-07T09:36:46.460+0000] {dagbag.py:538} INFO - Filling up the DagBag from /home/airflow/.local/lib/python3.8/site-packages/airflow/example_dags/tutorial_dag.py
[2026-07-07T09:36:46.476+0000] {processor.py:840} INFO - DAG(s) 'tutorial_dag' retrieved from /home/airflow/.local/lib/python3.8/site-packages/airflow/example_dags/tutorial_dag.py
[2026-07-07T09:36:46.538+0000] {logging_mixin.py:188} INFO - [2026-07-07T09:36:46.538+0000] {dag.py:3036} INFO - Sync 1 DAGs
[2026-07-07T09:36:46.573+0000] {logging_mixin.py:188} INFO - [2026-07-07T09:36:46.573+0000] {dag.py:3823} INFO - Setting next_dagrun for tutorial_dag to None, run_after=None
[2026-07-07T09:36:46.635+0000] {processor.py:183} INFO - Processing /home/airflow/.local/lib/python3.8/site-packages/airflow/example_dags/tutorial_dag.py took 0.272 seconds
[2026-07-07T09:37:16.904+0000] {processor.py:161} INFO - Started process (PID=6189) to work on /home/airflow/.local/lib/python3.8/site-packages/airflow/example_dags/tutorial_dag.py
[2026-07-07T09:37:16.906+0000] {processor.py:830} INFO - Processing file /home/airflow/.local/lib/python3.8/site-packages/airflow/example_dags/tutorial_dag.py for tasks to queue
[2026-07-07T09:37:16.908+0000] {logging_mixin.py:188} INFO - [2026-07-07T09:37:16.908+0000] {dagbag.py:538} INFO - Filling up the DagBag from /home/airflow/.local/lib/python3.8/site-packages/airflow/example_dags/tutorial_dag.py
[2026-07-07T09:37:16.918+0000] {processor.py:840} INFO - DAG(s) 'tutorial_dag' retrieved from /home/airflow/.local/lib/python3.8/site-packages/airflow/example_dags/tutorial_dag.py
[2026-07-07T09:37:16.964+0000] {logging_mixin.py:188} INFO - [2026-07-07T09:37:16.964+0000] {dag.py:3036} INFO - Sync 1 DAGs
[2026-07-07T09:37:16.989+0000] {logging_mixin.py:188} INFO - [2026-07-07T09:37:16.989+0000] {dag.py:3823} INFO - Setting next_dagrun for tutorial_dag to None, run_after=None
[2026-07-07T09:37:17.028+0000] {processor.py:183} INFO - Processing /home/airflow/.local/lib/python3.8/site-packages/airflow/example_dags/tutorial_dag.py took 0.131 seconds
[2026-07-07T09:37:47.622+0000] {processor.py:161} INFO - Started process (PID=6254) to work on /home/airflow/.local/lib/python3.8/site-packages/airflow/example_dags/tutorial_dag.py
[2026-07-07T09:37:47.625+0000] {processor.py:830} INFO - Processing file /home/airflow/.local/lib/python3.8/site-packages/airflow/example_dags/tutorial_dag.py for tasks to queue
[2026-07-07T09:37:47.629+0000] {logging_mixin.py:188} INFO - [2026-07-07T09:37:47.627+0000] {dagbag.py:538} INFO - Filling up the DagBag from /home/airflow/.local/lib/python3.8/site-packages/airflow/example_dags/tutorial_dag.py
[2026-07-07T09:37:47.680+0000] {processor.py:840} INFO - DAG(s) 'tutorial_dag' retrieved from /home/airflow/.local/lib/python3.8/site-packages/airflow/example_dags/tutorial_dag.py
[2026-07-07T09:37:47.790+0000] {logging_mixin.py:188} INFO - [2026-07-07T09:37:47.789+0000] {dag.py:3036} INFO - Sync 1 DAGs
[2026-07-07T09:37:47.829+0000] {logging_mixin.py:188} INFO - [2026-07-07T09:37:47.828+0000] {dag.py:3823} INFO - Setting next_dagrun for tutorial_dag to None, run_after=None
[2026-07-07T09:37:47.905+0000] {processor.py:183} INFO - Processing /home/airflow/.local/lib/python3.8/site-packages/airflow/example_dags/tutorial_dag.py took 0.296 seconds
[2026-07-07T09:38:19.244+0000] {processor.py:161} INFO - Started process (PID=6314) to work on /home/airflow/.local/lib/python3.8/site-packages/airflow/example_dags/tutorial_dag.py
[2026-07-07T09:38:19.262+0000] {processor.py:830} INFO - Processing file /home/airflow/.local/lib/python3.8/site-packages/airflow/example_dags/tutorial_dag.py for tasks to queue
[2026-07-07T09:38:19.265+0000] {logging_mixin.py:188} INFO - [2026-07-07T09:38:19.264+0000] {dagbag.py:538} INFO - Filling up the DagBag from /home/airflow/.local/lib/python3.8/site-packages/airflow/example_dags/tutorial_dag.py
[2026-07-07T09:38:19.299+0000] {processor.py:840} INFO - DAG(s) 'tutorial_dag' retrieved from /home/airflow/.local/lib/python3.8/site-packages/airflow/example_dags/tutorial_dag.py
[2026-07-07T09:38:19.394+0000] {logging_mixin.py:188} INFO - [2026-07-07T09:38:19.394+0000] {dag.py:3036} INFO - Sync 1 DAGs
[2026-07-07T09:38:19.437+0000] {logging_mixin.py:188} INFO - [2026-07-07T09:38:19.435+0000] {dag.py:3823} INFO - Setting next_dagrun for tutorial_dag to None, run_after=None
[2026-07-07T09:38:19.544+0000] {processor.py:183} INFO - Processing /home/airflow/.local/lib/python3.8/site-packages/airflow/example_dags/tutorial_dag.py took 0.317 seconds
[2026-07-07T09:38:49.741+0000] {processor.py:161} INFO - Started process (PID=6381) to work on /home/airflow/.local/lib/python3.8/site-packages/airflow/example_dags/tutorial_dag.py
[2026-07-07T09:38:49.751+0000] {processor.py:830} INFO - Processing file /home/airflow/.local/lib/python3.8/site-packages/airflow/example_dags/tutorial_dag.py for tasks to queue
[2026-07-07T09:38:49.755+0000] {logging_mixin.py:188} INFO - [2026-07-07T09:38:49.753+0000] {dagbag.py:538} INFO - Filling up the DagBag from /home/airflow/.local/lib/python3.8/site-packages/airflow/example_dags/tutorial_dag.py
[2026-07-07T09:38:49.774+0000] {processor.py:840} INFO - DAG(s) 'tutorial_dag' retrieved from /home/airflow/.local/lib/python3.8/site-packages/airflow/example_dags/tutorial_dag.py
[2026-07-07T09:38:49.849+0000] {logging_mixin.py:188} INFO - [2026-07-07T09:38:49.848+0000] {dag.py:3036} INFO - Sync 1 DAGs
[2026-07-07T09:38:49.907+0000] {logging_mixin.py:188} INFO - [2026-07-07T09:38:49.906+0000] {dag.py:3823} INFO - Setting next_dagrun for tutorial_dag to None, run_after=None
[2026-07-07T09:38:49.979+0000] {processor.py:183} INFO - Processing /home/airflow/.local/lib/python3.8/site-packages/airflow/example_dags/tutorial_dag.py took 0.253 seconds
[2026-07-07T09:39:20.406+0000] {processor.py:161} INFO - Started process (PID=6448) to work on /home/airflow/.local/lib/python3.8/site-packages/airflow/example_dags/tutorial_dag.py
[2026-07-07T09:39:20.408+0000] {processor.py:830} INFO - Processing file /home/airflow/.local/lib/python3.8/site-packages/airflow/example_dags/tutorial_dag.py for tasks to queue
[2026-07-07T09:39:20.411+0000] {logging_mixin.py:188} INFO - [2026-07-07T09:39:20.410+0000] {dagbag.py:538} INFO - Filling up the DagBag from /home/airflow/.local/lib/python3.8/site-packages/airflow/example_dags/tutorial_dag.py
[2026-07-07T09:39:20.427+0000] {processor.py:840} INFO - DAG(s) 'tutorial_dag' retrieved from /home/airflow/.local/lib/python3.8/site-packages/airflow/example_dags/tutorial_dag.py
[2026-07-07T09:39:20.489+0000] {logging_mixin.py:188} INFO - [2026-07-07T09:39:20.488+0000] {dag.py:3036} INFO - Sync 1 DAGs
[2026-07-07T09:39:20.535+0000] {logging_mixin.py:188} INFO - [2026-07-07T09:39:20.535+0000] {dag.py:3823} INFO - Setting next_dagrun for tutorial_dag to None, run_after=None
[2026-07-07T09:39:20.585+0000] {processor.py:183} INFO - Processing /home/airflow/.local/lib/python3.8/site-packages/airflow/example_dags/tutorial_dag.py took 0.188 seconds
[2026-07-07T09:39:51.127+0000] {processor.py:161} INFO - Started process (PID=6516) to work on /home/airflow/.local/lib/python3.8/site-packages/airflow/example_dags/tutorial_dag.py
[2026-07-07T09:39:51.129+0000] {processor.py:830} INFO - Processing file /home/airflow/.local/lib/python3.8/site-packages/airflow/example_dags/tutorial_dag.py for tasks to queue
[2026-07-07T09:39:51.131+0000] {logging_mixin.py:188} INFO - [2026-07-07T09:39:51.131+0000] {dagbag.py:538} INFO - Filling up the DagBag from /home/airflow/.local/lib/python3.8/site-packages/airflow/example_dags/tutorial_dag.py
[2026-07-07T09:39:51.146+0000] {processor.py:840} INFO - DAG(s) 'tutorial_dag' retrieved from /home/airflow/.local/lib/python3.8/site-packages/airflow/example_dags/tutorial_dag.py
[2026-07-07T09:39:51.187+0000] {logging_mixin.py:188} INFO - [2026-07-07T09:39:51.186+0000] {dag.py:3036} INFO - Sync 1 DAGs
[2026-07-07T09:39:51.208+0000] {logging_mixin.py:188} INFO - [2026-07-07T09:39:51.208+0000] {dag.py:3823} INFO - Setting next_dagrun for tutorial_dag to None, run_after=None
[2026-07-07T09:39:51.243+0000] {processor.py:183} INFO - Processing /home/airflow/.local/lib/python3.8/site-packages/airflow/example_dags/tutorial_dag.py took 0.125 seconds
[2026-07-07T09:40:22.193+0000] {processor.py:161} INFO - Started process (PID=6584) to work on /home/airflow/.local/lib/python3.8/site-packages/airflow/example_dags/tutorial_dag.py
[2026-07-07T09:40:22.195+0000] {processor.py:830} INFO - Processing file /home/airflow/.local/lib/python3.8/site-packages/airflow/example_dags/tutorial_dag.py for tasks to queue
[2026-07-07T09:40:22.197+0000] {logging_mixin.py:188} INFO - [2026-07-07T09:40:22.196+0000] {dagbag.py:538} INFO - Filling up the DagBag from /home/airflow/.local/lib/python3.8/site-packages/airflow/example_dags/tutorial_dag.py
[2026-07-07T09:40:22.214+0000] {processor.py:840} INFO - DAG(s) 'tutorial_dag' retrieved from /home/airflow/.local/lib/python3.8/site-packages/airflow/example_dags/tutorial_dag.py
[2026-07-07T09:40:22.269+0000] {logging_mixin.py:188} INFO - [2026-07-07T09:40:22.268+0000] {dag.py:3036} INFO - Sync 1 DAGs
[2026-07-07T09:40:22.293+0000] {logging_mixin.py:188} INFO - [2026-07-07T09:40:22.293+0000] {dag.py:3823} INFO - Setting next_dagrun for tutorial_dag to None, run_after=None
[2026-07-07T09:40:22.326+0000] {processor.py:183} INFO - Processing /home/airflow/.local/lib/python3.8/site-packages/airflow/example_dags/tutorial_dag.py took 0.142 seconds
[2026-07-07T09:40:52.805+0000] {processor.py:161} INFO - Started process (PID=6650) to work on /home/airflow/.local/lib/python3.8/site-packages/airflow/example_dags/tutorial_dag.py
[2026-07-07T09:40:52.810+0000] {processor.py:830} INFO - Processing file /home/airflow/.local/lib/python3.8/site-packages/airflow/example_dags/tutorial_dag.py for tasks to queue
[2026-07-07T09:40:52.813+0000] {logging_mixin.py:188} INFO - [2026-07-07T09:40:52.812+0000] {dagbag.py:538} INFO - Filling up the DagBag from /home/airflow/.local/lib/python3.8/site-packages/airflow/example_dags/tutorial_dag.py
[2026-07-07T09:40:52.841+0000] {processor.py:840} INFO - DAG(s) 'tutorial_dag' retrieved from /home/airflow/.local/lib/python3.8/site-packages/airflow/example_dags/tutorial_dag.py
[2026-07-07T09:40:52.936+0000] {logging_mixin.py:188} INFO - [2026-07-07T09:40:52.935+0000] {dag.py:3036} INFO - Sync 1 DAGs
[2026-07-07T09:40:53.013+0000] {logging_mixin.py:188} INFO - [2026-07-07T09:40:53.012+0000] {dag.py:3823} INFO - Setting next_dagrun for tutorial_dag to None, run_after=None
[2026-07-07T09:40:53.084+0000] {processor.py:183} INFO - Processing /home/airflow/.local/lib/python3.8/site-packages/airflow/example_dags/tutorial_dag.py took 0.296 seconds
[2026-07-07T09:41:24.088+0000] {processor.py:161} INFO - Started process (PID=6717) to work on /home/airflow/.local/lib/python3.8/site-packages/airflow/example_dags/tutorial_dag.py
[2026-07-07T09:41:24.090+0000] {processor.py:830} INFO - Processing file /home/airflow/.local/lib/python3.8/site-packages/airflow/example_dags/tutorial_dag.py for tasks to queue
[2026-07-07T09:41:24.092+0000] {logging_mixin.py:188} INFO - [2026-07-07T09:41:24.092+0000] {dagbag.py:538} INFO - Filling up the DagBag from /home/airflow/.local/lib/python3.8/site-packages/airflow/example_dags/tutorial_dag.py
[2026-07-07T09:41:24.107+0000] {processor.py:840} INFO - DAG(s) 'tutorial_dag' retrieved from /home/airflow/.local/lib/python3.8/site-packages/airflow/example_dags/tutorial_dag.py
[2026-07-07T09:41:24.165+0000] {logging_mixin.py:188} INFO - [2026-07-07T09:41:24.164+0000] {dag.py:3036} INFO - Sync 1 DAGs
[2026-07-07T09:41:24.197+0000] {logging_mixin.py:188} INFO - [2026-07-07T09:41:24.197+0000] {dag.py:3823} INFO - Setting next_dagrun for tutorial_dag to None, run_after=None
[2026-07-07T09:41:24.251+0000] {processor.py:183} INFO - Processing /home/airflow/.local/lib/python3.8/site-packages/airflow/example_dags/tutorial_dag.py took 0.172 seconds
[2026-07-07T09:41:54.333+0000] {processor.py:161} INFO - Started process (PID=6784) to work on /home/airflow/.local/lib/python3.8/site-packages/airflow/example_dags/tutorial_dag.py
[2026-07-07T09:41:54.335+0000] {processor.py:830} INFO - Processing file /home/airflow/.local/lib/python3.8/site-packages/airflow/example_dags/tutorial_dag.py for tasks to queue
[2026-07-07T09:41:54.339+0000] {logging_mixin.py:188} INFO - [2026-07-07T09:41:54.338+0000] {dagbag.py:538} INFO - Filling up the DagBag from /home/airflow/.local/lib/python3.8/site-packages/airflow/example_dags/tutorial_dag.py
[2026-07-07T09:41:54.353+0000] {processor.py:840} INFO - DAG(s) 'tutorial_dag' retrieved from /home/airflow/.local/lib/python3.8/site-packages/airflow/example_dags/tutorial_dag.py
[2026-07-07T09:41:54.401+0000] {logging_mixin.py:188} INFO - [2026-07-07T09:41:54.401+0000] {dag.py:3036} INFO - Sync 1 DAGs
[2026-07-07T09:41:54.434+0000] {logging_mixin.py:188} INFO - [2026-07-07T09:41:54.434+0000] {dag.py:3823} INFO - Setting next_dagrun for tutorial_dag to None, run_after=None
[2026-07-07T09:41:54.489+0000] {processor.py:183} INFO - Processing /home/airflow/.local/lib/python3.8/site-packages/airflow/example_dags/tutorial_dag.py took 0.167 seconds
[2026-07-07T09:42:25.447+0000] {processor.py:161} INFO - Started process (PID=6850) to work on /home/airflow/.local/lib/python3.8/site-packages/airflow/example_dags/tutorial_dag.py
[2026-07-07T09:42:25.452+0000] {processor.py:830} INFO - Processing file /home/airflow/.local/lib/python3.8/site-packages/airflow/example_dags/tutorial_dag.py for tasks to queue
[2026-07-07T09:42:25.465+0000] {logging_mixin.py:188} INFO - [2026-07-07T09:42:25.463+0000] {dagbag.py:538} INFO - Filling up the DagBag from /home/airflow/.local/lib/python3.8/site-packages/airflow/example_dags/tutorial_dag.py
[2026-07-07T09:42:25.496+0000] {processor.py:840} INFO - DAG(s) 'tutorial_dag' retrieved from /home/airflow/.local/lib/python3.8/site-packages/airflow/example_dags/tutorial_dag.py
[2026-07-07T09:42:25.594+0000] {logging_mixin.py:188} INFO - [2026-07-07T09:42:25.594+0000] {dag.py:3036} INFO - Sync 1 DAGs
[2026-07-07T09:42:25.647+0000] {logging_mixin.py:188} INFO - [2026-07-07T09:42:25.646+0000] {dag.py:3823} INFO - Setting next_dagrun for tutorial_dag to None, run_after=None
[2026-07-07T09:42:25.723+0000] {processor.py:183} INFO - Processing /home/airflow/.local/lib/python3.8/site-packages/airflow/example_dags/tutorial_dag.py took 0.309 seconds
[2026-07-07T09:42:56.315+0000] {processor.py:161} INFO - Started process (PID=6909) to work on /home/airflow/.local/lib/python3.8/site-packages/airflow/example_dags/tutorial_dag.py
[2026-07-07T09:42:56.318+0000] {processor.py:830} INFO - Processing file /home/airflow/.local/lib/python3.8/site-packages/airflow/example_dags/tutorial_dag.py for tasks to queue
[2026-07-07T09:42:56.319+0000] {logging_mixin.py:188} INFO - [2026-07-07T09:42:56.319+0000] {dagbag.py:538} INFO - Filling up the DagBag from /home/airflow/.local/lib/python3.8/site-packages/airflow/example_dags/tutorial_dag.py
[2026-07-07T09:42:56.329+0000] {processor.py:840} INFO - DAG(s) 'tutorial_dag' retrieved from /home/airflow/.local/lib/python3.8/site-packages/airflow/example_dags/tutorial_dag.py
[2026-07-07T09:42:56.370+0000] {logging_mixin.py:188} INFO - [2026-07-07T09:42:56.369+0000] {dag.py:3036} INFO - Sync 1 DAGs
[2026-07-07T09:42:56.390+0000] {logging_mixin.py:188} INFO - [2026-07-07T09:42:56.390+0000] {dag.py:3823} INFO - Setting next_dagrun for tutorial_dag to None, run_after=None
[2026-07-07T09:42:56.420+0000] {processor.py:183} INFO - Processing /home/airflow/.local/lib/python3.8/site-packages/airflow/example_dags/tutorial_dag.py took 0.112 seconds
[2026-07-07T09:43:27.388+0000] {processor.py:161} INFO - Started process (PID=6975) to work on /home/airflow/.local/lib/python3.8/site-packages/airflow/example_dags/tutorial_dag.py
[2026-07-07T09:43:27.391+0000] {processor.py:830} INFO - Processing file /home/airflow/.local/lib/python3.8/site-packages/airflow/example_dags/tutorial_dag.py for tasks to queue
[2026-07-07T09:43:27.394+0000] {logging_mixin.py:188} INFO - [2026-07-07T09:43:27.393+0000] {dagbag.py:538} INFO - Filling up the DagBag from /home/airflow/.local/lib/python3.8/site-packages/airflow/example_dags/tutorial_dag.py
[2026-07-07T09:43:27.409+0000] {processor.py:840} INFO - DAG(s) 'tutorial_dag' retrieved from /home/airflow/.local/lib/python3.8/site-packages/airflow/example_dags/tutorial_dag.py
[2026-07-07T09:43:27.462+0000] {logging_mixin.py:188} INFO - [2026-07-07T09:43:27.461+0000] {dag.py:3036} INFO - Sync 1 DAGs
[2026-07-07T09:43:27.485+0000] {logging_mixin.py:188} INFO - [2026-07-07T09:43:27.484+0000] {dag.py:3823} INFO - Setting next_dagrun for tutorial_dag to None, run_after=None
[2026-07-07T09:43:27.523+0000] {processor.py:183} INFO - Processing /home/airflow/.local/lib/python3.8/site-packages/airflow/example_dags/tutorial_dag.py took 0.145 seconds
[2026-07-07T09:43:57.676+0000] {processor.py:161} INFO - Started process (PID=7041) to work on /home/airflow/.local/lib/python3.8/site-packages/airflow/example_dags/tutorial_dag.py
[2026-07-07T09:43:57.679+0000] {processor.py:830} INFO - Processing file /home/airflow/.local/lib/python3.8/site-packages/airflow/example_dags/tutorial_dag.py for tasks to queue
[2026-07-07T09:43:57.681+0000] {logging_mixin.py:188} INFO - [2026-07-07T09:43:57.681+0000] {dagbag.py:538} INFO - Filling up the DagBag from /home/airflow/.local/lib/python3.8/site-packages/airflow/example_dags/tutorial_dag.py
[2026-07-07T09:43:57.699+0000] {processor.py:840} INFO - DAG(s) 'tutorial_dag' retrieved from /home/airflow/.local/lib/python3.8/site-packages/airflow/example_dags/tutorial_dag.py
[2026-07-07T09:43:57.762+0000] {logging_mixin.py:188} INFO - [2026-07-07T09:43:57.761+0000] {dag.py:3036} INFO - Sync 1 DAGs
[2026-07-07T09:43:57.793+0000] {logging_mixin.py:188} INFO - [2026-07-07T09:43:57.792+0000] {dag.py:3823} INFO - Setting next_dagrun for tutorial_dag to None, run_after=None
[2026-07-07T09:43:57.834+0000] {processor.py:183} INFO - Processing /home/airflow/.local/lib/python3.8/site-packages/airflow/example_dags/tutorial_dag.py took 0.173 seconds
[2026-07-07T09:44:29.047+0000] {processor.py:161} INFO - Started process (PID=7108) to work on /home/airflow/.local/lib/python3.8/site-packages/airflow/example_dags/tutorial_dag.py
[2026-07-07T09:44:29.069+0000] {processor.py:830} INFO - Processing file /home/airflow/.local/lib/python3.8/site-packages/airflow/example_dags/tutorial_dag.py for tasks to queue
[2026-07-07T09:44:29.082+0000] {logging_mixin.py:188} INFO - [2026-07-07T09:44:29.078+0000] {dagbag.py:538} INFO - Filling up the DagBag from /home/airflow/.local/lib/python3.8/site-packages/airflow/example_dags/tutorial_dag.py
[2026-07-07T09:44:29.173+0000] {processor.py:840} INFO - DAG(s) 'tutorial_dag' retrieved from /home/airflow/.local/lib/python3.8/site-packages/airflow/example_dags/tutorial_dag.py
[2026-07-07T09:44:29.378+0000] {logging_mixin.py:188} INFO - [2026-07-07T09:44:29.377+0000] {dag.py:3036} INFO - Sync 1 DAGs
[2026-07-07T09:44:29.440+0000] {logging_mixin.py:188} INFO - [2026-07-07T09:44:29.440+0000] {dag.py:3823} INFO - Setting next_dagrun for tutorial_dag to None, run_after=None
[2026-07-07T09:44:29.526+0000] {processor.py:183} INFO - Processing /home/airflow/.local/lib/python3.8/site-packages/airflow/example_dags/tutorial_dag.py took 0.555 seconds
[2026-07-07T09:45:00.092+0000] {processor.py:161} INFO - Started process (PID=7175) to work on /home/airflow/.local/lib/python3.8/site-packages/airflow/example_dags/tutorial_dag.py
[2026-07-07T09:45:00.098+0000] {processor.py:830} INFO - Processing file /home/airflow/.local/lib/python3.8/site-packages/airflow/example_dags/tutorial_dag.py for tasks to queue
[2026-07-07T09:45:00.102+0000] {logging_mixin.py:188} INFO - [2026-07-07T09:45:00.100+0000] {dagbag.py:538} INFO - Filling up the DagBag from /home/airflow/.local/lib/python3.8/site-packages/airflow/example_dags/tutorial_dag.py
[2026-07-07T09:45:00.135+0000] {processor.py:840} INFO - DAG(s) 'tutorial_dag' retrieved from /home/airflow/.local/lib/python3.8/site-packages/airflow/example_dags/tutorial_dag.py
[2026-07-07T09:45:00.207+0000] {logging_mixin.py:188} INFO - [2026-07-07T09:45:00.206+0000] {dag.py:3036} INFO - Sync 1 DAGs
[2026-07-07T09:45:00.279+0000] {logging_mixin.py:188} INFO - [2026-07-07T09:45:00.279+0000] {dag.py:3823} INFO - Setting next_dagrun for tutorial_dag to None, run_after=None
[2026-07-07T09:45:00.357+0000] {processor.py:183} INFO - Processing /home/airflow/.local/lib/python3.8/site-packages/airflow/example_dags/tutorial_dag.py took 0.292 seconds
[2026-07-07T09:45:31.080+0000] {processor.py:161} INFO - Started process (PID=7240) to work on /home/airflow/.local/lib/python3.8/site-packages/airflow/example_dags/tutorial_dag.py
[2026-07-07T09:45:31.094+0000] {processor.py:830} INFO - Processing file /home/airflow/.local/lib/python3.8/site-packages/airflow/example_dags/tutorial_dag.py for tasks to queue
[2026-07-07T09:45:31.096+0000] {logging_mixin.py:188} INFO - [2026-07-07T09:45:31.095+0000] {dagbag.py:538} INFO - Filling up the DagBag from /home/airflow/.local/lib/python3.8/site-packages/airflow/example_dags/tutorial_dag.py
[2026-07-07T09:45:31.131+0000] {processor.py:840} INFO - DAG(s) 'tutorial_dag' retrieved from /home/airflow/.local/lib/python3.8/site-packages/airflow/example_dags/tutorial_dag.py
[2026-07-07T09:45:31.214+0000] {logging_mixin.py:188} INFO - [2026-07-07T09:45:31.213+0000] {dag.py:3036} INFO - Sync 1 DAGs
[2026-07-07T09:45:31.264+0000] {logging_mixin.py:188} INFO - [2026-07-07T09:45:31.263+0000] {dag.py:3823} INFO - Setting next_dagrun for tutorial_dag to None, run_after=None
[2026-07-07T09:45:31.347+0000] {processor.py:183} INFO - Processing /home/airflow/.local/lib/python3.8/site-packages/airflow/example_dags/tutorial_dag.py took 0.298 seconds
[2026-07-07T09:46:02.343+0000] {processor.py:161} INFO - Started process (PID=7300) to work on /home/airflow/.local/lib/python3.8/site-packages/airflow/example_dags/tutorial_dag.py
[2026-07-07T09:46:02.351+0000] {processor.py:830} INFO - Processing file /home/airflow/.local/lib/python3.8/site-packages/airflow/example_dags/tutorial_dag.py for tasks to queue
[2026-07-07T09:46:02.355+0000] {logging_mixin.py:188} INFO - [2026-07-07T09:46:02.354+0000] {dagbag.py:538} INFO - Filling up the DagBag from /home/airflow/.local/lib/python3.8/site-packages/airflow/example_dags/tutorial_dag.py
[2026-07-07T09:46:02.380+0000] {processor.py:840} INFO - DAG(s) 'tutorial_dag' retrieved from /home/airflow/.local/lib/python3.8/site-packages/airflow/example_dags/tutorial_dag.py
[2026-07-07T09:46:02.464+0000] {logging_mixin.py:188} INFO - [2026-07-07T09:46:02.464+0000] {dag.py:3036} INFO - Sync 1 DAGs
[2026-07-07T09:46:02.500+0000] {logging_mixin.py:188} INFO - [2026-07-07T09:46:02.499+0000] {dag.py:3823} INFO - Setting next_dagrun for tutorial_dag to None, run_after=None
[2026-07-07T09:46:02.627+0000] {processor.py:183} INFO - Processing /home/airflow/.local/lib/python3.8/site-packages/airflow/example_dags/tutorial_dag.py took 0.316 seconds
[2026-07-07T09:46:33.380+0000] {processor.py:161} INFO - Started process (PID=7367) to work on /home/airflow/.local/lib/python3.8/site-packages/airflow/example_dags/tutorial_dag.py
[2026-07-07T09:46:33.381+0000] {processor.py:830} INFO - Processing file /home/airflow/.local/lib/python3.8/site-packages/airflow/example_dags/tutorial_dag.py for tasks to queue
[2026-07-07T09:46:33.383+0000] {logging_mixin.py:188} INFO - [2026-07-07T09:46:33.383+0000] {dagbag.py:538} INFO - Filling up the DagBag from /home/airflow/.local/lib/python3.8/site-packages/airflow/example_dags/tutorial_dag.py
[2026-07-07T09:46:33.394+0000] {processor.py:840} INFO - DAG(s) 'tutorial_dag' retrieved from /home/airflow/.local/lib/python3.8/site-packages/airflow/example_dags/tutorial_dag.py
[2026-07-07T09:46:33.445+0000] {logging_mixin.py:188} INFO - [2026-07-07T09:46:33.444+0000] {dag.py:3036} INFO - Sync 1 DAGs
[2026-07-07T09:46:33.483+0000] {logging_mixin.py:188} INFO - [2026-07-07T09:46:33.482+0000] {dag.py:3823} INFO - Setting next_dagrun for tutorial_dag to None, run_after=None
[2026-07-07T09:46:33.534+0000] {processor.py:183} INFO - Processing /home/airflow/.local/lib/python3.8/site-packages/airflow/example_dags/tutorial_dag.py took 0.162 seconds
