[2026-07-07T09:09:09.187+0000] {processor.py:161} INFO - Started process (PID=4189) to work on /home/airflow/.local/lib/python3.8/site-packages/airflow/example_dags/tutorial_objectstorage.py
[2026-07-07T09:09:09.194+0000] {processor.py:830} INFO - Processing file /home/airflow/.local/lib/python3.8/site-packages/airflow/example_dags/tutorial_objectstorage.py for tasks to queue
[2026-07-07T09:09:09.196+0000] {logging_mixin.py:188} INFO - [2026-07-07T09:09:09.195+0000] {dagbag.py:538} INFO - Filling up the DagBag from /home/airflow/.local/lib/python3.8/site-packages/airflow/example_dags/tutorial_objectstorage.py
[2026-07-07T09:09:09.261+0000] {processor.py:840} INFO - DAG(s) 'tutorial_objectstorage' retrieved from /home/airflow/.local/lib/python3.8/site-packages/airflow/example_dags/tutorial_objectstorage.py
[2026-07-07T09:09:09.378+0000] {logging_mixin.py:188} INFO - [2026-07-07T09:09:09.377+0000] {dag.py:3036} INFO - Sync 1 DAGs
[2026-07-07T09:09:09.464+0000] {logging_mixin.py:188} INFO - [2026-07-07T09:09:09.463+0000] {dag.py:3823} INFO - Setting next_dagrun for tutorial_objectstorage to None, run_after=None
[2026-07-07T09:09:09.654+0000] {processor.py:183} INFO - Processing /home/airflow/.local/lib/python3.8/site-packages/airflow/example_dags/tutorial_objectstorage.py took 0.481 seconds
[2026-07-07T09:09:40.557+0000] {processor.py:161} INFO - Started process (PID=4250) to work on /home/airflow/.local/lib/python3.8/site-packages/airflow/example_dags/tutorial_objectstorage.py
[2026-07-07T09:09:40.561+0000] {processor.py:830} INFO - Processing file /home/airflow/.local/lib/python3.8/site-packages/airflow/example_dags/tutorial_objectstorage.py for tasks to queue
[2026-07-07T09:09:40.572+0000] {logging_mixin.py:188} INFO - [2026-07-07T09:09:40.567+0000] {dagbag.py:538} INFO - Filling up the DagBag from /home/airflow/.local/lib/python3.8/site-packages/airflow/example_dags/tutorial_objectstorage.py
[2026-07-07T09:09:40.605+0000] {processor.py:840} INFO - DAG(s) 'tutorial_objectstorage' retrieved from /home/airflow/.local/lib/python3.8/site-packages/airflow/example_dags/tutorial_objectstorage.py
[2026-07-07T09:09:40.684+0000] {logging_mixin.py:188} INFO - [2026-07-07T09:09:40.684+0000] {dag.py:3036} INFO - Sync 1 DAGs
[2026-07-07T09:09:40.734+0000] {logging_mixin.py:188} INFO - [2026-07-07T09:09:40.733+0000] {dag.py:3823} INFO - Setting next_dagrun for tutorial_objectstorage to None, run_after=None
[2026-07-07T09:09:40.800+0000] {processor.py:183} INFO - Processing /home/airflow/.local/lib/python3.8/site-packages/airflow/example_dags/tutorial_objectstorage.py took 0.255 seconds
[2026-07-07T09:10:11.098+0000] {processor.py:161} INFO - Started process (PID=4317) to work on /home/airflow/.local/lib/python3.8/site-packages/airflow/example_dags/tutorial_objectstorage.py
[2026-07-07T09:10:11.101+0000] {processor.py:830} INFO - Processing file /home/airflow/.local/lib/python3.8/site-packages/airflow/example_dags/tutorial_objectstorage.py for tasks to queue
[2026-07-07T09:10:11.103+0000] {logging_mixin.py:188} INFO - [2026-07-07T09:10:11.103+0000] {dagbag.py:538} INFO - Filling up the DagBag from /home/airflow/.local/lib/python3.8/site-packages/airflow/example_dags/tutorial_objectstorage.py
[2026-07-07T09:10:11.124+0000] {processor.py:840} INFO - DAG(s) 'tutorial_objectstorage' retrieved from /home/airflow/.local/lib/python3.8/site-packages/airflow/example_dags/tutorial_objectstorage.py
[2026-07-07T09:10:11.180+0000] {logging_mixin.py:188} INFO - [2026-07-07T09:10:11.179+0000] {dag.py:3036} INFO - Sync 1 DAGs
[2026-07-07T09:10:11.216+0000] {logging_mixin.py:188} INFO - [2026-07-07T09:10:11.216+0000] {dag.py:3823} INFO - Setting next_dagrun for tutorial_objectstorage to None, run_after=None
[2026-07-07T09:10:11.262+0000] {processor.py:183} INFO - Processing /home/airflow/.local/lib/python3.8/site-packages/airflow/example_dags/tutorial_objectstorage.py took 0.176 seconds
[2026-07-07T09:10:50.964+0000] {processor.py:161} INFO - Started process (PID=4383) to work on /home/airflow/.local/lib/python3.8/site-packages/airflow/example_dags/tutorial_objectstorage.py
[2026-07-07T09:10:51.008+0000] {processor.py:830} INFO - Processing file /home/airflow/.local/lib/python3.8/site-packages/airflow/example_dags/tutorial_objectstorage.py for tasks to queue
[2026-07-07T09:10:51.025+0000] {logging_mixin.py:188} INFO - [2026-07-07T09:10:51.024+0000] {dagbag.py:538} INFO - Filling up the DagBag from /home/airflow/.local/lib/python3.8/site-packages/airflow/example_dags/tutorial_objectstorage.py
[2026-07-07T09:10:51.924+0000] {processor.py:840} INFO - DAG(s) 'tutorial_objectstorage' retrieved from /home/airflow/.local/lib/python3.8/site-packages/airflow/example_dags/tutorial_objectstorage.py
[2026-07-07T09:10:53.019+0000] {logging_mixin.py:188} INFO - [2026-07-07T09:10:53.018+0000] {dag.py:3036} INFO - Sync 1 DAGs
[2026-07-07T09:10:53.281+0000] {logging_mixin.py:188} INFO - [2026-07-07T09:10:53.280+0000] {dag.py:3823} INFO - Setting next_dagrun for tutorial_objectstorage to None, run_after=None
[2026-07-07T09:10:53.747+0000] {processor.py:183} INFO - Processing /home/airflow/.local/lib/python3.8/site-packages/airflow/example_dags/tutorial_objectstorage.py took 2.994 seconds
[2026-07-07T09:20:26.250+0000] {processor.py:161} INFO - Started process (PID=4651) to work on /home/airflow/.local/lib/python3.8/site-packages/airflow/example_dags/tutorial_objectstorage.py
[2026-07-07T09:20:26.316+0000] {processor.py:830} INFO - Processing file /home/airflow/.local/lib/python3.8/site-packages/airflow/example_dags/tutorial_objectstorage.py for tasks to queue
[2026-07-07T09:20:26.318+0000] {logging_mixin.py:188} INFO - [2026-07-07T09:20:26.317+0000] {dagbag.py:538} INFO - Filling up the DagBag from /home/airflow/.local/lib/python3.8/site-packages/airflow/example_dags/tutorial_objectstorage.py
[2026-07-07T09:20:26.651+0000] {processor.py:840} INFO - DAG(s) 'tutorial_objectstorage' retrieved from /home/airflow/.local/lib/python3.8/site-packages/airflow/example_dags/tutorial_objectstorage.py
[2026-07-07T09:20:26.857+0000] {logging_mixin.py:188} INFO - [2026-07-07T09:20:26.856+0000] {dag.py:3036} INFO - Sync 1 DAGs
[2026-07-07T09:20:27.098+0000] {logging_mixin.py:188} INFO - [2026-07-07T09:20:27.097+0000] {dag.py:3823} INFO - Setting next_dagrun for tutorial_objectstorage to None, run_after=None
[2026-07-07T09:20:28.691+0000] {processor.py:183} INFO - Processing /home/airflow/.local/lib/python3.8/site-packages/airflow/example_dags/tutorial_objectstorage.py took 2.891 seconds
[2026-07-07T09:25:32.539+0000] {processor.py:161} INFO - Started process (PID=4839) to work on /home/airflow/.local/lib/python3.8/site-packages/airflow/example_dags/tutorial_objectstorage.py
[2026-07-07T09:25:34.090+0000] {processor.py:830} INFO - Processing file /home/airflow/.local/lib/python3.8/site-packages/airflow/example_dags/tutorial_objectstorage.py for tasks to queue
[2026-07-07T09:25:34.496+0000] {logging_mixin.py:188} INFO - [2026-07-07T09:25:34.246+0000] {dagbag.py:538} INFO - Filling up the DagBag from /home/airflow/.local/lib/python3.8/site-packages/airflow/example_dags/tutorial_objectstorage.py
[2026-07-07T09:25:35.556+0000] {processor.py:840} INFO - DAG(s) 'tutorial_objectstorage' retrieved from /home/airflow/.local/lib/python3.8/site-packages/airflow/example_dags/tutorial_objectstorage.py
[2026-07-07T09:25:35.838+0000] {logging_mixin.py:188} INFO - [2026-07-07T09:25:35.837+0000] {dag.py:3036} INFO - Sync 1 DAGs
[2026-07-07T09:25:36.066+0000] {logging_mixin.py:188} INFO - [2026-07-07T09:25:36.065+0000] {dag.py:3823} INFO - Setting next_dagrun for tutorial_objectstorage to None, run_after=None
[2026-07-07T09:25:36.401+0000] {processor.py:183} INFO - Processing /home/airflow/.local/lib/python3.8/site-packages/airflow/example_dags/tutorial_objectstorage.py took 4.008 seconds
[2026-07-07T09:26:35.711+0000] {processor.py:161} INFO - Started process (PID=4914) to work on /home/airflow/.local/lib/python3.8/site-packages/airflow/example_dags/tutorial_objectstorage.py
[2026-07-07T09:26:35.716+0000] {processor.py:830} INFO - Processing file /home/airflow/.local/lib/python3.8/site-packages/airflow/example_dags/tutorial_objectstorage.py for tasks to queue
[2026-07-07T09:26:35.719+0000] {logging_mixin.py:188} INFO - [2026-07-07T09:26:35.718+0000] {dagbag.py:538} INFO - Filling up the DagBag from /home/airflow/.local/lib/python3.8/site-packages/airflow/example_dags/tutorial_objectstorage.py
[2026-07-07T09:26:35.752+0000] {processor.py:840} INFO - DAG(s) 'tutorial_objectstorage' retrieved from /home/airflow/.local/lib/python3.8/site-packages/airflow/example_dags/tutorial_objectstorage.py
[2026-07-07T09:26:35.843+0000] {logging_mixin.py:188} INFO - [2026-07-07T09:26:35.843+0000] {dag.py:3036} INFO - Sync 1 DAGs
[2026-07-07T09:26:35.891+0000] {logging_mixin.py:188} INFO - [2026-07-07T09:26:35.891+0000] {dag.py:3823} INFO - Setting next_dagrun for tutorial_objectstorage to None, run_after=None
[2026-07-07T09:26:36.002+0000] {processor.py:183} INFO - Processing /home/airflow/.local/lib/python3.8/site-packages/airflow/example_dags/tutorial_objectstorage.py took 0.301 seconds
[2026-07-07T09:27:09.587+0000] {processor.py:161} INFO - Started process (PID=4981) to work on /home/airflow/.local/lib/python3.8/site-packages/airflow/example_dags/tutorial_objectstorage.py
[2026-07-07T09:27:09.602+0000] {processor.py:830} INFO - Processing file /home/airflow/.local/lib/python3.8/site-packages/airflow/example_dags/tutorial_objectstorage.py for tasks to queue
[2026-07-07T09:27:09.605+0000] {logging_mixin.py:188} INFO - [2026-07-07T09:27:09.604+0000] {dagbag.py:538} INFO - Filling up the DagBag from /home/airflow/.local/lib/python3.8/site-packages/airflow/example_dags/tutorial_objectstorage.py
[2026-07-07T09:27:09.686+0000] {processor.py:840} INFO - DAG(s) 'tutorial_objectstorage' retrieved from /home/airflow/.local/lib/python3.8/site-packages/airflow/example_dags/tutorial_objectstorage.py
[2026-07-07T09:27:09.767+0000] {logging_mixin.py:188} INFO - [2026-07-07T09:27:09.767+0000] {dag.py:3036} INFO - Sync 1 DAGs
[2026-07-07T09:27:09.810+0000] {logging_mixin.py:188} INFO - [2026-07-07T09:27:09.810+0000] {dag.py:3823} INFO - Setting next_dagrun for tutorial_objectstorage to None, run_after=None
[2026-07-07T09:27:09.964+0000] {processor.py:183} INFO - Processing /home/airflow/.local/lib/python3.8/site-packages/airflow/example_dags/tutorial_objectstorage.py took 0.435 seconds
[2026-07-07T09:27:40.201+0000] {processor.py:161} INFO - Started process (PID=5047) to work on /home/airflow/.local/lib/python3.8/site-packages/airflow/example_dags/tutorial_objectstorage.py
[2026-07-07T09:27:40.210+0000] {processor.py:830} INFO - Processing file /home/airflow/.local/lib/python3.8/site-packages/airflow/example_dags/tutorial_objectstorage.py for tasks to queue
[2026-07-07T09:27:40.219+0000] {logging_mixin.py:188} INFO - [2026-07-07T09:27:40.218+0000] {dagbag.py:538} INFO - Filling up the DagBag from /home/airflow/.local/lib/python3.8/site-packages/airflow/example_dags/tutorial_objectstorage.py
[2026-07-07T09:27:40.240+0000] {processor.py:840} INFO - DAG(s) 'tutorial_objectstorage' retrieved from /home/airflow/.local/lib/python3.8/site-packages/airflow/example_dags/tutorial_objectstorage.py
[2026-07-07T09:27:40.326+0000] {logging_mixin.py:188} INFO - [2026-07-07T09:27:40.326+0000] {dag.py:3036} INFO - Sync 1 DAGs
[2026-07-07T09:27:40.377+0000] {logging_mixin.py:188} INFO - [2026-07-07T09:27:40.376+0000] {dag.py:3823} INFO - Setting next_dagrun for tutorial_objectstorage to None, run_after=None
[2026-07-07T09:27:40.496+0000] {processor.py:183} INFO - Processing /home/airflow/.local/lib/python3.8/site-packages/airflow/example_dags/tutorial_objectstorage.py took 0.308 seconds
[2026-07-07T09:28:15.665+0000] {processor.py:161} INFO - Started process (PID=5107) to work on /home/airflow/.local/lib/python3.8/site-packages/airflow/example_dags/tutorial_objectstorage.py
[2026-07-07T09:28:15.701+0000] {processor.py:830} INFO - Processing file /home/airflow/.local/lib/python3.8/site-packages/airflow/example_dags/tutorial_objectstorage.py for tasks to queue
[2026-07-07T09:28:15.717+0000] {logging_mixin.py:188} INFO - [2026-07-07T09:28:15.703+0000] {dagbag.py:538} INFO - Filling up the DagBag from /home/airflow/.local/lib/python3.8/site-packages/airflow/example_dags/tutorial_objectstorage.py
[2026-07-07T09:28:15.814+0000] {processor.py:840} INFO - DAG(s) 'tutorial_objectstorage' retrieved from /home/airflow/.local/lib/python3.8/site-packages/airflow/example_dags/tutorial_objectstorage.py
[2026-07-07T09:28:16.001+0000] {logging_mixin.py:188} INFO - [2026-07-07T09:28:15.991+0000] {dag.py:3036} INFO - Sync 1 DAGs
[2026-07-07T09:28:16.076+0000] {logging_mixin.py:188} INFO - [2026-07-07T09:28:16.076+0000] {dag.py:3823} INFO - Setting next_dagrun for tutorial_objectstorage to None, run_after=None
[2026-07-07T09:28:16.323+0000] {processor.py:183} INFO - Processing /home/airflow/.local/lib/python3.8/site-packages/airflow/example_dags/tutorial_objectstorage.py took 0.710 seconds
[2026-07-07T09:28:50.515+0000] {processor.py:161} INFO - Started process (PID=5175) to work on /home/airflow/.local/lib/python3.8/site-packages/airflow/example_dags/tutorial_objectstorage.py
[2026-07-07T09:28:50.528+0000] {processor.py:830} INFO - Processing file /home/airflow/.local/lib/python3.8/site-packages/airflow/example_dags/tutorial_objectstorage.py for tasks to queue
[2026-07-07T09:28:50.531+0000] {logging_mixin.py:188} INFO - [2026-07-07T09:28:50.530+0000] {dagbag.py:538} INFO - Filling up the DagBag from /home/airflow/.local/lib/python3.8/site-packages/airflow/example_dags/tutorial_objectstorage.py
[2026-07-07T09:28:50.587+0000] {processor.py:840} INFO - DAG(s) 'tutorial_objectstorage' retrieved from /home/airflow/.local/lib/python3.8/site-packages/airflow/example_dags/tutorial_objectstorage.py
[2026-07-07T09:28:50.683+0000] {logging_mixin.py:188} INFO - [2026-07-07T09:28:50.682+0000] {dag.py:3036} INFO - Sync 1 DAGs
[2026-07-07T09:28:50.737+0000] {logging_mixin.py:188} INFO - [2026-07-07T09:28:50.736+0000] {dag.py:3823} INFO - Setting next_dagrun for tutorial_objectstorage to None, run_after=None
[2026-07-07T09:28:50.949+0000] {processor.py:183} INFO - Processing /home/airflow/.local/lib/python3.8/site-packages/airflow/example_dags/tutorial_objectstorage.py took 0.458 seconds
[2026-07-07T09:29:21.836+0000] {processor.py:161} INFO - Started process (PID=5242) to work on /home/airflow/.local/lib/python3.8/site-packages/airflow/example_dags/tutorial_objectstorage.py
[2026-07-07T09:29:21.845+0000] {processor.py:830} INFO - Processing file /home/airflow/.local/lib/python3.8/site-packages/airflow/example_dags/tutorial_objectstorage.py for tasks to queue
[2026-07-07T09:29:21.847+0000] {logging_mixin.py:188} INFO - [2026-07-07T09:29:21.846+0000] {dagbag.py:538} INFO - Filling up the DagBag from /home/airflow/.local/lib/python3.8/site-packages/airflow/example_dags/tutorial_objectstorage.py
[2026-07-07T09:29:21.876+0000] {processor.py:840} INFO - DAG(s) 'tutorial_objectstorage' retrieved from /home/airflow/.local/lib/python3.8/site-packages/airflow/example_dags/tutorial_objectstorage.py
[2026-07-07T09:29:21.944+0000] {logging_mixin.py:188} INFO - [2026-07-07T09:29:21.942+0000] {dag.py:3036} INFO - Sync 1 DAGs
[2026-07-07T09:29:21.988+0000] {logging_mixin.py:188} INFO - [2026-07-07T09:29:21.988+0000] {dag.py:3823} INFO - Setting next_dagrun for tutorial_objectstorage to None, run_after=None
[2026-07-07T09:29:22.062+0000] {processor.py:183} INFO - Processing /home/airflow/.local/lib/python3.8/site-packages/airflow/example_dags/tutorial_objectstorage.py took 0.240 seconds
[2026-07-07T09:29:54.259+0000] {processor.py:161} INFO - Started process (PID=5303) to work on /home/airflow/.local/lib/python3.8/site-packages/airflow/example_dags/tutorial_objectstorage.py
[2026-07-07T09:29:54.274+0000] {processor.py:830} INFO - Processing file /home/airflow/.local/lib/python3.8/site-packages/airflow/example_dags/tutorial_objectstorage.py for tasks to queue
[2026-07-07T09:29:54.278+0000] {logging_mixin.py:188} INFO - [2026-07-07T09:29:54.277+0000] {dagbag.py:538} INFO - Filling up the DagBag from /home/airflow/.local/lib/python3.8/site-packages/airflow/example_dags/tutorial_objectstorage.py
[2026-07-07T09:29:54.382+0000] {processor.py:840} INFO - DAG(s) 'tutorial_objectstorage' retrieved from /home/airflow/.local/lib/python3.8/site-packages/airflow/example_dags/tutorial_objectstorage.py
[2026-07-07T09:29:54.470+0000] {logging_mixin.py:188} INFO - [2026-07-07T09:29:54.470+0000] {dag.py:3036} INFO - Sync 1 DAGs
[2026-07-07T09:29:54.547+0000] {logging_mixin.py:188} INFO - [2026-07-07T09:29:54.546+0000] {dag.py:3823} INFO - Setting next_dagrun for tutorial_objectstorage to None, run_after=None
[2026-07-07T09:29:54.662+0000] {processor.py:183} INFO - Processing /home/airflow/.local/lib/python3.8/site-packages/airflow/example_dags/tutorial_objectstorage.py took 0.425 seconds
[2026-07-07T09:30:25.990+0000] {processor.py:161} INFO - Started process (PID=5372) to work on /home/airflow/.local/lib/python3.8/site-packages/airflow/example_dags/tutorial_objectstorage.py
[2026-07-07T09:30:25.999+0000] {processor.py:830} INFO - Processing file /home/airflow/.local/lib/python3.8/site-packages/airflow/example_dags/tutorial_objectstorage.py for tasks to queue
[2026-07-07T09:30:26.003+0000] {logging_mixin.py:188} INFO - [2026-07-07T09:30:26.002+0000] {dagbag.py:538} INFO - Filling up the DagBag from /home/airflow/.local/lib/python3.8/site-packages/airflow/example_dags/tutorial_objectstorage.py
[2026-07-07T09:30:26.047+0000] {processor.py:840} INFO - DAG(s) 'tutorial_objectstorage' retrieved from /home/airflow/.local/lib/python3.8/site-packages/airflow/example_dags/tutorial_objectstorage.py
[2026-07-07T09:30:26.139+0000] {logging_mixin.py:188} INFO - [2026-07-07T09:30:26.138+0000] {dag.py:3036} INFO - Sync 1 DAGs
[2026-07-07T09:30:26.204+0000] {logging_mixin.py:188} INFO - [2026-07-07T09:30:26.203+0000] {dag.py:3823} INFO - Setting next_dagrun for tutorial_objectstorage to None, run_after=None
[2026-07-07T09:30:26.295+0000] {processor.py:183} INFO - Processing /home/airflow/.local/lib/python3.8/site-packages/airflow/example_dags/tutorial_objectstorage.py took 0.316 seconds
[2026-07-07T09:31:14.428+0000] {processor.py:161} INFO - Started process (PID=5447) to work on /home/airflow/.local/lib/python3.8/site-packages/airflow/example_dags/tutorial_objectstorage.py
[2026-07-07T09:31:14.443+0000] {processor.py:830} INFO - Processing file /home/airflow/.local/lib/python3.8/site-packages/airflow/example_dags/tutorial_objectstorage.py for tasks to queue
[2026-07-07T09:31:14.445+0000] {logging_mixin.py:188} INFO - [2026-07-07T09:31:14.445+0000] {dagbag.py:538} INFO - Filling up the DagBag from /home/airflow/.local/lib/python3.8/site-packages/airflow/example_dags/tutorial_objectstorage.py
[2026-07-07T09:31:14.525+0000] {processor.py:840} INFO - DAG(s) 'tutorial_objectstorage' retrieved from /home/airflow/.local/lib/python3.8/site-packages/airflow/example_dags/tutorial_objectstorage.py
[2026-07-07T09:31:14.776+0000] {logging_mixin.py:188} INFO - [2026-07-07T09:31:14.775+0000] {dag.py:3036} INFO - Sync 1 DAGs
[2026-07-07T09:31:14.862+0000] {logging_mixin.py:188} INFO - [2026-07-07T09:31:14.857+0000] {dag.py:3823} INFO - Setting next_dagrun for tutorial_objectstorage to None, run_after=None
[2026-07-07T09:31:15.045+0000] {processor.py:183} INFO - Processing /home/airflow/.local/lib/python3.8/site-packages/airflow/example_dags/tutorial_objectstorage.py took 0.683 seconds
[2026-07-07T09:31:49.199+0000] {processor.py:161} INFO - Started process (PID=5512) to work on /home/airflow/.local/lib/python3.8/site-packages/airflow/example_dags/tutorial_objectstorage.py
[2026-07-07T09:31:49.203+0000] {processor.py:830} INFO - Processing file /home/airflow/.local/lib/python3.8/site-packages/airflow/example_dags/tutorial_objectstorage.py for tasks to queue
[2026-07-07T09:31:49.218+0000] {logging_mixin.py:188} INFO - [2026-07-07T09:31:49.205+0000] {dagbag.py:538} INFO - Filling up the DagBag from /home/airflow/.local/lib/python3.8/site-packages/airflow/example_dags/tutorial_objectstorage.py
[2026-07-07T09:31:49.299+0000] {processor.py:840} INFO - DAG(s) 'tutorial_objectstorage' retrieved from /home/airflow/.local/lib/python3.8/site-packages/airflow/example_dags/tutorial_objectstorage.py
[2026-07-07T09:31:49.431+0000] {logging_mixin.py:188} INFO - [2026-07-07T09:31:49.430+0000] {dag.py:3036} INFO - Sync 1 DAGs
[2026-07-07T09:31:49.500+0000] {logging_mixin.py:188} INFO - [2026-07-07T09:31:49.499+0000] {dag.py:3823} INFO - Setting next_dagrun for tutorial_objectstorage to None, run_after=None
[2026-07-07T09:31:49.697+0000] {processor.py:183} INFO - Processing /home/airflow/.local/lib/python3.8/site-packages/airflow/example_dags/tutorial_objectstorage.py took 0.531 seconds
[2026-07-07T09:32:20.194+0000] {processor.py:161} INFO - Started process (PID=5571) to work on /home/airflow/.local/lib/python3.8/site-packages/airflow/example_dags/tutorial_objectstorage.py
[2026-07-07T09:32:20.202+0000] {processor.py:830} INFO - Processing file /home/airflow/.local/lib/python3.8/site-packages/airflow/example_dags/tutorial_objectstorage.py for tasks to queue
[2026-07-07T09:32:20.204+0000] {logging_mixin.py:188} INFO - [2026-07-07T09:32:20.203+0000] {dagbag.py:538} INFO - Filling up the DagBag from /home/airflow/.local/lib/python3.8/site-packages/airflow/example_dags/tutorial_objectstorage.py
[2026-07-07T09:32:20.227+0000] {processor.py:840} INFO - DAG(s) 'tutorial_objectstorage' retrieved from /home/airflow/.local/lib/python3.8/site-packages/airflow/example_dags/tutorial_objectstorage.py
[2026-07-07T09:32:20.282+0000] {logging_mixin.py:188} INFO - [2026-07-07T09:32:20.282+0000] {dag.py:3036} INFO - Sync 1 DAGs
[2026-07-07T09:32:20.313+0000] {logging_mixin.py:188} INFO - [2026-07-07T09:32:20.313+0000] {dag.py:3823} INFO - Setting next_dagrun for tutorial_objectstorage to None, run_after=None
[2026-07-07T09:32:20.367+0000] {processor.py:183} INFO - Processing /home/airflow/.local/lib/python3.8/site-packages/airflow/example_dags/tutorial_objectstorage.py took 0.181 seconds
[2026-07-07T09:32:51.109+0000] {processor.py:161} INFO - Started process (PID=5639) to work on /home/airflow/.local/lib/python3.8/site-packages/airflow/example_dags/tutorial_objectstorage.py
[2026-07-07T09:32:51.129+0000] {processor.py:830} INFO - Processing file /home/airflow/.local/lib/python3.8/site-packages/airflow/example_dags/tutorial_objectstorage.py for tasks to queue
[2026-07-07T09:32:51.133+0000] {logging_mixin.py:188} INFO - [2026-07-07T09:32:51.132+0000] {dagbag.py:538} INFO - Filling up the DagBag from /home/airflow/.local/lib/python3.8/site-packages/airflow/example_dags/tutorial_objectstorage.py
[2026-07-07T09:32:51.198+0000] {processor.py:840} INFO - DAG(s) 'tutorial_objectstorage' retrieved from /home/airflow/.local/lib/python3.8/site-packages/airflow/example_dags/tutorial_objectstorage.py
[2026-07-07T09:32:51.325+0000] {logging_mixin.py:188} INFO - [2026-07-07T09:32:51.325+0000] {dag.py:3036} INFO - Sync 1 DAGs
[2026-07-07T09:32:51.436+0000] {logging_mixin.py:188} INFO - [2026-07-07T09:32:51.435+0000] {dag.py:3823} INFO - Setting next_dagrun for tutorial_objectstorage to None, run_after=None
[2026-07-07T09:32:51.702+0000] {processor.py:183} INFO - Processing /home/airflow/.local/lib/python3.8/site-packages/airflow/example_dags/tutorial_objectstorage.py took 0.613 seconds
[2026-07-07T09:33:21.980+0000] {processor.py:161} INFO - Started process (PID=5696) to work on /home/airflow/.local/lib/python3.8/site-packages/airflow/example_dags/tutorial_objectstorage.py
[2026-07-07T09:33:21.987+0000] {processor.py:830} INFO - Processing file /home/airflow/.local/lib/python3.8/site-packages/airflow/example_dags/tutorial_objectstorage.py for tasks to queue
[2026-07-07T09:33:21.991+0000] {logging_mixin.py:188} INFO - [2026-07-07T09:33:21.990+0000] {dagbag.py:538} INFO - Filling up the DagBag from /home/airflow/.local/lib/python3.8/site-packages/airflow/example_dags/tutorial_objectstorage.py
[2026-07-07T09:33:22.015+0000] {processor.py:840} INFO - DAG(s) 'tutorial_objectstorage' retrieved from /home/airflow/.local/lib/python3.8/site-packages/airflow/example_dags/tutorial_objectstorage.py
[2026-07-07T09:33:22.080+0000] {logging_mixin.py:188} INFO - [2026-07-07T09:33:22.080+0000] {dag.py:3036} INFO - Sync 1 DAGs
[2026-07-07T09:33:22.104+0000] {logging_mixin.py:188} INFO - [2026-07-07T09:33:22.103+0000] {dag.py:3823} INFO - Setting next_dagrun for tutorial_objectstorage to None, run_after=None
[2026-07-07T09:33:22.150+0000] {processor.py:183} INFO - Processing /home/airflow/.local/lib/python3.8/site-packages/airflow/example_dags/tutorial_objectstorage.py took 0.192 seconds
[2026-07-07T09:33:52.219+0000] {processor.py:161} INFO - Started process (PID=5764) to work on /home/airflow/.local/lib/python3.8/site-packages/airflow/example_dags/tutorial_objectstorage.py
[2026-07-07T09:33:52.221+0000] {processor.py:830} INFO - Processing file /home/airflow/.local/lib/python3.8/site-packages/airflow/example_dags/tutorial_objectstorage.py for tasks to queue
[2026-07-07T09:33:52.223+0000] {logging_mixin.py:188} INFO - [2026-07-07T09:33:52.222+0000] {dagbag.py:538} INFO - Filling up the DagBag from /home/airflow/.local/lib/python3.8/site-packages/airflow/example_dags/tutorial_objectstorage.py
[2026-07-07T09:33:52.238+0000] {processor.py:840} INFO - DAG(s) 'tutorial_objectstorage' retrieved from /home/airflow/.local/lib/python3.8/site-packages/airflow/example_dags/tutorial_objectstorage.py
[2026-07-07T09:33:52.276+0000] {logging_mixin.py:188} INFO - [2026-07-07T09:33:52.276+0000] {dag.py:3036} INFO - Sync 1 DAGs
[2026-07-07T09:33:52.299+0000] {logging_mixin.py:188} INFO - [2026-07-07T09:33:52.299+0000] {dag.py:3823} INFO - Setting next_dagrun for tutorial_objectstorage to None, run_after=None
[2026-07-07T09:33:52.339+0000] {processor.py:183} INFO - Processing /home/airflow/.local/lib/python3.8/site-packages/airflow/example_dags/tutorial_objectstorage.py took 0.126 seconds
[2026-07-07T09:34:23.198+0000] {processor.py:161} INFO - Started process (PID=5831) to work on /home/airflow/.local/lib/python3.8/site-packages/airflow/example_dags/tutorial_objectstorage.py
[2026-07-07T09:34:23.200+0000] {processor.py:830} INFO - Processing file /home/airflow/.local/lib/python3.8/site-packages/airflow/example_dags/tutorial_objectstorage.py for tasks to queue
[2026-07-07T09:34:23.202+0000] {logging_mixin.py:188} INFO - [2026-07-07T09:34:23.201+0000] {dagbag.py:538} INFO - Filling up the DagBag from /home/airflow/.local/lib/python3.8/site-packages/airflow/example_dags/tutorial_objectstorage.py
[2026-07-07T09:34:23.216+0000] {processor.py:840} INFO - DAG(s) 'tutorial_objectstorage' retrieved from /home/airflow/.local/lib/python3.8/site-packages/airflow/example_dags/tutorial_objectstorage.py
[2026-07-07T09:34:23.251+0000] {logging_mixin.py:188} INFO - [2026-07-07T09:34:23.251+0000] {dag.py:3036} INFO - Sync 1 DAGs
[2026-07-07T09:34:23.273+0000] {logging_mixin.py:188} INFO - [2026-07-07T09:34:23.273+0000] {dag.py:3823} INFO - Setting next_dagrun for tutorial_objectstorage to None, run_after=None
[2026-07-07T09:34:23.313+0000] {processor.py:183} INFO - Processing /home/airflow/.local/lib/python3.8/site-packages/airflow/example_dags/tutorial_objectstorage.py took 0.123 seconds
[2026-07-07T09:34:53.937+0000] {processor.py:161} INFO - Started process (PID=5898) to work on /home/airflow/.local/lib/python3.8/site-packages/airflow/example_dags/tutorial_objectstorage.py
[2026-07-07T09:34:53.963+0000] {processor.py:830} INFO - Processing file /home/airflow/.local/lib/python3.8/site-packages/airflow/example_dags/tutorial_objectstorage.py for tasks to queue
[2026-07-07T09:34:53.972+0000] {logging_mixin.py:188} INFO - [2026-07-07T09:34:53.969+0000] {dagbag.py:538} INFO - Filling up the DagBag from /home/airflow/.local/lib/python3.8/site-packages/airflow/example_dags/tutorial_objectstorage.py
[2026-07-07T09:34:54.009+0000] {processor.py:840} INFO - DAG(s) 'tutorial_objectstorage' retrieved from /home/airflow/.local/lib/python3.8/site-packages/airflow/example_dags/tutorial_objectstorage.py
[2026-07-07T09:34:54.109+0000] {logging_mixin.py:188} INFO - [2026-07-07T09:34:54.107+0000] {dag.py:3036} INFO - Sync 1 DAGs
[2026-07-07T09:34:54.165+0000] {logging_mixin.py:188} INFO - [2026-07-07T09:34:54.164+0000] {dag.py:3823} INFO - Setting next_dagrun for tutorial_objectstorage to None, run_after=None
[2026-07-07T09:34:54.262+0000] {processor.py:183} INFO - Processing /home/airflow/.local/lib/python3.8/site-packages/airflow/example_dags/tutorial_objectstorage.py took 0.362 seconds
[2026-07-07T09:35:25.082+0000] {processor.py:161} INFO - Started process (PID=5957) to work on /home/airflow/.local/lib/python3.8/site-packages/airflow/example_dags/tutorial_objectstorage.py
[2026-07-07T09:35:25.084+0000] {processor.py:830} INFO - Processing file /home/airflow/.local/lib/python3.8/site-packages/airflow/example_dags/tutorial_objectstorage.py for tasks to queue
[2026-07-07T09:35:25.092+0000] {logging_mixin.py:188} INFO - [2026-07-07T09:35:25.091+0000] {dagbag.py:538} INFO - Filling up the DagBag from /home/airflow/.local/lib/python3.8/site-packages/airflow/example_dags/tutorial_objectstorage.py
[2026-07-07T09:35:25.111+0000] {processor.py:840} INFO - DAG(s) 'tutorial_objectstorage' retrieved from /home/airflow/.local/lib/python3.8/site-packages/airflow/example_dags/tutorial_objectstorage.py
[2026-07-07T09:35:25.176+0000] {logging_mixin.py:188} INFO - [2026-07-07T09:35:25.175+0000] {dag.py:3036} INFO - Sync 1 DAGs
[2026-07-07T09:35:25.224+0000] {logging_mixin.py:188} INFO - [2026-07-07T09:35:25.224+0000] {dag.py:3823} INFO - Setting next_dagrun for tutorial_objectstorage to None, run_after=None
[2026-07-07T09:35:25.286+0000] {processor.py:183} INFO - Processing /home/airflow/.local/lib/python3.8/site-packages/airflow/example_dags/tutorial_objectstorage.py took 0.220 seconds
[2026-07-07T09:35:56.985+0000] {processor.py:161} INFO - Started process (PID=6030) to work on /home/airflow/.local/lib/python3.8/site-packages/airflow/example_dags/tutorial_objectstorage.py
[2026-07-07T09:35:56.989+0000] {processor.py:830} INFO - Processing file /home/airflow/.local/lib/python3.8/site-packages/airflow/example_dags/tutorial_objectstorage.py for tasks to queue
[2026-07-07T09:35:56.991+0000] {logging_mixin.py:188} INFO - [2026-07-07T09:35:56.990+0000] {dagbag.py:538} INFO - Filling up the DagBag from /home/airflow/.local/lib/python3.8/site-packages/airflow/example_dags/tutorial_objectstorage.py
[2026-07-07T09:35:57.031+0000] {processor.py:840} INFO - DAG(s) 'tutorial_objectstorage' retrieved from /home/airflow/.local/lib/python3.8/site-packages/airflow/example_dags/tutorial_objectstorage.py
[2026-07-07T09:35:57.112+0000] {logging_mixin.py:188} INFO - [2026-07-07T09:35:57.112+0000] {dag.py:3036} INFO - Sync 1 DAGs
[2026-07-07T09:35:57.153+0000] {logging_mixin.py:188} INFO - [2026-07-07T09:35:57.152+0000] {dag.py:3823} INFO - Setting next_dagrun for tutorial_objectstorage to None, run_after=None
[2026-07-07T09:35:57.239+0000] {processor.py:183} INFO - Processing /home/airflow/.local/lib/python3.8/site-packages/airflow/example_dags/tutorial_objectstorage.py took 0.266 seconds
[2026-07-07T09:36:30.814+0000] {processor.py:161} INFO - Started process (PID=6102) to work on /home/airflow/.local/lib/python3.8/site-packages/airflow/example_dags/tutorial_objectstorage.py
[2026-07-07T09:36:30.817+0000] {processor.py:830} INFO - Processing file /home/airflow/.local/lib/python3.8/site-packages/airflow/example_dags/tutorial_objectstorage.py for tasks to queue
[2026-07-07T09:36:30.820+0000] {logging_mixin.py:188} INFO - [2026-07-07T09:36:30.819+0000] {dagbag.py:538} INFO - Filling up the DagBag from /home/airflow/.local/lib/python3.8/site-packages/airflow/example_dags/tutorial_objectstorage.py
[2026-07-07T09:36:30.849+0000] {processor.py:840} INFO - DAG(s) 'tutorial_objectstorage' retrieved from /home/airflow/.local/lib/python3.8/site-packages/airflow/example_dags/tutorial_objectstorage.py
[2026-07-07T09:36:30.902+0000] {logging_mixin.py:188} INFO - [2026-07-07T09:36:30.901+0000] {dag.py:3036} INFO - Sync 1 DAGs
[2026-07-07T09:36:30.935+0000] {logging_mixin.py:188} INFO - [2026-07-07T09:36:30.934+0000] {dag.py:3823} INFO - Setting next_dagrun for tutorial_objectstorage to None, run_after=None
[2026-07-07T09:36:31.028+0000] {processor.py:183} INFO - Processing /home/airflow/.local/lib/python3.8/site-packages/airflow/example_dags/tutorial_objectstorage.py took 0.228 seconds
[2026-07-07T09:37:02.478+0000] {processor.py:161} INFO - Started process (PID=6161) to work on /home/airflow/.local/lib/python3.8/site-packages/airflow/example_dags/tutorial_objectstorage.py
[2026-07-07T09:37:02.481+0000] {processor.py:830} INFO - Processing file /home/airflow/.local/lib/python3.8/site-packages/airflow/example_dags/tutorial_objectstorage.py for tasks to queue
[2026-07-07T09:37:02.484+0000] {logging_mixin.py:188} INFO - [2026-07-07T09:37:02.483+0000] {dagbag.py:538} INFO - Filling up the DagBag from /home/airflow/.local/lib/python3.8/site-packages/airflow/example_dags/tutorial_objectstorage.py
[2026-07-07T09:37:02.528+0000] {processor.py:840} INFO - DAG(s) 'tutorial_objectstorage' retrieved from /home/airflow/.local/lib/python3.8/site-packages/airflow/example_dags/tutorial_objectstorage.py
[2026-07-07T09:37:02.627+0000] {logging_mixin.py:188} INFO - [2026-07-07T09:37:02.626+0000] {dag.py:3036} INFO - Sync 1 DAGs
[2026-07-07T09:37:02.682+0000] {logging_mixin.py:188} INFO - [2026-07-07T09:37:02.682+0000] {dag.py:3823} INFO - Setting next_dagrun for tutorial_objectstorage to None, run_after=None
[2026-07-07T09:37:02.788+0000] {processor.py:183} INFO - Processing /home/airflow/.local/lib/python3.8/site-packages/airflow/example_dags/tutorial_objectstorage.py took 0.322 seconds
[2026-07-07T09:37:34.356+0000] {processor.py:161} INFO - Started process (PID=6227) to work on /home/airflow/.local/lib/python3.8/site-packages/airflow/example_dags/tutorial_objectstorage.py
[2026-07-07T09:37:34.359+0000] {processor.py:830} INFO - Processing file /home/airflow/.local/lib/python3.8/site-packages/airflow/example_dags/tutorial_objectstorage.py for tasks to queue
[2026-07-07T09:37:34.362+0000] {logging_mixin.py:188} INFO - [2026-07-07T09:37:34.361+0000] {dagbag.py:538} INFO - Filling up the DagBag from /home/airflow/.local/lib/python3.8/site-packages/airflow/example_dags/tutorial_objectstorage.py
[2026-07-07T09:37:34.384+0000] {processor.py:840} INFO - DAG(s) 'tutorial_objectstorage' retrieved from /home/airflow/.local/lib/python3.8/site-packages/airflow/example_dags/tutorial_objectstorage.py
[2026-07-07T09:37:34.466+0000] {logging_mixin.py:188} INFO - [2026-07-07T09:37:34.465+0000] {dag.py:3036} INFO - Sync 1 DAGs
[2026-07-07T09:37:34.553+0000] {logging_mixin.py:188} INFO - [2026-07-07T09:37:34.551+0000] {dag.py:3823} INFO - Setting next_dagrun for tutorial_objectstorage to None, run_after=None
[2026-07-07T09:37:34.621+0000] {processor.py:183} INFO - Processing /home/airflow/.local/lib/python3.8/site-packages/airflow/example_dags/tutorial_objectstorage.py took 0.275 seconds
[2026-07-07T09:38:06.932+0000] {processor.py:161} INFO - Started process (PID=6295) to work on /home/airflow/.local/lib/python3.8/site-packages/airflow/example_dags/tutorial_objectstorage.py
[2026-07-07T09:38:06.934+0000] {processor.py:830} INFO - Processing file /home/airflow/.local/lib/python3.8/site-packages/airflow/example_dags/tutorial_objectstorage.py for tasks to queue
[2026-07-07T09:38:06.936+0000] {logging_mixin.py:188} INFO - [2026-07-07T09:38:06.936+0000] {dagbag.py:538} INFO - Filling up the DagBag from /home/airflow/.local/lib/python3.8/site-packages/airflow/example_dags/tutorial_objectstorage.py
[2026-07-07T09:38:06.958+0000] {processor.py:840} INFO - DAG(s) 'tutorial_objectstorage' retrieved from /home/airflow/.local/lib/python3.8/site-packages/airflow/example_dags/tutorial_objectstorage.py
[2026-07-07T09:38:07.032+0000] {logging_mixin.py:188} INFO - [2026-07-07T09:38:07.032+0000] {dag.py:3036} INFO - Sync 1 DAGs
[2026-07-07T09:38:07.077+0000] {logging_mixin.py:188} INFO - [2026-07-07T09:38:07.077+0000] {dag.py:3823} INFO - Setting next_dagrun for tutorial_objectstorage to None, run_after=None
[2026-07-07T09:38:07.206+0000] {processor.py:183} INFO - Processing /home/airflow/.local/lib/python3.8/site-packages/airflow/example_dags/tutorial_objectstorage.py took 0.283 seconds
[2026-07-07T09:38:38.285+0000] {processor.py:161} INFO - Started process (PID=6352) to work on /home/airflow/.local/lib/python3.8/site-packages/airflow/example_dags/tutorial_objectstorage.py
[2026-07-07T09:38:38.297+0000] {processor.py:830} INFO - Processing file /home/airflow/.local/lib/python3.8/site-packages/airflow/example_dags/tutorial_objectstorage.py for tasks to queue
[2026-07-07T09:38:38.300+0000] {logging_mixin.py:188} INFO - [2026-07-07T09:38:38.299+0000] {dagbag.py:538} INFO - Filling up the DagBag from /home/airflow/.local/lib/python3.8/site-packages/airflow/example_dags/tutorial_objectstorage.py
[2026-07-07T09:38:38.342+0000] {processor.py:840} INFO - DAG(s) 'tutorial_objectstorage' retrieved from /home/airflow/.local/lib/python3.8/site-packages/airflow/example_dags/tutorial_objectstorage.py
[2026-07-07T09:38:38.584+0000] {logging_mixin.py:188} INFO - [2026-07-07T09:38:38.571+0000] {dag.py:3036} INFO - Sync 1 DAGs
[2026-07-07T09:38:38.724+0000] {logging_mixin.py:188} INFO - [2026-07-07T09:38:38.723+0000] {dag.py:3823} INFO - Setting next_dagrun for tutorial_objectstorage to None, run_after=None
[2026-07-07T09:38:38.902+0000] {processor.py:183} INFO - Processing /home/airflow/.local/lib/python3.8/site-packages/airflow/example_dags/tutorial_objectstorage.py took 0.634 seconds
[2026-07-07T09:39:09.507+0000] {processor.py:161} INFO - Started process (PID=6419) to work on /home/airflow/.local/lib/python3.8/site-packages/airflow/example_dags/tutorial_objectstorage.py
[2026-07-07T09:39:09.509+0000] {processor.py:830} INFO - Processing file /home/airflow/.local/lib/python3.8/site-packages/airflow/example_dags/tutorial_objectstorage.py for tasks to queue
[2026-07-07T09:39:09.511+0000] {logging_mixin.py:188} INFO - [2026-07-07T09:39:09.510+0000] {dagbag.py:538} INFO - Filling up the DagBag from /home/airflow/.local/lib/python3.8/site-packages/airflow/example_dags/tutorial_objectstorage.py
[2026-07-07T09:39:09.528+0000] {processor.py:840} INFO - DAG(s) 'tutorial_objectstorage' retrieved from /home/airflow/.local/lib/python3.8/site-packages/airflow/example_dags/tutorial_objectstorage.py
[2026-07-07T09:39:09.572+0000] {logging_mixin.py:188} INFO - [2026-07-07T09:39:09.572+0000] {dag.py:3036} INFO - Sync 1 DAGs
[2026-07-07T09:39:09.596+0000] {logging_mixin.py:188} INFO - [2026-07-07T09:39:09.595+0000] {dag.py:3823} INFO - Setting next_dagrun for tutorial_objectstorage to None, run_after=None
[2026-07-07T09:39:09.631+0000] {processor.py:183} INFO - Processing /home/airflow/.local/lib/python3.8/site-packages/airflow/example_dags/tutorial_objectstorage.py took 0.132 seconds
[2026-07-07T09:39:40.267+0000] {processor.py:161} INFO - Started process (PID=6486) to work on /home/airflow/.local/lib/python3.8/site-packages/airflow/example_dags/tutorial_objectstorage.py
[2026-07-07T09:39:40.271+0000] {processor.py:830} INFO - Processing file /home/airflow/.local/lib/python3.8/site-packages/airflow/example_dags/tutorial_objectstorage.py for tasks to queue
[2026-07-07T09:39:40.274+0000] {logging_mixin.py:188} INFO - [2026-07-07T09:39:40.273+0000] {dagbag.py:538} INFO - Filling up the DagBag from /home/airflow/.local/lib/python3.8/site-packages/airflow/example_dags/tutorial_objectstorage.py
[2026-07-07T09:39:40.306+0000] {processor.py:840} INFO - DAG(s) 'tutorial_objectstorage' retrieved from /home/airflow/.local/lib/python3.8/site-packages/airflow/example_dags/tutorial_objectstorage.py
[2026-07-07T09:39:40.389+0000] {logging_mixin.py:188} INFO - [2026-07-07T09:39:40.389+0000] {dag.py:3036} INFO - Sync 1 DAGs
[2026-07-07T09:39:40.448+0000] {logging_mixin.py:188} INFO - [2026-07-07T09:39:40.448+0000] {dag.py:3823} INFO - Setting next_dagrun for tutorial_objectstorage to None, run_after=None
[2026-07-07T09:39:40.520+0000] {processor.py:183} INFO - Processing /home/airflow/.local/lib/python3.8/site-packages/airflow/example_dags/tutorial_objectstorage.py took 0.268 seconds
[2026-07-07T09:40:10.958+0000] {processor.py:161} INFO - Started process (PID=6555) to work on /home/airflow/.local/lib/python3.8/site-packages/airflow/example_dags/tutorial_objectstorage.py
[2026-07-07T09:40:10.961+0000] {processor.py:830} INFO - Processing file /home/airflow/.local/lib/python3.8/site-packages/airflow/example_dags/tutorial_objectstorage.py for tasks to queue
[2026-07-07T09:40:10.964+0000] {logging_mixin.py:188} INFO - [2026-07-07T09:40:10.963+0000] {dagbag.py:538} INFO - Filling up the DagBag from /home/airflow/.local/lib/python3.8/site-packages/airflow/example_dags/tutorial_objectstorage.py
[2026-07-07T09:40:11.009+0000] {processor.py:840} INFO - DAG(s) 'tutorial_objectstorage' retrieved from /home/airflow/.local/lib/python3.8/site-packages/airflow/example_dags/tutorial_objectstorage.py
[2026-07-07T09:40:11.093+0000] {logging_mixin.py:188} INFO - [2026-07-07T09:40:11.092+0000] {dag.py:3036} INFO - Sync 1 DAGs
[2026-07-07T09:40:11.148+0000] {logging_mixin.py:188} INFO - [2026-07-07T09:40:11.148+0000] {dag.py:3823} INFO - Setting next_dagrun for tutorial_objectstorage to None, run_after=None
[2026-07-07T09:40:11.243+0000] {processor.py:183} INFO - Processing /home/airflow/.local/lib/python3.8/site-packages/airflow/example_dags/tutorial_objectstorage.py took 0.298 seconds
[2026-07-07T09:40:41.554+0000] {processor.py:161} INFO - Started process (PID=6621) to work on /home/airflow/.local/lib/python3.8/site-packages/airflow/example_dags/tutorial_objectstorage.py
[2026-07-07T09:40:41.562+0000] {processor.py:830} INFO - Processing file /home/airflow/.local/lib/python3.8/site-packages/airflow/example_dags/tutorial_objectstorage.py for tasks to queue
[2026-07-07T09:40:41.565+0000] {logging_mixin.py:188} INFO - [2026-07-07T09:40:41.563+0000] {dagbag.py:538} INFO - Filling up the DagBag from /home/airflow/.local/lib/python3.8/site-packages/airflow/example_dags/tutorial_objectstorage.py
[2026-07-07T09:40:41.602+0000] {processor.py:840} INFO - DAG(s) 'tutorial_objectstorage' retrieved from /home/airflow/.local/lib/python3.8/site-packages/airflow/example_dags/tutorial_objectstorage.py
[2026-07-07T09:40:41.650+0000] {logging_mixin.py:188} INFO - [2026-07-07T09:40:41.650+0000] {dag.py:3036} INFO - Sync 1 DAGs
[2026-07-07T09:40:41.680+0000] {logging_mixin.py:188} INFO - [2026-07-07T09:40:41.679+0000] {dag.py:3823} INFO - Setting next_dagrun for tutorial_objectstorage to None, run_after=None
[2026-07-07T09:40:41.745+0000] {processor.py:183} INFO - Processing /home/airflow/.local/lib/python3.8/site-packages/airflow/example_dags/tutorial_objectstorage.py took 0.202 seconds
[2026-07-07T09:41:12.391+0000] {processor.py:161} INFO - Started process (PID=6688) to work on /home/airflow/.local/lib/python3.8/site-packages/airflow/example_dags/tutorial_objectstorage.py
[2026-07-07T09:41:12.394+0000] {processor.py:830} INFO - Processing file /home/airflow/.local/lib/python3.8/site-packages/airflow/example_dags/tutorial_objectstorage.py for tasks to queue
[2026-07-07T09:41:12.396+0000] {logging_mixin.py:188} INFO - [2026-07-07T09:41:12.396+0000] {dagbag.py:538} INFO - Filling up the DagBag from /home/airflow/.local/lib/python3.8/site-packages/airflow/example_dags/tutorial_objectstorage.py
[2026-07-07T09:41:12.419+0000] {processor.py:840} INFO - DAG(s) 'tutorial_objectstorage' retrieved from /home/airflow/.local/lib/python3.8/site-packages/airflow/example_dags/tutorial_objectstorage.py
[2026-07-07T09:41:12.464+0000] {logging_mixin.py:188} INFO - [2026-07-07T09:41:12.463+0000] {dag.py:3036} INFO - Sync 1 DAGs
[2026-07-07T09:41:12.488+0000] {logging_mixin.py:188} INFO - [2026-07-07T09:41:12.488+0000] {dag.py:3823} INFO - Setting next_dagrun for tutorial_objectstorage to None, run_after=None
[2026-07-07T09:41:12.540+0000] {processor.py:183} INFO - Processing /home/airflow/.local/lib/python3.8/site-packages/airflow/example_dags/tutorial_objectstorage.py took 0.160 seconds
[2026-07-07T09:41:42.800+0000] {processor.py:161} INFO - Started process (PID=6753) to work on /home/airflow/.local/lib/python3.8/site-packages/airflow/example_dags/tutorial_objectstorage.py
[2026-07-07T09:41:42.811+0000] {processor.py:830} INFO - Processing file /home/airflow/.local/lib/python3.8/site-packages/airflow/example_dags/tutorial_objectstorage.py for tasks to queue
[2026-07-07T09:41:42.814+0000] {logging_mixin.py:188} INFO - [2026-07-07T09:41:42.813+0000] {dagbag.py:538} INFO - Filling up the DagBag from /home/airflow/.local/lib/python3.8/site-packages/airflow/example_dags/tutorial_objectstorage.py
[2026-07-07T09:41:42.833+0000] {processor.py:840} INFO - DAG(s) 'tutorial_objectstorage' retrieved from /home/airflow/.local/lib/python3.8/site-packages/airflow/example_dags/tutorial_objectstorage.py
[2026-07-07T09:41:42.881+0000] {logging_mixin.py:188} INFO - [2026-07-07T09:41:42.880+0000] {dag.py:3036} INFO - Sync 1 DAGs
[2026-07-07T09:41:42.914+0000] {logging_mixin.py:188} INFO - [2026-07-07T09:41:42.914+0000] {dag.py:3823} INFO - Setting next_dagrun for tutorial_objectstorage to None, run_after=None
[2026-07-07T09:41:42.961+0000] {processor.py:183} INFO - Processing /home/airflow/.local/lib/python3.8/site-packages/airflow/example_dags/tutorial_objectstorage.py took 0.179 seconds
[2026-07-07T09:42:13.731+0000] {processor.py:161} INFO - Started process (PID=6819) to work on /home/airflow/.local/lib/python3.8/site-packages/airflow/example_dags/tutorial_objectstorage.py
[2026-07-07T09:42:13.734+0000] {processor.py:830} INFO - Processing file /home/airflow/.local/lib/python3.8/site-packages/airflow/example_dags/tutorial_objectstorage.py for tasks to queue
[2026-07-07T09:42:13.735+0000] {logging_mixin.py:188} INFO - [2026-07-07T09:42:13.735+0000] {dagbag.py:538} INFO - Filling up the DagBag from /home/airflow/.local/lib/python3.8/site-packages/airflow/example_dags/tutorial_objectstorage.py
[2026-07-07T09:42:13.754+0000] {processor.py:840} INFO - DAG(s) 'tutorial_objectstorage' retrieved from /home/airflow/.local/lib/python3.8/site-packages/airflow/example_dags/tutorial_objectstorage.py
[2026-07-07T09:42:13.807+0000] {logging_mixin.py:188} INFO - [2026-07-07T09:42:13.807+0000] {dag.py:3036} INFO - Sync 1 DAGs
[2026-07-07T09:42:13.841+0000] {logging_mixin.py:188} INFO - [2026-07-07T09:42:13.840+0000] {dag.py:3823} INFO - Setting next_dagrun for tutorial_objectstorage to None, run_after=None
[2026-07-07T09:42:13.911+0000] {processor.py:183} INFO - Processing /home/airflow/.local/lib/python3.8/site-packages/airflow/example_dags/tutorial_objectstorage.py took 0.186 seconds
[2026-07-07T09:42:44.847+0000] {processor.py:161} INFO - Started process (PID=6886) to work on /home/airflow/.local/lib/python3.8/site-packages/airflow/example_dags/tutorial_objectstorage.py
[2026-07-07T09:42:44.863+0000] {processor.py:830} INFO - Processing file /home/airflow/.local/lib/python3.8/site-packages/airflow/example_dags/tutorial_objectstorage.py for tasks to queue
[2026-07-07T09:42:44.865+0000] {logging_mixin.py:188} INFO - [2026-07-07T09:42:44.864+0000] {dagbag.py:538} INFO - Filling up the DagBag from /home/airflow/.local/lib/python3.8/site-packages/airflow/example_dags/tutorial_objectstorage.py
[2026-07-07T09:42:44.909+0000] {processor.py:840} INFO - DAG(s) 'tutorial_objectstorage' retrieved from /home/airflow/.local/lib/python3.8/site-packages/airflow/example_dags/tutorial_objectstorage.py
[2026-07-07T09:42:44.998+0000] {logging_mixin.py:188} INFO - [2026-07-07T09:42:44.997+0000] {dag.py:3036} INFO - Sync 1 DAGs
[2026-07-07T09:42:45.071+0000] {logging_mixin.py:188} INFO - [2026-07-07T09:42:45.070+0000] {dag.py:3823} INFO - Setting next_dagrun for tutorial_objectstorage to None, run_after=None
[2026-07-07T09:42:45.130+0000] {processor.py:183} INFO - Processing /home/airflow/.local/lib/python3.8/site-packages/airflow/example_dags/tutorial_objectstorage.py took 0.302 seconds
[2026-07-07T09:43:16.122+0000] {processor.py:161} INFO - Started process (PID=6953) to work on /home/airflow/.local/lib/python3.8/site-packages/airflow/example_dags/tutorial_objectstorage.py
[2026-07-07T09:43:16.130+0000] {processor.py:830} INFO - Processing file /home/airflow/.local/lib/python3.8/site-packages/airflow/example_dags/tutorial_objectstorage.py for tasks to queue
[2026-07-07T09:43:16.147+0000] {logging_mixin.py:188} INFO - [2026-07-07T09:43:16.132+0000] {dagbag.py:538} INFO - Filling up the DagBag from /home/airflow/.local/lib/python3.8/site-packages/airflow/example_dags/tutorial_objectstorage.py
[2026-07-07T09:43:16.202+0000] {processor.py:840} INFO - DAG(s) 'tutorial_objectstorage' retrieved from /home/airflow/.local/lib/python3.8/site-packages/airflow/example_dags/tutorial_objectstorage.py
[2026-07-07T09:43:16.317+0000] {logging_mixin.py:188} INFO - [2026-07-07T09:43:16.317+0000] {dag.py:3036} INFO - Sync 1 DAGs
[2026-07-07T09:43:16.400+0000] {logging_mixin.py:188} INFO - [2026-07-07T09:43:16.400+0000] {dag.py:3823} INFO - Setting next_dagrun for tutorial_objectstorage to None, run_after=None
[2026-07-07T09:43:16.462+0000] {processor.py:183} INFO - Processing /home/airflow/.local/lib/python3.8/site-packages/airflow/example_dags/tutorial_objectstorage.py took 0.411 seconds
[2026-07-07T09:43:47.219+0000] {processor.py:161} INFO - Started process (PID=7019) to work on /home/airflow/.local/lib/python3.8/site-packages/airflow/example_dags/tutorial_objectstorage.py
[2026-07-07T09:43:47.227+0000] {processor.py:830} INFO - Processing file /home/airflow/.local/lib/python3.8/site-packages/airflow/example_dags/tutorial_objectstorage.py for tasks to queue
[2026-07-07T09:43:47.229+0000] {logging_mixin.py:188} INFO - [2026-07-07T09:43:47.228+0000] {dagbag.py:538} INFO - Filling up the DagBag from /home/airflow/.local/lib/python3.8/site-packages/airflow/example_dags/tutorial_objectstorage.py
[2026-07-07T09:43:47.251+0000] {processor.py:840} INFO - DAG(s) 'tutorial_objectstorage' retrieved from /home/airflow/.local/lib/python3.8/site-packages/airflow/example_dags/tutorial_objectstorage.py
[2026-07-07T09:43:47.300+0000] {logging_mixin.py:188} INFO - [2026-07-07T09:43:47.299+0000] {dag.py:3036} INFO - Sync 1 DAGs
[2026-07-07T09:43:47.336+0000] {logging_mixin.py:188} INFO - [2026-07-07T09:43:47.335+0000] {dag.py:3823} INFO - Setting next_dagrun for tutorial_objectstorage to None, run_after=None
[2026-07-07T09:43:47.383+0000] {processor.py:183} INFO - Processing /home/airflow/.local/lib/python3.8/site-packages/airflow/example_dags/tutorial_objectstorage.py took 0.180 seconds
[2026-07-07T09:44:17.491+0000] {processor.py:161} INFO - Started process (PID=7080) to work on /home/airflow/.local/lib/python3.8/site-packages/airflow/example_dags/tutorial_objectstorage.py
[2026-07-07T09:44:17.494+0000] {processor.py:830} INFO - Processing file /home/airflow/.local/lib/python3.8/site-packages/airflow/example_dags/tutorial_objectstorage.py for tasks to queue
[2026-07-07T09:44:17.496+0000] {logging_mixin.py:188} INFO - [2026-07-07T09:44:17.495+0000] {dagbag.py:538} INFO - Filling up the DagBag from /home/airflow/.local/lib/python3.8/site-packages/airflow/example_dags/tutorial_objectstorage.py
[2026-07-07T09:44:17.510+0000] {processor.py:840} INFO - DAG(s) 'tutorial_objectstorage' retrieved from /home/airflow/.local/lib/python3.8/site-packages/airflow/example_dags/tutorial_objectstorage.py
[2026-07-07T09:44:17.563+0000] {logging_mixin.py:188} INFO - [2026-07-07T09:44:17.562+0000] {dag.py:3036} INFO - Sync 1 DAGs
[2026-07-07T09:44:17.607+0000] {logging_mixin.py:188} INFO - [2026-07-07T09:44:17.606+0000] {dag.py:3823} INFO - Setting next_dagrun for tutorial_objectstorage to None, run_after=None
[2026-07-07T09:44:17.661+0000] {processor.py:183} INFO - Processing /home/airflow/.local/lib/python3.8/site-packages/airflow/example_dags/tutorial_objectstorage.py took 0.180 seconds
[2026-07-07T09:44:48.649+0000] {processor.py:161} INFO - Started process (PID=7148) to work on /home/airflow/.local/lib/python3.8/site-packages/airflow/example_dags/tutorial_objectstorage.py
[2026-07-07T09:44:48.659+0000] {processor.py:830} INFO - Processing file /home/airflow/.local/lib/python3.8/site-packages/airflow/example_dags/tutorial_objectstorage.py for tasks to queue
[2026-07-07T09:44:48.661+0000] {logging_mixin.py:188} INFO - [2026-07-07T09:44:48.660+0000] {dagbag.py:538} INFO - Filling up the DagBag from /home/airflow/.local/lib/python3.8/site-packages/airflow/example_dags/tutorial_objectstorage.py
[2026-07-07T09:44:48.675+0000] {processor.py:840} INFO - DAG(s) 'tutorial_objectstorage' retrieved from /home/airflow/.local/lib/python3.8/site-packages/airflow/example_dags/tutorial_objectstorage.py
[2026-07-07T09:44:48.712+0000] {logging_mixin.py:188} INFO - [2026-07-07T09:44:48.711+0000] {dag.py:3036} INFO - Sync 1 DAGs
[2026-07-07T09:44:48.732+0000] {logging_mixin.py:188} INFO - [2026-07-07T09:44:48.731+0000] {dag.py:3823} INFO - Setting next_dagrun for tutorial_objectstorage to None, run_after=None
[2026-07-07T09:44:48.768+0000] {processor.py:183} INFO - Processing /home/airflow/.local/lib/python3.8/site-packages/airflow/example_dags/tutorial_objectstorage.py took 0.125 seconds
[2026-07-07T09:45:19.367+0000] {processor.py:161} INFO - Started process (PID=7214) to work on /home/airflow/.local/lib/python3.8/site-packages/airflow/example_dags/tutorial_objectstorage.py
[2026-07-07T09:45:19.383+0000] {processor.py:830} INFO - Processing file /home/airflow/.local/lib/python3.8/site-packages/airflow/example_dags/tutorial_objectstorage.py for tasks to queue
[2026-07-07T09:45:19.397+0000] {logging_mixin.py:188} INFO - [2026-07-07T09:45:19.393+0000] {dagbag.py:538} INFO - Filling up the DagBag from /home/airflow/.local/lib/python3.8/site-packages/airflow/example_dags/tutorial_objectstorage.py
[2026-07-07T09:45:19.597+0000] {processor.py:840} INFO - DAG(s) 'tutorial_objectstorage' retrieved from /home/airflow/.local/lib/python3.8/site-packages/airflow/example_dags/tutorial_objectstorage.py
[2026-07-07T09:45:19.758+0000] {logging_mixin.py:188} INFO - [2026-07-07T09:45:19.757+0000] {dag.py:3036} INFO - Sync 1 DAGs
[2026-07-07T09:45:19.834+0000] {logging_mixin.py:188} INFO - [2026-07-07T09:45:19.833+0000] {dag.py:3823} INFO - Setting next_dagrun for tutorial_objectstorage to None, run_after=None
[2026-07-07T09:45:19.946+0000] {processor.py:183} INFO - Processing /home/airflow/.local/lib/python3.8/site-packages/airflow/example_dags/tutorial_objectstorage.py took 0.674 seconds
[2026-07-07T09:45:50.704+0000] {processor.py:161} INFO - Started process (PID=7279) to work on /home/airflow/.local/lib/python3.8/site-packages/airflow/example_dags/tutorial_objectstorage.py
[2026-07-07T09:45:50.707+0000] {processor.py:830} INFO - Processing file /home/airflow/.local/lib/python3.8/site-packages/airflow/example_dags/tutorial_objectstorage.py for tasks to queue
[2026-07-07T09:45:50.709+0000] {logging_mixin.py:188} INFO - [2026-07-07T09:45:50.709+0000] {dagbag.py:538} INFO - Filling up the DagBag from /home/airflow/.local/lib/python3.8/site-packages/airflow/example_dags/tutorial_objectstorage.py
[2026-07-07T09:45:50.728+0000] {processor.py:840} INFO - DAG(s) 'tutorial_objectstorage' retrieved from /home/airflow/.local/lib/python3.8/site-packages/airflow/example_dags/tutorial_objectstorage.py
[2026-07-07T09:45:50.796+0000] {logging_mixin.py:188} INFO - [2026-07-07T09:45:50.795+0000] {dag.py:3036} INFO - Sync 1 DAGs
[2026-07-07T09:45:50.829+0000] {logging_mixin.py:188} INFO - [2026-07-07T09:45:50.829+0000] {dag.py:3823} INFO - Setting next_dagrun for tutorial_objectstorage to None, run_after=None
[2026-07-07T09:45:50.889+0000] {processor.py:183} INFO - Processing /home/airflow/.local/lib/python3.8/site-packages/airflow/example_dags/tutorial_objectstorage.py took 0.212 seconds
[2026-07-07T09:46:21.959+0000] {processor.py:161} INFO - Started process (PID=7339) to work on /home/airflow/.local/lib/python3.8/site-packages/airflow/example_dags/tutorial_objectstorage.py
[2026-07-07T09:46:21.975+0000] {processor.py:830} INFO - Processing file /home/airflow/.local/lib/python3.8/site-packages/airflow/example_dags/tutorial_objectstorage.py for tasks to queue
[2026-07-07T09:46:21.991+0000] {logging_mixin.py:188} INFO - [2026-07-07T09:46:21.989+0000] {dagbag.py:538} INFO - Filling up the DagBag from /home/airflow/.local/lib/python3.8/site-packages/airflow/example_dags/tutorial_objectstorage.py
[2026-07-07T09:46:22.146+0000] {processor.py:840} INFO - DAG(s) 'tutorial_objectstorage' retrieved from /home/airflow/.local/lib/python3.8/site-packages/airflow/example_dags/tutorial_objectstorage.py
[2026-07-07T09:46:22.279+0000] {logging_mixin.py:188} INFO - [2026-07-07T09:46:22.276+0000] {dag.py:3036} INFO - Sync 1 DAGs
[2026-07-07T09:46:22.429+0000] {logging_mixin.py:188} INFO - [2026-07-07T09:46:22.429+0000] {dag.py:3823} INFO - Setting next_dagrun for tutorial_objectstorage to None, run_after=None
[2026-07-07T09:46:22.559+0000] {processor.py:183} INFO - Processing /home/airflow/.local/lib/python3.8/site-packages/airflow/example_dags/tutorial_objectstorage.py took 0.737 seconds
[2026-07-07T09:46:53.011+0000] {processor.py:161} INFO - Started process (PID=7404) to work on /home/airflow/.local/lib/python3.8/site-packages/airflow/example_dags/tutorial_objectstorage.py
[2026-07-07T09:46:53.154+0000] {processor.py:830} INFO - Processing file /home/airflow/.local/lib/python3.8/site-packages/airflow/example_dags/tutorial_objectstorage.py for tasks to queue
[2026-07-07T09:46:53.158+0000] {logging_mixin.py:188} INFO - [2026-07-07T09:46:53.157+0000] {dagbag.py:538} INFO - Filling up the DagBag from /home/airflow/.local/lib/python3.8/site-packages/airflow/example_dags/tutorial_objectstorage.py
[2026-07-07T09:46:53.263+0000] {processor.py:840} INFO - DAG(s) 'tutorial_objectstorage' retrieved from /home/airflow/.local/lib/python3.8/site-packages/airflow/example_dags/tutorial_objectstorage.py
[2026-07-07T09:46:53.348+0000] {logging_mixin.py:188} INFO - [2026-07-07T09:46:53.347+0000] {dag.py:3036} INFO - Sync 1 DAGs
[2026-07-07T09:46:53.388+0000] {logging_mixin.py:188} INFO - [2026-07-07T09:46:53.388+0000] {dag.py:3823} INFO - Setting next_dagrun for tutorial_objectstorage to None, run_after=None
[2026-07-07T09:46:53.446+0000] {processor.py:183} INFO - Processing /home/airflow/.local/lib/python3.8/site-packages/airflow/example_dags/tutorial_objectstorage.py took 0.489 seconds
