[2026-07-07T09:09:19.086+0000] {processor.py:161} INFO - Started process (PID=4199) to work on /home/airflow/.local/lib/python3.8/site-packages/airflow/example_dags/tutorial.py
[2026-07-07T09:09:19.101+0000] {processor.py:830} INFO - Processing file /home/airflow/.local/lib/python3.8/site-packages/airflow/example_dags/tutorial.py for tasks to queue
[2026-07-07T09:09:19.108+0000] {logging_mixin.py:188} INFO - [2026-07-07T09:09:19.102+0000] {dagbag.py:538} INFO - Filling up the DagBag from /home/airflow/.local/lib/python3.8/site-packages/airflow/example_dags/tutorial.py
[2026-07-07T09:09:19.155+0000] {processor.py:840} INFO - DAG(s) 'tutorial' retrieved from /home/airflow/.local/lib/python3.8/site-packages/airflow/example_dags/tutorial.py
[2026-07-07T09:09:20.229+0000] {logging_mixin.py:188} INFO - [2026-07-07T09:09:20.228+0000] {dag.py:3036} INFO - Sync 1 DAGs
[2026-07-07T09:09:20.334+0000] {logging_mixin.py:188} INFO - [2026-07-07T09:09:20.334+0000] {dag.py:3823} INFO - Setting next_dagrun for tutorial to 2026-07-06 00:00:00+00:00, run_after=2026-07-07 00:00:00+00:00
[2026-07-07T09:09:20.430+0000] {processor.py:183} INFO - Processing /home/airflow/.local/lib/python3.8/site-packages/airflow/example_dags/tutorial.py took 1.392 seconds
[2026-07-07T09:09:50.730+0000] {processor.py:161} INFO - Started process (PID=4266) to work on /home/airflow/.local/lib/python3.8/site-packages/airflow/example_dags/tutorial.py
[2026-07-07T09:09:50.733+0000] {processor.py:830} INFO - Processing file /home/airflow/.local/lib/python3.8/site-packages/airflow/example_dags/tutorial.py for tasks to queue
[2026-07-07T09:09:50.735+0000] {logging_mixin.py:188} INFO - [2026-07-07T09:09:50.734+0000] {dagbag.py:538} INFO - Filling up the DagBag from /home/airflow/.local/lib/python3.8/site-packages/airflow/example_dags/tutorial.py
[2026-07-07T09:09:50.759+0000] {processor.py:840} INFO - DAG(s) 'tutorial' retrieved from /home/airflow/.local/lib/python3.8/site-packages/airflow/example_dags/tutorial.py
[2026-07-07T09:09:50.829+0000] {logging_mixin.py:188} INFO - [2026-07-07T09:09:50.829+0000] {dag.py:3036} INFO - Sync 1 DAGs
[2026-07-07T09:09:50.883+0000] {logging_mixin.py:188} INFO - [2026-07-07T09:09:50.883+0000] {dag.py:3823} INFO - Setting next_dagrun for tutorial to 2026-07-06 00:00:00+00:00, run_after=2026-07-07 00:00:00+00:00
[2026-07-07T09:09:50.925+0000] {processor.py:183} INFO - Processing /home/airflow/.local/lib/python3.8/site-packages/airflow/example_dags/tutorial.py took 0.211 seconds
[2026-07-07T09:10:22.340+0000] {processor.py:161} INFO - Started process (PID=4330) to work on /home/airflow/.local/lib/python3.8/site-packages/airflow/example_dags/tutorial.py
[2026-07-07T09:10:22.360+0000] {processor.py:830} INFO - Processing file /home/airflow/.local/lib/python3.8/site-packages/airflow/example_dags/tutorial.py for tasks to queue
[2026-07-07T09:10:22.362+0000] {logging_mixin.py:188} INFO - [2026-07-07T09:10:22.361+0000] {dagbag.py:538} INFO - Filling up the DagBag from /home/airflow/.local/lib/python3.8/site-packages/airflow/example_dags/tutorial.py
[2026-07-07T09:10:22.637+0000] {processor.py:840} INFO - DAG(s) 'tutorial' retrieved from /home/airflow/.local/lib/python3.8/site-packages/airflow/example_dags/tutorial.py
[2026-07-07T09:10:22.862+0000] {logging_mixin.py:188} INFO - [2026-07-07T09:10:22.861+0000] {dag.py:3036} INFO - Sync 1 DAGs
[2026-07-07T09:10:23.079+0000] {logging_mixin.py:188} INFO - [2026-07-07T09:10:23.078+0000] {dag.py:3823} INFO - Setting next_dagrun for tutorial to 2026-07-06 00:00:00+00:00, run_after=2026-07-07 00:00:00+00:00
[2026-07-07T09:10:23.274+0000] {processor.py:183} INFO - Processing /home/airflow/.local/lib/python3.8/site-packages/airflow/example_dags/tutorial.py took 0.979 seconds
[2026-07-07T09:10:58.403+0000] {processor.py:161} INFO - Started process (PID=4390) to work on /home/airflow/.local/lib/python3.8/site-packages/airflow/example_dags/tutorial.py
[2026-07-07T09:10:58.405+0000] {processor.py:830} INFO - Processing file /home/airflow/.local/lib/python3.8/site-packages/airflow/example_dags/tutorial.py for tasks to queue
[2026-07-07T09:10:58.419+0000] {logging_mixin.py:188} INFO - [2026-07-07T09:10:58.407+0000] {dagbag.py:538} INFO - Filling up the DagBag from /home/airflow/.local/lib/python3.8/site-packages/airflow/example_dags/tutorial.py
[2026-07-07T09:10:58.470+0000] {processor.py:840} INFO - DAG(s) 'tutorial' retrieved from /home/airflow/.local/lib/python3.8/site-packages/airflow/example_dags/tutorial.py
[2026-07-07T09:10:58.982+0000] {logging_mixin.py:188} INFO - [2026-07-07T09:10:58.971+0000] {dag.py:3036} INFO - Sync 1 DAGs
[2026-07-07T09:10:59.488+0000] {logging_mixin.py:188} INFO - [2026-07-07T09:10:59.474+0000] {dag.py:3823} INFO - Setting next_dagrun for tutorial to 2026-07-06 00:00:00+00:00, run_after=2026-07-07 00:00:00+00:00
[2026-07-07T09:10:59.982+0000] {processor.py:183} INFO - Processing /home/airflow/.local/lib/python3.8/site-packages/airflow/example_dags/tutorial.py took 1.626 seconds
[2026-07-07T09:14:06.055+0000] {processor.py:161} INFO - Started process (PID=4498) to work on /home/airflow/.local/lib/python3.8/site-packages/airflow/example_dags/tutorial.py
[2026-07-07T09:14:06.125+0000] {processor.py:830} INFO - Processing file /home/airflow/.local/lib/python3.8/site-packages/airflow/example_dags/tutorial.py for tasks to queue
[2026-07-07T09:14:06.378+0000] {logging_mixin.py:188} INFO - [2026-07-07T09:14:06.377+0000] {dagbag.py:538} INFO - Filling up the DagBag from /home/airflow/.local/lib/python3.8/site-packages/airflow/example_dags/tutorial.py
[2026-07-07T09:14:07.554+0000] {processor.py:840} INFO - DAG(s) 'tutorial' retrieved from /home/airflow/.local/lib/python3.8/site-packages/airflow/example_dags/tutorial.py
[2026-07-07T09:14:08.734+0000] {logging_mixin.py:188} INFO - [2026-07-07T09:14:08.734+0000] {dag.py:3036} INFO - Sync 1 DAGs
[2026-07-07T09:14:10.944+0000] {logging_mixin.py:188} INFO - [2026-07-07T09:14:10.943+0000] {dag.py:3823} INFO - Setting next_dagrun for tutorial to 2026-07-06 00:00:00+00:00, run_after=2026-07-07 00:00:00+00:00
[2026-07-07T09:14:11.579+0000] {processor.py:183} INFO - Processing /home/airflow/.local/lib/python3.8/site-packages/airflow/example_dags/tutorial.py took 5.854 seconds
[2026-07-07T09:21:29.078+0000] {processor.py:161} INFO - Started process (PID=4681) to work on /home/airflow/.local/lib/python3.8/site-packages/airflow/example_dags/tutorial.py
[2026-07-07T09:21:29.730+0000] {processor.py:830} INFO - Processing file /home/airflow/.local/lib/python3.8/site-packages/airflow/example_dags/tutorial.py for tasks to queue
[2026-07-07T09:21:29.912+0000] {logging_mixin.py:188} INFO - [2026-07-07T09:21:29.862+0000] {dagbag.py:538} INFO - Filling up the DagBag from /home/airflow/.local/lib/python3.8/site-packages/airflow/example_dags/tutorial.py
[2026-07-07T09:21:35.241+0000] {processor.py:840} INFO - DAG(s) 'tutorial' retrieved from /home/airflow/.local/lib/python3.8/site-packages/airflow/example_dags/tutorial.py
[2026-07-07T09:21:38.665+0000] {logging_mixin.py:188} INFO - [2026-07-07T09:21:38.499+0000] {dag.py:3036} INFO - Sync 1 DAGs
[2026-07-07T09:21:44.609+0000] {logging_mixin.py:188} INFO - [2026-07-07T09:21:44.576+0000] {dag.py:3823} INFO - Setting next_dagrun for tutorial to 2026-07-06 00:00:00+00:00, run_after=2026-07-07 00:00:00+00:00
[2026-07-07T09:21:45.676+0000] {processor.py:183} INFO - Processing /home/airflow/.local/lib/python3.8/site-packages/airflow/example_dags/tutorial.py took 19.536 seconds
[2026-07-07T09:24:04.206+0000] {processor.py:161} INFO - Started process (PID=4774) to work on /home/airflow/.local/lib/python3.8/site-packages/airflow/example_dags/tutorial.py
[2026-07-07T09:24:04.450+0000] {processor.py:830} INFO - Processing file /home/airflow/.local/lib/python3.8/site-packages/airflow/example_dags/tutorial.py for tasks to queue
[2026-07-07T09:24:04.453+0000] {logging_mixin.py:188} INFO - [2026-07-07T09:24:04.452+0000] {dagbag.py:538} INFO - Filling up the DagBag from /home/airflow/.local/lib/python3.8/site-packages/airflow/example_dags/tutorial.py
[2026-07-07T09:24:04.934+0000] {processor.py:840} INFO - DAG(s) 'tutorial' retrieved from /home/airflow/.local/lib/python3.8/site-packages/airflow/example_dags/tutorial.py
[2026-07-07T09:24:05.902+0000] {logging_mixin.py:188} INFO - [2026-07-07T09:24:05.901+0000] {dag.py:3036} INFO - Sync 1 DAGs
[2026-07-07T09:24:09.026+0000] {logging_mixin.py:188} INFO - [2026-07-07T09:24:09.026+0000] {dag.py:3823} INFO - Setting next_dagrun for tutorial to 2026-07-06 00:00:00+00:00, run_after=2026-07-07 00:00:00+00:00
[2026-07-07T09:24:09.723+0000] {processor.py:183} INFO - Processing /home/airflow/.local/lib/python3.8/site-packages/airflow/example_dags/tutorial.py took 5.884 seconds
[2026-07-07T09:26:03.298+0000] {processor.py:161} INFO - Started process (PID=4863) to work on /home/airflow/.local/lib/python3.8/site-packages/airflow/example_dags/tutorial.py
[2026-07-07T09:26:03.348+0000] {processor.py:830} INFO - Processing file /home/airflow/.local/lib/python3.8/site-packages/airflow/example_dags/tutorial.py for tasks to queue
[2026-07-07T09:26:03.350+0000] {logging_mixin.py:188} INFO - [2026-07-07T09:26:03.349+0000] {dagbag.py:538} INFO - Filling up the DagBag from /home/airflow/.local/lib/python3.8/site-packages/airflow/example_dags/tutorial.py
[2026-07-07T09:26:03.525+0000] {processor.py:840} INFO - DAG(s) 'tutorial' retrieved from /home/airflow/.local/lib/python3.8/site-packages/airflow/example_dags/tutorial.py
[2026-07-07T09:26:03.658+0000] {logging_mixin.py:188} INFO - [2026-07-07T09:26:03.658+0000] {dag.py:3036} INFO - Sync 1 DAGs
[2026-07-07T09:26:03.735+0000] {logging_mixin.py:188} INFO - [2026-07-07T09:26:03.735+0000] {dag.py:3823} INFO - Setting next_dagrun for tutorial to 2026-07-06 00:00:00+00:00, run_after=2026-07-07 00:00:00+00:00
[2026-07-07T09:26:03.903+0000] {processor.py:183} INFO - Processing /home/airflow/.local/lib/python3.8/site-packages/airflow/example_dags/tutorial.py took 0.754 seconds
[2026-07-07T09:26:37.414+0000] {processor.py:161} INFO - Started process (PID=4920) to work on /home/airflow/.local/lib/python3.8/site-packages/airflow/example_dags/tutorial.py
[2026-07-07T09:26:37.417+0000] {processor.py:830} INFO - Processing file /home/airflow/.local/lib/python3.8/site-packages/airflow/example_dags/tutorial.py for tasks to queue
[2026-07-07T09:26:37.422+0000] {logging_mixin.py:188} INFO - [2026-07-07T09:26:37.421+0000] {dagbag.py:538} INFO - Filling up the DagBag from /home/airflow/.local/lib/python3.8/site-packages/airflow/example_dags/tutorial.py
[2026-07-07T09:26:37.444+0000] {processor.py:840} INFO - DAG(s) 'tutorial' retrieved from /home/airflow/.local/lib/python3.8/site-packages/airflow/example_dags/tutorial.py
[2026-07-07T09:26:37.528+0000] {logging_mixin.py:188} INFO - [2026-07-07T09:26:37.528+0000] {dag.py:3036} INFO - Sync 1 DAGs
[2026-07-07T09:26:37.641+0000] {logging_mixin.py:188} INFO - [2026-07-07T09:26:37.640+0000] {dag.py:3823} INFO - Setting next_dagrun for tutorial to 2026-07-06 00:00:00+00:00, run_after=2026-07-07 00:00:00+00:00
[2026-07-07T09:26:37.821+0000] {processor.py:183} INFO - Processing /home/airflow/.local/lib/python3.8/site-packages/airflow/example_dags/tutorial.py took 0.424 seconds
[2026-07-07T09:27:11.097+0000] {processor.py:161} INFO - Started process (PID=4987) to work on /home/airflow/.local/lib/python3.8/site-packages/airflow/example_dags/tutorial.py
[2026-07-07T09:27:11.121+0000] {processor.py:830} INFO - Processing file /home/airflow/.local/lib/python3.8/site-packages/airflow/example_dags/tutorial.py for tasks to queue
[2026-07-07T09:27:11.126+0000] {logging_mixin.py:188} INFO - [2026-07-07T09:27:11.124+0000] {dagbag.py:538} INFO - Filling up the DagBag from /home/airflow/.local/lib/python3.8/site-packages/airflow/example_dags/tutorial.py
[2026-07-07T09:27:11.184+0000] {processor.py:840} INFO - DAG(s) 'tutorial' retrieved from /home/airflow/.local/lib/python3.8/site-packages/airflow/example_dags/tutorial.py
[2026-07-07T09:27:11.356+0000] {logging_mixin.py:188} INFO - [2026-07-07T09:27:11.355+0000] {dag.py:3036} INFO - Sync 1 DAGs
[2026-07-07T09:27:11.631+0000] {logging_mixin.py:188} INFO - [2026-07-07T09:27:11.630+0000] {dag.py:3823} INFO - Setting next_dagrun for tutorial to 2026-07-06 00:00:00+00:00, run_after=2026-07-07 00:00:00+00:00
[2026-07-07T09:27:11.735+0000] {processor.py:183} INFO - Processing /home/airflow/.local/lib/python3.8/site-packages/airflow/example_dags/tutorial.py took 0.665 seconds
[2026-07-07T09:27:42.572+0000] {processor.py:161} INFO - Started process (PID=5053) to work on /home/airflow/.local/lib/python3.8/site-packages/airflow/example_dags/tutorial.py
[2026-07-07T09:27:42.577+0000] {processor.py:830} INFO - Processing file /home/airflow/.local/lib/python3.8/site-packages/airflow/example_dags/tutorial.py for tasks to queue
[2026-07-07T09:27:42.579+0000] {logging_mixin.py:188} INFO - [2026-07-07T09:27:42.578+0000] {dagbag.py:538} INFO - Filling up the DagBag from /home/airflow/.local/lib/python3.8/site-packages/airflow/example_dags/tutorial.py
[2026-07-07T09:27:42.597+0000] {processor.py:840} INFO - DAG(s) 'tutorial' retrieved from /home/airflow/.local/lib/python3.8/site-packages/airflow/example_dags/tutorial.py
[2026-07-07T09:27:42.716+0000] {logging_mixin.py:188} INFO - [2026-07-07T09:27:42.715+0000] {dag.py:3036} INFO - Sync 1 DAGs
[2026-07-07T09:27:42.813+0000] {logging_mixin.py:188} INFO - [2026-07-07T09:27:42.812+0000] {dag.py:3823} INFO - Setting next_dagrun for tutorial to 2026-07-06 00:00:00+00:00, run_after=2026-07-07 00:00:00+00:00
[2026-07-07T09:27:42.900+0000] {processor.py:183} INFO - Processing /home/airflow/.local/lib/python3.8/site-packages/airflow/example_dags/tutorial.py took 0.352 seconds
[2026-07-07T09:28:17.789+0000] {processor.py:161} INFO - Started process (PID=5110) to work on /home/airflow/.local/lib/python3.8/site-packages/airflow/example_dags/tutorial.py
[2026-07-07T09:28:17.826+0000] {processor.py:830} INFO - Processing file /home/airflow/.local/lib/python3.8/site-packages/airflow/example_dags/tutorial.py for tasks to queue
[2026-07-07T09:28:17.829+0000] {logging_mixin.py:188} INFO - [2026-07-07T09:28:17.828+0000] {dagbag.py:538} INFO - Filling up the DagBag from /home/airflow/.local/lib/python3.8/site-packages/airflow/example_dags/tutorial.py
[2026-07-07T09:28:17.866+0000] {processor.py:840} INFO - DAG(s) 'tutorial' retrieved from /home/airflow/.local/lib/python3.8/site-packages/airflow/example_dags/tutorial.py
[2026-07-07T09:28:18.344+0000] {logging_mixin.py:188} INFO - [2026-07-07T09:28:18.344+0000] {dag.py:3036} INFO - Sync 1 DAGs
[2026-07-07T09:28:18.924+0000] {logging_mixin.py:188} INFO - [2026-07-07T09:28:18.924+0000] {dag.py:3823} INFO - Setting next_dagrun for tutorial to 2026-07-06 00:00:00+00:00, run_after=2026-07-07 00:00:00+00:00
[2026-07-07T09:28:19.080+0000] {processor.py:183} INFO - Processing /home/airflow/.local/lib/python3.8/site-packages/airflow/example_dags/tutorial.py took 1.329 seconds
[2026-07-07T09:28:49.619+0000] {processor.py:161} INFO - Started process (PID=5173) to work on /home/airflow/.local/lib/python3.8/site-packages/airflow/example_dags/tutorial.py
[2026-07-07T09:28:49.629+0000] {processor.py:830} INFO - Processing file /home/airflow/.local/lib/python3.8/site-packages/airflow/example_dags/tutorial.py for tasks to queue
[2026-07-07T09:28:49.643+0000] {logging_mixin.py:188} INFO - [2026-07-07T09:28:49.642+0000] {dagbag.py:538} INFO - Filling up the DagBag from /home/airflow/.local/lib/python3.8/site-packages/airflow/example_dags/tutorial.py
[2026-07-07T09:28:49.728+0000] {processor.py:840} INFO - DAG(s) 'tutorial' retrieved from /home/airflow/.local/lib/python3.8/site-packages/airflow/example_dags/tutorial.py
[2026-07-07T09:28:49.971+0000] {logging_mixin.py:188} INFO - [2026-07-07T09:28:49.970+0000] {dag.py:3036} INFO - Sync 1 DAGs
[2026-07-07T09:28:50.175+0000] {logging_mixin.py:188} INFO - [2026-07-07T09:28:50.174+0000] {dag.py:3823} INFO - Setting next_dagrun for tutorial to 2026-07-06 00:00:00+00:00, run_after=2026-07-07 00:00:00+00:00
[2026-07-07T09:28:50.301+0000] {processor.py:183} INFO - Processing /home/airflow/.local/lib/python3.8/site-packages/airflow/example_dags/tutorial.py took 0.720 seconds
[2026-07-07T09:29:21.278+0000] {processor.py:161} INFO - Started process (PID=5233) to work on /home/airflow/.local/lib/python3.8/site-packages/airflow/example_dags/tutorial.py
[2026-07-07T09:29:21.284+0000] {processor.py:830} INFO - Processing file /home/airflow/.local/lib/python3.8/site-packages/airflow/example_dags/tutorial.py for tasks to queue
[2026-07-07T09:29:21.286+0000] {logging_mixin.py:188} INFO - [2026-07-07T09:29:21.286+0000] {dagbag.py:538} INFO - Filling up the DagBag from /home/airflow/.local/lib/python3.8/site-packages/airflow/example_dags/tutorial.py
[2026-07-07T09:29:21.325+0000] {processor.py:840} INFO - DAG(s) 'tutorial' retrieved from /home/airflow/.local/lib/python3.8/site-packages/airflow/example_dags/tutorial.py
[2026-07-07T09:29:21.450+0000] {logging_mixin.py:188} INFO - [2026-07-07T09:29:21.450+0000] {dag.py:3036} INFO - Sync 1 DAGs
[2026-07-07T09:29:21.605+0000] {logging_mixin.py:188} INFO - [2026-07-07T09:29:21.604+0000] {dag.py:3823} INFO - Setting next_dagrun for tutorial to 2026-07-06 00:00:00+00:00, run_after=2026-07-07 00:00:00+00:00
[2026-07-07T09:29:21.739+0000] {processor.py:183} INFO - Processing /home/airflow/.local/lib/python3.8/site-packages/airflow/example_dags/tutorial.py took 0.483 seconds
[2026-07-07T09:29:52.919+0000] {processor.py:161} INFO - Started process (PID=5300) to work on /home/airflow/.local/lib/python3.8/site-packages/airflow/example_dags/tutorial.py
[2026-07-07T09:29:52.925+0000] {processor.py:830} INFO - Processing file /home/airflow/.local/lib/python3.8/site-packages/airflow/example_dags/tutorial.py for tasks to queue
[2026-07-07T09:29:52.929+0000] {logging_mixin.py:188} INFO - [2026-07-07T09:29:52.928+0000] {dagbag.py:538} INFO - Filling up the DagBag from /home/airflow/.local/lib/python3.8/site-packages/airflow/example_dags/tutorial.py
[2026-07-07T09:29:52.970+0000] {processor.py:840} INFO - DAG(s) 'tutorial' retrieved from /home/airflow/.local/lib/python3.8/site-packages/airflow/example_dags/tutorial.py
[2026-07-07T09:29:53.062+0000] {logging_mixin.py:188} INFO - [2026-07-07T09:29:53.062+0000] {dag.py:3036} INFO - Sync 1 DAGs
[2026-07-07T09:29:53.137+0000] {logging_mixin.py:188} INFO - [2026-07-07T09:29:53.136+0000] {dag.py:3823} INFO - Setting next_dagrun for tutorial to 2026-07-06 00:00:00+00:00, run_after=2026-07-07 00:00:00+00:00
[2026-07-07T09:29:53.255+0000] {processor.py:183} INFO - Processing /home/airflow/.local/lib/python3.8/site-packages/airflow/example_dags/tutorial.py took 0.349 seconds
[2026-07-07T09:30:23.704+0000] {processor.py:161} INFO - Started process (PID=5365) to work on /home/airflow/.local/lib/python3.8/site-packages/airflow/example_dags/tutorial.py
[2026-07-07T09:30:23.707+0000] {processor.py:830} INFO - Processing file /home/airflow/.local/lib/python3.8/site-packages/airflow/example_dags/tutorial.py for tasks to queue
[2026-07-07T09:30:23.712+0000] {logging_mixin.py:188} INFO - [2026-07-07T09:30:23.711+0000] {dagbag.py:538} INFO - Filling up the DagBag from /home/airflow/.local/lib/python3.8/site-packages/airflow/example_dags/tutorial.py
[2026-07-07T09:30:23.744+0000] {processor.py:840} INFO - DAG(s) 'tutorial' retrieved from /home/airflow/.local/lib/python3.8/site-packages/airflow/example_dags/tutorial.py
[2026-07-07T09:30:23.812+0000] {logging_mixin.py:188} INFO - [2026-07-07T09:30:23.812+0000] {dag.py:3036} INFO - Sync 1 DAGs
[2026-07-07T09:30:23.891+0000] {logging_mixin.py:188} INFO - [2026-07-07T09:30:23.890+0000] {dag.py:3823} INFO - Setting next_dagrun for tutorial to 2026-07-06 00:00:00+00:00, run_after=2026-07-07 00:00:00+00:00
[2026-07-07T09:30:23.944+0000] {processor.py:183} INFO - Processing /home/airflow/.local/lib/python3.8/site-packages/airflow/example_dags/tutorial.py took 0.258 seconds
[2026-07-07T09:30:56.270+0000] {processor.py:161} INFO - Started process (PID=5416) to work on /home/airflow/.local/lib/python3.8/site-packages/airflow/example_dags/tutorial.py
[2026-07-07T09:30:56.318+0000] {processor.py:830} INFO - Processing file /home/airflow/.local/lib/python3.8/site-packages/airflow/example_dags/tutorial.py for tasks to queue
[2026-07-07T09:30:56.320+0000] {logging_mixin.py:188} INFO - [2026-07-07T09:30:56.319+0000] {dagbag.py:538} INFO - Filling up the DagBag from /home/airflow/.local/lib/python3.8/site-packages/airflow/example_dags/tutorial.py
[2026-07-07T09:30:56.481+0000] {processor.py:840} INFO - DAG(s) 'tutorial' retrieved from /home/airflow/.local/lib/python3.8/site-packages/airflow/example_dags/tutorial.py
[2026-07-07T09:30:56.858+0000] {logging_mixin.py:188} INFO - [2026-07-07T09:30:56.858+0000] {dag.py:3036} INFO - Sync 1 DAGs
[2026-07-07T09:30:57.278+0000] {logging_mixin.py:188} INFO - [2026-07-07T09:30:57.277+0000] {dag.py:3823} INFO - Setting next_dagrun for tutorial to 2026-07-06 00:00:00+00:00, run_after=2026-07-07 00:00:00+00:00
[2026-07-07T09:30:57.879+0000] {processor.py:183} INFO - Processing /home/airflow/.local/lib/python3.8/site-packages/airflow/example_dags/tutorial.py took 1.642 seconds
[2026-07-07T09:31:29.590+0000] {processor.py:161} INFO - Started process (PID=5482) to work on /home/airflow/.local/lib/python3.8/site-packages/airflow/example_dags/tutorial.py
[2026-07-07T09:31:29.606+0000] {processor.py:830} INFO - Processing file /home/airflow/.local/lib/python3.8/site-packages/airflow/example_dags/tutorial.py for tasks to queue
[2026-07-07T09:31:29.622+0000] {logging_mixin.py:188} INFO - [2026-07-07T09:31:29.608+0000] {dagbag.py:538} INFO - Filling up the DagBag from /home/airflow/.local/lib/python3.8/site-packages/airflow/example_dags/tutorial.py
[2026-07-07T09:31:29.704+0000] {processor.py:840} INFO - DAG(s) 'tutorial' retrieved from /home/airflow/.local/lib/python3.8/site-packages/airflow/example_dags/tutorial.py
[2026-07-07T09:31:29.913+0000] {logging_mixin.py:188} INFO - [2026-07-07T09:31:29.912+0000] {dag.py:3036} INFO - Sync 1 DAGs
[2026-07-07T09:31:30.170+0000] {logging_mixin.py:188} INFO - [2026-07-07T09:31:30.169+0000] {dag.py:3823} INFO - Setting next_dagrun for tutorial to 2026-07-06 00:00:00+00:00, run_after=2026-07-07 00:00:00+00:00
[2026-07-07T09:31:30.449+0000] {processor.py:183} INFO - Processing /home/airflow/.local/lib/python3.8/site-packages/airflow/example_dags/tutorial.py took 0.907 seconds
[2026-07-07T09:32:00.747+0000] {processor.py:161} INFO - Started process (PID=5537) to work on /home/airflow/.local/lib/python3.8/site-packages/airflow/example_dags/tutorial.py
[2026-07-07T09:32:00.777+0000] {processor.py:830} INFO - Processing file /home/airflow/.local/lib/python3.8/site-packages/airflow/example_dags/tutorial.py for tasks to queue
[2026-07-07T09:32:00.779+0000] {logging_mixin.py:188} INFO - [2026-07-07T09:32:00.779+0000] {dagbag.py:538} INFO - Filling up the DagBag from /home/airflow/.local/lib/python3.8/site-packages/airflow/example_dags/tutorial.py
[2026-07-07T09:32:00.828+0000] {processor.py:840} INFO - DAG(s) 'tutorial' retrieved from /home/airflow/.local/lib/python3.8/site-packages/airflow/example_dags/tutorial.py
[2026-07-07T09:32:01.027+0000] {logging_mixin.py:188} INFO - [2026-07-07T09:32:01.015+0000] {dag.py:3036} INFO - Sync 1 DAGs
[2026-07-07T09:32:01.211+0000] {logging_mixin.py:188} INFO - [2026-07-07T09:32:01.210+0000] {dag.py:3823} INFO - Setting next_dagrun for tutorial to 2026-07-06 00:00:00+00:00, run_after=2026-07-07 00:00:00+00:00
[2026-07-07T09:32:01.473+0000] {processor.py:183} INFO - Processing /home/airflow/.local/lib/python3.8/site-packages/airflow/example_dags/tutorial.py took 0.747 seconds
[2026-07-07T09:32:32.882+0000] {processor.py:161} INFO - Started process (PID=5601) to work on /home/airflow/.local/lib/python3.8/site-packages/airflow/example_dags/tutorial.py
[2026-07-07T09:32:32.889+0000] {processor.py:830} INFO - Processing file /home/airflow/.local/lib/python3.8/site-packages/airflow/example_dags/tutorial.py for tasks to queue
[2026-07-07T09:32:32.909+0000] {logging_mixin.py:188} INFO - [2026-07-07T09:32:32.896+0000] {dagbag.py:538} INFO - Filling up the DagBag from /home/airflow/.local/lib/python3.8/site-packages/airflow/example_dags/tutorial.py
[2026-07-07T09:32:32.962+0000] {processor.py:840} INFO - DAG(s) 'tutorial' retrieved from /home/airflow/.local/lib/python3.8/site-packages/airflow/example_dags/tutorial.py
[2026-07-07T09:32:33.216+0000] {logging_mixin.py:188} INFO - [2026-07-07T09:32:33.215+0000] {dag.py:3036} INFO - Sync 1 DAGs
[2026-07-07T09:32:33.395+0000] {logging_mixin.py:188} INFO - [2026-07-07T09:32:33.394+0000] {dag.py:3823} INFO - Setting next_dagrun for tutorial to 2026-07-06 00:00:00+00:00, run_after=2026-07-07 00:00:00+00:00
[2026-07-07T09:32:33.557+0000] {processor.py:183} INFO - Processing /home/airflow/.local/lib/python3.8/site-packages/airflow/example_dags/tutorial.py took 0.697 seconds
[2026-07-07T09:33:05.059+0000] {processor.py:161} INFO - Started process (PID=5664) to work on /home/airflow/.local/lib/python3.8/site-packages/airflow/example_dags/tutorial.py
[2026-07-07T09:33:05.071+0000] {processor.py:830} INFO - Processing file /home/airflow/.local/lib/python3.8/site-packages/airflow/example_dags/tutorial.py for tasks to queue
[2026-07-07T09:33:05.081+0000] {logging_mixin.py:188} INFO - [2026-07-07T09:33:05.080+0000] {dagbag.py:538} INFO - Filling up the DagBag from /home/airflow/.local/lib/python3.8/site-packages/airflow/example_dags/tutorial.py
[2026-07-07T09:33:05.117+0000] {processor.py:840} INFO - DAG(s) 'tutorial' retrieved from /home/airflow/.local/lib/python3.8/site-packages/airflow/example_dags/tutorial.py
[2026-07-07T09:33:05.175+0000] {logging_mixin.py:188} INFO - [2026-07-07T09:33:05.174+0000] {dag.py:3036} INFO - Sync 1 DAGs
[2026-07-07T09:33:05.239+0000] {logging_mixin.py:188} INFO - [2026-07-07T09:33:05.239+0000] {dag.py:3823} INFO - Setting next_dagrun for tutorial to 2026-07-06 00:00:00+00:00, run_after=2026-07-07 00:00:00+00:00
[2026-07-07T09:33:05.340+0000] {processor.py:183} INFO - Processing /home/airflow/.local/lib/python3.8/site-packages/airflow/example_dags/tutorial.py took 0.308 seconds
[2026-07-07T09:33:35.789+0000] {processor.py:161} INFO - Started process (PID=5724) to work on /home/airflow/.local/lib/python3.8/site-packages/airflow/example_dags/tutorial.py
[2026-07-07T09:33:35.792+0000] {processor.py:830} INFO - Processing file /home/airflow/.local/lib/python3.8/site-packages/airflow/example_dags/tutorial.py for tasks to queue
[2026-07-07T09:33:35.795+0000] {logging_mixin.py:188} INFO - [2026-07-07T09:33:35.794+0000] {dagbag.py:538} INFO - Filling up the DagBag from /home/airflow/.local/lib/python3.8/site-packages/airflow/example_dags/tutorial.py
[2026-07-07T09:33:35.825+0000] {processor.py:840} INFO - DAG(s) 'tutorial' retrieved from /home/airflow/.local/lib/python3.8/site-packages/airflow/example_dags/tutorial.py
[2026-07-07T09:33:35.909+0000] {logging_mixin.py:188} INFO - [2026-07-07T09:33:35.908+0000] {dag.py:3036} INFO - Sync 1 DAGs
[2026-07-07T09:33:35.983+0000] {logging_mixin.py:188} INFO - [2026-07-07T09:33:35.983+0000] {dag.py:3823} INFO - Setting next_dagrun for tutorial to 2026-07-06 00:00:00+00:00, run_after=2026-07-07 00:00:00+00:00
[2026-07-07T09:33:36.051+0000] {processor.py:183} INFO - Processing /home/airflow/.local/lib/python3.8/site-packages/airflow/example_dags/tutorial.py took 0.274 seconds
[2026-07-07T09:34:06.393+0000] {processor.py:161} INFO - Started process (PID=5792) to work on /home/airflow/.local/lib/python3.8/site-packages/airflow/example_dags/tutorial.py
[2026-07-07T09:34:06.395+0000] {processor.py:830} INFO - Processing file /home/airflow/.local/lib/python3.8/site-packages/airflow/example_dags/tutorial.py for tasks to queue
[2026-07-07T09:34:06.397+0000] {logging_mixin.py:188} INFO - [2026-07-07T09:34:06.396+0000] {dagbag.py:538} INFO - Filling up the DagBag from /home/airflow/.local/lib/python3.8/site-packages/airflow/example_dags/tutorial.py
[2026-07-07T09:34:06.417+0000] {processor.py:840} INFO - DAG(s) 'tutorial' retrieved from /home/airflow/.local/lib/python3.8/site-packages/airflow/example_dags/tutorial.py
[2026-07-07T09:34:06.484+0000] {logging_mixin.py:188} INFO - [2026-07-07T09:34:06.484+0000] {dag.py:3036} INFO - Sync 1 DAGs
[2026-07-07T09:34:06.635+0000] {logging_mixin.py:188} INFO - [2026-07-07T09:34:06.634+0000] {dag.py:3823} INFO - Setting next_dagrun for tutorial to 2026-07-06 00:00:00+00:00, run_after=2026-07-07 00:00:00+00:00
[2026-07-07T09:34:06.703+0000] {processor.py:183} INFO - Processing /home/airflow/.local/lib/python3.8/site-packages/airflow/example_dags/tutorial.py took 0.322 seconds
[2026-07-07T09:34:37.169+0000] {processor.py:161} INFO - Started process (PID=5859) to work on /home/airflow/.local/lib/python3.8/site-packages/airflow/example_dags/tutorial.py
[2026-07-07T09:34:37.187+0000] {processor.py:830} INFO - Processing file /home/airflow/.local/lib/python3.8/site-packages/airflow/example_dags/tutorial.py for tasks to queue
[2026-07-07T09:34:37.191+0000] {logging_mixin.py:188} INFO - [2026-07-07T09:34:37.190+0000] {dagbag.py:538} INFO - Filling up the DagBag from /home/airflow/.local/lib/python3.8/site-packages/airflow/example_dags/tutorial.py
[2026-07-07T09:34:37.246+0000] {processor.py:840} INFO - DAG(s) 'tutorial' retrieved from /home/airflow/.local/lib/python3.8/site-packages/airflow/example_dags/tutorial.py
[2026-07-07T09:34:37.387+0000] {logging_mixin.py:188} INFO - [2026-07-07T09:34:37.387+0000] {dag.py:3036} INFO - Sync 1 DAGs
[2026-07-07T09:34:37.497+0000] {logging_mixin.py:188} INFO - [2026-07-07T09:34:37.497+0000] {dag.py:3823} INFO - Setting next_dagrun for tutorial to 2026-07-06 00:00:00+00:00, run_after=2026-07-07 00:00:00+00:00
[2026-07-07T09:34:37.616+0000] {processor.py:183} INFO - Processing /home/airflow/.local/lib/python3.8/site-packages/airflow/example_dags/tutorial.py took 0.467 seconds
[2026-07-07T09:35:07.735+0000] {processor.py:161} INFO - Started process (PID=5916) to work on /home/airflow/.local/lib/python3.8/site-packages/airflow/example_dags/tutorial.py
[2026-07-07T09:35:07.738+0000] {processor.py:830} INFO - Processing file /home/airflow/.local/lib/python3.8/site-packages/airflow/example_dags/tutorial.py for tasks to queue
[2026-07-07T09:35:07.740+0000] {logging_mixin.py:188} INFO - [2026-07-07T09:35:07.740+0000] {dagbag.py:538} INFO - Filling up the DagBag from /home/airflow/.local/lib/python3.8/site-packages/airflow/example_dags/tutorial.py
[2026-07-07T09:35:07.768+0000] {processor.py:840} INFO - DAG(s) 'tutorial' retrieved from /home/airflow/.local/lib/python3.8/site-packages/airflow/example_dags/tutorial.py
[2026-07-07T09:35:07.846+0000] {logging_mixin.py:188} INFO - [2026-07-07T09:35:07.845+0000] {dag.py:3036} INFO - Sync 1 DAGs
[2026-07-07T09:35:07.910+0000] {logging_mixin.py:188} INFO - [2026-07-07T09:35:07.910+0000] {dag.py:3823} INFO - Setting next_dagrun for tutorial to 2026-07-06 00:00:00+00:00, run_after=2026-07-07 00:00:00+00:00
[2026-07-07T09:35:07.967+0000] {processor.py:183} INFO - Processing /home/airflow/.local/lib/python3.8/site-packages/airflow/example_dags/tutorial.py took 0.244 seconds
[2026-07-07T09:35:39.624+0000] {processor.py:161} INFO - Started process (PID=5988) to work on /home/airflow/.local/lib/python3.8/site-packages/airflow/example_dags/tutorial.py
[2026-07-07T09:35:39.630+0000] {processor.py:830} INFO - Processing file /home/airflow/.local/lib/python3.8/site-packages/airflow/example_dags/tutorial.py for tasks to queue
[2026-07-07T09:35:39.638+0000] {logging_mixin.py:188} INFO - [2026-07-07T09:35:39.634+0000] {dagbag.py:538} INFO - Filling up the DagBag from /home/airflow/.local/lib/python3.8/site-packages/airflow/example_dags/tutorial.py
[2026-07-07T09:35:39.710+0000] {processor.py:840} INFO - DAG(s) 'tutorial' retrieved from /home/airflow/.local/lib/python3.8/site-packages/airflow/example_dags/tutorial.py
[2026-07-07T09:35:39.876+0000] {logging_mixin.py:188} INFO - [2026-07-07T09:35:39.876+0000] {dag.py:3036} INFO - Sync 1 DAGs
[2026-07-07T09:35:40.019+0000] {logging_mixin.py:188} INFO - [2026-07-07T09:35:40.018+0000] {dag.py:3823} INFO - Setting next_dagrun for tutorial to 2026-07-06 00:00:00+00:00, run_after=2026-07-07 00:00:00+00:00
[2026-07-07T09:35:40.207+0000] {processor.py:183} INFO - Processing /home/airflow/.local/lib/python3.8/site-packages/airflow/example_dags/tutorial.py took 0.611 seconds
[2026-07-07T09:36:10.367+0000] {processor.py:161} INFO - Started process (PID=6056) to work on /home/airflow/.local/lib/python3.8/site-packages/airflow/example_dags/tutorial.py
[2026-07-07T09:36:10.370+0000] {processor.py:830} INFO - Processing file /home/airflow/.local/lib/python3.8/site-packages/airflow/example_dags/tutorial.py for tasks to queue
[2026-07-07T09:36:10.372+0000] {logging_mixin.py:188} INFO - [2026-07-07T09:36:10.371+0000] {dagbag.py:538} INFO - Filling up the DagBag from /home/airflow/.local/lib/python3.8/site-packages/airflow/example_dags/tutorial.py
[2026-07-07T09:36:10.394+0000] {processor.py:840} INFO - DAG(s) 'tutorial' retrieved from /home/airflow/.local/lib/python3.8/site-packages/airflow/example_dags/tutorial.py
[2026-07-07T09:36:10.458+0000] {logging_mixin.py:188} INFO - [2026-07-07T09:36:10.457+0000] {dag.py:3036} INFO - Sync 1 DAGs
[2026-07-07T09:36:10.534+0000] {logging_mixin.py:188} INFO - [2026-07-07T09:36:10.533+0000] {dag.py:3823} INFO - Setting next_dagrun for tutorial to 2026-07-06 00:00:00+00:00, run_after=2026-07-07 00:00:00+00:00
[2026-07-07T09:36:10.588+0000] {processor.py:183} INFO - Processing /home/airflow/.local/lib/python3.8/site-packages/airflow/example_dags/tutorial.py took 0.231 seconds
[2026-07-07T09:36:40.831+0000] {processor.py:161} INFO - Started process (PID=6117) to work on /home/airflow/.local/lib/python3.8/site-packages/airflow/example_dags/tutorial.py
[2026-07-07T09:36:40.834+0000] {processor.py:830} INFO - Processing file /home/airflow/.local/lib/python3.8/site-packages/airflow/example_dags/tutorial.py for tasks to queue
[2026-07-07T09:36:40.835+0000] {logging_mixin.py:188} INFO - [2026-07-07T09:36:40.835+0000] {dagbag.py:538} INFO - Filling up the DagBag from /home/airflow/.local/lib/python3.8/site-packages/airflow/example_dags/tutorial.py
[2026-07-07T09:36:40.855+0000] {processor.py:840} INFO - DAG(s) 'tutorial' retrieved from /home/airflow/.local/lib/python3.8/site-packages/airflow/example_dags/tutorial.py
[2026-07-07T09:36:40.897+0000] {logging_mixin.py:188} INFO - [2026-07-07T09:36:40.896+0000] {dag.py:3036} INFO - Sync 1 DAGs
[2026-07-07T09:36:40.940+0000] {logging_mixin.py:188} INFO - [2026-07-07T09:36:40.940+0000] {dag.py:3823} INFO - Setting next_dagrun for tutorial to 2026-07-06 00:00:00+00:00, run_after=2026-07-07 00:00:00+00:00
[2026-07-07T09:36:40.973+0000] {processor.py:183} INFO - Processing /home/airflow/.local/lib/python3.8/site-packages/airflow/example_dags/tutorial.py took 0.151 seconds
[2026-07-07T09:37:12.519+0000] {processor.py:161} INFO - Started process (PID=6184) to work on /home/airflow/.local/lib/python3.8/site-packages/airflow/example_dags/tutorial.py
[2026-07-07T09:37:12.522+0000] {processor.py:830} INFO - Processing file /home/airflow/.local/lib/python3.8/site-packages/airflow/example_dags/tutorial.py for tasks to queue
[2026-07-07T09:37:12.534+0000] {logging_mixin.py:188} INFO - [2026-07-07T09:37:12.525+0000] {dagbag.py:538} INFO - Filling up the DagBag from /home/airflow/.local/lib/python3.8/site-packages/airflow/example_dags/tutorial.py
[2026-07-07T09:37:12.577+0000] {processor.py:840} INFO - DAG(s) 'tutorial' retrieved from /home/airflow/.local/lib/python3.8/site-packages/airflow/example_dags/tutorial.py
[2026-07-07T09:37:12.666+0000] {logging_mixin.py:188} INFO - [2026-07-07T09:37:12.665+0000] {dag.py:3036} INFO - Sync 1 DAGs
[2026-07-07T09:37:12.757+0000] {logging_mixin.py:188} INFO - [2026-07-07T09:37:12.757+0000] {dag.py:3823} INFO - Setting next_dagrun for tutorial to 2026-07-06 00:00:00+00:00, run_after=2026-07-07 00:00:00+00:00
[2026-07-07T09:37:12.810+0000] {processor.py:183} INFO - Processing /home/airflow/.local/lib/python3.8/site-packages/airflow/example_dags/tutorial.py took 0.302 seconds
[2026-07-07T09:37:43.445+0000] {processor.py:161} INFO - Started process (PID=6247) to work on /home/airflow/.local/lib/python3.8/site-packages/airflow/example_dags/tutorial.py
[2026-07-07T09:37:43.449+0000] {processor.py:830} INFO - Processing file /home/airflow/.local/lib/python3.8/site-packages/airflow/example_dags/tutorial.py for tasks to queue
[2026-07-07T09:37:43.461+0000] {logging_mixin.py:188} INFO - [2026-07-07T09:37:43.459+0000] {dagbag.py:538} INFO - Filling up the DagBag from /home/airflow/.local/lib/python3.8/site-packages/airflow/example_dags/tutorial.py
[2026-07-07T09:37:43.515+0000] {processor.py:840} INFO - DAG(s) 'tutorial' retrieved from /home/airflow/.local/lib/python3.8/site-packages/airflow/example_dags/tutorial.py
[2026-07-07T09:37:43.715+0000] {logging_mixin.py:188} INFO - [2026-07-07T09:37:43.708+0000] {dag.py:3036} INFO - Sync 1 DAGs
[2026-07-07T09:37:43.836+0000] {logging_mixin.py:188} INFO - [2026-07-07T09:37:43.822+0000] {dag.py:3823} INFO - Setting next_dagrun for tutorial to 2026-07-06 00:00:00+00:00, run_after=2026-07-07 00:00:00+00:00
[2026-07-07T09:37:43.921+0000] {processor.py:183} INFO - Processing /home/airflow/.local/lib/python3.8/site-packages/airflow/example_dags/tutorial.py took 0.533 seconds
[2026-07-07T09:38:14.863+0000] {processor.py:161} INFO - Started process (PID=6308) to work on /home/airflow/.local/lib/python3.8/site-packages/airflow/example_dags/tutorial.py
[2026-07-07T09:38:14.865+0000] {processor.py:830} INFO - Processing file /home/airflow/.local/lib/python3.8/site-packages/airflow/example_dags/tutorial.py for tasks to queue
[2026-07-07T09:38:14.867+0000] {logging_mixin.py:188} INFO - [2026-07-07T09:38:14.866+0000] {dagbag.py:538} INFO - Filling up the DagBag from /home/airflow/.local/lib/python3.8/site-packages/airflow/example_dags/tutorial.py
[2026-07-07T09:38:14.893+0000] {processor.py:840} INFO - DAG(s) 'tutorial' retrieved from /home/airflow/.local/lib/python3.8/site-packages/airflow/example_dags/tutorial.py
[2026-07-07T09:38:15.007+0000] {logging_mixin.py:188} INFO - [2026-07-07T09:38:15.006+0000] {dag.py:3036} INFO - Sync 1 DAGs
[2026-07-07T09:38:15.096+0000] {logging_mixin.py:188} INFO - [2026-07-07T09:38:15.096+0000] {dag.py:3823} INFO - Setting next_dagrun for tutorial to 2026-07-06 00:00:00+00:00, run_after=2026-07-07 00:00:00+00:00
[2026-07-07T09:38:15.172+0000] {processor.py:183} INFO - Processing /home/airflow/.local/lib/python3.8/site-packages/airflow/example_dags/tutorial.py took 0.332 seconds
[2026-07-07T09:38:45.495+0000] {processor.py:161} INFO - Started process (PID=6375) to work on /home/airflow/.local/lib/python3.8/site-packages/airflow/example_dags/tutorial.py
[2026-07-07T09:38:45.502+0000] {processor.py:830} INFO - Processing file /home/airflow/.local/lib/python3.8/site-packages/airflow/example_dags/tutorial.py for tasks to queue
[2026-07-07T09:38:45.507+0000] {logging_mixin.py:188} INFO - [2026-07-07T09:38:45.506+0000] {dagbag.py:538} INFO - Filling up the DagBag from /home/airflow/.local/lib/python3.8/site-packages/airflow/example_dags/tutorial.py
[2026-07-07T09:38:45.530+0000] {processor.py:840} INFO - DAG(s) 'tutorial' retrieved from /home/airflow/.local/lib/python3.8/site-packages/airflow/example_dags/tutorial.py
[2026-07-07T09:38:45.612+0000] {logging_mixin.py:188} INFO - [2026-07-07T09:38:45.611+0000] {dag.py:3036} INFO - Sync 1 DAGs
[2026-07-07T09:38:45.707+0000] {logging_mixin.py:188} INFO - [2026-07-07T09:38:45.707+0000] {dag.py:3823} INFO - Setting next_dagrun for tutorial to 2026-07-06 00:00:00+00:00, run_after=2026-07-07 00:00:00+00:00
[2026-07-07T09:38:45.782+0000] {processor.py:183} INFO - Processing /home/airflow/.local/lib/python3.8/site-packages/airflow/example_dags/tutorial.py took 0.302 seconds
[2026-07-07T09:39:16.369+0000] {processor.py:161} INFO - Started process (PID=6441) to work on /home/airflow/.local/lib/python3.8/site-packages/airflow/example_dags/tutorial.py
[2026-07-07T09:39:16.372+0000] {processor.py:830} INFO - Processing file /home/airflow/.local/lib/python3.8/site-packages/airflow/example_dags/tutorial.py for tasks to queue
[2026-07-07T09:39:16.376+0000] {logging_mixin.py:188} INFO - [2026-07-07T09:39:16.374+0000] {dagbag.py:538} INFO - Filling up the DagBag from /home/airflow/.local/lib/python3.8/site-packages/airflow/example_dags/tutorial.py
[2026-07-07T09:39:16.398+0000] {processor.py:840} INFO - DAG(s) 'tutorial' retrieved from /home/airflow/.local/lib/python3.8/site-packages/airflow/example_dags/tutorial.py
[2026-07-07T09:39:16.450+0000] {logging_mixin.py:188} INFO - [2026-07-07T09:39:16.450+0000] {dag.py:3036} INFO - Sync 1 DAGs
[2026-07-07T09:39:16.506+0000] {logging_mixin.py:188} INFO - [2026-07-07T09:39:16.506+0000] {dag.py:3823} INFO - Setting next_dagrun for tutorial to 2026-07-06 00:00:00+00:00, run_after=2026-07-07 00:00:00+00:00
[2026-07-07T09:39:16.566+0000] {processor.py:183} INFO - Processing /home/airflow/.local/lib/python3.8/site-packages/airflow/example_dags/tutorial.py took 0.210 seconds
[2026-07-07T09:39:46.775+0000] {processor.py:161} INFO - Started process (PID=6508) to work on /home/airflow/.local/lib/python3.8/site-packages/airflow/example_dags/tutorial.py
[2026-07-07T09:39:46.777+0000] {processor.py:830} INFO - Processing file /home/airflow/.local/lib/python3.8/site-packages/airflow/example_dags/tutorial.py for tasks to queue
[2026-07-07T09:39:46.780+0000] {logging_mixin.py:188} INFO - [2026-07-07T09:39:46.779+0000] {dagbag.py:538} INFO - Filling up the DagBag from /home/airflow/.local/lib/python3.8/site-packages/airflow/example_dags/tutorial.py
[2026-07-07T09:39:46.803+0000] {processor.py:840} INFO - DAG(s) 'tutorial' retrieved from /home/airflow/.local/lib/python3.8/site-packages/airflow/example_dags/tutorial.py
[2026-07-07T09:39:46.856+0000] {logging_mixin.py:188} INFO - [2026-07-07T09:39:46.856+0000] {dag.py:3036} INFO - Sync 1 DAGs
[2026-07-07T09:39:46.926+0000] {logging_mixin.py:188} INFO - [2026-07-07T09:39:46.925+0000] {dag.py:3823} INFO - Setting next_dagrun for tutorial to 2026-07-06 00:00:00+00:00, run_after=2026-07-07 00:00:00+00:00
[2026-07-07T09:39:46.970+0000] {processor.py:183} INFO - Processing /home/airflow/.local/lib/python3.8/site-packages/airflow/example_dags/tutorial.py took 0.204 seconds
[2026-07-07T09:40:17.484+0000] {processor.py:161} INFO - Started process (PID=6575) to work on /home/airflow/.local/lib/python3.8/site-packages/airflow/example_dags/tutorial.py
[2026-07-07T09:40:17.487+0000] {processor.py:830} INFO - Processing file /home/airflow/.local/lib/python3.8/site-packages/airflow/example_dags/tutorial.py for tasks to queue
[2026-07-07T09:40:17.490+0000] {logging_mixin.py:188} INFO - [2026-07-07T09:40:17.489+0000] {dagbag.py:538} INFO - Filling up the DagBag from /home/airflow/.local/lib/python3.8/site-packages/airflow/example_dags/tutorial.py
[2026-07-07T09:40:17.515+0000] {processor.py:840} INFO - DAG(s) 'tutorial' retrieved from /home/airflow/.local/lib/python3.8/site-packages/airflow/example_dags/tutorial.py
[2026-07-07T09:40:17.611+0000] {logging_mixin.py:188} INFO - [2026-07-07T09:40:17.611+0000] {dag.py:3036} INFO - Sync 1 DAGs
[2026-07-07T09:40:17.740+0000] {logging_mixin.py:188} INFO - [2026-07-07T09:40:17.739+0000] {dag.py:3823} INFO - Setting next_dagrun for tutorial to 2026-07-06 00:00:00+00:00, run_after=2026-07-07 00:00:00+00:00
[2026-07-07T09:40:17.813+0000] {processor.py:183} INFO - Processing /home/airflow/.local/lib/python3.8/site-packages/airflow/example_dags/tutorial.py took 0.341 seconds
[2026-07-07T09:40:47.911+0000] {processor.py:161} INFO - Started process (PID=6633) to work on /home/airflow/.local/lib/python3.8/site-packages/airflow/example_dags/tutorial.py
[2026-07-07T09:40:47.913+0000] {processor.py:830} INFO - Processing file /home/airflow/.local/lib/python3.8/site-packages/airflow/example_dags/tutorial.py for tasks to queue
[2026-07-07T09:40:47.915+0000] {logging_mixin.py:188} INFO - [2026-07-07T09:40:47.915+0000] {dagbag.py:538} INFO - Filling up the DagBag from /home/airflow/.local/lib/python3.8/site-packages/airflow/example_dags/tutorial.py
[2026-07-07T09:40:47.929+0000] {processor.py:840} INFO - DAG(s) 'tutorial' retrieved from /home/airflow/.local/lib/python3.8/site-packages/airflow/example_dags/tutorial.py
[2026-07-07T09:40:47.974+0000] {logging_mixin.py:188} INFO - [2026-07-07T09:40:47.974+0000] {dag.py:3036} INFO - Sync 1 DAGs
[2026-07-07T09:40:48.018+0000] {logging_mixin.py:188} INFO - [2026-07-07T09:40:48.017+0000] {dag.py:3823} INFO - Setting next_dagrun for tutorial to 2026-07-06 00:00:00+00:00, run_after=2026-07-07 00:00:00+00:00
[2026-07-07T09:40:48.062+0000] {processor.py:183} INFO - Processing /home/airflow/.local/lib/python3.8/site-packages/airflow/example_dags/tutorial.py took 0.158 seconds
[2026-07-07T09:41:18.296+0000] {processor.py:161} INFO - Started process (PID=6697) to work on /home/airflow/.local/lib/python3.8/site-packages/airflow/example_dags/tutorial.py
[2026-07-07T09:41:18.304+0000] {processor.py:830} INFO - Processing file /home/airflow/.local/lib/python3.8/site-packages/airflow/example_dags/tutorial.py for tasks to queue
[2026-07-07T09:41:18.308+0000] {logging_mixin.py:188} INFO - [2026-07-07T09:41:18.307+0000] {dagbag.py:538} INFO - Filling up the DagBag from /home/airflow/.local/lib/python3.8/site-packages/airflow/example_dags/tutorial.py
[2026-07-07T09:41:18.331+0000] {processor.py:840} INFO - DAG(s) 'tutorial' retrieved from /home/airflow/.local/lib/python3.8/site-packages/airflow/example_dags/tutorial.py
[2026-07-07T09:41:18.395+0000] {logging_mixin.py:188} INFO - [2026-07-07T09:41:18.394+0000] {dag.py:3036} INFO - Sync 1 DAGs
[2026-07-07T09:41:18.451+0000] {logging_mixin.py:188} INFO - [2026-07-07T09:41:18.451+0000] {dag.py:3823} INFO - Setting next_dagrun for tutorial to 2026-07-06 00:00:00+00:00, run_after=2026-07-07 00:00:00+00:00
[2026-07-07T09:41:18.496+0000] {processor.py:183} INFO - Processing /home/airflow/.local/lib/python3.8/site-packages/airflow/example_dags/tutorial.py took 0.214 seconds
[2026-07-07T09:41:48.651+0000] {processor.py:161} INFO - Started process (PID=6764) to work on /home/airflow/.local/lib/python3.8/site-packages/airflow/example_dags/tutorial.py
[2026-07-07T09:41:48.654+0000] {processor.py:830} INFO - Processing file /home/airflow/.local/lib/python3.8/site-packages/airflow/example_dags/tutorial.py for tasks to queue
[2026-07-07T09:41:48.655+0000] {logging_mixin.py:188} INFO - [2026-07-07T09:41:48.655+0000] {dagbag.py:538} INFO - Filling up the DagBag from /home/airflow/.local/lib/python3.8/site-packages/airflow/example_dags/tutorial.py
[2026-07-07T09:41:48.668+0000] {processor.py:840} INFO - DAG(s) 'tutorial' retrieved from /home/airflow/.local/lib/python3.8/site-packages/airflow/example_dags/tutorial.py
[2026-07-07T09:41:48.708+0000] {logging_mixin.py:188} INFO - [2026-07-07T09:41:48.708+0000] {dag.py:3036} INFO - Sync 1 DAGs
[2026-07-07T09:41:48.756+0000] {logging_mixin.py:188} INFO - [2026-07-07T09:41:48.755+0000] {dag.py:3823} INFO - Setting next_dagrun for tutorial to 2026-07-06 00:00:00+00:00, run_after=2026-07-07 00:00:00+00:00
[2026-07-07T09:41:48.789+0000] {processor.py:183} INFO - Processing /home/airflow/.local/lib/python3.8/site-packages/airflow/example_dags/tutorial.py took 0.145 seconds
[2026-07-07T09:42:19.072+0000] {processor.py:161} INFO - Started process (PID=6830) to work on /home/airflow/.local/lib/python3.8/site-packages/airflow/example_dags/tutorial.py
[2026-07-07T09:42:19.075+0000] {processor.py:830} INFO - Processing file /home/airflow/.local/lib/python3.8/site-packages/airflow/example_dags/tutorial.py for tasks to queue
[2026-07-07T09:42:19.077+0000] {logging_mixin.py:188} INFO - [2026-07-07T09:42:19.076+0000] {dagbag.py:538} INFO - Filling up the DagBag from /home/airflow/.local/lib/python3.8/site-packages/airflow/example_dags/tutorial.py
[2026-07-07T09:42:19.093+0000] {processor.py:840} INFO - DAG(s) 'tutorial' retrieved from /home/airflow/.local/lib/python3.8/site-packages/airflow/example_dags/tutorial.py
[2026-07-07T09:42:19.189+0000] {logging_mixin.py:188} INFO - [2026-07-07T09:42:19.188+0000] {dag.py:3036} INFO - Sync 1 DAGs
[2026-07-07T09:42:19.301+0000] {logging_mixin.py:188} INFO - [2026-07-07T09:42:19.301+0000] {dag.py:3823} INFO - Setting next_dagrun for tutorial to 2026-07-06 00:00:00+00:00, run_after=2026-07-07 00:00:00+00:00
[2026-07-07T09:42:19.359+0000] {processor.py:183} INFO - Processing /home/airflow/.local/lib/python3.8/site-packages/airflow/example_dags/tutorial.py took 0.298 seconds
[2026-07-07T09:42:49.760+0000] {processor.py:161} INFO - Started process (PID=6897) to work on /home/airflow/.local/lib/python3.8/site-packages/airflow/example_dags/tutorial.py
[2026-07-07T09:42:49.764+0000] {processor.py:830} INFO - Processing file /home/airflow/.local/lib/python3.8/site-packages/airflow/example_dags/tutorial.py for tasks to queue
[2026-07-07T09:42:49.768+0000] {logging_mixin.py:188} INFO - [2026-07-07T09:42:49.767+0000] {dagbag.py:538} INFO - Filling up the DagBag from /home/airflow/.local/lib/python3.8/site-packages/airflow/example_dags/tutorial.py
[2026-07-07T09:42:49.793+0000] {processor.py:840} INFO - DAG(s) 'tutorial' retrieved from /home/airflow/.local/lib/python3.8/site-packages/airflow/example_dags/tutorial.py
[2026-07-07T09:42:49.874+0000] {logging_mixin.py:188} INFO - [2026-07-07T09:42:49.873+0000] {dag.py:3036} INFO - Sync 1 DAGs
[2026-07-07T09:42:49.944+0000] {logging_mixin.py:188} INFO - [2026-07-07T09:42:49.943+0000] {dag.py:3823} INFO - Setting next_dagrun for tutorial to 2026-07-06 00:00:00+00:00, run_after=2026-07-07 00:00:00+00:00
[2026-07-07T09:42:49.995+0000] {processor.py:183} INFO - Processing /home/airflow/.local/lib/python3.8/site-packages/airflow/example_dags/tutorial.py took 0.250 seconds
[2026-07-07T09:43:20.396+0000] {processor.py:161} INFO - Started process (PID=6964) to work on /home/airflow/.local/lib/python3.8/site-packages/airflow/example_dags/tutorial.py
[2026-07-07T09:43:20.400+0000] {processor.py:830} INFO - Processing file /home/airflow/.local/lib/python3.8/site-packages/airflow/example_dags/tutorial.py for tasks to queue
[2026-07-07T09:43:20.402+0000] {logging_mixin.py:188} INFO - [2026-07-07T09:43:20.401+0000] {dagbag.py:538} INFO - Filling up the DagBag from /home/airflow/.local/lib/python3.8/site-packages/airflow/example_dags/tutorial.py
[2026-07-07T09:43:20.420+0000] {processor.py:840} INFO - DAG(s) 'tutorial' retrieved from /home/airflow/.local/lib/python3.8/site-packages/airflow/example_dags/tutorial.py
[2026-07-07T09:43:20.467+0000] {logging_mixin.py:188} INFO - [2026-07-07T09:43:20.467+0000] {dag.py:3036} INFO - Sync 1 DAGs
[2026-07-07T09:43:20.516+0000] {logging_mixin.py:188} INFO - [2026-07-07T09:43:20.515+0000] {dag.py:3823} INFO - Setting next_dagrun for tutorial to 2026-07-06 00:00:00+00:00, run_after=2026-07-07 00:00:00+00:00
[2026-07-07T09:43:20.553+0000] {processor.py:183} INFO - Processing /home/airflow/.local/lib/python3.8/site-packages/airflow/example_dags/tutorial.py took 0.165 seconds
[2026-07-07T09:43:51.100+0000] {processor.py:161} INFO - Started process (PID=7031) to work on /home/airflow/.local/lib/python3.8/site-packages/airflow/example_dags/tutorial.py
[2026-07-07T09:43:51.114+0000] {processor.py:830} INFO - Processing file /home/airflow/.local/lib/python3.8/site-packages/airflow/example_dags/tutorial.py for tasks to queue
[2026-07-07T09:43:51.116+0000] {logging_mixin.py:188} INFO - [2026-07-07T09:43:51.115+0000] {dagbag.py:538} INFO - Filling up the DagBag from /home/airflow/.local/lib/python3.8/site-packages/airflow/example_dags/tutorial.py
[2026-07-07T09:43:51.139+0000] {processor.py:840} INFO - DAG(s) 'tutorial' retrieved from /home/airflow/.local/lib/python3.8/site-packages/airflow/example_dags/tutorial.py
[2026-07-07T09:43:51.224+0000] {logging_mixin.py:188} INFO - [2026-07-07T09:43:51.224+0000] {dag.py:3036} INFO - Sync 1 DAGs
[2026-07-07T09:43:51.294+0000] {logging_mixin.py:188} INFO - [2026-07-07T09:43:51.293+0000] {dag.py:3823} INFO - Setting next_dagrun for tutorial to 2026-07-06 00:00:00+00:00, run_after=2026-07-07 00:00:00+00:00
[2026-07-07T09:43:51.342+0000] {processor.py:183} INFO - Processing /home/airflow/.local/lib/python3.8/site-packages/airflow/example_dags/tutorial.py took 0.266 seconds
[2026-07-07T09:44:22.042+0000] {processor.py:161} INFO - Started process (PID=7098) to work on /home/airflow/.local/lib/python3.8/site-packages/airflow/example_dags/tutorial.py
[2026-07-07T09:44:22.060+0000] {processor.py:830} INFO - Processing file /home/airflow/.local/lib/python3.8/site-packages/airflow/example_dags/tutorial.py for tasks to queue
[2026-07-07T09:44:22.062+0000] {logging_mixin.py:188} INFO - [2026-07-07T09:44:22.061+0000] {dagbag.py:538} INFO - Filling up the DagBag from /home/airflow/.local/lib/python3.8/site-packages/airflow/example_dags/tutorial.py
[2026-07-07T09:44:22.129+0000] {processor.py:840} INFO - DAG(s) 'tutorial' retrieved from /home/airflow/.local/lib/python3.8/site-packages/airflow/example_dags/tutorial.py
[2026-07-07T09:44:22.265+0000] {logging_mixin.py:188} INFO - [2026-07-07T09:44:22.264+0000] {dag.py:3036} INFO - Sync 1 DAGs
[2026-07-07T09:44:22.374+0000] {logging_mixin.py:188} INFO - [2026-07-07T09:44:22.374+0000] {dag.py:3823} INFO - Setting next_dagrun for tutorial to 2026-07-06 00:00:00+00:00, run_after=2026-07-07 00:00:00+00:00
[2026-07-07T09:44:22.440+0000] {processor.py:183} INFO - Processing /home/airflow/.local/lib/python3.8/site-packages/airflow/example_dags/tutorial.py took 0.419 seconds
[2026-07-07T09:44:52.577+0000] {processor.py:161} INFO - Started process (PID=7164) to work on /home/airflow/.local/lib/python3.8/site-packages/airflow/example_dags/tutorial.py
[2026-07-07T09:44:52.583+0000] {processor.py:830} INFO - Processing file /home/airflow/.local/lib/python3.8/site-packages/airflow/example_dags/tutorial.py for tasks to queue
[2026-07-07T09:44:52.591+0000] {logging_mixin.py:188} INFO - [2026-07-07T09:44:52.590+0000] {dagbag.py:538} INFO - Filling up the DagBag from /home/airflow/.local/lib/python3.8/site-packages/airflow/example_dags/tutorial.py
[2026-07-07T09:44:52.622+0000] {processor.py:840} INFO - DAG(s) 'tutorial' retrieved from /home/airflow/.local/lib/python3.8/site-packages/airflow/example_dags/tutorial.py
[2026-07-07T09:44:52.692+0000] {logging_mixin.py:188} INFO - [2026-07-07T09:44:52.691+0000] {dag.py:3036} INFO - Sync 1 DAGs
[2026-07-07T09:44:52.777+0000] {logging_mixin.py:188} INFO - [2026-07-07T09:44:52.776+0000] {dag.py:3823} INFO - Setting next_dagrun for tutorial to 2026-07-06 00:00:00+00:00, run_after=2026-07-07 00:00:00+00:00
[2026-07-07T09:44:52.856+0000] {processor.py:183} INFO - Processing /home/airflow/.local/lib/python3.8/site-packages/airflow/example_dags/tutorial.py took 0.292 seconds
[2026-07-07T09:45:22.960+0000] {processor.py:161} INFO - Started process (PID=7221) to work on /home/airflow/.local/lib/python3.8/site-packages/airflow/example_dags/tutorial.py
[2026-07-07T09:45:22.967+0000] {processor.py:830} INFO - Processing file /home/airflow/.local/lib/python3.8/site-packages/airflow/example_dags/tutorial.py for tasks to queue
[2026-07-07T09:45:22.970+0000] {logging_mixin.py:188} INFO - [2026-07-07T09:45:22.968+0000] {dagbag.py:538} INFO - Filling up the DagBag from /home/airflow/.local/lib/python3.8/site-packages/airflow/example_dags/tutorial.py
[2026-07-07T09:45:22.990+0000] {processor.py:840} INFO - DAG(s) 'tutorial' retrieved from /home/airflow/.local/lib/python3.8/site-packages/airflow/example_dags/tutorial.py
[2026-07-07T09:45:23.085+0000] {logging_mixin.py:188} INFO - [2026-07-07T09:45:23.085+0000] {dag.py:3036} INFO - Sync 1 DAGs
[2026-07-07T09:45:23.137+0000] {logging_mixin.py:188} INFO - [2026-07-07T09:45:23.137+0000] {dag.py:3823} INFO - Setting next_dagrun for tutorial to 2026-07-06 00:00:00+00:00, run_after=2026-07-07 00:00:00+00:00
[2026-07-07T09:45:23.176+0000] {processor.py:183} INFO - Processing /home/airflow/.local/lib/python3.8/site-packages/airflow/example_dags/tutorial.py took 0.223 seconds
[2026-07-07T09:45:53.794+0000] {processor.py:161} INFO - Started process (PID=7286) to work on /home/airflow/.local/lib/python3.8/site-packages/airflow/example_dags/tutorial.py
[2026-07-07T09:45:53.798+0000] {processor.py:830} INFO - Processing file /home/airflow/.local/lib/python3.8/site-packages/airflow/example_dags/tutorial.py for tasks to queue
[2026-07-07T09:45:53.800+0000] {logging_mixin.py:188} INFO - [2026-07-07T09:45:53.799+0000] {dagbag.py:538} INFO - Filling up the DagBag from /home/airflow/.local/lib/python3.8/site-packages/airflow/example_dags/tutorial.py
[2026-07-07T09:45:53.819+0000] {processor.py:840} INFO - DAG(s) 'tutorial' retrieved from /home/airflow/.local/lib/python3.8/site-packages/airflow/example_dags/tutorial.py
[2026-07-07T09:45:53.865+0000] {logging_mixin.py:188} INFO - [2026-07-07T09:45:53.864+0000] {dag.py:3036} INFO - Sync 1 DAGs
[2026-07-07T09:45:53.916+0000] {logging_mixin.py:188} INFO - [2026-07-07T09:45:53.915+0000] {dag.py:3823} INFO - Setting next_dagrun for tutorial to 2026-07-06 00:00:00+00:00, run_after=2026-07-07 00:00:00+00:00
[2026-07-07T09:45:53.986+0000] {processor.py:183} INFO - Processing /home/airflow/.local/lib/python3.8/site-packages/airflow/example_dags/tutorial.py took 0.199 seconds
[2026-07-07T09:46:24.305+0000] {processor.py:161} INFO - Started process (PID=7350) to work on /home/airflow/.local/lib/python3.8/site-packages/airflow/example_dags/tutorial.py
[2026-07-07T09:46:24.308+0000] {processor.py:830} INFO - Processing file /home/airflow/.local/lib/python3.8/site-packages/airflow/example_dags/tutorial.py for tasks to queue
[2026-07-07T09:46:24.330+0000] {logging_mixin.py:188} INFO - [2026-07-07T09:46:24.329+0000] {dagbag.py:538} INFO - Filling up the DagBag from /home/airflow/.local/lib/python3.8/site-packages/airflow/example_dags/tutorial.py
[2026-07-07T09:46:24.349+0000] {processor.py:840} INFO - DAG(s) 'tutorial' retrieved from /home/airflow/.local/lib/python3.8/site-packages/airflow/example_dags/tutorial.py
[2026-07-07T09:46:24.409+0000] {logging_mixin.py:188} INFO - [2026-07-07T09:46:24.409+0000] {dag.py:3036} INFO - Sync 1 DAGs
[2026-07-07T09:46:24.490+0000] {logging_mixin.py:188} INFO - [2026-07-07T09:46:24.489+0000] {dag.py:3823} INFO - Setting next_dagrun for tutorial to 2026-07-06 00:00:00+00:00, run_after=2026-07-07 00:00:00+00:00
[2026-07-07T09:46:24.558+0000] {processor.py:183} INFO - Processing /home/airflow/.local/lib/python3.8/site-packages/airflow/example_dags/tutorial.py took 0.283 seconds
[2026-07-07T09:46:54.884+0000] {processor.py:161} INFO - Started process (PID=7409) to work on /home/airflow/.local/lib/python3.8/site-packages/airflow/example_dags/tutorial.py
[2026-07-07T09:46:54.887+0000] {processor.py:830} INFO - Processing file /home/airflow/.local/lib/python3.8/site-packages/airflow/example_dags/tutorial.py for tasks to queue
[2026-07-07T09:46:54.890+0000] {logging_mixin.py:188} INFO - [2026-07-07T09:46:54.889+0000] {dagbag.py:538} INFO - Filling up the DagBag from /home/airflow/.local/lib/python3.8/site-packages/airflow/example_dags/tutorial.py
[2026-07-07T09:46:54.925+0000] {processor.py:840} INFO - DAG(s) 'tutorial' retrieved from /home/airflow/.local/lib/python3.8/site-packages/airflow/example_dags/tutorial.py
[2026-07-07T09:46:54.984+0000] {logging_mixin.py:188} INFO - [2026-07-07T09:46:54.984+0000] {dag.py:3036} INFO - Sync 1 DAGs
[2026-07-07T09:46:55.042+0000] {logging_mixin.py:188} INFO - [2026-07-07T09:46:55.042+0000] {dag.py:3823} INFO - Setting next_dagrun for tutorial to 2026-07-06 00:00:00+00:00, run_after=2026-07-07 00:00:00+00:00
[2026-07-07T09:46:55.085+0000] {processor.py:183} INFO - Processing /home/airflow/.local/lib/python3.8/site-packages/airflow/example_dags/tutorial.py took 0.210 seconds
