[2026-07-07T09:09:02.219+0000] {processor.py:161} INFO - Started process (PID=4175) to work on /home/airflow/.local/lib/python3.8/site-packages/airflow/example_dags/tutorial_taskflow_api.py
[2026-07-07T09:09:02.230+0000] {processor.py:830} INFO - Processing file /home/airflow/.local/lib/python3.8/site-packages/airflow/example_dags/tutorial_taskflow_api.py for tasks to queue
[2026-07-07T09:09:02.241+0000] {logging_mixin.py:188} INFO - [2026-07-07T09:09:02.232+0000] {dagbag.py:538} INFO - Filling up the DagBag from /home/airflow/.local/lib/python3.8/site-packages/airflow/example_dags/tutorial_taskflow_api.py
[2026-07-07T09:09:02.318+0000] {processor.py:840} INFO - DAG(s) 'tutorial_taskflow_api' retrieved from /home/airflow/.local/lib/python3.8/site-packages/airflow/example_dags/tutorial_taskflow_api.py
[2026-07-07T09:09:02.417+0000] {logging_mixin.py:188} INFO - [2026-07-07T09:09:02.416+0000] {dag.py:3036} INFO - Sync 1 DAGs
[2026-07-07T09:09:02.456+0000] {logging_mixin.py:188} INFO - [2026-07-07T09:09:02.455+0000] {dag.py:3823} INFO - Setting next_dagrun for tutorial_taskflow_api to None, run_after=None
[2026-07-07T09:09:02.585+0000] {processor.py:183} INFO - Processing /home/airflow/.local/lib/python3.8/site-packages/airflow/example_dags/tutorial_taskflow_api.py took 0.401 seconds
[2026-07-07T09:09:33.358+0000] {processor.py:161} INFO - Started process (PID=4242) to work on /home/airflow/.local/lib/python3.8/site-packages/airflow/example_dags/tutorial_taskflow_api.py
[2026-07-07T09:09:33.368+0000] {processor.py:830} INFO - Processing file /home/airflow/.local/lib/python3.8/site-packages/airflow/example_dags/tutorial_taskflow_api.py for tasks to queue
[2026-07-07T09:09:33.370+0000] {logging_mixin.py:188} INFO - [2026-07-07T09:09:33.369+0000] {dagbag.py:538} INFO - Filling up the DagBag from /home/airflow/.local/lib/python3.8/site-packages/airflow/example_dags/tutorial_taskflow_api.py
[2026-07-07T09:09:33.395+0000] {processor.py:840} INFO - DAG(s) 'tutorial_taskflow_api' retrieved from /home/airflow/.local/lib/python3.8/site-packages/airflow/example_dags/tutorial_taskflow_api.py
[2026-07-07T09:09:33.513+0000] {logging_mixin.py:188} INFO - [2026-07-07T09:09:33.512+0000] {dag.py:3036} INFO - Sync 1 DAGs
[2026-07-07T09:09:33.569+0000] {logging_mixin.py:188} INFO - [2026-07-07T09:09:33.569+0000] {dag.py:3823} INFO - Setting next_dagrun for tutorial_taskflow_api to None, run_after=None
[2026-07-07T09:09:33.671+0000] {processor.py:183} INFO - Processing /home/airflow/.local/lib/python3.8/site-packages/airflow/example_dags/tutorial_taskflow_api.py took 0.323 seconds
[2026-07-07T09:10:04.101+0000] {processor.py:161} INFO - Started process (PID=4309) to work on /home/airflow/.local/lib/python3.8/site-packages/airflow/example_dags/tutorial_taskflow_api.py
[2026-07-07T09:10:04.122+0000] {processor.py:830} INFO - Processing file /home/airflow/.local/lib/python3.8/site-packages/airflow/example_dags/tutorial_taskflow_api.py for tasks to queue
[2026-07-07T09:10:04.125+0000] {logging_mixin.py:188} INFO - [2026-07-07T09:10:04.124+0000] {dagbag.py:538} INFO - Filling up the DagBag from /home/airflow/.local/lib/python3.8/site-packages/airflow/example_dags/tutorial_taskflow_api.py
[2026-07-07T09:10:04.149+0000] {processor.py:840} INFO - DAG(s) 'tutorial_taskflow_api' retrieved from /home/airflow/.local/lib/python3.8/site-packages/airflow/example_dags/tutorial_taskflow_api.py
[2026-07-07T09:10:04.297+0000] {logging_mixin.py:188} INFO - [2026-07-07T09:10:04.297+0000] {dag.py:3036} INFO - Sync 1 DAGs
[2026-07-07T09:10:04.361+0000] {logging_mixin.py:188} INFO - [2026-07-07T09:10:04.360+0000] {dag.py:3823} INFO - Setting next_dagrun for tutorial_taskflow_api to None, run_after=None
[2026-07-07T09:10:04.484+0000] {processor.py:183} INFO - Processing /home/airflow/.local/lib/python3.8/site-packages/airflow/example_dags/tutorial_taskflow_api.py took 0.402 seconds
[2026-07-07T09:10:35.202+0000] {processor.py:161} INFO - Started process (PID=4366) to work on /home/airflow/.local/lib/python3.8/site-packages/airflow/example_dags/tutorial_taskflow_api.py
[2026-07-07T09:10:35.239+0000] {processor.py:830} INFO - Processing file /home/airflow/.local/lib/python3.8/site-packages/airflow/example_dags/tutorial_taskflow_api.py for tasks to queue
[2026-07-07T09:10:35.270+0000] {logging_mixin.py:188} INFO - [2026-07-07T09:10:35.270+0000] {dagbag.py:538} INFO - Filling up the DagBag from /home/airflow/.local/lib/python3.8/site-packages/airflow/example_dags/tutorial_taskflow_api.py
[2026-07-07T09:10:35.493+0000] {processor.py:840} INFO - DAG(s) 'tutorial_taskflow_api' retrieved from /home/airflow/.local/lib/python3.8/site-packages/airflow/example_dags/tutorial_taskflow_api.py
[2026-07-07T09:10:35.898+0000] {logging_mixin.py:188} INFO - [2026-07-07T09:10:35.898+0000] {dag.py:3036} INFO - Sync 1 DAGs
[2026-07-07T09:10:36.056+0000] {logging_mixin.py:188} INFO - [2026-07-07T09:10:36.055+0000] {dag.py:3823} INFO - Setting next_dagrun for tutorial_taskflow_api to None, run_after=None
[2026-07-07T09:10:36.322+0000] {processor.py:183} INFO - Processing /home/airflow/.local/lib/python3.8/site-packages/airflow/example_dags/tutorial_taskflow_api.py took 1.179 seconds
[2026-07-07T09:12:46.712+0000] {processor.py:161} INFO - Started process (PID=4460) to work on /home/airflow/.local/lib/python3.8/site-packages/airflow/example_dags/tutorial_taskflow_api.py
[2026-07-07T09:12:50.312+0000] {processor.py:830} INFO - Processing file /home/airflow/.local/lib/python3.8/site-packages/airflow/example_dags/tutorial_taskflow_api.py for tasks to queue
[2026-07-07T09:12:50.504+0000] {logging_mixin.py:188} INFO - [2026-07-07T09:12:50.466+0000] {dagbag.py:538} INFO - Filling up the DagBag from /home/airflow/.local/lib/python3.8/site-packages/airflow/example_dags/tutorial_taskflow_api.py
[2026-07-07T09:12:51.497+0000] {processor.py:840} INFO - DAG(s) 'tutorial_taskflow_api' retrieved from /home/airflow/.local/lib/python3.8/site-packages/airflow/example_dags/tutorial_taskflow_api.py
[2026-07-07T09:12:55.508+0000] {logging_mixin.py:188} INFO - [2026-07-07T09:12:55.508+0000] {dag.py:3036} INFO - Sync 1 DAGs
[2026-07-07T09:12:59.655+0000] {logging_mixin.py:188} INFO - [2026-07-07T09:12:59.654+0000] {dag.py:3823} INFO - Setting next_dagrun for tutorial_taskflow_api to None, run_after=None
[2026-07-07T09:12:59.810+0000] {processor.py:183} INFO - Processing /home/airflow/.local/lib/python3.8/site-packages/airflow/example_dags/tutorial_taskflow_api.py took 13.918 seconds
[2026-07-07T09:20:11.873+0000] {processor.py:161} INFO - Started process (PID=4642) to work on /home/airflow/.local/lib/python3.8/site-packages/airflow/example_dags/tutorial_taskflow_api.py
[2026-07-07T09:20:11.944+0000] {processor.py:830} INFO - Processing file /home/airflow/.local/lib/python3.8/site-packages/airflow/example_dags/tutorial_taskflow_api.py for tasks to queue
[2026-07-07T09:20:11.951+0000] {logging_mixin.py:188} INFO - [2026-07-07T09:20:11.949+0000] {dagbag.py:538} INFO - Filling up the DagBag from /home/airflow/.local/lib/python3.8/site-packages/airflow/example_dags/tutorial_taskflow_api.py
[2026-07-07T09:20:12.230+0000] {processor.py:840} INFO - DAG(s) 'tutorial_taskflow_api' retrieved from /home/airflow/.local/lib/python3.8/site-packages/airflow/example_dags/tutorial_taskflow_api.py
[2026-07-07T09:20:12.794+0000] {logging_mixin.py:188} INFO - [2026-07-07T09:20:12.794+0000] {dag.py:3036} INFO - Sync 1 DAGs
[2026-07-07T09:20:13.153+0000] {logging_mixin.py:188} INFO - [2026-07-07T09:20:13.152+0000] {dag.py:3823} INFO - Setting next_dagrun for tutorial_taskflow_api to None, run_after=None
[2026-07-07T09:20:13.769+0000] {processor.py:183} INFO - Processing /home/airflow/.local/lib/python3.8/site-packages/airflow/example_dags/tutorial_taskflow_api.py took 2.096 seconds
[2026-07-07T09:23:41.986+0000] {processor.py:161} INFO - Started process (PID=4760) to work on /home/airflow/.local/lib/python3.8/site-packages/airflow/example_dags/tutorial_taskflow_api.py
[2026-07-07T09:23:42.000+0000] {processor.py:830} INFO - Processing file /home/airflow/.local/lib/python3.8/site-packages/airflow/example_dags/tutorial_taskflow_api.py for tasks to queue
[2026-07-07T09:23:42.099+0000] {logging_mixin.py:188} INFO - [2026-07-07T09:23:42.004+0000] {dagbag.py:538} INFO - Filling up the DagBag from /home/airflow/.local/lib/python3.8/site-packages/airflow/example_dags/tutorial_taskflow_api.py
[2026-07-07T09:23:43.203+0000] {processor.py:840} INFO - DAG(s) 'tutorial_taskflow_api' retrieved from /home/airflow/.local/lib/python3.8/site-packages/airflow/example_dags/tutorial_taskflow_api.py
[2026-07-07T09:23:43.806+0000] {logging_mixin.py:188} INFO - [2026-07-07T09:23:43.805+0000] {dag.py:3036} INFO - Sync 1 DAGs
[2026-07-07T09:23:44.353+0000] {logging_mixin.py:188} INFO - [2026-07-07T09:23:44.352+0000] {dag.py:3823} INFO - Setting next_dagrun for tutorial_taskflow_api to None, run_after=None
[2026-07-07T09:23:44.631+0000] {processor.py:183} INFO - Processing /home/airflow/.local/lib/python3.8/site-packages/airflow/example_dags/tutorial_taskflow_api.py took 2.953 seconds
[2026-07-07T09:26:26.512+0000] {processor.py:161} INFO - Started process (PID=4896) to work on /home/airflow/.local/lib/python3.8/site-packages/airflow/example_dags/tutorial_taskflow_api.py
[2026-07-07T09:26:26.526+0000] {processor.py:830} INFO - Processing file /home/airflow/.local/lib/python3.8/site-packages/airflow/example_dags/tutorial_taskflow_api.py for tasks to queue
[2026-07-07T09:26:26.529+0000] {logging_mixin.py:188} INFO - [2026-07-07T09:26:26.528+0000] {dagbag.py:538} INFO - Filling up the DagBag from /home/airflow/.local/lib/python3.8/site-packages/airflow/example_dags/tutorial_taskflow_api.py
[2026-07-07T09:26:26.567+0000] {processor.py:840} INFO - DAG(s) 'tutorial_taskflow_api' retrieved from /home/airflow/.local/lib/python3.8/site-packages/airflow/example_dags/tutorial_taskflow_api.py
[2026-07-07T09:26:26.798+0000] {logging_mixin.py:188} INFO - [2026-07-07T09:26:26.798+0000] {dag.py:3036} INFO - Sync 1 DAGs
[2026-07-07T09:26:26.949+0000] {logging_mixin.py:188} INFO - [2026-07-07T09:26:26.944+0000] {dag.py:3823} INFO - Setting next_dagrun for tutorial_taskflow_api to None, run_after=None
[2026-07-07T09:26:27.120+0000] {processor.py:183} INFO - Processing /home/airflow/.local/lib/python3.8/site-packages/airflow/example_dags/tutorial_taskflow_api.py took 0.635 seconds
[2026-07-07T09:26:57.447+0000] {processor.py:161} INFO - Started process (PID=4955) to work on /home/airflow/.local/lib/python3.8/site-packages/airflow/example_dags/tutorial_taskflow_api.py
[2026-07-07T09:26:57.450+0000] {processor.py:830} INFO - Processing file /home/airflow/.local/lib/python3.8/site-packages/airflow/example_dags/tutorial_taskflow_api.py for tasks to queue
[2026-07-07T09:26:57.451+0000] {logging_mixin.py:188} INFO - [2026-07-07T09:26:57.451+0000] {dagbag.py:538} INFO - Filling up the DagBag from /home/airflow/.local/lib/python3.8/site-packages/airflow/example_dags/tutorial_taskflow_api.py
[2026-07-07T09:26:57.465+0000] {processor.py:840} INFO - DAG(s) 'tutorial_taskflow_api' retrieved from /home/airflow/.local/lib/python3.8/site-packages/airflow/example_dags/tutorial_taskflow_api.py
[2026-07-07T09:26:57.507+0000] {logging_mixin.py:188} INFO - [2026-07-07T09:26:57.506+0000] {dag.py:3036} INFO - Sync 1 DAGs
[2026-07-07T09:26:57.532+0000] {logging_mixin.py:188} INFO - [2026-07-07T09:26:57.532+0000] {dag.py:3823} INFO - Setting next_dagrun for tutorial_taskflow_api to None, run_after=None
[2026-07-07T09:26:57.567+0000] {processor.py:183} INFO - Processing /home/airflow/.local/lib/python3.8/site-packages/airflow/example_dags/tutorial_taskflow_api.py took 0.127 seconds
[2026-07-07T09:27:27.872+0000] {processor.py:161} INFO - Started process (PID=5022) to work on /home/airflow/.local/lib/python3.8/site-packages/airflow/example_dags/tutorial_taskflow_api.py
[2026-07-07T09:27:27.883+0000] {processor.py:830} INFO - Processing file /home/airflow/.local/lib/python3.8/site-packages/airflow/example_dags/tutorial_taskflow_api.py for tasks to queue
[2026-07-07T09:27:27.885+0000] {logging_mixin.py:188} INFO - [2026-07-07T09:27:27.885+0000] {dagbag.py:538} INFO - Filling up the DagBag from /home/airflow/.local/lib/python3.8/site-packages/airflow/example_dags/tutorial_taskflow_api.py
[2026-07-07T09:27:27.962+0000] {processor.py:840} INFO - DAG(s) 'tutorial_taskflow_api' retrieved from /home/airflow/.local/lib/python3.8/site-packages/airflow/example_dags/tutorial_taskflow_api.py
[2026-07-07T09:27:28.125+0000] {logging_mixin.py:188} INFO - [2026-07-07T09:27:28.119+0000] {dag.py:3036} INFO - Sync 1 DAGs
[2026-07-07T09:27:28.208+0000] {logging_mixin.py:188} INFO - [2026-07-07T09:27:28.207+0000] {dag.py:3823} INFO - Setting next_dagrun for tutorial_taskflow_api to None, run_after=None
[2026-07-07T09:27:28.352+0000] {processor.py:183} INFO - Processing /home/airflow/.local/lib/python3.8/site-packages/airflow/example_dags/tutorial_taskflow_api.py took 0.514 seconds
[2026-07-07T09:27:59.027+0000] {processor.py:161} INFO - Started process (PID=5081) to work on /home/airflow/.local/lib/python3.8/site-packages/airflow/example_dags/tutorial_taskflow_api.py
[2026-07-07T09:27:59.031+0000] {processor.py:830} INFO - Processing file /home/airflow/.local/lib/python3.8/site-packages/airflow/example_dags/tutorial_taskflow_api.py for tasks to queue
[2026-07-07T09:27:59.034+0000] {logging_mixin.py:188} INFO - [2026-07-07T09:27:59.032+0000] {dagbag.py:538} INFO - Filling up the DagBag from /home/airflow/.local/lib/python3.8/site-packages/airflow/example_dags/tutorial_taskflow_api.py
[2026-07-07T09:27:59.074+0000] {processor.py:840} INFO - DAG(s) 'tutorial_taskflow_api' retrieved from /home/airflow/.local/lib/python3.8/site-packages/airflow/example_dags/tutorial_taskflow_api.py
[2026-07-07T09:27:59.128+0000] {logging_mixin.py:188} INFO - [2026-07-07T09:27:59.127+0000] {dag.py:3036} INFO - Sync 1 DAGs
[2026-07-07T09:27:59.165+0000] {logging_mixin.py:188} INFO - [2026-07-07T09:27:59.165+0000] {dag.py:3823} INFO - Setting next_dagrun for tutorial_taskflow_api to None, run_after=None
[2026-07-07T09:27:59.266+0000] {processor.py:183} INFO - Processing /home/airflow/.local/lib/python3.8/site-packages/airflow/example_dags/tutorial_taskflow_api.py took 0.256 seconds
[2026-07-07T09:28:42.057+0000] {processor.py:161} INFO - Started process (PID=5157) to work on /home/airflow/.local/lib/python3.8/site-packages/airflow/example_dags/tutorial_taskflow_api.py
[2026-07-07T09:28:42.064+0000] {processor.py:830} INFO - Processing file /home/airflow/.local/lib/python3.8/site-packages/airflow/example_dags/tutorial_taskflow_api.py for tasks to queue
[2026-07-07T09:28:42.080+0000] {logging_mixin.py:188} INFO - [2026-07-07T09:28:42.079+0000] {dagbag.py:538} INFO - Filling up the DagBag from /home/airflow/.local/lib/python3.8/site-packages/airflow/example_dags/tutorial_taskflow_api.py
[2026-07-07T09:28:42.113+0000] {processor.py:840} INFO - DAG(s) 'tutorial_taskflow_api' retrieved from /home/airflow/.local/lib/python3.8/site-packages/airflow/example_dags/tutorial_taskflow_api.py
[2026-07-07T09:28:42.259+0000] {logging_mixin.py:188} INFO - [2026-07-07T09:28:42.258+0000] {dag.py:3036} INFO - Sync 1 DAGs
[2026-07-07T09:28:42.352+0000] {logging_mixin.py:188} INFO - [2026-07-07T09:28:42.351+0000] {dag.py:3823} INFO - Setting next_dagrun for tutorial_taskflow_api to None, run_after=None
[2026-07-07T09:28:42.428+0000] {processor.py:183} INFO - Processing /home/airflow/.local/lib/python3.8/site-packages/airflow/example_dags/tutorial_taskflow_api.py took 0.417 seconds
[2026-07-07T09:29:16.259+0000] {processor.py:161} INFO - Started process (PID=5218) to work on /home/airflow/.local/lib/python3.8/site-packages/airflow/example_dags/tutorial_taskflow_api.py
[2026-07-07T09:29:16.263+0000] {processor.py:830} INFO - Processing file /home/airflow/.local/lib/python3.8/site-packages/airflow/example_dags/tutorial_taskflow_api.py for tasks to queue
[2026-07-07T09:29:16.267+0000] {logging_mixin.py:188} INFO - [2026-07-07T09:29:16.265+0000] {dagbag.py:538} INFO - Filling up the DagBag from /home/airflow/.local/lib/python3.8/site-packages/airflow/example_dags/tutorial_taskflow_api.py
[2026-07-07T09:29:16.298+0000] {processor.py:840} INFO - DAG(s) 'tutorial_taskflow_api' retrieved from /home/airflow/.local/lib/python3.8/site-packages/airflow/example_dags/tutorial_taskflow_api.py
[2026-07-07T09:29:16.387+0000] {logging_mixin.py:188} INFO - [2026-07-07T09:29:16.387+0000] {dag.py:3036} INFO - Sync 1 DAGs
[2026-07-07T09:29:16.438+0000] {logging_mixin.py:188} INFO - [2026-07-07T09:29:16.437+0000] {dag.py:3823} INFO - Setting next_dagrun for tutorial_taskflow_api to None, run_after=None
[2026-07-07T09:29:16.512+0000] {processor.py:183} INFO - Processing /home/airflow/.local/lib/python3.8/site-packages/airflow/example_dags/tutorial_taskflow_api.py took 0.273 seconds
[2026-07-07T09:29:47.316+0000] {processor.py:161} INFO - Started process (PID=5285) to work on /home/airflow/.local/lib/python3.8/site-packages/airflow/example_dags/tutorial_taskflow_api.py
[2026-07-07T09:29:47.325+0000] {processor.py:830} INFO - Processing file /home/airflow/.local/lib/python3.8/site-packages/airflow/example_dags/tutorial_taskflow_api.py for tasks to queue
[2026-07-07T09:29:47.327+0000] {logging_mixin.py:188} INFO - [2026-07-07T09:29:47.326+0000] {dagbag.py:538} INFO - Filling up the DagBag from /home/airflow/.local/lib/python3.8/site-packages/airflow/example_dags/tutorial_taskflow_api.py
[2026-07-07T09:29:47.353+0000] {processor.py:840} INFO - DAG(s) 'tutorial_taskflow_api' retrieved from /home/airflow/.local/lib/python3.8/site-packages/airflow/example_dags/tutorial_taskflow_api.py
[2026-07-07T09:29:47.450+0000] {logging_mixin.py:188} INFO - [2026-07-07T09:29:47.450+0000] {dag.py:3036} INFO - Sync 1 DAGs
[2026-07-07T09:29:47.516+0000] {logging_mixin.py:188} INFO - [2026-07-07T09:29:47.516+0000] {dag.py:3823} INFO - Setting next_dagrun for tutorial_taskflow_api to None, run_after=None
[2026-07-07T09:29:47.587+0000] {processor.py:183} INFO - Processing /home/airflow/.local/lib/python3.8/site-packages/airflow/example_dags/tutorial_taskflow_api.py took 0.284 seconds
[2026-07-07T09:30:17.920+0000] {processor.py:161} INFO - Started process (PID=5343) to work on /home/airflow/.local/lib/python3.8/site-packages/airflow/example_dags/tutorial_taskflow_api.py
[2026-07-07T09:30:17.925+0000] {processor.py:830} INFO - Processing file /home/airflow/.local/lib/python3.8/site-packages/airflow/example_dags/tutorial_taskflow_api.py for tasks to queue
[2026-07-07T09:30:17.928+0000] {logging_mixin.py:188} INFO - [2026-07-07T09:30:17.927+0000] {dagbag.py:538} INFO - Filling up the DagBag from /home/airflow/.local/lib/python3.8/site-packages/airflow/example_dags/tutorial_taskflow_api.py
[2026-07-07T09:30:17.948+0000] {processor.py:840} INFO - DAG(s) 'tutorial_taskflow_api' retrieved from /home/airflow/.local/lib/python3.8/site-packages/airflow/example_dags/tutorial_taskflow_api.py
[2026-07-07T09:30:18.045+0000] {logging_mixin.py:188} INFO - [2026-07-07T09:30:18.044+0000] {dag.py:3036} INFO - Sync 1 DAGs
[2026-07-07T09:30:18.120+0000] {logging_mixin.py:188} INFO - [2026-07-07T09:30:18.120+0000] {dag.py:3823} INFO - Setting next_dagrun for tutorial_taskflow_api to None, run_after=None
[2026-07-07T09:30:18.176+0000] {processor.py:183} INFO - Processing /home/airflow/.local/lib/python3.8/site-packages/airflow/example_dags/tutorial_taskflow_api.py took 0.275 seconds
[2026-07-07T09:30:51.161+0000] {processor.py:161} INFO - Started process (PID=5410) to work on /home/airflow/.local/lib/python3.8/site-packages/airflow/example_dags/tutorial_taskflow_api.py
[2026-07-07T09:30:51.195+0000] {processor.py:830} INFO - Processing file /home/airflow/.local/lib/python3.8/site-packages/airflow/example_dags/tutorial_taskflow_api.py for tasks to queue
[2026-07-07T09:30:51.198+0000] {logging_mixin.py:188} INFO - [2026-07-07T09:30:51.197+0000] {dagbag.py:538} INFO - Filling up the DagBag from /home/airflow/.local/lib/python3.8/site-packages/airflow/example_dags/tutorial_taskflow_api.py
[2026-07-07T09:30:51.256+0000] {processor.py:840} INFO - DAG(s) 'tutorial_taskflow_api' retrieved from /home/airflow/.local/lib/python3.8/site-packages/airflow/example_dags/tutorial_taskflow_api.py
[2026-07-07T09:30:51.568+0000] {logging_mixin.py:188} INFO - [2026-07-07T09:30:51.564+0000] {dag.py:3036} INFO - Sync 1 DAGs
[2026-07-07T09:30:52.430+0000] {logging_mixin.py:188} INFO - [2026-07-07T09:30:52.430+0000] {dag.py:3823} INFO - Setting next_dagrun for tutorial_taskflow_api to None, run_after=None
[2026-07-07T09:30:53.306+0000] {processor.py:183} INFO - Processing /home/airflow/.local/lib/python3.8/site-packages/airflow/example_dags/tutorial_taskflow_api.py took 2.179 seconds
[2026-07-07T09:31:25.585+0000] {processor.py:161} INFO - Started process (PID=5475) to work on /home/airflow/.local/lib/python3.8/site-packages/airflow/example_dags/tutorial_taskflow_api.py
[2026-07-07T09:31:25.596+0000] {processor.py:830} INFO - Processing file /home/airflow/.local/lib/python3.8/site-packages/airflow/example_dags/tutorial_taskflow_api.py for tasks to queue
[2026-07-07T09:31:25.602+0000] {logging_mixin.py:188} INFO - [2026-07-07T09:31:25.601+0000] {dagbag.py:538} INFO - Filling up the DagBag from /home/airflow/.local/lib/python3.8/site-packages/airflow/example_dags/tutorial_taskflow_api.py
[2026-07-07T09:31:25.710+0000] {processor.py:840} INFO - DAG(s) 'tutorial_taskflow_api' retrieved from /home/airflow/.local/lib/python3.8/site-packages/airflow/example_dags/tutorial_taskflow_api.py
[2026-07-07T09:31:25.962+0000] {logging_mixin.py:188} INFO - [2026-07-07T09:31:25.951+0000] {dag.py:3036} INFO - Sync 1 DAGs
[2026-07-07T09:31:26.135+0000] {logging_mixin.py:188} INFO - [2026-07-07T09:31:26.135+0000] {dag.py:3823} INFO - Setting next_dagrun for tutorial_taskflow_api to None, run_after=None
[2026-07-07T09:31:26.309+0000] {processor.py:183} INFO - Processing /home/airflow/.local/lib/python3.8/site-packages/airflow/example_dags/tutorial_taskflow_api.py took 0.770 seconds
[2026-07-07T09:31:58.984+0000] {processor.py:161} INFO - Started process (PID=5533) to work on /home/airflow/.local/lib/python3.8/site-packages/airflow/example_dags/tutorial_taskflow_api.py
[2026-07-07T09:31:58.993+0000] {processor.py:830} INFO - Processing file /home/airflow/.local/lib/python3.8/site-packages/airflow/example_dags/tutorial_taskflow_api.py for tasks to queue
[2026-07-07T09:31:58.997+0000] {logging_mixin.py:188} INFO - [2026-07-07T09:31:58.996+0000] {dagbag.py:538} INFO - Filling up the DagBag from /home/airflow/.local/lib/python3.8/site-packages/airflow/example_dags/tutorial_taskflow_api.py
[2026-07-07T09:31:59.045+0000] {processor.py:840} INFO - DAG(s) 'tutorial_taskflow_api' retrieved from /home/airflow/.local/lib/python3.8/site-packages/airflow/example_dags/tutorial_taskflow_api.py
[2026-07-07T09:31:59.289+0000] {logging_mixin.py:188} INFO - [2026-07-07T09:31:59.269+0000] {dag.py:3036} INFO - Sync 1 DAGs
[2026-07-07T09:31:59.449+0000] {logging_mixin.py:188} INFO - [2026-07-07T09:31:59.448+0000] {dag.py:3823} INFO - Setting next_dagrun for tutorial_taskflow_api to None, run_after=None
[2026-07-07T09:31:59.633+0000] {processor.py:183} INFO - Processing /home/airflow/.local/lib/python3.8/site-packages/airflow/example_dags/tutorial_taskflow_api.py took 0.671 seconds
[2026-07-07T09:32:32.282+0000] {processor.py:161} INFO - Started process (PID=5600) to work on /home/airflow/.local/lib/python3.8/site-packages/airflow/example_dags/tutorial_taskflow_api.py
[2026-07-07T09:32:32.297+0000] {processor.py:830} INFO - Processing file /home/airflow/.local/lib/python3.8/site-packages/airflow/example_dags/tutorial_taskflow_api.py for tasks to queue
[2026-07-07T09:32:32.303+0000] {logging_mixin.py:188} INFO - [2026-07-07T09:32:32.302+0000] {dagbag.py:538} INFO - Filling up the DagBag from /home/airflow/.local/lib/python3.8/site-packages/airflow/example_dags/tutorial_taskflow_api.py
[2026-07-07T09:32:32.348+0000] {processor.py:840} INFO - DAG(s) 'tutorial_taskflow_api' retrieved from /home/airflow/.local/lib/python3.8/site-packages/airflow/example_dags/tutorial_taskflow_api.py
[2026-07-07T09:32:32.515+0000] {logging_mixin.py:188} INFO - [2026-07-07T09:32:32.514+0000] {dag.py:3036} INFO - Sync 1 DAGs
[2026-07-07T09:32:32.583+0000] {logging_mixin.py:188} INFO - [2026-07-07T09:32:32.583+0000] {dag.py:3823} INFO - Setting next_dagrun for tutorial_taskflow_api to None, run_after=None
[2026-07-07T09:32:32.697+0000] {processor.py:183} INFO - Processing /home/airflow/.local/lib/python3.8/site-packages/airflow/example_dags/tutorial_taskflow_api.py took 0.435 seconds
[2026-07-07T09:33:03.012+0000] {processor.py:161} INFO - Started process (PID=5657) to work on /home/airflow/.local/lib/python3.8/site-packages/airflow/example_dags/tutorial_taskflow_api.py
[2026-07-07T09:33:03.015+0000] {processor.py:830} INFO - Processing file /home/airflow/.local/lib/python3.8/site-packages/airflow/example_dags/tutorial_taskflow_api.py for tasks to queue
[2026-07-07T09:33:03.020+0000] {logging_mixin.py:188} INFO - [2026-07-07T09:33:03.019+0000] {dagbag.py:538} INFO - Filling up the DagBag from /home/airflow/.local/lib/python3.8/site-packages/airflow/example_dags/tutorial_taskflow_api.py
[2026-07-07T09:33:03.081+0000] {processor.py:840} INFO - DAG(s) 'tutorial_taskflow_api' retrieved from /home/airflow/.local/lib/python3.8/site-packages/airflow/example_dags/tutorial_taskflow_api.py
[2026-07-07T09:33:03.143+0000] {logging_mixin.py:188} INFO - [2026-07-07T09:33:03.143+0000] {dag.py:3036} INFO - Sync 1 DAGs
[2026-07-07T09:33:03.177+0000] {logging_mixin.py:188} INFO - [2026-07-07T09:33:03.176+0000] {dag.py:3823} INFO - Setting next_dagrun for tutorial_taskflow_api to None, run_after=None
[2026-07-07T09:33:03.583+0000] {processor.py:183} INFO - Processing /home/airflow/.local/lib/python3.8/site-packages/airflow/example_dags/tutorial_taskflow_api.py took 0.589 seconds
[2026-07-07T09:33:33.768+0000] {processor.py:161} INFO - Started process (PID=5723) to work on /home/airflow/.local/lib/python3.8/site-packages/airflow/example_dags/tutorial_taskflow_api.py
[2026-07-07T09:33:33.771+0000] {processor.py:830} INFO - Processing file /home/airflow/.local/lib/python3.8/site-packages/airflow/example_dags/tutorial_taskflow_api.py for tasks to queue
[2026-07-07T09:33:33.774+0000] {logging_mixin.py:188} INFO - [2026-07-07T09:33:33.773+0000] {dagbag.py:538} INFO - Filling up the DagBag from /home/airflow/.local/lib/python3.8/site-packages/airflow/example_dags/tutorial_taskflow_api.py
[2026-07-07T09:33:33.791+0000] {processor.py:840} INFO - DAG(s) 'tutorial_taskflow_api' retrieved from /home/airflow/.local/lib/python3.8/site-packages/airflow/example_dags/tutorial_taskflow_api.py
[2026-07-07T09:33:33.862+0000] {logging_mixin.py:188} INFO - [2026-07-07T09:33:33.861+0000] {dag.py:3036} INFO - Sync 1 DAGs
[2026-07-07T09:33:33.911+0000] {logging_mixin.py:188} INFO - [2026-07-07T09:33:33.910+0000] {dag.py:3823} INFO - Setting next_dagrun for tutorial_taskflow_api to None, run_after=None
[2026-07-07T09:33:34.068+0000] {processor.py:183} INFO - Processing /home/airflow/.local/lib/python3.8/site-packages/airflow/example_dags/tutorial_taskflow_api.py took 0.307 seconds
[2026-07-07T09:34:05.130+0000] {processor.py:161} INFO - Started process (PID=5791) to work on /home/airflow/.local/lib/python3.8/site-packages/airflow/example_dags/tutorial_taskflow_api.py
[2026-07-07T09:34:05.132+0000] {processor.py:830} INFO - Processing file /home/airflow/.local/lib/python3.8/site-packages/airflow/example_dags/tutorial_taskflow_api.py for tasks to queue
[2026-07-07T09:34:05.134+0000] {logging_mixin.py:188} INFO - [2026-07-07T09:34:05.134+0000] {dagbag.py:538} INFO - Filling up the DagBag from /home/airflow/.local/lib/python3.8/site-packages/airflow/example_dags/tutorial_taskflow_api.py
[2026-07-07T09:34:05.157+0000] {processor.py:840} INFO - DAG(s) 'tutorial_taskflow_api' retrieved from /home/airflow/.local/lib/python3.8/site-packages/airflow/example_dags/tutorial_taskflow_api.py
[2026-07-07T09:34:05.226+0000] {logging_mixin.py:188} INFO - [2026-07-07T09:34:05.226+0000] {dag.py:3036} INFO - Sync 1 DAGs
[2026-07-07T09:34:05.266+0000] {logging_mixin.py:188} INFO - [2026-07-07T09:34:05.265+0000] {dag.py:3823} INFO - Setting next_dagrun for tutorial_taskflow_api to None, run_after=None
[2026-07-07T09:34:05.319+0000] {processor.py:183} INFO - Processing /home/airflow/.local/lib/python3.8/site-packages/airflow/example_dags/tutorial_taskflow_api.py took 0.200 seconds
[2026-07-07T09:34:35.600+0000] {processor.py:161} INFO - Started process (PID=5858) to work on /home/airflow/.local/lib/python3.8/site-packages/airflow/example_dags/tutorial_taskflow_api.py
[2026-07-07T09:34:35.606+0000] {processor.py:830} INFO - Processing file /home/airflow/.local/lib/python3.8/site-packages/airflow/example_dags/tutorial_taskflow_api.py for tasks to queue
[2026-07-07T09:34:35.608+0000] {logging_mixin.py:188} INFO - [2026-07-07T09:34:35.608+0000] {dagbag.py:538} INFO - Filling up the DagBag from /home/airflow/.local/lib/python3.8/site-packages/airflow/example_dags/tutorial_taskflow_api.py
[2026-07-07T09:34:35.658+0000] {processor.py:840} INFO - DAG(s) 'tutorial_taskflow_api' retrieved from /home/airflow/.local/lib/python3.8/site-packages/airflow/example_dags/tutorial_taskflow_api.py
[2026-07-07T09:34:35.859+0000] {logging_mixin.py:188} INFO - [2026-07-07T09:34:35.858+0000] {dag.py:3036} INFO - Sync 1 DAGs
[2026-07-07T09:34:35.940+0000] {logging_mixin.py:188} INFO - [2026-07-07T09:34:35.940+0000] {dag.py:3823} INFO - Setting next_dagrun for tutorial_taskflow_api to None, run_after=None
[2026-07-07T09:34:37.034+0000] {processor.py:183} INFO - Processing /home/airflow/.local/lib/python3.8/site-packages/airflow/example_dags/tutorial_taskflow_api.py took 1.445 seconds
[2026-07-07T09:35:08.217+0000] {processor.py:161} INFO - Started process (PID=5919) to work on /home/airflow/.local/lib/python3.8/site-packages/airflow/example_dags/tutorial_taskflow_api.py
[2026-07-07T09:35:08.222+0000] {processor.py:830} INFO - Processing file /home/airflow/.local/lib/python3.8/site-packages/airflow/example_dags/tutorial_taskflow_api.py for tasks to queue
[2026-07-07T09:35:08.225+0000] {logging_mixin.py:188} INFO - [2026-07-07T09:35:08.224+0000] {dagbag.py:538} INFO - Filling up the DagBag from /home/airflow/.local/lib/python3.8/site-packages/airflow/example_dags/tutorial_taskflow_api.py
[2026-07-07T09:35:08.257+0000] {processor.py:840} INFO - DAG(s) 'tutorial_taskflow_api' retrieved from /home/airflow/.local/lib/python3.8/site-packages/airflow/example_dags/tutorial_taskflow_api.py
[2026-07-07T09:35:08.330+0000] {logging_mixin.py:188} INFO - [2026-07-07T09:35:08.329+0000] {dag.py:3036} INFO - Sync 1 DAGs
[2026-07-07T09:35:08.372+0000] {logging_mixin.py:188} INFO - [2026-07-07T09:35:08.371+0000] {dag.py:3823} INFO - Setting next_dagrun for tutorial_taskflow_api to None, run_after=None
[2026-07-07T09:35:08.435+0000] {processor.py:183} INFO - Processing /home/airflow/.local/lib/python3.8/site-packages/airflow/example_dags/tutorial_taskflow_api.py took 0.245 seconds
[2026-07-07T09:35:40.707+0000] {processor.py:161} INFO - Started process (PID=5991) to work on /home/airflow/.local/lib/python3.8/site-packages/airflow/example_dags/tutorial_taskflow_api.py
[2026-07-07T09:35:40.724+0000] {processor.py:830} INFO - Processing file /home/airflow/.local/lib/python3.8/site-packages/airflow/example_dags/tutorial_taskflow_api.py for tasks to queue
[2026-07-07T09:35:40.727+0000] {logging_mixin.py:188} INFO - [2026-07-07T09:35:40.726+0000] {dagbag.py:538} INFO - Filling up the DagBag from /home/airflow/.local/lib/python3.8/site-packages/airflow/example_dags/tutorial_taskflow_api.py
[2026-07-07T09:35:40.760+0000] {processor.py:840} INFO - DAG(s) 'tutorial_taskflow_api' retrieved from /home/airflow/.local/lib/python3.8/site-packages/airflow/example_dags/tutorial_taskflow_api.py
[2026-07-07T09:35:40.862+0000] {logging_mixin.py:188} INFO - [2026-07-07T09:35:40.862+0000] {dag.py:3036} INFO - Sync 1 DAGs
[2026-07-07T09:35:40.925+0000] {logging_mixin.py:188} INFO - [2026-07-07T09:35:40.922+0000] {dag.py:3823} INFO - Setting next_dagrun for tutorial_taskflow_api to None, run_after=None
[2026-07-07T09:35:41.015+0000] {processor.py:183} INFO - Processing /home/airflow/.local/lib/python3.8/site-packages/airflow/example_dags/tutorial_taskflow_api.py took 0.328 seconds
[2026-07-07T09:36:11.944+0000] {processor.py:161} INFO - Started process (PID=6060) to work on /home/airflow/.local/lib/python3.8/site-packages/airflow/example_dags/tutorial_taskflow_api.py
[2026-07-07T09:36:11.955+0000] {processor.py:830} INFO - Processing file /home/airflow/.local/lib/python3.8/site-packages/airflow/example_dags/tutorial_taskflow_api.py for tasks to queue
[2026-07-07T09:36:11.973+0000] {logging_mixin.py:188} INFO - [2026-07-07T09:36:11.963+0000] {dagbag.py:538} INFO - Filling up the DagBag from /home/airflow/.local/lib/python3.8/site-packages/airflow/example_dags/tutorial_taskflow_api.py
[2026-07-07T09:36:12.058+0000] {processor.py:840} INFO - DAG(s) 'tutorial_taskflow_api' retrieved from /home/airflow/.local/lib/python3.8/site-packages/airflow/example_dags/tutorial_taskflow_api.py
[2026-07-07T09:36:12.155+0000] {logging_mixin.py:188} INFO - [2026-07-07T09:36:12.154+0000] {dag.py:3036} INFO - Sync 1 DAGs
[2026-07-07T09:36:12.222+0000] {logging_mixin.py:188} INFO - [2026-07-07T09:36:12.221+0000] {dag.py:3823} INFO - Setting next_dagrun for tutorial_taskflow_api to None, run_after=None
[2026-07-07T09:36:12.297+0000] {processor.py:183} INFO - Processing /home/airflow/.local/lib/python3.8/site-packages/airflow/example_dags/tutorial_taskflow_api.py took 0.382 seconds
[2026-07-07T09:36:43.161+0000] {processor.py:161} INFO - Started process (PID=6120) to work on /home/airflow/.local/lib/python3.8/site-packages/airflow/example_dags/tutorial_taskflow_api.py
[2026-07-07T09:36:43.166+0000] {processor.py:830} INFO - Processing file /home/airflow/.local/lib/python3.8/site-packages/airflow/example_dags/tutorial_taskflow_api.py for tasks to queue
[2026-07-07T09:36:43.169+0000] {logging_mixin.py:188} INFO - [2026-07-07T09:36:43.168+0000] {dagbag.py:538} INFO - Filling up the DagBag from /home/airflow/.local/lib/python3.8/site-packages/airflow/example_dags/tutorial_taskflow_api.py
[2026-07-07T09:36:43.227+0000] {processor.py:840} INFO - DAG(s) 'tutorial_taskflow_api' retrieved from /home/airflow/.local/lib/python3.8/site-packages/airflow/example_dags/tutorial_taskflow_api.py
[2026-07-07T09:36:44.492+0000] {logging_mixin.py:188} INFO - [2026-07-07T09:36:44.491+0000] {dag.py:3036} INFO - Sync 1 DAGs
[2026-07-07T09:36:45.083+0000] {logging_mixin.py:188} INFO - [2026-07-07T09:36:45.083+0000] {dag.py:3823} INFO - Setting next_dagrun for tutorial_taskflow_api to None, run_after=None
[2026-07-07T09:36:45.974+0000] {processor.py:183} INFO - Processing /home/airflow/.local/lib/python3.8/site-packages/airflow/example_dags/tutorial_taskflow_api.py took 2.824 seconds
[2026-07-07T09:37:16.101+0000] {processor.py:161} INFO - Started process (PID=6186) to work on /home/airflow/.local/lib/python3.8/site-packages/airflow/example_dags/tutorial_taskflow_api.py
[2026-07-07T09:37:16.103+0000] {processor.py:830} INFO - Processing file /home/airflow/.local/lib/python3.8/site-packages/airflow/example_dags/tutorial_taskflow_api.py for tasks to queue
[2026-07-07T09:37:16.105+0000] {logging_mixin.py:188} INFO - [2026-07-07T09:37:16.104+0000] {dagbag.py:538} INFO - Filling up the DagBag from /home/airflow/.local/lib/python3.8/site-packages/airflow/example_dags/tutorial_taskflow_api.py
[2026-07-07T09:37:16.121+0000] {processor.py:840} INFO - DAG(s) 'tutorial_taskflow_api' retrieved from /home/airflow/.local/lib/python3.8/site-packages/airflow/example_dags/tutorial_taskflow_api.py
[2026-07-07T09:37:16.164+0000] {logging_mixin.py:188} INFO - [2026-07-07T09:37:16.164+0000] {dag.py:3036} INFO - Sync 1 DAGs
[2026-07-07T09:37:16.193+0000] {logging_mixin.py:188} INFO - [2026-07-07T09:37:16.193+0000] {dag.py:3823} INFO - Setting next_dagrun for tutorial_taskflow_api to None, run_after=None
[2026-07-07T09:37:16.236+0000] {processor.py:183} INFO - Processing /home/airflow/.local/lib/python3.8/site-packages/airflow/example_dags/tutorial_taskflow_api.py took 0.143 seconds
[2026-07-07T09:37:47.028+0000] {processor.py:161} INFO - Started process (PID=6252) to work on /home/airflow/.local/lib/python3.8/site-packages/airflow/example_dags/tutorial_taskflow_api.py
[2026-07-07T09:37:47.032+0000] {processor.py:830} INFO - Processing file /home/airflow/.local/lib/python3.8/site-packages/airflow/example_dags/tutorial_taskflow_api.py for tasks to queue
[2026-07-07T09:37:47.045+0000] {logging_mixin.py:188} INFO - [2026-07-07T09:37:47.044+0000] {dagbag.py:538} INFO - Filling up the DagBag from /home/airflow/.local/lib/python3.8/site-packages/airflow/example_dags/tutorial_taskflow_api.py
[2026-07-07T09:37:47.079+0000] {processor.py:840} INFO - DAG(s) 'tutorial_taskflow_api' retrieved from /home/airflow/.local/lib/python3.8/site-packages/airflow/example_dags/tutorial_taskflow_api.py
[2026-07-07T09:37:47.185+0000] {logging_mixin.py:188} INFO - [2026-07-07T09:37:47.184+0000] {dag.py:3036} INFO - Sync 1 DAGs
[2026-07-07T09:37:47.245+0000] {logging_mixin.py:188} INFO - [2026-07-07T09:37:47.245+0000] {dag.py:3823} INFO - Setting next_dagrun for tutorial_taskflow_api to None, run_after=None
[2026-07-07T09:37:47.292+0000] {processor.py:183} INFO - Processing /home/airflow/.local/lib/python3.8/site-packages/airflow/example_dags/tutorial_taskflow_api.py took 0.311 seconds
[2026-07-07T09:38:17.946+0000] {processor.py:161} INFO - Started process (PID=6311) to work on /home/airflow/.local/lib/python3.8/site-packages/airflow/example_dags/tutorial_taskflow_api.py
[2026-07-07T09:38:17.948+0000] {processor.py:830} INFO - Processing file /home/airflow/.local/lib/python3.8/site-packages/airflow/example_dags/tutorial_taskflow_api.py for tasks to queue
[2026-07-07T09:38:17.951+0000] {logging_mixin.py:188} INFO - [2026-07-07T09:38:17.950+0000] {dagbag.py:538} INFO - Filling up the DagBag from /home/airflow/.local/lib/python3.8/site-packages/airflow/example_dags/tutorial_taskflow_api.py
[2026-07-07T09:38:17.970+0000] {processor.py:840} INFO - DAG(s) 'tutorial_taskflow_api' retrieved from /home/airflow/.local/lib/python3.8/site-packages/airflow/example_dags/tutorial_taskflow_api.py
[2026-07-07T09:38:18.262+0000] {logging_mixin.py:188} INFO - [2026-07-07T09:38:18.261+0000] {dag.py:3036} INFO - Sync 1 DAGs
[2026-07-07T09:38:18.431+0000] {logging_mixin.py:188} INFO - [2026-07-07T09:38:18.431+0000] {dag.py:3823} INFO - Setting next_dagrun for tutorial_taskflow_api to None, run_after=None
[2026-07-07T09:38:18.638+0000] {processor.py:183} INFO - Processing /home/airflow/.local/lib/python3.8/site-packages/airflow/example_dags/tutorial_taskflow_api.py took 0.702 seconds
[2026-07-07T09:38:48.988+0000] {processor.py:161} INFO - Started process (PID=6378) to work on /home/airflow/.local/lib/python3.8/site-packages/airflow/example_dags/tutorial_taskflow_api.py
[2026-07-07T09:38:48.998+0000] {processor.py:830} INFO - Processing file /home/airflow/.local/lib/python3.8/site-packages/airflow/example_dags/tutorial_taskflow_api.py for tasks to queue
[2026-07-07T09:38:49.001+0000] {logging_mixin.py:188} INFO - [2026-07-07T09:38:49.000+0000] {dagbag.py:538} INFO - Filling up the DagBag from /home/airflow/.local/lib/python3.8/site-packages/airflow/example_dags/tutorial_taskflow_api.py
[2026-07-07T09:38:49.029+0000] {processor.py:840} INFO - DAG(s) 'tutorial_taskflow_api' retrieved from /home/airflow/.local/lib/python3.8/site-packages/airflow/example_dags/tutorial_taskflow_api.py
[2026-07-07T09:38:49.113+0000] {logging_mixin.py:188} INFO - [2026-07-07T09:38:49.112+0000] {dag.py:3036} INFO - Sync 1 DAGs
[2026-07-07T09:38:49.168+0000] {logging_mixin.py:188} INFO - [2026-07-07T09:38:49.167+0000] {dag.py:3823} INFO - Setting next_dagrun for tutorial_taskflow_api to None, run_after=None
[2026-07-07T09:38:49.265+0000] {processor.py:183} INFO - Processing /home/airflow/.local/lib/python3.8/site-packages/airflow/example_dags/tutorial_taskflow_api.py took 0.288 seconds
[2026-07-07T09:39:19.746+0000] {processor.py:161} INFO - Started process (PID=6445) to work on /home/airflow/.local/lib/python3.8/site-packages/airflow/example_dags/tutorial_taskflow_api.py
[2026-07-07T09:39:19.749+0000] {processor.py:830} INFO - Processing file /home/airflow/.local/lib/python3.8/site-packages/airflow/example_dags/tutorial_taskflow_api.py for tasks to queue
[2026-07-07T09:39:19.753+0000] {logging_mixin.py:188} INFO - [2026-07-07T09:39:19.752+0000] {dagbag.py:538} INFO - Filling up the DagBag from /home/airflow/.local/lib/python3.8/site-packages/airflow/example_dags/tutorial_taskflow_api.py
[2026-07-07T09:39:19.784+0000] {processor.py:840} INFO - DAG(s) 'tutorial_taskflow_api' retrieved from /home/airflow/.local/lib/python3.8/site-packages/airflow/example_dags/tutorial_taskflow_api.py
[2026-07-07T09:39:19.871+0000] {logging_mixin.py:188} INFO - [2026-07-07T09:39:19.871+0000] {dag.py:3036} INFO - Sync 1 DAGs
[2026-07-07T09:39:19.929+0000] {logging_mixin.py:188} INFO - [2026-07-07T09:39:19.925+0000] {dag.py:3823} INFO - Setting next_dagrun for tutorial_taskflow_api to None, run_after=None
[2026-07-07T09:39:20.033+0000] {processor.py:183} INFO - Processing /home/airflow/.local/lib/python3.8/site-packages/airflow/example_dags/tutorial_taskflow_api.py took 0.303 seconds
[2026-07-07T09:39:50.385+0000] {processor.py:161} INFO - Started process (PID=6513) to work on /home/airflow/.local/lib/python3.8/site-packages/airflow/example_dags/tutorial_taskflow_api.py
[2026-07-07T09:39:50.388+0000] {processor.py:830} INFO - Processing file /home/airflow/.local/lib/python3.8/site-packages/airflow/example_dags/tutorial_taskflow_api.py for tasks to queue
[2026-07-07T09:39:50.392+0000] {logging_mixin.py:188} INFO - [2026-07-07T09:39:50.391+0000] {dagbag.py:538} INFO - Filling up the DagBag from /home/airflow/.local/lib/python3.8/site-packages/airflow/example_dags/tutorial_taskflow_api.py
[2026-07-07T09:39:50.424+0000] {processor.py:840} INFO - DAG(s) 'tutorial_taskflow_api' retrieved from /home/airflow/.local/lib/python3.8/site-packages/airflow/example_dags/tutorial_taskflow_api.py
[2026-07-07T09:39:50.512+0000] {logging_mixin.py:188} INFO - [2026-07-07T09:39:50.511+0000] {dag.py:3036} INFO - Sync 1 DAGs
[2026-07-07T09:39:50.703+0000] {logging_mixin.py:188} INFO - [2026-07-07T09:39:50.702+0000] {dag.py:3823} INFO - Setting next_dagrun for tutorial_taskflow_api to None, run_after=None
[2026-07-07T09:39:50.762+0000] {processor.py:183} INFO - Processing /home/airflow/.local/lib/python3.8/site-packages/airflow/example_dags/tutorial_taskflow_api.py took 0.386 seconds
[2026-07-07T09:40:21.855+0000] {processor.py:161} INFO - Started process (PID=6582) to work on /home/airflow/.local/lib/python3.8/site-packages/airflow/example_dags/tutorial_taskflow_api.py
[2026-07-07T09:40:21.859+0000] {processor.py:830} INFO - Processing file /home/airflow/.local/lib/python3.8/site-packages/airflow/example_dags/tutorial_taskflow_api.py for tasks to queue
[2026-07-07T09:40:21.866+0000] {logging_mixin.py:188} INFO - [2026-07-07T09:40:21.864+0000] {dagbag.py:538} INFO - Filling up the DagBag from /home/airflow/.local/lib/python3.8/site-packages/airflow/example_dags/tutorial_taskflow_api.py
[2026-07-07T09:40:21.925+0000] {processor.py:840} INFO - DAG(s) 'tutorial_taskflow_api' retrieved from /home/airflow/.local/lib/python3.8/site-packages/airflow/example_dags/tutorial_taskflow_api.py
[2026-07-07T09:40:22.034+0000] {logging_mixin.py:188} INFO - [2026-07-07T09:40:22.033+0000] {dag.py:3036} INFO - Sync 1 DAGs
[2026-07-07T09:40:22.077+0000] {logging_mixin.py:188} INFO - [2026-07-07T09:40:22.076+0000] {dag.py:3823} INFO - Setting next_dagrun for tutorial_taskflow_api to None, run_after=None
[2026-07-07T09:40:22.129+0000] {processor.py:183} INFO - Processing /home/airflow/.local/lib/python3.8/site-packages/airflow/example_dags/tutorial_taskflow_api.py took 0.284 seconds
[2026-07-07T09:40:52.427+0000] {processor.py:161} INFO - Started process (PID=6648) to work on /home/airflow/.local/lib/python3.8/site-packages/airflow/example_dags/tutorial_taskflow_api.py
[2026-07-07T09:40:52.430+0000] {processor.py:830} INFO - Processing file /home/airflow/.local/lib/python3.8/site-packages/airflow/example_dags/tutorial_taskflow_api.py for tasks to queue
[2026-07-07T09:40:52.434+0000] {logging_mixin.py:188} INFO - [2026-07-07T09:40:52.433+0000] {dagbag.py:538} INFO - Filling up the DagBag from /home/airflow/.local/lib/python3.8/site-packages/airflow/example_dags/tutorial_taskflow_api.py
[2026-07-07T09:40:52.463+0000] {processor.py:840} INFO - DAG(s) 'tutorial_taskflow_api' retrieved from /home/airflow/.local/lib/python3.8/site-packages/airflow/example_dags/tutorial_taskflow_api.py
[2026-07-07T09:40:52.566+0000] {logging_mixin.py:188} INFO - [2026-07-07T09:40:52.565+0000] {dag.py:3036} INFO - Sync 1 DAGs
[2026-07-07T09:40:52.620+0000] {logging_mixin.py:188} INFO - [2026-07-07T09:40:52.619+0000] {dag.py:3823} INFO - Setting next_dagrun for tutorial_taskflow_api to None, run_after=None
[2026-07-07T09:40:52.689+0000] {processor.py:183} INFO - Processing /home/airflow/.local/lib/python3.8/site-packages/airflow/example_dags/tutorial_taskflow_api.py took 0.280 seconds
[2026-07-07T09:41:23.615+0000] {processor.py:161} INFO - Started process (PID=6715) to work on /home/airflow/.local/lib/python3.8/site-packages/airflow/example_dags/tutorial_taskflow_api.py
[2026-07-07T09:41:23.617+0000] {processor.py:830} INFO - Processing file /home/airflow/.local/lib/python3.8/site-packages/airflow/example_dags/tutorial_taskflow_api.py for tasks to queue
[2026-07-07T09:41:23.623+0000] {logging_mixin.py:188} INFO - [2026-07-07T09:41:23.621+0000] {dagbag.py:538} INFO - Filling up the DagBag from /home/airflow/.local/lib/python3.8/site-packages/airflow/example_dags/tutorial_taskflow_api.py
[2026-07-07T09:41:23.650+0000] {processor.py:840} INFO - DAG(s) 'tutorial_taskflow_api' retrieved from /home/airflow/.local/lib/python3.8/site-packages/airflow/example_dags/tutorial_taskflow_api.py
[2026-07-07T09:41:23.702+0000] {logging_mixin.py:188} INFO - [2026-07-07T09:41:23.702+0000] {dag.py:3036} INFO - Sync 1 DAGs
[2026-07-07T09:41:23.730+0000] {logging_mixin.py:188} INFO - [2026-07-07T09:41:23.729+0000] {dag.py:3823} INFO - Setting next_dagrun for tutorial_taskflow_api to None, run_after=None
[2026-07-07T09:41:23.790+0000] {processor.py:183} INFO - Processing /home/airflow/.local/lib/python3.8/site-packages/airflow/example_dags/tutorial_taskflow_api.py took 0.186 seconds
[2026-07-07T09:41:53.907+0000] {processor.py:161} INFO - Started process (PID=6782) to work on /home/airflow/.local/lib/python3.8/site-packages/airflow/example_dags/tutorial_taskflow_api.py
[2026-07-07T09:41:53.910+0000] {processor.py:830} INFO - Processing file /home/airflow/.local/lib/python3.8/site-packages/airflow/example_dags/tutorial_taskflow_api.py for tasks to queue
[2026-07-07T09:41:53.912+0000] {logging_mixin.py:188} INFO - [2026-07-07T09:41:53.911+0000] {dagbag.py:538} INFO - Filling up the DagBag from /home/airflow/.local/lib/python3.8/site-packages/airflow/example_dags/tutorial_taskflow_api.py
[2026-07-07T09:41:53.928+0000] {processor.py:840} INFO - DAG(s) 'tutorial_taskflow_api' retrieved from /home/airflow/.local/lib/python3.8/site-packages/airflow/example_dags/tutorial_taskflow_api.py
[2026-07-07T09:41:53.974+0000] {logging_mixin.py:188} INFO - [2026-07-07T09:41:53.973+0000] {dag.py:3036} INFO - Sync 1 DAGs
[2026-07-07T09:41:54.017+0000] {logging_mixin.py:188} INFO - [2026-07-07T09:41:54.016+0000] {dag.py:3823} INFO - Setting next_dagrun for tutorial_taskflow_api to None, run_after=None
[2026-07-07T09:41:54.174+0000] {processor.py:183} INFO - Processing /home/airflow/.local/lib/python3.8/site-packages/airflow/example_dags/tutorial_taskflow_api.py took 0.276 seconds
[2026-07-07T09:42:24.621+0000] {processor.py:161} INFO - Started process (PID=6847) to work on /home/airflow/.local/lib/python3.8/site-packages/airflow/example_dags/tutorial_taskflow_api.py
[2026-07-07T09:42:24.624+0000] {processor.py:830} INFO - Processing file /home/airflow/.local/lib/python3.8/site-packages/airflow/example_dags/tutorial_taskflow_api.py for tasks to queue
[2026-07-07T09:42:24.627+0000] {logging_mixin.py:188} INFO - [2026-07-07T09:42:24.626+0000] {dagbag.py:538} INFO - Filling up the DagBag from /home/airflow/.local/lib/python3.8/site-packages/airflow/example_dags/tutorial_taskflow_api.py
[2026-07-07T09:42:24.649+0000] {processor.py:840} INFO - DAG(s) 'tutorial_taskflow_api' retrieved from /home/airflow/.local/lib/python3.8/site-packages/airflow/example_dags/tutorial_taskflow_api.py
[2026-07-07T09:42:24.708+0000] {logging_mixin.py:188} INFO - [2026-07-07T09:42:24.707+0000] {dag.py:3036} INFO - Sync 1 DAGs
[2026-07-07T09:42:24.736+0000] {logging_mixin.py:188} INFO - [2026-07-07T09:42:24.735+0000] {dag.py:3823} INFO - Setting next_dagrun for tutorial_taskflow_api to None, run_after=None
[2026-07-07T09:42:24.789+0000] {processor.py:183} INFO - Processing /home/airflow/.local/lib/python3.8/site-packages/airflow/example_dags/tutorial_taskflow_api.py took 0.177 seconds
[2026-07-07T09:42:55.038+0000] {processor.py:161} INFO - Started process (PID=6905) to work on /home/airflow/.local/lib/python3.8/site-packages/airflow/example_dags/tutorial_taskflow_api.py
[2026-07-07T09:42:55.040+0000] {processor.py:830} INFO - Processing file /home/airflow/.local/lib/python3.8/site-packages/airflow/example_dags/tutorial_taskflow_api.py for tasks to queue
[2026-07-07T09:42:55.042+0000] {logging_mixin.py:188} INFO - [2026-07-07T09:42:55.041+0000] {dagbag.py:538} INFO - Filling up the DagBag from /home/airflow/.local/lib/python3.8/site-packages/airflow/example_dags/tutorial_taskflow_api.py
[2026-07-07T09:42:55.055+0000] {processor.py:840} INFO - DAG(s) 'tutorial_taskflow_api' retrieved from /home/airflow/.local/lib/python3.8/site-packages/airflow/example_dags/tutorial_taskflow_api.py
[2026-07-07T09:42:55.098+0000] {logging_mixin.py:188} INFO - [2026-07-07T09:42:55.098+0000] {dag.py:3036} INFO - Sync 1 DAGs
[2026-07-07T09:42:55.134+0000] {logging_mixin.py:188} INFO - [2026-07-07T09:42:55.134+0000] {dag.py:3823} INFO - Setting next_dagrun for tutorial_taskflow_api to None, run_after=None
[2026-07-07T09:42:55.176+0000] {processor.py:183} INFO - Processing /home/airflow/.local/lib/python3.8/site-packages/airflow/example_dags/tutorial_taskflow_api.py took 0.148 seconds
[2026-07-07T09:43:25.269+0000] {processor.py:161} INFO - Started process (PID=6971) to work on /home/airflow/.local/lib/python3.8/site-packages/airflow/example_dags/tutorial_taskflow_api.py
[2026-07-07T09:43:25.271+0000] {processor.py:830} INFO - Processing file /home/airflow/.local/lib/python3.8/site-packages/airflow/example_dags/tutorial_taskflow_api.py for tasks to queue
[2026-07-07T09:43:25.274+0000] {logging_mixin.py:188} INFO - [2026-07-07T09:43:25.273+0000] {dagbag.py:538} INFO - Filling up the DagBag from /home/airflow/.local/lib/python3.8/site-packages/airflow/example_dags/tutorial_taskflow_api.py
[2026-07-07T09:43:25.292+0000] {processor.py:840} INFO - DAG(s) 'tutorial_taskflow_api' retrieved from /home/airflow/.local/lib/python3.8/site-packages/airflow/example_dags/tutorial_taskflow_api.py
[2026-07-07T09:43:25.338+0000] {logging_mixin.py:188} INFO - [2026-07-07T09:43:25.337+0000] {dag.py:3036} INFO - Sync 1 DAGs
[2026-07-07T09:43:25.358+0000] {logging_mixin.py:188} INFO - [2026-07-07T09:43:25.358+0000] {dag.py:3823} INFO - Setting next_dagrun for tutorial_taskflow_api to None, run_after=None
[2026-07-07T09:43:25.392+0000] {processor.py:183} INFO - Processing /home/airflow/.local/lib/python3.8/site-packages/airflow/example_dags/tutorial_taskflow_api.py took 0.131 seconds
[2026-07-07T09:43:56.054+0000] {processor.py:161} INFO - Started process (PID=7038) to work on /home/airflow/.local/lib/python3.8/site-packages/airflow/example_dags/tutorial_taskflow_api.py
[2026-07-07T09:43:56.058+0000] {processor.py:830} INFO - Processing file /home/airflow/.local/lib/python3.8/site-packages/airflow/example_dags/tutorial_taskflow_api.py for tasks to queue
[2026-07-07T09:43:56.061+0000] {logging_mixin.py:188} INFO - [2026-07-07T09:43:56.060+0000] {dagbag.py:538} INFO - Filling up the DagBag from /home/airflow/.local/lib/python3.8/site-packages/airflow/example_dags/tutorial_taskflow_api.py
[2026-07-07T09:43:56.088+0000] {processor.py:840} INFO - DAG(s) 'tutorial_taskflow_api' retrieved from /home/airflow/.local/lib/python3.8/site-packages/airflow/example_dags/tutorial_taskflow_api.py
[2026-07-07T09:43:56.169+0000] {logging_mixin.py:188} INFO - [2026-07-07T09:43:56.168+0000] {dag.py:3036} INFO - Sync 1 DAGs
[2026-07-07T09:43:56.217+0000] {logging_mixin.py:188} INFO - [2026-07-07T09:43:56.216+0000] {dag.py:3823} INFO - Setting next_dagrun for tutorial_taskflow_api to None, run_after=None
[2026-07-07T09:43:56.283+0000] {processor.py:183} INFO - Processing /home/airflow/.local/lib/python3.8/site-packages/airflow/example_dags/tutorial_taskflow_api.py took 0.244 seconds
[2026-07-07T09:44:27.127+0000] {processor.py:161} INFO - Started process (PID=7105) to work on /home/airflow/.local/lib/python3.8/site-packages/airflow/example_dags/tutorial_taskflow_api.py
[2026-07-07T09:44:27.129+0000] {processor.py:830} INFO - Processing file /home/airflow/.local/lib/python3.8/site-packages/airflow/example_dags/tutorial_taskflow_api.py for tasks to queue
[2026-07-07T09:44:27.131+0000] {logging_mixin.py:188} INFO - [2026-07-07T09:44:27.130+0000] {dagbag.py:538} INFO - Filling up the DagBag from /home/airflow/.local/lib/python3.8/site-packages/airflow/example_dags/tutorial_taskflow_api.py
[2026-07-07T09:44:27.143+0000] {processor.py:840} INFO - DAG(s) 'tutorial_taskflow_api' retrieved from /home/airflow/.local/lib/python3.8/site-packages/airflow/example_dags/tutorial_taskflow_api.py
[2026-07-07T09:44:27.188+0000] {logging_mixin.py:188} INFO - [2026-07-07T09:44:27.188+0000] {dag.py:3036} INFO - Sync 1 DAGs
[2026-07-07T09:44:27.219+0000] {logging_mixin.py:188} INFO - [2026-07-07T09:44:27.219+0000] {dag.py:3823} INFO - Setting next_dagrun for tutorial_taskflow_api to None, run_after=None
[2026-07-07T09:44:27.266+0000] {processor.py:183} INFO - Processing /home/airflow/.local/lib/python3.8/site-packages/airflow/example_dags/tutorial_taskflow_api.py took 0.147 seconds
[2026-07-07T09:44:57.603+0000] {processor.py:161} INFO - Started process (PID=7171) to work on /home/airflow/.local/lib/python3.8/site-packages/airflow/example_dags/tutorial_taskflow_api.py
[2026-07-07T09:44:57.617+0000] {processor.py:830} INFO - Processing file /home/airflow/.local/lib/python3.8/site-packages/airflow/example_dags/tutorial_taskflow_api.py for tasks to queue
[2026-07-07T09:44:57.623+0000] {logging_mixin.py:188} INFO - [2026-07-07T09:44:57.622+0000] {dagbag.py:538} INFO - Filling up the DagBag from /home/airflow/.local/lib/python3.8/site-packages/airflow/example_dags/tutorial_taskflow_api.py
[2026-07-07T09:44:57.709+0000] {processor.py:840} INFO - DAG(s) 'tutorial_taskflow_api' retrieved from /home/airflow/.local/lib/python3.8/site-packages/airflow/example_dags/tutorial_taskflow_api.py
[2026-07-07T09:44:57.864+0000] {logging_mixin.py:188} INFO - [2026-07-07T09:44:57.863+0000] {dag.py:3036} INFO - Sync 1 DAGs
[2026-07-07T09:44:58.087+0000] {logging_mixin.py:188} INFO - [2026-07-07T09:44:58.083+0000] {dag.py:3823} INFO - Setting next_dagrun for tutorial_taskflow_api to None, run_after=None
[2026-07-07T09:44:58.328+0000] {processor.py:183} INFO - Processing /home/airflow/.local/lib/python3.8/site-packages/airflow/example_dags/tutorial_taskflow_api.py took 0.775 seconds
[2026-07-07T09:45:28.837+0000] {processor.py:161} INFO - Started process (PID=7230) to work on /home/airflow/.local/lib/python3.8/site-packages/airflow/example_dags/tutorial_taskflow_api.py
[2026-07-07T09:45:28.966+0000] {processor.py:830} INFO - Processing file /home/airflow/.local/lib/python3.8/site-packages/airflow/example_dags/tutorial_taskflow_api.py for tasks to queue
[2026-07-07T09:45:28.968+0000] {logging_mixin.py:188} INFO - [2026-07-07T09:45:28.968+0000] {dagbag.py:538} INFO - Filling up the DagBag from /home/airflow/.local/lib/python3.8/site-packages/airflow/example_dags/tutorial_taskflow_api.py
[2026-07-07T09:45:29.003+0000] {processor.py:840} INFO - DAG(s) 'tutorial_taskflow_api' retrieved from /home/airflow/.local/lib/python3.8/site-packages/airflow/example_dags/tutorial_taskflow_api.py
[2026-07-07T09:45:29.100+0000] {logging_mixin.py:188} INFO - [2026-07-07T09:45:29.099+0000] {dag.py:3036} INFO - Sync 1 DAGs
[2026-07-07T09:45:29.143+0000] {logging_mixin.py:188} INFO - [2026-07-07T09:45:29.142+0000] {dag.py:3823} INFO - Setting next_dagrun for tutorial_taskflow_api to None, run_after=None
[2026-07-07T09:45:29.235+0000] {processor.py:183} INFO - Processing /home/airflow/.local/lib/python3.8/site-packages/airflow/example_dags/tutorial_taskflow_api.py took 0.414 seconds
[2026-07-07T09:45:59.503+0000] {processor.py:161} INFO - Started process (PID=7296) to work on /home/airflow/.local/lib/python3.8/site-packages/airflow/example_dags/tutorial_taskflow_api.py
[2026-07-07T09:45:59.516+0000] {processor.py:830} INFO - Processing file /home/airflow/.local/lib/python3.8/site-packages/airflow/example_dags/tutorial_taskflow_api.py for tasks to queue
[2026-07-07T09:45:59.519+0000] {logging_mixin.py:188} INFO - [2026-07-07T09:45:59.518+0000] {dagbag.py:538} INFO - Filling up the DagBag from /home/airflow/.local/lib/python3.8/site-packages/airflow/example_dags/tutorial_taskflow_api.py
[2026-07-07T09:45:59.595+0000] {processor.py:840} INFO - DAG(s) 'tutorial_taskflow_api' retrieved from /home/airflow/.local/lib/python3.8/site-packages/airflow/example_dags/tutorial_taskflow_api.py
[2026-07-07T09:45:59.706+0000] {logging_mixin.py:188} INFO - [2026-07-07T09:45:59.705+0000] {dag.py:3036} INFO - Sync 1 DAGs
[2026-07-07T09:45:59.743+0000] {logging_mixin.py:188} INFO - [2026-07-07T09:45:59.743+0000] {dag.py:3823} INFO - Setting next_dagrun for tutorial_taskflow_api to None, run_after=None
[2026-07-07T09:45:59.813+0000] {processor.py:183} INFO - Processing /home/airflow/.local/lib/python3.8/site-packages/airflow/example_dags/tutorial_taskflow_api.py took 0.333 seconds
[2026-07-07T09:46:30.409+0000] {processor.py:161} INFO - Started process (PID=7360) to work on /home/airflow/.local/lib/python3.8/site-packages/airflow/example_dags/tutorial_taskflow_api.py
[2026-07-07T09:46:30.411+0000] {processor.py:830} INFO - Processing file /home/airflow/.local/lib/python3.8/site-packages/airflow/example_dags/tutorial_taskflow_api.py for tasks to queue
[2026-07-07T09:46:30.413+0000] {logging_mixin.py:188} INFO - [2026-07-07T09:46:30.412+0000] {dagbag.py:538} INFO - Filling up the DagBag from /home/airflow/.local/lib/python3.8/site-packages/airflow/example_dags/tutorial_taskflow_api.py
[2026-07-07T09:46:30.429+0000] {processor.py:840} INFO - DAG(s) 'tutorial_taskflow_api' retrieved from /home/airflow/.local/lib/python3.8/site-packages/airflow/example_dags/tutorial_taskflow_api.py
[2026-07-07T09:46:30.474+0000] {logging_mixin.py:188} INFO - [2026-07-07T09:46:30.473+0000] {dag.py:3036} INFO - Sync 1 DAGs
[2026-07-07T09:46:30.504+0000] {logging_mixin.py:188} INFO - [2026-07-07T09:46:30.504+0000] {dag.py:3823} INFO - Setting next_dagrun for tutorial_taskflow_api to None, run_after=None
[2026-07-07T09:46:30.543+0000] {processor.py:183} INFO - Processing /home/airflow/.local/lib/python3.8/site-packages/airflow/example_dags/tutorial_taskflow_api.py took 0.142 seconds
