[2026-07-07T09:09:21.421+0000] {taskinstance.py:1956} INFO - Dependencies all met for dep_context=non-requeueable deps ti=<TaskInstance: weather_pipeline.fetch_weather_data scheduled__2026-07-06T16:00:00+00:00 [queued]>
[2026-07-07T09:09:21.469+0000] {taskinstance.py:1956} INFO - Dependencies all met for dep_context=requeueable deps ti=<TaskInstance: weather_pipeline.fetch_weather_data scheduled__2026-07-06T16:00:00+00:00 [queued]>
[2026-07-07T09:09:21.470+0000] {taskinstance.py:2170} INFO - Starting attempt 1 of 1
[2026-07-07T09:09:21.556+0000] {taskinstance.py:2191} INFO - Executing <Task(PythonOperator): fetch_weather_data> on 2026-07-06 16:00:00+00:00
[2026-07-07T09:09:21.692+0000] {standard_task_runner.py:60} INFO - Started process 1193 to run task
[2026-07-07T09:09:21.736+0000] {standard_task_runner.py:87} INFO - Running: ['***', 'tasks', 'run', 'weather_pipeline', 'fetch_weather_data', 'scheduled__2026-07-06T16:00:00+00:00', '--job-id', '5', '--raw', '--subdir', 'DAGS_FOLDER/weather_dag.py', '--cfg-path', '/tmp/tmpipq0rk52']
[2026-07-07T09:09:21.763+0000] {standard_task_runner.py:88} INFO - Job 5: Subtask fetch_weather_data
[2026-07-07T09:09:21.901+0000] {warnings.py:109} WARNING - /home/***/.local/lib/python3.8/site-packages/***/settings.py:194: DeprecationWarning: The sql_alchemy_conn option in [core] has been moved to the sql_alchemy_conn option in [database] - the old setting has been used, but please update your config.
  SQL_ALCHEMY_CONN = conf.get("database", "SQL_ALCHEMY_CONN")

[2026-07-07T09:09:22.529+0000] {task_command.py:423} INFO - Running <TaskInstance: weather_pipeline.fetch_weather_data scheduled__2026-07-06T16:00:00+00:00 [running]> on host 24bd6c2a971e
[2026-07-07T09:09:23.199+0000] {taskinstance.py:2480} INFO - Exporting env vars: AIRFLOW_CTX_DAG_OWNER='***' AIRFLOW_CTX_DAG_ID='weather_pipeline' AIRFLOW_CTX_TASK_ID='fetch_weather_data' AIRFLOW_CTX_EXECUTION_DATE='2026-07-06T16:00:00+00:00' AIRFLOW_CTX_TRY_NUMBER='1' AIRFLOW_CTX_DAG_RUN_ID='scheduled__2026-07-06T16:00:00+00:00'
[2026-07-07T09:09:23.384+0000] {logging_mixin.py:188} INFO - {'q': 'paris', 'appid': '***', 'units': 'metric'}
[2026-07-07T09:09:24.043+0000] {logging_mixin.py:188} INFO - [Task 1] Fetched data for 'paris' — HTTP 200
[2026-07-07T09:09:24.052+0000] {logging_mixin.py:188} INFO - {'q': 'london', 'appid': '***', 'units': 'metric'}
[2026-07-07T09:09:24.680+0000] {logging_mixin.py:188} INFO - [Task 1] Fetched data for 'london' — HTTP 200
[2026-07-07T09:09:24.682+0000] {logging_mixin.py:188} INFO - {'q': 'orleans', 'appid': '***', 'units': 'metric'}
[2026-07-07T09:09:25.085+0000] {logging_mixin.py:188} INFO - [Task 1] Fetched data for 'orleans' — HTTP 200
[2026-07-07T09:09:25.088+0000] {logging_mixin.py:188} INFO - [Task 1] Saved 3 cities → '/app/raw_files/2026-07-07 09:09.json'
[2026-07-07T09:09:25.103+0000] {python.py:201} INFO - Done. Returned value was: None
[2026-07-07T09:09:25.152+0000] {taskinstance.py:1138} INFO - Marking task as SUCCESS. dag_id=weather_pipeline, task_id=fetch_weather_data, execution_date=20260706T160000, start_date=20260707T090921, end_date=20260707T090925
[2026-07-07T09:09:25.303+0000] {local_task_job_runner.py:234} INFO - Task exited with return code 0
[2026-07-07T09:09:25.771+0000] {taskinstance.py:3280} INFO - 0 downstream tasks scheduled from follow-on schedule check
