[2026-07-06T16:22:00.477+0000] {processor.py:161} INFO - Started process (PID=180) to work on /opt/airflow/dags/weather_dag.py
[2026-07-06T16:22:00.496+0000] {processor.py:830} INFO - Processing file /opt/airflow/dags/weather_dag.py for tasks to queue
[2026-07-06T16:22:00.504+0000] {logging_mixin.py:188} INFO - [2026-07-06T16:22:00.503+0000] {dagbag.py:538} INFO - Filling up the DagBag from /opt/airflow/dags/weather_dag.py
[2026-07-06T16:22:01.099+0000] {logging_mixin.py:188} INFO - {'q': 'paris', 'appid': '0dad2f5c2704064b9994758e39b4eb89', 'units': 'metric'}
[2026-07-06T16:22:02.988+0000] {logging_mixin.py:188} INFO - [Task 1] Fetched data for 'paris' — HTTP 200
[2026-07-06T16:22:02.989+0000] {logging_mixin.py:188} INFO - {'q': 'london', 'appid': '0dad2f5c2704064b9994758e39b4eb89', 'units': 'metric'}
[2026-07-06T16:22:04.230+0000] {logging_mixin.py:188} INFO - [Task 1] Fetched data for 'london' — HTTP 200
[2026-07-06T16:22:04.232+0000] {logging_mixin.py:188} INFO - {'q': 'orleans', 'appid': '0dad2f5c2704064b9994758e39b4eb89', 'units': 'metric'}
[2026-07-06T16:22:05.356+0000] {logging_mixin.py:188} INFO - [Task 1] Fetched data for 'orleans' — HTTP 200
[2026-07-06T16:22:05.366+0000] {logging_mixin.py:188} INFO - [Task 1] Saved 3 cities → '/app/raw_files/2026-07-06 16:22.json'
[2026-07-06T16:22:05.525+0000] {processor.py:840} INFO - DAG(s) 'weather_pipeline' retrieved from /opt/airflow/dags/weather_dag.py
[2026-07-06T16:22:07.122+0000] {logging_mixin.py:188} INFO - [2026-07-06T16:22:07.120+0000] {override.py:1769} INFO - Created Permission View: can read on DAG:weather_pipeline
[2026-07-06T16:22:07.199+0000] {logging_mixin.py:188} INFO - [2026-07-06T16:22:07.198+0000] {override.py:1769} INFO - Created Permission View: can delete on DAG:weather_pipeline
[2026-07-06T16:22:07.257+0000] {logging_mixin.py:188} INFO - [2026-07-06T16:22:07.257+0000] {override.py:1769} INFO - Created Permission View: can edit on DAG:weather_pipeline
[2026-07-06T16:22:07.259+0000] {logging_mixin.py:188} INFO - [2026-07-06T16:22:07.258+0000] {dag.py:3036} INFO - Sync 1 DAGs
[2026-07-06T16:22:07.423+0000] {logging_mixin.py:188} INFO - [2026-07-06T16:22:07.422+0000] {dag.py:3058} INFO - Creating ORM DAG for weather_pipeline
[2026-07-06T16:22:07.517+0000] {logging_mixin.py:188} INFO - [2026-07-06T16:22:07.516+0000] {dag.py:3823} INFO - Setting next_dagrun for weather_pipeline to 2026-07-06 15:00:00+00:00, run_after=2026-07-06 16:00:00+00:00
[2026-07-06T16:22:07.674+0000] {processor.py:183} INFO - Processing /opt/airflow/dags/weather_dag.py took 7.251 seconds
[2026-07-06T16:24:24.106+0000] {processor.py:161} INFO - Started process (PID=287) to work on /opt/airflow/dags/weather_dag.py
[2026-07-06T16:24:24.125+0000] {processor.py:830} INFO - Processing file /opt/airflow/dags/weather_dag.py for tasks to queue
[2026-07-06T16:24:24.139+0000] {logging_mixin.py:188} INFO - [2026-07-06T16:24:24.138+0000] {dagbag.py:538} INFO - Filling up the DagBag from /opt/airflow/dags/weather_dag.py
[2026-07-06T16:24:24.380+0000] {logging_mixin.py:188} INFO - {'q': 'paris', 'appid': '0dad2f5c2704064b9994758e39b4eb89', 'units': 'metric'}
[2026-07-06T16:24:27.067+0000] {logging_mixin.py:188} INFO - [Task 1] Fetched data for 'paris' — HTTP 200
[2026-07-06T16:24:27.072+0000] {logging_mixin.py:188} INFO - {'q': 'london', 'appid': '0dad2f5c2704064b9994758e39b4eb89', 'units': 'metric'}
[2026-07-06T16:24:28.152+0000] {logging_mixin.py:188} INFO - [Task 1] Fetched data for 'london' — HTTP 200
[2026-07-06T16:24:28.152+0000] {logging_mixin.py:188} INFO - {'q': 'orleans', 'appid': '0dad2f5c2704064b9994758e39b4eb89', 'units': 'metric'}
[2026-07-06T16:24:28.982+0000] {logging_mixin.py:188} INFO - [Task 1] Fetched data for 'orleans' — HTTP 200
[2026-07-06T16:24:29.006+0000] {logging_mixin.py:188} INFO - [Task 1] Saved 3 cities → '/app/raw_files/2026-07-06 16:24.json'
[2026-07-06T16:24:29.144+0000] {processor.py:840} INFO - DAG(s) 'weather_pipeline' retrieved from /opt/airflow/dags/weather_dag.py
[2026-07-06T16:24:29.254+0000] {logging_mixin.py:188} INFO - [2026-07-06T16:24:29.253+0000] {dag.py:3036} INFO - Sync 1 DAGs
[2026-07-06T16:24:29.586+0000] {logging_mixin.py:188} INFO - [2026-07-06T16:24:29.585+0000] {dag.py:3823} INFO - Setting next_dagrun for weather_pipeline to 2026-07-06 15:00:00+00:00, run_after=2026-07-06 16:00:00+00:00
[2026-07-06T16:24:30.090+0000] {processor.py:183} INFO - Processing /opt/airflow/dags/weather_dag.py took 6.024 seconds
[2026-07-06T16:25:01.484+0000] {processor.py:161} INFO - Started process (PID=351) to work on /opt/airflow/dags/weather_dag.py
[2026-07-06T16:25:01.497+0000] {processor.py:830} INFO - Processing file /opt/airflow/dags/weather_dag.py for tasks to queue
[2026-07-06T16:25:01.508+0000] {logging_mixin.py:188} INFO - [2026-07-06T16:25:01.507+0000] {dagbag.py:538} INFO - Filling up the DagBag from /opt/airflow/dags/weather_dag.py
[2026-07-06T16:25:01.575+0000] {logging_mixin.py:188} INFO - {'q': 'paris', 'appid': '0dad2f5c2704064b9994758e39b4eb89', 'units': 'metric'}
[2026-07-06T16:25:02.194+0000] {logging_mixin.py:188} INFO - [Task 1] Fetched data for 'paris' — HTTP 200
[2026-07-06T16:25:02.195+0000] {logging_mixin.py:188} INFO - {'q': 'london', 'appid': '0dad2f5c2704064b9994758e39b4eb89', 'units': 'metric'}
[2026-07-06T16:25:02.701+0000] {logging_mixin.py:188} INFO - [Task 1] Fetched data for 'london' — HTTP 200
[2026-07-06T16:25:02.701+0000] {logging_mixin.py:188} INFO - {'q': 'orleans', 'appid': '0dad2f5c2704064b9994758e39b4eb89', 'units': 'metric'}
[2026-07-06T16:25:03.205+0000] {logging_mixin.py:188} INFO - [Task 1] Fetched data for 'orleans' — HTTP 200
[2026-07-06T16:25:03.209+0000] {logging_mixin.py:188} INFO - [Task 1] Saved 3 cities → '/app/raw_files/2026-07-06 16:25.json'
[2026-07-06T16:25:03.235+0000] {processor.py:840} INFO - DAG(s) 'weather_pipeline' retrieved from /opt/airflow/dags/weather_dag.py
[2026-07-06T16:25:03.261+0000] {logging_mixin.py:188} INFO - [2026-07-06T16:25:03.260+0000] {dag.py:3036} INFO - Sync 1 DAGs
[2026-07-06T16:25:03.341+0000] {logging_mixin.py:188} INFO - [2026-07-06T16:25:03.341+0000] {dag.py:3823} INFO - Setting next_dagrun for weather_pipeline to 2026-07-06 15:00:00+00:00, run_after=2026-07-06 16:00:00+00:00
[2026-07-06T16:25:03.450+0000] {processor.py:183} INFO - Processing /opt/airflow/dags/weather_dag.py took 1.984 seconds
[2026-07-06T16:25:33.757+0000] {processor.py:161} INFO - Started process (PID=409) to work on /opt/airflow/dags/weather_dag.py
[2026-07-06T16:25:33.760+0000] {processor.py:830} INFO - Processing file /opt/airflow/dags/weather_dag.py for tasks to queue
[2026-07-06T16:25:33.767+0000] {logging_mixin.py:188} INFO - [2026-07-06T16:25:33.766+0000] {dagbag.py:538} INFO - Filling up the DagBag from /opt/airflow/dags/weather_dag.py
[2026-07-06T16:25:33.818+0000] {logging_mixin.py:188} INFO - {'q': 'paris', 'appid': '0dad2f5c2704064b9994758e39b4eb89', 'units': 'metric'}
[2026-07-06T16:25:34.243+0000] {logging_mixin.py:188} INFO - [Task 1] Fetched data for 'paris' — HTTP 200
[2026-07-06T16:25:34.243+0000] {logging_mixin.py:188} INFO - {'q': 'london', 'appid': '0dad2f5c2704064b9994758e39b4eb89', 'units': 'metric'}
[2026-07-06T16:25:34.747+0000] {logging_mixin.py:188} INFO - [Task 1] Fetched data for 'london' — HTTP 200
[2026-07-06T16:25:34.749+0000] {logging_mixin.py:188} INFO - {'q': 'orleans', 'appid': '0dad2f5c2704064b9994758e39b4eb89', 'units': 'metric'}
[2026-07-06T16:25:35.301+0000] {logging_mixin.py:188} INFO - [Task 1] Fetched data for 'orleans' — HTTP 200
[2026-07-06T16:25:35.304+0000] {logging_mixin.py:188} INFO - [Task 1] Saved 3 cities → '/app/raw_files/2026-07-06 16:25.json'
[2026-07-06T16:25:35.358+0000] {processor.py:840} INFO - DAG(s) 'weather_pipeline' retrieved from /opt/airflow/dags/weather_dag.py
[2026-07-06T16:25:35.408+0000] {logging_mixin.py:188} INFO - [2026-07-06T16:25:35.406+0000] {dag.py:3036} INFO - Sync 1 DAGs
[2026-07-06T16:25:35.512+0000] {logging_mixin.py:188} INFO - [2026-07-06T16:25:35.512+0000] {dag.py:3823} INFO - Setting next_dagrun for weather_pipeline to 2026-07-06 15:00:00+00:00, run_after=2026-07-06 16:00:00+00:00
[2026-07-06T16:25:35.557+0000] {processor.py:183} INFO - Processing /opt/airflow/dags/weather_dag.py took 1.814 seconds
[2026-07-06T16:26:06.439+0000] {processor.py:161} INFO - Started process (PID=475) to work on /opt/airflow/dags/weather_dag.py
[2026-07-06T16:26:06.443+0000] {processor.py:830} INFO - Processing file /opt/airflow/dags/weather_dag.py for tasks to queue
[2026-07-06T16:26:06.451+0000] {logging_mixin.py:188} INFO - [2026-07-06T16:26:06.450+0000] {dagbag.py:538} INFO - Filling up the DagBag from /opt/airflow/dags/weather_dag.py
[2026-07-06T16:26:06.526+0000] {logging_mixin.py:188} INFO - {'q': 'paris', 'appid': '0dad2f5c2704064b9994758e39b4eb89', 'units': 'metric'}
[2026-07-06T16:26:06.947+0000] {logging_mixin.py:188} INFO - [Task 1] Fetched data for 'paris' — HTTP 200
[2026-07-06T16:26:06.948+0000] {logging_mixin.py:188} INFO - {'q': 'london', 'appid': '0dad2f5c2704064b9994758e39b4eb89', 'units': 'metric'}
[2026-07-06T16:26:07.421+0000] {logging_mixin.py:188} INFO - [Task 1] Fetched data for 'london' — HTTP 200
[2026-07-06T16:26:07.426+0000] {logging_mixin.py:188} INFO - {'q': 'orleans', 'appid': '0dad2f5c2704064b9994758e39b4eb89', 'units': 'metric'}
[2026-07-06T16:26:07.714+0000] {logging_mixin.py:188} INFO - [Task 1] Fetched data for 'orleans' — HTTP 200
[2026-07-06T16:26:07.718+0000] {logging_mixin.py:188} INFO - [Task 1] Saved 3 cities → '/app/raw_files/2026-07-06 16:26.json'
[2026-07-06T16:26:07.751+0000] {processor.py:840} INFO - DAG(s) 'weather_pipeline' retrieved from /opt/airflow/dags/weather_dag.py
[2026-07-06T16:26:07.799+0000] {logging_mixin.py:188} INFO - [2026-07-06T16:26:07.798+0000] {dag.py:3036} INFO - Sync 1 DAGs
[2026-07-06T16:26:07.881+0000] {logging_mixin.py:188} INFO - [2026-07-06T16:26:07.880+0000] {dag.py:3823} INFO - Setting next_dagrun for weather_pipeline to 2026-07-06 15:00:00+00:00, run_after=2026-07-06 16:00:00+00:00
[2026-07-06T16:26:07.943+0000] {processor.py:183} INFO - Processing /opt/airflow/dags/weather_dag.py took 1.520 seconds
[2026-07-06T16:26:38.296+0000] {processor.py:161} INFO - Started process (PID=543) to work on /opt/airflow/dags/weather_dag.py
[2026-07-06T16:26:38.298+0000] {processor.py:830} INFO - Processing file /opt/airflow/dags/weather_dag.py for tasks to queue
[2026-07-06T16:26:38.307+0000] {logging_mixin.py:188} INFO - [2026-07-06T16:26:38.306+0000] {dagbag.py:538} INFO - Filling up the DagBag from /opt/airflow/dags/weather_dag.py
[2026-07-06T16:26:38.367+0000] {logging_mixin.py:188} INFO - {'q': 'paris', 'appid': '0dad2f5c2704064b9994758e39b4eb89', 'units': 'metric'}
[2026-07-06T16:26:38.694+0000] {logging_mixin.py:188} INFO - [Task 1] Fetched data for 'paris' — HTTP 200
[2026-07-06T16:26:38.695+0000] {logging_mixin.py:188} INFO - {'q': 'london', 'appid': '0dad2f5c2704064b9994758e39b4eb89', 'units': 'metric'}
[2026-07-06T16:26:39.101+0000] {logging_mixin.py:188} INFO - [Task 1] Fetched data for 'london' — HTTP 200
[2026-07-06T16:26:39.102+0000] {logging_mixin.py:188} INFO - {'q': 'orleans', 'appid': '0dad2f5c2704064b9994758e39b4eb89', 'units': 'metric'}
[2026-07-06T16:26:39.603+0000] {logging_mixin.py:188} INFO - [Task 1] Fetched data for 'orleans' — HTTP 200
[2026-07-06T16:26:39.623+0000] {logging_mixin.py:188} INFO - [Task 1] Saved 3 cities → '/app/raw_files/2026-07-06 16:26.json'
[2026-07-06T16:26:39.658+0000] {processor.py:840} INFO - DAG(s) 'weather_pipeline' retrieved from /opt/airflow/dags/weather_dag.py
[2026-07-06T16:26:39.699+0000] {logging_mixin.py:188} INFO - [2026-07-06T16:26:39.699+0000] {dag.py:3036} INFO - Sync 1 DAGs
[2026-07-06T16:26:39.766+0000] {logging_mixin.py:188} INFO - [2026-07-06T16:26:39.765+0000] {dag.py:3823} INFO - Setting next_dagrun for weather_pipeline to 2026-07-06 15:00:00+00:00, run_after=2026-07-06 16:00:00+00:00
[2026-07-06T16:26:39.815+0000] {processor.py:183} INFO - Processing /opt/airflow/dags/weather_dag.py took 1.537 seconds
[2026-07-06T16:27:09.905+0000] {processor.py:161} INFO - Started process (PID=610) to work on /opt/airflow/dags/weather_dag.py
[2026-07-06T16:27:09.908+0000] {processor.py:830} INFO - Processing file /opt/airflow/dags/weather_dag.py for tasks to queue
[2026-07-06T16:27:09.913+0000] {logging_mixin.py:188} INFO - [2026-07-06T16:27:09.912+0000] {dagbag.py:538} INFO - Filling up the DagBag from /opt/airflow/dags/weather_dag.py
[2026-07-06T16:27:09.968+0000] {logging_mixin.py:188} INFO - {'q': 'paris', 'appid': '0dad2f5c2704064b9994758e39b4eb89', 'units': 'metric'}
[2026-07-06T16:27:10.383+0000] {logging_mixin.py:188} INFO - [Task 1] Fetched data for 'paris' — HTTP 200
[2026-07-06T16:27:10.384+0000] {logging_mixin.py:188} INFO - {'q': 'london', 'appid': '0dad2f5c2704064b9994758e39b4eb89', 'units': 'metric'}
[2026-07-06T16:27:10.718+0000] {logging_mixin.py:188} INFO - [Task 1] Fetched data for 'london' — HTTP 200
[2026-07-06T16:27:10.719+0000] {logging_mixin.py:188} INFO - {'q': 'orleans', 'appid': '0dad2f5c2704064b9994758e39b4eb89', 'units': 'metric'}
[2026-07-06T16:27:10.996+0000] {logging_mixin.py:188} INFO - [Task 1] Fetched data for 'orleans' — HTTP 200
[2026-07-06T16:27:10.999+0000] {logging_mixin.py:188} INFO - [Task 1] Saved 3 cities → '/app/raw_files/2026-07-06 16:27.json'
[2026-07-06T16:27:11.016+0000] {processor.py:840} INFO - DAG(s) 'weather_pipeline' retrieved from /opt/airflow/dags/weather_dag.py
[2026-07-06T16:27:11.042+0000] {logging_mixin.py:188} INFO - [2026-07-06T16:27:11.041+0000] {dag.py:3036} INFO - Sync 1 DAGs
[2026-07-06T16:27:11.092+0000] {logging_mixin.py:188} INFO - [2026-07-06T16:27:11.092+0000] {dag.py:3823} INFO - Setting next_dagrun for weather_pipeline to 2026-07-06 15:00:00+00:00, run_after=2026-07-06 16:00:00+00:00
[2026-07-06T16:27:11.131+0000] {processor.py:183} INFO - Processing /opt/airflow/dags/weather_dag.py took 1.239 seconds
[2026-07-06T16:27:41.525+0000] {processor.py:161} INFO - Started process (PID=677) to work on /opt/airflow/dags/weather_dag.py
[2026-07-06T16:27:41.528+0000] {processor.py:830} INFO - Processing file /opt/airflow/dags/weather_dag.py for tasks to queue
[2026-07-06T16:27:41.533+0000] {logging_mixin.py:188} INFO - [2026-07-06T16:27:41.533+0000] {dagbag.py:538} INFO - Filling up the DagBag from /opt/airflow/dags/weather_dag.py
[2026-07-06T16:27:41.581+0000] {logging_mixin.py:188} INFO - {'q': 'paris', 'appid': '0dad2f5c2704064b9994758e39b4eb89', 'units': 'metric'}
[2026-07-06T16:27:42.478+0000] {logging_mixin.py:188} INFO - [Task 1] Fetched data for 'paris' — HTTP 200
[2026-07-06T16:27:42.479+0000] {logging_mixin.py:188} INFO - {'q': 'london', 'appid': '0dad2f5c2704064b9994758e39b4eb89', 'units': 'metric'}
[2026-07-06T16:27:43.206+0000] {logging_mixin.py:188} INFO - [Task 1] Fetched data for 'london' — HTTP 200
[2026-07-06T16:27:43.211+0000] {logging_mixin.py:188} INFO - {'q': 'orleans', 'appid': '0dad2f5c2704064b9994758e39b4eb89', 'units': 'metric'}
[2026-07-06T16:27:43.869+0000] {logging_mixin.py:188} INFO - [Task 1] Fetched data for 'orleans' — HTTP 200
[2026-07-06T16:27:43.872+0000] {logging_mixin.py:188} INFO - [Task 1] Saved 3 cities → '/app/raw_files/2026-07-06 16:27.json'
[2026-07-06T16:27:43.890+0000] {processor.py:840} INFO - DAG(s) 'weather_pipeline' retrieved from /opt/airflow/dags/weather_dag.py
[2026-07-06T16:27:43.911+0000] {logging_mixin.py:188} INFO - [2026-07-06T16:27:43.911+0000] {dag.py:3036} INFO - Sync 1 DAGs
[2026-07-06T16:27:43.966+0000] {logging_mixin.py:188} INFO - [2026-07-06T16:27:43.966+0000] {dag.py:3823} INFO - Setting next_dagrun for weather_pipeline to 2026-07-06 15:00:00+00:00, run_after=2026-07-06 16:00:00+00:00
[2026-07-06T16:27:44.103+0000] {processor.py:183} INFO - Processing /opt/airflow/dags/weather_dag.py took 2.590 seconds
[2026-07-06T16:28:16.010+0000] {processor.py:161} INFO - Started process (PID=739) to work on /opt/airflow/dags/weather_dag.py
[2026-07-06T16:28:16.016+0000] {processor.py:830} INFO - Processing file /opt/airflow/dags/weather_dag.py for tasks to queue
[2026-07-06T16:28:16.021+0000] {logging_mixin.py:188} INFO - [2026-07-06T16:28:16.020+0000] {dagbag.py:538} INFO - Filling up the DagBag from /opt/airflow/dags/weather_dag.py
[2026-07-06T16:28:16.122+0000] {logging_mixin.py:188} INFO - {'q': 'paris', 'appid': '0dad2f5c2704064b9994758e39b4eb89', 'units': 'metric'}
[2026-07-06T16:28:24.344+0000] {logging_mixin.py:188} INFO - [2026-07-06T16:28:24.153+0000] {dagbag.py:348} ERROR - Failed to import: /opt/airflow/dags/weather_dag.py
Traceback (most recent call last):
  File "/home/airflow/.local/lib/python3.8/site-packages/urllib3/connection.py", line 174, in _new_conn
    conn = connection.create_connection(
  File "/home/airflow/.local/lib/python3.8/site-packages/urllib3/util/connection.py", line 72, in create_connection
    for res in socket.getaddrinfo(host, port, family, socket.SOCK_STREAM):
  File "/usr/local/lib/python3.8/socket.py", line 918, in getaddrinfo
    for res in _socket.getaddrinfo(host, port, family, type, proto, flags):
socket.gaierror: [Errno -3] Temporary failure in name resolution

During handling of the above exception, another exception occurred:

Traceback (most recent call last):
  File "/home/airflow/.local/lib/python3.8/site-packages/urllib3/connectionpool.py", line 715, in urlopen
    httplib_response = self._make_request(
  File "/home/airflow/.local/lib/python3.8/site-packages/urllib3/connectionpool.py", line 404, in _make_request
    self._validate_conn(conn)
  File "/home/airflow/.local/lib/python3.8/site-packages/urllib3/connectionpool.py", line 1058, in _validate_conn
    conn.connect()
  File "/home/airflow/.local/lib/python3.8/site-packages/urllib3/connection.py", line 363, in connect
    self.sock = conn = self._new_conn()
  File "/home/airflow/.local/lib/python3.8/site-packages/urllib3/connection.py", line 186, in _new_conn
    raise NewConnectionError(
urllib3.exceptions.NewConnectionError: <urllib3.connection.HTTPSConnection object at 0x72c001514370>: Failed to establish a new connection: [Errno -3] Temporary failure in name resolution

During handling of the above exception, another exception occurred:

Traceback (most recent call last):
  File "/home/airflow/.local/lib/python3.8/site-packages/requests/adapters.py", line 486, in send
    resp = conn.urlopen(
  File "/home/airflow/.local/lib/python3.8/site-packages/urllib3/connectionpool.py", line 799, in urlopen
    retries = retries.increment(
  File "/home/airflow/.local/lib/python3.8/site-packages/urllib3/util/retry.py", line 592, in increment
    raise MaxRetryError(_pool, url, error or ResponseError(cause))
urllib3.exceptions.MaxRetryError: HTTPSConnectionPool(host='api.openweathermap.org', port=443): Max retries exceeded with url: /data/2.5/weather?q=paris&appid=0dad2f5c2704064b9994758e39b4eb89&units=metric (Caused by NewConnectionError('<urllib3.connection.HTTPSConnection object at 0x72c001514370>: Failed to establish a new connection: [Errno -3] Temporary failure in name resolution'))

During handling of the above exception, another exception occurred:

Traceback (most recent call last):
  File "/home/airflow/.local/lib/python3.8/site-packages/airflow/models/dagbag.py", line 344, in parse
    loader.exec_module(new_module)
  File "<frozen importlib._bootstrap_external>", line 843, in exec_module
  File "<frozen importlib._bootstrap>", line 219, in _call_with_frames_removed
  File "/opt/airflow/dags/weather_dag.py", line 5, in <module>
    from tasks.task1_fetch import fetch_weather_data
  File "/opt/airflow/dags/tasks/task1_fetch.py", line 53, in <module>
    fetch_weather_data()
  File "/opt/airflow/dags/tasks/task1_fetch.py", line 31, in fetch_weather_data
    response = requests.get(BASE_URL, params=params)
  File "/home/airflow/.local/lib/python3.8/site-packages/requests/api.py", line 73, in get
    return request("get", url, params=params, **kwargs)
  File "/home/airflow/.local/lib/python3.8/site-packages/requests/api.py", line 59, in request
    return session.request(method=method, url=url, **kwargs)
  File "/home/airflow/.local/lib/python3.8/site-packages/requests/sessions.py", line 589, in request
    resp = self.send(prep, **send_kwargs)
  File "/home/airflow/.local/lib/python3.8/site-packages/requests/sessions.py", line 703, in send
    r = adapter.send(request, **kwargs)
  File "/home/airflow/.local/lib/python3.8/site-packages/requests/adapters.py", line 519, in send
    raise ConnectionError(e, request=request)
requests.exceptions.ConnectionError: HTTPSConnectionPool(host='api.openweathermap.org', port=443): Max retries exceeded with url: /data/2.5/weather?q=paris&appid=0dad2f5c2704064b9994758e39b4eb89&units=metric (Caused by NewConnectionError('<urllib3.connection.HTTPSConnection object at 0x72c001514370>: Failed to establish a new connection: [Errno -3] Temporary failure in name resolution'))
[2026-07-06T16:28:24.346+0000] {processor.py:842} WARNING - No viable dags retrieved from /opt/airflow/dags/weather_dag.py
[2026-07-06T16:28:24.566+0000] {processor.py:183} INFO - Processing /opt/airflow/dags/weather_dag.py took 8.569 seconds
[2026-07-06T16:29:00.672+0000] {processor.py:161} INFO - Started process (PID=813) to work on /opt/airflow/dags/weather_dag.py
[2026-07-06T16:29:00.677+0000] {processor.py:830} INFO - Processing file /opt/airflow/dags/weather_dag.py for tasks to queue
[2026-07-06T16:29:00.683+0000] {logging_mixin.py:188} INFO - [2026-07-06T16:29:00.682+0000] {dagbag.py:538} INFO - Filling up the DagBag from /opt/airflow/dags/weather_dag.py
[2026-07-06T16:29:00.753+0000] {logging_mixin.py:188} INFO - {'q': 'paris', 'appid': '0dad2f5c2704064b9994758e39b4eb89', 'units': 'metric'}
[2026-07-06T16:29:01.465+0000] {logging_mixin.py:188} INFO - [Task 1] Fetched data for 'paris' — HTTP 200
[2026-07-06T16:29:01.467+0000] {logging_mixin.py:188} INFO - {'q': 'london', 'appid': '0dad2f5c2704064b9994758e39b4eb89', 'units': 'metric'}
[2026-07-06T16:29:01.907+0000] {logging_mixin.py:188} INFO - [Task 1] Fetched data for 'london' — HTTP 200
[2026-07-06T16:29:01.908+0000] {logging_mixin.py:188} INFO - {'q': 'orleans', 'appid': '0dad2f5c2704064b9994758e39b4eb89', 'units': 'metric'}
[2026-07-06T16:29:02.170+0000] {logging_mixin.py:188} INFO - [Task 1] Fetched data for 'orleans' — HTTP 200
[2026-07-06T16:29:02.173+0000] {logging_mixin.py:188} INFO - [Task 1] Saved 3 cities → '/app/raw_files/2026-07-06 16:29.json'
[2026-07-06T16:29:02.195+0000] {processor.py:840} INFO - DAG(s) 'weather_pipeline' retrieved from /opt/airflow/dags/weather_dag.py
[2026-07-06T16:29:02.229+0000] {logging_mixin.py:188} INFO - [2026-07-06T16:29:02.228+0000] {dag.py:3036} INFO - Sync 1 DAGs
[2026-07-06T16:29:02.303+0000] {logging_mixin.py:188} INFO - [2026-07-06T16:29:02.302+0000] {dag.py:3823} INFO - Setting next_dagrun for weather_pipeline to 2026-07-06 16:00:00+00:00, run_after=2026-07-06 17:00:00+00:00
[2026-07-06T16:29:02.393+0000] {processor.py:183} INFO - Processing /opt/airflow/dags/weather_dag.py took 1.730 seconds
[2026-07-06T16:29:33.358+0000] {processor.py:161} INFO - Started process (PID=875) to work on /opt/airflow/dags/weather_dag.py
[2026-07-06T16:29:33.377+0000] {processor.py:830} INFO - Processing file /opt/airflow/dags/weather_dag.py for tasks to queue
[2026-07-06T16:29:33.395+0000] {logging_mixin.py:188} INFO - [2026-07-06T16:29:33.385+0000] {dagbag.py:538} INFO - Filling up the DagBag from /opt/airflow/dags/weather_dag.py
[2026-07-06T16:29:33.576+0000] {logging_mixin.py:188} INFO - {'q': 'paris', 'appid': '0dad2f5c2704064b9994758e39b4eb89', 'units': 'metric'}
[2026-07-06T16:29:34.330+0000] {logging_mixin.py:188} INFO - [Task 1] Fetched data for 'paris' — HTTP 200
[2026-07-06T16:29:34.331+0000] {logging_mixin.py:188} INFO - {'q': 'london', 'appid': '0dad2f5c2704064b9994758e39b4eb89', 'units': 'metric'}
[2026-07-06T16:29:34.674+0000] {logging_mixin.py:188} INFO - [Task 1] Fetched data for 'london' — HTTP 200
[2026-07-06T16:29:34.674+0000] {logging_mixin.py:188} INFO - {'q': 'orleans', 'appid': '0dad2f5c2704064b9994758e39b4eb89', 'units': 'metric'}
[2026-07-06T16:29:35.620+0000] {logging_mixin.py:188} INFO - [Task 1] Fetched data for 'orleans' — HTTP 200
[2026-07-06T16:29:35.623+0000] {logging_mixin.py:188} INFO - [Task 1] Saved 3 cities → '/app/raw_files/2026-07-06 16:29.json'
[2026-07-06T16:29:35.640+0000] {processor.py:840} INFO - DAG(s) 'weather_pipeline' retrieved from /opt/airflow/dags/weather_dag.py
[2026-07-06T16:29:35.661+0000] {logging_mixin.py:188} INFO - [2026-07-06T16:29:35.661+0000] {dag.py:3036} INFO - Sync 1 DAGs
[2026-07-06T16:29:35.721+0000] {logging_mixin.py:188} INFO - [2026-07-06T16:29:35.721+0000] {dag.py:3823} INFO - Setting next_dagrun for weather_pipeline to 2026-07-06 16:00:00+00:00, run_after=2026-07-06 17:00:00+00:00
[2026-07-06T16:29:35.762+0000] {processor.py:183} INFO - Processing /opt/airflow/dags/weather_dag.py took 2.458 seconds
[2026-07-06T16:30:06.083+0000] {processor.py:161} INFO - Started process (PID=948) to work on /opt/airflow/dags/weather_dag.py
[2026-07-06T16:30:06.086+0000] {processor.py:830} INFO - Processing file /opt/airflow/dags/weather_dag.py for tasks to queue
[2026-07-06T16:30:06.092+0000] {logging_mixin.py:188} INFO - [2026-07-06T16:30:06.090+0000] {dagbag.py:538} INFO - Filling up the DagBag from /opt/airflow/dags/weather_dag.py
[2026-07-06T16:30:06.140+0000] {logging_mixin.py:188} INFO - {'q': 'paris', 'appid': '0dad2f5c2704064b9994758e39b4eb89', 'units': 'metric'}
[2026-07-06T16:30:06.506+0000] {logging_mixin.py:188} INFO - [Task 1] Fetched data for 'paris' — HTTP 200
[2026-07-06T16:30:06.506+0000] {logging_mixin.py:188} INFO - {'q': 'london', 'appid': '0dad2f5c2704064b9994758e39b4eb89', 'units': 'metric'}
[2026-07-06T16:30:06.775+0000] {logging_mixin.py:188} INFO - [Task 1] Fetched data for 'london' — HTTP 200
[2026-07-06T16:30:06.776+0000] {logging_mixin.py:188} INFO - {'q': 'orleans', 'appid': '0dad2f5c2704064b9994758e39b4eb89', 'units': 'metric'}
[2026-07-06T16:30:07.126+0000] {logging_mixin.py:188} INFO - [Task 1] Fetched data for 'orleans' — HTTP 200
[2026-07-06T16:30:07.137+0000] {logging_mixin.py:188} INFO - [Task 1] Saved 3 cities → '/app/raw_files/2026-07-06 16:30.json'
[2026-07-06T16:30:07.168+0000] {processor.py:840} INFO - DAG(s) 'weather_pipeline' retrieved from /opt/airflow/dags/weather_dag.py
[2026-07-06T16:30:07.195+0000] {logging_mixin.py:188} INFO - [2026-07-06T16:30:07.194+0000] {dag.py:3036} INFO - Sync 1 DAGs
[2026-07-06T16:30:07.260+0000] {logging_mixin.py:188} INFO - [2026-07-06T16:30:07.260+0000] {dag.py:3823} INFO - Setting next_dagrun for weather_pipeline to 2026-07-06 16:00:00+00:00, run_after=2026-07-06 17:00:00+00:00
[2026-07-06T16:30:07.305+0000] {processor.py:183} INFO - Processing /opt/airflow/dags/weather_dag.py took 1.232 seconds
[2026-07-06T16:30:20.767+0000] {processor.py:161} INFO - Started process (PID=974) to work on /opt/airflow/dags/weather_dag.py
[2026-07-06T16:30:20.772+0000] {processor.py:830} INFO - Processing file /opt/airflow/dags/weather_dag.py for tasks to queue
[2026-07-06T16:30:20.777+0000] {logging_mixin.py:188} INFO - [2026-07-06T16:30:20.777+0000] {dagbag.py:538} INFO - Filling up the DagBag from /opt/airflow/dags/weather_dag.py
[2026-07-06T16:30:20.906+0000] {logging_mixin.py:188} INFO - {'q': 'paris', 'appid': '0dad2f5c2704064b9994758e39b4eb89', 'units': 'metric'}
[2026-07-06T16:30:21.402+0000] {logging_mixin.py:188} INFO - [Task 1] Fetched data for 'paris' — HTTP 200
[2026-07-06T16:30:21.402+0000] {logging_mixin.py:188} INFO - {'q': 'london', 'appid': '0dad2f5c2704064b9994758e39b4eb89', 'units': 'metric'}
[2026-07-06T16:30:21.954+0000] {logging_mixin.py:188} INFO - [Task 1] Fetched data for 'london' — HTTP 200
[2026-07-06T16:30:21.955+0000] {logging_mixin.py:188} INFO - {'q': 'orleans', 'appid': '0dad2f5c2704064b9994758e39b4eb89', 'units': 'metric'}
[2026-07-06T16:30:22.512+0000] {logging_mixin.py:188} INFO - [Task 1] Fetched data for 'orleans' — HTTP 200
[2026-07-06T16:30:22.519+0000] {logging_mixin.py:188} INFO - [Task 1] Saved 3 cities → '/app/raw_files/2026-07-06 16:30.json'
[2026-07-06T16:30:22.566+0000] {processor.py:840} INFO - DAG(s) 'weather_pipeline' retrieved from /opt/airflow/dags/weather_dag.py
[2026-07-06T16:30:23.247+0000] {logging_mixin.py:188} INFO - [2026-07-06T16:30:23.235+0000] {dag.py:3036} INFO - Sync 1 DAGs
[2026-07-06T16:30:23.482+0000] {logging_mixin.py:188} INFO - [2026-07-06T16:30:23.482+0000] {dag.py:3823} INFO - Setting next_dagrun for weather_pipeline to 2026-07-06 16:00:00+00:00, run_after=2026-07-06 17:00:00+00:00
[2026-07-06T16:30:23.608+0000] {processor.py:183} INFO - Processing /opt/airflow/dags/weather_dag.py took 2.861 seconds
[2026-07-06T16:30:54.044+0000] {processor.py:161} INFO - Started process (PID=1040) to work on /opt/airflow/dags/weather_dag.py
[2026-07-06T16:30:54.053+0000] {processor.py:830} INFO - Processing file /opt/airflow/dags/weather_dag.py for tasks to queue
[2026-07-06T16:30:54.061+0000] {logging_mixin.py:188} INFO - [2026-07-06T16:30:54.060+0000] {dagbag.py:538} INFO - Filling up the DagBag from /opt/airflow/dags/weather_dag.py
[2026-07-06T16:30:54.147+0000] {logging_mixin.py:188} INFO - {'q': 'paris', 'appid': '0dad2f5c2704064b9994758e39b4eb89', 'units': 'metric'}
[2026-07-06T16:30:54.883+0000] {logging_mixin.py:188} INFO - [Task 1] Fetched data for 'paris' — HTTP 200
[2026-07-06T16:30:54.884+0000] {logging_mixin.py:188} INFO - {'q': 'london', 'appid': '0dad2f5c2704064b9994758e39b4eb89', 'units': 'metric'}
[2026-07-06T16:30:55.416+0000] {logging_mixin.py:188} INFO - [Task 1] Fetched data for 'london' — HTTP 200
[2026-07-06T16:30:55.418+0000] {logging_mixin.py:188} INFO - {'q': 'orleans', 'appid': '0dad2f5c2704064b9994758e39b4eb89', 'units': 'metric'}
[2026-07-06T16:30:55.910+0000] {logging_mixin.py:188} INFO - [Task 1] Fetched data for 'orleans' — HTTP 200
[2026-07-06T16:30:55.914+0000] {logging_mixin.py:188} INFO - [Task 1] Saved 3 cities → '/app/raw_files/2026-07-06 16:30.json'
[2026-07-06T16:30:55.940+0000] {processor.py:840} INFO - DAG(s) 'weather_pipeline' retrieved from /opt/airflow/dags/weather_dag.py
[2026-07-06T16:30:55.969+0000] {logging_mixin.py:188} INFO - [2026-07-06T16:30:55.968+0000] {dag.py:3036} INFO - Sync 1 DAGs
[2026-07-06T16:30:56.040+0000] {logging_mixin.py:188} INFO - [2026-07-06T16:30:56.040+0000] {dag.py:3823} INFO - Setting next_dagrun for weather_pipeline to 2026-07-06 16:00:00+00:00, run_after=2026-07-06 17:00:00+00:00
[2026-07-06T16:30:56.098+0000] {processor.py:183} INFO - Processing /opt/airflow/dags/weather_dag.py took 2.076 seconds
[2026-07-06T16:31:26.385+0000] {processor.py:161} INFO - Started process (PID=1108) to work on /opt/airflow/dags/weather_dag.py
[2026-07-06T16:31:26.388+0000] {processor.py:830} INFO - Processing file /opt/airflow/dags/weather_dag.py for tasks to queue
[2026-07-06T16:31:26.393+0000] {logging_mixin.py:188} INFO - [2026-07-06T16:31:26.392+0000] {dagbag.py:538} INFO - Filling up the DagBag from /opt/airflow/dags/weather_dag.py
[2026-07-06T16:31:26.444+0000] {logging_mixin.py:188} INFO - {'q': 'paris', 'appid': '0dad2f5c2704064b9994758e39b4eb89', 'units': 'metric'}
[2026-07-06T16:31:26.891+0000] {logging_mixin.py:188} INFO - [Task 1] Fetched data for 'paris' — HTTP 200
[2026-07-06T16:31:26.891+0000] {logging_mixin.py:188} INFO - {'q': 'london', 'appid': '0dad2f5c2704064b9994758e39b4eb89', 'units': 'metric'}
[2026-07-06T16:31:27.175+0000] {logging_mixin.py:188} INFO - [Task 1] Fetched data for 'london' — HTTP 200
[2026-07-06T16:31:27.176+0000] {logging_mixin.py:188} INFO - {'q': 'orleans', 'appid': '0dad2f5c2704064b9994758e39b4eb89', 'units': 'metric'}
[2026-07-06T16:31:27.681+0000] {logging_mixin.py:188} INFO - [Task 1] Fetched data for 'orleans' — HTTP 200
[2026-07-06T16:31:27.684+0000] {logging_mixin.py:188} INFO - [Task 1] Saved 3 cities → '/app/raw_files/2026-07-06 16:31.json'
[2026-07-06T16:31:27.705+0000] {processor.py:840} INFO - DAG(s) 'weather_pipeline' retrieved from /opt/airflow/dags/weather_dag.py
[2026-07-06T16:31:27.776+0000] {logging_mixin.py:188} INFO - [2026-07-06T16:31:27.776+0000] {dag.py:3036} INFO - Sync 1 DAGs
[2026-07-06T16:31:27.855+0000] {logging_mixin.py:188} INFO - [2026-07-06T16:31:27.855+0000] {dag.py:3823} INFO - Setting next_dagrun for weather_pipeline to 2026-07-06 16:00:00+00:00, run_after=2026-07-06 17:00:00+00:00
[2026-07-06T16:31:27.905+0000] {processor.py:183} INFO - Processing /opt/airflow/dags/weather_dag.py took 1.529 seconds
[2026-07-06T16:31:58.803+0000] {processor.py:161} INFO - Started process (PID=1168) to work on /opt/airflow/dags/weather_dag.py
[2026-07-06T16:31:58.828+0000] {processor.py:830} INFO - Processing file /opt/airflow/dags/weather_dag.py for tasks to queue
[2026-07-06T16:31:58.951+0000] {logging_mixin.py:188} INFO - [2026-07-06T16:31:58.943+0000] {dagbag.py:538} INFO - Filling up the DagBag from /opt/airflow/dags/weather_dag.py
[2026-07-06T16:31:59.319+0000] {logging_mixin.py:188} INFO - {'q': 'paris', 'appid': '0dad2f5c2704064b9994758e39b4eb89', 'units': 'metric'}
[2026-07-06T16:32:00.476+0000] {logging_mixin.py:188} INFO - [Task 1] Fetched data for 'paris' — HTTP 200
[2026-07-06T16:32:00.477+0000] {logging_mixin.py:188} INFO - {'q': 'london', 'appid': '0dad2f5c2704064b9994758e39b4eb89', 'units': 'metric'}
[2026-07-06T16:32:01.099+0000] {logging_mixin.py:188} INFO - [Task 1] Fetched data for 'london' — HTTP 200
[2026-07-06T16:32:01.104+0000] {logging_mixin.py:188} INFO - {'q': 'orleans', 'appid': '0dad2f5c2704064b9994758e39b4eb89', 'units': 'metric'}
[2026-07-06T16:32:01.708+0000] {logging_mixin.py:188} INFO - [Task 1] Fetched data for 'orleans' — HTTP 200
[2026-07-06T16:32:01.711+0000] {logging_mixin.py:188} INFO - [Task 1] Saved 3 cities → '/app/raw_files/2026-07-06 16:32.json'
[2026-07-06T16:32:01.734+0000] {processor.py:840} INFO - DAG(s) 'weather_pipeline' retrieved from /opt/airflow/dags/weather_dag.py
[2026-07-06T16:32:01.775+0000] {logging_mixin.py:188} INFO - [2026-07-06T16:32:01.774+0000] {dag.py:3036} INFO - Sync 1 DAGs
[2026-07-06T16:32:01.896+0000] {logging_mixin.py:188} INFO - [2026-07-06T16:32:01.896+0000] {dag.py:3823} INFO - Setting next_dagrun for weather_pipeline to 2026-07-06 16:00:00+00:00, run_after=2026-07-06 17:00:00+00:00
[2026-07-06T16:32:01.963+0000] {processor.py:183} INFO - Processing /opt/airflow/dags/weather_dag.py took 3.372 seconds
[2026-07-06T16:32:32.601+0000] {processor.py:161} INFO - Started process (PID=1232) to work on /opt/airflow/dags/weather_dag.py
[2026-07-06T16:32:32.635+0000] {processor.py:830} INFO - Processing file /opt/airflow/dags/weather_dag.py for tasks to queue
[2026-07-06T16:32:32.670+0000] {logging_mixin.py:188} INFO - [2026-07-06T16:32:32.669+0000] {dagbag.py:538} INFO - Filling up the DagBag from /opt/airflow/dags/weather_dag.py
[2026-07-06T16:32:32.856+0000] {logging_mixin.py:188} INFO - {'q': 'paris', 'appid': '0dad2f5c2704064b9994758e39b4eb89', 'units': 'metric'}
[2026-07-06T16:32:35.772+0000] {logging_mixin.py:188} INFO - [Task 1] Fetched data for 'paris' — HTTP 200
[2026-07-06T16:32:37.548+0000] {logging_mixin.py:188} INFO - {'q': 'london', 'appid': '0dad2f5c2704064b9994758e39b4eb89', 'units': 'metric'}
[2026-07-06T16:32:38.846+0000] {logging_mixin.py:188} INFO - [Task 1] Fetched data for 'london' — HTTP 200
[2026-07-06T16:32:38.847+0000] {logging_mixin.py:188} INFO - {'q': 'orleans', 'appid': '0dad2f5c2704064b9994758e39b4eb89', 'units': 'metric'}
[2026-07-06T16:32:39.996+0000] {logging_mixin.py:188} INFO - [Task 1] Fetched data for 'orleans' — HTTP 200
[2026-07-06T16:32:39.999+0000] {logging_mixin.py:188} INFO - [Task 1] Saved 3 cities → '/app/raw_files/2026-07-06 16:32.json'
[2026-07-06T16:32:40.088+0000] {processor.py:840} INFO - DAG(s) 'weather_pipeline' retrieved from /opt/airflow/dags/weather_dag.py
[2026-07-06T16:32:40.211+0000] {logging_mixin.py:188} INFO - [2026-07-06T16:32:40.210+0000] {dag.py:3036} INFO - Sync 1 DAGs
[2026-07-06T16:32:40.445+0000] {logging_mixin.py:188} INFO - [2026-07-06T16:32:40.445+0000] {dag.py:3823} INFO - Setting next_dagrun for weather_pipeline to 2026-07-06 16:00:00+00:00, run_after=2026-07-06 17:00:00+00:00
[2026-07-06T16:32:40.683+0000] {processor.py:183} INFO - Processing /opt/airflow/dags/weather_dag.py took 8.102 seconds
[2026-07-06T16:33:11.467+0000] {processor.py:161} INFO - Started process (PID=1299) to work on /opt/airflow/dags/weather_dag.py
[2026-07-06T16:33:11.469+0000] {processor.py:830} INFO - Processing file /opt/airflow/dags/weather_dag.py for tasks to queue
[2026-07-06T16:33:11.473+0000] {logging_mixin.py:188} INFO - [2026-07-06T16:33:11.473+0000] {dagbag.py:538} INFO - Filling up the DagBag from /opt/airflow/dags/weather_dag.py
[2026-07-06T16:33:11.520+0000] {logging_mixin.py:188} INFO - {'q': 'paris', 'appid': '0dad2f5c2704064b9994758e39b4eb89', 'units': 'metric'}
[2026-07-06T16:33:11.922+0000] {logging_mixin.py:188} INFO - [Task 1] Fetched data for 'paris' — HTTP 200
[2026-07-06T16:33:11.922+0000] {logging_mixin.py:188} INFO - {'q': 'london', 'appid': '0dad2f5c2704064b9994758e39b4eb89', 'units': 'metric'}
[2026-07-06T16:33:12.399+0000] {logging_mixin.py:188} INFO - [Task 1] Fetched data for 'london' — HTTP 200
[2026-07-06T16:33:12.399+0000] {logging_mixin.py:188} INFO - {'q': 'orleans', 'appid': '0dad2f5c2704064b9994758e39b4eb89', 'units': 'metric'}
[2026-07-06T16:33:12.875+0000] {logging_mixin.py:188} INFO - [Task 1] Fetched data for 'orleans' — HTTP 200
[2026-07-06T16:33:12.882+0000] {logging_mixin.py:188} INFO - [Task 1] Saved 3 cities → '/app/raw_files/2026-07-06 16:33.json'
[2026-07-06T16:33:12.937+0000] {processor.py:840} INFO - DAG(s) 'weather_pipeline' retrieved from /opt/airflow/dags/weather_dag.py
[2026-07-06T16:33:13.000+0000] {logging_mixin.py:188} INFO - [2026-07-06T16:33:13.000+0000] {dag.py:3036} INFO - Sync 1 DAGs
[2026-07-06T16:33:13.074+0000] {logging_mixin.py:188} INFO - [2026-07-06T16:33:13.073+0000] {dag.py:3823} INFO - Setting next_dagrun for weather_pipeline to 2026-07-06 16:00:00+00:00, run_after=2026-07-06 17:00:00+00:00
[2026-07-06T16:33:13.132+0000] {processor.py:183} INFO - Processing /opt/airflow/dags/weather_dag.py took 1.677 seconds
[2026-07-06T16:33:43.220+0000] {processor.py:161} INFO - Started process (PID=1366) to work on /opt/airflow/dags/weather_dag.py
[2026-07-06T16:33:43.225+0000] {processor.py:830} INFO - Processing file /opt/airflow/dags/weather_dag.py for tasks to queue
[2026-07-06T16:33:43.236+0000] {logging_mixin.py:188} INFO - [2026-07-06T16:33:43.235+0000] {dagbag.py:538} INFO - Filling up the DagBag from /opt/airflow/dags/weather_dag.py
[2026-07-06T16:33:43.304+0000] {logging_mixin.py:188} INFO - {'q': 'paris', 'appid': '0dad2f5c2704064b9994758e39b4eb89', 'units': 'metric'}
[2026-07-06T16:33:44.030+0000] {logging_mixin.py:188} INFO - [Task 1] Fetched data for 'paris' — HTTP 200
[2026-07-06T16:33:44.030+0000] {logging_mixin.py:188} INFO - {'q': 'london', 'appid': '0dad2f5c2704064b9994758e39b4eb89', 'units': 'metric'}
[2026-07-06T16:33:44.653+0000] {logging_mixin.py:188} INFO - [Task 1] Fetched data for 'london' — HTTP 200
[2026-07-06T16:33:44.654+0000] {logging_mixin.py:188} INFO - {'q': 'orleans', 'appid': '0dad2f5c2704064b9994758e39b4eb89', 'units': 'metric'}
[2026-07-06T16:33:45.160+0000] {logging_mixin.py:188} INFO - [Task 1] Fetched data for 'orleans' — HTTP 200
[2026-07-06T16:33:45.162+0000] {logging_mixin.py:188} INFO - [Task 1] Saved 3 cities → '/app/raw_files/2026-07-06 16:33.json'
[2026-07-06T16:33:45.184+0000] {processor.py:840} INFO - DAG(s) 'weather_pipeline' retrieved from /opt/airflow/dags/weather_dag.py
[2026-07-06T16:33:45.215+0000] {logging_mixin.py:188} INFO - [2026-07-06T16:33:45.215+0000] {dag.py:3036} INFO - Sync 1 DAGs
[2026-07-06T16:33:45.283+0000] {logging_mixin.py:188} INFO - [2026-07-06T16:33:45.282+0000] {dag.py:3823} INFO - Setting next_dagrun for weather_pipeline to 2026-07-06 16:00:00+00:00, run_after=2026-07-06 17:00:00+00:00
[2026-07-06T16:33:45.331+0000] {processor.py:183} INFO - Processing /opt/airflow/dags/weather_dag.py took 2.134 seconds
[2026-07-06T16:34:15.423+0000] {processor.py:161} INFO - Started process (PID=1434) to work on /opt/airflow/dags/weather_dag.py
[2026-07-06T16:34:15.426+0000] {processor.py:830} INFO - Processing file /opt/airflow/dags/weather_dag.py for tasks to queue
[2026-07-06T16:34:15.431+0000] {logging_mixin.py:188} INFO - [2026-07-06T16:34:15.430+0000] {dagbag.py:538} INFO - Filling up the DagBag from /opt/airflow/dags/weather_dag.py
[2026-07-06T16:34:15.487+0000] {logging_mixin.py:188} INFO - {'q': 'paris', 'appid': '0dad2f5c2704064b9994758e39b4eb89', 'units': 'metric'}
[2026-07-06T16:34:16.955+0000] {logging_mixin.py:188} INFO - [Task 1] Fetched data for 'paris' — HTTP 200
[2026-07-06T16:34:16.959+0000] {logging_mixin.py:188} INFO - {'q': 'london', 'appid': '0dad2f5c2704064b9994758e39b4eb89', 'units': 'metric'}
[2026-07-06T16:34:17.406+0000] {logging_mixin.py:188} INFO - [Task 1] Fetched data for 'london' — HTTP 200
[2026-07-06T16:34:17.407+0000] {logging_mixin.py:188} INFO - {'q': 'orleans', 'appid': '0dad2f5c2704064b9994758e39b4eb89', 'units': 'metric'}
[2026-07-06T16:34:17.822+0000] {logging_mixin.py:188} INFO - [Task 1] Fetched data for 'orleans' — HTTP 200
[2026-07-06T16:34:17.824+0000] {logging_mixin.py:188} INFO - [Task 1] Saved 3 cities → '/app/raw_files/2026-07-06 16:34.json'
[2026-07-06T16:34:17.839+0000] {processor.py:840} INFO - DAG(s) 'weather_pipeline' retrieved from /opt/airflow/dags/weather_dag.py
[2026-07-06T16:34:17.859+0000] {logging_mixin.py:188} INFO - [2026-07-06T16:34:17.858+0000] {dag.py:3036} INFO - Sync 1 DAGs
[2026-07-06T16:34:17.919+0000] {logging_mixin.py:188} INFO - [2026-07-06T16:34:17.919+0000] {dag.py:3823} INFO - Setting next_dagrun for weather_pipeline to 2026-07-06 16:00:00+00:00, run_after=2026-07-06 17:00:00+00:00
[2026-07-06T16:34:17.965+0000] {processor.py:183} INFO - Processing /opt/airflow/dags/weather_dag.py took 2.557 seconds
[2026-07-06T16:34:48.467+0000] {processor.py:161} INFO - Started process (PID=1503) to work on /opt/airflow/dags/weather_dag.py
[2026-07-06T16:34:48.473+0000] {processor.py:830} INFO - Processing file /opt/airflow/dags/weather_dag.py for tasks to queue
[2026-07-06T16:34:48.478+0000] {logging_mixin.py:188} INFO - [2026-07-06T16:34:48.477+0000] {dagbag.py:538} INFO - Filling up the DagBag from /opt/airflow/dags/weather_dag.py
[2026-07-06T16:34:48.528+0000] {logging_mixin.py:188} INFO - {'q': 'paris', 'appid': '0dad2f5c2704064b9994758e39b4eb89', 'units': 'metric'}
[2026-07-06T16:34:48.956+0000] {logging_mixin.py:188} INFO - [Task 1] Fetched data for 'paris' — HTTP 200
[2026-07-06T16:34:48.957+0000] {logging_mixin.py:188} INFO - {'q': 'london', 'appid': '0dad2f5c2704064b9994758e39b4eb89', 'units': 'metric'}
[2026-07-06T16:34:49.572+0000] {logging_mixin.py:188} INFO - [Task 1] Fetched data for 'london' — HTTP 200
[2026-07-06T16:34:49.573+0000] {logging_mixin.py:188} INFO - {'q': 'orleans', 'appid': '0dad2f5c2704064b9994758e39b4eb89', 'units': 'metric'}
[2026-07-06T16:34:49.924+0000] {logging_mixin.py:188} INFO - [Task 1] Fetched data for 'orleans' — HTTP 200
[2026-07-06T16:34:49.927+0000] {logging_mixin.py:188} INFO - [Task 1] Saved 3 cities → '/app/raw_files/2026-07-06 16:34.json'
[2026-07-06T16:34:49.970+0000] {processor.py:840} INFO - DAG(s) 'weather_pipeline' retrieved from /opt/airflow/dags/weather_dag.py
[2026-07-06T16:34:50.025+0000] {logging_mixin.py:188} INFO - [2026-07-06T16:34:50.021+0000] {dag.py:3036} INFO - Sync 1 DAGs
[2026-07-06T16:34:50.129+0000] {logging_mixin.py:188} INFO - [2026-07-06T16:34:50.128+0000] {dag.py:3823} INFO - Setting next_dagrun for weather_pipeline to 2026-07-06 16:00:00+00:00, run_after=2026-07-06 17:00:00+00:00
[2026-07-06T16:34:50.184+0000] {processor.py:183} INFO - Processing /opt/airflow/dags/weather_dag.py took 1.727 seconds
