[2026-07-07T09:35:40.860+0000] {taskinstance.py:1956} INFO - Dependencies all met for dep_context=non-requeueable deps ti=<TaskInstance: weather_pipeline.transform_last_20_files manual__2026-07-07T09:34:58.347924+00:00 [queued]>
[2026-07-07T09:35:40.883+0000] {taskinstance.py:1956} INFO - Dependencies all met for dep_context=requeueable deps ti=<TaskInstance: weather_pipeline.transform_last_20_files manual__2026-07-07T09:34:58.347924+00:00 [queued]>
[2026-07-07T09:35:40.886+0000] {taskinstance.py:2170} INFO - Starting attempt 1 of 1
[2026-07-07T09:35:40.942+0000] {taskinstance.py:2191} INFO - Executing <Task(PythonOperator): transform_last_20_files> on 2026-07-07 09:34:58.347924+00:00
[2026-07-07T09:35:40.982+0000] {standard_task_runner.py:60} INFO - Started process 1782 to run task
[2026-07-07T09:35:41.004+0000] {standard_task_runner.py:87} INFO - Running: ['***', 'tasks', 'run', 'weather_pipeline', 'transform_last_20_files', 'manual__2026-07-07T09:34:58.347924+00:00', '--job-id', '7', '--raw', '--subdir', 'DAGS_FOLDER/weather_dag.py', '--cfg-path', '/tmp/tmppqy53czd']
[2026-07-07T09:35:41.011+0000] {standard_task_runner.py:88} INFO - Job 7: Subtask transform_last_20_files
[2026-07-07T09:35:41.066+0000] {warnings.py:109} WARNING - /home/***/.local/lib/python3.8/site-packages/***/settings.py:194: DeprecationWarning: The sql_alchemy_conn option in [core] has been moved to the sql_alchemy_conn option in [database] - the old setting has been used, but please update your config.
  SQL_ALCHEMY_CONN = conf.get("database", "SQL_ALCHEMY_CONN")

[2026-07-07T09:35:41.321+0000] {task_command.py:423} INFO - Running <TaskInstance: weather_pipeline.transform_last_20_files manual__2026-07-07T09:34:58.347924+00:00 [running]> on host 24bd6c2a971e
[2026-07-07T09:35:41.926+0000] {taskinstance.py:2480} INFO - Exporting env vars: AIRFLOW_CTX_DAG_OWNER='***' AIRFLOW_CTX_DAG_ID='weather_pipeline' AIRFLOW_CTX_TASK_ID='transform_last_20_files' AIRFLOW_CTX_EXECUTION_DATE='2026-07-07T09:34:58.347924+00:00' AIRFLOW_CTX_TRY_NUMBER='1' AIRFLOW_CTX_DAG_RUN_ID='manual__2026-07-07T09:34:58.347924+00:00'
[2026-07-07T09:35:42.255+0000] {logging_mixin.py:188} INFO -     temperature     city  pression              date
0        32.20    Paris      1018  2026-07-07 09:35
1        25.40   London      1015  2026-07-07 09:35
2        24.45  Orleans      1016  2026-07-07 09:35
3        32.20    Paris      1018  2026-07-07 09:34
4        25.40   London      1015  2026-07-07 09:34
5        24.46  Orleans      1016  2026-07-07 09:34
6        32.20    Paris      1018  2026-07-07 09:33
7        25.40   London      1015  2026-07-07 09:33
8        24.46  Orleans      1016  2026-07-07 09:33
9        32.20    Paris      1018  2026-07-07 09:32
[2026-07-07T09:35:42.283+0000] {logging_mixin.py:188} INFO - [Task 2] data.csv created from last 20 files.
[2026-07-07T09:35:42.284+0000] {python.py:201} INFO - Done. Returned value was: None
[2026-07-07T09:35:42.326+0000] {taskinstance.py:1138} INFO - Marking task as SUCCESS. dag_id=weather_pipeline, task_id=transform_last_20_files, execution_date=20260707T093458, start_date=20260707T093540, end_date=20260707T093542
[2026-07-07T09:35:42.457+0000] {local_task_job_runner.py:234} INFO - Task exited with return code 0
[2026-07-07T09:35:42.513+0000] {taskinstance.py:3280} INFO - 0 downstream tasks scheduled from follow-on schedule check
