[2026-07-07T09:35:46.376+0000] {taskinstance.py:1956} INFO - Dependencies all met for dep_context=non-requeueable deps ti=<TaskInstance: weather_pipeline.transform_all_files manual__2026-07-07T09:34:58.347924+00:00 [queued]>
[2026-07-07T09:35:46.393+0000] {taskinstance.py:1956} INFO - Dependencies all met for dep_context=requeueable deps ti=<TaskInstance: weather_pipeline.transform_all_files manual__2026-07-07T09:34:58.347924+00:00 [queued]>
[2026-07-07T09:35:46.394+0000] {taskinstance.py:2170} INFO - Starting attempt 1 of 1
[2026-07-07T09:35:46.423+0000] {taskinstance.py:2191} INFO - Executing <Task(PythonOperator): transform_all_files> on 2026-07-07 09:34:58.347924+00:00
[2026-07-07T09:35:46.443+0000] {standard_task_runner.py:60} INFO - Started process 1784 to run task
[2026-07-07T09:35:46.459+0000] {standard_task_runner.py:87} INFO - Running: ['***', 'tasks', 'run', 'weather_pipeline', 'transform_all_files', 'manual__2026-07-07T09:34:58.347924+00:00', '--job-id', '8', '--raw', '--subdir', 'DAGS_FOLDER/weather_dag.py', '--cfg-path', '/tmp/tmps79zbx82']
[2026-07-07T09:35:46.462+0000] {standard_task_runner.py:88} INFO - Job 8: Subtask transform_all_files
[2026-07-07T09:35:46.505+0000] {warnings.py:109} WARNING - /home/***/.local/lib/python3.8/site-packages/***/settings.py:194: DeprecationWarning: The sql_alchemy_conn option in [core] has been moved to the sql_alchemy_conn option in [database] - the old setting has been used, but please update your config.
  SQL_ALCHEMY_CONN = conf.get("database", "SQL_ALCHEMY_CONN")

[2026-07-07T09:35:46.639+0000] {task_command.py:423} INFO - Running <TaskInstance: weather_pipeline.transform_all_files manual__2026-07-07T09:34:58.347924+00:00 [running]> on host 24bd6c2a971e
[2026-07-07T09:35:46.969+0000] {taskinstance.py:2480} INFO - Exporting env vars: AIRFLOW_CTX_DAG_OWNER='***' AIRFLOW_CTX_DAG_ID='weather_pipeline' AIRFLOW_CTX_TASK_ID='transform_all_files' AIRFLOW_CTX_EXECUTION_DATE='2026-07-07T09:34:58.347924+00:00' AIRFLOW_CTX_TRY_NUMBER='1' AIRFLOW_CTX_DAG_RUN_ID='manual__2026-07-07T09:34:58.347924+00:00'
[2026-07-07T09:35:47.069+0000] {logging_mixin.py:188} INFO -     temperature     city  pression              date
0        32.20    Paris      1018  2026-07-07 09:35
1        25.40   London      1015  2026-07-07 09:35
2        24.45  Orleans      1016  2026-07-07 09:35
3        32.20    Paris      1018  2026-07-07 09:34
4        25.40   London      1015  2026-07-07 09:34
5        24.46  Orleans      1016  2026-07-07 09:34
6        32.20    Paris      1018  2026-07-07 09:33
7        25.40   London      1015  2026-07-07 09:33
8        24.46  Orleans      1016  2026-07-07 09:33
9        32.20    Paris      1018  2026-07-07 09:32
[2026-07-07T09:35:47.077+0000] {logging_mixin.py:188} INFO - [Task 3] fulldata.csv created from all available files.
[2026-07-07T09:35:47.078+0000] {python.py:201} INFO - Done. Returned value was: None
[2026-07-07T09:35:47.116+0000] {taskinstance.py:1138} INFO - Marking task as SUCCESS. dag_id=weather_pipeline, task_id=transform_all_files, execution_date=20260707T093458, start_date=20260707T093546, end_date=20260707T093547
[2026-07-07T09:35:47.251+0000] {local_task_job_runner.py:234} INFO - Task exited with return code 0
[2026-07-07T09:35:47.346+0000] {taskinstance.py:3280} INFO - 0 downstream tasks scheduled from follow-on schedule check
