[2026-07-06T16:22:20.650+0000] {processor.py:161} INFO - Started process (PID=195) to work on /home/airflow/.local/lib/python3.8/site-packages/airflow/example_dags/example_subdag_operator.py
[2026-07-06T16:22:20.688+0000] {processor.py:830} INFO - Processing file /home/airflow/.local/lib/python3.8/site-packages/airflow/example_dags/example_subdag_operator.py for tasks to queue
[2026-07-06T16:22:20.730+0000] {logging_mixin.py:188} INFO - [2026-07-06T16:22:20.729+0000] {dagbag.py:538} INFO - Filling up the DagBag from /home/airflow/.local/lib/python3.8/site-packages/airflow/example_dags/example_subdag_operator.py
[2026-07-06T16:22:21.353+0000] {processor.py:840} INFO - DAG(s) 'example_subdag_operator.section-1', 'example_subdag_operator.section-2', 'example_subdag_operator' retrieved from /home/airflow/.local/lib/python3.8/site-packages/airflow/example_dags/example_subdag_operator.py
[2026-07-06T16:22:22.404+0000] {logging_mixin.py:188} INFO - [2026-07-06T16:22:22.403+0000] {override.py:1769} INFO - Created Permission View: can read on DAG:example_subdag_operator
[2026-07-06T16:22:22.459+0000] {logging_mixin.py:188} INFO - [2026-07-06T16:22:22.459+0000] {override.py:1769} INFO - Created Permission View: can delete on DAG:example_subdag_operator
[2026-07-06T16:22:22.509+0000] {logging_mixin.py:188} INFO - [2026-07-06T16:22:22.506+0000] {override.py:1769} INFO - Created Permission View: can edit on DAG:example_subdag_operator
[2026-07-06T16:22:22.513+0000] {logging_mixin.py:188} INFO - [2026-07-06T16:22:22.513+0000] {dag.py:3036} INFO - Sync 3 DAGs
[2026-07-06T16:22:22.593+0000] {logging_mixin.py:188} INFO - [2026-07-06T16:22:22.593+0000] {dag.py:3058} INFO - Creating ORM DAG for example_subdag_operator
[2026-07-06T16:22:22.599+0000] {logging_mixin.py:188} INFO - [2026-07-06T16:22:22.599+0000] {dag.py:3058} INFO - Creating ORM DAG for example_subdag_operator.section-2
[2026-07-06T16:22:22.601+0000] {logging_mixin.py:188} INFO - [2026-07-06T16:22:22.600+0000] {dag.py:3058} INFO - Creating ORM DAG for example_subdag_operator.section-1
[2026-07-06T16:22:22.659+0000] {logging_mixin.py:188} INFO - [2026-07-06T16:22:22.659+0000] {dag.py:3823} INFO - Setting next_dagrun for example_subdag_operator to 2022-01-01 00:00:00+00:00, run_after=2022-01-01 00:00:00+00:00
[2026-07-06T16:22:22.662+0000] {logging_mixin.py:188} INFO - [2026-07-06T16:22:22.661+0000] {dag.py:3823} INFO - Setting next_dagrun for example_subdag_operator.section-1 to None, run_after=None
[2026-07-06T16:22:22.668+0000] {logging_mixin.py:188} INFO - [2026-07-06T16:22:22.667+0000] {dag.py:3823} INFO - Setting next_dagrun for example_subdag_operator.section-2 to None, run_after=None
[2026-07-06T16:22:22.720+0000] {logging_mixin.py:188} INFO - [2026-07-06T16:22:22.719+0000] {dag.py:3036} INFO - Sync 2 DAGs
[2026-07-06T16:22:22.747+0000] {logging_mixin.py:188} INFO - [2026-07-06T16:22:22.747+0000] {dag.py:3823} INFO - Setting next_dagrun for example_subdag_operator.section-1 to None, run_after=None
[2026-07-06T16:22:22.763+0000] {logging_mixin.py:188} INFO - [2026-07-06T16:22:22.762+0000] {dag.py:3823} INFO - Setting next_dagrun for example_subdag_operator.section-2 to None, run_after=None
[2026-07-06T16:22:22.851+0000] {processor.py:183} INFO - Processing /home/airflow/.local/lib/python3.8/site-packages/airflow/example_dags/example_subdag_operator.py took 2.271 seconds
[2026-07-06T16:24:37.358+0000] {processor.py:161} INFO - Started process (PID=295) to work on /home/airflow/.local/lib/python3.8/site-packages/airflow/example_dags/example_subdag_operator.py
[2026-07-06T16:24:37.364+0000] {processor.py:830} INFO - Processing file /home/airflow/.local/lib/python3.8/site-packages/airflow/example_dags/example_subdag_operator.py for tasks to queue
[2026-07-06T16:24:37.371+0000] {logging_mixin.py:188} INFO - [2026-07-06T16:24:37.370+0000] {dagbag.py:538} INFO - Filling up the DagBag from /home/airflow/.local/lib/python3.8/site-packages/airflow/example_dags/example_subdag_operator.py
[2026-07-06T16:24:37.469+0000] {processor.py:840} INFO - DAG(s) 'example_subdag_operator.section-1', 'example_subdag_operator.section-2', 'example_subdag_operator' retrieved from /home/airflow/.local/lib/python3.8/site-packages/airflow/example_dags/example_subdag_operator.py
[2026-07-06T16:24:37.636+0000] {logging_mixin.py:188} INFO - [2026-07-06T16:24:37.636+0000] {dag.py:3036} INFO - Sync 3 DAGs
[2026-07-06T16:24:37.788+0000] {logging_mixin.py:188} INFO - [2026-07-06T16:24:37.787+0000] {dag.py:3823} INFO - Setting next_dagrun for example_subdag_operator to 2022-01-01 00:00:00+00:00, run_after=2022-01-01 00:00:00+00:00
[2026-07-06T16:24:37.799+0000] {logging_mixin.py:188} INFO - [2026-07-06T16:24:37.798+0000] {dag.py:3823} INFO - Setting next_dagrun for example_subdag_operator.section-1 to None, run_after=None
[2026-07-06T16:24:37.803+0000] {logging_mixin.py:188} INFO - [2026-07-06T16:24:37.802+0000] {dag.py:3823} INFO - Setting next_dagrun for example_subdag_operator.section-2 to None, run_after=None
[2026-07-06T16:24:37.821+0000] {logging_mixin.py:188} INFO - [2026-07-06T16:24:37.821+0000] {dag.py:3036} INFO - Sync 2 DAGs
[2026-07-06T16:24:37.835+0000] {logging_mixin.py:188} INFO - [2026-07-06T16:24:37.834+0000] {dag.py:3823} INFO - Setting next_dagrun for example_subdag_operator.section-1 to None, run_after=None
[2026-07-06T16:24:37.836+0000] {logging_mixin.py:188} INFO - [2026-07-06T16:24:37.835+0000] {dag.py:3823} INFO - Setting next_dagrun for example_subdag_operator.section-2 to None, run_after=None
[2026-07-06T16:24:37.869+0000] {processor.py:183} INFO - Processing /home/airflow/.local/lib/python3.8/site-packages/airflow/example_dags/example_subdag_operator.py took 0.520 seconds
[2026-07-06T16:25:08.358+0000] {processor.py:161} INFO - Started process (PID=359) to work on /home/airflow/.local/lib/python3.8/site-packages/airflow/example_dags/example_subdag_operator.py
[2026-07-06T16:25:08.361+0000] {processor.py:830} INFO - Processing file /home/airflow/.local/lib/python3.8/site-packages/airflow/example_dags/example_subdag_operator.py for tasks to queue
[2026-07-06T16:25:08.367+0000] {logging_mixin.py:188} INFO - [2026-07-06T16:25:08.366+0000] {dagbag.py:538} INFO - Filling up the DagBag from /home/airflow/.local/lib/python3.8/site-packages/airflow/example_dags/example_subdag_operator.py
[2026-07-06T16:25:08.457+0000] {processor.py:840} INFO - DAG(s) 'example_subdag_operator.section-1', 'example_subdag_operator.section-2', 'example_subdag_operator' retrieved from /home/airflow/.local/lib/python3.8/site-packages/airflow/example_dags/example_subdag_operator.py
[2026-07-06T16:25:08.570+0000] {logging_mixin.py:188} INFO - [2026-07-06T16:25:08.568+0000] {dag.py:3036} INFO - Sync 3 DAGs
[2026-07-06T16:25:08.746+0000] {logging_mixin.py:188} INFO - [2026-07-06T16:25:08.745+0000] {dag.py:3823} INFO - Setting next_dagrun for example_subdag_operator to 2022-01-01 00:00:00+00:00, run_after=2022-01-01 00:00:00+00:00
[2026-07-06T16:25:08.760+0000] {logging_mixin.py:188} INFO - [2026-07-06T16:25:08.756+0000] {dag.py:3823} INFO - Setting next_dagrun for example_subdag_operator.section-1 to None, run_after=None
[2026-07-06T16:25:08.768+0000] {logging_mixin.py:188} INFO - [2026-07-06T16:25:08.767+0000] {dag.py:3823} INFO - Setting next_dagrun for example_subdag_operator.section-2 to None, run_after=None
[2026-07-06T16:25:08.795+0000] {logging_mixin.py:188} INFO - [2026-07-06T16:25:08.794+0000] {dag.py:3036} INFO - Sync 2 DAGs
[2026-07-06T16:25:08.836+0000] {logging_mixin.py:188} INFO - [2026-07-06T16:25:08.836+0000] {dag.py:3823} INFO - Setting next_dagrun for example_subdag_operator.section-1 to None, run_after=None
[2026-07-06T16:25:08.838+0000] {logging_mixin.py:188} INFO - [2026-07-06T16:25:08.837+0000] {dag.py:3823} INFO - Setting next_dagrun for example_subdag_operator.section-2 to None, run_after=None
[2026-07-06T16:25:08.880+0000] {processor.py:183} INFO - Processing /home/airflow/.local/lib/python3.8/site-packages/airflow/example_dags/example_subdag_operator.py took 0.534 seconds
[2026-07-06T16:25:39.300+0000] {processor.py:161} INFO - Started process (PID=417) to work on /home/airflow/.local/lib/python3.8/site-packages/airflow/example_dags/example_subdag_operator.py
[2026-07-06T16:25:39.303+0000] {processor.py:830} INFO - Processing file /home/airflow/.local/lib/python3.8/site-packages/airflow/example_dags/example_subdag_operator.py for tasks to queue
[2026-07-06T16:25:39.308+0000] {logging_mixin.py:188} INFO - [2026-07-06T16:25:39.308+0000] {dagbag.py:538} INFO - Filling up the DagBag from /home/airflow/.local/lib/python3.8/site-packages/airflow/example_dags/example_subdag_operator.py
[2026-07-06T16:25:39.376+0000] {processor.py:840} INFO - DAG(s) 'example_subdag_operator.section-1', 'example_subdag_operator.section-2', 'example_subdag_operator' retrieved from /home/airflow/.local/lib/python3.8/site-packages/airflow/example_dags/example_subdag_operator.py
[2026-07-06T16:25:39.418+0000] {logging_mixin.py:188} INFO - [2026-07-06T16:25:39.418+0000] {dag.py:3036} INFO - Sync 3 DAGs
[2026-07-06T16:25:39.476+0000] {logging_mixin.py:188} INFO - [2026-07-06T16:25:39.475+0000] {dag.py:3823} INFO - Setting next_dagrun for example_subdag_operator to 2022-01-01 00:00:00+00:00, run_after=2022-01-01 00:00:00+00:00
[2026-07-06T16:25:39.483+0000] {logging_mixin.py:188} INFO - [2026-07-06T16:25:39.483+0000] {dag.py:3823} INFO - Setting next_dagrun for example_subdag_operator.section-1 to None, run_after=None
[2026-07-06T16:25:39.486+0000] {logging_mixin.py:188} INFO - [2026-07-06T16:25:39.486+0000] {dag.py:3823} INFO - Setting next_dagrun for example_subdag_operator.section-2 to None, run_after=None
[2026-07-06T16:25:39.504+0000] {logging_mixin.py:188} INFO - [2026-07-06T16:25:39.504+0000] {dag.py:3036} INFO - Sync 2 DAGs
[2026-07-06T16:25:39.517+0000] {logging_mixin.py:188} INFO - [2026-07-06T16:25:39.517+0000] {dag.py:3823} INFO - Setting next_dagrun for example_subdag_operator.section-1 to None, run_after=None
[2026-07-06T16:25:39.518+0000] {logging_mixin.py:188} INFO - [2026-07-06T16:25:39.518+0000] {dag.py:3823} INFO - Setting next_dagrun for example_subdag_operator.section-2 to None, run_after=None
[2026-07-06T16:25:39.552+0000] {processor.py:183} INFO - Processing /home/airflow/.local/lib/python3.8/site-packages/airflow/example_dags/example_subdag_operator.py took 0.262 seconds
[2026-07-06T16:26:10.418+0000] {processor.py:161} INFO - Started process (PID=482) to work on /home/airflow/.local/lib/python3.8/site-packages/airflow/example_dags/example_subdag_operator.py
[2026-07-06T16:26:10.424+0000] {processor.py:830} INFO - Processing file /home/airflow/.local/lib/python3.8/site-packages/airflow/example_dags/example_subdag_operator.py for tasks to queue
[2026-07-06T16:26:10.430+0000] {logging_mixin.py:188} INFO - [2026-07-06T16:26:10.429+0000] {dagbag.py:538} INFO - Filling up the DagBag from /home/airflow/.local/lib/python3.8/site-packages/airflow/example_dags/example_subdag_operator.py
[2026-07-06T16:26:10.502+0000] {processor.py:840} INFO - DAG(s) 'example_subdag_operator.section-1', 'example_subdag_operator.section-2', 'example_subdag_operator' retrieved from /home/airflow/.local/lib/python3.8/site-packages/airflow/example_dags/example_subdag_operator.py
[2026-07-06T16:26:10.567+0000] {logging_mixin.py:188} INFO - [2026-07-06T16:26:10.566+0000] {dag.py:3036} INFO - Sync 3 DAGs
[2026-07-06T16:26:10.638+0000] {logging_mixin.py:188} INFO - [2026-07-06T16:26:10.637+0000] {dag.py:3823} INFO - Setting next_dagrun for example_subdag_operator to 2022-01-01 00:00:00+00:00, run_after=2022-01-01 00:00:00+00:00
[2026-07-06T16:26:10.654+0000] {logging_mixin.py:188} INFO - [2026-07-06T16:26:10.654+0000] {dag.py:3823} INFO - Setting next_dagrun for example_subdag_operator.section-1 to None, run_after=None
[2026-07-06T16:26:10.659+0000] {logging_mixin.py:188} INFO - [2026-07-06T16:26:10.658+0000] {dag.py:3823} INFO - Setting next_dagrun for example_subdag_operator.section-2 to None, run_after=None
[2026-07-06T16:26:10.686+0000] {logging_mixin.py:188} INFO - [2026-07-06T16:26:10.685+0000] {dag.py:3036} INFO - Sync 2 DAGs
[2026-07-06T16:26:10.705+0000] {logging_mixin.py:188} INFO - [2026-07-06T16:26:10.704+0000] {dag.py:3823} INFO - Setting next_dagrun for example_subdag_operator.section-1 to None, run_after=None
[2026-07-06T16:26:10.706+0000] {logging_mixin.py:188} INFO - [2026-07-06T16:26:10.706+0000] {dag.py:3823} INFO - Setting next_dagrun for example_subdag_operator.section-2 to None, run_after=None
[2026-07-06T16:26:10.745+0000] {processor.py:183} INFO - Processing /home/airflow/.local/lib/python3.8/site-packages/airflow/example_dags/example_subdag_operator.py took 0.335 seconds
[2026-07-06T16:26:40.978+0000] {processor.py:161} INFO - Started process (PID=548) to work on /home/airflow/.local/lib/python3.8/site-packages/airflow/example_dags/example_subdag_operator.py
[2026-07-06T16:26:40.981+0000] {processor.py:830} INFO - Processing file /home/airflow/.local/lib/python3.8/site-packages/airflow/example_dags/example_subdag_operator.py for tasks to queue
[2026-07-06T16:26:40.992+0000] {logging_mixin.py:188} INFO - [2026-07-06T16:26:40.990+0000] {dagbag.py:538} INFO - Filling up the DagBag from /home/airflow/.local/lib/python3.8/site-packages/airflow/example_dags/example_subdag_operator.py
[2026-07-06T16:26:41.067+0000] {processor.py:840} INFO - DAG(s) 'example_subdag_operator.section-1', 'example_subdag_operator.section-2', 'example_subdag_operator' retrieved from /home/airflow/.local/lib/python3.8/site-packages/airflow/example_dags/example_subdag_operator.py
[2026-07-06T16:26:41.103+0000] {logging_mixin.py:188} INFO - [2026-07-06T16:26:41.103+0000] {dag.py:3036} INFO - Sync 3 DAGs
[2026-07-06T16:26:41.174+0000] {logging_mixin.py:188} INFO - [2026-07-06T16:26:41.173+0000] {dag.py:3823} INFO - Setting next_dagrun for example_subdag_operator to 2022-01-01 00:00:00+00:00, run_after=2022-01-01 00:00:00+00:00
[2026-07-06T16:26:41.189+0000] {logging_mixin.py:188} INFO - [2026-07-06T16:26:41.189+0000] {dag.py:3823} INFO - Setting next_dagrun for example_subdag_operator.section-1 to None, run_after=None
[2026-07-06T16:26:41.193+0000] {logging_mixin.py:188} INFO - [2026-07-06T16:26:41.192+0000] {dag.py:3823} INFO - Setting next_dagrun for example_subdag_operator.section-2 to None, run_after=None
[2026-07-06T16:26:41.219+0000] {logging_mixin.py:188} INFO - [2026-07-06T16:26:41.214+0000] {dag.py:3036} INFO - Sync 2 DAGs
[2026-07-06T16:26:41.233+0000] {logging_mixin.py:188} INFO - [2026-07-06T16:26:41.233+0000] {dag.py:3823} INFO - Setting next_dagrun for example_subdag_operator.section-1 to None, run_after=None
[2026-07-06T16:26:41.234+0000] {logging_mixin.py:188} INFO - [2026-07-06T16:26:41.234+0000] {dag.py:3823} INFO - Setting next_dagrun for example_subdag_operator.section-2 to None, run_after=None
[2026-07-06T16:26:41.264+0000] {processor.py:183} INFO - Processing /home/airflow/.local/lib/python3.8/site-packages/airflow/example_dags/example_subdag_operator.py took 0.301 seconds
[2026-07-06T16:27:12.136+0000] {processor.py:161} INFO - Started process (PID=614) to work on /home/airflow/.local/lib/python3.8/site-packages/airflow/example_dags/example_subdag_operator.py
[2026-07-06T16:27:12.139+0000] {processor.py:830} INFO - Processing file /home/airflow/.local/lib/python3.8/site-packages/airflow/example_dags/example_subdag_operator.py for tasks to queue
[2026-07-06T16:27:12.144+0000] {logging_mixin.py:188} INFO - [2026-07-06T16:27:12.143+0000] {dagbag.py:538} INFO - Filling up the DagBag from /home/airflow/.local/lib/python3.8/site-packages/airflow/example_dags/example_subdag_operator.py
[2026-07-06T16:27:12.222+0000] {processor.py:840} INFO - DAG(s) 'example_subdag_operator.section-1', 'example_subdag_operator.section-2', 'example_subdag_operator' retrieved from /home/airflow/.local/lib/python3.8/site-packages/airflow/example_dags/example_subdag_operator.py
[2026-07-06T16:27:12.257+0000] {logging_mixin.py:188} INFO - [2026-07-06T16:27:12.257+0000] {dag.py:3036} INFO - Sync 3 DAGs
[2026-07-06T16:27:12.310+0000] {logging_mixin.py:188} INFO - [2026-07-06T16:27:12.309+0000] {dag.py:3823} INFO - Setting next_dagrun for example_subdag_operator to 2022-01-01 00:00:00+00:00, run_after=2022-01-01 00:00:00+00:00
[2026-07-06T16:27:12.319+0000] {logging_mixin.py:188} INFO - [2026-07-06T16:27:12.317+0000] {dag.py:3823} INFO - Setting next_dagrun for example_subdag_operator.section-1 to None, run_after=None
[2026-07-06T16:27:12.322+0000] {logging_mixin.py:188} INFO - [2026-07-06T16:27:12.322+0000] {dag.py:3823} INFO - Setting next_dagrun for example_subdag_operator.section-2 to None, run_after=None
[2026-07-06T16:27:12.341+0000] {logging_mixin.py:188} INFO - [2026-07-06T16:27:12.340+0000] {dag.py:3036} INFO - Sync 2 DAGs
[2026-07-06T16:27:12.353+0000] {logging_mixin.py:188} INFO - [2026-07-06T16:27:12.353+0000] {dag.py:3823} INFO - Setting next_dagrun for example_subdag_operator.section-1 to None, run_after=None
[2026-07-06T16:27:12.354+0000] {logging_mixin.py:188} INFO - [2026-07-06T16:27:12.354+0000] {dag.py:3823} INFO - Setting next_dagrun for example_subdag_operator.section-2 to None, run_after=None
[2026-07-06T16:27:12.400+0000] {processor.py:183} INFO - Processing /home/airflow/.local/lib/python3.8/site-packages/airflow/example_dags/example_subdag_operator.py took 0.279 seconds
[2026-07-06T16:27:42.614+0000] {processor.py:161} INFO - Started process (PID=680) to work on /home/airflow/.local/lib/python3.8/site-packages/airflow/example_dags/example_subdag_operator.py
[2026-07-06T16:27:42.616+0000] {processor.py:830} INFO - Processing file /home/airflow/.local/lib/python3.8/site-packages/airflow/example_dags/example_subdag_operator.py for tasks to queue
[2026-07-06T16:27:42.621+0000] {logging_mixin.py:188} INFO - [2026-07-06T16:27:42.620+0000] {dagbag.py:538} INFO - Filling up the DagBag from /home/airflow/.local/lib/python3.8/site-packages/airflow/example_dags/example_subdag_operator.py
[2026-07-06T16:27:42.697+0000] {processor.py:840} INFO - DAG(s) 'example_subdag_operator.section-1', 'example_subdag_operator.section-2', 'example_subdag_operator' retrieved from /home/airflow/.local/lib/python3.8/site-packages/airflow/example_dags/example_subdag_operator.py
[2026-07-06T16:27:42.753+0000] {logging_mixin.py:188} INFO - [2026-07-06T16:27:42.753+0000] {dag.py:3036} INFO - Sync 3 DAGs
[2026-07-06T16:27:42.826+0000] {logging_mixin.py:188} INFO - [2026-07-06T16:27:42.826+0000] {dag.py:3823} INFO - Setting next_dagrun for example_subdag_operator to 2022-01-01 00:00:00+00:00, run_after=2022-01-01 00:00:00+00:00
[2026-07-06T16:27:42.836+0000] {logging_mixin.py:188} INFO - [2026-07-06T16:27:42.836+0000] {dag.py:3823} INFO - Setting next_dagrun for example_subdag_operator.section-1 to None, run_after=None
[2026-07-06T16:27:42.841+0000] {logging_mixin.py:188} INFO - [2026-07-06T16:27:42.840+0000] {dag.py:3823} INFO - Setting next_dagrun for example_subdag_operator.section-2 to None, run_after=None
[2026-07-06T16:27:42.861+0000] {logging_mixin.py:188} INFO - [2026-07-06T16:27:42.861+0000] {dag.py:3036} INFO - Sync 2 DAGs
[2026-07-06T16:27:42.875+0000] {logging_mixin.py:188} INFO - [2026-07-06T16:27:42.874+0000] {dag.py:3823} INFO - Setting next_dagrun for example_subdag_operator.section-1 to None, run_after=None
[2026-07-06T16:27:42.876+0000] {logging_mixin.py:188} INFO - [2026-07-06T16:27:42.875+0000] {dag.py:3823} INFO - Setting next_dagrun for example_subdag_operator.section-2 to None, run_after=None
[2026-07-06T16:27:42.911+0000] {processor.py:183} INFO - Processing /home/airflow/.local/lib/python3.8/site-packages/airflow/example_dags/example_subdag_operator.py took 0.307 seconds
[2026-07-06T16:28:15.078+0000] {processor.py:161} INFO - Started process (PID=737) to work on /home/airflow/.local/lib/python3.8/site-packages/airflow/example_dags/example_subdag_operator.py
[2026-07-06T16:28:15.092+0000] {processor.py:830} INFO - Processing file /home/airflow/.local/lib/python3.8/site-packages/airflow/example_dags/example_subdag_operator.py for tasks to queue
[2026-07-06T16:28:15.096+0000] {logging_mixin.py:188} INFO - [2026-07-06T16:28:15.095+0000] {dagbag.py:538} INFO - Filling up the DagBag from /home/airflow/.local/lib/python3.8/site-packages/airflow/example_dags/example_subdag_operator.py
[2026-07-06T16:28:15.463+0000] {processor.py:840} INFO - DAG(s) 'example_subdag_operator.section-1', 'example_subdag_operator.section-2', 'example_subdag_operator' retrieved from /home/airflow/.local/lib/python3.8/site-packages/airflow/example_dags/example_subdag_operator.py
[2026-07-06T16:28:15.544+0000] {logging_mixin.py:188} INFO - [2026-07-06T16:28:15.544+0000] {dag.py:3036} INFO - Sync 3 DAGs
[2026-07-06T16:28:15.735+0000] {logging_mixin.py:188} INFO - [2026-07-06T16:28:15.734+0000] {dag.py:3823} INFO - Setting next_dagrun for example_subdag_operator to 2022-01-01 00:00:00+00:00, run_after=2022-01-01 00:00:00+00:00
[2026-07-06T16:28:15.755+0000] {logging_mixin.py:188} INFO - [2026-07-06T16:28:15.754+0000] {dag.py:3823} INFO - Setting next_dagrun for example_subdag_operator.section-1 to None, run_after=None
[2026-07-06T16:28:15.763+0000] {logging_mixin.py:188} INFO - [2026-07-06T16:28:15.759+0000] {dag.py:3823} INFO - Setting next_dagrun for example_subdag_operator.section-2 to None, run_after=None
[2026-07-06T16:28:15.852+0000] {logging_mixin.py:188} INFO - [2026-07-06T16:28:15.851+0000] {dag.py:3036} INFO - Sync 2 DAGs
[2026-07-06T16:28:15.870+0000] {logging_mixin.py:188} INFO - [2026-07-06T16:28:15.869+0000] {dag.py:3823} INFO - Setting next_dagrun for example_subdag_operator.section-1 to None, run_after=None
[2026-07-06T16:28:15.871+0000] {logging_mixin.py:188} INFO - [2026-07-06T16:28:15.870+0000] {dag.py:3823} INFO - Setting next_dagrun for example_subdag_operator.section-2 to None, run_after=None
[2026-07-06T16:28:15.903+0000] {processor.py:183} INFO - Processing /home/airflow/.local/lib/python3.8/site-packages/airflow/example_dags/example_subdag_operator.py took 0.846 seconds
[2026-07-06T16:28:56.029+0000] {processor.py:161} INFO - Started process (PID=794) to work on /home/airflow/.local/lib/python3.8/site-packages/airflow/example_dags/example_subdag_operator.py
[2026-07-06T16:28:56.034+0000] {processor.py:830} INFO - Processing file /home/airflow/.local/lib/python3.8/site-packages/airflow/example_dags/example_subdag_operator.py for tasks to queue
[2026-07-06T16:28:56.042+0000] {logging_mixin.py:188} INFO - [2026-07-06T16:28:56.041+0000] {dagbag.py:538} INFO - Filling up the DagBag from /home/airflow/.local/lib/python3.8/site-packages/airflow/example_dags/example_subdag_operator.py
[2026-07-06T16:28:56.432+0000] {processor.py:840} INFO - DAG(s) 'example_subdag_operator.section-1', 'example_subdag_operator.section-2', 'example_subdag_operator' retrieved from /home/airflow/.local/lib/python3.8/site-packages/airflow/example_dags/example_subdag_operator.py
[2026-07-06T16:28:56.683+0000] {logging_mixin.py:188} INFO - [2026-07-06T16:28:56.683+0000] {dag.py:3036} INFO - Sync 3 DAGs
[2026-07-06T16:28:56.848+0000] {logging_mixin.py:188} INFO - [2026-07-06T16:28:56.847+0000] {dag.py:3823} INFO - Setting next_dagrun for example_subdag_operator to 2022-01-01 00:00:00+00:00, run_after=2022-01-01 00:00:00+00:00
[2026-07-06T16:28:56.865+0000] {logging_mixin.py:188} INFO - [2026-07-06T16:28:56.865+0000] {dag.py:3823} INFO - Setting next_dagrun for example_subdag_operator.section-1 to None, run_after=None
[2026-07-06T16:28:56.868+0000] {logging_mixin.py:188} INFO - [2026-07-06T16:28:56.868+0000] {dag.py:3823} INFO - Setting next_dagrun for example_subdag_operator.section-2 to None, run_after=None
[2026-07-06T16:28:56.905+0000] {logging_mixin.py:188} INFO - [2026-07-06T16:28:56.905+0000] {dag.py:3036} INFO - Sync 2 DAGs
[2026-07-06T16:28:56.931+0000] {logging_mixin.py:188} INFO - [2026-07-06T16:28:56.930+0000] {dag.py:3823} INFO - Setting next_dagrun for example_subdag_operator.section-1 to None, run_after=None
[2026-07-06T16:28:56.932+0000] {logging_mixin.py:188} INFO - [2026-07-06T16:28:56.931+0000] {dag.py:3823} INFO - Setting next_dagrun for example_subdag_operator.section-2 to None, run_after=None
[2026-07-06T16:28:57.044+0000] {processor.py:183} INFO - Processing /home/airflow/.local/lib/python3.8/site-packages/airflow/example_dags/example_subdag_operator.py took 1.070 seconds
[2026-07-06T16:29:27.590+0000] {processor.py:161} INFO - Started process (PID=860) to work on /home/airflow/.local/lib/python3.8/site-packages/airflow/example_dags/example_subdag_operator.py
[2026-07-06T16:29:27.598+0000] {processor.py:830} INFO - Processing file /home/airflow/.local/lib/python3.8/site-packages/airflow/example_dags/example_subdag_operator.py for tasks to queue
[2026-07-06T16:29:27.611+0000] {logging_mixin.py:188} INFO - [2026-07-06T16:29:27.610+0000] {dagbag.py:538} INFO - Filling up the DagBag from /home/airflow/.local/lib/python3.8/site-packages/airflow/example_dags/example_subdag_operator.py
[2026-07-06T16:29:27.922+0000] {processor.py:840} INFO - DAG(s) 'example_subdag_operator.section-1', 'example_subdag_operator.section-2', 'example_subdag_operator' retrieved from /home/airflow/.local/lib/python3.8/site-packages/airflow/example_dags/example_subdag_operator.py
[2026-07-06T16:29:28.111+0000] {logging_mixin.py:188} INFO - [2026-07-06T16:29:28.110+0000] {dag.py:3036} INFO - Sync 3 DAGs
[2026-07-06T16:29:28.253+0000] {logging_mixin.py:188} INFO - [2026-07-06T16:29:28.252+0000] {dag.py:3823} INFO - Setting next_dagrun for example_subdag_operator to 2022-01-01 00:00:00+00:00, run_after=2022-01-01 00:00:00+00:00
[2026-07-06T16:29:28.315+0000] {logging_mixin.py:188} INFO - [2026-07-06T16:29:28.312+0000] {dag.py:3823} INFO - Setting next_dagrun for example_subdag_operator.section-1 to None, run_after=None
[2026-07-06T16:29:28.335+0000] {logging_mixin.py:188} INFO - [2026-07-06T16:29:28.334+0000] {dag.py:3823} INFO - Setting next_dagrun for example_subdag_operator.section-2 to None, run_after=None
[2026-07-06T16:29:28.449+0000] {logging_mixin.py:188} INFO - [2026-07-06T16:29:28.448+0000] {dag.py:3036} INFO - Sync 2 DAGs
[2026-07-06T16:29:28.580+0000] {logging_mixin.py:188} INFO - [2026-07-06T16:29:28.570+0000] {dag.py:3823} INFO - Setting next_dagrun for example_subdag_operator.section-1 to None, run_after=None
[2026-07-06T16:29:28.582+0000] {logging_mixin.py:188} INFO - [2026-07-06T16:29:28.581+0000] {dag.py:3823} INFO - Setting next_dagrun for example_subdag_operator.section-2 to None, run_after=None
[2026-07-06T16:29:28.741+0000] {processor.py:183} INFO - Processing /home/airflow/.local/lib/python3.8/site-packages/airflow/example_dags/example_subdag_operator.py took 1.165 seconds
[2026-07-06T16:29:59.091+0000] {processor.py:161} INFO - Started process (PID=927) to work on /home/airflow/.local/lib/python3.8/site-packages/airflow/example_dags/example_subdag_operator.py
[2026-07-06T16:29:59.095+0000] {processor.py:830} INFO - Processing file /home/airflow/.local/lib/python3.8/site-packages/airflow/example_dags/example_subdag_operator.py for tasks to queue
[2026-07-06T16:29:59.106+0000] {logging_mixin.py:188} INFO - [2026-07-06T16:29:59.105+0000] {dagbag.py:538} INFO - Filling up the DagBag from /home/airflow/.local/lib/python3.8/site-packages/airflow/example_dags/example_subdag_operator.py
[2026-07-06T16:29:59.248+0000] {processor.py:840} INFO - DAG(s) 'example_subdag_operator.section-1', 'example_subdag_operator.section-2', 'example_subdag_operator' retrieved from /home/airflow/.local/lib/python3.8/site-packages/airflow/example_dags/example_subdag_operator.py
[2026-07-06T16:29:59.367+0000] {logging_mixin.py:188} INFO - [2026-07-06T16:29:59.367+0000] {dag.py:3036} INFO - Sync 3 DAGs
[2026-07-06T16:29:59.490+0000] {logging_mixin.py:188} INFO - [2026-07-06T16:29:59.489+0000] {dag.py:3823} INFO - Setting next_dagrun for example_subdag_operator to 2022-01-01 00:00:00+00:00, run_after=2022-01-01 00:00:00+00:00
[2026-07-06T16:29:59.509+0000] {logging_mixin.py:188} INFO - [2026-07-06T16:29:59.509+0000] {dag.py:3823} INFO - Setting next_dagrun for example_subdag_operator.section-1 to None, run_after=None
[2026-07-06T16:29:59.517+0000] {logging_mixin.py:188} INFO - [2026-07-06T16:29:59.517+0000] {dag.py:3823} INFO - Setting next_dagrun for example_subdag_operator.section-2 to None, run_after=None
[2026-07-06T16:29:59.568+0000] {logging_mixin.py:188} INFO - [2026-07-06T16:29:59.567+0000] {dag.py:3036} INFO - Sync 2 DAGs
[2026-07-06T16:29:59.589+0000] {logging_mixin.py:188} INFO - [2026-07-06T16:29:59.588+0000] {dag.py:3823} INFO - Setting next_dagrun for example_subdag_operator.section-1 to None, run_after=None
[2026-07-06T16:29:59.595+0000] {logging_mixin.py:188} INFO - [2026-07-06T16:29:59.593+0000] {dag.py:3823} INFO - Setting next_dagrun for example_subdag_operator.section-2 to None, run_after=None
[2026-07-06T16:29:59.648+0000] {processor.py:183} INFO - Processing /home/airflow/.local/lib/python3.8/site-packages/airflow/example_dags/example_subdag_operator.py took 0.577 seconds
[2026-07-06T16:30:29.960+0000] {processor.py:161} INFO - Started process (PID=985) to work on /home/airflow/.local/lib/python3.8/site-packages/airflow/example_dags/example_subdag_operator.py
[2026-07-06T16:30:29.964+0000] {processor.py:830} INFO - Processing file /home/airflow/.local/lib/python3.8/site-packages/airflow/example_dags/example_subdag_operator.py for tasks to queue
[2026-07-06T16:30:29.975+0000] {logging_mixin.py:188} INFO - [2026-07-06T16:30:29.974+0000] {dagbag.py:538} INFO - Filling up the DagBag from /home/airflow/.local/lib/python3.8/site-packages/airflow/example_dags/example_subdag_operator.py
[2026-07-06T16:30:30.039+0000] {processor.py:840} INFO - DAG(s) 'example_subdag_operator.section-1', 'example_subdag_operator.section-2', 'example_subdag_operator' retrieved from /home/airflow/.local/lib/python3.8/site-packages/airflow/example_dags/example_subdag_operator.py
[2026-07-06T16:30:30.072+0000] {logging_mixin.py:188} INFO - [2026-07-06T16:30:30.072+0000] {dag.py:3036} INFO - Sync 3 DAGs
[2026-07-06T16:30:30.127+0000] {logging_mixin.py:188} INFO - [2026-07-06T16:30:30.126+0000] {dag.py:3823} INFO - Setting next_dagrun for example_subdag_operator to 2022-01-01 00:00:00+00:00, run_after=2022-01-01 00:00:00+00:00
[2026-07-06T16:30:30.134+0000] {logging_mixin.py:188} INFO - [2026-07-06T16:30:30.133+0000] {dag.py:3823} INFO - Setting next_dagrun for example_subdag_operator.section-1 to None, run_after=None
[2026-07-06T16:30:30.137+0000] {logging_mixin.py:188} INFO - [2026-07-06T16:30:30.136+0000] {dag.py:3823} INFO - Setting next_dagrun for example_subdag_operator.section-2 to None, run_after=None
[2026-07-06T16:30:30.153+0000] {logging_mixin.py:188} INFO - [2026-07-06T16:30:30.153+0000] {dag.py:3036} INFO - Sync 2 DAGs
[2026-07-06T16:30:30.166+0000] {logging_mixin.py:188} INFO - [2026-07-06T16:30:30.166+0000] {dag.py:3823} INFO - Setting next_dagrun for example_subdag_operator.section-1 to None, run_after=None
[2026-07-06T16:30:30.167+0000] {logging_mixin.py:188} INFO - [2026-07-06T16:30:30.167+0000] {dag.py:3823} INFO - Setting next_dagrun for example_subdag_operator.section-2 to None, run_after=None
[2026-07-06T16:30:30.196+0000] {processor.py:183} INFO - Processing /home/airflow/.local/lib/python3.8/site-packages/airflow/example_dags/example_subdag_operator.py took 0.250 seconds
[2026-07-06T16:31:00.328+0000] {processor.py:161} INFO - Started process (PID=1051) to work on /home/airflow/.local/lib/python3.8/site-packages/airflow/example_dags/example_subdag_operator.py
[2026-07-06T16:31:00.330+0000] {processor.py:830} INFO - Processing file /home/airflow/.local/lib/python3.8/site-packages/airflow/example_dags/example_subdag_operator.py for tasks to queue
[2026-07-06T16:31:00.344+0000] {logging_mixin.py:188} INFO - [2026-07-06T16:31:00.343+0000] {dagbag.py:538} INFO - Filling up the DagBag from /home/airflow/.local/lib/python3.8/site-packages/airflow/example_dags/example_subdag_operator.py
[2026-07-06T16:31:00.431+0000] {processor.py:840} INFO - DAG(s) 'example_subdag_operator.section-1', 'example_subdag_operator.section-2', 'example_subdag_operator' retrieved from /home/airflow/.local/lib/python3.8/site-packages/airflow/example_dags/example_subdag_operator.py
[2026-07-06T16:31:00.514+0000] {logging_mixin.py:188} INFO - [2026-07-06T16:31:00.513+0000] {dag.py:3036} INFO - Sync 3 DAGs
[2026-07-06T16:31:00.620+0000] {logging_mixin.py:188} INFO - [2026-07-06T16:31:00.619+0000] {dag.py:3823} INFO - Setting next_dagrun for example_subdag_operator to 2022-01-01 00:00:00+00:00, run_after=2022-01-01 00:00:00+00:00
[2026-07-06T16:31:00.630+0000] {logging_mixin.py:188} INFO - [2026-07-06T16:31:00.629+0000] {dag.py:3823} INFO - Setting next_dagrun for example_subdag_operator.section-1 to None, run_after=None
[2026-07-06T16:31:00.634+0000] {logging_mixin.py:188} INFO - [2026-07-06T16:31:00.633+0000] {dag.py:3823} INFO - Setting next_dagrun for example_subdag_operator.section-2 to None, run_after=None
[2026-07-06T16:31:00.664+0000] {logging_mixin.py:188} INFO - [2026-07-06T16:31:00.664+0000] {dag.py:3036} INFO - Sync 2 DAGs
[2026-07-06T16:31:00.677+0000] {logging_mixin.py:188} INFO - [2026-07-06T16:31:00.677+0000] {dag.py:3823} INFO - Setting next_dagrun for example_subdag_operator.section-1 to None, run_after=None
[2026-07-06T16:31:00.678+0000] {logging_mixin.py:188} INFO - [2026-07-06T16:31:00.678+0000] {dag.py:3823} INFO - Setting next_dagrun for example_subdag_operator.section-2 to None, run_after=None
[2026-07-06T16:31:00.717+0000] {processor.py:183} INFO - Processing /home/airflow/.local/lib/python3.8/site-packages/airflow/example_dags/example_subdag_operator.py took 0.404 seconds
[2026-07-06T16:31:30.919+0000] {processor.py:161} INFO - Started process (PID=1116) to work on /home/airflow/.local/lib/python3.8/site-packages/airflow/example_dags/example_subdag_operator.py
[2026-07-06T16:31:30.935+0000] {processor.py:830} INFO - Processing file /home/airflow/.local/lib/python3.8/site-packages/airflow/example_dags/example_subdag_operator.py for tasks to queue
[2026-07-06T16:31:30.940+0000] {logging_mixin.py:188} INFO - [2026-07-06T16:31:30.939+0000] {dagbag.py:538} INFO - Filling up the DagBag from /home/airflow/.local/lib/python3.8/site-packages/airflow/example_dags/example_subdag_operator.py
[2026-07-06T16:31:31.043+0000] {processor.py:840} INFO - DAG(s) 'example_subdag_operator.section-1', 'example_subdag_operator.section-2', 'example_subdag_operator' retrieved from /home/airflow/.local/lib/python3.8/site-packages/airflow/example_dags/example_subdag_operator.py
[2026-07-06T16:31:31.146+0000] {logging_mixin.py:188} INFO - [2026-07-06T16:31:31.145+0000] {dag.py:3036} INFO - Sync 3 DAGs
[2026-07-06T16:31:31.284+0000] {logging_mixin.py:188} INFO - [2026-07-06T16:31:31.282+0000] {dag.py:3823} INFO - Setting next_dagrun for example_subdag_operator to 2022-01-01 00:00:00+00:00, run_after=2022-01-01 00:00:00+00:00
[2026-07-06T16:31:31.323+0000] {logging_mixin.py:188} INFO - [2026-07-06T16:31:31.322+0000] {dag.py:3823} INFO - Setting next_dagrun for example_subdag_operator.section-1 to None, run_after=None
[2026-07-06T16:31:31.336+0000] {logging_mixin.py:188} INFO - [2026-07-06T16:31:31.334+0000] {dag.py:3823} INFO - Setting next_dagrun for example_subdag_operator.section-2 to None, run_after=None
[2026-07-06T16:31:31.360+0000] {logging_mixin.py:188} INFO - [2026-07-06T16:31:31.360+0000] {dag.py:3036} INFO - Sync 2 DAGs
[2026-07-06T16:31:31.393+0000] {logging_mixin.py:188} INFO - [2026-07-06T16:31:31.392+0000] {dag.py:3823} INFO - Setting next_dagrun for example_subdag_operator.section-1 to None, run_after=None
[2026-07-06T16:31:31.395+0000] {logging_mixin.py:188} INFO - [2026-07-06T16:31:31.394+0000] {dag.py:3823} INFO - Setting next_dagrun for example_subdag_operator.section-2 to None, run_after=None
[2026-07-06T16:31:31.458+0000] {processor.py:183} INFO - Processing /home/airflow/.local/lib/python3.8/site-packages/airflow/example_dags/example_subdag_operator.py took 0.588 seconds
[2026-07-06T16:32:02.352+0000] {processor.py:161} INFO - Started process (PID=1174) to work on /home/airflow/.local/lib/python3.8/site-packages/airflow/example_dags/example_subdag_operator.py
[2026-07-06T16:32:02.354+0000] {processor.py:830} INFO - Processing file /home/airflow/.local/lib/python3.8/site-packages/airflow/example_dags/example_subdag_operator.py for tasks to queue
[2026-07-06T16:32:02.357+0000] {logging_mixin.py:188} INFO - [2026-07-06T16:32:02.357+0000] {dagbag.py:538} INFO - Filling up the DagBag from /home/airflow/.local/lib/python3.8/site-packages/airflow/example_dags/example_subdag_operator.py
[2026-07-06T16:32:02.413+0000] {processor.py:840} INFO - DAG(s) 'example_subdag_operator.section-1', 'example_subdag_operator.section-2', 'example_subdag_operator' retrieved from /home/airflow/.local/lib/python3.8/site-packages/airflow/example_dags/example_subdag_operator.py
[2026-07-06T16:32:02.448+0000] {logging_mixin.py:188} INFO - [2026-07-06T16:32:02.448+0000] {dag.py:3036} INFO - Sync 3 DAGs
[2026-07-06T16:32:02.495+0000] {logging_mixin.py:188} INFO - [2026-07-06T16:32:02.495+0000] {dag.py:3823} INFO - Setting next_dagrun for example_subdag_operator to 2022-01-01 00:00:00+00:00, run_after=2022-01-01 00:00:00+00:00
[2026-07-06T16:32:02.501+0000] {logging_mixin.py:188} INFO - [2026-07-06T16:32:02.501+0000] {dag.py:3823} INFO - Setting next_dagrun for example_subdag_operator.section-1 to None, run_after=None
[2026-07-06T16:32:02.504+0000] {logging_mixin.py:188} INFO - [2026-07-06T16:32:02.504+0000] {dag.py:3823} INFO - Setting next_dagrun for example_subdag_operator.section-2 to None, run_after=None
[2026-07-06T16:32:02.520+0000] {logging_mixin.py:188} INFO - [2026-07-06T16:32:02.520+0000] {dag.py:3036} INFO - Sync 2 DAGs
[2026-07-06T16:32:02.531+0000] {logging_mixin.py:188} INFO - [2026-07-06T16:32:02.531+0000] {dag.py:3823} INFO - Setting next_dagrun for example_subdag_operator.section-1 to None, run_after=None
[2026-07-06T16:32:02.532+0000] {logging_mixin.py:188} INFO - [2026-07-06T16:32:02.531+0000] {dag.py:3823} INFO - Setting next_dagrun for example_subdag_operator.section-2 to None, run_after=None
[2026-07-06T16:32:02.556+0000] {processor.py:183} INFO - Processing /home/airflow/.local/lib/python3.8/site-packages/airflow/example_dags/example_subdag_operator.py took 0.210 seconds
[2026-07-06T16:32:42.480+0000] {processor.py:161} INFO - Started process (PID=1239) to work on /home/airflow/.local/lib/python3.8/site-packages/airflow/example_dags/example_subdag_operator.py
[2026-07-06T16:32:42.490+0000] {processor.py:830} INFO - Processing file /home/airflow/.local/lib/python3.8/site-packages/airflow/example_dags/example_subdag_operator.py for tasks to queue
[2026-07-06T16:32:42.495+0000] {logging_mixin.py:188} INFO - [2026-07-06T16:32:42.494+0000] {dagbag.py:538} INFO - Filling up the DagBag from /home/airflow/.local/lib/python3.8/site-packages/airflow/example_dags/example_subdag_operator.py
[2026-07-06T16:32:42.633+0000] {processor.py:840} INFO - DAG(s) 'example_subdag_operator.section-1', 'example_subdag_operator.section-2', 'example_subdag_operator' retrieved from /home/airflow/.local/lib/python3.8/site-packages/airflow/example_dags/example_subdag_operator.py
[2026-07-06T16:32:42.699+0000] {logging_mixin.py:188} INFO - [2026-07-06T16:32:42.699+0000] {dag.py:3036} INFO - Sync 3 DAGs
[2026-07-06T16:32:42.788+0000] {logging_mixin.py:188} INFO - [2026-07-06T16:32:42.787+0000] {dag.py:3823} INFO - Setting next_dagrun for example_subdag_operator to 2022-01-01 00:00:00+00:00, run_after=2022-01-01 00:00:00+00:00
[2026-07-06T16:32:42.801+0000] {logging_mixin.py:188} INFO - [2026-07-06T16:32:42.800+0000] {dag.py:3823} INFO - Setting next_dagrun for example_subdag_operator.section-1 to None, run_after=None
[2026-07-06T16:32:42.806+0000] {logging_mixin.py:188} INFO - [2026-07-06T16:32:42.805+0000] {dag.py:3823} INFO - Setting next_dagrun for example_subdag_operator.section-2 to None, run_after=None
[2026-07-06T16:32:42.827+0000] {logging_mixin.py:188} INFO - [2026-07-06T16:32:42.827+0000] {dag.py:3036} INFO - Sync 2 DAGs
[2026-07-06T16:32:42.851+0000] {logging_mixin.py:188} INFO - [2026-07-06T16:32:42.851+0000] {dag.py:3823} INFO - Setting next_dagrun for example_subdag_operator.section-1 to None, run_after=None
[2026-07-06T16:32:42.852+0000] {logging_mixin.py:188} INFO - [2026-07-06T16:32:42.852+0000] {dag.py:3823} INFO - Setting next_dagrun for example_subdag_operator.section-2 to None, run_after=None
[2026-07-06T16:32:42.902+0000] {processor.py:183} INFO - Processing /home/airflow/.local/lib/python3.8/site-packages/airflow/example_dags/example_subdag_operator.py took 0.437 seconds
[2026-07-06T16:33:13.151+0000] {processor.py:161} INFO - Started process (PID=1303) to work on /home/airflow/.local/lib/python3.8/site-packages/airflow/example_dags/example_subdag_operator.py
[2026-07-06T16:33:13.153+0000] {processor.py:830} INFO - Processing file /home/airflow/.local/lib/python3.8/site-packages/airflow/example_dags/example_subdag_operator.py for tasks to queue
[2026-07-06T16:33:13.162+0000] {logging_mixin.py:188} INFO - [2026-07-06T16:33:13.161+0000] {dagbag.py:538} INFO - Filling up the DagBag from /home/airflow/.local/lib/python3.8/site-packages/airflow/example_dags/example_subdag_operator.py
[2026-07-06T16:33:13.257+0000] {processor.py:840} INFO - DAG(s) 'example_subdag_operator.section-1', 'example_subdag_operator.section-2', 'example_subdag_operator' retrieved from /home/airflow/.local/lib/python3.8/site-packages/airflow/example_dags/example_subdag_operator.py
[2026-07-06T16:33:13.309+0000] {logging_mixin.py:188} INFO - [2026-07-06T16:33:13.308+0000] {dag.py:3036} INFO - Sync 3 DAGs
[2026-07-06T16:33:13.368+0000] {logging_mixin.py:188} INFO - [2026-07-06T16:33:13.368+0000] {dag.py:3823} INFO - Setting next_dagrun for example_subdag_operator to 2022-01-01 00:00:00+00:00, run_after=2022-01-01 00:00:00+00:00
[2026-07-06T16:33:13.376+0000] {logging_mixin.py:188} INFO - [2026-07-06T16:33:13.375+0000] {dag.py:3823} INFO - Setting next_dagrun for example_subdag_operator.section-1 to None, run_after=None
[2026-07-06T16:33:13.379+0000] {logging_mixin.py:188} INFO - [2026-07-06T16:33:13.379+0000] {dag.py:3823} INFO - Setting next_dagrun for example_subdag_operator.section-2 to None, run_after=None
[2026-07-06T16:33:13.398+0000] {logging_mixin.py:188} INFO - [2026-07-06T16:33:13.398+0000] {dag.py:3036} INFO - Sync 2 DAGs
[2026-07-06T16:33:13.409+0000] {logging_mixin.py:188} INFO - [2026-07-06T16:33:13.408+0000] {dag.py:3823} INFO - Setting next_dagrun for example_subdag_operator.section-1 to None, run_after=None
[2026-07-06T16:33:13.409+0000] {logging_mixin.py:188} INFO - [2026-07-06T16:33:13.409+0000] {dag.py:3823} INFO - Setting next_dagrun for example_subdag_operator.section-2 to None, run_after=None
[2026-07-06T16:33:13.431+0000] {processor.py:183} INFO - Processing /home/airflow/.local/lib/python3.8/site-packages/airflow/example_dags/example_subdag_operator.py took 0.293 seconds
[2026-07-06T16:33:43.577+0000] {processor.py:161} INFO - Started process (PID=1368) to work on /home/airflow/.local/lib/python3.8/site-packages/airflow/example_dags/example_subdag_operator.py
[2026-07-06T16:33:43.580+0000] {processor.py:830} INFO - Processing file /home/airflow/.local/lib/python3.8/site-packages/airflow/example_dags/example_subdag_operator.py for tasks to queue
[2026-07-06T16:33:43.584+0000] {logging_mixin.py:188} INFO - [2026-07-06T16:33:43.584+0000] {dagbag.py:538} INFO - Filling up the DagBag from /home/airflow/.local/lib/python3.8/site-packages/airflow/example_dags/example_subdag_operator.py
[2026-07-06T16:33:43.645+0000] {processor.py:840} INFO - DAG(s) 'example_subdag_operator.section-1', 'example_subdag_operator.section-2', 'example_subdag_operator' retrieved from /home/airflow/.local/lib/python3.8/site-packages/airflow/example_dags/example_subdag_operator.py
[2026-07-06T16:33:43.703+0000] {logging_mixin.py:188} INFO - [2026-07-06T16:33:43.702+0000] {dag.py:3036} INFO - Sync 3 DAGs
[2026-07-06T16:33:43.787+0000] {logging_mixin.py:188} INFO - [2026-07-06T16:33:43.787+0000] {dag.py:3823} INFO - Setting next_dagrun for example_subdag_operator to 2022-01-01 00:00:00+00:00, run_after=2022-01-01 00:00:00+00:00
[2026-07-06T16:33:43.796+0000] {logging_mixin.py:188} INFO - [2026-07-06T16:33:43.796+0000] {dag.py:3823} INFO - Setting next_dagrun for example_subdag_operator.section-1 to None, run_after=None
[2026-07-06T16:33:43.799+0000] {logging_mixin.py:188} INFO - [2026-07-06T16:33:43.799+0000] {dag.py:3823} INFO - Setting next_dagrun for example_subdag_operator.section-2 to None, run_after=None
[2026-07-06T16:33:43.815+0000] {logging_mixin.py:188} INFO - [2026-07-06T16:33:43.815+0000] {dag.py:3036} INFO - Sync 2 DAGs
[2026-07-06T16:33:43.826+0000] {logging_mixin.py:188} INFO - [2026-07-06T16:33:43.825+0000] {dag.py:3823} INFO - Setting next_dagrun for example_subdag_operator.section-1 to None, run_after=None
[2026-07-06T16:33:43.826+0000] {logging_mixin.py:188} INFO - [2026-07-06T16:33:43.826+0000] {dag.py:3823} INFO - Setting next_dagrun for example_subdag_operator.section-2 to None, run_after=None
[2026-07-06T16:33:43.852+0000] {processor.py:183} INFO - Processing /home/airflow/.local/lib/python3.8/site-packages/airflow/example_dags/example_subdag_operator.py took 0.293 seconds
[2026-07-06T16:34:14.035+0000] {processor.py:161} INFO - Started process (PID=1432) to work on /home/airflow/.local/lib/python3.8/site-packages/airflow/example_dags/example_subdag_operator.py
[2026-07-06T16:34:14.037+0000] {processor.py:830} INFO - Processing file /home/airflow/.local/lib/python3.8/site-packages/airflow/example_dags/example_subdag_operator.py for tasks to queue
[2026-07-06T16:34:14.041+0000] {logging_mixin.py:188} INFO - [2026-07-06T16:34:14.040+0000] {dagbag.py:538} INFO - Filling up the DagBag from /home/airflow/.local/lib/python3.8/site-packages/airflow/example_dags/example_subdag_operator.py
[2026-07-06T16:34:14.103+0000] {processor.py:840} INFO - DAG(s) 'example_subdag_operator.section-1', 'example_subdag_operator.section-2', 'example_subdag_operator' retrieved from /home/airflow/.local/lib/python3.8/site-packages/airflow/example_dags/example_subdag_operator.py
[2026-07-06T16:34:14.144+0000] {logging_mixin.py:188} INFO - [2026-07-06T16:34:14.143+0000] {dag.py:3036} INFO - Sync 3 DAGs
[2026-07-06T16:34:14.225+0000] {logging_mixin.py:188} INFO - [2026-07-06T16:34:14.225+0000] {dag.py:3823} INFO - Setting next_dagrun for example_subdag_operator to 2022-01-01 00:00:00+00:00, run_after=2022-01-01 00:00:00+00:00
[2026-07-06T16:34:14.236+0000] {logging_mixin.py:188} INFO - [2026-07-06T16:34:14.236+0000] {dag.py:3823} INFO - Setting next_dagrun for example_subdag_operator.section-1 to None, run_after=None
[2026-07-06T16:34:14.241+0000] {logging_mixin.py:188} INFO - [2026-07-06T16:34:14.240+0000] {dag.py:3823} INFO - Setting next_dagrun for example_subdag_operator.section-2 to None, run_after=None
[2026-07-06T16:34:14.262+0000] {logging_mixin.py:188} INFO - [2026-07-06T16:34:14.262+0000] {dag.py:3036} INFO - Sync 2 DAGs
[2026-07-06T16:34:14.274+0000] {logging_mixin.py:188} INFO - [2026-07-06T16:34:14.274+0000] {dag.py:3823} INFO - Setting next_dagrun for example_subdag_operator.section-1 to None, run_after=None
[2026-07-06T16:34:14.275+0000] {logging_mixin.py:188} INFO - [2026-07-06T16:34:14.275+0000] {dag.py:3823} INFO - Setting next_dagrun for example_subdag_operator.section-2 to None, run_after=None
[2026-07-06T16:34:14.304+0000] {processor.py:183} INFO - Processing /home/airflow/.local/lib/python3.8/site-packages/airflow/example_dags/example_subdag_operator.py took 0.278 seconds
[2026-07-06T16:34:44.575+0000] {processor.py:161} INFO - Started process (PID=1490) to work on /home/airflow/.local/lib/python3.8/site-packages/airflow/example_dags/example_subdag_operator.py
[2026-07-06T16:34:44.579+0000] {processor.py:830} INFO - Processing file /home/airflow/.local/lib/python3.8/site-packages/airflow/example_dags/example_subdag_operator.py for tasks to queue
[2026-07-06T16:34:44.585+0000] {logging_mixin.py:188} INFO - [2026-07-06T16:34:44.584+0000] {dagbag.py:538} INFO - Filling up the DagBag from /home/airflow/.local/lib/python3.8/site-packages/airflow/example_dags/example_subdag_operator.py
[2026-07-06T16:34:44.659+0000] {processor.py:840} INFO - DAG(s) 'example_subdag_operator.section-1', 'example_subdag_operator.section-2', 'example_subdag_operator' retrieved from /home/airflow/.local/lib/python3.8/site-packages/airflow/example_dags/example_subdag_operator.py
[2026-07-06T16:34:44.712+0000] {logging_mixin.py:188} INFO - [2026-07-06T16:34:44.711+0000] {dag.py:3036} INFO - Sync 3 DAGs
[2026-07-06T16:34:44.770+0000] {logging_mixin.py:188} INFO - [2026-07-06T16:34:44.769+0000] {dag.py:3823} INFO - Setting next_dagrun for example_subdag_operator to 2022-01-01 00:00:00+00:00, run_after=2022-01-01 00:00:00+00:00
[2026-07-06T16:34:44.784+0000] {logging_mixin.py:188} INFO - [2026-07-06T16:34:44.783+0000] {dag.py:3823} INFO - Setting next_dagrun for example_subdag_operator.section-1 to None, run_after=None
[2026-07-06T16:34:44.788+0000] {logging_mixin.py:188} INFO - [2026-07-06T16:34:44.787+0000] {dag.py:3823} INFO - Setting next_dagrun for example_subdag_operator.section-2 to None, run_after=None
[2026-07-06T16:34:44.811+0000] {logging_mixin.py:188} INFO - [2026-07-06T16:34:44.810+0000] {dag.py:3036} INFO - Sync 2 DAGs
[2026-07-06T16:34:44.827+0000] {logging_mixin.py:188} INFO - [2026-07-06T16:34:44.827+0000] {dag.py:3823} INFO - Setting next_dagrun for example_subdag_operator.section-1 to None, run_after=None
[2026-07-06T16:34:44.828+0000] {logging_mixin.py:188} INFO - [2026-07-06T16:34:44.828+0000] {dag.py:3823} INFO - Setting next_dagrun for example_subdag_operator.section-2 to None, run_after=None
[2026-07-06T16:34:44.858+0000] {processor.py:183} INFO - Processing /home/airflow/.local/lib/python3.8/site-packages/airflow/example_dags/example_subdag_operator.py took 0.303 seconds
[2026-07-06T16:35:14.999+0000] {processor.py:161} INFO - Started process (PID=1555) to work on /home/airflow/.local/lib/python3.8/site-packages/airflow/example_dags/example_subdag_operator.py
[2026-07-06T16:35:15.002+0000] {processor.py:830} INFO - Processing file /home/airflow/.local/lib/python3.8/site-packages/airflow/example_dags/example_subdag_operator.py for tasks to queue
[2026-07-06T16:35:15.006+0000] {logging_mixin.py:188} INFO - [2026-07-06T16:35:15.006+0000] {dagbag.py:538} INFO - Filling up the DagBag from /home/airflow/.local/lib/python3.8/site-packages/airflow/example_dags/example_subdag_operator.py
[2026-07-06T16:35:15.058+0000] {processor.py:840} INFO - DAG(s) 'example_subdag_operator.section-1', 'example_subdag_operator.section-2', 'example_subdag_operator' retrieved from /home/airflow/.local/lib/python3.8/site-packages/airflow/example_dags/example_subdag_operator.py
[2026-07-06T16:35:15.089+0000] {logging_mixin.py:188} INFO - [2026-07-06T16:35:15.089+0000] {dag.py:3036} INFO - Sync 3 DAGs
[2026-07-06T16:35:15.130+0000] {logging_mixin.py:188} INFO - [2026-07-06T16:35:15.130+0000] {dag.py:3823} INFO - Setting next_dagrun for example_subdag_operator to 2022-01-01 00:00:00+00:00, run_after=2022-01-01 00:00:00+00:00
[2026-07-06T16:35:15.152+0000] {logging_mixin.py:188} INFO - [2026-07-06T16:35:15.151+0000] {dag.py:3823} INFO - Setting next_dagrun for example_subdag_operator.section-1 to None, run_after=None
[2026-07-06T16:35:15.155+0000] {logging_mixin.py:188} INFO - [2026-07-06T16:35:15.155+0000] {dag.py:3823} INFO - Setting next_dagrun for example_subdag_operator.section-2 to None, run_after=None
[2026-07-06T16:35:15.177+0000] {logging_mixin.py:188} INFO - [2026-07-06T16:35:15.177+0000] {dag.py:3036} INFO - Sync 2 DAGs
[2026-07-06T16:35:15.192+0000] {logging_mixin.py:188} INFO - [2026-07-06T16:35:15.191+0000] {dag.py:3823} INFO - Setting next_dagrun for example_subdag_operator.section-1 to None, run_after=None
[2026-07-06T16:35:15.193+0000] {logging_mixin.py:188} INFO - [2026-07-06T16:35:15.193+0000] {dag.py:3823} INFO - Setting next_dagrun for example_subdag_operator.section-2 to None, run_after=None
[2026-07-06T16:35:15.229+0000] {processor.py:183} INFO - Processing /home/airflow/.local/lib/python3.8/site-packages/airflow/example_dags/example_subdag_operator.py took 0.238 seconds
