[2026-07-06T16:24:12.987+0000] {processor.py:161} INFO - Started process (PID=271) to work on /home/airflow/.local/lib/python3.8/site-packages/airflow/example_dags/example_task_group_decorator.py
[2026-07-06T16:24:12.995+0000] {processor.py:830} INFO - Processing file /home/airflow/.local/lib/python3.8/site-packages/airflow/example_dags/example_task_group_decorator.py for tasks to queue
[2026-07-06T16:24:13.016+0000] {logging_mixin.py:188} INFO - [2026-07-06T16:24:13.015+0000] {dagbag.py:538} INFO - Filling up the DagBag from /home/airflow/.local/lib/python3.8/site-packages/airflow/example_dags/example_task_group_decorator.py
[2026-07-06T16:24:13.567+0000] {processor.py:840} INFO - DAG(s) 'example_task_group_decorator' retrieved from /home/airflow/.local/lib/python3.8/site-packages/airflow/example_dags/example_task_group_decorator.py
[2026-07-06T16:24:14.768+0000] {logging_mixin.py:188} INFO - [2026-07-06T16:24:14.734+0000] {override.py:1769} INFO - Created Permission View: can read on DAG:example_task_group_decorator
[2026-07-06T16:24:14.972+0000] {logging_mixin.py:188} INFO - [2026-07-06T16:24:14.971+0000] {override.py:1769} INFO - Created Permission View: can delete on DAG:example_task_group_decorator
[2026-07-06T16:24:15.189+0000] {logging_mixin.py:188} INFO - [2026-07-06T16:24:15.184+0000] {override.py:1769} INFO - Created Permission View: can edit on DAG:example_task_group_decorator
[2026-07-06T16:24:15.206+0000] {logging_mixin.py:188} INFO - [2026-07-06T16:24:15.205+0000] {dag.py:3036} INFO - Sync 1 DAGs
[2026-07-06T16:24:15.432+0000] {logging_mixin.py:188} INFO - [2026-07-06T16:24:15.431+0000] {dag.py:3058} INFO - Creating ORM DAG for example_task_group_decorator
[2026-07-06T16:24:15.653+0000] {logging_mixin.py:188} INFO - [2026-07-06T16:24:15.652+0000] {dag.py:3823} INFO - Setting next_dagrun for example_task_group_decorator to 2026-07-05 00:00:00+00:00, run_after=2026-07-06 00:00:00+00:00
[2026-07-06T16:24:16.090+0000] {processor.py:183} INFO - Processing /home/airflow/.local/lib/python3.8/site-packages/airflow/example_dags/example_task_group_decorator.py took 3.136 seconds
[2026-07-06T16:24:54.001+0000] {processor.py:161} INFO - Started process (PID=336) to work on /home/airflow/.local/lib/python3.8/site-packages/airflow/example_dags/example_task_group_decorator.py
[2026-07-06T16:24:54.006+0000] {processor.py:830} INFO - Processing file /home/airflow/.local/lib/python3.8/site-packages/airflow/example_dags/example_task_group_decorator.py for tasks to queue
[2026-07-06T16:24:54.011+0000] {logging_mixin.py:188} INFO - [2026-07-06T16:24:54.010+0000] {dagbag.py:538} INFO - Filling up the DagBag from /home/airflow/.local/lib/python3.8/site-packages/airflow/example_dags/example_task_group_decorator.py
[2026-07-06T16:24:54.054+0000] {processor.py:840} INFO - DAG(s) 'example_task_group_decorator' retrieved from /home/airflow/.local/lib/python3.8/site-packages/airflow/example_dags/example_task_group_decorator.py
[2026-07-06T16:24:54.121+0000] {logging_mixin.py:188} INFO - [2026-07-06T16:24:54.121+0000] {dag.py:3036} INFO - Sync 1 DAGs
[2026-07-06T16:24:54.271+0000] {logging_mixin.py:188} INFO - [2026-07-06T16:24:54.270+0000] {dag.py:3823} INFO - Setting next_dagrun for example_task_group_decorator to 2026-07-05 00:00:00+00:00, run_after=2026-07-06 00:00:00+00:00
[2026-07-06T16:24:54.324+0000] {processor.py:183} INFO - Processing /home/airflow/.local/lib/python3.8/site-packages/airflow/example_dags/example_task_group_decorator.py took 0.331 seconds
[2026-07-06T16:25:27.611+0000] {processor.py:161} INFO - Started process (PID=402) to work on /home/airflow/.local/lib/python3.8/site-packages/airflow/example_dags/example_task_group_decorator.py
[2026-07-06T16:25:27.615+0000] {processor.py:830} INFO - Processing file /home/airflow/.local/lib/python3.8/site-packages/airflow/example_dags/example_task_group_decorator.py for tasks to queue
[2026-07-06T16:25:27.620+0000] {logging_mixin.py:188} INFO - [2026-07-06T16:25:27.619+0000] {dagbag.py:538} INFO - Filling up the DagBag from /home/airflow/.local/lib/python3.8/site-packages/airflow/example_dags/example_task_group_decorator.py
[2026-07-06T16:25:27.668+0000] {processor.py:840} INFO - DAG(s) 'example_task_group_decorator' retrieved from /home/airflow/.local/lib/python3.8/site-packages/airflow/example_dags/example_task_group_decorator.py
[2026-07-06T16:25:27.743+0000] {logging_mixin.py:188} INFO - [2026-07-06T16:25:27.742+0000] {dag.py:3036} INFO - Sync 1 DAGs
[2026-07-06T16:25:27.813+0000] {logging_mixin.py:188} INFO - [2026-07-06T16:25:27.812+0000] {dag.py:3823} INFO - Setting next_dagrun for example_task_group_decorator to 2026-07-05 00:00:00+00:00, run_after=2026-07-06 00:00:00+00:00
[2026-07-06T16:25:27.870+0000] {processor.py:183} INFO - Processing /home/airflow/.local/lib/python3.8/site-packages/airflow/example_dags/example_task_group_decorator.py took 0.278 seconds
[2026-07-06T16:25:58.147+0000] {processor.py:161} INFO - Started process (PID=459) to work on /home/airflow/.local/lib/python3.8/site-packages/airflow/example_dags/example_task_group_decorator.py
[2026-07-06T16:25:58.154+0000] {processor.py:830} INFO - Processing file /home/airflow/.local/lib/python3.8/site-packages/airflow/example_dags/example_task_group_decorator.py for tasks to queue
[2026-07-06T16:25:58.159+0000] {logging_mixin.py:188} INFO - [2026-07-06T16:25:58.158+0000] {dagbag.py:538} INFO - Filling up the DagBag from /home/airflow/.local/lib/python3.8/site-packages/airflow/example_dags/example_task_group_decorator.py
[2026-07-06T16:25:58.213+0000] {processor.py:840} INFO - DAG(s) 'example_task_group_decorator' retrieved from /home/airflow/.local/lib/python3.8/site-packages/airflow/example_dags/example_task_group_decorator.py
[2026-07-06T16:25:58.289+0000] {logging_mixin.py:188} INFO - [2026-07-06T16:25:58.289+0000] {dag.py:3036} INFO - Sync 1 DAGs
[2026-07-06T16:25:58.363+0000] {logging_mixin.py:188} INFO - [2026-07-06T16:25:58.362+0000] {dag.py:3823} INFO - Setting next_dagrun for example_task_group_decorator to 2026-07-05 00:00:00+00:00, run_after=2026-07-06 00:00:00+00:00
[2026-07-06T16:25:58.435+0000] {processor.py:183} INFO - Processing /home/airflow/.local/lib/python3.8/site-packages/airflow/example_dags/example_task_group_decorator.py took 0.297 seconds
[2026-07-06T16:26:28.691+0000] {processor.py:161} INFO - Started process (PID=525) to work on /home/airflow/.local/lib/python3.8/site-packages/airflow/example_dags/example_task_group_decorator.py
[2026-07-06T16:26:28.693+0000] {processor.py:830} INFO - Processing file /home/airflow/.local/lib/python3.8/site-packages/airflow/example_dags/example_task_group_decorator.py for tasks to queue
[2026-07-06T16:26:28.699+0000] {logging_mixin.py:188} INFO - [2026-07-06T16:26:28.698+0000] {dagbag.py:538} INFO - Filling up the DagBag from /home/airflow/.local/lib/python3.8/site-packages/airflow/example_dags/example_task_group_decorator.py
[2026-07-06T16:26:28.745+0000] {processor.py:840} INFO - DAG(s) 'example_task_group_decorator' retrieved from /home/airflow/.local/lib/python3.8/site-packages/airflow/example_dags/example_task_group_decorator.py
[2026-07-06T16:26:28.829+0000] {logging_mixin.py:188} INFO - [2026-07-06T16:26:28.829+0000] {dag.py:3036} INFO - Sync 1 DAGs
[2026-07-06T16:26:28.912+0000] {logging_mixin.py:188} INFO - [2026-07-06T16:26:28.911+0000] {dag.py:3823} INFO - Setting next_dagrun for example_task_group_decorator to 2026-07-05 00:00:00+00:00, run_after=2026-07-06 00:00:00+00:00
[2026-07-06T16:26:28.968+0000] {processor.py:183} INFO - Processing /home/airflow/.local/lib/python3.8/site-packages/airflow/example_dags/example_task_group_decorator.py took 0.287 seconds
[2026-07-06T16:26:59.175+0000] {processor.py:161} INFO - Started process (PID=591) to work on /home/airflow/.local/lib/python3.8/site-packages/airflow/example_dags/example_task_group_decorator.py
[2026-07-06T16:26:59.178+0000] {processor.py:830} INFO - Processing file /home/airflow/.local/lib/python3.8/site-packages/airflow/example_dags/example_task_group_decorator.py for tasks to queue
[2026-07-06T16:26:59.182+0000] {logging_mixin.py:188} INFO - [2026-07-06T16:26:59.181+0000] {dagbag.py:538} INFO - Filling up the DagBag from /home/airflow/.local/lib/python3.8/site-packages/airflow/example_dags/example_task_group_decorator.py
[2026-07-06T16:26:59.232+0000] {processor.py:840} INFO - DAG(s) 'example_task_group_decorator' retrieved from /home/airflow/.local/lib/python3.8/site-packages/airflow/example_dags/example_task_group_decorator.py
[2026-07-06T16:26:59.339+0000] {logging_mixin.py:188} INFO - [2026-07-06T16:26:59.339+0000] {dag.py:3036} INFO - Sync 1 DAGs
[2026-07-06T16:26:59.422+0000] {logging_mixin.py:188} INFO - [2026-07-06T16:26:59.419+0000] {dag.py:3823} INFO - Setting next_dagrun for example_task_group_decorator to 2026-07-05 00:00:00+00:00, run_after=2026-07-06 00:00:00+00:00
[2026-07-06T16:26:59.469+0000] {processor.py:183} INFO - Processing /home/airflow/.local/lib/python3.8/site-packages/airflow/example_dags/example_task_group_decorator.py took 0.303 seconds
[2026-07-06T16:27:33.757+0000] {processor.py:161} INFO - Started process (PID=657) to work on /home/airflow/.local/lib/python3.8/site-packages/airflow/example_dags/example_task_group_decorator.py
[2026-07-06T16:27:33.760+0000] {processor.py:830} INFO - Processing file /home/airflow/.local/lib/python3.8/site-packages/airflow/example_dags/example_task_group_decorator.py for tasks to queue
[2026-07-06T16:27:33.765+0000] {logging_mixin.py:188} INFO - [2026-07-06T16:27:33.764+0000] {dagbag.py:538} INFO - Filling up the DagBag from /home/airflow/.local/lib/python3.8/site-packages/airflow/example_dags/example_task_group_decorator.py
[2026-07-06T16:27:33.802+0000] {processor.py:840} INFO - DAG(s) 'example_task_group_decorator' retrieved from /home/airflow/.local/lib/python3.8/site-packages/airflow/example_dags/example_task_group_decorator.py
[2026-07-06T16:27:33.857+0000] {logging_mixin.py:188} INFO - [2026-07-06T16:27:33.857+0000] {dag.py:3036} INFO - Sync 1 DAGs
[2026-07-06T16:27:33.902+0000] {logging_mixin.py:188} INFO - [2026-07-06T16:27:33.901+0000] {dag.py:3823} INFO - Setting next_dagrun for example_task_group_decorator to 2026-07-05 00:00:00+00:00, run_after=2026-07-06 00:00:00+00:00
[2026-07-06T16:27:33.944+0000] {processor.py:183} INFO - Processing /home/airflow/.local/lib/python3.8/site-packages/airflow/example_dags/example_task_group_decorator.py took 0.196 seconds
[2026-07-06T16:28:12.159+0000] {processor.py:161} INFO - Started process (PID=723) to work on /home/airflow/.local/lib/python3.8/site-packages/airflow/example_dags/example_task_group_decorator.py
[2026-07-06T16:28:12.162+0000] {processor.py:830} INFO - Processing file /home/airflow/.local/lib/python3.8/site-packages/airflow/example_dags/example_task_group_decorator.py for tasks to queue
[2026-07-06T16:28:12.169+0000] {logging_mixin.py:188} INFO - [2026-07-06T16:28:12.169+0000] {dagbag.py:538} INFO - Filling up the DagBag from /home/airflow/.local/lib/python3.8/site-packages/airflow/example_dags/example_task_group_decorator.py
[2026-07-06T16:28:12.238+0000] {processor.py:840} INFO - DAG(s) 'example_task_group_decorator' retrieved from /home/airflow/.local/lib/python3.8/site-packages/airflow/example_dags/example_task_group_decorator.py
[2026-07-06T16:28:12.307+0000] {logging_mixin.py:188} INFO - [2026-07-06T16:28:12.307+0000] {dag.py:3036} INFO - Sync 1 DAGs
[2026-07-06T16:28:12.378+0000] {logging_mixin.py:188} INFO - [2026-07-06T16:28:12.378+0000] {dag.py:3823} INFO - Setting next_dagrun for example_task_group_decorator to 2026-07-05 00:00:00+00:00, run_after=2026-07-06 00:00:00+00:00
[2026-07-06T16:28:12.440+0000] {processor.py:183} INFO - Processing /home/airflow/.local/lib/python3.8/site-packages/airflow/example_dags/example_task_group_decorator.py took 0.296 seconds
[2026-07-06T16:28:57.971+0000] {processor.py:161} INFO - Started process (PID=799) to work on /home/airflow/.local/lib/python3.8/site-packages/airflow/example_dags/example_task_group_decorator.py
[2026-07-06T16:28:57.991+0000] {processor.py:830} INFO - Processing file /home/airflow/.local/lib/python3.8/site-packages/airflow/example_dags/example_task_group_decorator.py for tasks to queue
[2026-07-06T16:28:58.006+0000] {logging_mixin.py:188} INFO - [2026-07-06T16:28:58.005+0000] {dagbag.py:538} INFO - Filling up the DagBag from /home/airflow/.local/lib/python3.8/site-packages/airflow/example_dags/example_task_group_decorator.py
[2026-07-06T16:28:58.363+0000] {processor.py:840} INFO - DAG(s) 'example_task_group_decorator' retrieved from /home/airflow/.local/lib/python3.8/site-packages/airflow/example_dags/example_task_group_decorator.py
[2026-07-06T16:28:58.576+0000] {logging_mixin.py:188} INFO - [2026-07-06T16:28:58.575+0000] {dag.py:3036} INFO - Sync 1 DAGs
[2026-07-06T16:28:58.801+0000] {logging_mixin.py:188} INFO - [2026-07-06T16:28:58.800+0000] {dag.py:3823} INFO - Setting next_dagrun for example_task_group_decorator to 2026-07-05 00:00:00+00:00, run_after=2026-07-06 00:00:00+00:00
[2026-07-06T16:28:58.958+0000] {processor.py:183} INFO - Processing /home/airflow/.local/lib/python3.8/site-packages/airflow/example_dags/example_task_group_decorator.py took 1.007 seconds
[2026-07-06T16:29:29.454+0000] {processor.py:161} INFO - Started process (PID=865) to work on /home/airflow/.local/lib/python3.8/site-packages/airflow/example_dags/example_task_group_decorator.py
[2026-07-06T16:29:29.458+0000] {processor.py:830} INFO - Processing file /home/airflow/.local/lib/python3.8/site-packages/airflow/example_dags/example_task_group_decorator.py for tasks to queue
[2026-07-06T16:29:29.462+0000] {logging_mixin.py:188} INFO - [2026-07-06T16:29:29.461+0000] {dagbag.py:538} INFO - Filling up the DagBag from /home/airflow/.local/lib/python3.8/site-packages/airflow/example_dags/example_task_group_decorator.py
[2026-07-06T16:29:29.512+0000] {processor.py:840} INFO - DAG(s) 'example_task_group_decorator' retrieved from /home/airflow/.local/lib/python3.8/site-packages/airflow/example_dags/example_task_group_decorator.py
[2026-07-06T16:29:29.577+0000] {logging_mixin.py:188} INFO - [2026-07-06T16:29:29.576+0000] {dag.py:3036} INFO - Sync 1 DAGs
[2026-07-06T16:29:29.626+0000] {logging_mixin.py:188} INFO - [2026-07-06T16:29:29.626+0000] {dag.py:3823} INFO - Setting next_dagrun for example_task_group_decorator to 2026-07-05 00:00:00+00:00, run_after=2026-07-06 00:00:00+00:00
[2026-07-06T16:29:29.661+0000] {processor.py:183} INFO - Processing /home/airflow/.local/lib/python3.8/site-packages/airflow/example_dags/example_task_group_decorator.py took 0.226 seconds
[2026-07-06T16:30:00.758+0000] {processor.py:161} INFO - Started process (PID=931) to work on /home/airflow/.local/lib/python3.8/site-packages/airflow/example_dags/example_task_group_decorator.py
[2026-07-06T16:30:00.760+0000] {processor.py:830} INFO - Processing file /home/airflow/.local/lib/python3.8/site-packages/airflow/example_dags/example_task_group_decorator.py for tasks to queue
[2026-07-06T16:30:00.766+0000] {logging_mixin.py:188} INFO - [2026-07-06T16:30:00.765+0000] {dagbag.py:538} INFO - Filling up the DagBag from /home/airflow/.local/lib/python3.8/site-packages/airflow/example_dags/example_task_group_decorator.py
[2026-07-06T16:30:00.820+0000] {processor.py:840} INFO - DAG(s) 'example_task_group_decorator' retrieved from /home/airflow/.local/lib/python3.8/site-packages/airflow/example_dags/example_task_group_decorator.py
[2026-07-06T16:30:00.907+0000] {logging_mixin.py:188} INFO - [2026-07-06T16:30:00.906+0000] {dag.py:3036} INFO - Sync 1 DAGs
[2026-07-06T16:30:01.007+0000] {logging_mixin.py:188} INFO - [2026-07-06T16:30:01.006+0000] {dag.py:3823} INFO - Setting next_dagrun for example_task_group_decorator to 2026-07-05 00:00:00+00:00, run_after=2026-07-06 00:00:00+00:00
[2026-07-06T16:30:01.059+0000] {processor.py:183} INFO - Processing /home/airflow/.local/lib/python3.8/site-packages/airflow/example_dags/example_task_group_decorator.py took 0.311 seconds
[2026-07-06T16:30:31.728+0000] {processor.py:161} INFO - Started process (PID=997) to work on /home/airflow/.local/lib/python3.8/site-packages/airflow/example_dags/example_task_group_decorator.py
[2026-07-06T16:30:31.730+0000] {processor.py:830} INFO - Processing file /home/airflow/.local/lib/python3.8/site-packages/airflow/example_dags/example_task_group_decorator.py for tasks to queue
[2026-07-06T16:30:31.734+0000] {logging_mixin.py:188} INFO - [2026-07-06T16:30:31.734+0000] {dagbag.py:538} INFO - Filling up the DagBag from /home/airflow/.local/lib/python3.8/site-packages/airflow/example_dags/example_task_group_decorator.py
[2026-07-06T16:30:31.774+0000] {processor.py:840} INFO - DAG(s) 'example_task_group_decorator' retrieved from /home/airflow/.local/lib/python3.8/site-packages/airflow/example_dags/example_task_group_decorator.py
[2026-07-06T16:30:31.832+0000] {logging_mixin.py:188} INFO - [2026-07-06T16:30:31.832+0000] {dag.py:3036} INFO - Sync 1 DAGs
[2026-07-06T16:30:31.926+0000] {logging_mixin.py:188} INFO - [2026-07-06T16:30:31.925+0000] {dag.py:3823} INFO - Setting next_dagrun for example_task_group_decorator to 2026-07-05 00:00:00+00:00, run_after=2026-07-06 00:00:00+00:00
[2026-07-06T16:30:31.993+0000] {processor.py:183} INFO - Processing /home/airflow/.local/lib/python3.8/site-packages/airflow/example_dags/example_task_group_decorator.py took 0.274 seconds
[2026-07-06T16:31:02.241+0000] {processor.py:161} INFO - Started process (PID=1056) to work on /home/airflow/.local/lib/python3.8/site-packages/airflow/example_dags/example_task_group_decorator.py
[2026-07-06T16:31:02.244+0000] {processor.py:830} INFO - Processing file /home/airflow/.local/lib/python3.8/site-packages/airflow/example_dags/example_task_group_decorator.py for tasks to queue
[2026-07-06T16:31:02.247+0000] {logging_mixin.py:188} INFO - [2026-07-06T16:31:02.247+0000] {dagbag.py:538} INFO - Filling up the DagBag from /home/airflow/.local/lib/python3.8/site-packages/airflow/example_dags/example_task_group_decorator.py
[2026-07-06T16:31:02.275+0000] {processor.py:840} INFO - DAG(s) 'example_task_group_decorator' retrieved from /home/airflow/.local/lib/python3.8/site-packages/airflow/example_dags/example_task_group_decorator.py
[2026-07-06T16:31:02.331+0000] {logging_mixin.py:188} INFO - [2026-07-06T16:31:02.330+0000] {dag.py:3036} INFO - Sync 1 DAGs
[2026-07-06T16:31:02.376+0000] {logging_mixin.py:188} INFO - [2026-07-06T16:31:02.375+0000] {dag.py:3823} INFO - Setting next_dagrun for example_task_group_decorator to 2026-07-05 00:00:00+00:00, run_after=2026-07-06 00:00:00+00:00
[2026-07-06T16:31:02.419+0000] {processor.py:183} INFO - Processing /home/airflow/.local/lib/python3.8/site-packages/airflow/example_dags/example_task_group_decorator.py took 0.187 seconds
[2026-07-06T16:31:33.327+0000] {processor.py:161} INFO - Started process (PID=1121) to work on /home/airflow/.local/lib/python3.8/site-packages/airflow/example_dags/example_task_group_decorator.py
[2026-07-06T16:31:33.329+0000] {processor.py:830} INFO - Processing file /home/airflow/.local/lib/python3.8/site-packages/airflow/example_dags/example_task_group_decorator.py for tasks to queue
[2026-07-06T16:31:33.341+0000] {logging_mixin.py:188} INFO - [2026-07-06T16:31:33.340+0000] {dagbag.py:538} INFO - Filling up the DagBag from /home/airflow/.local/lib/python3.8/site-packages/airflow/example_dags/example_task_group_decorator.py
[2026-07-06T16:31:33.409+0000] {processor.py:840} INFO - DAG(s) 'example_task_group_decorator' retrieved from /home/airflow/.local/lib/python3.8/site-packages/airflow/example_dags/example_task_group_decorator.py
[2026-07-06T16:31:33.528+0000] {logging_mixin.py:188} INFO - [2026-07-06T16:31:33.527+0000] {dag.py:3036} INFO - Sync 1 DAGs
[2026-07-06T16:31:33.588+0000] {logging_mixin.py:188} INFO - [2026-07-06T16:31:33.587+0000] {dag.py:3823} INFO - Setting next_dagrun for example_task_group_decorator to 2026-07-05 00:00:00+00:00, run_after=2026-07-06 00:00:00+00:00
[2026-07-06T16:31:33.640+0000] {processor.py:183} INFO - Processing /home/airflow/.local/lib/python3.8/site-packages/airflow/example_dags/example_task_group_decorator.py took 0.322 seconds
[2026-07-06T16:32:04.167+0000] {processor.py:161} INFO - Started process (PID=1186) to work on /home/airflow/.local/lib/python3.8/site-packages/airflow/example_dags/example_task_group_decorator.py
[2026-07-06T16:32:04.175+0000] {processor.py:830} INFO - Processing file /home/airflow/.local/lib/python3.8/site-packages/airflow/example_dags/example_task_group_decorator.py for tasks to queue
[2026-07-06T16:32:04.181+0000] {logging_mixin.py:188} INFO - [2026-07-06T16:32:04.179+0000] {dagbag.py:538} INFO - Filling up the DagBag from /home/airflow/.local/lib/python3.8/site-packages/airflow/example_dags/example_task_group_decorator.py
[2026-07-06T16:32:04.243+0000] {processor.py:840} INFO - DAG(s) 'example_task_group_decorator' retrieved from /home/airflow/.local/lib/python3.8/site-packages/airflow/example_dags/example_task_group_decorator.py
[2026-07-06T16:32:04.376+0000] {logging_mixin.py:188} INFO - [2026-07-06T16:32:04.375+0000] {dag.py:3036} INFO - Sync 1 DAGs
[2026-07-06T16:32:04.477+0000] {logging_mixin.py:188} INFO - [2026-07-06T16:32:04.476+0000] {dag.py:3823} INFO - Setting next_dagrun for example_task_group_decorator to 2026-07-05 00:00:00+00:00, run_after=2026-07-06 00:00:00+00:00
[2026-07-06T16:32:04.555+0000] {processor.py:183} INFO - Processing /home/airflow/.local/lib/python3.8/site-packages/airflow/example_dags/example_task_group_decorator.py took 0.398 seconds
[2026-07-06T16:32:48.134+0000] {processor.py:161} INFO - Started process (PID=1263) to work on /home/airflow/.local/lib/python3.8/site-packages/airflow/example_dags/example_task_group_decorator.py
[2026-07-06T16:32:48.139+0000] {processor.py:830} INFO - Processing file /home/airflow/.local/lib/python3.8/site-packages/airflow/example_dags/example_task_group_decorator.py for tasks to queue
[2026-07-06T16:32:48.146+0000] {logging_mixin.py:188} INFO - [2026-07-06T16:32:48.144+0000] {dagbag.py:538} INFO - Filling up the DagBag from /home/airflow/.local/lib/python3.8/site-packages/airflow/example_dags/example_task_group_decorator.py
[2026-07-06T16:32:48.217+0000] {processor.py:840} INFO - DAG(s) 'example_task_group_decorator' retrieved from /home/airflow/.local/lib/python3.8/site-packages/airflow/example_dags/example_task_group_decorator.py
[2026-07-06T16:32:48.306+0000] {logging_mixin.py:188} INFO - [2026-07-06T16:32:48.304+0000] {dag.py:3036} INFO - Sync 1 DAGs
[2026-07-06T16:32:48.375+0000] {logging_mixin.py:188} INFO - [2026-07-06T16:32:48.374+0000] {dag.py:3823} INFO - Setting next_dagrun for example_task_group_decorator to 2026-07-05 00:00:00+00:00, run_after=2026-07-06 00:00:00+00:00
[2026-07-06T16:32:48.428+0000] {processor.py:183} INFO - Processing /home/airflow/.local/lib/python3.8/site-packages/airflow/example_dags/example_task_group_decorator.py took 0.309 seconds
[2026-07-06T16:33:18.653+0000] {processor.py:161} INFO - Started process (PID=1321) to work on /home/airflow/.local/lib/python3.8/site-packages/airflow/example_dags/example_task_group_decorator.py
[2026-07-06T16:33:18.656+0000] {processor.py:830} INFO - Processing file /home/airflow/.local/lib/python3.8/site-packages/airflow/example_dags/example_task_group_decorator.py for tasks to queue
[2026-07-06T16:33:18.661+0000] {logging_mixin.py:188} INFO - [2026-07-06T16:33:18.660+0000] {dagbag.py:538} INFO - Filling up the DagBag from /home/airflow/.local/lib/python3.8/site-packages/airflow/example_dags/example_task_group_decorator.py
[2026-07-06T16:33:18.697+0000] {processor.py:840} INFO - DAG(s) 'example_task_group_decorator' retrieved from /home/airflow/.local/lib/python3.8/site-packages/airflow/example_dags/example_task_group_decorator.py
[2026-07-06T16:33:18.760+0000] {logging_mixin.py:188} INFO - [2026-07-06T16:33:18.760+0000] {dag.py:3036} INFO - Sync 1 DAGs
[2026-07-06T16:33:18.809+0000] {logging_mixin.py:188} INFO - [2026-07-06T16:33:18.809+0000] {dag.py:3823} INFO - Setting next_dagrun for example_task_group_decorator to 2026-07-05 00:00:00+00:00, run_after=2026-07-06 00:00:00+00:00
[2026-07-06T16:33:18.855+0000] {processor.py:183} INFO - Processing /home/airflow/.local/lib/python3.8/site-packages/airflow/example_dags/example_task_group_decorator.py took 0.212 seconds
[2026-07-06T16:33:50.153+0000] {processor.py:161} INFO - Started process (PID=1386) to work on /home/airflow/.local/lib/python3.8/site-packages/airflow/example_dags/example_task_group_decorator.py
[2026-07-06T16:33:50.159+0000] {processor.py:830} INFO - Processing file /home/airflow/.local/lib/python3.8/site-packages/airflow/example_dags/example_task_group_decorator.py for tasks to queue
[2026-07-06T16:33:50.165+0000] {logging_mixin.py:188} INFO - [2026-07-06T16:33:50.164+0000] {dagbag.py:538} INFO - Filling up the DagBag from /home/airflow/.local/lib/python3.8/site-packages/airflow/example_dags/example_task_group_decorator.py
[2026-07-06T16:33:50.217+0000] {processor.py:840} INFO - DAG(s) 'example_task_group_decorator' retrieved from /home/airflow/.local/lib/python3.8/site-packages/airflow/example_dags/example_task_group_decorator.py
[2026-07-06T16:33:50.290+0000] {logging_mixin.py:188} INFO - [2026-07-06T16:33:50.289+0000] {dag.py:3036} INFO - Sync 1 DAGs
[2026-07-06T16:33:50.352+0000] {logging_mixin.py:188} INFO - [2026-07-06T16:33:50.352+0000] {dag.py:3823} INFO - Setting next_dagrun for example_task_group_decorator to 2026-07-05 00:00:00+00:00, run_after=2026-07-06 00:00:00+00:00
[2026-07-06T16:33:50.404+0000] {processor.py:183} INFO - Processing /home/airflow/.local/lib/python3.8/site-packages/airflow/example_dags/example_task_group_decorator.py took 0.261 seconds
[2026-07-06T16:34:20.921+0000] {processor.py:161} INFO - Started process (PID=1451) to work on /home/airflow/.local/lib/python3.8/site-packages/airflow/example_dags/example_task_group_decorator.py
[2026-07-06T16:34:20.924+0000] {processor.py:830} INFO - Processing file /home/airflow/.local/lib/python3.8/site-packages/airflow/example_dags/example_task_group_decorator.py for tasks to queue
[2026-07-06T16:34:20.929+0000] {logging_mixin.py:188} INFO - [2026-07-06T16:34:20.928+0000] {dagbag.py:538} INFO - Filling up the DagBag from /home/airflow/.local/lib/python3.8/site-packages/airflow/example_dags/example_task_group_decorator.py
[2026-07-06T16:34:20.968+0000] {processor.py:840} INFO - DAG(s) 'example_task_group_decorator' retrieved from /home/airflow/.local/lib/python3.8/site-packages/airflow/example_dags/example_task_group_decorator.py
[2026-07-06T16:34:21.040+0000] {logging_mixin.py:188} INFO - [2026-07-06T16:34:21.039+0000] {dag.py:3036} INFO - Sync 1 DAGs
[2026-07-06T16:34:21.105+0000] {logging_mixin.py:188} INFO - [2026-07-06T16:34:21.105+0000] {dag.py:3823} INFO - Setting next_dagrun for example_task_group_decorator to 2026-07-05 00:00:00+00:00, run_after=2026-07-06 00:00:00+00:00
[2026-07-06T16:34:21.153+0000] {processor.py:183} INFO - Processing /home/airflow/.local/lib/python3.8/site-packages/airflow/example_dags/example_task_group_decorator.py took 0.240 seconds
[2026-07-06T16:34:52.264+0000] {processor.py:161} INFO - Started process (PID=1517) to work on /home/airflow/.local/lib/python3.8/site-packages/airflow/example_dags/example_task_group_decorator.py
[2026-07-06T16:34:52.267+0000] {processor.py:830} INFO - Processing file /home/airflow/.local/lib/python3.8/site-packages/airflow/example_dags/example_task_group_decorator.py for tasks to queue
[2026-07-06T16:34:52.272+0000] {logging_mixin.py:188} INFO - [2026-07-06T16:34:52.271+0000] {dagbag.py:538} INFO - Filling up the DagBag from /home/airflow/.local/lib/python3.8/site-packages/airflow/example_dags/example_task_group_decorator.py
[2026-07-06T16:34:52.309+0000] {processor.py:840} INFO - DAG(s) 'example_task_group_decorator' retrieved from /home/airflow/.local/lib/python3.8/site-packages/airflow/example_dags/example_task_group_decorator.py
[2026-07-06T16:34:52.375+0000] {logging_mixin.py:188} INFO - [2026-07-06T16:34:52.374+0000] {dag.py:3036} INFO - Sync 1 DAGs
[2026-07-06T16:34:52.432+0000] {logging_mixin.py:188} INFO - [2026-07-06T16:34:52.432+0000] {dag.py:3823} INFO - Setting next_dagrun for example_task_group_decorator to 2026-07-05 00:00:00+00:00, run_after=2026-07-06 00:00:00+00:00
[2026-07-06T16:34:52.483+0000] {processor.py:183} INFO - Processing /home/airflow/.local/lib/python3.8/site-packages/airflow/example_dags/example_task_group_decorator.py took 0.230 seconds
