[2026-07-06T16:22:25.441+0000] {processor.py:161} INFO - Started process (PID=201) to work on /home/airflow/.local/lib/python3.8/site-packages/airflow/example_dags/example_bash_operator.py
[2026-07-06T16:22:25.457+0000] {processor.py:830} INFO - Processing file /home/airflow/.local/lib/python3.8/site-packages/airflow/example_dags/example_bash_operator.py for tasks to queue
[2026-07-06T16:22:25.504+0000] {logging_mixin.py:188} INFO - [2026-07-06T16:22:25.504+0000] {dagbag.py:538} INFO - Filling up the DagBag from /home/airflow/.local/lib/python3.8/site-packages/airflow/example_dags/example_bash_operator.py
[2026-07-06T16:22:25.716+0000] {processor.py:840} INFO - DAG(s) 'example_bash_operator' retrieved from /home/airflow/.local/lib/python3.8/site-packages/airflow/example_dags/example_bash_operator.py
[2026-07-06T16:22:27.100+0000] {logging_mixin.py:188} INFO - [2026-07-06T16:22:27.098+0000] {override.py:1769} INFO - Created Permission View: can read on DAG:example_bash_operator
[2026-07-06T16:22:27.274+0000] {logging_mixin.py:188} INFO - [2026-07-06T16:22:27.273+0000] {override.py:1769} INFO - Created Permission View: can delete on DAG:example_bash_operator
[2026-07-06T16:22:27.340+0000] {logging_mixin.py:188} INFO - [2026-07-06T16:22:27.340+0000] {override.py:1769} INFO - Created Permission View: can edit on DAG:example_bash_operator
[2026-07-06T16:22:27.342+0000] {logging_mixin.py:188} INFO - [2026-07-06T16:22:27.341+0000] {dag.py:3036} INFO - Sync 1 DAGs
[2026-07-06T16:22:27.488+0000] {logging_mixin.py:188} INFO - [2026-07-06T16:22:27.488+0000] {dag.py:3058} INFO - Creating ORM DAG for example_bash_operator
[2026-07-06T16:22:27.526+0000] {logging_mixin.py:188} INFO - [2026-07-06T16:22:27.525+0000] {dag.py:3823} INFO - Setting next_dagrun for example_bash_operator to 2026-07-05 00:00:00+00:00, run_after=2026-07-06 00:00:00+00:00
[2026-07-06T16:22:27.654+0000] {processor.py:183} INFO - Processing /home/airflow/.local/lib/python3.8/site-packages/airflow/example_dags/example_bash_operator.py took 2.275 seconds
[2026-07-06T16:24:42.220+0000] {processor.py:161} INFO - Started process (PID=307) to work on /home/airflow/.local/lib/python3.8/site-packages/airflow/example_dags/example_bash_operator.py
[2026-07-06T16:24:42.228+0000] {processor.py:830} INFO - Processing file /home/airflow/.local/lib/python3.8/site-packages/airflow/example_dags/example_bash_operator.py for tasks to queue
[2026-07-06T16:24:42.239+0000] {logging_mixin.py:188} INFO - [2026-07-06T16:24:42.238+0000] {dagbag.py:538} INFO - Filling up the DagBag from /home/airflow/.local/lib/python3.8/site-packages/airflow/example_dags/example_bash_operator.py
[2026-07-06T16:24:42.350+0000] {processor.py:840} INFO - DAG(s) 'example_bash_operator' retrieved from /home/airflow/.local/lib/python3.8/site-packages/airflow/example_dags/example_bash_operator.py
[2026-07-06T16:24:42.745+0000] {logging_mixin.py:188} INFO - [2026-07-06T16:24:42.745+0000] {dag.py:3036} INFO - Sync 1 DAGs
[2026-07-06T16:24:42.993+0000] {logging_mixin.py:188} INFO - [2026-07-06T16:24:42.993+0000] {dag.py:3823} INFO - Setting next_dagrun for example_bash_operator to 2026-07-05 00:00:00+00:00, run_after=2026-07-06 00:00:00+00:00
[2026-07-06T16:24:43.176+0000] {processor.py:183} INFO - Processing /home/airflow/.local/lib/python3.8/site-packages/airflow/example_dags/example_bash_operator.py took 0.995 seconds
[2026-07-06T16:25:14.166+0000] {processor.py:161} INFO - Started process (PID=364) to work on /home/airflow/.local/lib/python3.8/site-packages/airflow/example_dags/example_bash_operator.py
[2026-07-06T16:25:14.194+0000] {processor.py:830} INFO - Processing file /home/airflow/.local/lib/python3.8/site-packages/airflow/example_dags/example_bash_operator.py for tasks to queue
[2026-07-06T16:25:14.204+0000] {logging_mixin.py:188} INFO - [2026-07-06T16:25:14.203+0000] {dagbag.py:538} INFO - Filling up the DagBag from /home/airflow/.local/lib/python3.8/site-packages/airflow/example_dags/example_bash_operator.py
[2026-07-06T16:25:14.485+0000] {processor.py:840} INFO - DAG(s) 'example_bash_operator' retrieved from /home/airflow/.local/lib/python3.8/site-packages/airflow/example_dags/example_bash_operator.py
[2026-07-06T16:25:15.234+0000] {logging_mixin.py:188} INFO - [2026-07-06T16:25:15.223+0000] {dag.py:3036} INFO - Sync 1 DAGs
[2026-07-06T16:25:15.745+0000] {logging_mixin.py:188} INFO - [2026-07-06T16:25:15.737+0000] {dag.py:3823} INFO - Setting next_dagrun for example_bash_operator to 2026-07-05 00:00:00+00:00, run_after=2026-07-06 00:00:00+00:00
[2026-07-06T16:25:15.826+0000] {processor.py:183} INFO - Processing /home/airflow/.local/lib/python3.8/site-packages/airflow/example_dags/example_bash_operator.py took 1.721 seconds
[2026-07-06T16:25:45.970+0000] {processor.py:161} INFO - Started process (PID=429) to work on /home/airflow/.local/lib/python3.8/site-packages/airflow/example_dags/example_bash_operator.py
[2026-07-06T16:25:45.972+0000] {processor.py:830} INFO - Processing file /home/airflow/.local/lib/python3.8/site-packages/airflow/example_dags/example_bash_operator.py for tasks to queue
[2026-07-06T16:25:45.977+0000] {logging_mixin.py:188} INFO - [2026-07-06T16:25:45.976+0000] {dagbag.py:538} INFO - Filling up the DagBag from /home/airflow/.local/lib/python3.8/site-packages/airflow/example_dags/example_bash_operator.py
[2026-07-06T16:25:46.017+0000] {processor.py:840} INFO - DAG(s) 'example_bash_operator' retrieved from /home/airflow/.local/lib/python3.8/site-packages/airflow/example_dags/example_bash_operator.py
[2026-07-06T16:25:46.150+0000] {logging_mixin.py:188} INFO - [2026-07-06T16:25:46.149+0000] {dag.py:3036} INFO - Sync 1 DAGs
[2026-07-06T16:25:46.207+0000] {logging_mixin.py:188} INFO - [2026-07-06T16:25:46.207+0000] {dag.py:3823} INFO - Setting next_dagrun for example_bash_operator to 2026-07-05 00:00:00+00:00, run_after=2026-07-06 00:00:00+00:00
[2026-07-06T16:25:46.483+0000] {processor.py:183} INFO - Processing /home/airflow/.local/lib/python3.8/site-packages/airflow/example_dags/example_bash_operator.py took 0.522 seconds
[2026-07-06T16:26:16.581+0000] {processor.py:161} INFO - Started process (PID=495) to work on /home/airflow/.local/lib/python3.8/site-packages/airflow/example_dags/example_bash_operator.py
[2026-07-06T16:26:16.590+0000] {processor.py:830} INFO - Processing file /home/airflow/.local/lib/python3.8/site-packages/airflow/example_dags/example_bash_operator.py for tasks to queue
[2026-07-06T16:26:16.596+0000] {logging_mixin.py:188} INFO - [2026-07-06T16:26:16.595+0000] {dagbag.py:538} INFO - Filling up the DagBag from /home/airflow/.local/lib/python3.8/site-packages/airflow/example_dags/example_bash_operator.py
[2026-07-06T16:26:16.650+0000] {processor.py:840} INFO - DAG(s) 'example_bash_operator' retrieved from /home/airflow/.local/lib/python3.8/site-packages/airflow/example_dags/example_bash_operator.py
[2026-07-06T16:26:17.002+0000] {logging_mixin.py:188} INFO - [2026-07-06T16:26:17.002+0000] {dag.py:3036} INFO - Sync 1 DAGs
[2026-07-06T16:26:17.148+0000] {logging_mixin.py:188} INFO - [2026-07-06T16:26:17.147+0000] {dag.py:3823} INFO - Setting next_dagrun for example_bash_operator to 2026-07-05 00:00:00+00:00, run_after=2026-07-06 00:00:00+00:00
[2026-07-06T16:26:17.231+0000] {processor.py:183} INFO - Processing /home/airflow/.local/lib/python3.8/site-packages/airflow/example_dags/example_bash_operator.py took 0.668 seconds
[2026-07-06T16:26:47.347+0000] {processor.py:161} INFO - Started process (PID=553) to work on /home/airflow/.local/lib/python3.8/site-packages/airflow/example_dags/example_bash_operator.py
[2026-07-06T16:26:47.350+0000] {processor.py:830} INFO - Processing file /home/airflow/.local/lib/python3.8/site-packages/airflow/example_dags/example_bash_operator.py for tasks to queue
[2026-07-06T16:26:47.357+0000] {logging_mixin.py:188} INFO - [2026-07-06T16:26:47.356+0000] {dagbag.py:538} INFO - Filling up the DagBag from /home/airflow/.local/lib/python3.8/site-packages/airflow/example_dags/example_bash_operator.py
[2026-07-06T16:26:47.390+0000] {processor.py:840} INFO - DAG(s) 'example_bash_operator' retrieved from /home/airflow/.local/lib/python3.8/site-packages/airflow/example_dags/example_bash_operator.py
[2026-07-06T16:26:47.471+0000] {logging_mixin.py:188} INFO - [2026-07-06T16:26:47.471+0000] {dag.py:3036} INFO - Sync 1 DAGs
[2026-07-06T16:26:47.541+0000] {logging_mixin.py:188} INFO - [2026-07-06T16:26:47.540+0000] {dag.py:3823} INFO - Setting next_dagrun for example_bash_operator to 2026-07-05 00:00:00+00:00, run_after=2026-07-06 00:00:00+00:00
[2026-07-06T16:26:47.589+0000] {processor.py:183} INFO - Processing /home/airflow/.local/lib/python3.8/site-packages/airflow/example_dags/example_bash_operator.py took 0.253 seconds
[2026-07-06T16:27:18.013+0000] {processor.py:161} INFO - Started process (PID=619) to work on /home/airflow/.local/lib/python3.8/site-packages/airflow/example_dags/example_bash_operator.py
[2026-07-06T16:27:18.019+0000] {processor.py:830} INFO - Processing file /home/airflow/.local/lib/python3.8/site-packages/airflow/example_dags/example_bash_operator.py for tasks to queue
[2026-07-06T16:27:18.026+0000] {logging_mixin.py:188} INFO - [2026-07-06T16:27:18.025+0000] {dagbag.py:538} INFO - Filling up the DagBag from /home/airflow/.local/lib/python3.8/site-packages/airflow/example_dags/example_bash_operator.py
[2026-07-06T16:27:18.058+0000] {processor.py:840} INFO - DAG(s) 'example_bash_operator' retrieved from /home/airflow/.local/lib/python3.8/site-packages/airflow/example_dags/example_bash_operator.py
[2026-07-06T16:27:18.134+0000] {logging_mixin.py:188} INFO - [2026-07-06T16:27:18.134+0000] {dag.py:3036} INFO - Sync 1 DAGs
[2026-07-06T16:27:18.201+0000] {logging_mixin.py:188} INFO - [2026-07-06T16:27:18.200+0000] {dag.py:3823} INFO - Setting next_dagrun for example_bash_operator to 2026-07-05 00:00:00+00:00, run_after=2026-07-06 00:00:00+00:00
[2026-07-06T16:27:18.249+0000] {processor.py:183} INFO - Processing /home/airflow/.local/lib/python3.8/site-packages/airflow/example_dags/example_bash_operator.py took 0.247 seconds
[2026-07-06T16:27:48.719+0000] {processor.py:161} INFO - Started process (PID=685) to work on /home/airflow/.local/lib/python3.8/site-packages/airflow/example_dags/example_bash_operator.py
[2026-07-06T16:27:48.721+0000] {processor.py:830} INFO - Processing file /home/airflow/.local/lib/python3.8/site-packages/airflow/example_dags/example_bash_operator.py for tasks to queue
[2026-07-06T16:27:48.727+0000] {logging_mixin.py:188} INFO - [2026-07-06T16:27:48.726+0000] {dagbag.py:538} INFO - Filling up the DagBag from /home/airflow/.local/lib/python3.8/site-packages/airflow/example_dags/example_bash_operator.py
[2026-07-06T16:27:48.763+0000] {processor.py:840} INFO - DAG(s) 'example_bash_operator' retrieved from /home/airflow/.local/lib/python3.8/site-packages/airflow/example_dags/example_bash_operator.py
[2026-07-06T16:27:48.846+0000] {logging_mixin.py:188} INFO - [2026-07-06T16:27:48.845+0000] {dag.py:3036} INFO - Sync 1 DAGs
[2026-07-06T16:27:48.904+0000] {logging_mixin.py:188} INFO - [2026-07-06T16:27:48.904+0000] {dag.py:3823} INFO - Setting next_dagrun for example_bash_operator to 2026-07-05 00:00:00+00:00, run_after=2026-07-06 00:00:00+00:00
[2026-07-06T16:27:48.970+0000] {processor.py:183} INFO - Processing /home/airflow/.local/lib/python3.8/site-packages/airflow/example_dags/example_bash_operator.py took 0.263 seconds
[2026-07-06T16:28:19.297+0000] {processor.py:161} INFO - Started process (PID=751) to work on /home/airflow/.local/lib/python3.8/site-packages/airflow/example_dags/example_bash_operator.py
[2026-07-06T16:28:19.305+0000] {processor.py:830} INFO - Processing file /home/airflow/.local/lib/python3.8/site-packages/airflow/example_dags/example_bash_operator.py for tasks to queue
[2026-07-06T16:28:19.309+0000] {logging_mixin.py:188} INFO - [2026-07-06T16:28:19.308+0000] {dagbag.py:538} INFO - Filling up the DagBag from /home/airflow/.local/lib/python3.8/site-packages/airflow/example_dags/example_bash_operator.py
[2026-07-06T16:28:19.359+0000] {processor.py:840} INFO - DAG(s) 'example_bash_operator' retrieved from /home/airflow/.local/lib/python3.8/site-packages/airflow/example_dags/example_bash_operator.py
[2026-07-06T16:28:19.464+0000] {logging_mixin.py:188} INFO - [2026-07-06T16:28:19.463+0000] {dag.py:3036} INFO - Sync 1 DAGs
[2026-07-06T16:28:19.521+0000] {logging_mixin.py:188} INFO - [2026-07-06T16:28:19.520+0000] {dag.py:3823} INFO - Setting next_dagrun for example_bash_operator to 2026-07-05 00:00:00+00:00, run_after=2026-07-06 00:00:00+00:00
[2026-07-06T16:28:19.570+0000] {processor.py:183} INFO - Processing /home/airflow/.local/lib/python3.8/site-packages/airflow/example_dags/example_bash_operator.py took 0.283 seconds
[2026-07-06T16:29:01.684+0000] {processor.py:161} INFO - Started process (PID=817) to work on /home/airflow/.local/lib/python3.8/site-packages/airflow/example_dags/example_bash_operator.py
[2026-07-06T16:29:01.692+0000] {processor.py:830} INFO - Processing file /home/airflow/.local/lib/python3.8/site-packages/airflow/example_dags/example_bash_operator.py for tasks to queue
[2026-07-06T16:29:01.699+0000] {logging_mixin.py:188} INFO - [2026-07-06T16:29:01.698+0000] {dagbag.py:538} INFO - Filling up the DagBag from /home/airflow/.local/lib/python3.8/site-packages/airflow/example_dags/example_bash_operator.py
[2026-07-06T16:29:01.767+0000] {processor.py:840} INFO - DAG(s) 'example_bash_operator' retrieved from /home/airflow/.local/lib/python3.8/site-packages/airflow/example_dags/example_bash_operator.py
[2026-07-06T16:29:01.887+0000] {logging_mixin.py:188} INFO - [2026-07-06T16:29:01.887+0000] {dag.py:3036} INFO - Sync 1 DAGs
[2026-07-06T16:29:01.972+0000] {logging_mixin.py:188} INFO - [2026-07-06T16:29:01.971+0000] {dag.py:3823} INFO - Setting next_dagrun for example_bash_operator to 2026-07-05 00:00:00+00:00, run_after=2026-07-06 00:00:00+00:00
[2026-07-06T16:29:02.025+0000] {processor.py:183} INFO - Processing /home/airflow/.local/lib/python3.8/site-packages/airflow/example_dags/example_bash_operator.py took 0.357 seconds
[2026-07-06T16:29:32.536+0000] {processor.py:161} INFO - Started process (PID=874) to work on /home/airflow/.local/lib/python3.8/site-packages/airflow/example_dags/example_bash_operator.py
[2026-07-06T16:29:32.563+0000] {processor.py:830} INFO - Processing file /home/airflow/.local/lib/python3.8/site-packages/airflow/example_dags/example_bash_operator.py for tasks to queue
[2026-07-06T16:29:32.568+0000] {logging_mixin.py:188} INFO - [2026-07-06T16:29:32.567+0000] {dagbag.py:538} INFO - Filling up the DagBag from /home/airflow/.local/lib/python3.8/site-packages/airflow/example_dags/example_bash_operator.py
[2026-07-06T16:29:32.662+0000] {processor.py:840} INFO - DAG(s) 'example_bash_operator' retrieved from /home/airflow/.local/lib/python3.8/site-packages/airflow/example_dags/example_bash_operator.py
[2026-07-06T16:29:32.845+0000] {logging_mixin.py:188} INFO - [2026-07-06T16:29:32.844+0000] {dag.py:3036} INFO - Sync 1 DAGs
[2026-07-06T16:29:33.023+0000] {logging_mixin.py:188} INFO - [2026-07-06T16:29:33.021+0000] {dag.py:3823} INFO - Setting next_dagrun for example_bash_operator to 2026-07-05 00:00:00+00:00, run_after=2026-07-06 00:00:00+00:00
[2026-07-06T16:29:33.167+0000] {processor.py:183} INFO - Processing /home/airflow/.local/lib/python3.8/site-packages/airflow/example_dags/example_bash_operator.py took 0.654 seconds
[2026-07-06T16:30:03.706+0000] {processor.py:161} INFO - Started process (PID=940) to work on /home/airflow/.local/lib/python3.8/site-packages/airflow/example_dags/example_bash_operator.py
[2026-07-06T16:30:03.708+0000] {processor.py:830} INFO - Processing file /home/airflow/.local/lib/python3.8/site-packages/airflow/example_dags/example_bash_operator.py for tasks to queue
[2026-07-06T16:30:03.712+0000] {logging_mixin.py:188} INFO - [2026-07-06T16:30:03.711+0000] {dagbag.py:538} INFO - Filling up the DagBag from /home/airflow/.local/lib/python3.8/site-packages/airflow/example_dags/example_bash_operator.py
[2026-07-06T16:30:03.743+0000] {processor.py:840} INFO - DAG(s) 'example_bash_operator' retrieved from /home/airflow/.local/lib/python3.8/site-packages/airflow/example_dags/example_bash_operator.py
[2026-07-06T16:30:03.819+0000] {logging_mixin.py:188} INFO - [2026-07-06T16:30:03.819+0000] {dag.py:3036} INFO - Sync 1 DAGs
[2026-07-06T16:30:03.871+0000] {logging_mixin.py:188} INFO - [2026-07-06T16:30:03.870+0000] {dag.py:3823} INFO - Setting next_dagrun for example_bash_operator to 2026-07-05 00:00:00+00:00, run_after=2026-07-06 00:00:00+00:00
[2026-07-06T16:30:03.914+0000] {processor.py:183} INFO - Processing /home/airflow/.local/lib/python3.8/site-packages/airflow/example_dags/example_bash_operator.py took 0.220 seconds
[2026-07-06T16:30:34.513+0000] {processor.py:161} INFO - Started process (PID=1007) to work on /home/airflow/.local/lib/python3.8/site-packages/airflow/example_dags/example_bash_operator.py
[2026-07-06T16:30:34.524+0000] {processor.py:830} INFO - Processing file /home/airflow/.local/lib/python3.8/site-packages/airflow/example_dags/example_bash_operator.py for tasks to queue
[2026-07-06T16:30:34.544+0000] {logging_mixin.py:188} INFO - [2026-07-06T16:30:34.543+0000] {dagbag.py:538} INFO - Filling up the DagBag from /home/airflow/.local/lib/python3.8/site-packages/airflow/example_dags/example_bash_operator.py
[2026-07-06T16:30:34.689+0000] {processor.py:840} INFO - DAG(s) 'example_bash_operator' retrieved from /home/airflow/.local/lib/python3.8/site-packages/airflow/example_dags/example_bash_operator.py
[2026-07-06T16:30:35.062+0000] {logging_mixin.py:188} INFO - [2026-07-06T16:30:35.051+0000] {dag.py:3036} INFO - Sync 1 DAGs
[2026-07-06T16:30:35.281+0000] {logging_mixin.py:188} INFO - [2026-07-06T16:30:35.280+0000] {dag.py:3823} INFO - Setting next_dagrun for example_bash_operator to 2026-07-05 00:00:00+00:00, run_after=2026-07-06 00:00:00+00:00
[2026-07-06T16:30:35.449+0000] {processor.py:183} INFO - Processing /home/airflow/.local/lib/python3.8/site-packages/airflow/example_dags/example_bash_operator.py took 0.955 seconds
[2026-07-06T16:31:05.661+0000] {processor.py:161} INFO - Started process (PID=1065) to work on /home/airflow/.local/lib/python3.8/site-packages/airflow/example_dags/example_bash_operator.py
[2026-07-06T16:31:05.664+0000] {processor.py:830} INFO - Processing file /home/airflow/.local/lib/python3.8/site-packages/airflow/example_dags/example_bash_operator.py for tasks to queue
[2026-07-06T16:31:05.669+0000] {logging_mixin.py:188} INFO - [2026-07-06T16:31:05.667+0000] {dagbag.py:538} INFO - Filling up the DagBag from /home/airflow/.local/lib/python3.8/site-packages/airflow/example_dags/example_bash_operator.py
[2026-07-06T16:31:05.693+0000] {processor.py:840} INFO - DAG(s) 'example_bash_operator' retrieved from /home/airflow/.local/lib/python3.8/site-packages/airflow/example_dags/example_bash_operator.py
[2026-07-06T16:31:05.756+0000] {logging_mixin.py:188} INFO - [2026-07-06T16:31:05.756+0000] {dag.py:3036} INFO - Sync 1 DAGs
[2026-07-06T16:31:05.803+0000] {logging_mixin.py:188} INFO - [2026-07-06T16:31:05.802+0000] {dag.py:3823} INFO - Setting next_dagrun for example_bash_operator to 2026-07-05 00:00:00+00:00, run_after=2026-07-06 00:00:00+00:00
[2026-07-06T16:31:05.840+0000] {processor.py:183} INFO - Processing /home/airflow/.local/lib/python3.8/site-packages/airflow/example_dags/example_bash_operator.py took 0.186 seconds
[2026-07-06T16:31:36.094+0000] {processor.py:161} INFO - Started process (PID=1130) to work on /home/airflow/.local/lib/python3.8/site-packages/airflow/example_dags/example_bash_operator.py
[2026-07-06T16:31:36.101+0000] {processor.py:830} INFO - Processing file /home/airflow/.local/lib/python3.8/site-packages/airflow/example_dags/example_bash_operator.py for tasks to queue
[2026-07-06T16:31:36.110+0000] {logging_mixin.py:188} INFO - [2026-07-06T16:31:36.108+0000] {dagbag.py:538} INFO - Filling up the DagBag from /home/airflow/.local/lib/python3.8/site-packages/airflow/example_dags/example_bash_operator.py
[2026-07-06T16:31:36.185+0000] {processor.py:840} INFO - DAG(s) 'example_bash_operator' retrieved from /home/airflow/.local/lib/python3.8/site-packages/airflow/example_dags/example_bash_operator.py
[2026-07-06T16:31:36.434+0000] {logging_mixin.py:188} INFO - [2026-07-06T16:31:36.434+0000] {dag.py:3036} INFO - Sync 1 DAGs
[2026-07-06T16:31:36.583+0000] {logging_mixin.py:188} INFO - [2026-07-06T16:31:36.582+0000] {dag.py:3823} INFO - Setting next_dagrun for example_bash_operator to 2026-07-05 00:00:00+00:00, run_after=2026-07-06 00:00:00+00:00
[2026-07-06T16:31:36.728+0000] {processor.py:183} INFO - Processing /home/airflow/.local/lib/python3.8/site-packages/airflow/example_dags/example_bash_operator.py took 0.648 seconds
[2026-07-06T16:32:07.632+0000] {processor.py:161} INFO - Started process (PID=1196) to work on /home/airflow/.local/lib/python3.8/site-packages/airflow/example_dags/example_bash_operator.py
[2026-07-06T16:32:07.651+0000] {processor.py:830} INFO - Processing file /home/airflow/.local/lib/python3.8/site-packages/airflow/example_dags/example_bash_operator.py for tasks to queue
[2026-07-06T16:32:07.690+0000] {logging_mixin.py:188} INFO - [2026-07-06T16:32:07.677+0000] {dagbag.py:538} INFO - Filling up the DagBag from /home/airflow/.local/lib/python3.8/site-packages/airflow/example_dags/example_bash_operator.py
[2026-07-06T16:32:07.992+0000] {processor.py:840} INFO - DAG(s) 'example_bash_operator' retrieved from /home/airflow/.local/lib/python3.8/site-packages/airflow/example_dags/example_bash_operator.py
[2026-07-06T16:32:08.305+0000] {logging_mixin.py:188} INFO - [2026-07-06T16:32:08.304+0000] {dag.py:3036} INFO - Sync 1 DAGs
[2026-07-06T16:32:08.422+0000] {logging_mixin.py:188} INFO - [2026-07-06T16:32:08.421+0000] {dag.py:3823} INFO - Setting next_dagrun for example_bash_operator to 2026-07-05 00:00:00+00:00, run_after=2026-07-06 00:00:00+00:00
[2026-07-06T16:32:08.639+0000] {processor.py:183} INFO - Processing /home/airflow/.local/lib/python3.8/site-packages/airflow/example_dags/example_bash_operator.py took 1.100 seconds
[2026-07-06T16:32:45.361+0000] {processor.py:161} INFO - Started process (PID=1251) to work on /home/airflow/.local/lib/python3.8/site-packages/airflow/example_dags/example_bash_operator.py
[2026-07-06T16:32:45.372+0000] {processor.py:830} INFO - Processing file /home/airflow/.local/lib/python3.8/site-packages/airflow/example_dags/example_bash_operator.py for tasks to queue
[2026-07-06T16:32:45.388+0000] {logging_mixin.py:188} INFO - [2026-07-06T16:32:45.381+0000] {dagbag.py:538} INFO - Filling up the DagBag from /home/airflow/.local/lib/python3.8/site-packages/airflow/example_dags/example_bash_operator.py
[2026-07-06T16:32:45.487+0000] {processor.py:840} INFO - DAG(s) 'example_bash_operator' retrieved from /home/airflow/.local/lib/python3.8/site-packages/airflow/example_dags/example_bash_operator.py
[2026-07-06T16:32:45.840+0000] {logging_mixin.py:188} INFO - [2026-07-06T16:32:45.839+0000] {dag.py:3036} INFO - Sync 1 DAGs
[2026-07-06T16:32:46.041+0000] {logging_mixin.py:188} INFO - [2026-07-06T16:32:46.038+0000] {dag.py:3823} INFO - Setting next_dagrun for example_bash_operator to 2026-07-05 00:00:00+00:00, run_after=2026-07-06 00:00:00+00:00
[2026-07-06T16:32:46.124+0000] {processor.py:183} INFO - Processing /home/airflow/.local/lib/python3.8/site-packages/airflow/example_dags/example_bash_operator.py took 0.778 seconds
[2026-07-06T16:33:16.885+0000] {processor.py:161} INFO - Started process (PID=1310) to work on /home/airflow/.local/lib/python3.8/site-packages/airflow/example_dags/example_bash_operator.py
[2026-07-06T16:33:16.887+0000] {processor.py:830} INFO - Processing file /home/airflow/.local/lib/python3.8/site-packages/airflow/example_dags/example_bash_operator.py for tasks to queue
[2026-07-06T16:33:16.891+0000] {logging_mixin.py:188} INFO - [2026-07-06T16:33:16.891+0000] {dagbag.py:538} INFO - Filling up the DagBag from /home/airflow/.local/lib/python3.8/site-packages/airflow/example_dags/example_bash_operator.py
[2026-07-06T16:33:16.921+0000] {processor.py:840} INFO - DAG(s) 'example_bash_operator' retrieved from /home/airflow/.local/lib/python3.8/site-packages/airflow/example_dags/example_bash_operator.py
[2026-07-06T16:33:16.995+0000] {logging_mixin.py:188} INFO - [2026-07-06T16:33:16.994+0000] {dag.py:3036} INFO - Sync 1 DAGs
[2026-07-06T16:33:17.051+0000] {logging_mixin.py:188} INFO - [2026-07-06T16:33:17.050+0000] {dag.py:3823} INFO - Setting next_dagrun for example_bash_operator to 2026-07-05 00:00:00+00:00, run_after=2026-07-06 00:00:00+00:00
[2026-07-06T16:33:17.093+0000] {processor.py:183} INFO - Processing /home/airflow/.local/lib/python3.8/site-packages/airflow/example_dags/example_bash_operator.py took 0.217 seconds
[2026-07-06T16:33:47.580+0000] {processor.py:161} INFO - Started process (PID=1373) to work on /home/airflow/.local/lib/python3.8/site-packages/airflow/example_dags/example_bash_operator.py
[2026-07-06T16:33:47.582+0000] {processor.py:830} INFO - Processing file /home/airflow/.local/lib/python3.8/site-packages/airflow/example_dags/example_bash_operator.py for tasks to queue
[2026-07-06T16:33:47.588+0000] {logging_mixin.py:188} INFO - [2026-07-06T16:33:47.586+0000] {dagbag.py:538} INFO - Filling up the DagBag from /home/airflow/.local/lib/python3.8/site-packages/airflow/example_dags/example_bash_operator.py
[2026-07-06T16:33:47.629+0000] {processor.py:840} INFO - DAG(s) 'example_bash_operator' retrieved from /home/airflow/.local/lib/python3.8/site-packages/airflow/example_dags/example_bash_operator.py
[2026-07-06T16:33:47.705+0000] {logging_mixin.py:188} INFO - [2026-07-06T16:33:47.705+0000] {dag.py:3036} INFO - Sync 1 DAGs
[2026-07-06T16:33:47.766+0000] {logging_mixin.py:188} INFO - [2026-07-06T16:33:47.766+0000] {dag.py:3823} INFO - Setting next_dagrun for example_bash_operator to 2026-07-05 00:00:00+00:00, run_after=2026-07-06 00:00:00+00:00
[2026-07-06T16:33:47.808+0000] {processor.py:183} INFO - Processing /home/airflow/.local/lib/python3.8/site-packages/airflow/example_dags/example_bash_operator.py took 0.242 seconds
[2026-07-06T16:34:18.032+0000] {processor.py:161} INFO - Started process (PID=1438) to work on /home/airflow/.local/lib/python3.8/site-packages/airflow/example_dags/example_bash_operator.py
[2026-07-06T16:34:18.034+0000] {processor.py:830} INFO - Processing file /home/airflow/.local/lib/python3.8/site-packages/airflow/example_dags/example_bash_operator.py for tasks to queue
[2026-07-06T16:34:18.038+0000] {logging_mixin.py:188} INFO - [2026-07-06T16:34:18.038+0000] {dagbag.py:538} INFO - Filling up the DagBag from /home/airflow/.local/lib/python3.8/site-packages/airflow/example_dags/example_bash_operator.py
[2026-07-06T16:34:18.072+0000] {processor.py:840} INFO - DAG(s) 'example_bash_operator' retrieved from /home/airflow/.local/lib/python3.8/site-packages/airflow/example_dags/example_bash_operator.py
[2026-07-06T16:34:18.151+0000] {logging_mixin.py:188} INFO - [2026-07-06T16:34:18.150+0000] {dag.py:3036} INFO - Sync 1 DAGs
[2026-07-06T16:34:18.230+0000] {logging_mixin.py:188} INFO - [2026-07-06T16:34:18.229+0000] {dag.py:3823} INFO - Setting next_dagrun for example_bash_operator to 2026-07-05 00:00:00+00:00, run_after=2026-07-06 00:00:00+00:00
[2026-07-06T16:34:18.289+0000] {processor.py:183} INFO - Processing /home/airflow/.local/lib/python3.8/site-packages/airflow/example_dags/example_bash_operator.py took 0.270 seconds
[2026-07-06T16:34:48.491+0000] {processor.py:161} INFO - Started process (PID=1504) to work on /home/airflow/.local/lib/python3.8/site-packages/airflow/example_dags/example_bash_operator.py
[2026-07-06T16:34:48.494+0000] {processor.py:830} INFO - Processing file /home/airflow/.local/lib/python3.8/site-packages/airflow/example_dags/example_bash_operator.py for tasks to queue
[2026-07-06T16:34:48.500+0000] {logging_mixin.py:188} INFO - [2026-07-06T16:34:48.499+0000] {dagbag.py:538} INFO - Filling up the DagBag from /home/airflow/.local/lib/python3.8/site-packages/airflow/example_dags/example_bash_operator.py
[2026-07-06T16:34:48.536+0000] {processor.py:840} INFO - DAG(s) 'example_bash_operator' retrieved from /home/airflow/.local/lib/python3.8/site-packages/airflow/example_dags/example_bash_operator.py
[2026-07-06T16:34:48.646+0000] {logging_mixin.py:188} INFO - [2026-07-06T16:34:48.645+0000] {dag.py:3036} INFO - Sync 1 DAGs
[2026-07-06T16:34:48.713+0000] {logging_mixin.py:188} INFO - [2026-07-06T16:34:48.712+0000] {dag.py:3823} INFO - Setting next_dagrun for example_bash_operator to 2026-07-05 00:00:00+00:00, run_after=2026-07-06 00:00:00+00:00
[2026-07-06T16:34:48.776+0000] {processor.py:183} INFO - Processing /home/airflow/.local/lib/python3.8/site-packages/airflow/example_dags/example_bash_operator.py took 0.295 seconds
[2026-07-06T16:35:18.936+0000] {processor.py:161} INFO - Started process (PID=1560) to work on /home/airflow/.local/lib/python3.8/site-packages/airflow/example_dags/example_bash_operator.py
[2026-07-06T16:35:18.943+0000] {processor.py:830} INFO - Processing file /home/airflow/.local/lib/python3.8/site-packages/airflow/example_dags/example_bash_operator.py for tasks to queue
[2026-07-06T16:35:18.949+0000] {logging_mixin.py:188} INFO - [2026-07-06T16:35:18.948+0000] {dagbag.py:538} INFO - Filling up the DagBag from /home/airflow/.local/lib/python3.8/site-packages/airflow/example_dags/example_bash_operator.py
[2026-07-06T16:35:18.985+0000] {processor.py:840} INFO - DAG(s) 'example_bash_operator' retrieved from /home/airflow/.local/lib/python3.8/site-packages/airflow/example_dags/example_bash_operator.py
[2026-07-06T16:35:19.046+0000] {logging_mixin.py:188} INFO - [2026-07-06T16:35:19.046+0000] {dag.py:3036} INFO - Sync 1 DAGs
[2026-07-06T16:35:19.100+0000] {logging_mixin.py:188} INFO - [2026-07-06T16:35:19.099+0000] {dag.py:3823} INFO - Setting next_dagrun for example_bash_operator to 2026-07-05 00:00:00+00:00, run_after=2026-07-06 00:00:00+00:00
[2026-07-06T16:35:19.144+0000] {processor.py:183} INFO - Processing /home/airflow/.local/lib/python3.8/site-packages/airflow/example_dags/example_bash_operator.py took 0.218 seconds
[2026-07-06T16:35:49.694+0000] {processor.py:161} INFO - Started process (PID=1626) to work on /home/airflow/.local/lib/python3.8/site-packages/airflow/example_dags/example_bash_operator.py
[2026-07-06T16:35:49.699+0000] {processor.py:830} INFO - Processing file /home/airflow/.local/lib/python3.8/site-packages/airflow/example_dags/example_bash_operator.py for tasks to queue
[2026-07-06T16:35:49.706+0000] {logging_mixin.py:188} INFO - [2026-07-06T16:35:49.705+0000] {dagbag.py:538} INFO - Filling up the DagBag from /home/airflow/.local/lib/python3.8/site-packages/airflow/example_dags/example_bash_operator.py
[2026-07-06T16:35:49.739+0000] {processor.py:840} INFO - DAG(s) 'example_bash_operator' retrieved from /home/airflow/.local/lib/python3.8/site-packages/airflow/example_dags/example_bash_operator.py
[2026-07-06T16:35:49.870+0000] {logging_mixin.py:188} INFO - [2026-07-06T16:35:49.869+0000] {dag.py:3036} INFO - Sync 1 DAGs
[2026-07-06T16:35:49.954+0000] {logging_mixin.py:188} INFO - [2026-07-06T16:35:49.953+0000] {dag.py:3823} INFO - Setting next_dagrun for example_bash_operator to 2026-07-05 00:00:00+00:00, run_after=2026-07-06 00:00:00+00:00
[2026-07-06T16:35:50.024+0000] {processor.py:183} INFO - Processing /home/airflow/.local/lib/python3.8/site-packages/airflow/example_dags/example_bash_operator.py took 0.344 seconds
[2026-07-06T16:36:20.297+0000] {processor.py:161} INFO - Started process (PID=1691) to work on /home/airflow/.local/lib/python3.8/site-packages/airflow/example_dags/example_bash_operator.py
[2026-07-06T16:36:20.299+0000] {processor.py:830} INFO - Processing file /home/airflow/.local/lib/python3.8/site-packages/airflow/example_dags/example_bash_operator.py for tasks to queue
[2026-07-06T16:36:20.303+0000] {logging_mixin.py:188} INFO - [2026-07-06T16:36:20.302+0000] {dagbag.py:538} INFO - Filling up the DagBag from /home/airflow/.local/lib/python3.8/site-packages/airflow/example_dags/example_bash_operator.py
[2026-07-06T16:36:20.327+0000] {processor.py:840} INFO - DAG(s) 'example_bash_operator' retrieved from /home/airflow/.local/lib/python3.8/site-packages/airflow/example_dags/example_bash_operator.py
[2026-07-06T16:36:20.388+0000] {logging_mixin.py:188} INFO - [2026-07-06T16:36:20.387+0000] {dag.py:3036} INFO - Sync 1 DAGs
[2026-07-06T16:36:20.434+0000] {logging_mixin.py:188} INFO - [2026-07-06T16:36:20.433+0000] {dag.py:3823} INFO - Setting next_dagrun for example_bash_operator to 2026-07-05 00:00:00+00:00, run_after=2026-07-06 00:00:00+00:00
[2026-07-06T16:36:20.476+0000] {processor.py:183} INFO - Processing /home/airflow/.local/lib/python3.8/site-packages/airflow/example_dags/example_bash_operator.py took 0.187 seconds
[2026-07-06T16:36:51.124+0000] {processor.py:161} INFO - Started process (PID=1757) to work on /home/airflow/.local/lib/python3.8/site-packages/airflow/example_dags/example_bash_operator.py
[2026-07-06T16:36:51.127+0000] {processor.py:830} INFO - Processing file /home/airflow/.local/lib/python3.8/site-packages/airflow/example_dags/example_bash_operator.py for tasks to queue
[2026-07-06T16:36:51.142+0000] {logging_mixin.py:188} INFO - [2026-07-06T16:36:51.141+0000] {dagbag.py:538} INFO - Filling up the DagBag from /home/airflow/.local/lib/python3.8/site-packages/airflow/example_dags/example_bash_operator.py
[2026-07-06T16:36:51.232+0000] {processor.py:840} INFO - DAG(s) 'example_bash_operator' retrieved from /home/airflow/.local/lib/python3.8/site-packages/airflow/example_dags/example_bash_operator.py
[2026-07-06T16:36:51.422+0000] {logging_mixin.py:188} INFO - [2026-07-06T16:36:51.421+0000] {dag.py:3036} INFO - Sync 1 DAGs
[2026-07-06T16:36:51.681+0000] {logging_mixin.py:188} INFO - [2026-07-06T16:36:51.680+0000] {dag.py:3823} INFO - Setting next_dagrun for example_bash_operator to 2026-07-05 00:00:00+00:00, run_after=2026-07-06 00:00:00+00:00
[2026-07-06T16:36:51.781+0000] {processor.py:183} INFO - Processing /home/airflow/.local/lib/python3.8/site-packages/airflow/example_dags/example_bash_operator.py took 0.705 seconds
[2026-07-06T16:37:22.517+0000] {processor.py:161} INFO - Started process (PID=1823) to work on /home/airflow/.local/lib/python3.8/site-packages/airflow/example_dags/example_bash_operator.py
[2026-07-06T16:37:22.520+0000] {processor.py:830} INFO - Processing file /home/airflow/.local/lib/python3.8/site-packages/airflow/example_dags/example_bash_operator.py for tasks to queue
[2026-07-06T16:37:22.525+0000] {logging_mixin.py:188} INFO - [2026-07-06T16:37:22.525+0000] {dagbag.py:538} INFO - Filling up the DagBag from /home/airflow/.local/lib/python3.8/site-packages/airflow/example_dags/example_bash_operator.py
[2026-07-06T16:37:22.570+0000] {processor.py:840} INFO - DAG(s) 'example_bash_operator' retrieved from /home/airflow/.local/lib/python3.8/site-packages/airflow/example_dags/example_bash_operator.py
[2026-07-06T16:37:22.635+0000] {logging_mixin.py:188} INFO - [2026-07-06T16:37:22.634+0000] {dag.py:3036} INFO - Sync 1 DAGs
[2026-07-06T16:37:22.679+0000] {logging_mixin.py:188} INFO - [2026-07-06T16:37:22.679+0000] {dag.py:3823} INFO - Setting next_dagrun for example_bash_operator to 2026-07-05 00:00:00+00:00, run_after=2026-07-06 00:00:00+00:00
[2026-07-06T16:37:22.716+0000] {processor.py:183} INFO - Processing /home/airflow/.local/lib/python3.8/site-packages/airflow/example_dags/example_bash_operator.py took 0.211 seconds
[2026-07-06T16:37:52.843+0000] {processor.py:161} INFO - Started process (PID=1881) to work on /home/airflow/.local/lib/python3.8/site-packages/airflow/example_dags/example_bash_operator.py
[2026-07-06T16:37:52.845+0000] {processor.py:830} INFO - Processing file /home/airflow/.local/lib/python3.8/site-packages/airflow/example_dags/example_bash_operator.py for tasks to queue
[2026-07-06T16:37:52.852+0000] {logging_mixin.py:188} INFO - [2026-07-06T16:37:52.851+0000] {dagbag.py:538} INFO - Filling up the DagBag from /home/airflow/.local/lib/python3.8/site-packages/airflow/example_dags/example_bash_operator.py
[2026-07-06T16:37:52.888+0000] {processor.py:840} INFO - DAG(s) 'example_bash_operator' retrieved from /home/airflow/.local/lib/python3.8/site-packages/airflow/example_dags/example_bash_operator.py
[2026-07-06T16:37:53.123+0000] {logging_mixin.py:188} INFO - [2026-07-06T16:37:53.122+0000] {dag.py:3036} INFO - Sync 1 DAGs
[2026-07-06T16:37:53.249+0000] {logging_mixin.py:188} INFO - [2026-07-06T16:37:53.248+0000] {dag.py:3823} INFO - Setting next_dagrun for example_bash_operator to 2026-07-05 00:00:00+00:00, run_after=2026-07-06 00:00:00+00:00
[2026-07-06T16:37:53.318+0000] {processor.py:183} INFO - Processing /home/airflow/.local/lib/python3.8/site-packages/airflow/example_dags/example_bash_operator.py took 0.488 seconds
[2026-07-06T16:38:24.133+0000] {processor.py:161} INFO - Started process (PID=1946) to work on /home/airflow/.local/lib/python3.8/site-packages/airflow/example_dags/example_bash_operator.py
[2026-07-06T16:38:24.137+0000] {processor.py:830} INFO - Processing file /home/airflow/.local/lib/python3.8/site-packages/airflow/example_dags/example_bash_operator.py for tasks to queue
[2026-07-06T16:38:24.141+0000] {logging_mixin.py:188} INFO - [2026-07-06T16:38:24.140+0000] {dagbag.py:538} INFO - Filling up the DagBag from /home/airflow/.local/lib/python3.8/site-packages/airflow/example_dags/example_bash_operator.py
[2026-07-06T16:38:24.165+0000] {processor.py:840} INFO - DAG(s) 'example_bash_operator' retrieved from /home/airflow/.local/lib/python3.8/site-packages/airflow/example_dags/example_bash_operator.py
[2026-07-06T16:38:24.291+0000] {logging_mixin.py:188} INFO - [2026-07-06T16:38:24.291+0000] {dag.py:3036} INFO - Sync 1 DAGs
[2026-07-06T16:38:24.356+0000] {logging_mixin.py:188} INFO - [2026-07-06T16:38:24.356+0000] {dag.py:3823} INFO - Setting next_dagrun for example_bash_operator to 2026-07-05 00:00:00+00:00, run_after=2026-07-06 00:00:00+00:00
[2026-07-06T16:38:24.409+0000] {processor.py:183} INFO - Processing /home/airflow/.local/lib/python3.8/site-packages/airflow/example_dags/example_bash_operator.py took 0.283 seconds
[2026-07-06T16:38:55.016+0000] {processor.py:161} INFO - Started process (PID=2014) to work on /home/airflow/.local/lib/python3.8/site-packages/airflow/example_dags/example_bash_operator.py
[2026-07-06T16:38:55.018+0000] {processor.py:830} INFO - Processing file /home/airflow/.local/lib/python3.8/site-packages/airflow/example_dags/example_bash_operator.py for tasks to queue
[2026-07-06T16:38:55.023+0000] {logging_mixin.py:188} INFO - [2026-07-06T16:38:55.022+0000] {dagbag.py:538} INFO - Filling up the DagBag from /home/airflow/.local/lib/python3.8/site-packages/airflow/example_dags/example_bash_operator.py
[2026-07-06T16:38:55.053+0000] {processor.py:840} INFO - DAG(s) 'example_bash_operator' retrieved from /home/airflow/.local/lib/python3.8/site-packages/airflow/example_dags/example_bash_operator.py
[2026-07-06T16:38:55.125+0000] {logging_mixin.py:188} INFO - [2026-07-06T16:38:55.124+0000] {dag.py:3036} INFO - Sync 1 DAGs
[2026-07-06T16:38:55.183+0000] {logging_mixin.py:188} INFO - [2026-07-06T16:38:55.182+0000] {dag.py:3823} INFO - Setting next_dagrun for example_bash_operator to 2026-07-05 00:00:00+00:00, run_after=2026-07-06 00:00:00+00:00
[2026-07-06T16:38:55.231+0000] {processor.py:183} INFO - Processing /home/airflow/.local/lib/python3.8/site-packages/airflow/example_dags/example_bash_operator.py took 0.227 seconds
[2026-07-06T16:39:26.082+0000] {processor.py:161} INFO - Started process (PID=2080) to work on /home/airflow/.local/lib/python3.8/site-packages/airflow/example_dags/example_bash_operator.py
[2026-07-06T16:39:26.085+0000] {processor.py:830} INFO - Processing file /home/airflow/.local/lib/python3.8/site-packages/airflow/example_dags/example_bash_operator.py for tasks to queue
[2026-07-06T16:39:26.089+0000] {logging_mixin.py:188} INFO - [2026-07-06T16:39:26.089+0000] {dagbag.py:538} INFO - Filling up the DagBag from /home/airflow/.local/lib/python3.8/site-packages/airflow/example_dags/example_bash_operator.py
[2026-07-06T16:39:26.122+0000] {processor.py:840} INFO - DAG(s) 'example_bash_operator' retrieved from /home/airflow/.local/lib/python3.8/site-packages/airflow/example_dags/example_bash_operator.py
[2026-07-06T16:39:26.204+0000] {logging_mixin.py:188} INFO - [2026-07-06T16:39:26.204+0000] {dag.py:3036} INFO - Sync 1 DAGs
[2026-07-06T16:39:26.268+0000] {logging_mixin.py:188} INFO - [2026-07-06T16:39:26.267+0000] {dag.py:3823} INFO - Setting next_dagrun for example_bash_operator to 2026-07-05 00:00:00+00:00, run_after=2026-07-06 00:00:00+00:00
[2026-07-06T16:39:26.319+0000] {processor.py:183} INFO - Processing /home/airflow/.local/lib/python3.8/site-packages/airflow/example_dags/example_bash_operator.py took 0.248 seconds
[2026-07-06T16:39:57.389+0000] {processor.py:161} INFO - Started process (PID=2144) to work on /home/airflow/.local/lib/python3.8/site-packages/airflow/example_dags/example_bash_operator.py
[2026-07-06T16:39:57.395+0000] {processor.py:830} INFO - Processing file /home/airflow/.local/lib/python3.8/site-packages/airflow/example_dags/example_bash_operator.py for tasks to queue
[2026-07-06T16:39:57.408+0000] {logging_mixin.py:188} INFO - [2026-07-06T16:39:57.400+0000] {dagbag.py:538} INFO - Filling up the DagBag from /home/airflow/.local/lib/python3.8/site-packages/airflow/example_dags/example_bash_operator.py
[2026-07-06T16:39:57.470+0000] {processor.py:840} INFO - DAG(s) 'example_bash_operator' retrieved from /home/airflow/.local/lib/python3.8/site-packages/airflow/example_dags/example_bash_operator.py
[2026-07-06T16:39:57.871+0000] {logging_mixin.py:188} INFO - [2026-07-06T16:39:57.871+0000] {dag.py:3036} INFO - Sync 1 DAGs
[2026-07-06T16:39:58.109+0000] {logging_mixin.py:188} INFO - [2026-07-06T16:39:58.108+0000] {dag.py:3823} INFO - Setting next_dagrun for example_bash_operator to 2026-07-05 00:00:00+00:00, run_after=2026-07-06 00:00:00+00:00
[2026-07-06T16:39:58.262+0000] {processor.py:183} INFO - Processing /home/airflow/.local/lib/python3.8/site-packages/airflow/example_dags/example_bash_operator.py took 0.889 seconds
[2026-07-06T16:40:29.589+0000] {processor.py:161} INFO - Started process (PID=2203) to work on /home/airflow/.local/lib/python3.8/site-packages/airflow/example_dags/example_bash_operator.py
[2026-07-06T16:40:29.598+0000] {processor.py:830} INFO - Processing file /home/airflow/.local/lib/python3.8/site-packages/airflow/example_dags/example_bash_operator.py for tasks to queue
[2026-07-06T16:40:29.604+0000] {logging_mixin.py:188} INFO - [2026-07-06T16:40:29.602+0000] {dagbag.py:538} INFO - Filling up the DagBag from /home/airflow/.local/lib/python3.8/site-packages/airflow/example_dags/example_bash_operator.py
[2026-07-06T16:40:29.673+0000] {processor.py:840} INFO - DAG(s) 'example_bash_operator' retrieved from /home/airflow/.local/lib/python3.8/site-packages/airflow/example_dags/example_bash_operator.py
[2026-07-06T16:40:29.789+0000] {logging_mixin.py:188} INFO - [2026-07-06T16:40:29.789+0000] {dag.py:3036} INFO - Sync 1 DAGs
[2026-07-06T16:40:29.886+0000] {logging_mixin.py:188} INFO - [2026-07-06T16:40:29.886+0000] {dag.py:3823} INFO - Setting next_dagrun for example_bash_operator to 2026-07-05 00:00:00+00:00, run_after=2026-07-06 00:00:00+00:00
[2026-07-06T16:40:29.987+0000] {processor.py:183} INFO - Processing /home/airflow/.local/lib/python3.8/site-packages/airflow/example_dags/example_bash_operator.py took 0.410 seconds
[2026-07-06T16:41:00.682+0000] {processor.py:161} INFO - Started process (PID=2269) to work on /home/airflow/.local/lib/python3.8/site-packages/airflow/example_dags/example_bash_operator.py
[2026-07-06T16:41:00.685+0000] {processor.py:830} INFO - Processing file /home/airflow/.local/lib/python3.8/site-packages/airflow/example_dags/example_bash_operator.py for tasks to queue
[2026-07-06T16:41:00.690+0000] {logging_mixin.py:188} INFO - [2026-07-06T16:41:00.689+0000] {dagbag.py:538} INFO - Filling up the DagBag from /home/airflow/.local/lib/python3.8/site-packages/airflow/example_dags/example_bash_operator.py
[2026-07-06T16:41:00.717+0000] {processor.py:840} INFO - DAG(s) 'example_bash_operator' retrieved from /home/airflow/.local/lib/python3.8/site-packages/airflow/example_dags/example_bash_operator.py
[2026-07-06T16:41:00.790+0000] {logging_mixin.py:188} INFO - [2026-07-06T16:41:00.789+0000] {dag.py:3036} INFO - Sync 1 DAGs
[2026-07-06T16:41:00.847+0000] {logging_mixin.py:188} INFO - [2026-07-06T16:41:00.847+0000] {dag.py:3823} INFO - Setting next_dagrun for example_bash_operator to 2026-07-05 00:00:00+00:00, run_after=2026-07-06 00:00:00+00:00
[2026-07-06T16:41:00.899+0000] {processor.py:183} INFO - Processing /home/airflow/.local/lib/python3.8/site-packages/airflow/example_dags/example_bash_operator.py took 0.230 seconds
[2026-07-06T16:41:31.509+0000] {processor.py:161} INFO - Started process (PID=2334) to work on /home/airflow/.local/lib/python3.8/site-packages/airflow/example_dags/example_bash_operator.py
[2026-07-06T16:41:31.514+0000] {processor.py:830} INFO - Processing file /home/airflow/.local/lib/python3.8/site-packages/airflow/example_dags/example_bash_operator.py for tasks to queue
[2026-07-06T16:41:31.525+0000] {logging_mixin.py:188} INFO - [2026-07-06T16:41:31.524+0000] {dagbag.py:538} INFO - Filling up the DagBag from /home/airflow/.local/lib/python3.8/site-packages/airflow/example_dags/example_bash_operator.py
[2026-07-06T16:41:31.579+0000] {processor.py:840} INFO - DAG(s) 'example_bash_operator' retrieved from /home/airflow/.local/lib/python3.8/site-packages/airflow/example_dags/example_bash_operator.py
[2026-07-06T16:41:31.683+0000] {logging_mixin.py:188} INFO - [2026-07-06T16:41:31.682+0000] {dag.py:3036} INFO - Sync 1 DAGs
[2026-07-06T16:41:31.758+0000] {logging_mixin.py:188} INFO - [2026-07-06T16:41:31.757+0000] {dag.py:3823} INFO - Setting next_dagrun for example_bash_operator to 2026-07-05 00:00:00+00:00, run_after=2026-07-06 00:00:00+00:00
[2026-07-06T16:41:31.804+0000] {processor.py:183} INFO - Processing /home/airflow/.local/lib/python3.8/site-packages/airflow/example_dags/example_bash_operator.py took 0.309 seconds
[2026-07-06T16:42:02.133+0000] {processor.py:161} INFO - Started process (PID=2401) to work on /home/airflow/.local/lib/python3.8/site-packages/airflow/example_dags/example_bash_operator.py
[2026-07-06T16:42:02.136+0000] {processor.py:830} INFO - Processing file /home/airflow/.local/lib/python3.8/site-packages/airflow/example_dags/example_bash_operator.py for tasks to queue
[2026-07-06T16:42:02.141+0000] {logging_mixin.py:188} INFO - [2026-07-06T16:42:02.140+0000] {dagbag.py:538} INFO - Filling up the DagBag from /home/airflow/.local/lib/python3.8/site-packages/airflow/example_dags/example_bash_operator.py
[2026-07-06T16:42:02.174+0000] {processor.py:840} INFO - DAG(s) 'example_bash_operator' retrieved from /home/airflow/.local/lib/python3.8/site-packages/airflow/example_dags/example_bash_operator.py
[2026-07-06T16:42:02.247+0000] {logging_mixin.py:188} INFO - [2026-07-06T16:42:02.246+0000] {dag.py:3036} INFO - Sync 1 DAGs
[2026-07-06T16:42:02.312+0000] {logging_mixin.py:188} INFO - [2026-07-06T16:42:02.311+0000] {dag.py:3823} INFO - Setting next_dagrun for example_bash_operator to 2026-07-05 00:00:00+00:00, run_after=2026-07-06 00:00:00+00:00
[2026-07-06T16:42:02.361+0000] {processor.py:183} INFO - Processing /home/airflow/.local/lib/python3.8/site-packages/airflow/example_dags/example_bash_operator.py took 0.239 seconds
[2026-07-06T16:42:32.677+0000] {processor.py:161} INFO - Started process (PID=2467) to work on /home/airflow/.local/lib/python3.8/site-packages/airflow/example_dags/example_bash_operator.py
[2026-07-06T16:42:32.680+0000] {processor.py:830} INFO - Processing file /home/airflow/.local/lib/python3.8/site-packages/airflow/example_dags/example_bash_operator.py for tasks to queue
[2026-07-06T16:42:32.688+0000] {logging_mixin.py:188} INFO - [2026-07-06T16:42:32.687+0000] {dagbag.py:538} INFO - Filling up the DagBag from /home/airflow/.local/lib/python3.8/site-packages/airflow/example_dags/example_bash_operator.py
[2026-07-06T16:42:32.727+0000] {processor.py:840} INFO - DAG(s) 'example_bash_operator' retrieved from /home/airflow/.local/lib/python3.8/site-packages/airflow/example_dags/example_bash_operator.py
[2026-07-06T16:42:32.855+0000] {logging_mixin.py:188} INFO - [2026-07-06T16:42:32.854+0000] {dag.py:3036} INFO - Sync 1 DAGs
[2026-07-06T16:42:32.930+0000] {logging_mixin.py:188} INFO - [2026-07-06T16:42:32.930+0000] {dag.py:3823} INFO - Setting next_dagrun for example_bash_operator to 2026-07-05 00:00:00+00:00, run_after=2026-07-06 00:00:00+00:00
[2026-07-06T16:42:32.996+0000] {processor.py:183} INFO - Processing /home/airflow/.local/lib/python3.8/site-packages/airflow/example_dags/example_bash_operator.py took 0.332 seconds
[2026-07-06T16:43:04.085+0000] {processor.py:161} INFO - Started process (PID=2532) to work on /home/airflow/.local/lib/python3.8/site-packages/airflow/example_dags/example_bash_operator.py
[2026-07-06T16:43:04.112+0000] {processor.py:830} INFO - Processing file /home/airflow/.local/lib/python3.8/site-packages/airflow/example_dags/example_bash_operator.py for tasks to queue
[2026-07-06T16:43:04.129+0000] {logging_mixin.py:188} INFO - [2026-07-06T16:43:04.127+0000] {dagbag.py:538} INFO - Filling up the DagBag from /home/airflow/.local/lib/python3.8/site-packages/airflow/example_dags/example_bash_operator.py
[2026-07-06T16:43:04.249+0000] {processor.py:840} INFO - DAG(s) 'example_bash_operator' retrieved from /home/airflow/.local/lib/python3.8/site-packages/airflow/example_dags/example_bash_operator.py
[2026-07-06T16:43:04.582+0000] {logging_mixin.py:188} INFO - [2026-07-06T16:43:04.580+0000] {dag.py:3036} INFO - Sync 1 DAGs
[2026-07-06T16:43:04.697+0000] {logging_mixin.py:188} INFO - [2026-07-06T16:43:04.696+0000] {dag.py:3823} INFO - Setting next_dagrun for example_bash_operator to 2026-07-05 00:00:00+00:00, run_after=2026-07-06 00:00:00+00:00
[2026-07-06T16:43:04.844+0000] {processor.py:183} INFO - Processing /home/airflow/.local/lib/python3.8/site-packages/airflow/example_dags/example_bash_operator.py took 0.776 seconds
[2026-07-06T16:43:35.196+0000] {processor.py:161} INFO - Started process (PID=2591) to work on /home/airflow/.local/lib/python3.8/site-packages/airflow/example_dags/example_bash_operator.py
[2026-07-06T16:43:35.198+0000] {processor.py:830} INFO - Processing file /home/airflow/.local/lib/python3.8/site-packages/airflow/example_dags/example_bash_operator.py for tasks to queue
[2026-07-06T16:43:35.203+0000] {logging_mixin.py:188} INFO - [2026-07-06T16:43:35.202+0000] {dagbag.py:538} INFO - Filling up the DagBag from /home/airflow/.local/lib/python3.8/site-packages/airflow/example_dags/example_bash_operator.py
[2026-07-06T16:43:35.235+0000] {processor.py:840} INFO - DAG(s) 'example_bash_operator' retrieved from /home/airflow/.local/lib/python3.8/site-packages/airflow/example_dags/example_bash_operator.py
[2026-07-06T16:43:35.301+0000] {logging_mixin.py:188} INFO - [2026-07-06T16:43:35.301+0000] {dag.py:3036} INFO - Sync 1 DAGs
[2026-07-06T16:43:35.359+0000] {logging_mixin.py:188} INFO - [2026-07-06T16:43:35.358+0000] {dag.py:3823} INFO - Setting next_dagrun for example_bash_operator to 2026-07-05 00:00:00+00:00, run_after=2026-07-06 00:00:00+00:00
[2026-07-06T16:43:35.399+0000] {processor.py:183} INFO - Processing /home/airflow/.local/lib/python3.8/site-packages/airflow/example_dags/example_bash_operator.py took 0.211 seconds
[2026-07-06T16:44:05.626+0000] {processor.py:161} INFO - Started process (PID=2655) to work on /home/airflow/.local/lib/python3.8/site-packages/airflow/example_dags/example_bash_operator.py
[2026-07-06T16:44:05.631+0000] {processor.py:830} INFO - Processing file /home/airflow/.local/lib/python3.8/site-packages/airflow/example_dags/example_bash_operator.py for tasks to queue
[2026-07-06T16:44:05.639+0000] {logging_mixin.py:188} INFO - [2026-07-06T16:44:05.638+0000] {dagbag.py:538} INFO - Filling up the DagBag from /home/airflow/.local/lib/python3.8/site-packages/airflow/example_dags/example_bash_operator.py
[2026-07-06T16:44:05.677+0000] {processor.py:840} INFO - DAG(s) 'example_bash_operator' retrieved from /home/airflow/.local/lib/python3.8/site-packages/airflow/example_dags/example_bash_operator.py
[2026-07-06T16:44:05.748+0000] {logging_mixin.py:188} INFO - [2026-07-06T16:44:05.747+0000] {dag.py:3036} INFO - Sync 1 DAGs
[2026-07-06T16:44:05.798+0000] {logging_mixin.py:188} INFO - [2026-07-06T16:44:05.798+0000] {dag.py:3823} INFO - Setting next_dagrun for example_bash_operator to 2026-07-05 00:00:00+00:00, run_after=2026-07-06 00:00:00+00:00
[2026-07-06T16:44:05.841+0000] {processor.py:183} INFO - Processing /home/airflow/.local/lib/python3.8/site-packages/airflow/example_dags/example_bash_operator.py took 0.225 seconds
[2026-07-06T16:44:36.677+0000] {processor.py:161} INFO - Started process (PID=2722) to work on /home/airflow/.local/lib/python3.8/site-packages/airflow/example_dags/example_bash_operator.py
[2026-07-06T16:44:36.680+0000] {processor.py:830} INFO - Processing file /home/airflow/.local/lib/python3.8/site-packages/airflow/example_dags/example_bash_operator.py for tasks to queue
[2026-07-06T16:44:36.684+0000] {logging_mixin.py:188} INFO - [2026-07-06T16:44:36.683+0000] {dagbag.py:538} INFO - Filling up the DagBag from /home/airflow/.local/lib/python3.8/site-packages/airflow/example_dags/example_bash_operator.py
[2026-07-06T16:44:36.711+0000] {processor.py:840} INFO - DAG(s) 'example_bash_operator' retrieved from /home/airflow/.local/lib/python3.8/site-packages/airflow/example_dags/example_bash_operator.py
[2026-07-06T16:44:36.781+0000] {logging_mixin.py:188} INFO - [2026-07-06T16:44:36.781+0000] {dag.py:3036} INFO - Sync 1 DAGs
[2026-07-06T16:44:36.834+0000] {logging_mixin.py:188} INFO - [2026-07-06T16:44:36.833+0000] {dag.py:3823} INFO - Setting next_dagrun for example_bash_operator to 2026-07-05 00:00:00+00:00, run_after=2026-07-06 00:00:00+00:00
[2026-07-06T16:44:36.873+0000] {processor.py:183} INFO - Processing /home/airflow/.local/lib/python3.8/site-packages/airflow/example_dags/example_bash_operator.py took 0.204 seconds
[2026-07-06T16:45:07.154+0000] {processor.py:161} INFO - Started process (PID=2788) to work on /home/airflow/.local/lib/python3.8/site-packages/airflow/example_dags/example_bash_operator.py
[2026-07-06T16:45:07.157+0000] {processor.py:830} INFO - Processing file /home/airflow/.local/lib/python3.8/site-packages/airflow/example_dags/example_bash_operator.py for tasks to queue
[2026-07-06T16:45:07.162+0000] {logging_mixin.py:188} INFO - [2026-07-06T16:45:07.161+0000] {dagbag.py:538} INFO - Filling up the DagBag from /home/airflow/.local/lib/python3.8/site-packages/airflow/example_dags/example_bash_operator.py
[2026-07-06T16:45:07.194+0000] {processor.py:840} INFO - DAG(s) 'example_bash_operator' retrieved from /home/airflow/.local/lib/python3.8/site-packages/airflow/example_dags/example_bash_operator.py
[2026-07-06T16:45:07.274+0000] {logging_mixin.py:188} INFO - [2026-07-06T16:45:07.273+0000] {dag.py:3036} INFO - Sync 1 DAGs
[2026-07-06T16:45:07.332+0000] {logging_mixin.py:188} INFO - [2026-07-06T16:45:07.331+0000] {dag.py:3823} INFO - Setting next_dagrun for example_bash_operator to 2026-07-05 00:00:00+00:00, run_after=2026-07-06 00:00:00+00:00
[2026-07-06T16:45:07.375+0000] {processor.py:183} INFO - Processing /home/airflow/.local/lib/python3.8/site-packages/airflow/example_dags/example_bash_operator.py took 0.231 seconds
[2026-07-06T16:45:37.930+0000] {processor.py:161} INFO - Started process (PID=2854) to work on /home/airflow/.local/lib/python3.8/site-packages/airflow/example_dags/example_bash_operator.py
[2026-07-06T16:45:37.937+0000] {processor.py:830} INFO - Processing file /home/airflow/.local/lib/python3.8/site-packages/airflow/example_dags/example_bash_operator.py for tasks to queue
[2026-07-06T16:45:37.946+0000] {logging_mixin.py:188} INFO - [2026-07-06T16:45:37.945+0000] {dagbag.py:538} INFO - Filling up the DagBag from /home/airflow/.local/lib/python3.8/site-packages/airflow/example_dags/example_bash_operator.py
[2026-07-06T16:45:38.008+0000] {processor.py:840} INFO - DAG(s) 'example_bash_operator' retrieved from /home/airflow/.local/lib/python3.8/site-packages/airflow/example_dags/example_bash_operator.py
[2026-07-06T16:45:38.114+0000] {logging_mixin.py:188} INFO - [2026-07-06T16:45:38.113+0000] {dag.py:3036} INFO - Sync 1 DAGs
[2026-07-06T16:45:38.185+0000] {logging_mixin.py:188} INFO - [2026-07-06T16:45:38.185+0000] {dag.py:3823} INFO - Setting next_dagrun for example_bash_operator to 2026-07-05 00:00:00+00:00, run_after=2026-07-06 00:00:00+00:00
[2026-07-06T16:45:38.260+0000] {processor.py:183} INFO - Processing /home/airflow/.local/lib/python3.8/site-packages/airflow/example_dags/example_bash_operator.py took 0.351 seconds
[2026-07-06T16:46:08.441+0000] {processor.py:161} INFO - Started process (PID=2920) to work on /home/airflow/.local/lib/python3.8/site-packages/airflow/example_dags/example_bash_operator.py
[2026-07-06T16:46:08.444+0000] {processor.py:830} INFO - Processing file /home/airflow/.local/lib/python3.8/site-packages/airflow/example_dags/example_bash_operator.py for tasks to queue
[2026-07-06T16:46:08.449+0000] {logging_mixin.py:188} INFO - [2026-07-06T16:46:08.448+0000] {dagbag.py:538} INFO - Filling up the DagBag from /home/airflow/.local/lib/python3.8/site-packages/airflow/example_dags/example_bash_operator.py
[2026-07-06T16:46:08.495+0000] {processor.py:840} INFO - DAG(s) 'example_bash_operator' retrieved from /home/airflow/.local/lib/python3.8/site-packages/airflow/example_dags/example_bash_operator.py
[2026-07-06T16:46:08.607+0000] {logging_mixin.py:188} INFO - [2026-07-06T16:46:08.607+0000] {dag.py:3036} INFO - Sync 1 DAGs
[2026-07-06T16:46:08.689+0000] {logging_mixin.py:188} INFO - [2026-07-06T16:46:08.688+0000] {dag.py:3823} INFO - Setting next_dagrun for example_bash_operator to 2026-07-05 00:00:00+00:00, run_after=2026-07-06 00:00:00+00:00
[2026-07-06T16:46:09.041+0000] {processor.py:183} INFO - Processing /home/airflow/.local/lib/python3.8/site-packages/airflow/example_dags/example_bash_operator.py took 0.612 seconds
[2026-07-06T16:46:39.267+0000] {processor.py:161} INFO - Started process (PID=2987) to work on /home/airflow/.local/lib/python3.8/site-packages/airflow/example_dags/example_bash_operator.py
[2026-07-06T16:46:39.278+0000] {processor.py:830} INFO - Processing file /home/airflow/.local/lib/python3.8/site-packages/airflow/example_dags/example_bash_operator.py for tasks to queue
[2026-07-06T16:46:39.287+0000] {logging_mixin.py:188} INFO - [2026-07-06T16:46:39.285+0000] {dagbag.py:538} INFO - Filling up the DagBag from /home/airflow/.local/lib/python3.8/site-packages/airflow/example_dags/example_bash_operator.py
[2026-07-06T16:46:39.343+0000] {processor.py:840} INFO - DAG(s) 'example_bash_operator' retrieved from /home/airflow/.local/lib/python3.8/site-packages/airflow/example_dags/example_bash_operator.py
[2026-07-06T16:46:39.465+0000] {logging_mixin.py:188} INFO - [2026-07-06T16:46:39.464+0000] {dag.py:3036} INFO - Sync 1 DAGs
[2026-07-06T16:46:39.537+0000] {logging_mixin.py:188} INFO - [2026-07-06T16:46:39.536+0000] {dag.py:3823} INFO - Setting next_dagrun for example_bash_operator to 2026-07-05 00:00:00+00:00, run_after=2026-07-06 00:00:00+00:00
[2026-07-06T16:46:39.627+0000] {processor.py:183} INFO - Processing /home/airflow/.local/lib/python3.8/site-packages/airflow/example_dags/example_bash_operator.py took 0.378 seconds
[2026-07-06T16:47:10.364+0000] {processor.py:161} INFO - Started process (PID=3051) to work on /home/airflow/.local/lib/python3.8/site-packages/airflow/example_dags/example_bash_operator.py
[2026-07-06T16:47:10.373+0000] {processor.py:830} INFO - Processing file /home/airflow/.local/lib/python3.8/site-packages/airflow/example_dags/example_bash_operator.py for tasks to queue
[2026-07-06T16:47:10.382+0000] {logging_mixin.py:188} INFO - [2026-07-06T16:47:10.381+0000] {dagbag.py:538} INFO - Filling up the DagBag from /home/airflow/.local/lib/python3.8/site-packages/airflow/example_dags/example_bash_operator.py
[2026-07-06T16:47:10.451+0000] {processor.py:840} INFO - DAG(s) 'example_bash_operator' retrieved from /home/airflow/.local/lib/python3.8/site-packages/airflow/example_dags/example_bash_operator.py
[2026-07-06T16:47:10.565+0000] {logging_mixin.py:188} INFO - [2026-07-06T16:47:10.564+0000] {dag.py:3036} INFO - Sync 1 DAGs
[2026-07-06T16:47:10.654+0000] {logging_mixin.py:188} INFO - [2026-07-06T16:47:10.654+0000] {dag.py:3823} INFO - Setting next_dagrun for example_bash_operator to 2026-07-05 00:00:00+00:00, run_after=2026-07-06 00:00:00+00:00
[2026-07-06T16:47:10.712+0000] {processor.py:183} INFO - Processing /home/airflow/.local/lib/python3.8/site-packages/airflow/example_dags/example_bash_operator.py took 0.358 seconds
[2026-07-06T16:47:40.938+0000] {processor.py:161} INFO - Started process (PID=3110) to work on /home/airflow/.local/lib/python3.8/site-packages/airflow/example_dags/example_bash_operator.py
[2026-07-06T16:47:40.940+0000] {processor.py:830} INFO - Processing file /home/airflow/.local/lib/python3.8/site-packages/airflow/example_dags/example_bash_operator.py for tasks to queue
[2026-07-06T16:47:40.946+0000] {logging_mixin.py:188} INFO - [2026-07-06T16:47:40.946+0000] {dagbag.py:538} INFO - Filling up the DagBag from /home/airflow/.local/lib/python3.8/site-packages/airflow/example_dags/example_bash_operator.py
[2026-07-06T16:47:40.983+0000] {processor.py:840} INFO - DAG(s) 'example_bash_operator' retrieved from /home/airflow/.local/lib/python3.8/site-packages/airflow/example_dags/example_bash_operator.py
[2026-07-06T16:47:41.081+0000] {logging_mixin.py:188} INFO - [2026-07-06T16:47:41.080+0000] {dag.py:3036} INFO - Sync 1 DAGs
[2026-07-06T16:47:41.147+0000] {logging_mixin.py:188} INFO - [2026-07-06T16:47:41.146+0000] {dag.py:3823} INFO - Setting next_dagrun for example_bash_operator to 2026-07-05 00:00:00+00:00, run_after=2026-07-06 00:00:00+00:00
[2026-07-06T16:47:41.208+0000] {processor.py:183} INFO - Processing /home/airflow/.local/lib/python3.8/site-packages/airflow/example_dags/example_bash_operator.py took 0.280 seconds
[2026-07-06T16:48:11.307+0000] {processor.py:161} INFO - Started process (PID=3176) to work on /home/airflow/.local/lib/python3.8/site-packages/airflow/example_dags/example_bash_operator.py
[2026-07-06T16:48:11.311+0000] {processor.py:830} INFO - Processing file /home/airflow/.local/lib/python3.8/site-packages/airflow/example_dags/example_bash_operator.py for tasks to queue
[2026-07-06T16:48:11.315+0000] {logging_mixin.py:188} INFO - [2026-07-06T16:48:11.314+0000] {dagbag.py:538} INFO - Filling up the DagBag from /home/airflow/.local/lib/python3.8/site-packages/airflow/example_dags/example_bash_operator.py
[2026-07-06T16:48:11.340+0000] {processor.py:840} INFO - DAG(s) 'example_bash_operator' retrieved from /home/airflow/.local/lib/python3.8/site-packages/airflow/example_dags/example_bash_operator.py
[2026-07-06T16:48:11.420+0000] {logging_mixin.py:188} INFO - [2026-07-06T16:48:11.419+0000] {dag.py:3036} INFO - Sync 1 DAGs
[2026-07-06T16:48:11.473+0000] {logging_mixin.py:188} INFO - [2026-07-06T16:48:11.473+0000] {dag.py:3823} INFO - Setting next_dagrun for example_bash_operator to 2026-07-05 00:00:00+00:00, run_after=2026-07-06 00:00:00+00:00
[2026-07-06T16:48:11.520+0000] {processor.py:183} INFO - Processing /home/airflow/.local/lib/python3.8/site-packages/airflow/example_dags/example_bash_operator.py took 0.223 seconds
[2026-07-06T16:48:42.232+0000] {processor.py:161} INFO - Started process (PID=3242) to work on /home/airflow/.local/lib/python3.8/site-packages/airflow/example_dags/example_bash_operator.py
[2026-07-06T16:48:42.236+0000] {processor.py:830} INFO - Processing file /home/airflow/.local/lib/python3.8/site-packages/airflow/example_dags/example_bash_operator.py for tasks to queue
[2026-07-06T16:48:42.240+0000] {logging_mixin.py:188} INFO - [2026-07-06T16:48:42.239+0000] {dagbag.py:538} INFO - Filling up the DagBag from /home/airflow/.local/lib/python3.8/site-packages/airflow/example_dags/example_bash_operator.py
[2026-07-06T16:48:42.271+0000] {processor.py:840} INFO - DAG(s) 'example_bash_operator' retrieved from /home/airflow/.local/lib/python3.8/site-packages/airflow/example_dags/example_bash_operator.py
[2026-07-06T16:48:42.347+0000] {logging_mixin.py:188} INFO - [2026-07-06T16:48:42.347+0000] {dag.py:3036} INFO - Sync 1 DAGs
[2026-07-06T16:48:42.408+0000] {logging_mixin.py:188} INFO - [2026-07-06T16:48:42.408+0000] {dag.py:3823} INFO - Setting next_dagrun for example_bash_operator to 2026-07-05 00:00:00+00:00, run_after=2026-07-06 00:00:00+00:00
[2026-07-06T16:48:42.451+0000] {processor.py:183} INFO - Processing /home/airflow/.local/lib/python3.8/site-packages/airflow/example_dags/example_bash_operator.py took 0.230 seconds
[2026-07-06T16:49:13.354+0000] {processor.py:161} INFO - Started process (PID=3308) to work on /home/airflow/.local/lib/python3.8/site-packages/airflow/example_dags/example_bash_operator.py
[2026-07-06T16:49:13.359+0000] {processor.py:830} INFO - Processing file /home/airflow/.local/lib/python3.8/site-packages/airflow/example_dags/example_bash_operator.py for tasks to queue
[2026-07-06T16:49:13.366+0000] {logging_mixin.py:188} INFO - [2026-07-06T16:49:13.365+0000] {dagbag.py:538} INFO - Filling up the DagBag from /home/airflow/.local/lib/python3.8/site-packages/airflow/example_dags/example_bash_operator.py
[2026-07-06T16:49:13.404+0000] {processor.py:840} INFO - DAG(s) 'example_bash_operator' retrieved from /home/airflow/.local/lib/python3.8/site-packages/airflow/example_dags/example_bash_operator.py
[2026-07-06T16:49:13.483+0000] {logging_mixin.py:188} INFO - [2026-07-06T16:49:13.483+0000] {dag.py:3036} INFO - Sync 1 DAGs
[2026-07-06T16:49:13.789+0000] {logging_mixin.py:188} INFO - [2026-07-06T16:49:13.789+0000] {dag.py:3823} INFO - Setting next_dagrun for example_bash_operator to 2026-07-05 00:00:00+00:00, run_after=2026-07-06 00:00:00+00:00
[2026-07-06T16:49:13.829+0000] {processor.py:183} INFO - Processing /home/airflow/.local/lib/python3.8/site-packages/airflow/example_dags/example_bash_operator.py took 0.488 seconds
[2026-07-06T16:49:44.516+0000] {processor.py:161} INFO - Started process (PID=3374) to work on /home/airflow/.local/lib/python3.8/site-packages/airflow/example_dags/example_bash_operator.py
[2026-07-06T16:49:44.527+0000] {processor.py:830} INFO - Processing file /home/airflow/.local/lib/python3.8/site-packages/airflow/example_dags/example_bash_operator.py for tasks to queue
[2026-07-06T16:49:44.533+0000] {logging_mixin.py:188} INFO - [2026-07-06T16:49:44.532+0000] {dagbag.py:538} INFO - Filling up the DagBag from /home/airflow/.local/lib/python3.8/site-packages/airflow/example_dags/example_bash_operator.py
[2026-07-06T16:49:44.571+0000] {processor.py:840} INFO - DAG(s) 'example_bash_operator' retrieved from /home/airflow/.local/lib/python3.8/site-packages/airflow/example_dags/example_bash_operator.py
[2026-07-06T16:49:44.637+0000] {logging_mixin.py:188} INFO - [2026-07-06T16:49:44.637+0000] {dag.py:3036} INFO - Sync 1 DAGs
[2026-07-06T16:49:44.699+0000] {logging_mixin.py:188} INFO - [2026-07-06T16:49:44.698+0000] {dag.py:3823} INFO - Setting next_dagrun for example_bash_operator to 2026-07-05 00:00:00+00:00, run_after=2026-07-06 00:00:00+00:00
[2026-07-06T16:49:44.746+0000] {processor.py:183} INFO - Processing /home/airflow/.local/lib/python3.8/site-packages/airflow/example_dags/example_bash_operator.py took 0.242 seconds
[2026-07-06T16:50:14.855+0000] {processor.py:161} INFO - Started process (PID=3439) to work on /home/airflow/.local/lib/python3.8/site-packages/airflow/example_dags/example_bash_operator.py
[2026-07-06T16:50:14.863+0000] {processor.py:830} INFO - Processing file /home/airflow/.local/lib/python3.8/site-packages/airflow/example_dags/example_bash_operator.py for tasks to queue
[2026-07-06T16:50:14.872+0000] {logging_mixin.py:188} INFO - [2026-07-06T16:50:14.871+0000] {dagbag.py:538} INFO - Filling up the DagBag from /home/airflow/.local/lib/python3.8/site-packages/airflow/example_dags/example_bash_operator.py
[2026-07-06T16:50:14.908+0000] {processor.py:840} INFO - DAG(s) 'example_bash_operator' retrieved from /home/airflow/.local/lib/python3.8/site-packages/airflow/example_dags/example_bash_operator.py
[2026-07-06T16:50:14.971+0000] {logging_mixin.py:188} INFO - [2026-07-06T16:50:14.970+0000] {dag.py:3036} INFO - Sync 1 DAGs
[2026-07-06T16:50:15.027+0000] {logging_mixin.py:188} INFO - [2026-07-06T16:50:15.027+0000] {dag.py:3823} INFO - Setting next_dagrun for example_bash_operator to 2026-07-05 00:00:00+00:00, run_after=2026-07-06 00:00:00+00:00
[2026-07-06T16:50:15.079+0000] {processor.py:183} INFO - Processing /home/airflow/.local/lib/python3.8/site-packages/airflow/example_dags/example_bash_operator.py took 0.249 seconds
[2026-07-06T16:50:45.798+0000] {processor.py:161} INFO - Started process (PID=3505) to work on /home/airflow/.local/lib/python3.8/site-packages/airflow/example_dags/example_bash_operator.py
[2026-07-06T16:50:45.800+0000] {processor.py:830} INFO - Processing file /home/airflow/.local/lib/python3.8/site-packages/airflow/example_dags/example_bash_operator.py for tasks to queue
[2026-07-06T16:50:45.804+0000] {logging_mixin.py:188} INFO - [2026-07-06T16:50:45.804+0000] {dagbag.py:538} INFO - Filling up the DagBag from /home/airflow/.local/lib/python3.8/site-packages/airflow/example_dags/example_bash_operator.py
[2026-07-06T16:50:45.836+0000] {processor.py:840} INFO - DAG(s) 'example_bash_operator' retrieved from /home/airflow/.local/lib/python3.8/site-packages/airflow/example_dags/example_bash_operator.py
[2026-07-06T16:50:46.165+0000] {logging_mixin.py:188} INFO - [2026-07-06T16:50:46.164+0000] {dag.py:3036} INFO - Sync 1 DAGs
[2026-07-06T16:50:46.228+0000] {logging_mixin.py:188} INFO - [2026-07-06T16:50:46.228+0000] {dag.py:3823} INFO - Setting next_dagrun for example_bash_operator to 2026-07-05 00:00:00+00:00, run_after=2026-07-06 00:00:00+00:00
[2026-07-06T16:50:46.279+0000] {processor.py:183} INFO - Processing /home/airflow/.local/lib/python3.8/site-packages/airflow/example_dags/example_bash_operator.py took 0.488 seconds
[2026-07-06T16:51:16.571+0000] {processor.py:161} INFO - Started process (PID=3571) to work on /home/airflow/.local/lib/python3.8/site-packages/airflow/example_dags/example_bash_operator.py
[2026-07-06T16:51:16.576+0000] {processor.py:830} INFO - Processing file /home/airflow/.local/lib/python3.8/site-packages/airflow/example_dags/example_bash_operator.py for tasks to queue
[2026-07-06T16:51:16.581+0000] {logging_mixin.py:188} INFO - [2026-07-06T16:51:16.580+0000] {dagbag.py:538} INFO - Filling up the DagBag from /home/airflow/.local/lib/python3.8/site-packages/airflow/example_dags/example_bash_operator.py
[2026-07-06T16:51:16.615+0000] {processor.py:840} INFO - DAG(s) 'example_bash_operator' retrieved from /home/airflow/.local/lib/python3.8/site-packages/airflow/example_dags/example_bash_operator.py
[2026-07-06T16:51:16.701+0000] {logging_mixin.py:188} INFO - [2026-07-06T16:51:16.700+0000] {dag.py:3036} INFO - Sync 1 DAGs
[2026-07-06T16:51:16.760+0000] {logging_mixin.py:188} INFO - [2026-07-06T16:51:16.760+0000] {dag.py:3823} INFO - Setting next_dagrun for example_bash_operator to 2026-07-05 00:00:00+00:00, run_after=2026-07-06 00:00:00+00:00
[2026-07-06T16:51:16.809+0000] {processor.py:183} INFO - Processing /home/airflow/.local/lib/python3.8/site-packages/airflow/example_dags/example_bash_operator.py took 0.246 seconds
[2026-07-06T16:51:46.892+0000] {processor.py:161} INFO - Started process (PID=3637) to work on /home/airflow/.local/lib/python3.8/site-packages/airflow/example_dags/example_bash_operator.py
[2026-07-06T16:51:46.895+0000] {processor.py:830} INFO - Processing file /home/airflow/.local/lib/python3.8/site-packages/airflow/example_dags/example_bash_operator.py for tasks to queue
[2026-07-06T16:51:46.900+0000] {logging_mixin.py:188} INFO - [2026-07-06T16:51:46.899+0000] {dagbag.py:538} INFO - Filling up the DagBag from /home/airflow/.local/lib/python3.8/site-packages/airflow/example_dags/example_bash_operator.py
[2026-07-06T16:51:46.935+0000] {processor.py:840} INFO - DAG(s) 'example_bash_operator' retrieved from /home/airflow/.local/lib/python3.8/site-packages/airflow/example_dags/example_bash_operator.py
[2026-07-06T16:51:47.015+0000] {logging_mixin.py:188} INFO - [2026-07-06T16:51:47.015+0000] {dag.py:3036} INFO - Sync 1 DAGs
[2026-07-06T16:51:47.074+0000] {logging_mixin.py:188} INFO - [2026-07-06T16:51:47.074+0000] {dag.py:3823} INFO - Setting next_dagrun for example_bash_operator to 2026-07-05 00:00:00+00:00, run_after=2026-07-06 00:00:00+00:00
[2026-07-06T16:51:47.120+0000] {processor.py:183} INFO - Processing /home/airflow/.local/lib/python3.8/site-packages/airflow/example_dags/example_bash_operator.py took 0.237 seconds
[2026-07-06T16:52:17.252+0000] {processor.py:161} INFO - Started process (PID=3703) to work on /home/airflow/.local/lib/python3.8/site-packages/airflow/example_dags/example_bash_operator.py
[2026-07-06T16:52:17.256+0000] {processor.py:830} INFO - Processing file /home/airflow/.local/lib/python3.8/site-packages/airflow/example_dags/example_bash_operator.py for tasks to queue
[2026-07-06T16:52:17.261+0000] {logging_mixin.py:188} INFO - [2026-07-06T16:52:17.260+0000] {dagbag.py:538} INFO - Filling up the DagBag from /home/airflow/.local/lib/python3.8/site-packages/airflow/example_dags/example_bash_operator.py
[2026-07-06T16:52:17.326+0000] {processor.py:840} INFO - DAG(s) 'example_bash_operator' retrieved from /home/airflow/.local/lib/python3.8/site-packages/airflow/example_dags/example_bash_operator.py
[2026-07-06T16:52:17.439+0000] {logging_mixin.py:188} INFO - [2026-07-06T16:52:17.439+0000] {dag.py:3036} INFO - Sync 1 DAGs
[2026-07-06T16:52:17.512+0000] {logging_mixin.py:188} INFO - [2026-07-06T16:52:17.511+0000] {dag.py:3823} INFO - Setting next_dagrun for example_bash_operator to 2026-07-05 00:00:00+00:00, run_after=2026-07-06 00:00:00+00:00
[2026-07-06T16:52:17.562+0000] {processor.py:183} INFO - Processing /home/airflow/.local/lib/python3.8/site-packages/airflow/example_dags/example_bash_operator.py took 0.332 seconds
[2026-07-06T16:52:47.806+0000] {processor.py:161} INFO - Started process (PID=3768) to work on /home/airflow/.local/lib/python3.8/site-packages/airflow/example_dags/example_bash_operator.py
[2026-07-06T16:52:47.814+0000] {processor.py:830} INFO - Processing file /home/airflow/.local/lib/python3.8/site-packages/airflow/example_dags/example_bash_operator.py for tasks to queue
[2026-07-06T16:52:47.819+0000] {logging_mixin.py:188} INFO - [2026-07-06T16:52:47.818+0000] {dagbag.py:538} INFO - Filling up the DagBag from /home/airflow/.local/lib/python3.8/site-packages/airflow/example_dags/example_bash_operator.py
[2026-07-06T16:52:47.855+0000] {processor.py:840} INFO - DAG(s) 'example_bash_operator' retrieved from /home/airflow/.local/lib/python3.8/site-packages/airflow/example_dags/example_bash_operator.py
[2026-07-06T16:52:47.987+0000] {logging_mixin.py:188} INFO - [2026-07-06T16:52:47.987+0000] {dag.py:3036} INFO - Sync 1 DAGs
[2026-07-06T16:52:48.077+0000] {logging_mixin.py:188} INFO - [2026-07-06T16:52:48.077+0000] {dag.py:3823} INFO - Setting next_dagrun for example_bash_operator to 2026-07-05 00:00:00+00:00, run_after=2026-07-06 00:00:00+00:00
[2026-07-06T16:52:48.186+0000] {processor.py:183} INFO - Processing /home/airflow/.local/lib/python3.8/site-packages/airflow/example_dags/example_bash_operator.py took 0.388 seconds
[2026-07-06T16:53:18.368+0000] {processor.py:161} INFO - Started process (PID=3833) to work on /home/airflow/.local/lib/python3.8/site-packages/airflow/example_dags/example_bash_operator.py
[2026-07-06T16:53:18.373+0000] {processor.py:830} INFO - Processing file /home/airflow/.local/lib/python3.8/site-packages/airflow/example_dags/example_bash_operator.py for tasks to queue
[2026-07-06T16:53:18.379+0000] {logging_mixin.py:188} INFO - [2026-07-06T16:53:18.378+0000] {dagbag.py:538} INFO - Filling up the DagBag from /home/airflow/.local/lib/python3.8/site-packages/airflow/example_dags/example_bash_operator.py
[2026-07-06T16:53:18.447+0000] {processor.py:840} INFO - DAG(s) 'example_bash_operator' retrieved from /home/airflow/.local/lib/python3.8/site-packages/airflow/example_dags/example_bash_operator.py
[2026-07-06T16:53:18.583+0000] {logging_mixin.py:188} INFO - [2026-07-06T16:53:18.582+0000] {dag.py:3036} INFO - Sync 1 DAGs
[2026-07-06T16:53:18.641+0000] {logging_mixin.py:188} INFO - [2026-07-06T16:53:18.641+0000] {dag.py:3823} INFO - Setting next_dagrun for example_bash_operator to 2026-07-05 00:00:00+00:00, run_after=2026-07-06 00:00:00+00:00
[2026-07-06T16:53:18.690+0000] {processor.py:183} INFO - Processing /home/airflow/.local/lib/python3.8/site-packages/airflow/example_dags/example_bash_operator.py took 0.345 seconds
[2026-07-06T16:53:48.847+0000] {processor.py:161} INFO - Started process (PID=3898) to work on /home/airflow/.local/lib/python3.8/site-packages/airflow/example_dags/example_bash_operator.py
[2026-07-06T16:53:48.863+0000] {processor.py:830} INFO - Processing file /home/airflow/.local/lib/python3.8/site-packages/airflow/example_dags/example_bash_operator.py for tasks to queue
[2026-07-06T16:53:48.872+0000] {logging_mixin.py:188} INFO - [2026-07-06T16:53:48.871+0000] {dagbag.py:538} INFO - Filling up the DagBag from /home/airflow/.local/lib/python3.8/site-packages/airflow/example_dags/example_bash_operator.py
[2026-07-06T16:53:48.904+0000] {processor.py:840} INFO - DAG(s) 'example_bash_operator' retrieved from /home/airflow/.local/lib/python3.8/site-packages/airflow/example_dags/example_bash_operator.py
[2026-07-06T16:53:48.982+0000] {logging_mixin.py:188} INFO - [2026-07-06T16:53:48.982+0000] {dag.py:3036} INFO - Sync 1 DAGs
[2026-07-06T16:53:49.044+0000] {logging_mixin.py:188} INFO - [2026-07-06T16:53:49.044+0000] {dag.py:3823} INFO - Setting next_dagrun for example_bash_operator to 2026-07-05 00:00:00+00:00, run_after=2026-07-06 00:00:00+00:00
[2026-07-06T16:53:49.098+0000] {processor.py:183} INFO - Processing /home/airflow/.local/lib/python3.8/site-packages/airflow/example_dags/example_bash_operator.py took 0.262 seconds
[2026-07-06T16:54:19.968+0000] {processor.py:161} INFO - Started process (PID=3957) to work on /home/airflow/.local/lib/python3.8/site-packages/airflow/example_dags/example_bash_operator.py
[2026-07-06T16:54:19.970+0000] {processor.py:830} INFO - Processing file /home/airflow/.local/lib/python3.8/site-packages/airflow/example_dags/example_bash_operator.py for tasks to queue
[2026-07-06T16:54:19.976+0000] {logging_mixin.py:188} INFO - [2026-07-06T16:54:19.975+0000] {dagbag.py:538} INFO - Filling up the DagBag from /home/airflow/.local/lib/python3.8/site-packages/airflow/example_dags/example_bash_operator.py
[2026-07-06T16:54:20.003+0000] {processor.py:840} INFO - DAG(s) 'example_bash_operator' retrieved from /home/airflow/.local/lib/python3.8/site-packages/airflow/example_dags/example_bash_operator.py
[2026-07-06T16:54:20.070+0000] {logging_mixin.py:188} INFO - [2026-07-06T16:54:20.070+0000] {dag.py:3036} INFO - Sync 1 DAGs
[2026-07-06T16:54:20.119+0000] {logging_mixin.py:188} INFO - [2026-07-06T16:54:20.118+0000] {dag.py:3823} INFO - Setting next_dagrun for example_bash_operator to 2026-07-05 00:00:00+00:00, run_after=2026-07-06 00:00:00+00:00
[2026-07-06T16:54:20.162+0000] {processor.py:183} INFO - Processing /home/airflow/.local/lib/python3.8/site-packages/airflow/example_dags/example_bash_operator.py took 0.207 seconds
[2026-07-06T16:54:50.297+0000] {processor.py:161} INFO - Started process (PID=4022) to work on /home/airflow/.local/lib/python3.8/site-packages/airflow/example_dags/example_bash_operator.py
[2026-07-06T16:54:50.302+0000] {processor.py:830} INFO - Processing file /home/airflow/.local/lib/python3.8/site-packages/airflow/example_dags/example_bash_operator.py for tasks to queue
[2026-07-06T16:54:50.308+0000] {logging_mixin.py:188} INFO - [2026-07-06T16:54:50.307+0000] {dagbag.py:538} INFO - Filling up the DagBag from /home/airflow/.local/lib/python3.8/site-packages/airflow/example_dags/example_bash_operator.py
[2026-07-06T16:54:50.346+0000] {processor.py:840} INFO - DAG(s) 'example_bash_operator' retrieved from /home/airflow/.local/lib/python3.8/site-packages/airflow/example_dags/example_bash_operator.py
[2026-07-06T16:54:50.420+0000] {logging_mixin.py:188} INFO - [2026-07-06T16:54:50.420+0000] {dag.py:3036} INFO - Sync 1 DAGs
[2026-07-06T16:54:50.484+0000] {logging_mixin.py:188} INFO - [2026-07-06T16:54:50.483+0000] {dag.py:3823} INFO - Setting next_dagrun for example_bash_operator to 2026-07-05 00:00:00+00:00, run_after=2026-07-06 00:00:00+00:00
[2026-07-06T16:54:50.528+0000] {processor.py:183} INFO - Processing /home/airflow/.local/lib/python3.8/site-packages/airflow/example_dags/example_bash_operator.py took 0.243 seconds
[2026-07-06T16:55:20.885+0000] {processor.py:161} INFO - Started process (PID=4088) to work on /home/airflow/.local/lib/python3.8/site-packages/airflow/example_dags/example_bash_operator.py
[2026-07-06T16:55:20.887+0000] {processor.py:830} INFO - Processing file /home/airflow/.local/lib/python3.8/site-packages/airflow/example_dags/example_bash_operator.py for tasks to queue
[2026-07-06T16:55:20.891+0000] {logging_mixin.py:188} INFO - [2026-07-06T16:55:20.890+0000] {dagbag.py:538} INFO - Filling up the DagBag from /home/airflow/.local/lib/python3.8/site-packages/airflow/example_dags/example_bash_operator.py
[2026-07-06T16:55:20.914+0000] {processor.py:840} INFO - DAG(s) 'example_bash_operator' retrieved from /home/airflow/.local/lib/python3.8/site-packages/airflow/example_dags/example_bash_operator.py
[2026-07-06T16:55:21.146+0000] {logging_mixin.py:188} INFO - [2026-07-06T16:55:21.146+0000] {dag.py:3036} INFO - Sync 1 DAGs
[2026-07-06T16:55:21.314+0000] {logging_mixin.py:188} INFO - [2026-07-06T16:55:21.313+0000] {dag.py:3823} INFO - Setting next_dagrun for example_bash_operator to 2026-07-05 00:00:00+00:00, run_after=2026-07-06 00:00:00+00:00
[2026-07-06T16:55:21.442+0000] {processor.py:183} INFO - Processing /home/airflow/.local/lib/python3.8/site-packages/airflow/example_dags/example_bash_operator.py took 0.567 seconds
