[2026-07-06T16:23:26.484+0000] {processor.py:161} INFO - Started process (PID=242) to work on /home/airflow/.local/lib/python3.8/site-packages/airflow/example_dags/example_datasets.py
[2026-07-06T16:23:26.486+0000] {processor.py:830} INFO - Processing file /home/airflow/.local/lib/python3.8/site-packages/airflow/example_dags/example_datasets.py for tasks to queue
[2026-07-06T16:23:26.513+0000] {logging_mixin.py:188} INFO - [2026-07-06T16:23:26.504+0000] {dagbag.py:538} INFO - Filling up the DagBag from /home/airflow/.local/lib/python3.8/site-packages/airflow/example_dags/example_datasets.py
[2026-07-06T16:23:26.568+0000] {processor.py:840} INFO - DAG(s) 'dataset_consumes_unknown_never_scheduled', 'dataset_consumes_1_never_scheduled', 'dataset_produces_2', 'dataset_consumes_1_and_2', 'dataset_consumes_1', 'dataset_produces_1' retrieved from /home/airflow/.local/lib/python3.8/site-packages/airflow/example_dags/example_datasets.py
[2026-07-06T16:23:31.481+0000] {logging_mixin.py:188} INFO - [2026-07-06T16:23:31.464+0000] {override.py:1769} INFO - Created Permission View: can read on DAG:dataset_consumes_unknown_never_scheduled
[2026-07-06T16:23:32.784+0000] {logging_mixin.py:188} INFO - [2026-07-06T16:23:32.784+0000] {override.py:1769} INFO - Created Permission View: can delete on DAG:dataset_consumes_unknown_never_scheduled
[2026-07-06T16:23:32.913+0000] {logging_mixin.py:188} INFO - [2026-07-06T16:23:32.911+0000] {override.py:1769} INFO - Created Permission View: can edit on DAG:dataset_consumes_unknown_never_scheduled
[2026-07-06T16:23:33.180+0000] {logging_mixin.py:188} INFO - [2026-07-06T16:23:33.180+0000] {override.py:1769} INFO - Created Permission View: can read on DAG:dataset_consumes_1_never_scheduled
[2026-07-06T16:23:33.265+0000] {logging_mixin.py:188} INFO - [2026-07-06T16:23:33.262+0000] {override.py:1769} INFO - Created Permission View: can delete on DAG:dataset_consumes_1_never_scheduled
[2026-07-06T16:23:33.480+0000] {logging_mixin.py:188} INFO - [2026-07-06T16:23:33.480+0000] {override.py:1769} INFO - Created Permission View: can edit on DAG:dataset_consumes_1_never_scheduled
[2026-07-06T16:23:34.013+0000] {logging_mixin.py:188} INFO - [2026-07-06T16:23:34.012+0000] {override.py:1769} INFO - Created Permission View: can read on DAG:dataset_produces_2
[2026-07-06T16:23:34.103+0000] {logging_mixin.py:188} INFO - [2026-07-06T16:23:34.102+0000] {override.py:1769} INFO - Created Permission View: can delete on DAG:dataset_produces_2
[2026-07-06T16:23:34.183+0000] {logging_mixin.py:188} INFO - [2026-07-06T16:23:34.182+0000] {override.py:1769} INFO - Created Permission View: can edit on DAG:dataset_produces_2
[2026-07-06T16:23:34.437+0000] {logging_mixin.py:188} INFO - [2026-07-06T16:23:34.436+0000] {override.py:1769} INFO - Created Permission View: can read on DAG:dataset_consumes_1_and_2
[2026-07-06T16:23:34.735+0000] {logging_mixin.py:188} INFO - [2026-07-06T16:23:34.734+0000] {override.py:1769} INFO - Created Permission View: can delete on DAG:dataset_consumes_1_and_2
[2026-07-06T16:23:34.977+0000] {logging_mixin.py:188} INFO - [2026-07-06T16:23:34.976+0000] {override.py:1769} INFO - Created Permission View: can edit on DAG:dataset_consumes_1_and_2
[2026-07-06T16:23:36.509+0000] {logging_mixin.py:188} INFO - [2026-07-06T16:23:36.508+0000] {override.py:1769} INFO - Created Permission View: can read on DAG:dataset_consumes_1
[2026-07-06T16:23:36.652+0000] {logging_mixin.py:188} INFO - [2026-07-06T16:23:36.651+0000] {override.py:1769} INFO - Created Permission View: can delete on DAG:dataset_consumes_1
[2026-07-06T16:23:36.725+0000] {logging_mixin.py:188} INFO - [2026-07-06T16:23:36.724+0000] {override.py:1769} INFO - Created Permission View: can edit on DAG:dataset_consumes_1
[2026-07-06T16:23:37.041+0000] {logging_mixin.py:188} INFO - [2026-07-06T16:23:37.034+0000] {override.py:1769} INFO - Created Permission View: can read on DAG:dataset_produces_1
[2026-07-06T16:23:37.102+0000] {logging_mixin.py:188} INFO - [2026-07-06T16:23:37.101+0000] {override.py:1769} INFO - Created Permission View: can delete on DAG:dataset_produces_1
[2026-07-06T16:23:37.160+0000] {logging_mixin.py:188} INFO - [2026-07-06T16:23:37.159+0000] {override.py:1769} INFO - Created Permission View: can edit on DAG:dataset_produces_1
[2026-07-06T16:23:37.162+0000] {logging_mixin.py:188} INFO - [2026-07-06T16:23:37.161+0000] {dag.py:3036} INFO - Sync 6 DAGs
[2026-07-06T16:23:37.634+0000] {logging_mixin.py:188} INFO - [2026-07-06T16:23:37.634+0000] {dag.py:3058} INFO - Creating ORM DAG for dataset_produces_1
[2026-07-06T16:23:37.649+0000] {logging_mixin.py:188} INFO - [2026-07-06T16:23:37.647+0000] {dag.py:3058} INFO - Creating ORM DAG for dataset_consumes_1_never_scheduled
[2026-07-06T16:23:37.650+0000] {logging_mixin.py:188} INFO - [2026-07-06T16:23:37.650+0000] {dag.py:3058} INFO - Creating ORM DAG for dataset_produces_2
[2026-07-06T16:23:37.651+0000] {logging_mixin.py:188} INFO - [2026-07-06T16:23:37.651+0000] {dag.py:3058} INFO - Creating ORM DAG for dataset_consumes_unknown_never_scheduled
[2026-07-06T16:23:37.653+0000] {logging_mixin.py:188} INFO - [2026-07-06T16:23:37.653+0000] {dag.py:3058} INFO - Creating ORM DAG for dataset_consumes_1
[2026-07-06T16:23:37.659+0000] {logging_mixin.py:188} INFO - [2026-07-06T16:23:37.659+0000] {dag.py:3058} INFO - Creating ORM DAG for dataset_consumes_1_and_2
[2026-07-06T16:23:38.311+0000] {logging_mixin.py:188} INFO - [2026-07-06T16:23:38.310+0000] {dag.py:3823} INFO - Setting next_dagrun for dataset_consumes_1 to None, run_after=None
[2026-07-06T16:23:38.314+0000] {logging_mixin.py:188} INFO - [2026-07-06T16:23:38.313+0000] {dag.py:3823} INFO - Setting next_dagrun for dataset_consumes_1_and_2 to None, run_after=None
[2026-07-06T16:23:38.322+0000] {logging_mixin.py:188} INFO - [2026-07-06T16:23:38.315+0000] {dag.py:3823} INFO - Setting next_dagrun for dataset_consumes_1_never_scheduled to None, run_after=None
[2026-07-06T16:23:38.328+0000] {logging_mixin.py:188} INFO - [2026-07-06T16:23:38.326+0000] {dag.py:3823} INFO - Setting next_dagrun for dataset_consumes_unknown_never_scheduled to None, run_after=None
[2026-07-06T16:23:38.345+0000] {logging_mixin.py:188} INFO - [2026-07-06T16:23:38.344+0000] {dag.py:3823} INFO - Setting next_dagrun for dataset_produces_1 to 2026-07-05 00:00:00+00:00, run_after=2026-07-06 00:00:00+00:00
[2026-07-06T16:23:38.348+0000] {logging_mixin.py:188} INFO - [2026-07-06T16:23:38.347+0000] {dag.py:3823} INFO - Setting next_dagrun for dataset_produces_2 to None, run_after=None
[2026-07-06T16:23:40.143+0000] {processor.py:183} INFO - Processing /home/airflow/.local/lib/python3.8/site-packages/airflow/example_dags/example_datasets.py took 13.709 seconds
[2026-07-06T16:24:51.901+0000] {processor.py:161} INFO - Started process (PID=325) to work on /home/airflow/.local/lib/python3.8/site-packages/airflow/example_dags/example_datasets.py
[2026-07-06T16:24:51.915+0000] {processor.py:830} INFO - Processing file /home/airflow/.local/lib/python3.8/site-packages/airflow/example_dags/example_datasets.py for tasks to queue
[2026-07-06T16:24:51.920+0000] {logging_mixin.py:188} INFO - [2026-07-06T16:24:51.919+0000] {dagbag.py:538} INFO - Filling up the DagBag from /home/airflow/.local/lib/python3.8/site-packages/airflow/example_dags/example_datasets.py
[2026-07-06T16:24:51.951+0000] {processor.py:840} INFO - DAG(s) 'dataset_produces_2', 'dataset_consumes_1_never_scheduled', 'dataset_consumes_1_and_2', 'dataset_produces_1', 'dataset_consumes_unknown_never_scheduled', 'dataset_consumes_1' retrieved from /home/airflow/.local/lib/python3.8/site-packages/airflow/example_dags/example_datasets.py
[2026-07-06T16:24:52.052+0000] {logging_mixin.py:188} INFO - [2026-07-06T16:24:52.052+0000] {dag.py:3036} INFO - Sync 6 DAGs
[2026-07-06T16:24:52.135+0000] {logging_mixin.py:188} INFO - [2026-07-06T16:24:52.134+0000] {dag.py:3823} INFO - Setting next_dagrun for dataset_consumes_1 to None, run_after=None
[2026-07-06T16:24:52.143+0000] {logging_mixin.py:188} INFO - [2026-07-06T16:24:52.143+0000] {dag.py:3823} INFO - Setting next_dagrun for dataset_consumes_1_and_2 to None, run_after=None
[2026-07-06T16:24:52.146+0000] {logging_mixin.py:188} INFO - [2026-07-06T16:24:52.146+0000] {dag.py:3823} INFO - Setting next_dagrun for dataset_consumes_1_never_scheduled to None, run_after=None
[2026-07-06T16:24:52.151+0000] {logging_mixin.py:188} INFO - [2026-07-06T16:24:52.150+0000] {dag.py:3823} INFO - Setting next_dagrun for dataset_consumes_unknown_never_scheduled to None, run_after=None
[2026-07-06T16:24:52.161+0000] {logging_mixin.py:188} INFO - [2026-07-06T16:24:52.160+0000] {dag.py:3823} INFO - Setting next_dagrun for dataset_produces_1 to 2026-07-05 00:00:00+00:00, run_after=2026-07-06 00:00:00+00:00
[2026-07-06T16:24:52.166+0000] {logging_mixin.py:188} INFO - [2026-07-06T16:24:52.165+0000] {dag.py:3823} INFO - Setting next_dagrun for dataset_produces_2 to None, run_after=None
[2026-07-06T16:24:52.264+0000] {processor.py:183} INFO - Processing /home/airflow/.local/lib/python3.8/site-packages/airflow/example_dags/example_datasets.py took 0.375 seconds
[2026-07-06T16:25:23.518+0000] {processor.py:161} INFO - Started process (PID=391) to work on /home/airflow/.local/lib/python3.8/site-packages/airflow/example_dags/example_datasets.py
[2026-07-06T16:25:23.537+0000] {processor.py:830} INFO - Processing file /home/airflow/.local/lib/python3.8/site-packages/airflow/example_dags/example_datasets.py for tasks to queue
[2026-07-06T16:25:23.554+0000] {logging_mixin.py:188} INFO - [2026-07-06T16:25:23.553+0000] {dagbag.py:538} INFO - Filling up the DagBag from /home/airflow/.local/lib/python3.8/site-packages/airflow/example_dags/example_datasets.py
[2026-07-06T16:25:23.676+0000] {processor.py:840} INFO - DAG(s) 'dataset_consumes_1_never_scheduled', 'dataset_consumes_1', 'dataset_consumes_1_and_2', 'dataset_produces_1', 'dataset_produces_2', 'dataset_consumes_unknown_never_scheduled' retrieved from /home/airflow/.local/lib/python3.8/site-packages/airflow/example_dags/example_datasets.py
[2026-07-06T16:25:23.807+0000] {logging_mixin.py:188} INFO - [2026-07-06T16:25:23.807+0000] {dag.py:3036} INFO - Sync 6 DAGs
[2026-07-06T16:25:24.018+0000] {logging_mixin.py:188} INFO - [2026-07-06T16:25:24.017+0000] {dag.py:3823} INFO - Setting next_dagrun for dataset_consumes_1 to None, run_after=None
[2026-07-06T16:25:24.054+0000] {logging_mixin.py:188} INFO - [2026-07-06T16:25:24.053+0000] {dag.py:3823} INFO - Setting next_dagrun for dataset_consumes_1_and_2 to None, run_after=None
[2026-07-06T16:25:24.073+0000] {logging_mixin.py:188} INFO - [2026-07-06T16:25:24.072+0000] {dag.py:3823} INFO - Setting next_dagrun for dataset_consumes_1_never_scheduled to None, run_after=None
[2026-07-06T16:25:24.092+0000] {logging_mixin.py:188} INFO - [2026-07-06T16:25:24.083+0000] {dag.py:3823} INFO - Setting next_dagrun for dataset_consumes_unknown_never_scheduled to None, run_after=None
[2026-07-06T16:25:24.099+0000] {logging_mixin.py:188} INFO - [2026-07-06T16:25:24.098+0000] {dag.py:3823} INFO - Setting next_dagrun for dataset_produces_1 to 2026-07-05 00:00:00+00:00, run_after=2026-07-06 00:00:00+00:00
[2026-07-06T16:25:24.108+0000] {logging_mixin.py:188} INFO - [2026-07-06T16:25:24.107+0000] {dag.py:3823} INFO - Setting next_dagrun for dataset_produces_2 to None, run_after=None
[2026-07-06T16:25:24.358+0000] {processor.py:183} INFO - Processing /home/airflow/.local/lib/python3.8/site-packages/airflow/example_dags/example_datasets.py took 0.888 seconds
[2026-07-06T16:25:55.089+0000] {processor.py:161} INFO - Started process (PID=448) to work on /home/airflow/.local/lib/python3.8/site-packages/airflow/example_dags/example_datasets.py
[2026-07-06T16:25:55.100+0000] {processor.py:830} INFO - Processing file /home/airflow/.local/lib/python3.8/site-packages/airflow/example_dags/example_datasets.py for tasks to queue
[2026-07-06T16:25:55.106+0000] {logging_mixin.py:188} INFO - [2026-07-06T16:25:55.106+0000] {dagbag.py:538} INFO - Filling up the DagBag from /home/airflow/.local/lib/python3.8/site-packages/airflow/example_dags/example_datasets.py
[2026-07-06T16:25:55.151+0000] {processor.py:840} INFO - DAG(s) 'dataset_consumes_1', 'dataset_consumes_1_and_2', 'dataset_consumes_unknown_never_scheduled', 'dataset_produces_1', 'dataset_produces_2', 'dataset_consumes_1_never_scheduled' retrieved from /home/airflow/.local/lib/python3.8/site-packages/airflow/example_dags/example_datasets.py
[2026-07-06T16:25:55.325+0000] {logging_mixin.py:188} INFO - [2026-07-06T16:25:55.324+0000] {dag.py:3036} INFO - Sync 6 DAGs
[2026-07-06T16:25:55.442+0000] {logging_mixin.py:188} INFO - [2026-07-06T16:25:55.442+0000] {dag.py:3823} INFO - Setting next_dagrun for dataset_consumes_1 to None, run_after=None
[2026-07-06T16:25:55.456+0000] {logging_mixin.py:188} INFO - [2026-07-06T16:25:55.455+0000] {dag.py:3823} INFO - Setting next_dagrun for dataset_consumes_1_and_2 to None, run_after=None
[2026-07-06T16:25:55.460+0000] {logging_mixin.py:188} INFO - [2026-07-06T16:25:55.460+0000] {dag.py:3823} INFO - Setting next_dagrun for dataset_consumes_1_never_scheduled to None, run_after=None
[2026-07-06T16:25:55.464+0000] {logging_mixin.py:188} INFO - [2026-07-06T16:25:55.464+0000] {dag.py:3823} INFO - Setting next_dagrun for dataset_consumes_unknown_never_scheduled to None, run_after=None
[2026-07-06T16:25:55.477+0000] {logging_mixin.py:188} INFO - [2026-07-06T16:25:55.477+0000] {dag.py:3823} INFO - Setting next_dagrun for dataset_produces_1 to 2026-07-05 00:00:00+00:00, run_after=2026-07-06 00:00:00+00:00
[2026-07-06T16:25:55.481+0000] {logging_mixin.py:188} INFO - [2026-07-06T16:25:55.480+0000] {dag.py:3823} INFO - Setting next_dagrun for dataset_produces_2 to None, run_after=None
[2026-07-06T16:25:55.612+0000] {processor.py:183} INFO - Processing /home/airflow/.local/lib/python3.8/site-packages/airflow/example_dags/example_datasets.py took 0.535 seconds
[2026-07-06T16:26:26.253+0000] {processor.py:161} INFO - Started process (PID=514) to work on /home/airflow/.local/lib/python3.8/site-packages/airflow/example_dags/example_datasets.py
[2026-07-06T16:26:26.257+0000] {processor.py:830} INFO - Processing file /home/airflow/.local/lib/python3.8/site-packages/airflow/example_dags/example_datasets.py for tasks to queue
[2026-07-06T16:26:26.265+0000] {logging_mixin.py:188} INFO - [2026-07-06T16:26:26.264+0000] {dagbag.py:538} INFO - Filling up the DagBag from /home/airflow/.local/lib/python3.8/site-packages/airflow/example_dags/example_datasets.py
[2026-07-06T16:26:26.295+0000] {processor.py:840} INFO - DAG(s) 'dataset_produces_2', 'dataset_produces_1', 'dataset_consumes_unknown_never_scheduled', 'dataset_consumes_1', 'dataset_consumes_1_never_scheduled', 'dataset_consumes_1_and_2' retrieved from /home/airflow/.local/lib/python3.8/site-packages/airflow/example_dags/example_datasets.py
[2026-07-06T16:26:26.410+0000] {logging_mixin.py:188} INFO - [2026-07-06T16:26:26.409+0000] {dag.py:3036} INFO - Sync 6 DAGs
[2026-07-06T16:26:26.468+0000] {logging_mixin.py:188} INFO - [2026-07-06T16:26:26.468+0000] {dag.py:3823} INFO - Setting next_dagrun for dataset_consumes_1 to None, run_after=None
[2026-07-06T16:26:26.478+0000] {logging_mixin.py:188} INFO - [2026-07-06T16:26:26.477+0000] {dag.py:3823} INFO - Setting next_dagrun for dataset_consumes_1_and_2 to None, run_after=None
[2026-07-06T16:26:26.481+0000] {logging_mixin.py:188} INFO - [2026-07-06T16:26:26.481+0000] {dag.py:3823} INFO - Setting next_dagrun for dataset_consumes_1_never_scheduled to None, run_after=None
[2026-07-06T16:26:26.484+0000] {logging_mixin.py:188} INFO - [2026-07-06T16:26:26.484+0000] {dag.py:3823} INFO - Setting next_dagrun for dataset_consumes_unknown_never_scheduled to None, run_after=None
[2026-07-06T16:26:26.491+0000] {logging_mixin.py:188} INFO - [2026-07-06T16:26:26.490+0000] {dag.py:3823} INFO - Setting next_dagrun for dataset_produces_1 to 2026-07-05 00:00:00+00:00, run_after=2026-07-06 00:00:00+00:00
[2026-07-06T16:26:26.493+0000] {logging_mixin.py:188} INFO - [2026-07-06T16:26:26.493+0000] {dag.py:3823} INFO - Setting next_dagrun for dataset_produces_2 to None, run_after=None
[2026-07-06T16:26:26.575+0000] {processor.py:183} INFO - Processing /home/airflow/.local/lib/python3.8/site-packages/airflow/example_dags/example_datasets.py took 0.336 seconds
[2026-07-06T16:26:56.768+0000] {processor.py:161} INFO - Started process (PID=580) to work on /home/airflow/.local/lib/python3.8/site-packages/airflow/example_dags/example_datasets.py
[2026-07-06T16:26:56.772+0000] {processor.py:830} INFO - Processing file /home/airflow/.local/lib/python3.8/site-packages/airflow/example_dags/example_datasets.py for tasks to queue
[2026-07-06T16:26:56.779+0000] {logging_mixin.py:188} INFO - [2026-07-06T16:26:56.778+0000] {dagbag.py:538} INFO - Filling up the DagBag from /home/airflow/.local/lib/python3.8/site-packages/airflow/example_dags/example_datasets.py
[2026-07-06T16:26:56.804+0000] {processor.py:840} INFO - DAG(s) 'dataset_consumes_1_never_scheduled', 'dataset_produces_2', 'dataset_consumes_1_and_2', 'dataset_consumes_unknown_never_scheduled', 'dataset_produces_1', 'dataset_consumes_1' retrieved from /home/airflow/.local/lib/python3.8/site-packages/airflow/example_dags/example_datasets.py
[2026-07-06T16:26:56.899+0000] {logging_mixin.py:188} INFO - [2026-07-06T16:26:56.898+0000] {dag.py:3036} INFO - Sync 6 DAGs
[2026-07-06T16:26:56.965+0000] {logging_mixin.py:188} INFO - [2026-07-06T16:26:56.964+0000] {dag.py:3823} INFO - Setting next_dagrun for dataset_consumes_1 to None, run_after=None
[2026-07-06T16:26:56.974+0000] {logging_mixin.py:188} INFO - [2026-07-06T16:26:56.973+0000] {dag.py:3823} INFO - Setting next_dagrun for dataset_consumes_1_and_2 to None, run_after=None
[2026-07-06T16:26:56.977+0000] {logging_mixin.py:188} INFO - [2026-07-06T16:26:56.976+0000] {dag.py:3823} INFO - Setting next_dagrun for dataset_consumes_1_never_scheduled to None, run_after=None
[2026-07-06T16:26:56.980+0000] {logging_mixin.py:188} INFO - [2026-07-06T16:26:56.979+0000] {dag.py:3823} INFO - Setting next_dagrun for dataset_consumes_unknown_never_scheduled to None, run_after=None
[2026-07-06T16:26:56.987+0000] {logging_mixin.py:188} INFO - [2026-07-06T16:26:56.987+0000] {dag.py:3823} INFO - Setting next_dagrun for dataset_produces_1 to 2026-07-05 00:00:00+00:00, run_after=2026-07-06 00:00:00+00:00
[2026-07-06T16:26:56.990+0000] {logging_mixin.py:188} INFO - [2026-07-06T16:26:56.990+0000] {dag.py:3823} INFO - Setting next_dagrun for dataset_produces_2 to None, run_after=None
[2026-07-06T16:26:57.073+0000] {processor.py:183} INFO - Processing /home/airflow/.local/lib/python3.8/site-packages/airflow/example_dags/example_datasets.py took 0.319 seconds
[2026-07-06T16:27:31.614+0000] {processor.py:161} INFO - Started process (PID=646) to work on /home/airflow/.local/lib/python3.8/site-packages/airflow/example_dags/example_datasets.py
[2026-07-06T16:27:31.623+0000] {processor.py:830} INFO - Processing file /home/airflow/.local/lib/python3.8/site-packages/airflow/example_dags/example_datasets.py for tasks to queue
[2026-07-06T16:27:31.628+0000] {logging_mixin.py:188} INFO - [2026-07-06T16:27:31.627+0000] {dagbag.py:538} INFO - Filling up the DagBag from /home/airflow/.local/lib/python3.8/site-packages/airflow/example_dags/example_datasets.py
[2026-07-06T16:27:31.666+0000] {processor.py:840} INFO - DAG(s) 'dataset_consumes_1_and_2', 'dataset_consumes_1_never_scheduled', 'dataset_consumes_unknown_never_scheduled', 'dataset_produces_1', 'dataset_consumes_1', 'dataset_produces_2' retrieved from /home/airflow/.local/lib/python3.8/site-packages/airflow/example_dags/example_datasets.py
[2026-07-06T16:27:31.811+0000] {logging_mixin.py:188} INFO - [2026-07-06T16:27:31.810+0000] {dag.py:3036} INFO - Sync 6 DAGs
[2026-07-06T16:27:31.902+0000] {logging_mixin.py:188} INFO - [2026-07-06T16:27:31.902+0000] {dag.py:3823} INFO - Setting next_dagrun for dataset_consumes_1 to None, run_after=None
[2026-07-06T16:27:31.916+0000] {logging_mixin.py:188} INFO - [2026-07-06T16:27:31.915+0000] {dag.py:3823} INFO - Setting next_dagrun for dataset_consumes_1_and_2 to None, run_after=None
[2026-07-06T16:27:31.920+0000] {logging_mixin.py:188} INFO - [2026-07-06T16:27:31.919+0000] {dag.py:3823} INFO - Setting next_dagrun for dataset_consumes_1_never_scheduled to None, run_after=None
[2026-07-06T16:27:31.924+0000] {logging_mixin.py:188} INFO - [2026-07-06T16:27:31.924+0000] {dag.py:3823} INFO - Setting next_dagrun for dataset_consumes_unknown_never_scheduled to None, run_after=None
[2026-07-06T16:27:31.939+0000] {logging_mixin.py:188} INFO - [2026-07-06T16:27:31.938+0000] {dag.py:3823} INFO - Setting next_dagrun for dataset_produces_1 to 2026-07-05 00:00:00+00:00, run_after=2026-07-06 00:00:00+00:00
[2026-07-06T16:27:31.943+0000] {logging_mixin.py:188} INFO - [2026-07-06T16:27:31.942+0000] {dag.py:3823} INFO - Setting next_dagrun for dataset_produces_2 to None, run_after=None
[2026-07-06T16:27:32.081+0000] {processor.py:183} INFO - Processing /home/airflow/.local/lib/python3.8/site-packages/airflow/example_dags/example_datasets.py took 0.485 seconds
[2026-07-06T16:28:07.933+0000] {processor.py:161} INFO - Started process (PID=712) to work on /home/airflow/.local/lib/python3.8/site-packages/airflow/example_dags/example_datasets.py
[2026-07-06T16:28:07.935+0000] {processor.py:830} INFO - Processing file /home/airflow/.local/lib/python3.8/site-packages/airflow/example_dags/example_datasets.py for tasks to queue
[2026-07-06T16:28:07.940+0000] {logging_mixin.py:188} INFO - [2026-07-06T16:28:07.939+0000] {dagbag.py:538} INFO - Filling up the DagBag from /home/airflow/.local/lib/python3.8/site-packages/airflow/example_dags/example_datasets.py
[2026-07-06T16:28:07.972+0000] {processor.py:840} INFO - DAG(s) 'dataset_consumes_1_and_2', 'dataset_produces_1', 'dataset_consumes_unknown_never_scheduled', 'dataset_produces_2', 'dataset_consumes_1', 'dataset_consumes_1_never_scheduled' retrieved from /home/airflow/.local/lib/python3.8/site-packages/airflow/example_dags/example_datasets.py
[2026-07-06T16:28:08.141+0000] {logging_mixin.py:188} INFO - [2026-07-06T16:28:08.140+0000] {dag.py:3036} INFO - Sync 6 DAGs
[2026-07-06T16:28:08.222+0000] {logging_mixin.py:188} INFO - [2026-07-06T16:28:08.221+0000] {dag.py:3823} INFO - Setting next_dagrun for dataset_consumes_1 to None, run_after=None
[2026-07-06T16:28:08.231+0000] {logging_mixin.py:188} INFO - [2026-07-06T16:28:08.229+0000] {dag.py:3823} INFO - Setting next_dagrun for dataset_consumes_1_and_2 to None, run_after=None
[2026-07-06T16:28:08.234+0000] {logging_mixin.py:188} INFO - [2026-07-06T16:28:08.234+0000] {dag.py:3823} INFO - Setting next_dagrun for dataset_consumes_1_never_scheduled to None, run_after=None
[2026-07-06T16:28:08.238+0000] {logging_mixin.py:188} INFO - [2026-07-06T16:28:08.237+0000] {dag.py:3823} INFO - Setting next_dagrun for dataset_consumes_unknown_never_scheduled to None, run_after=None
[2026-07-06T16:28:08.246+0000] {logging_mixin.py:188} INFO - [2026-07-06T16:28:08.245+0000] {dag.py:3823} INFO - Setting next_dagrun for dataset_produces_1 to 2026-07-05 00:00:00+00:00, run_after=2026-07-06 00:00:00+00:00
[2026-07-06T16:28:08.252+0000] {logging_mixin.py:188} INFO - [2026-07-06T16:28:08.252+0000] {dag.py:3823} INFO - Setting next_dagrun for dataset_produces_2 to None, run_after=None
[2026-07-06T16:28:08.359+0000] {processor.py:183} INFO - Processing /home/airflow/.local/lib/python3.8/site-packages/airflow/example_dags/example_datasets.py took 0.493 seconds
[2026-07-06T16:28:42.615+0000] {processor.py:161} INFO - Started process (PID=777) to work on /home/airflow/.local/lib/python3.8/site-packages/airflow/example_dags/example_datasets.py
[2026-07-06T16:28:42.637+0000] {processor.py:830} INFO - Processing file /home/airflow/.local/lib/python3.8/site-packages/airflow/example_dags/example_datasets.py for tasks to queue
[2026-07-06T16:28:42.651+0000] {logging_mixin.py:188} INFO - [2026-07-06T16:28:42.650+0000] {dagbag.py:538} INFO - Filling up the DagBag from /home/airflow/.local/lib/python3.8/site-packages/airflow/example_dags/example_datasets.py
[2026-07-06T16:28:42.758+0000] {processor.py:840} INFO - DAG(s) 'dataset_consumes_1_and_2', 'dataset_consumes_1_never_scheduled', 'dataset_consumes_1', 'dataset_produces_1', 'dataset_consumes_unknown_never_scheduled', 'dataset_produces_2' retrieved from /home/airflow/.local/lib/python3.8/site-packages/airflow/example_dags/example_datasets.py
[2026-07-06T16:28:42.907+0000] {logging_mixin.py:188} INFO - [2026-07-06T16:28:42.906+0000] {dag.py:3036} INFO - Sync 6 DAGs
[2026-07-06T16:28:43.001+0000] {logging_mixin.py:188} INFO - [2026-07-06T16:28:43.000+0000] {dag.py:3823} INFO - Setting next_dagrun for dataset_consumes_1 to None, run_after=None
[2026-07-06T16:28:43.010+0000] {logging_mixin.py:188} INFO - [2026-07-06T16:28:43.010+0000] {dag.py:3823} INFO - Setting next_dagrun for dataset_consumes_1_and_2 to None, run_after=None
[2026-07-06T16:28:43.014+0000] {logging_mixin.py:188} INFO - [2026-07-06T16:28:43.013+0000] {dag.py:3823} INFO - Setting next_dagrun for dataset_consumes_1_never_scheduled to None, run_after=None
[2026-07-06T16:28:43.018+0000] {logging_mixin.py:188} INFO - [2026-07-06T16:28:43.017+0000] {dag.py:3823} INFO - Setting next_dagrun for dataset_consumes_unknown_never_scheduled to None, run_after=None
[2026-07-06T16:28:43.025+0000] {logging_mixin.py:188} INFO - [2026-07-06T16:28:43.025+0000] {dag.py:3823} INFO - Setting next_dagrun for dataset_produces_1 to 2026-07-05 00:00:00+00:00, run_after=2026-07-06 00:00:00+00:00
[2026-07-06T16:28:43.028+0000] {logging_mixin.py:188} INFO - [2026-07-06T16:28:43.028+0000] {dag.py:3823} INFO - Setting next_dagrun for dataset_produces_2 to None, run_after=None
[2026-07-06T16:28:43.427+0000] {processor.py:183} INFO - Processing /home/airflow/.local/lib/python3.8/site-packages/airflow/example_dags/example_datasets.py took 0.836 seconds
[2026-07-06T16:29:14.243+0000] {processor.py:161} INFO - Started process (PID=836) to work on /home/airflow/.local/lib/python3.8/site-packages/airflow/example_dags/example_datasets.py
[2026-07-06T16:29:14.247+0000] {processor.py:830} INFO - Processing file /home/airflow/.local/lib/python3.8/site-packages/airflow/example_dags/example_datasets.py for tasks to queue
[2026-07-06T16:29:14.252+0000] {logging_mixin.py:188} INFO - [2026-07-06T16:29:14.251+0000] {dagbag.py:538} INFO - Filling up the DagBag from /home/airflow/.local/lib/python3.8/site-packages/airflow/example_dags/example_datasets.py
[2026-07-06T16:29:14.284+0000] {processor.py:840} INFO - DAG(s) 'dataset_produces_1', 'dataset_produces_2', 'dataset_consumes_1_never_scheduled', 'dataset_consumes_1_and_2', 'dataset_consumes_1', 'dataset_consumes_unknown_never_scheduled' retrieved from /home/airflow/.local/lib/python3.8/site-packages/airflow/example_dags/example_datasets.py
[2026-07-06T16:29:14.370+0000] {logging_mixin.py:188} INFO - [2026-07-06T16:29:14.370+0000] {dag.py:3036} INFO - Sync 6 DAGs
[2026-07-06T16:29:14.428+0000] {logging_mixin.py:188} INFO - [2026-07-06T16:29:14.427+0000] {dag.py:3823} INFO - Setting next_dagrun for dataset_consumes_1 to None, run_after=None
[2026-07-06T16:29:14.438+0000] {logging_mixin.py:188} INFO - [2026-07-06T16:29:14.438+0000] {dag.py:3823} INFO - Setting next_dagrun for dataset_consumes_1_and_2 to None, run_after=None
[2026-07-06T16:29:14.442+0000] {logging_mixin.py:188} INFO - [2026-07-06T16:29:14.441+0000] {dag.py:3823} INFO - Setting next_dagrun for dataset_consumes_1_never_scheduled to None, run_after=None
[2026-07-06T16:29:14.446+0000] {logging_mixin.py:188} INFO - [2026-07-06T16:29:14.445+0000] {dag.py:3823} INFO - Setting next_dagrun for dataset_consumes_unknown_never_scheduled to None, run_after=None
[2026-07-06T16:29:14.452+0000] {logging_mixin.py:188} INFO - [2026-07-06T16:29:14.451+0000] {dag.py:3823} INFO - Setting next_dagrun for dataset_produces_1 to 2026-07-05 00:00:00+00:00, run_after=2026-07-06 00:00:00+00:00
[2026-07-06T16:29:14.455+0000] {logging_mixin.py:188} INFO - [2026-07-06T16:29:14.454+0000] {dag.py:3823} INFO - Setting next_dagrun for dataset_produces_2 to None, run_after=None
[2026-07-06T16:29:14.530+0000] {processor.py:183} INFO - Processing /home/airflow/.local/lib/python3.8/site-packages/airflow/example_dags/example_datasets.py took 0.305 seconds
[2026-07-06T16:29:44.850+0000] {processor.py:161} INFO - Started process (PID=900) to work on /home/airflow/.local/lib/python3.8/site-packages/airflow/example_dags/example_datasets.py
[2026-07-06T16:29:44.856+0000] {processor.py:830} INFO - Processing file /home/airflow/.local/lib/python3.8/site-packages/airflow/example_dags/example_datasets.py for tasks to queue
[2026-07-06T16:29:44.861+0000] {logging_mixin.py:188} INFO - [2026-07-06T16:29:44.860+0000] {dagbag.py:538} INFO - Filling up the DagBag from /home/airflow/.local/lib/python3.8/site-packages/airflow/example_dags/example_datasets.py
[2026-07-06T16:29:44.884+0000] {processor.py:840} INFO - DAG(s) 'dataset_consumes_unknown_never_scheduled', 'dataset_consumes_1', 'dataset_produces_2', 'dataset_produces_1', 'dataset_consumes_1_never_scheduled', 'dataset_consumes_1_and_2' retrieved from /home/airflow/.local/lib/python3.8/site-packages/airflow/example_dags/example_datasets.py
[2026-07-06T16:29:44.991+0000] {logging_mixin.py:188} INFO - [2026-07-06T16:29:44.990+0000] {dag.py:3036} INFO - Sync 6 DAGs
[2026-07-06T16:29:45.043+0000] {logging_mixin.py:188} INFO - [2026-07-06T16:29:45.043+0000] {dag.py:3823} INFO - Setting next_dagrun for dataset_consumes_1 to None, run_after=None
[2026-07-06T16:29:45.052+0000] {logging_mixin.py:188} INFO - [2026-07-06T16:29:45.052+0000] {dag.py:3823} INFO - Setting next_dagrun for dataset_consumes_1_and_2 to None, run_after=None
[2026-07-06T16:29:45.056+0000] {logging_mixin.py:188} INFO - [2026-07-06T16:29:45.055+0000] {dag.py:3823} INFO - Setting next_dagrun for dataset_consumes_1_never_scheduled to None, run_after=None
[2026-07-06T16:29:45.059+0000] {logging_mixin.py:188} INFO - [2026-07-06T16:29:45.058+0000] {dag.py:3823} INFO - Setting next_dagrun for dataset_consumes_unknown_never_scheduled to None, run_after=None
[2026-07-06T16:29:45.067+0000] {logging_mixin.py:188} INFO - [2026-07-06T16:29:45.066+0000] {dag.py:3823} INFO - Setting next_dagrun for dataset_produces_1 to 2026-07-05 00:00:00+00:00, run_after=2026-07-06 00:00:00+00:00
[2026-07-06T16:29:45.071+0000] {logging_mixin.py:188} INFO - [2026-07-06T16:29:45.070+0000] {dag.py:3823} INFO - Setting next_dagrun for dataset_produces_2 to None, run_after=None
[2026-07-06T16:29:45.149+0000] {processor.py:183} INFO - Processing /home/airflow/.local/lib/python3.8/site-packages/airflow/example_dags/example_datasets.py took 0.306 seconds
[2026-07-06T16:30:16.236+0000] {processor.py:161} INFO - Started process (PID=966) to work on /home/airflow/.local/lib/python3.8/site-packages/airflow/example_dags/example_datasets.py
[2026-07-06T16:30:16.240+0000] {processor.py:830} INFO - Processing file /home/airflow/.local/lib/python3.8/site-packages/airflow/example_dags/example_datasets.py for tasks to queue
[2026-07-06T16:30:16.261+0000] {logging_mixin.py:188} INFO - [2026-07-06T16:30:16.260+0000] {dagbag.py:538} INFO - Filling up the DagBag from /home/airflow/.local/lib/python3.8/site-packages/airflow/example_dags/example_datasets.py
[2026-07-06T16:30:16.430+0000] {processor.py:840} INFO - DAG(s) 'dataset_produces_2', 'dataset_consumes_1_and_2', 'dataset_consumes_1_never_scheduled', 'dataset_consumes_unknown_never_scheduled', 'dataset_produces_1', 'dataset_consumes_1' retrieved from /home/airflow/.local/lib/python3.8/site-packages/airflow/example_dags/example_datasets.py
[2026-07-06T16:30:17.925+0000] {logging_mixin.py:188} INFO - [2026-07-06T16:30:17.925+0000] {dag.py:3036} INFO - Sync 6 DAGs
[2026-07-06T16:30:18.334+0000] {logging_mixin.py:188} INFO - [2026-07-06T16:30:18.333+0000] {dag.py:3823} INFO - Setting next_dagrun for dataset_consumes_1 to None, run_after=None
[2026-07-06T16:30:18.355+0000] {logging_mixin.py:188} INFO - [2026-07-06T16:30:18.354+0000] {dag.py:3823} INFO - Setting next_dagrun for dataset_consumes_1_and_2 to None, run_after=None
[2026-07-06T16:30:18.367+0000] {logging_mixin.py:188} INFO - [2026-07-06T16:30:18.367+0000] {dag.py:3823} INFO - Setting next_dagrun for dataset_consumes_1_never_scheduled to None, run_after=None
[2026-07-06T16:30:18.379+0000] {logging_mixin.py:188} INFO - [2026-07-06T16:30:18.374+0000] {dag.py:3823} INFO - Setting next_dagrun for dataset_consumes_unknown_never_scheduled to None, run_after=None
[2026-07-06T16:30:18.425+0000] {logging_mixin.py:188} INFO - [2026-07-06T16:30:18.424+0000] {dag.py:3823} INFO - Setting next_dagrun for dataset_produces_1 to 2026-07-05 00:00:00+00:00, run_after=2026-07-06 00:00:00+00:00
[2026-07-06T16:30:18.477+0000] {logging_mixin.py:188} INFO - [2026-07-06T16:30:18.476+0000] {dag.py:3823} INFO - Setting next_dagrun for dataset_produces_2 to None, run_after=None
[2026-07-06T16:30:18.975+0000] {processor.py:183} INFO - Processing /home/airflow/.local/lib/python3.8/site-packages/airflow/example_dags/example_datasets.py took 3.031 seconds
[2026-07-06T16:30:49.129+0000] {processor.py:161} INFO - Started process (PID=1024) to work on /home/airflow/.local/lib/python3.8/site-packages/airflow/example_dags/example_datasets.py
[2026-07-06T16:30:49.131+0000] {processor.py:830} INFO - Processing file /home/airflow/.local/lib/python3.8/site-packages/airflow/example_dags/example_datasets.py for tasks to queue
[2026-07-06T16:30:49.141+0000] {logging_mixin.py:188} INFO - [2026-07-06T16:30:49.140+0000] {dagbag.py:538} INFO - Filling up the DagBag from /home/airflow/.local/lib/python3.8/site-packages/airflow/example_dags/example_datasets.py
[2026-07-06T16:30:49.163+0000] {processor.py:840} INFO - DAG(s) 'dataset_produces_1', 'dataset_produces_2', 'dataset_consumes_1_and_2', 'dataset_consumes_unknown_never_scheduled', 'dataset_consumes_1', 'dataset_consumes_1_never_scheduled' retrieved from /home/airflow/.local/lib/python3.8/site-packages/airflow/example_dags/example_datasets.py
[2026-07-06T16:30:49.263+0000] {logging_mixin.py:188} INFO - [2026-07-06T16:30:49.263+0000] {dag.py:3036} INFO - Sync 6 DAGs
[2026-07-06T16:30:49.310+0000] {logging_mixin.py:188} INFO - [2026-07-06T16:30:49.310+0000] {dag.py:3823} INFO - Setting next_dagrun for dataset_consumes_1 to None, run_after=None
[2026-07-06T16:30:49.318+0000] {logging_mixin.py:188} INFO - [2026-07-06T16:30:49.317+0000] {dag.py:3823} INFO - Setting next_dagrun for dataset_consumes_1_and_2 to None, run_after=None
[2026-07-06T16:30:49.320+0000] {logging_mixin.py:188} INFO - [2026-07-06T16:30:49.320+0000] {dag.py:3823} INFO - Setting next_dagrun for dataset_consumes_1_never_scheduled to None, run_after=None
[2026-07-06T16:30:49.323+0000] {logging_mixin.py:188} INFO - [2026-07-06T16:30:49.323+0000] {dag.py:3823} INFO - Setting next_dagrun for dataset_consumes_unknown_never_scheduled to None, run_after=None
[2026-07-06T16:30:49.328+0000] {logging_mixin.py:188} INFO - [2026-07-06T16:30:49.328+0000] {dag.py:3823} INFO - Setting next_dagrun for dataset_produces_1 to 2026-07-05 00:00:00+00:00, run_after=2026-07-06 00:00:00+00:00
[2026-07-06T16:30:49.331+0000] {logging_mixin.py:188} INFO - [2026-07-06T16:30:49.330+0000] {dag.py:3823} INFO - Setting next_dagrun for dataset_produces_2 to None, run_after=None
[2026-07-06T16:30:49.413+0000] {processor.py:183} INFO - Processing /home/airflow/.local/lib/python3.8/site-packages/airflow/example_dags/example_datasets.py took 0.293 seconds
[2026-07-06T16:31:19.549+0000] {processor.py:161} INFO - Started process (PID=1089) to work on /home/airflow/.local/lib/python3.8/site-packages/airflow/example_dags/example_datasets.py
[2026-07-06T16:31:19.556+0000] {processor.py:830} INFO - Processing file /home/airflow/.local/lib/python3.8/site-packages/airflow/example_dags/example_datasets.py for tasks to queue
[2026-07-06T16:31:19.563+0000] {logging_mixin.py:188} INFO - [2026-07-06T16:31:19.562+0000] {dagbag.py:538} INFO - Filling up the DagBag from /home/airflow/.local/lib/python3.8/site-packages/airflow/example_dags/example_datasets.py
[2026-07-06T16:31:19.590+0000] {processor.py:840} INFO - DAG(s) 'dataset_produces_2', 'dataset_consumes_1', 'dataset_consumes_unknown_never_scheduled', 'dataset_produces_1', 'dataset_consumes_1_and_2', 'dataset_consumes_1_never_scheduled' retrieved from /home/airflow/.local/lib/python3.8/site-packages/airflow/example_dags/example_datasets.py
[2026-07-06T16:31:19.683+0000] {logging_mixin.py:188} INFO - [2026-07-06T16:31:19.683+0000] {dag.py:3036} INFO - Sync 6 DAGs
[2026-07-06T16:31:19.745+0000] {logging_mixin.py:188} INFO - [2026-07-06T16:31:19.744+0000] {dag.py:3823} INFO - Setting next_dagrun for dataset_consumes_1 to None, run_after=None
[2026-07-06T16:31:19.757+0000] {logging_mixin.py:188} INFO - [2026-07-06T16:31:19.756+0000] {dag.py:3823} INFO - Setting next_dagrun for dataset_consumes_1_and_2 to None, run_after=None
[2026-07-06T16:31:19.762+0000] {logging_mixin.py:188} INFO - [2026-07-06T16:31:19.761+0000] {dag.py:3823} INFO - Setting next_dagrun for dataset_consumes_1_never_scheduled to None, run_after=None
[2026-07-06T16:31:19.766+0000] {logging_mixin.py:188} INFO - [2026-07-06T16:31:19.766+0000] {dag.py:3823} INFO - Setting next_dagrun for dataset_consumes_unknown_never_scheduled to None, run_after=None
[2026-07-06T16:31:19.776+0000] {logging_mixin.py:188} INFO - [2026-07-06T16:31:19.775+0000] {dag.py:3823} INFO - Setting next_dagrun for dataset_produces_1 to 2026-07-05 00:00:00+00:00, run_after=2026-07-06 00:00:00+00:00
[2026-07-06T16:31:19.779+0000] {logging_mixin.py:188} INFO - [2026-07-06T16:31:19.778+0000] {dag.py:3823} INFO - Setting next_dagrun for dataset_produces_2 to None, run_after=None
[2026-07-06T16:31:19.876+0000] {processor.py:183} INFO - Processing /home/airflow/.local/lib/python3.8/site-packages/airflow/example_dags/example_datasets.py took 0.338 seconds
[2026-07-06T16:31:50.978+0000] {processor.py:161} INFO - Started process (PID=1155) to work on /home/airflow/.local/lib/python3.8/site-packages/airflow/example_dags/example_datasets.py
[2026-07-06T16:31:51.024+0000] {processor.py:830} INFO - Processing file /home/airflow/.local/lib/python3.8/site-packages/airflow/example_dags/example_datasets.py for tasks to queue
[2026-07-06T16:31:51.104+0000] {logging_mixin.py:188} INFO - [2026-07-06T16:31:51.086+0000] {dagbag.py:538} INFO - Filling up the DagBag from /home/airflow/.local/lib/python3.8/site-packages/airflow/example_dags/example_datasets.py
[2026-07-06T16:31:51.592+0000] {processor.py:840} INFO - DAG(s) 'dataset_consumes_1', 'dataset_produces_1', 'dataset_consumes_1_never_scheduled', 'dataset_produces_2', 'dataset_consumes_unknown_never_scheduled', 'dataset_consumes_1_and_2' retrieved from /home/airflow/.local/lib/python3.8/site-packages/airflow/example_dags/example_datasets.py
[2026-07-06T16:31:52.373+0000] {logging_mixin.py:188} INFO - [2026-07-06T16:31:52.372+0000] {dag.py:3036} INFO - Sync 6 DAGs
[2026-07-06T16:31:52.552+0000] {logging_mixin.py:188} INFO - [2026-07-06T16:31:52.552+0000] {dag.py:3823} INFO - Setting next_dagrun for dataset_consumes_1 to None, run_after=None
[2026-07-06T16:31:52.587+0000] {logging_mixin.py:188} INFO - [2026-07-06T16:31:52.587+0000] {dag.py:3823} INFO - Setting next_dagrun for dataset_consumes_1_and_2 to None, run_after=None
[2026-07-06T16:31:52.619+0000] {logging_mixin.py:188} INFO - [2026-07-06T16:31:52.607+0000] {dag.py:3823} INFO - Setting next_dagrun for dataset_consumes_1_never_scheduled to None, run_after=None
[2026-07-06T16:31:52.635+0000] {logging_mixin.py:188} INFO - [2026-07-06T16:31:52.622+0000] {dag.py:3823} INFO - Setting next_dagrun for dataset_consumes_unknown_never_scheduled to None, run_after=None
[2026-07-06T16:31:52.690+0000] {logging_mixin.py:188} INFO - [2026-07-06T16:31:52.689+0000] {dag.py:3823} INFO - Setting next_dagrun for dataset_produces_1 to 2026-07-05 00:00:00+00:00, run_after=2026-07-06 00:00:00+00:00
[2026-07-06T16:31:52.770+0000] {logging_mixin.py:188} INFO - [2026-07-06T16:31:52.769+0000] {dag.py:3823} INFO - Setting next_dagrun for dataset_produces_2 to None, run_after=None
[2026-07-06T16:31:53.966+0000] {processor.py:183} INFO - Processing /home/airflow/.local/lib/python3.8/site-packages/airflow/example_dags/example_datasets.py took 3.094 seconds
[2026-07-06T16:32:24.524+0000] {processor.py:161} INFO - Started process (PID=1220) to work on /home/airflow/.local/lib/python3.8/site-packages/airflow/example_dags/example_datasets.py
[2026-07-06T16:32:24.527+0000] {processor.py:830} INFO - Processing file /home/airflow/.local/lib/python3.8/site-packages/airflow/example_dags/example_datasets.py for tasks to queue
[2026-07-06T16:32:24.531+0000] {logging_mixin.py:188} INFO - [2026-07-06T16:32:24.530+0000] {dagbag.py:538} INFO - Filling up the DagBag from /home/airflow/.local/lib/python3.8/site-packages/airflow/example_dags/example_datasets.py
[2026-07-06T16:32:24.558+0000] {processor.py:840} INFO - DAG(s) 'dataset_consumes_1_never_scheduled', 'dataset_consumes_1', 'dataset_consumes_unknown_never_scheduled', 'dataset_produces_1', 'dataset_produces_2', 'dataset_consumes_1_and_2' retrieved from /home/airflow/.local/lib/python3.8/site-packages/airflow/example_dags/example_datasets.py
[2026-07-06T16:32:24.659+0000] {logging_mixin.py:188} INFO - [2026-07-06T16:32:24.658+0000] {dag.py:3036} INFO - Sync 6 DAGs
[2026-07-06T16:32:24.717+0000] {logging_mixin.py:188} INFO - [2026-07-06T16:32:24.717+0000] {dag.py:3823} INFO - Setting next_dagrun for dataset_consumes_1 to None, run_after=None
[2026-07-06T16:32:24.725+0000] {logging_mixin.py:188} INFO - [2026-07-06T16:32:24.725+0000] {dag.py:3823} INFO - Setting next_dagrun for dataset_consumes_1_and_2 to None, run_after=None
[2026-07-06T16:32:24.729+0000] {logging_mixin.py:188} INFO - [2026-07-06T16:32:24.728+0000] {dag.py:3823} INFO - Setting next_dagrun for dataset_consumes_1_never_scheduled to None, run_after=None
[2026-07-06T16:32:24.732+0000] {logging_mixin.py:188} INFO - [2026-07-06T16:32:24.731+0000] {dag.py:3823} INFO - Setting next_dagrun for dataset_consumes_unknown_never_scheduled to None, run_after=None
[2026-07-06T16:32:24.740+0000] {logging_mixin.py:188} INFO - [2026-07-06T16:32:24.739+0000] {dag.py:3823} INFO - Setting next_dagrun for dataset_produces_1 to 2026-07-05 00:00:00+00:00, run_after=2026-07-06 00:00:00+00:00
[2026-07-06T16:32:24.744+0000] {logging_mixin.py:188} INFO - [2026-07-06T16:32:24.743+0000] {dag.py:3823} INFO - Setting next_dagrun for dataset_produces_2 to None, run_after=None
[2026-07-06T16:32:24.970+0000] {processor.py:183} INFO - Processing /home/airflow/.local/lib/python3.8/site-packages/airflow/example_dags/example_datasets.py took 0.456 seconds
[2026-07-06T16:32:55.116+0000] {processor.py:161} INFO - Started process (PID=1279) to work on /home/airflow/.local/lib/python3.8/site-packages/airflow/example_dags/example_datasets.py
[2026-07-06T16:32:55.119+0000] {processor.py:830} INFO - Processing file /home/airflow/.local/lib/python3.8/site-packages/airflow/example_dags/example_datasets.py for tasks to queue
[2026-07-06T16:32:55.126+0000] {logging_mixin.py:188} INFO - [2026-07-06T16:32:55.125+0000] {dagbag.py:538} INFO - Filling up the DagBag from /home/airflow/.local/lib/python3.8/site-packages/airflow/example_dags/example_datasets.py
[2026-07-06T16:32:55.164+0000] {processor.py:840} INFO - DAG(s) 'dataset_consumes_unknown_never_scheduled', 'dataset_consumes_1', 'dataset_consumes_1_never_scheduled', 'dataset_consumes_1_and_2', 'dataset_produces_1', 'dataset_produces_2' retrieved from /home/airflow/.local/lib/python3.8/site-packages/airflow/example_dags/example_datasets.py
[2026-07-06T16:32:55.242+0000] {logging_mixin.py:188} INFO - [2026-07-06T16:32:55.241+0000] {dag.py:3036} INFO - Sync 6 DAGs
[2026-07-06T16:32:55.289+0000] {logging_mixin.py:188} INFO - [2026-07-06T16:32:55.289+0000] {dag.py:3823} INFO - Setting next_dagrun for dataset_consumes_1 to None, run_after=None
[2026-07-06T16:32:55.295+0000] {logging_mixin.py:188} INFO - [2026-07-06T16:32:55.295+0000] {dag.py:3823} INFO - Setting next_dagrun for dataset_consumes_1_and_2 to None, run_after=None
[2026-07-06T16:32:55.299+0000] {logging_mixin.py:188} INFO - [2026-07-06T16:32:55.299+0000] {dag.py:3823} INFO - Setting next_dagrun for dataset_consumes_1_never_scheduled to None, run_after=None
[2026-07-06T16:32:55.302+0000] {logging_mixin.py:188} INFO - [2026-07-06T16:32:55.301+0000] {dag.py:3823} INFO - Setting next_dagrun for dataset_consumes_unknown_never_scheduled to None, run_after=None
[2026-07-06T16:32:55.307+0000] {logging_mixin.py:188} INFO - [2026-07-06T16:32:55.307+0000] {dag.py:3823} INFO - Setting next_dagrun for dataset_produces_1 to 2026-07-05 00:00:00+00:00, run_after=2026-07-06 00:00:00+00:00
[2026-07-06T16:32:55.310+0000] {logging_mixin.py:188} INFO - [2026-07-06T16:32:55.309+0000] {dag.py:3823} INFO - Setting next_dagrun for dataset_produces_2 to None, run_after=None
[2026-07-06T16:32:55.397+0000] {processor.py:183} INFO - Processing /home/airflow/.local/lib/python3.8/site-packages/airflow/example_dags/example_datasets.py took 0.293 seconds
[2026-07-06T16:33:25.666+0000] {processor.py:161} INFO - Started process (PID=1345) to work on /home/airflow/.local/lib/python3.8/site-packages/airflow/example_dags/example_datasets.py
[2026-07-06T16:33:25.670+0000] {processor.py:830} INFO - Processing file /home/airflow/.local/lib/python3.8/site-packages/airflow/example_dags/example_datasets.py for tasks to queue
[2026-07-06T16:33:25.677+0000] {logging_mixin.py:188} INFO - [2026-07-06T16:33:25.676+0000] {dagbag.py:538} INFO - Filling up the DagBag from /home/airflow/.local/lib/python3.8/site-packages/airflow/example_dags/example_datasets.py
[2026-07-06T16:33:25.708+0000] {processor.py:840} INFO - DAG(s) 'dataset_consumes_unknown_never_scheduled', 'dataset_consumes_1_and_2', 'dataset_produces_2', 'dataset_produces_1', 'dataset_consumes_1', 'dataset_consumes_1_never_scheduled' retrieved from /home/airflow/.local/lib/python3.8/site-packages/airflow/example_dags/example_datasets.py
[2026-07-06T16:33:25.813+0000] {logging_mixin.py:188} INFO - [2026-07-06T16:33:25.813+0000] {dag.py:3036} INFO - Sync 6 DAGs
[2026-07-06T16:33:25.881+0000] {logging_mixin.py:188} INFO - [2026-07-06T16:33:25.880+0000] {dag.py:3823} INFO - Setting next_dagrun for dataset_consumes_1 to None, run_after=None
[2026-07-06T16:33:25.888+0000] {logging_mixin.py:188} INFO - [2026-07-06T16:33:25.887+0000] {dag.py:3823} INFO - Setting next_dagrun for dataset_consumes_1_and_2 to None, run_after=None
[2026-07-06T16:33:25.891+0000] {logging_mixin.py:188} INFO - [2026-07-06T16:33:25.891+0000] {dag.py:3823} INFO - Setting next_dagrun for dataset_consumes_1_never_scheduled to None, run_after=None
[2026-07-06T16:33:25.894+0000] {logging_mixin.py:188} INFO - [2026-07-06T16:33:25.894+0000] {dag.py:3823} INFO - Setting next_dagrun for dataset_consumes_unknown_never_scheduled to None, run_after=None
[2026-07-06T16:33:25.900+0000] {logging_mixin.py:188} INFO - [2026-07-06T16:33:25.899+0000] {dag.py:3823} INFO - Setting next_dagrun for dataset_produces_1 to 2026-07-05 00:00:00+00:00, run_after=2026-07-06 00:00:00+00:00
[2026-07-06T16:33:25.903+0000] {logging_mixin.py:188} INFO - [2026-07-06T16:33:25.902+0000] {dag.py:3823} INFO - Setting next_dagrun for dataset_produces_2 to None, run_after=None
[2026-07-06T16:33:25.991+0000] {processor.py:183} INFO - Processing /home/airflow/.local/lib/python3.8/site-packages/airflow/example_dags/example_datasets.py took 0.337 seconds
[2026-07-06T16:33:56.509+0000] {processor.py:161} INFO - Started process (PID=1409) to work on /home/airflow/.local/lib/python3.8/site-packages/airflow/example_dags/example_datasets.py
[2026-07-06T16:33:56.512+0000] {processor.py:830} INFO - Processing file /home/airflow/.local/lib/python3.8/site-packages/airflow/example_dags/example_datasets.py for tasks to queue
[2026-07-06T16:33:56.519+0000] {logging_mixin.py:188} INFO - [2026-07-06T16:33:56.518+0000] {dagbag.py:538} INFO - Filling up the DagBag from /home/airflow/.local/lib/python3.8/site-packages/airflow/example_dags/example_datasets.py
[2026-07-06T16:33:56.551+0000] {processor.py:840} INFO - DAG(s) 'dataset_consumes_1_and_2', 'dataset_produces_1', 'dataset_consumes_unknown_never_scheduled', 'dataset_consumes_1_never_scheduled', 'dataset_produces_2', 'dataset_consumes_1' retrieved from /home/airflow/.local/lib/python3.8/site-packages/airflow/example_dags/example_datasets.py
[2026-07-06T16:33:56.841+0000] {logging_mixin.py:188} INFO - [2026-07-06T16:33:56.840+0000] {dag.py:3036} INFO - Sync 6 DAGs
[2026-07-06T16:33:57.262+0000] {logging_mixin.py:188} INFO - [2026-07-06T16:33:57.262+0000] {dag.py:3823} INFO - Setting next_dagrun for dataset_consumes_1 to None, run_after=None
[2026-07-06T16:33:57.276+0000] {logging_mixin.py:188} INFO - [2026-07-06T16:33:57.275+0000] {dag.py:3823} INFO - Setting next_dagrun for dataset_consumes_1_and_2 to None, run_after=None
[2026-07-06T16:33:57.280+0000] {logging_mixin.py:188} INFO - [2026-07-06T16:33:57.279+0000] {dag.py:3823} INFO - Setting next_dagrun for dataset_consumes_1_never_scheduled to None, run_after=None
[2026-07-06T16:33:57.283+0000] {logging_mixin.py:188} INFO - [2026-07-06T16:33:57.283+0000] {dag.py:3823} INFO - Setting next_dagrun for dataset_consumes_unknown_never_scheduled to None, run_after=None
[2026-07-06T16:33:57.317+0000] {logging_mixin.py:188} INFO - [2026-07-06T16:33:57.314+0000] {dag.py:3823} INFO - Setting next_dagrun for dataset_produces_1 to 2026-07-05 00:00:00+00:00, run_after=2026-07-06 00:00:00+00:00
[2026-07-06T16:33:57.322+0000] {logging_mixin.py:188} INFO - [2026-07-06T16:33:57.321+0000] {dag.py:3823} INFO - Setting next_dagrun for dataset_produces_2 to None, run_after=None
[2026-07-06T16:33:57.445+0000] {processor.py:183} INFO - Processing /home/airflow/.local/lib/python3.8/site-packages/airflow/example_dags/example_datasets.py took 0.947 seconds
[2026-07-06T16:34:27.596+0000] {processor.py:161} INFO - Started process (PID=1467) to work on /home/airflow/.local/lib/python3.8/site-packages/airflow/example_dags/example_datasets.py
[2026-07-06T16:34:27.598+0000] {processor.py:830} INFO - Processing file /home/airflow/.local/lib/python3.8/site-packages/airflow/example_dags/example_datasets.py for tasks to queue
[2026-07-06T16:34:27.602+0000] {logging_mixin.py:188} INFO - [2026-07-06T16:34:27.601+0000] {dagbag.py:538} INFO - Filling up the DagBag from /home/airflow/.local/lib/python3.8/site-packages/airflow/example_dags/example_datasets.py
[2026-07-06T16:34:27.630+0000] {processor.py:840} INFO - DAG(s) 'dataset_produces_1', 'dataset_consumes_1_never_scheduled', 'dataset_consumes_unknown_never_scheduled', 'dataset_produces_2', 'dataset_consumes_1_and_2', 'dataset_consumes_1' retrieved from /home/airflow/.local/lib/python3.8/site-packages/airflow/example_dags/example_datasets.py
[2026-07-06T16:34:27.723+0000] {logging_mixin.py:188} INFO - [2026-07-06T16:34:27.722+0000] {dag.py:3036} INFO - Sync 6 DAGs
[2026-07-06T16:34:27.775+0000] {logging_mixin.py:188} INFO - [2026-07-06T16:34:27.775+0000] {dag.py:3823} INFO - Setting next_dagrun for dataset_consumes_1 to None, run_after=None
[2026-07-06T16:34:27.787+0000] {logging_mixin.py:188} INFO - [2026-07-06T16:34:27.786+0000] {dag.py:3823} INFO - Setting next_dagrun for dataset_consumes_1_and_2 to None, run_after=None
[2026-07-06T16:34:27.792+0000] {logging_mixin.py:188} INFO - [2026-07-06T16:34:27.791+0000] {dag.py:3823} INFO - Setting next_dagrun for dataset_consumes_1_never_scheduled to None, run_after=None
[2026-07-06T16:34:27.796+0000] {logging_mixin.py:188} INFO - [2026-07-06T16:34:27.795+0000] {dag.py:3823} INFO - Setting next_dagrun for dataset_consumes_unknown_never_scheduled to None, run_after=None
[2026-07-06T16:34:27.803+0000] {logging_mixin.py:188} INFO - [2026-07-06T16:34:27.802+0000] {dag.py:3823} INFO - Setting next_dagrun for dataset_produces_1 to 2026-07-05 00:00:00+00:00, run_after=2026-07-06 00:00:00+00:00
[2026-07-06T16:34:27.805+0000] {logging_mixin.py:188} INFO - [2026-07-06T16:34:27.805+0000] {dag.py:3823} INFO - Setting next_dagrun for dataset_produces_2 to None, run_after=None
[2026-07-06T16:34:27.890+0000] {processor.py:183} INFO - Processing /home/airflow/.local/lib/python3.8/site-packages/airflow/example_dags/example_datasets.py took 0.305 seconds
[2026-07-06T16:34:58.026+0000] {processor.py:161} INFO - Started process (PID=1533) to work on /home/airflow/.local/lib/python3.8/site-packages/airflow/example_dags/example_datasets.py
[2026-07-06T16:34:58.029+0000] {processor.py:830} INFO - Processing file /home/airflow/.local/lib/python3.8/site-packages/airflow/example_dags/example_datasets.py for tasks to queue
[2026-07-06T16:34:58.033+0000] {logging_mixin.py:188} INFO - [2026-07-06T16:34:58.032+0000] {dagbag.py:538} INFO - Filling up the DagBag from /home/airflow/.local/lib/python3.8/site-packages/airflow/example_dags/example_datasets.py
[2026-07-06T16:34:58.059+0000] {processor.py:840} INFO - DAG(s) 'dataset_consumes_1', 'dataset_produces_1', 'dataset_consumes_unknown_never_scheduled', 'dataset_produces_2', 'dataset_consumes_1_never_scheduled', 'dataset_consumes_1_and_2' retrieved from /home/airflow/.local/lib/python3.8/site-packages/airflow/example_dags/example_datasets.py
[2026-07-06T16:34:58.164+0000] {logging_mixin.py:188} INFO - [2026-07-06T16:34:58.163+0000] {dag.py:3036} INFO - Sync 6 DAGs
[2026-07-06T16:34:58.215+0000] {logging_mixin.py:188} INFO - [2026-07-06T16:34:58.214+0000] {dag.py:3823} INFO - Setting next_dagrun for dataset_consumes_1 to None, run_after=None
[2026-07-06T16:34:58.222+0000] {logging_mixin.py:188} INFO - [2026-07-06T16:34:58.221+0000] {dag.py:3823} INFO - Setting next_dagrun for dataset_consumes_1_and_2 to None, run_after=None
[2026-07-06T16:34:58.224+0000] {logging_mixin.py:188} INFO - [2026-07-06T16:34:58.224+0000] {dag.py:3823} INFO - Setting next_dagrun for dataset_consumes_1_never_scheduled to None, run_after=None
[2026-07-06T16:34:58.227+0000] {logging_mixin.py:188} INFO - [2026-07-06T16:34:58.227+0000] {dag.py:3823} INFO - Setting next_dagrun for dataset_consumes_unknown_never_scheduled to None, run_after=None
[2026-07-06T16:34:58.232+0000] {logging_mixin.py:188} INFO - [2026-07-06T16:34:58.232+0000] {dag.py:3823} INFO - Setting next_dagrun for dataset_produces_1 to 2026-07-05 00:00:00+00:00, run_after=2026-07-06 00:00:00+00:00
[2026-07-06T16:34:58.235+0000] {logging_mixin.py:188} INFO - [2026-07-06T16:34:58.234+0000] {dag.py:3823} INFO - Setting next_dagrun for dataset_produces_2 to None, run_after=None
[2026-07-06T16:34:58.316+0000] {processor.py:183} INFO - Processing /home/airflow/.local/lib/python3.8/site-packages/airflow/example_dags/example_datasets.py took 0.297 seconds
