[2026-07-06T16:22:27.959+0000] {processor.py:161} INFO - Started process (PID=203) to work on /home/airflow/.local/lib/python3.8/site-packages/airflow/example_dags/example_params_trigger_ui.py
[2026-07-06T16:22:27.969+0000] {processor.py:830} INFO - Processing file /home/airflow/.local/lib/python3.8/site-packages/airflow/example_dags/example_params_trigger_ui.py for tasks to queue
[2026-07-06T16:22:27.988+0000] {logging_mixin.py:188} INFO - [2026-07-06T16:22:27.987+0000] {dagbag.py:538} INFO - Filling up the DagBag from /home/airflow/.local/lib/python3.8/site-packages/airflow/example_dags/example_params_trigger_ui.py
[2026-07-06T16:22:28.163+0000] {processor.py:840} INFO - DAG(s) 'example_params_trigger_ui' retrieved from /home/airflow/.local/lib/python3.8/site-packages/airflow/example_dags/example_params_trigger_ui.py
[2026-07-06T16:22:29.564+0000] {logging_mixin.py:188} INFO - [2026-07-06T16:22:29.561+0000] {override.py:1769} INFO - Created Permission View: can read on DAG:example_params_trigger_ui
[2026-07-06T16:22:29.816+0000] {logging_mixin.py:188} INFO - [2026-07-06T16:22:29.787+0000] {override.py:1769} INFO - Created Permission View: can delete on DAG:example_params_trigger_ui
[2026-07-06T16:22:29.917+0000] {logging_mixin.py:188} INFO - [2026-07-06T16:22:29.916+0000] {override.py:1769} INFO - Created Permission View: can edit on DAG:example_params_trigger_ui
[2026-07-06T16:22:29.922+0000] {logging_mixin.py:188} INFO - [2026-07-06T16:22:29.921+0000] {dag.py:3036} INFO - Sync 1 DAGs
[2026-07-06T16:22:30.053+0000] {logging_mixin.py:188} INFO - [2026-07-06T16:22:30.052+0000] {dag.py:3058} INFO - Creating ORM DAG for example_params_trigger_ui
[2026-07-06T16:22:30.060+0000] {logging_mixin.py:188} INFO - [2026-07-06T16:22:30.059+0000] {dag.py:3823} INFO - Setting next_dagrun for example_params_trigger_ui to None, run_after=None
[2026-07-06T16:22:30.235+0000] {processor.py:183} INFO - Processing /home/airflow/.local/lib/python3.8/site-packages/airflow/example_dags/example_params_trigger_ui.py took 2.338 seconds
[2026-07-06T16:24:44.285+0000] {processor.py:161} INFO - Started process (PID=310) to work on /home/airflow/.local/lib/python3.8/site-packages/airflow/example_dags/example_params_trigger_ui.py
[2026-07-06T16:24:44.296+0000] {processor.py:830} INFO - Processing file /home/airflow/.local/lib/python3.8/site-packages/airflow/example_dags/example_params_trigger_ui.py for tasks to queue
[2026-07-06T16:24:44.305+0000] {logging_mixin.py:188} INFO - [2026-07-06T16:24:44.304+0000] {dagbag.py:538} INFO - Filling up the DagBag from /home/airflow/.local/lib/python3.8/site-packages/airflow/example_dags/example_params_trigger_ui.py
[2026-07-06T16:24:44.392+0000] {processor.py:840} INFO - DAG(s) 'example_params_trigger_ui' retrieved from /home/airflow/.local/lib/python3.8/site-packages/airflow/example_dags/example_params_trigger_ui.py
[2026-07-06T16:24:44.661+0000] {logging_mixin.py:188} INFO - [2026-07-06T16:24:44.660+0000] {dag.py:3036} INFO - Sync 1 DAGs
[2026-07-06T16:24:44.722+0000] {logging_mixin.py:188} INFO - [2026-07-06T16:24:44.721+0000] {dag.py:3823} INFO - Setting next_dagrun for example_params_trigger_ui to None, run_after=None
[2026-07-06T16:24:44.870+0000] {processor.py:183} INFO - Processing /home/airflow/.local/lib/python3.8/site-packages/airflow/example_dags/example_params_trigger_ui.py took 0.625 seconds
[2026-07-06T16:25:15.914+0000] {processor.py:161} INFO - Started process (PID=366) to work on /home/airflow/.local/lib/python3.8/site-packages/airflow/example_dags/example_params_trigger_ui.py
[2026-07-06T16:25:15.916+0000] {processor.py:830} INFO - Processing file /home/airflow/.local/lib/python3.8/site-packages/airflow/example_dags/example_params_trigger_ui.py for tasks to queue
[2026-07-06T16:25:15.920+0000] {logging_mixin.py:188} INFO - [2026-07-06T16:25:15.920+0000] {dagbag.py:538} INFO - Filling up the DagBag from /home/airflow/.local/lib/python3.8/site-packages/airflow/example_dags/example_params_trigger_ui.py
[2026-07-06T16:25:15.958+0000] {processor.py:840} INFO - DAG(s) 'example_params_trigger_ui' retrieved from /home/airflow/.local/lib/python3.8/site-packages/airflow/example_dags/example_params_trigger_ui.py
[2026-07-06T16:25:16.107+0000] {logging_mixin.py:188} INFO - [2026-07-06T16:25:16.107+0000] {dag.py:3036} INFO - Sync 1 DAGs
[2026-07-06T16:25:16.143+0000] {logging_mixin.py:188} INFO - [2026-07-06T16:25:16.143+0000] {dag.py:3823} INFO - Setting next_dagrun for example_params_trigger_ui to None, run_after=None
[2026-07-06T16:25:16.213+0000] {processor.py:183} INFO - Processing /home/airflow/.local/lib/python3.8/site-packages/airflow/example_dags/example_params_trigger_ui.py took 0.318 seconds
[2026-07-06T16:25:46.546+0000] {processor.py:161} INFO - Started process (PID=431) to work on /home/airflow/.local/lib/python3.8/site-packages/airflow/example_dags/example_params_trigger_ui.py
[2026-07-06T16:25:46.559+0000] {processor.py:830} INFO - Processing file /home/airflow/.local/lib/python3.8/site-packages/airflow/example_dags/example_params_trigger_ui.py for tasks to queue
[2026-07-06T16:25:46.566+0000] {logging_mixin.py:188} INFO - [2026-07-06T16:25:46.565+0000] {dagbag.py:538} INFO - Filling up the DagBag from /home/airflow/.local/lib/python3.8/site-packages/airflow/example_dags/example_params_trigger_ui.py
[2026-07-06T16:25:46.650+0000] {processor.py:840} INFO - DAG(s) 'example_params_trigger_ui' retrieved from /home/airflow/.local/lib/python3.8/site-packages/airflow/example_dags/example_params_trigger_ui.py
[2026-07-06T16:25:46.836+0000] {logging_mixin.py:188} INFO - [2026-07-06T16:25:46.835+0000] {dag.py:3036} INFO - Sync 1 DAGs
[2026-07-06T16:25:46.873+0000] {logging_mixin.py:188} INFO - [2026-07-06T16:25:46.872+0000] {dag.py:3823} INFO - Setting next_dagrun for example_params_trigger_ui to None, run_after=None
[2026-07-06T16:25:46.923+0000] {processor.py:183} INFO - Processing /home/airflow/.local/lib/python3.8/site-packages/airflow/example_dags/example_params_trigger_ui.py took 0.385 seconds
[2026-07-06T16:26:17.337+0000] {processor.py:161} INFO - Started process (PID=497) to work on /home/airflow/.local/lib/python3.8/site-packages/airflow/example_dags/example_params_trigger_ui.py
[2026-07-06T16:26:17.340+0000] {processor.py:830} INFO - Processing file /home/airflow/.local/lib/python3.8/site-packages/airflow/example_dags/example_params_trigger_ui.py for tasks to queue
[2026-07-06T16:26:17.344+0000] {logging_mixin.py:188} INFO - [2026-07-06T16:26:17.344+0000] {dagbag.py:538} INFO - Filling up the DagBag from /home/airflow/.local/lib/python3.8/site-packages/airflow/example_dags/example_params_trigger_ui.py
[2026-07-06T16:26:17.425+0000] {processor.py:840} INFO - DAG(s) 'example_params_trigger_ui' retrieved from /home/airflow/.local/lib/python3.8/site-packages/airflow/example_dags/example_params_trigger_ui.py
[2026-07-06T16:26:17.540+0000] {logging_mixin.py:188} INFO - [2026-07-06T16:26:17.540+0000] {dag.py:3036} INFO - Sync 1 DAGs
[2026-07-06T16:26:17.573+0000] {logging_mixin.py:188} INFO - [2026-07-06T16:26:17.572+0000] {dag.py:3823} INFO - Setting next_dagrun for example_params_trigger_ui to None, run_after=None
[2026-07-06T16:26:17.615+0000] {processor.py:183} INFO - Processing /home/airflow/.local/lib/python3.8/site-packages/airflow/example_dags/example_params_trigger_ui.py took 0.290 seconds
[2026-07-06T16:26:47.906+0000] {processor.py:161} INFO - Started process (PID=555) to work on /home/airflow/.local/lib/python3.8/site-packages/airflow/example_dags/example_params_trigger_ui.py
[2026-07-06T16:26:47.910+0000] {processor.py:830} INFO - Processing file /home/airflow/.local/lib/python3.8/site-packages/airflow/example_dags/example_params_trigger_ui.py for tasks to queue
[2026-07-06T16:26:47.915+0000] {logging_mixin.py:188} INFO - [2026-07-06T16:26:47.914+0000] {dagbag.py:538} INFO - Filling up the DagBag from /home/airflow/.local/lib/python3.8/site-packages/airflow/example_dags/example_params_trigger_ui.py
[2026-07-06T16:26:47.983+0000] {processor.py:840} INFO - DAG(s) 'example_params_trigger_ui' retrieved from /home/airflow/.local/lib/python3.8/site-packages/airflow/example_dags/example_params_trigger_ui.py
[2026-07-06T16:26:48.129+0000] {logging_mixin.py:188} INFO - [2026-07-06T16:26:48.128+0000] {dag.py:3036} INFO - Sync 1 DAGs
[2026-07-06T16:26:48.160+0000] {logging_mixin.py:188} INFO - [2026-07-06T16:26:48.159+0000] {dag.py:3823} INFO - Setting next_dagrun for example_params_trigger_ui to None, run_after=None
[2026-07-06T16:26:48.207+0000] {processor.py:183} INFO - Processing /home/airflow/.local/lib/python3.8/site-packages/airflow/example_dags/example_params_trigger_ui.py took 0.314 seconds
[2026-07-06T16:27:18.315+0000] {processor.py:161} INFO - Started process (PID=621) to work on /home/airflow/.local/lib/python3.8/site-packages/airflow/example_dags/example_params_trigger_ui.py
[2026-07-06T16:27:18.317+0000] {processor.py:830} INFO - Processing file /home/airflow/.local/lib/python3.8/site-packages/airflow/example_dags/example_params_trigger_ui.py for tasks to queue
[2026-07-06T16:27:18.322+0000] {logging_mixin.py:188} INFO - [2026-07-06T16:27:18.321+0000] {dagbag.py:538} INFO - Filling up the DagBag from /home/airflow/.local/lib/python3.8/site-packages/airflow/example_dags/example_params_trigger_ui.py
[2026-07-06T16:27:18.353+0000] {processor.py:840} INFO - DAG(s) 'example_params_trigger_ui' retrieved from /home/airflow/.local/lib/python3.8/site-packages/airflow/example_dags/example_params_trigger_ui.py
[2026-07-06T16:27:18.475+0000] {logging_mixin.py:188} INFO - [2026-07-06T16:27:18.475+0000] {dag.py:3036} INFO - Sync 1 DAGs
[2026-07-06T16:27:18.505+0000] {logging_mixin.py:188} INFO - [2026-07-06T16:27:18.505+0000] {dag.py:3823} INFO - Setting next_dagrun for example_params_trigger_ui to None, run_after=None
[2026-07-06T16:27:18.552+0000] {processor.py:183} INFO - Processing /home/airflow/.local/lib/python3.8/site-packages/airflow/example_dags/example_params_trigger_ui.py took 0.246 seconds
[2026-07-06T16:27:49.047+0000] {processor.py:161} INFO - Started process (PID=687) to work on /home/airflow/.local/lib/python3.8/site-packages/airflow/example_dags/example_params_trigger_ui.py
[2026-07-06T16:27:49.052+0000] {processor.py:830} INFO - Processing file /home/airflow/.local/lib/python3.8/site-packages/airflow/example_dags/example_params_trigger_ui.py for tasks to queue
[2026-07-06T16:27:49.057+0000] {logging_mixin.py:188} INFO - [2026-07-06T16:27:49.056+0000] {dagbag.py:538} INFO - Filling up the DagBag from /home/airflow/.local/lib/python3.8/site-packages/airflow/example_dags/example_params_trigger_ui.py
[2026-07-06T16:27:49.096+0000] {processor.py:840} INFO - DAG(s) 'example_params_trigger_ui' retrieved from /home/airflow/.local/lib/python3.8/site-packages/airflow/example_dags/example_params_trigger_ui.py
[2026-07-06T16:27:49.238+0000] {logging_mixin.py:188} INFO - [2026-07-06T16:27:49.238+0000] {dag.py:3036} INFO - Sync 1 DAGs
[2026-07-06T16:27:49.272+0000] {logging_mixin.py:188} INFO - [2026-07-06T16:27:49.272+0000] {dag.py:3823} INFO - Setting next_dagrun for example_params_trigger_ui to None, run_after=None
[2026-07-06T16:27:49.318+0000] {processor.py:183} INFO - Processing /home/airflow/.local/lib/python3.8/site-packages/airflow/example_dags/example_params_trigger_ui.py took 0.287 seconds
[2026-07-06T16:28:20.120+0000] {processor.py:161} INFO - Started process (PID=753) to work on /home/airflow/.local/lib/python3.8/site-packages/airflow/example_dags/example_params_trigger_ui.py
[2026-07-06T16:28:20.122+0000] {processor.py:830} INFO - Processing file /home/airflow/.local/lib/python3.8/site-packages/airflow/example_dags/example_params_trigger_ui.py for tasks to queue
[2026-07-06T16:28:20.132+0000] {logging_mixin.py:188} INFO - [2026-07-06T16:28:20.131+0000] {dagbag.py:538} INFO - Filling up the DagBag from /home/airflow/.local/lib/python3.8/site-packages/airflow/example_dags/example_params_trigger_ui.py
[2026-07-06T16:28:20.193+0000] {processor.py:840} INFO - DAG(s) 'example_params_trigger_ui' retrieved from /home/airflow/.local/lib/python3.8/site-packages/airflow/example_dags/example_params_trigger_ui.py
[2026-07-06T16:28:20.338+0000] {logging_mixin.py:188} INFO - [2026-07-06T16:28:20.338+0000] {dag.py:3036} INFO - Sync 1 DAGs
[2026-07-06T16:28:20.370+0000] {logging_mixin.py:188} INFO - [2026-07-06T16:28:20.370+0000] {dag.py:3823} INFO - Setting next_dagrun for example_params_trigger_ui to None, run_after=None
[2026-07-06T16:28:20.419+0000] {processor.py:183} INFO - Processing /home/airflow/.local/lib/python3.8/site-packages/airflow/example_dags/example_params_trigger_ui.py took 0.318 seconds
[2026-07-06T16:29:02.465+0000] {processor.py:161} INFO - Started process (PID=819) to work on /home/airflow/.local/lib/python3.8/site-packages/airflow/example_dags/example_params_trigger_ui.py
[2026-07-06T16:29:02.467+0000] {processor.py:830} INFO - Processing file /home/airflow/.local/lib/python3.8/site-packages/airflow/example_dags/example_params_trigger_ui.py for tasks to queue
[2026-07-06T16:29:02.470+0000] {logging_mixin.py:188} INFO - [2026-07-06T16:29:02.470+0000] {dagbag.py:538} INFO - Filling up the DagBag from /home/airflow/.local/lib/python3.8/site-packages/airflow/example_dags/example_params_trigger_ui.py
[2026-07-06T16:29:02.505+0000] {processor.py:840} INFO - DAG(s) 'example_params_trigger_ui' retrieved from /home/airflow/.local/lib/python3.8/site-packages/airflow/example_dags/example_params_trigger_ui.py
[2026-07-06T16:29:02.649+0000] {logging_mixin.py:188} INFO - [2026-07-06T16:29:02.649+0000] {dag.py:3036} INFO - Sync 1 DAGs
[2026-07-06T16:29:02.675+0000] {logging_mixin.py:188} INFO - [2026-07-06T16:29:02.675+0000] {dag.py:3823} INFO - Setting next_dagrun for example_params_trigger_ui to None, run_after=None
[2026-07-06T16:29:02.721+0000] {processor.py:183} INFO - Processing /home/airflow/.local/lib/python3.8/site-packages/airflow/example_dags/example_params_trigger_ui.py took 0.265 seconds
[2026-07-06T16:29:34.005+0000] {processor.py:161} INFO - Started process (PID=877) to work on /home/airflow/.local/lib/python3.8/site-packages/airflow/example_dags/example_params_trigger_ui.py
[2026-07-06T16:29:34.008+0000] {processor.py:830} INFO - Processing file /home/airflow/.local/lib/python3.8/site-packages/airflow/example_dags/example_params_trigger_ui.py for tasks to queue
[2026-07-06T16:29:34.012+0000] {logging_mixin.py:188} INFO - [2026-07-06T16:29:34.011+0000] {dagbag.py:538} INFO - Filling up the DagBag from /home/airflow/.local/lib/python3.8/site-packages/airflow/example_dags/example_params_trigger_ui.py
[2026-07-06T16:29:34.050+0000] {processor.py:840} INFO - DAG(s) 'example_params_trigger_ui' retrieved from /home/airflow/.local/lib/python3.8/site-packages/airflow/example_dags/example_params_trigger_ui.py
[2026-07-06T16:29:34.167+0000] {logging_mixin.py:188} INFO - [2026-07-06T16:29:34.167+0000] {dag.py:3036} INFO - Sync 1 DAGs
[2026-07-06T16:29:34.197+0000] {logging_mixin.py:188} INFO - [2026-07-06T16:29:34.197+0000] {dag.py:3823} INFO - Setting next_dagrun for example_params_trigger_ui to None, run_after=None
[2026-07-06T16:29:34.258+0000] {processor.py:183} INFO - Processing /home/airflow/.local/lib/python3.8/site-packages/airflow/example_dags/example_params_trigger_ui.py took 0.261 seconds
[2026-07-06T16:30:04.773+0000] {processor.py:161} INFO - Started process (PID=942) to work on /home/airflow/.local/lib/python3.8/site-packages/airflow/example_dags/example_params_trigger_ui.py
[2026-07-06T16:30:04.776+0000] {processor.py:830} INFO - Processing file /home/airflow/.local/lib/python3.8/site-packages/airflow/example_dags/example_params_trigger_ui.py for tasks to queue
[2026-07-06T16:30:04.781+0000] {logging_mixin.py:188} INFO - [2026-07-06T16:30:04.780+0000] {dagbag.py:538} INFO - Filling up the DagBag from /home/airflow/.local/lib/python3.8/site-packages/airflow/example_dags/example_params_trigger_ui.py
[2026-07-06T16:30:04.821+0000] {processor.py:840} INFO - DAG(s) 'example_params_trigger_ui' retrieved from /home/airflow/.local/lib/python3.8/site-packages/airflow/example_dags/example_params_trigger_ui.py
[2026-07-06T16:30:04.980+0000] {logging_mixin.py:188} INFO - [2026-07-06T16:30:04.980+0000] {dag.py:3036} INFO - Sync 1 DAGs
[2026-07-06T16:30:05.012+0000] {logging_mixin.py:188} INFO - [2026-07-06T16:30:05.011+0000] {dag.py:3823} INFO - Setting next_dagrun for example_params_trigger_ui to None, run_after=None
[2026-07-06T16:30:05.058+0000] {processor.py:183} INFO - Processing /home/airflow/.local/lib/python3.8/site-packages/airflow/example_dags/example_params_trigger_ui.py took 0.294 seconds
[2026-07-06T16:30:36.090+0000] {processor.py:161} INFO - Started process (PID=1009) to work on /home/airflow/.local/lib/python3.8/site-packages/airflow/example_dags/example_params_trigger_ui.py
[2026-07-06T16:30:36.104+0000] {processor.py:830} INFO - Processing file /home/airflow/.local/lib/python3.8/site-packages/airflow/example_dags/example_params_trigger_ui.py for tasks to queue
[2026-07-06T16:30:36.121+0000] {logging_mixin.py:188} INFO - [2026-07-06T16:30:36.120+0000] {dagbag.py:538} INFO - Filling up the DagBag from /home/airflow/.local/lib/python3.8/site-packages/airflow/example_dags/example_params_trigger_ui.py
[2026-07-06T16:30:36.284+0000] {processor.py:840} INFO - DAG(s) 'example_params_trigger_ui' retrieved from /home/airflow/.local/lib/python3.8/site-packages/airflow/example_dags/example_params_trigger_ui.py
[2026-07-06T16:30:36.786+0000] {logging_mixin.py:188} INFO - [2026-07-06T16:30:36.786+0000] {dag.py:3036} INFO - Sync 1 DAGs
[2026-07-06T16:30:36.895+0000] {logging_mixin.py:188} INFO - [2026-07-06T16:30:36.894+0000] {dag.py:3823} INFO - Setting next_dagrun for example_params_trigger_ui to None, run_after=None
[2026-07-06T16:30:36.997+0000] {processor.py:183} INFO - Processing /home/airflow/.local/lib/python3.8/site-packages/airflow/example_dags/example_params_trigger_ui.py took 0.957 seconds
[2026-07-06T16:31:07.936+0000] {processor.py:161} INFO - Started process (PID=1067) to work on /home/airflow/.local/lib/python3.8/site-packages/airflow/example_dags/example_params_trigger_ui.py
[2026-07-06T16:31:07.940+0000] {processor.py:830} INFO - Processing file /home/airflow/.local/lib/python3.8/site-packages/airflow/example_dags/example_params_trigger_ui.py for tasks to queue
[2026-07-06T16:31:07.944+0000] {logging_mixin.py:188} INFO - [2026-07-06T16:31:07.944+0000] {dagbag.py:538} INFO - Filling up the DagBag from /home/airflow/.local/lib/python3.8/site-packages/airflow/example_dags/example_params_trigger_ui.py
[2026-07-06T16:31:07.982+0000] {processor.py:840} INFO - DAG(s) 'example_params_trigger_ui' retrieved from /home/airflow/.local/lib/python3.8/site-packages/airflow/example_dags/example_params_trigger_ui.py
[2026-07-06T16:31:08.145+0000] {logging_mixin.py:188} INFO - [2026-07-06T16:31:08.145+0000] {dag.py:3036} INFO - Sync 1 DAGs
[2026-07-06T16:31:08.179+0000] {logging_mixin.py:188} INFO - [2026-07-06T16:31:08.179+0000] {dag.py:3823} INFO - Setting next_dagrun for example_params_trigger_ui to None, run_after=None
[2026-07-06T16:31:08.245+0000] {processor.py:183} INFO - Processing /home/airflow/.local/lib/python3.8/site-packages/airflow/example_dags/example_params_trigger_ui.py took 0.319 seconds
[2026-07-06T16:31:38.821+0000] {processor.py:161} INFO - Started process (PID=1132) to work on /home/airflow/.local/lib/python3.8/site-packages/airflow/example_dags/example_params_trigger_ui.py
[2026-07-06T16:31:38.823+0000] {processor.py:830} INFO - Processing file /home/airflow/.local/lib/python3.8/site-packages/airflow/example_dags/example_params_trigger_ui.py for tasks to queue
[2026-07-06T16:31:38.827+0000] {logging_mixin.py:188} INFO - [2026-07-06T16:31:38.826+0000] {dagbag.py:538} INFO - Filling up the DagBag from /home/airflow/.local/lib/python3.8/site-packages/airflow/example_dags/example_params_trigger_ui.py
[2026-07-06T16:31:38.854+0000] {processor.py:840} INFO - DAG(s) 'example_params_trigger_ui' retrieved from /home/airflow/.local/lib/python3.8/site-packages/airflow/example_dags/example_params_trigger_ui.py
[2026-07-06T16:31:38.986+0000] {logging_mixin.py:188} INFO - [2026-07-06T16:31:38.986+0000] {dag.py:3036} INFO - Sync 1 DAGs
[2026-07-06T16:31:39.015+0000] {logging_mixin.py:188} INFO - [2026-07-06T16:31:39.014+0000] {dag.py:3823} INFO - Setting next_dagrun for example_params_trigger_ui to None, run_after=None
[2026-07-06T16:31:39.056+0000] {processor.py:183} INFO - Processing /home/airflow/.local/lib/python3.8/site-packages/airflow/example_dags/example_params_trigger_ui.py took 0.242 seconds
[2026-07-06T16:32:09.315+0000] {processor.py:161} INFO - Started process (PID=1198) to work on /home/airflow/.local/lib/python3.8/site-packages/airflow/example_dags/example_params_trigger_ui.py
[2026-07-06T16:32:09.321+0000] {processor.py:830} INFO - Processing file /home/airflow/.local/lib/python3.8/site-packages/airflow/example_dags/example_params_trigger_ui.py for tasks to queue
[2026-07-06T16:32:09.325+0000] {logging_mixin.py:188} INFO - [2026-07-06T16:32:09.325+0000] {dagbag.py:538} INFO - Filling up the DagBag from /home/airflow/.local/lib/python3.8/site-packages/airflow/example_dags/example_params_trigger_ui.py
[2026-07-06T16:32:09.383+0000] {processor.py:840} INFO - DAG(s) 'example_params_trigger_ui' retrieved from /home/airflow/.local/lib/python3.8/site-packages/airflow/example_dags/example_params_trigger_ui.py
[2026-07-06T16:32:09.722+0000] {logging_mixin.py:188} INFO - [2026-07-06T16:32:09.689+0000] {dag.py:3036} INFO - Sync 1 DAGs
[2026-07-06T16:32:09.800+0000] {logging_mixin.py:188} INFO - [2026-07-06T16:32:09.799+0000] {dag.py:3823} INFO - Setting next_dagrun for example_params_trigger_ui to None, run_after=None
[2026-07-06T16:32:09.918+0000] {processor.py:183} INFO - Processing /home/airflow/.local/lib/python3.8/site-packages/airflow/example_dags/example_params_trigger_ui.py took 0.626 seconds
[2026-07-06T16:32:46.247+0000] {processor.py:161} INFO - Started process (PID=1253) to work on /home/airflow/.local/lib/python3.8/site-packages/airflow/example_dags/example_params_trigger_ui.py
[2026-07-06T16:32:46.258+0000] {processor.py:830} INFO - Processing file /home/airflow/.local/lib/python3.8/site-packages/airflow/example_dags/example_params_trigger_ui.py for tasks to queue
[2026-07-06T16:32:46.266+0000] {logging_mixin.py:188} INFO - [2026-07-06T16:32:46.264+0000] {dagbag.py:538} INFO - Filling up the DagBag from /home/airflow/.local/lib/python3.8/site-packages/airflow/example_dags/example_params_trigger_ui.py
[2026-07-06T16:32:46.343+0000] {processor.py:840} INFO - DAG(s) 'example_params_trigger_ui' retrieved from /home/airflow/.local/lib/python3.8/site-packages/airflow/example_dags/example_params_trigger_ui.py
[2026-07-06T16:32:46.506+0000] {logging_mixin.py:188} INFO - [2026-07-06T16:32:46.506+0000] {dag.py:3036} INFO - Sync 1 DAGs
[2026-07-06T16:32:46.541+0000] {logging_mixin.py:188} INFO - [2026-07-06T16:32:46.540+0000] {dag.py:3823} INFO - Setting next_dagrun for example_params_trigger_ui to None, run_after=None
[2026-07-06T16:32:46.609+0000] {processor.py:183} INFO - Processing /home/airflow/.local/lib/python3.8/site-packages/airflow/example_dags/example_params_trigger_ui.py took 0.380 seconds
[2026-07-06T16:33:17.153+0000] {processor.py:161} INFO - Started process (PID=1312) to work on /home/airflow/.local/lib/python3.8/site-packages/airflow/example_dags/example_params_trigger_ui.py
[2026-07-06T16:33:17.155+0000] {processor.py:830} INFO - Processing file /home/airflow/.local/lib/python3.8/site-packages/airflow/example_dags/example_params_trigger_ui.py for tasks to queue
[2026-07-06T16:33:17.159+0000] {logging_mixin.py:188} INFO - [2026-07-06T16:33:17.159+0000] {dagbag.py:538} INFO - Filling up the DagBag from /home/airflow/.local/lib/python3.8/site-packages/airflow/example_dags/example_params_trigger_ui.py
[2026-07-06T16:33:17.189+0000] {processor.py:840} INFO - DAG(s) 'example_params_trigger_ui' retrieved from /home/airflow/.local/lib/python3.8/site-packages/airflow/example_dags/example_params_trigger_ui.py
[2026-07-06T16:33:17.314+0000] {logging_mixin.py:188} INFO - [2026-07-06T16:33:17.313+0000] {dag.py:3036} INFO - Sync 1 DAGs
[2026-07-06T16:33:17.341+0000] {logging_mixin.py:188} INFO - [2026-07-06T16:33:17.340+0000] {dag.py:3823} INFO - Setting next_dagrun for example_params_trigger_ui to None, run_after=None
[2026-07-06T16:33:17.384+0000] {processor.py:183} INFO - Processing /home/airflow/.local/lib/python3.8/site-packages/airflow/example_dags/example_params_trigger_ui.py took 0.247 seconds
[2026-07-06T16:33:47.868+0000] {processor.py:161} INFO - Started process (PID=1375) to work on /home/airflow/.local/lib/python3.8/site-packages/airflow/example_dags/example_params_trigger_ui.py
[2026-07-06T16:33:47.871+0000] {processor.py:830} INFO - Processing file /home/airflow/.local/lib/python3.8/site-packages/airflow/example_dags/example_params_trigger_ui.py for tasks to queue
[2026-07-06T16:33:47.876+0000] {logging_mixin.py:188} INFO - [2026-07-06T16:33:47.875+0000] {dagbag.py:538} INFO - Filling up the DagBag from /home/airflow/.local/lib/python3.8/site-packages/airflow/example_dags/example_params_trigger_ui.py
[2026-07-06T16:33:47.909+0000] {processor.py:840} INFO - DAG(s) 'example_params_trigger_ui' retrieved from /home/airflow/.local/lib/python3.8/site-packages/airflow/example_dags/example_params_trigger_ui.py
[2026-07-06T16:33:48.042+0000] {logging_mixin.py:188} INFO - [2026-07-06T16:33:48.041+0000] {dag.py:3036} INFO - Sync 1 DAGs
[2026-07-06T16:33:48.070+0000] {logging_mixin.py:188} INFO - [2026-07-06T16:33:48.070+0000] {dag.py:3823} INFO - Setting next_dagrun for example_params_trigger_ui to None, run_after=None
[2026-07-06T16:33:48.108+0000] {processor.py:183} INFO - Processing /home/airflow/.local/lib/python3.8/site-packages/airflow/example_dags/example_params_trigger_ui.py took 0.248 seconds
[2026-07-06T16:34:18.360+0000] {processor.py:161} INFO - Started process (PID=1440) to work on /home/airflow/.local/lib/python3.8/site-packages/airflow/example_dags/example_params_trigger_ui.py
[2026-07-06T16:34:18.365+0000] {processor.py:830} INFO - Processing file /home/airflow/.local/lib/python3.8/site-packages/airflow/example_dags/example_params_trigger_ui.py for tasks to queue
[2026-07-06T16:34:18.369+0000] {logging_mixin.py:188} INFO - [2026-07-06T16:34:18.368+0000] {dagbag.py:538} INFO - Filling up the DagBag from /home/airflow/.local/lib/python3.8/site-packages/airflow/example_dags/example_params_trigger_ui.py
[2026-07-06T16:34:18.399+0000] {processor.py:840} INFO - DAG(s) 'example_params_trigger_ui' retrieved from /home/airflow/.local/lib/python3.8/site-packages/airflow/example_dags/example_params_trigger_ui.py
[2026-07-06T16:34:18.737+0000] {logging_mixin.py:188} INFO - [2026-07-06T16:34:18.736+0000] {dag.py:3036} INFO - Sync 1 DAGs
[2026-07-06T16:34:18.767+0000] {logging_mixin.py:188} INFO - [2026-07-06T16:34:18.767+0000] {dag.py:3823} INFO - Setting next_dagrun for example_params_trigger_ui to None, run_after=None
[2026-07-06T16:34:18.812+0000] {processor.py:183} INFO - Processing /home/airflow/.local/lib/python3.8/site-packages/airflow/example_dags/example_params_trigger_ui.py took 0.462 seconds
[2026-07-06T16:34:49.271+0000] {processor.py:161} INFO - Started process (PID=1506) to work on /home/airflow/.local/lib/python3.8/site-packages/airflow/example_dags/example_params_trigger_ui.py
[2026-07-06T16:34:49.275+0000] {processor.py:830} INFO - Processing file /home/airflow/.local/lib/python3.8/site-packages/airflow/example_dags/example_params_trigger_ui.py for tasks to queue
[2026-07-06T16:34:49.280+0000] {logging_mixin.py:188} INFO - [2026-07-06T16:34:49.279+0000] {dagbag.py:538} INFO - Filling up the DagBag from /home/airflow/.local/lib/python3.8/site-packages/airflow/example_dags/example_params_trigger_ui.py
[2026-07-06T16:34:49.325+0000] {processor.py:840} INFO - DAG(s) 'example_params_trigger_ui' retrieved from /home/airflow/.local/lib/python3.8/site-packages/airflow/example_dags/example_params_trigger_ui.py
[2026-07-06T16:34:49.482+0000] {logging_mixin.py:188} INFO - [2026-07-06T16:34:49.481+0000] {dag.py:3036} INFO - Sync 1 DAGs
[2026-07-06T16:34:49.511+0000] {logging_mixin.py:188} INFO - [2026-07-06T16:34:49.510+0000] {dag.py:3823} INFO - Setting next_dagrun for example_params_trigger_ui to None, run_after=None
[2026-07-06T16:34:49.553+0000] {processor.py:183} INFO - Processing /home/airflow/.local/lib/python3.8/site-packages/airflow/example_dags/example_params_trigger_ui.py took 0.292 seconds
[2026-07-06T16:35:20.251+0000] {processor.py:161} INFO - Started process (PID=1563) to work on /home/airflow/.local/lib/python3.8/site-packages/airflow/example_dags/example_params_trigger_ui.py
[2026-07-06T16:35:20.254+0000] {processor.py:830} INFO - Processing file /home/airflow/.local/lib/python3.8/site-packages/airflow/example_dags/example_params_trigger_ui.py for tasks to queue
[2026-07-06T16:35:20.258+0000] {logging_mixin.py:188} INFO - [2026-07-06T16:35:20.258+0000] {dagbag.py:538} INFO - Filling up the DagBag from /home/airflow/.local/lib/python3.8/site-packages/airflow/example_dags/example_params_trigger_ui.py
[2026-07-06T16:35:20.311+0000] {processor.py:840} INFO - DAG(s) 'example_params_trigger_ui' retrieved from /home/airflow/.local/lib/python3.8/site-packages/airflow/example_dags/example_params_trigger_ui.py
[2026-07-06T16:35:20.584+0000] {logging_mixin.py:188} INFO - [2026-07-06T16:35:20.583+0000] {dag.py:3036} INFO - Sync 1 DAGs
[2026-07-06T16:35:20.621+0000] {logging_mixin.py:188} INFO - [2026-07-06T16:35:20.620+0000] {dag.py:3823} INFO - Setting next_dagrun for example_params_trigger_ui to None, run_after=None
[2026-07-06T16:35:20.685+0000] {processor.py:183} INFO - Processing /home/airflow/.local/lib/python3.8/site-packages/airflow/example_dags/example_params_trigger_ui.py took 0.442 seconds
[2026-07-06T16:35:51.262+0000] {processor.py:161} INFO - Started process (PID=1628) to work on /home/airflow/.local/lib/python3.8/site-packages/airflow/example_dags/example_params_trigger_ui.py
[2026-07-06T16:35:51.290+0000] {processor.py:830} INFO - Processing file /home/airflow/.local/lib/python3.8/site-packages/airflow/example_dags/example_params_trigger_ui.py for tasks to queue
[2026-07-06T16:35:51.305+0000] {logging_mixin.py:188} INFO - [2026-07-06T16:35:51.294+0000] {dagbag.py:538} INFO - Filling up the DagBag from /home/airflow/.local/lib/python3.8/site-packages/airflow/example_dags/example_params_trigger_ui.py
[2026-07-06T16:35:51.414+0000] {processor.py:840} INFO - DAG(s) 'example_params_trigger_ui' retrieved from /home/airflow/.local/lib/python3.8/site-packages/airflow/example_dags/example_params_trigger_ui.py
[2026-07-06T16:35:51.978+0000] {logging_mixin.py:188} INFO - [2026-07-06T16:35:51.977+0000] {dag.py:3036} INFO - Sync 1 DAGs
[2026-07-06T16:35:52.312+0000] {logging_mixin.py:188} INFO - [2026-07-06T16:35:52.299+0000] {dag.py:3823} INFO - Setting next_dagrun for example_params_trigger_ui to None, run_after=None
[2026-07-06T16:35:52.466+0000] {processor.py:183} INFO - Processing /home/airflow/.local/lib/python3.8/site-packages/airflow/example_dags/example_params_trigger_ui.py took 1.227 seconds
[2026-07-06T16:36:22.633+0000] {processor.py:161} INFO - Started process (PID=1693) to work on /home/airflow/.local/lib/python3.8/site-packages/airflow/example_dags/example_params_trigger_ui.py
[2026-07-06T16:36:22.637+0000] {processor.py:830} INFO - Processing file /home/airflow/.local/lib/python3.8/site-packages/airflow/example_dags/example_params_trigger_ui.py for tasks to queue
[2026-07-06T16:36:22.642+0000] {logging_mixin.py:188} INFO - [2026-07-06T16:36:22.641+0000] {dagbag.py:538} INFO - Filling up the DagBag from /home/airflow/.local/lib/python3.8/site-packages/airflow/example_dags/example_params_trigger_ui.py
[2026-07-06T16:36:22.678+0000] {processor.py:840} INFO - DAG(s) 'example_params_trigger_ui' retrieved from /home/airflow/.local/lib/python3.8/site-packages/airflow/example_dags/example_params_trigger_ui.py
[2026-07-06T16:36:22.817+0000] {logging_mixin.py:188} INFO - [2026-07-06T16:36:22.816+0000] {dag.py:3036} INFO - Sync 1 DAGs
[2026-07-06T16:36:22.846+0000] {logging_mixin.py:188} INFO - [2026-07-06T16:36:22.846+0000] {dag.py:3823} INFO - Setting next_dagrun for example_params_trigger_ui to None, run_after=None
[2026-07-06T16:36:22.887+0000] {processor.py:183} INFO - Processing /home/airflow/.local/lib/python3.8/site-packages/airflow/example_dags/example_params_trigger_ui.py took 0.268 seconds
[2026-07-06T16:36:53.147+0000] {processor.py:161} INFO - Started process (PID=1759) to work on /home/airflow/.local/lib/python3.8/site-packages/airflow/example_dags/example_params_trigger_ui.py
[2026-07-06T16:36:53.149+0000] {processor.py:830} INFO - Processing file /home/airflow/.local/lib/python3.8/site-packages/airflow/example_dags/example_params_trigger_ui.py for tasks to queue
[2026-07-06T16:36:53.152+0000] {logging_mixin.py:188} INFO - [2026-07-06T16:36:53.151+0000] {dagbag.py:538} INFO - Filling up the DagBag from /home/airflow/.local/lib/python3.8/site-packages/airflow/example_dags/example_params_trigger_ui.py
[2026-07-06T16:36:53.173+0000] {processor.py:840} INFO - DAG(s) 'example_params_trigger_ui' retrieved from /home/airflow/.local/lib/python3.8/site-packages/airflow/example_dags/example_params_trigger_ui.py
[2026-07-06T16:36:53.313+0000] {logging_mixin.py:188} INFO - [2026-07-06T16:36:53.312+0000] {dag.py:3036} INFO - Sync 1 DAGs
[2026-07-06T16:36:53.351+0000] {logging_mixin.py:188} INFO - [2026-07-06T16:36:53.351+0000] {dag.py:3823} INFO - Setting next_dagrun for example_params_trigger_ui to None, run_after=None
[2026-07-06T16:36:53.399+0000] {processor.py:183} INFO - Processing /home/airflow/.local/lib/python3.8/site-packages/airflow/example_dags/example_params_trigger_ui.py took 0.260 seconds
[2026-07-06T16:37:23.564+0000] {processor.py:161} INFO - Started process (PID=1825) to work on /home/airflow/.local/lib/python3.8/site-packages/airflow/example_dags/example_params_trigger_ui.py
[2026-07-06T16:37:23.567+0000] {processor.py:830} INFO - Processing file /home/airflow/.local/lib/python3.8/site-packages/airflow/example_dags/example_params_trigger_ui.py for tasks to queue
[2026-07-06T16:37:23.572+0000] {logging_mixin.py:188} INFO - [2026-07-06T16:37:23.571+0000] {dagbag.py:538} INFO - Filling up the DagBag from /home/airflow/.local/lib/python3.8/site-packages/airflow/example_dags/example_params_trigger_ui.py
[2026-07-06T16:37:23.607+0000] {processor.py:840} INFO - DAG(s) 'example_params_trigger_ui' retrieved from /home/airflow/.local/lib/python3.8/site-packages/airflow/example_dags/example_params_trigger_ui.py
[2026-07-06T16:37:23.767+0000] {logging_mixin.py:188} INFO - [2026-07-06T16:37:23.766+0000] {dag.py:3036} INFO - Sync 1 DAGs
[2026-07-06T16:37:23.801+0000] {logging_mixin.py:188} INFO - [2026-07-06T16:37:23.801+0000] {dag.py:3823} INFO - Setting next_dagrun for example_params_trigger_ui to None, run_after=None
[2026-07-06T16:37:23.916+0000] {processor.py:183} INFO - Processing /home/airflow/.local/lib/python3.8/site-packages/airflow/example_dags/example_params_trigger_ui.py took 0.363 seconds
[2026-07-06T16:37:54.414+0000] {processor.py:161} INFO - Started process (PID=1883) to work on /home/airflow/.local/lib/python3.8/site-packages/airflow/example_dags/example_params_trigger_ui.py
[2026-07-06T16:37:54.419+0000] {processor.py:830} INFO - Processing file /home/airflow/.local/lib/python3.8/site-packages/airflow/example_dags/example_params_trigger_ui.py for tasks to queue
[2026-07-06T16:37:54.436+0000] {logging_mixin.py:188} INFO - [2026-07-06T16:37:54.435+0000] {dagbag.py:538} INFO - Filling up the DagBag from /home/airflow/.local/lib/python3.8/site-packages/airflow/example_dags/example_params_trigger_ui.py
[2026-07-06T16:37:54.586+0000] {processor.py:840} INFO - DAG(s) 'example_params_trigger_ui' retrieved from /home/airflow/.local/lib/python3.8/site-packages/airflow/example_dags/example_params_trigger_ui.py
[2026-07-06T16:37:55.037+0000] {logging_mixin.py:188} INFO - [2026-07-06T16:37:55.036+0000] {dag.py:3036} INFO - Sync 1 DAGs
[2026-07-06T16:37:55.134+0000] {logging_mixin.py:188} INFO - [2026-07-06T16:37:55.133+0000] {dag.py:3823} INFO - Setting next_dagrun for example_params_trigger_ui to None, run_after=None
[2026-07-06T16:37:55.269+0000] {processor.py:183} INFO - Processing /home/airflow/.local/lib/python3.8/site-packages/airflow/example_dags/example_params_trigger_ui.py took 0.882 seconds
[2026-07-06T16:38:25.524+0000] {processor.py:161} INFO - Started process (PID=1948) to work on /home/airflow/.local/lib/python3.8/site-packages/airflow/example_dags/example_params_trigger_ui.py
[2026-07-06T16:38:25.536+0000] {processor.py:830} INFO - Processing file /home/airflow/.local/lib/python3.8/site-packages/airflow/example_dags/example_params_trigger_ui.py for tasks to queue
[2026-07-06T16:38:25.541+0000] {logging_mixin.py:188} INFO - [2026-07-06T16:38:25.540+0000] {dagbag.py:538} INFO - Filling up the DagBag from /home/airflow/.local/lib/python3.8/site-packages/airflow/example_dags/example_params_trigger_ui.py
[2026-07-06T16:38:25.594+0000] {processor.py:840} INFO - DAG(s) 'example_params_trigger_ui' retrieved from /home/airflow/.local/lib/python3.8/site-packages/airflow/example_dags/example_params_trigger_ui.py
[2026-07-06T16:38:25.742+0000] {logging_mixin.py:188} INFO - [2026-07-06T16:38:25.742+0000] {dag.py:3036} INFO - Sync 1 DAGs
[2026-07-06T16:38:25.776+0000] {logging_mixin.py:188} INFO - [2026-07-06T16:38:25.776+0000] {dag.py:3823} INFO - Setting next_dagrun for example_params_trigger_ui to None, run_after=None
[2026-07-06T16:38:25.821+0000] {processor.py:183} INFO - Processing /home/airflow/.local/lib/python3.8/site-packages/airflow/example_dags/example_params_trigger_ui.py took 0.307 seconds
[2026-07-06T16:38:56.328+0000] {processor.py:161} INFO - Started process (PID=2016) to work on /home/airflow/.local/lib/python3.8/site-packages/airflow/example_dags/example_params_trigger_ui.py
[2026-07-06T16:38:56.331+0000] {processor.py:830} INFO - Processing file /home/airflow/.local/lib/python3.8/site-packages/airflow/example_dags/example_params_trigger_ui.py for tasks to queue
[2026-07-06T16:38:56.341+0000] {logging_mixin.py:188} INFO - [2026-07-06T16:38:56.341+0000] {dagbag.py:538} INFO - Filling up the DagBag from /home/airflow/.local/lib/python3.8/site-packages/airflow/example_dags/example_params_trigger_ui.py
[2026-07-06T16:38:56.398+0000] {processor.py:840} INFO - DAG(s) 'example_params_trigger_ui' retrieved from /home/airflow/.local/lib/python3.8/site-packages/airflow/example_dags/example_params_trigger_ui.py
[2026-07-06T16:38:56.577+0000] {logging_mixin.py:188} INFO - [2026-07-06T16:38:56.576+0000] {dag.py:3036} INFO - Sync 1 DAGs
[2026-07-06T16:38:56.614+0000] {logging_mixin.py:188} INFO - [2026-07-06T16:38:56.613+0000] {dag.py:3823} INFO - Setting next_dagrun for example_params_trigger_ui to None, run_after=None
[2026-07-06T16:38:56.668+0000] {processor.py:183} INFO - Processing /home/airflow/.local/lib/python3.8/site-packages/airflow/example_dags/example_params_trigger_ui.py took 0.349 seconds
[2026-07-06T16:39:27.195+0000] {processor.py:161} INFO - Started process (PID=2082) to work on /home/airflow/.local/lib/python3.8/site-packages/airflow/example_dags/example_params_trigger_ui.py
[2026-07-06T16:39:27.203+0000] {processor.py:830} INFO - Processing file /home/airflow/.local/lib/python3.8/site-packages/airflow/example_dags/example_params_trigger_ui.py for tasks to queue
[2026-07-06T16:39:27.219+0000] {logging_mixin.py:188} INFO - [2026-07-06T16:39:27.218+0000] {dagbag.py:538} INFO - Filling up the DagBag from /home/airflow/.local/lib/python3.8/site-packages/airflow/example_dags/example_params_trigger_ui.py
[2026-07-06T16:39:27.268+0000] {processor.py:840} INFO - DAG(s) 'example_params_trigger_ui' retrieved from /home/airflow/.local/lib/python3.8/site-packages/airflow/example_dags/example_params_trigger_ui.py
[2026-07-06T16:39:27.436+0000] {logging_mixin.py:188} INFO - [2026-07-06T16:39:27.435+0000] {dag.py:3036} INFO - Sync 1 DAGs
[2026-07-06T16:39:27.473+0000] {logging_mixin.py:188} INFO - [2026-07-06T16:39:27.473+0000] {dag.py:3823} INFO - Setting next_dagrun for example_params_trigger_ui to None, run_after=None
[2026-07-06T16:39:27.553+0000] {processor.py:183} INFO - Processing /home/airflow/.local/lib/python3.8/site-packages/airflow/example_dags/example_params_trigger_ui.py took 0.371 seconds
[2026-07-06T16:39:58.735+0000] {processor.py:161} INFO - Started process (PID=2147) to work on /home/airflow/.local/lib/python3.8/site-packages/airflow/example_dags/example_params_trigger_ui.py
[2026-07-06T16:39:58.739+0000] {processor.py:830} INFO - Processing file /home/airflow/.local/lib/python3.8/site-packages/airflow/example_dags/example_params_trigger_ui.py for tasks to queue
[2026-07-06T16:39:58.752+0000] {logging_mixin.py:188} INFO - [2026-07-06T16:39:58.751+0000] {dagbag.py:538} INFO - Filling up the DagBag from /home/airflow/.local/lib/python3.8/site-packages/airflow/example_dags/example_params_trigger_ui.py
[2026-07-06T16:39:58.991+0000] {processor.py:840} INFO - DAG(s) 'example_params_trigger_ui' retrieved from /home/airflow/.local/lib/python3.8/site-packages/airflow/example_dags/example_params_trigger_ui.py
[2026-07-06T16:40:00.209+0000] {logging_mixin.py:188} INFO - [2026-07-06T16:40:00.208+0000] {dag.py:3036} INFO - Sync 1 DAGs
[2026-07-06T16:40:00.364+0000] {logging_mixin.py:188} INFO - [2026-07-06T16:40:00.364+0000] {dag.py:3823} INFO - Setting next_dagrun for example_params_trigger_ui to None, run_after=None
[2026-07-06T16:40:00.551+0000] {processor.py:183} INFO - Processing /home/airflow/.local/lib/python3.8/site-packages/airflow/example_dags/example_params_trigger_ui.py took 1.874 seconds
[2026-07-06T16:40:31.308+0000] {processor.py:161} INFO - Started process (PID=2206) to work on /home/airflow/.local/lib/python3.8/site-packages/airflow/example_dags/example_params_trigger_ui.py
[2026-07-06T16:40:31.311+0000] {processor.py:830} INFO - Processing file /home/airflow/.local/lib/python3.8/site-packages/airflow/example_dags/example_params_trigger_ui.py for tasks to queue
[2026-07-06T16:40:31.315+0000] {logging_mixin.py:188} INFO - [2026-07-06T16:40:31.315+0000] {dagbag.py:538} INFO - Filling up the DagBag from /home/airflow/.local/lib/python3.8/site-packages/airflow/example_dags/example_params_trigger_ui.py
[2026-07-06T16:40:31.362+0000] {processor.py:840} INFO - DAG(s) 'example_params_trigger_ui' retrieved from /home/airflow/.local/lib/python3.8/site-packages/airflow/example_dags/example_params_trigger_ui.py
[2026-07-06T16:40:31.536+0000] {logging_mixin.py:188} INFO - [2026-07-06T16:40:31.535+0000] {dag.py:3036} INFO - Sync 1 DAGs
[2026-07-06T16:40:31.566+0000] {logging_mixin.py:188} INFO - [2026-07-06T16:40:31.566+0000] {dag.py:3823} INFO - Setting next_dagrun for example_params_trigger_ui to None, run_after=None
[2026-07-06T16:40:31.610+0000] {processor.py:183} INFO - Processing /home/airflow/.local/lib/python3.8/site-packages/airflow/example_dags/example_params_trigger_ui.py took 0.311 seconds
[2026-07-06T16:41:02.483+0000] {processor.py:161} INFO - Started process (PID=2272) to work on /home/airflow/.local/lib/python3.8/site-packages/airflow/example_dags/example_params_trigger_ui.py
[2026-07-06T16:41:02.493+0000] {processor.py:830} INFO - Processing file /home/airflow/.local/lib/python3.8/site-packages/airflow/example_dags/example_params_trigger_ui.py for tasks to queue
[2026-07-06T16:41:02.499+0000] {logging_mixin.py:188} INFO - [2026-07-06T16:41:02.499+0000] {dagbag.py:538} INFO - Filling up the DagBag from /home/airflow/.local/lib/python3.8/site-packages/airflow/example_dags/example_params_trigger_ui.py
[2026-07-06T16:41:02.557+0000] {processor.py:840} INFO - DAG(s) 'example_params_trigger_ui' retrieved from /home/airflow/.local/lib/python3.8/site-packages/airflow/example_dags/example_params_trigger_ui.py
[2026-07-06T16:41:02.717+0000] {logging_mixin.py:188} INFO - [2026-07-06T16:41:02.717+0000] {dag.py:3036} INFO - Sync 1 DAGs
[2026-07-06T16:41:02.747+0000] {logging_mixin.py:188} INFO - [2026-07-06T16:41:02.746+0000] {dag.py:3823} INFO - Setting next_dagrun for example_params_trigger_ui to None, run_after=None
[2026-07-06T16:41:02.794+0000] {processor.py:183} INFO - Processing /home/airflow/.local/lib/python3.8/site-packages/airflow/example_dags/example_params_trigger_ui.py took 0.327 seconds
[2026-07-06T16:41:32.887+0000] {processor.py:161} INFO - Started process (PID=2338) to work on /home/airflow/.local/lib/python3.8/site-packages/airflow/example_dags/example_params_trigger_ui.py
[2026-07-06T16:41:32.890+0000] {processor.py:830} INFO - Processing file /home/airflow/.local/lib/python3.8/site-packages/airflow/example_dags/example_params_trigger_ui.py for tasks to queue
[2026-07-06T16:41:32.895+0000] {logging_mixin.py:188} INFO - [2026-07-06T16:41:32.894+0000] {dagbag.py:538} INFO - Filling up the DagBag from /home/airflow/.local/lib/python3.8/site-packages/airflow/example_dags/example_params_trigger_ui.py
[2026-07-06T16:41:32.928+0000] {processor.py:840} INFO - DAG(s) 'example_params_trigger_ui' retrieved from /home/airflow/.local/lib/python3.8/site-packages/airflow/example_dags/example_params_trigger_ui.py
[2026-07-06T16:41:33.060+0000] {logging_mixin.py:188} INFO - [2026-07-06T16:41:33.059+0000] {dag.py:3036} INFO - Sync 1 DAGs
[2026-07-06T16:41:33.095+0000] {logging_mixin.py:188} INFO - [2026-07-06T16:41:33.094+0000] {dag.py:3823} INFO - Setting next_dagrun for example_params_trigger_ui to None, run_after=None
[2026-07-06T16:41:33.142+0000] {processor.py:183} INFO - Processing /home/airflow/.local/lib/python3.8/site-packages/airflow/example_dags/example_params_trigger_ui.py took 0.264 seconds
[2026-07-06T16:42:03.742+0000] {processor.py:161} INFO - Started process (PID=2405) to work on /home/airflow/.local/lib/python3.8/site-packages/airflow/example_dags/example_params_trigger_ui.py
[2026-07-06T16:42:03.746+0000] {processor.py:830} INFO - Processing file /home/airflow/.local/lib/python3.8/site-packages/airflow/example_dags/example_params_trigger_ui.py for tasks to queue
[2026-07-06T16:42:03.753+0000] {logging_mixin.py:188} INFO - [2026-07-06T16:42:03.752+0000] {dagbag.py:538} INFO - Filling up the DagBag from /home/airflow/.local/lib/python3.8/site-packages/airflow/example_dags/example_params_trigger_ui.py
[2026-07-06T16:42:03.799+0000] {processor.py:840} INFO - DAG(s) 'example_params_trigger_ui' retrieved from /home/airflow/.local/lib/python3.8/site-packages/airflow/example_dags/example_params_trigger_ui.py
[2026-07-06T16:42:03.941+0000] {logging_mixin.py:188} INFO - [2026-07-06T16:42:03.941+0000] {dag.py:3036} INFO - Sync 1 DAGs
[2026-07-06T16:42:03.974+0000] {logging_mixin.py:188} INFO - [2026-07-06T16:42:03.973+0000] {dag.py:3823} INFO - Setting next_dagrun for example_params_trigger_ui to None, run_after=None
[2026-07-06T16:42:04.022+0000] {processor.py:183} INFO - Processing /home/airflow/.local/lib/python3.8/site-packages/airflow/example_dags/example_params_trigger_ui.py took 0.292 seconds
[2026-07-06T16:42:34.470+0000] {processor.py:161} INFO - Started process (PID=2471) to work on /home/airflow/.local/lib/python3.8/site-packages/airflow/example_dags/example_params_trigger_ui.py
[2026-07-06T16:42:34.480+0000] {processor.py:830} INFO - Processing file /home/airflow/.local/lib/python3.8/site-packages/airflow/example_dags/example_params_trigger_ui.py for tasks to queue
[2026-07-06T16:42:34.488+0000] {logging_mixin.py:188} INFO - [2026-07-06T16:42:34.487+0000] {dagbag.py:538} INFO - Filling up the DagBag from /home/airflow/.local/lib/python3.8/site-packages/airflow/example_dags/example_params_trigger_ui.py
[2026-07-06T16:42:34.540+0000] {processor.py:840} INFO - DAG(s) 'example_params_trigger_ui' retrieved from /home/airflow/.local/lib/python3.8/site-packages/airflow/example_dags/example_params_trigger_ui.py
[2026-07-06T16:42:34.704+0000] {logging_mixin.py:188} INFO - [2026-07-06T16:42:34.703+0000] {dag.py:3036} INFO - Sync 1 DAGs
[2026-07-06T16:42:34.743+0000] {logging_mixin.py:188} INFO - [2026-07-06T16:42:34.742+0000] {dag.py:3823} INFO - Setting next_dagrun for example_params_trigger_ui to None, run_after=None
[2026-07-06T16:42:34.805+0000] {processor.py:183} INFO - Processing /home/airflow/.local/lib/python3.8/site-packages/airflow/example_dags/example_params_trigger_ui.py took 0.358 seconds
[2026-07-06T16:43:05.205+0000] {processor.py:161} INFO - Started process (PID=2536) to work on /home/airflow/.local/lib/python3.8/site-packages/airflow/example_dags/example_params_trigger_ui.py
[2026-07-06T16:43:05.210+0000] {processor.py:830} INFO - Processing file /home/airflow/.local/lib/python3.8/site-packages/airflow/example_dags/example_params_trigger_ui.py for tasks to queue
[2026-07-06T16:43:05.218+0000] {logging_mixin.py:188} INFO - [2026-07-06T16:43:05.217+0000] {dagbag.py:538} INFO - Filling up the DagBag from /home/airflow/.local/lib/python3.8/site-packages/airflow/example_dags/example_params_trigger_ui.py
[2026-07-06T16:43:05.289+0000] {processor.py:840} INFO - DAG(s) 'example_params_trigger_ui' retrieved from /home/airflow/.local/lib/python3.8/site-packages/airflow/example_dags/example_params_trigger_ui.py
[2026-07-06T16:43:05.548+0000] {logging_mixin.py:188} INFO - [2026-07-06T16:43:05.547+0000] {dag.py:3036} INFO - Sync 1 DAGs
[2026-07-06T16:43:05.613+0000] {logging_mixin.py:188} INFO - [2026-07-06T16:43:05.612+0000] {dag.py:3823} INFO - Setting next_dagrun for example_params_trigger_ui to None, run_after=None
[2026-07-06T16:43:05.695+0000] {processor.py:183} INFO - Processing /home/airflow/.local/lib/python3.8/site-packages/airflow/example_dags/example_params_trigger_ui.py took 0.508 seconds
[2026-07-06T16:43:36.554+0000] {processor.py:161} INFO - Started process (PID=2594) to work on /home/airflow/.local/lib/python3.8/site-packages/airflow/example_dags/example_params_trigger_ui.py
[2026-07-06T16:43:36.557+0000] {processor.py:830} INFO - Processing file /home/airflow/.local/lib/python3.8/site-packages/airflow/example_dags/example_params_trigger_ui.py for tasks to queue
[2026-07-06T16:43:36.561+0000] {logging_mixin.py:188} INFO - [2026-07-06T16:43:36.560+0000] {dagbag.py:538} INFO - Filling up the DagBag from /home/airflow/.local/lib/python3.8/site-packages/airflow/example_dags/example_params_trigger_ui.py
[2026-07-06T16:43:36.590+0000] {processor.py:840} INFO - DAG(s) 'example_params_trigger_ui' retrieved from /home/airflow/.local/lib/python3.8/site-packages/airflow/example_dags/example_params_trigger_ui.py
[2026-07-06T16:43:36.723+0000] {logging_mixin.py:188} INFO - [2026-07-06T16:43:36.723+0000] {dag.py:3036} INFO - Sync 1 DAGs
[2026-07-06T16:43:36.752+0000] {logging_mixin.py:188} INFO - [2026-07-06T16:43:36.751+0000] {dag.py:3823} INFO - Setting next_dagrun for example_params_trigger_ui to None, run_after=None
[2026-07-06T16:43:36.795+0000] {processor.py:183} INFO - Processing /home/airflow/.local/lib/python3.8/site-packages/airflow/example_dags/example_params_trigger_ui.py took 0.252 seconds
[2026-07-06T16:44:07.095+0000] {processor.py:161} INFO - Started process (PID=2661) to work on /home/airflow/.local/lib/python3.8/site-packages/airflow/example_dags/example_params_trigger_ui.py
[2026-07-06T16:44:07.103+0000] {processor.py:830} INFO - Processing file /home/airflow/.local/lib/python3.8/site-packages/airflow/example_dags/example_params_trigger_ui.py for tasks to queue
[2026-07-06T16:44:07.110+0000] {logging_mixin.py:188} INFO - [2026-07-06T16:44:07.109+0000] {dagbag.py:538} INFO - Filling up the DagBag from /home/airflow/.local/lib/python3.8/site-packages/airflow/example_dags/example_params_trigger_ui.py
[2026-07-06T16:44:07.163+0000] {processor.py:840} INFO - DAG(s) 'example_params_trigger_ui' retrieved from /home/airflow/.local/lib/python3.8/site-packages/airflow/example_dags/example_params_trigger_ui.py
[2026-07-06T16:44:07.289+0000] {logging_mixin.py:188} INFO - [2026-07-06T16:44:07.289+0000] {dag.py:3036} INFO - Sync 1 DAGs
[2026-07-06T16:44:07.321+0000] {logging_mixin.py:188} INFO - [2026-07-06T16:44:07.321+0000] {dag.py:3823} INFO - Setting next_dagrun for example_params_trigger_ui to None, run_after=None
[2026-07-06T16:44:07.365+0000] {processor.py:183} INFO - Processing /home/airflow/.local/lib/python3.8/site-packages/airflow/example_dags/example_params_trigger_ui.py took 0.286 seconds
[2026-07-06T16:44:38.202+0000] {processor.py:161} INFO - Started process (PID=2728) to work on /home/airflow/.local/lib/python3.8/site-packages/airflow/example_dags/example_params_trigger_ui.py
[2026-07-06T16:44:38.206+0000] {processor.py:830} INFO - Processing file /home/airflow/.local/lib/python3.8/site-packages/airflow/example_dags/example_params_trigger_ui.py for tasks to queue
[2026-07-06T16:44:38.209+0000] {logging_mixin.py:188} INFO - [2026-07-06T16:44:38.209+0000] {dagbag.py:538} INFO - Filling up the DagBag from /home/airflow/.local/lib/python3.8/site-packages/airflow/example_dags/example_params_trigger_ui.py
[2026-07-06T16:44:38.236+0000] {processor.py:840} INFO - DAG(s) 'example_params_trigger_ui' retrieved from /home/airflow/.local/lib/python3.8/site-packages/airflow/example_dags/example_params_trigger_ui.py
[2026-07-06T16:44:38.379+0000] {logging_mixin.py:188} INFO - [2026-07-06T16:44:38.378+0000] {dag.py:3036} INFO - Sync 1 DAGs
[2026-07-06T16:44:38.417+0000] {logging_mixin.py:188} INFO - [2026-07-06T16:44:38.417+0000] {dag.py:3823} INFO - Setting next_dagrun for example_params_trigger_ui to None, run_after=None
[2026-07-06T16:44:38.471+0000] {processor.py:183} INFO - Processing /home/airflow/.local/lib/python3.8/site-packages/airflow/example_dags/example_params_trigger_ui.py took 0.276 seconds
[2026-07-06T16:45:08.828+0000] {processor.py:161} INFO - Started process (PID=2794) to work on /home/airflow/.local/lib/python3.8/site-packages/airflow/example_dags/example_params_trigger_ui.py
[2026-07-06T16:45:08.839+0000] {processor.py:830} INFO - Processing file /home/airflow/.local/lib/python3.8/site-packages/airflow/example_dags/example_params_trigger_ui.py for tasks to queue
[2026-07-06T16:45:08.843+0000] {logging_mixin.py:188} INFO - [2026-07-06T16:45:08.842+0000] {dagbag.py:538} INFO - Filling up the DagBag from /home/airflow/.local/lib/python3.8/site-packages/airflow/example_dags/example_params_trigger_ui.py
[2026-07-06T16:45:08.873+0000] {processor.py:840} INFO - DAG(s) 'example_params_trigger_ui' retrieved from /home/airflow/.local/lib/python3.8/site-packages/airflow/example_dags/example_params_trigger_ui.py
[2026-07-06T16:45:09.012+0000] {logging_mixin.py:188} INFO - [2026-07-06T16:45:09.012+0000] {dag.py:3036} INFO - Sync 1 DAGs
[2026-07-06T16:45:09.041+0000] {logging_mixin.py:188} INFO - [2026-07-06T16:45:09.040+0000] {dag.py:3823} INFO - Setting next_dagrun for example_params_trigger_ui to None, run_after=None
[2026-07-06T16:45:09.087+0000] {processor.py:183} INFO - Processing /home/airflow/.local/lib/python3.8/site-packages/airflow/example_dags/example_params_trigger_ui.py took 0.274 seconds
[2026-07-06T16:45:39.973+0000] {processor.py:161} INFO - Started process (PID=2858) to work on /home/airflow/.local/lib/python3.8/site-packages/airflow/example_dags/example_params_trigger_ui.py
[2026-07-06T16:45:39.977+0000] {processor.py:830} INFO - Processing file /home/airflow/.local/lib/python3.8/site-packages/airflow/example_dags/example_params_trigger_ui.py for tasks to queue
[2026-07-06T16:45:39.984+0000] {logging_mixin.py:188} INFO - [2026-07-06T16:45:39.983+0000] {dagbag.py:538} INFO - Filling up the DagBag from /home/airflow/.local/lib/python3.8/site-packages/airflow/example_dags/example_params_trigger_ui.py
[2026-07-06T16:45:40.020+0000] {processor.py:840} INFO - DAG(s) 'example_params_trigger_ui' retrieved from /home/airflow/.local/lib/python3.8/site-packages/airflow/example_dags/example_params_trigger_ui.py
[2026-07-06T16:45:40.187+0000] {logging_mixin.py:188} INFO - [2026-07-06T16:45:40.186+0000] {dag.py:3036} INFO - Sync 1 DAGs
[2026-07-06T16:45:40.229+0000] {logging_mixin.py:188} INFO - [2026-07-06T16:45:40.229+0000] {dag.py:3823} INFO - Setting next_dagrun for example_params_trigger_ui to None, run_after=None
[2026-07-06T16:45:40.321+0000] {processor.py:183} INFO - Processing /home/airflow/.local/lib/python3.8/site-packages/airflow/example_dags/example_params_trigger_ui.py took 0.358 seconds
[2026-07-06T16:46:10.494+0000] {processor.py:161} INFO - Started process (PID=2924) to work on /home/airflow/.local/lib/python3.8/site-packages/airflow/example_dags/example_params_trigger_ui.py
[2026-07-06T16:46:10.497+0000] {processor.py:830} INFO - Processing file /home/airflow/.local/lib/python3.8/site-packages/airflow/example_dags/example_params_trigger_ui.py for tasks to queue
[2026-07-06T16:46:10.501+0000] {logging_mixin.py:188} INFO - [2026-07-06T16:46:10.500+0000] {dagbag.py:538} INFO - Filling up the DagBag from /home/airflow/.local/lib/python3.8/site-packages/airflow/example_dags/example_params_trigger_ui.py
[2026-07-06T16:46:10.530+0000] {processor.py:840} INFO - DAG(s) 'example_params_trigger_ui' retrieved from /home/airflow/.local/lib/python3.8/site-packages/airflow/example_dags/example_params_trigger_ui.py
[2026-07-06T16:46:10.652+0000] {logging_mixin.py:188} INFO - [2026-07-06T16:46:10.652+0000] {dag.py:3036} INFO - Sync 1 DAGs
[2026-07-06T16:46:10.679+0000] {logging_mixin.py:188} INFO - [2026-07-06T16:46:10.679+0000] {dag.py:3823} INFO - Setting next_dagrun for example_params_trigger_ui to None, run_after=None
[2026-07-06T16:46:10.728+0000] {processor.py:183} INFO - Processing /home/airflow/.local/lib/python3.8/site-packages/airflow/example_dags/example_params_trigger_ui.py took 0.245 seconds
[2026-07-06T16:46:40.955+0000] {processor.py:161} INFO - Started process (PID=2991) to work on /home/airflow/.local/lib/python3.8/site-packages/airflow/example_dags/example_params_trigger_ui.py
[2026-07-06T16:46:40.966+0000] {processor.py:830} INFO - Processing file /home/airflow/.local/lib/python3.8/site-packages/airflow/example_dags/example_params_trigger_ui.py for tasks to queue
[2026-07-06T16:46:40.972+0000] {logging_mixin.py:188} INFO - [2026-07-06T16:46:40.971+0000] {dagbag.py:538} INFO - Filling up the DagBag from /home/airflow/.local/lib/python3.8/site-packages/airflow/example_dags/example_params_trigger_ui.py
[2026-07-06T16:46:41.011+0000] {processor.py:840} INFO - DAG(s) 'example_params_trigger_ui' retrieved from /home/airflow/.local/lib/python3.8/site-packages/airflow/example_dags/example_params_trigger_ui.py
[2026-07-06T16:46:41.130+0000] {logging_mixin.py:188} INFO - [2026-07-06T16:46:41.130+0000] {dag.py:3036} INFO - Sync 1 DAGs
[2026-07-06T16:46:41.162+0000] {logging_mixin.py:188} INFO - [2026-07-06T16:46:41.161+0000] {dag.py:3823} INFO - Setting next_dagrun for example_params_trigger_ui to None, run_after=None
[2026-07-06T16:46:41.207+0000] {processor.py:183} INFO - Processing /home/airflow/.local/lib/python3.8/site-packages/airflow/example_dags/example_params_trigger_ui.py took 0.264 seconds
[2026-07-06T16:47:12.045+0000] {processor.py:161} INFO - Started process (PID=3056) to work on /home/airflow/.local/lib/python3.8/site-packages/airflow/example_dags/example_params_trigger_ui.py
[2026-07-06T16:47:12.048+0000] {processor.py:830} INFO - Processing file /home/airflow/.local/lib/python3.8/site-packages/airflow/example_dags/example_params_trigger_ui.py for tasks to queue
[2026-07-06T16:47:12.052+0000] {logging_mixin.py:188} INFO - [2026-07-06T16:47:12.052+0000] {dagbag.py:538} INFO - Filling up the DagBag from /home/airflow/.local/lib/python3.8/site-packages/airflow/example_dags/example_params_trigger_ui.py
[2026-07-06T16:47:12.087+0000] {processor.py:840} INFO - DAG(s) 'example_params_trigger_ui' retrieved from /home/airflow/.local/lib/python3.8/site-packages/airflow/example_dags/example_params_trigger_ui.py
[2026-07-06T16:47:12.207+0000] {logging_mixin.py:188} INFO - [2026-07-06T16:47:12.207+0000] {dag.py:3036} INFO - Sync 1 DAGs
[2026-07-06T16:47:12.233+0000] {logging_mixin.py:188} INFO - [2026-07-06T16:47:12.233+0000] {dag.py:3823} INFO - Setting next_dagrun for example_params_trigger_ui to None, run_after=None
[2026-07-06T16:47:12.285+0000] {processor.py:183} INFO - Processing /home/airflow/.local/lib/python3.8/site-packages/airflow/example_dags/example_params_trigger_ui.py took 0.248 seconds
[2026-07-06T16:47:42.580+0000] {processor.py:161} INFO - Started process (PID=3122) to work on /home/airflow/.local/lib/python3.8/site-packages/airflow/example_dags/example_params_trigger_ui.py
[2026-07-06T16:47:42.583+0000] {processor.py:830} INFO - Processing file /home/airflow/.local/lib/python3.8/site-packages/airflow/example_dags/example_params_trigger_ui.py for tasks to queue
[2026-07-06T16:47:42.593+0000] {logging_mixin.py:188} INFO - [2026-07-06T16:47:42.592+0000] {dagbag.py:538} INFO - Filling up the DagBag from /home/airflow/.local/lib/python3.8/site-packages/airflow/example_dags/example_params_trigger_ui.py
[2026-07-06T16:47:42.640+0000] {processor.py:840} INFO - DAG(s) 'example_params_trigger_ui' retrieved from /home/airflow/.local/lib/python3.8/site-packages/airflow/example_dags/example_params_trigger_ui.py
[2026-07-06T16:47:42.744+0000] {logging_mixin.py:188} INFO - [2026-07-06T16:47:42.744+0000] {dag.py:3036} INFO - Sync 1 DAGs
[2026-07-06T16:47:42.777+0000] {logging_mixin.py:188} INFO - [2026-07-06T16:47:42.776+0000] {dag.py:3823} INFO - Setting next_dagrun for example_params_trigger_ui to None, run_after=None
[2026-07-06T16:47:42.819+0000] {processor.py:183} INFO - Processing /home/airflow/.local/lib/python3.8/site-packages/airflow/example_dags/example_params_trigger_ui.py took 0.249 seconds
[2026-07-06T16:48:12.993+0000] {processor.py:161} INFO - Started process (PID=3180) to work on /home/airflow/.local/lib/python3.8/site-packages/airflow/example_dags/example_params_trigger_ui.py
[2026-07-06T16:48:12.996+0000] {processor.py:830} INFO - Processing file /home/airflow/.local/lib/python3.8/site-packages/airflow/example_dags/example_params_trigger_ui.py for tasks to queue
[2026-07-06T16:48:13.001+0000] {logging_mixin.py:188} INFO - [2026-07-06T16:48:13.000+0000] {dagbag.py:538} INFO - Filling up the DagBag from /home/airflow/.local/lib/python3.8/site-packages/airflow/example_dags/example_params_trigger_ui.py
[2026-07-06T16:48:13.031+0000] {processor.py:840} INFO - DAG(s) 'example_params_trigger_ui' retrieved from /home/airflow/.local/lib/python3.8/site-packages/airflow/example_dags/example_params_trigger_ui.py
[2026-07-06T16:48:13.154+0000] {logging_mixin.py:188} INFO - [2026-07-06T16:48:13.154+0000] {dag.py:3036} INFO - Sync 1 DAGs
[2026-07-06T16:48:13.186+0000] {logging_mixin.py:188} INFO - [2026-07-06T16:48:13.185+0000] {dag.py:3823} INFO - Setting next_dagrun for example_params_trigger_ui to None, run_after=None
[2026-07-06T16:48:13.233+0000] {processor.py:183} INFO - Processing /home/airflow/.local/lib/python3.8/site-packages/airflow/example_dags/example_params_trigger_ui.py took 0.250 seconds
[2026-07-06T16:48:43.756+0000] {processor.py:161} INFO - Started process (PID=3246) to work on /home/airflow/.local/lib/python3.8/site-packages/airflow/example_dags/example_params_trigger_ui.py
[2026-07-06T16:48:43.759+0000] {processor.py:830} INFO - Processing file /home/airflow/.local/lib/python3.8/site-packages/airflow/example_dags/example_params_trigger_ui.py for tasks to queue
[2026-07-06T16:48:43.765+0000] {logging_mixin.py:188} INFO - [2026-07-06T16:48:43.764+0000] {dagbag.py:538} INFO - Filling up the DagBag from /home/airflow/.local/lib/python3.8/site-packages/airflow/example_dags/example_params_trigger_ui.py
[2026-07-06T16:48:43.803+0000] {processor.py:840} INFO - DAG(s) 'example_params_trigger_ui' retrieved from /home/airflow/.local/lib/python3.8/site-packages/airflow/example_dags/example_params_trigger_ui.py
[2026-07-06T16:48:43.929+0000] {logging_mixin.py:188} INFO - [2026-07-06T16:48:43.928+0000] {dag.py:3036} INFO - Sync 1 DAGs
[2026-07-06T16:48:43.960+0000] {logging_mixin.py:188} INFO - [2026-07-06T16:48:43.960+0000] {dag.py:3823} INFO - Setting next_dagrun for example_params_trigger_ui to None, run_after=None
[2026-07-06T16:48:43.996+0000] {processor.py:183} INFO - Processing /home/airflow/.local/lib/python3.8/site-packages/airflow/example_dags/example_params_trigger_ui.py took 0.252 seconds
[2026-07-06T16:49:14.411+0000] {processor.py:161} INFO - Started process (PID=3312) to work on /home/airflow/.local/lib/python3.8/site-packages/airflow/example_dags/example_params_trigger_ui.py
[2026-07-06T16:49:14.413+0000] {processor.py:830} INFO - Processing file /home/airflow/.local/lib/python3.8/site-packages/airflow/example_dags/example_params_trigger_ui.py for tasks to queue
[2026-07-06T16:49:14.417+0000] {logging_mixin.py:188} INFO - [2026-07-06T16:49:14.416+0000] {dagbag.py:538} INFO - Filling up the DagBag from /home/airflow/.local/lib/python3.8/site-packages/airflow/example_dags/example_params_trigger_ui.py
[2026-07-06T16:49:14.449+0000] {processor.py:840} INFO - DAG(s) 'example_params_trigger_ui' retrieved from /home/airflow/.local/lib/python3.8/site-packages/airflow/example_dags/example_params_trigger_ui.py
[2026-07-06T16:49:14.545+0000] {logging_mixin.py:188} INFO - [2026-07-06T16:49:14.545+0000] {dag.py:3036} INFO - Sync 1 DAGs
[2026-07-06T16:49:14.808+0000] {logging_mixin.py:188} INFO - [2026-07-06T16:49:14.807+0000] {dag.py:3823} INFO - Setting next_dagrun for example_params_trigger_ui to None, run_after=None
[2026-07-06T16:49:14.862+0000] {processor.py:183} INFO - Processing /home/airflow/.local/lib/python3.8/site-packages/airflow/example_dags/example_params_trigger_ui.py took 0.460 seconds
[2026-07-06T16:49:45.543+0000] {processor.py:161} INFO - Started process (PID=3378) to work on /home/airflow/.local/lib/python3.8/site-packages/airflow/example_dags/example_params_trigger_ui.py
[2026-07-06T16:49:45.547+0000] {processor.py:830} INFO - Processing file /home/airflow/.local/lib/python3.8/site-packages/airflow/example_dags/example_params_trigger_ui.py for tasks to queue
[2026-07-06T16:49:45.553+0000] {logging_mixin.py:188} INFO - [2026-07-06T16:49:45.552+0000] {dagbag.py:538} INFO - Filling up the DagBag from /home/airflow/.local/lib/python3.8/site-packages/airflow/example_dags/example_params_trigger_ui.py
[2026-07-06T16:49:45.603+0000] {processor.py:840} INFO - DAG(s) 'example_params_trigger_ui' retrieved from /home/airflow/.local/lib/python3.8/site-packages/airflow/example_dags/example_params_trigger_ui.py
[2026-07-06T16:49:45.787+0000] {logging_mixin.py:188} INFO - [2026-07-06T16:49:45.786+0000] {dag.py:3036} INFO - Sync 1 DAGs
[2026-07-06T16:49:45.814+0000] {logging_mixin.py:188} INFO - [2026-07-06T16:49:45.814+0000] {dag.py:3823} INFO - Setting next_dagrun for example_params_trigger_ui to None, run_after=None
[2026-07-06T16:49:46.066+0000] {processor.py:183} INFO - Processing /home/airflow/.local/lib/python3.8/site-packages/airflow/example_dags/example_params_trigger_ui.py took 0.534 seconds
[2026-07-06T16:50:16.576+0000] {processor.py:161} INFO - Started process (PID=3443) to work on /home/airflow/.local/lib/python3.8/site-packages/airflow/example_dags/example_params_trigger_ui.py
[2026-07-06T16:50:16.587+0000] {processor.py:830} INFO - Processing file /home/airflow/.local/lib/python3.8/site-packages/airflow/example_dags/example_params_trigger_ui.py for tasks to queue
[2026-07-06T16:50:16.593+0000] {logging_mixin.py:188} INFO - [2026-07-06T16:50:16.592+0000] {dagbag.py:538} INFO - Filling up the DagBag from /home/airflow/.local/lib/python3.8/site-packages/airflow/example_dags/example_params_trigger_ui.py
[2026-07-06T16:50:16.630+0000] {processor.py:840} INFO - DAG(s) 'example_params_trigger_ui' retrieved from /home/airflow/.local/lib/python3.8/site-packages/airflow/example_dags/example_params_trigger_ui.py
[2026-07-06T16:50:16.752+0000] {logging_mixin.py:188} INFO - [2026-07-06T16:50:16.751+0000] {dag.py:3036} INFO - Sync 1 DAGs
[2026-07-06T16:50:16.793+0000] {logging_mixin.py:188} INFO - [2026-07-06T16:50:16.793+0000] {dag.py:3823} INFO - Setting next_dagrun for example_params_trigger_ui to None, run_after=None
[2026-07-06T16:50:16.842+0000] {processor.py:183} INFO - Processing /home/airflow/.local/lib/python3.8/site-packages/airflow/example_dags/example_params_trigger_ui.py took 0.278 seconds
[2026-07-06T16:50:47.354+0000] {processor.py:161} INFO - Started process (PID=3509) to work on /home/airflow/.local/lib/python3.8/site-packages/airflow/example_dags/example_params_trigger_ui.py
[2026-07-06T16:50:47.356+0000] {processor.py:830} INFO - Processing file /home/airflow/.local/lib/python3.8/site-packages/airflow/example_dags/example_params_trigger_ui.py for tasks to queue
[2026-07-06T16:50:47.361+0000] {logging_mixin.py:188} INFO - [2026-07-06T16:50:47.360+0000] {dagbag.py:538} INFO - Filling up the DagBag from /home/airflow/.local/lib/python3.8/site-packages/airflow/example_dags/example_params_trigger_ui.py
[2026-07-06T16:50:47.392+0000] {processor.py:840} INFO - DAG(s) 'example_params_trigger_ui' retrieved from /home/airflow/.local/lib/python3.8/site-packages/airflow/example_dags/example_params_trigger_ui.py
[2026-07-06T16:50:47.758+0000] {logging_mixin.py:188} INFO - [2026-07-06T16:50:47.758+0000] {dag.py:3036} INFO - Sync 1 DAGs
[2026-07-06T16:50:47.786+0000] {logging_mixin.py:188} INFO - [2026-07-06T16:50:47.785+0000] {dag.py:3823} INFO - Setting next_dagrun for example_params_trigger_ui to None, run_after=None
[2026-07-06T16:50:47.851+0000] {processor.py:183} INFO - Processing /home/airflow/.local/lib/python3.8/site-packages/airflow/example_dags/example_params_trigger_ui.py took 0.509 seconds
[2026-07-06T16:51:18.162+0000] {processor.py:161} INFO - Started process (PID=3575) to work on /home/airflow/.local/lib/python3.8/site-packages/airflow/example_dags/example_params_trigger_ui.py
[2026-07-06T16:51:18.165+0000] {processor.py:830} INFO - Processing file /home/airflow/.local/lib/python3.8/site-packages/airflow/example_dags/example_params_trigger_ui.py for tasks to queue
[2026-07-06T16:51:18.170+0000] {logging_mixin.py:188} INFO - [2026-07-06T16:51:18.169+0000] {dagbag.py:538} INFO - Filling up the DagBag from /home/airflow/.local/lib/python3.8/site-packages/airflow/example_dags/example_params_trigger_ui.py
[2026-07-06T16:51:18.216+0000] {processor.py:840} INFO - DAG(s) 'example_params_trigger_ui' retrieved from /home/airflow/.local/lib/python3.8/site-packages/airflow/example_dags/example_params_trigger_ui.py
[2026-07-06T16:51:18.407+0000] {logging_mixin.py:188} INFO - [2026-07-06T16:51:18.407+0000] {dag.py:3036} INFO - Sync 1 DAGs
[2026-07-06T16:51:18.468+0000] {logging_mixin.py:188} INFO - [2026-07-06T16:51:18.467+0000] {dag.py:3823} INFO - Setting next_dagrun for example_params_trigger_ui to None, run_after=None
[2026-07-06T16:51:18.508+0000] {processor.py:183} INFO - Processing /home/airflow/.local/lib/python3.8/site-packages/airflow/example_dags/example_params_trigger_ui.py took 0.356 seconds
[2026-07-06T16:51:48.595+0000] {processor.py:161} INFO - Started process (PID=3641) to work on /home/airflow/.local/lib/python3.8/site-packages/airflow/example_dags/example_params_trigger_ui.py
[2026-07-06T16:51:48.597+0000] {processor.py:830} INFO - Processing file /home/airflow/.local/lib/python3.8/site-packages/airflow/example_dags/example_params_trigger_ui.py for tasks to queue
[2026-07-06T16:51:48.601+0000] {logging_mixin.py:188} INFO - [2026-07-06T16:51:48.601+0000] {dagbag.py:538} INFO - Filling up the DagBag from /home/airflow/.local/lib/python3.8/site-packages/airflow/example_dags/example_params_trigger_ui.py
[2026-07-06T16:51:48.638+0000] {processor.py:840} INFO - DAG(s) 'example_params_trigger_ui' retrieved from /home/airflow/.local/lib/python3.8/site-packages/airflow/example_dags/example_params_trigger_ui.py
[2026-07-06T16:51:48.773+0000] {logging_mixin.py:188} INFO - [2026-07-06T16:51:48.772+0000] {dag.py:3036} INFO - Sync 1 DAGs
[2026-07-06T16:51:48.801+0000] {logging_mixin.py:188} INFO - [2026-07-06T16:51:48.800+0000] {dag.py:3823} INFO - Setting next_dagrun for example_params_trigger_ui to None, run_after=None
[2026-07-06T16:51:48.844+0000] {processor.py:183} INFO - Processing /home/airflow/.local/lib/python3.8/site-packages/airflow/example_dags/example_params_trigger_ui.py took 0.259 seconds
[2026-07-06T16:52:19.016+0000] {processor.py:161} INFO - Started process (PID=3707) to work on /home/airflow/.local/lib/python3.8/site-packages/airflow/example_dags/example_params_trigger_ui.py
[2026-07-06T16:52:19.019+0000] {processor.py:830} INFO - Processing file /home/airflow/.local/lib/python3.8/site-packages/airflow/example_dags/example_params_trigger_ui.py for tasks to queue
[2026-07-06T16:52:19.030+0000] {logging_mixin.py:188} INFO - [2026-07-06T16:52:19.024+0000] {dagbag.py:538} INFO - Filling up the DagBag from /home/airflow/.local/lib/python3.8/site-packages/airflow/example_dags/example_params_trigger_ui.py
[2026-07-06T16:52:19.077+0000] {processor.py:840} INFO - DAG(s) 'example_params_trigger_ui' retrieved from /home/airflow/.local/lib/python3.8/site-packages/airflow/example_dags/example_params_trigger_ui.py
[2026-07-06T16:52:19.260+0000] {logging_mixin.py:188} INFO - [2026-07-06T16:52:19.259+0000] {dag.py:3036} INFO - Sync 1 DAGs
[2026-07-06T16:52:19.296+0000] {logging_mixin.py:188} INFO - [2026-07-06T16:52:19.295+0000] {dag.py:3823} INFO - Setting next_dagrun for example_params_trigger_ui to None, run_after=None
[2026-07-06T16:52:19.356+0000] {processor.py:183} INFO - Processing /home/airflow/.local/lib/python3.8/site-packages/airflow/example_dags/example_params_trigger_ui.py took 0.351 seconds
[2026-07-06T16:52:49.887+0000] {processor.py:161} INFO - Started process (PID=3772) to work on /home/airflow/.local/lib/python3.8/site-packages/airflow/example_dags/example_params_trigger_ui.py
[2026-07-06T16:52:49.893+0000] {processor.py:830} INFO - Processing file /home/airflow/.local/lib/python3.8/site-packages/airflow/example_dags/example_params_trigger_ui.py for tasks to queue
[2026-07-06T16:52:49.899+0000] {logging_mixin.py:188} INFO - [2026-07-06T16:52:49.898+0000] {dagbag.py:538} INFO - Filling up the DagBag from /home/airflow/.local/lib/python3.8/site-packages/airflow/example_dags/example_params_trigger_ui.py
[2026-07-06T16:52:49.947+0000] {processor.py:840} INFO - DAG(s) 'example_params_trigger_ui' retrieved from /home/airflow/.local/lib/python3.8/site-packages/airflow/example_dags/example_params_trigger_ui.py
[2026-07-06T16:52:50.144+0000] {logging_mixin.py:188} INFO - [2026-07-06T16:52:50.143+0000] {dag.py:3036} INFO - Sync 1 DAGs
[2026-07-06T16:52:50.193+0000] {logging_mixin.py:188} INFO - [2026-07-06T16:52:50.192+0000] {dag.py:3823} INFO - Setting next_dagrun for example_params_trigger_ui to None, run_after=None
[2026-07-06T16:52:50.246+0000] {processor.py:183} INFO - Processing /home/airflow/.local/lib/python3.8/site-packages/airflow/example_dags/example_params_trigger_ui.py took 0.383 seconds
[2026-07-06T16:53:20.826+0000] {processor.py:161} INFO - Started process (PID=3837) to work on /home/airflow/.local/lib/python3.8/site-packages/airflow/example_dags/example_params_trigger_ui.py
[2026-07-06T16:53:20.829+0000] {processor.py:830} INFO - Processing file /home/airflow/.local/lib/python3.8/site-packages/airflow/example_dags/example_params_trigger_ui.py for tasks to queue
[2026-07-06T16:53:20.834+0000] {logging_mixin.py:188} INFO - [2026-07-06T16:53:20.833+0000] {dagbag.py:538} INFO - Filling up the DagBag from /home/airflow/.local/lib/python3.8/site-packages/airflow/example_dags/example_params_trigger_ui.py
[2026-07-06T16:53:20.875+0000] {processor.py:840} INFO - DAG(s) 'example_params_trigger_ui' retrieved from /home/airflow/.local/lib/python3.8/site-packages/airflow/example_dags/example_params_trigger_ui.py
[2026-07-06T16:53:21.029+0000] {logging_mixin.py:188} INFO - [2026-07-06T16:53:21.029+0000] {dag.py:3036} INFO - Sync 1 DAGs
[2026-07-06T16:53:21.064+0000] {logging_mixin.py:188} INFO - [2026-07-06T16:53:21.063+0000] {dag.py:3823} INFO - Setting next_dagrun for example_params_trigger_ui to None, run_after=None
[2026-07-06T16:53:21.113+0000] {processor.py:183} INFO - Processing /home/airflow/.local/lib/python3.8/site-packages/airflow/example_dags/example_params_trigger_ui.py took 0.297 seconds
[2026-07-06T16:53:51.367+0000] {processor.py:161} INFO - Started process (PID=3902) to work on /home/airflow/.local/lib/python3.8/site-packages/airflow/example_dags/example_params_trigger_ui.py
[2026-07-06T16:53:51.399+0000] {processor.py:830} INFO - Processing file /home/airflow/.local/lib/python3.8/site-packages/airflow/example_dags/example_params_trigger_ui.py for tasks to queue
[2026-07-06T16:53:51.427+0000] {logging_mixin.py:188} INFO - [2026-07-06T16:53:51.403+0000] {dagbag.py:538} INFO - Filling up the DagBag from /home/airflow/.local/lib/python3.8/site-packages/airflow/example_dags/example_params_trigger_ui.py
[2026-07-06T16:53:51.497+0000] {processor.py:840} INFO - DAG(s) 'example_params_trigger_ui' retrieved from /home/airflow/.local/lib/python3.8/site-packages/airflow/example_dags/example_params_trigger_ui.py
[2026-07-06T16:53:51.740+0000] {logging_mixin.py:188} INFO - [2026-07-06T16:53:51.740+0000] {dag.py:3036} INFO - Sync 1 DAGs
[2026-07-06T16:53:51.794+0000] {logging_mixin.py:188} INFO - [2026-07-06T16:53:51.793+0000] {dag.py:3823} INFO - Setting next_dagrun for example_params_trigger_ui to None, run_after=None
[2026-07-06T16:53:51.868+0000] {processor.py:183} INFO - Processing /home/airflow/.local/lib/python3.8/site-packages/airflow/example_dags/example_params_trigger_ui.py took 0.524 seconds
[2026-07-06T16:54:22.253+0000] {processor.py:161} INFO - Started process (PID=3960) to work on /home/airflow/.local/lib/python3.8/site-packages/airflow/example_dags/example_params_trigger_ui.py
[2026-07-06T16:54:22.256+0000] {processor.py:830} INFO - Processing file /home/airflow/.local/lib/python3.8/site-packages/airflow/example_dags/example_params_trigger_ui.py for tasks to queue
[2026-07-06T16:54:22.262+0000] {logging_mixin.py:188} INFO - [2026-07-06T16:54:22.261+0000] {dagbag.py:538} INFO - Filling up the DagBag from /home/airflow/.local/lib/python3.8/site-packages/airflow/example_dags/example_params_trigger_ui.py
[2026-07-06T16:54:22.306+0000] {processor.py:840} INFO - DAG(s) 'example_params_trigger_ui' retrieved from /home/airflow/.local/lib/python3.8/site-packages/airflow/example_dags/example_params_trigger_ui.py
[2026-07-06T16:54:22.441+0000] {logging_mixin.py:188} INFO - [2026-07-06T16:54:22.440+0000] {dag.py:3036} INFO - Sync 1 DAGs
[2026-07-06T16:54:22.475+0000] {logging_mixin.py:188} INFO - [2026-07-06T16:54:22.475+0000] {dag.py:3823} INFO - Setting next_dagrun for example_params_trigger_ui to None, run_after=None
[2026-07-06T16:54:22.538+0000] {processor.py:183} INFO - Processing /home/airflow/.local/lib/python3.8/site-packages/airflow/example_dags/example_params_trigger_ui.py took 0.297 seconds
[2026-07-06T16:54:52.635+0000] {processor.py:161} INFO - Started process (PID=4025) to work on /home/airflow/.local/lib/python3.8/site-packages/airflow/example_dags/example_params_trigger_ui.py
[2026-07-06T16:54:52.639+0000] {processor.py:830} INFO - Processing file /home/airflow/.local/lib/python3.8/site-packages/airflow/example_dags/example_params_trigger_ui.py for tasks to queue
[2026-07-06T16:54:52.644+0000] {logging_mixin.py:188} INFO - [2026-07-06T16:54:52.643+0000] {dagbag.py:538} INFO - Filling up the DagBag from /home/airflow/.local/lib/python3.8/site-packages/airflow/example_dags/example_params_trigger_ui.py
[2026-07-06T16:54:52.678+0000] {processor.py:840} INFO - DAG(s) 'example_params_trigger_ui' retrieved from /home/airflow/.local/lib/python3.8/site-packages/airflow/example_dags/example_params_trigger_ui.py
[2026-07-06T16:54:52.785+0000] {logging_mixin.py:188} INFO - [2026-07-06T16:54:52.785+0000] {dag.py:3036} INFO - Sync 1 DAGs
[2026-07-06T16:54:52.816+0000] {logging_mixin.py:188} INFO - [2026-07-06T16:54:52.816+0000] {dag.py:3823} INFO - Setting next_dagrun for example_params_trigger_ui to None, run_after=None
[2026-07-06T16:54:52.859+0000] {processor.py:183} INFO - Processing /home/airflow/.local/lib/python3.8/site-packages/airflow/example_dags/example_params_trigger_ui.py took 0.231 seconds
[2026-07-06T16:55:23.800+0000] {processor.py:161} INFO - Started process (PID=4091) to work on /home/airflow/.local/lib/python3.8/site-packages/airflow/example_dags/example_params_trigger_ui.py
[2026-07-06T16:55:23.803+0000] {processor.py:830} INFO - Processing file /home/airflow/.local/lib/python3.8/site-packages/airflow/example_dags/example_params_trigger_ui.py for tasks to queue
[2026-07-06T16:55:23.808+0000] {logging_mixin.py:188} INFO - [2026-07-06T16:55:23.807+0000] {dagbag.py:538} INFO - Filling up the DagBag from /home/airflow/.local/lib/python3.8/site-packages/airflow/example_dags/example_params_trigger_ui.py
[2026-07-06T16:55:23.884+0000] {processor.py:840} INFO - DAG(s) 'example_params_trigger_ui' retrieved from /home/airflow/.local/lib/python3.8/site-packages/airflow/example_dags/example_params_trigger_ui.py
[2026-07-06T16:55:24.210+0000] {logging_mixin.py:188} INFO - [2026-07-06T16:55:24.210+0000] {dag.py:3036} INFO - Sync 1 DAGs
[2026-07-06T16:55:24.286+0000] {logging_mixin.py:188} INFO - [2026-07-06T16:55:24.286+0000] {dag.py:3823} INFO - Setting next_dagrun for example_params_trigger_ui to None, run_after=None
[2026-07-06T16:55:24.373+0000] {processor.py:183} INFO - Processing /home/airflow/.local/lib/python3.8/site-packages/airflow/example_dags/example_params_trigger_ui.py took 0.583 seconds
