[2026-07-06T16:22:21.345+0000] {processor.py:161} INFO - Started process (PID=196) to work on /home/airflow/.local/lib/python3.8/site-packages/airflow/example_dags/example_trigger_controller_dag.py
[2026-07-06T16:22:21.370+0000] {processor.py:830} INFO - Processing file /home/airflow/.local/lib/python3.8/site-packages/airflow/example_dags/example_trigger_controller_dag.py for tasks to queue
[2026-07-06T16:22:21.399+0000] {logging_mixin.py:188} INFO - [2026-07-06T16:22:21.398+0000] {dagbag.py:538} INFO - Filling up the DagBag from /home/airflow/.local/lib/python3.8/site-packages/airflow/example_dags/example_trigger_controller_dag.py
[2026-07-06T16:22:21.470+0000] {processor.py:840} INFO - DAG(s) 'example_trigger_controller_dag' retrieved from /home/airflow/.local/lib/python3.8/site-packages/airflow/example_dags/example_trigger_controller_dag.py
[2026-07-06T16:22:22.366+0000] {logging_mixin.py:188} INFO - [2026-07-06T16:22:22.365+0000] {override.py:1769} INFO - Created Permission View: can read on DAG:example_trigger_controller_dag
[2026-07-06T16:22:22.429+0000] {logging_mixin.py:188} INFO - [2026-07-06T16:22:22.428+0000] {override.py:1769} INFO - Created Permission View: can delete on DAG:example_trigger_controller_dag
[2026-07-06T16:22:22.472+0000] {logging_mixin.py:188} INFO - [2026-07-06T16:22:22.472+0000] {override.py:1769} INFO - Created Permission View: can edit on DAG:example_trigger_controller_dag
[2026-07-06T16:22:22.478+0000] {logging_mixin.py:188} INFO - [2026-07-06T16:22:22.473+0000] {dag.py:3036} INFO - Sync 1 DAGs
[2026-07-06T16:22:22.574+0000] {logging_mixin.py:188} INFO - [2026-07-06T16:22:22.569+0000] {dag.py:3058} INFO - Creating ORM DAG for example_trigger_controller_dag
[2026-07-06T16:22:22.625+0000] {logging_mixin.py:188} INFO - [2026-07-06T16:22:22.624+0000] {dag.py:3823} INFO - Setting next_dagrun for example_trigger_controller_dag to 2021-01-01 00:00:00+00:00, run_after=2021-01-01 00:00:00+00:00
[2026-07-06T16:22:22.736+0000] {processor.py:183} INFO - Processing /home/airflow/.local/lib/python3.8/site-packages/airflow/example_dags/example_trigger_controller_dag.py took 1.453 seconds
[2026-07-06T16:24:37.972+0000] {processor.py:161} INFO - Started process (PID=296) to work on /home/airflow/.local/lib/python3.8/site-packages/airflow/example_dags/example_trigger_controller_dag.py
[2026-07-06T16:24:37.977+0000] {processor.py:830} INFO - Processing file /home/airflow/.local/lib/python3.8/site-packages/airflow/example_dags/example_trigger_controller_dag.py for tasks to queue
[2026-07-06T16:24:37.982+0000] {logging_mixin.py:188} INFO - [2026-07-06T16:24:37.981+0000] {dagbag.py:538} INFO - Filling up the DagBag from /home/airflow/.local/lib/python3.8/site-packages/airflow/example_dags/example_trigger_controller_dag.py
[2026-07-06T16:24:37.998+0000] {processor.py:840} INFO - DAG(s) 'example_trigger_controller_dag' retrieved from /home/airflow/.local/lib/python3.8/site-packages/airflow/example_dags/example_trigger_controller_dag.py
[2026-07-06T16:24:38.078+0000] {logging_mixin.py:188} INFO - [2026-07-06T16:24:38.078+0000] {dag.py:3036} INFO - Sync 1 DAGs
[2026-07-06T16:24:38.204+0000] {logging_mixin.py:188} INFO - [2026-07-06T16:24:38.204+0000] {dag.py:3823} INFO - Setting next_dagrun for example_trigger_controller_dag to 2021-01-01 00:00:00+00:00, run_after=2021-01-01 00:00:00+00:00
[2026-07-06T16:24:38.435+0000] {processor.py:183} INFO - Processing /home/airflow/.local/lib/python3.8/site-packages/airflow/example_dags/example_trigger_controller_dag.py took 0.473 seconds
[2026-07-06T16:25:08.971+0000] {processor.py:161} INFO - Started process (PID=360) to work on /home/airflow/.local/lib/python3.8/site-packages/airflow/example_dags/example_trigger_controller_dag.py
[2026-07-06T16:25:08.975+0000] {processor.py:830} INFO - Processing file /home/airflow/.local/lib/python3.8/site-packages/airflow/example_dags/example_trigger_controller_dag.py for tasks to queue
[2026-07-06T16:25:08.980+0000] {logging_mixin.py:188} INFO - [2026-07-06T16:25:08.979+0000] {dagbag.py:538} INFO - Filling up the DagBag from /home/airflow/.local/lib/python3.8/site-packages/airflow/example_dags/example_trigger_controller_dag.py
[2026-07-06T16:25:09.015+0000] {processor.py:840} INFO - DAG(s) 'example_trigger_controller_dag' retrieved from /home/airflow/.local/lib/python3.8/site-packages/airflow/example_dags/example_trigger_controller_dag.py
[2026-07-06T16:25:09.080+0000] {logging_mixin.py:188} INFO - [2026-07-06T16:25:09.080+0000] {dag.py:3036} INFO - Sync 1 DAGs
[2026-07-06T16:25:09.223+0000] {logging_mixin.py:188} INFO - [2026-07-06T16:25:09.222+0000] {dag.py:3823} INFO - Setting next_dagrun for example_trigger_controller_dag to 2021-01-01 00:00:00+00:00, run_after=2021-01-01 00:00:00+00:00
[2026-07-06T16:25:09.334+0000] {processor.py:183} INFO - Processing /home/airflow/.local/lib/python3.8/site-packages/airflow/example_dags/example_trigger_controller_dag.py took 0.372 seconds
[2026-07-06T16:25:39.644+0000] {processor.py:161} INFO - Started process (PID=418) to work on /home/airflow/.local/lib/python3.8/site-packages/airflow/example_dags/example_trigger_controller_dag.py
[2026-07-06T16:25:39.646+0000] {processor.py:830} INFO - Processing file /home/airflow/.local/lib/python3.8/site-packages/airflow/example_dags/example_trigger_controller_dag.py for tasks to queue
[2026-07-06T16:25:39.652+0000] {logging_mixin.py:188} INFO - [2026-07-06T16:25:39.651+0000] {dagbag.py:538} INFO - Filling up the DagBag from /home/airflow/.local/lib/python3.8/site-packages/airflow/example_dags/example_trigger_controller_dag.py
[2026-07-06T16:25:39.665+0000] {processor.py:840} INFO - DAG(s) 'example_trigger_controller_dag' retrieved from /home/airflow/.local/lib/python3.8/site-packages/airflow/example_dags/example_trigger_controller_dag.py
[2026-07-06T16:25:39.794+0000] {logging_mixin.py:188} INFO - [2026-07-06T16:25:39.793+0000] {dag.py:3036} INFO - Sync 1 DAGs
[2026-07-06T16:25:39.862+0000] {logging_mixin.py:188} INFO - [2026-07-06T16:25:39.861+0000] {dag.py:3823} INFO - Setting next_dagrun for example_trigger_controller_dag to 2021-01-01 00:00:00+00:00, run_after=2021-01-01 00:00:00+00:00
[2026-07-06T16:25:39.953+0000] {processor.py:183} INFO - Processing /home/airflow/.local/lib/python3.8/site-packages/airflow/example_dags/example_trigger_controller_dag.py took 0.323 seconds
[2026-07-06T16:26:10.438+0000] {processor.py:161} INFO - Started process (PID=483) to work on /home/airflow/.local/lib/python3.8/site-packages/airflow/example_dags/example_trigger_controller_dag.py
[2026-07-06T16:26:10.443+0000] {processor.py:830} INFO - Processing file /home/airflow/.local/lib/python3.8/site-packages/airflow/example_dags/example_trigger_controller_dag.py for tasks to queue
[2026-07-06T16:26:10.448+0000] {logging_mixin.py:188} INFO - [2026-07-06T16:26:10.447+0000] {dagbag.py:538} INFO - Filling up the DagBag from /home/airflow/.local/lib/python3.8/site-packages/airflow/example_dags/example_trigger_controller_dag.py
[2026-07-06T16:26:10.461+0000] {processor.py:840} INFO - DAG(s) 'example_trigger_controller_dag' retrieved from /home/airflow/.local/lib/python3.8/site-packages/airflow/example_dags/example_trigger_controller_dag.py
[2026-07-06T16:26:10.523+0000] {logging_mixin.py:188} INFO - [2026-07-06T16:26:10.523+0000] {dag.py:3036} INFO - Sync 1 DAGs
[2026-07-06T16:26:10.629+0000] {logging_mixin.py:188} INFO - [2026-07-06T16:26:10.626+0000] {dag.py:3823} INFO - Setting next_dagrun for example_trigger_controller_dag to 2021-01-01 00:00:00+00:00, run_after=2021-01-01 00:00:00+00:00
[2026-07-06T16:26:10.697+0000] {processor.py:183} INFO - Processing /home/airflow/.local/lib/python3.8/site-packages/airflow/example_dags/example_trigger_controller_dag.py took 0.266 seconds
[2026-07-06T16:26:41.011+0000] {processor.py:161} INFO - Started process (PID=549) to work on /home/airflow/.local/lib/python3.8/site-packages/airflow/example_dags/example_trigger_controller_dag.py
[2026-07-06T16:26:41.015+0000] {processor.py:830} INFO - Processing file /home/airflow/.local/lib/python3.8/site-packages/airflow/example_dags/example_trigger_controller_dag.py for tasks to queue
[2026-07-06T16:26:41.022+0000] {logging_mixin.py:188} INFO - [2026-07-06T16:26:41.021+0000] {dagbag.py:538} INFO - Filling up the DagBag from /home/airflow/.local/lib/python3.8/site-packages/airflow/example_dags/example_trigger_controller_dag.py
[2026-07-06T16:26:41.037+0000] {processor.py:840} INFO - DAG(s) 'example_trigger_controller_dag' retrieved from /home/airflow/.local/lib/python3.8/site-packages/airflow/example_dags/example_trigger_controller_dag.py
[2026-07-06T16:26:41.091+0000] {logging_mixin.py:188} INFO - [2026-07-06T16:26:41.091+0000] {dag.py:3036} INFO - Sync 1 DAGs
[2026-07-06T16:26:41.160+0000] {logging_mixin.py:188} INFO - [2026-07-06T16:26:41.159+0000] {dag.py:3823} INFO - Setting next_dagrun for example_trigger_controller_dag to 2021-01-01 00:00:00+00:00, run_after=2021-01-01 00:00:00+00:00
[2026-07-06T16:26:41.236+0000] {processor.py:183} INFO - Processing /home/airflow/.local/lib/python3.8/site-packages/airflow/example_dags/example_trigger_controller_dag.py took 0.242 seconds
[2026-07-06T16:27:12.161+0000] {processor.py:161} INFO - Started process (PID=615) to work on /home/airflow/.local/lib/python3.8/site-packages/airflow/example_dags/example_trigger_controller_dag.py
[2026-07-06T16:27:12.165+0000] {processor.py:830} INFO - Processing file /home/airflow/.local/lib/python3.8/site-packages/airflow/example_dags/example_trigger_controller_dag.py for tasks to queue
[2026-07-06T16:27:12.171+0000] {logging_mixin.py:188} INFO - [2026-07-06T16:27:12.170+0000] {dagbag.py:538} INFO - Filling up the DagBag from /home/airflow/.local/lib/python3.8/site-packages/airflow/example_dags/example_trigger_controller_dag.py
[2026-07-06T16:27:12.183+0000] {processor.py:840} INFO - DAG(s) 'example_trigger_controller_dag' retrieved from /home/airflow/.local/lib/python3.8/site-packages/airflow/example_dags/example_trigger_controller_dag.py
[2026-07-06T16:27:12.238+0000] {logging_mixin.py:188} INFO - [2026-07-06T16:27:12.238+0000] {dag.py:3036} INFO - Sync 1 DAGs
[2026-07-06T16:27:12.288+0000] {logging_mixin.py:188} INFO - [2026-07-06T16:27:12.288+0000] {dag.py:3823} INFO - Setting next_dagrun for example_trigger_controller_dag to 2021-01-01 00:00:00+00:00, run_after=2021-01-01 00:00:00+00:00
[2026-07-06T16:27:12.332+0000] {processor.py:183} INFO - Processing /home/airflow/.local/lib/python3.8/site-packages/airflow/example_dags/example_trigger_controller_dag.py took 0.181 seconds
[2026-07-06T16:27:42.975+0000] {processor.py:161} INFO - Started process (PID=681) to work on /home/airflow/.local/lib/python3.8/site-packages/airflow/example_dags/example_trigger_controller_dag.py
[2026-07-06T16:27:42.977+0000] {processor.py:830} INFO - Processing file /home/airflow/.local/lib/python3.8/site-packages/airflow/example_dags/example_trigger_controller_dag.py for tasks to queue
[2026-07-06T16:27:42.981+0000] {logging_mixin.py:188} INFO - [2026-07-06T16:27:42.980+0000] {dagbag.py:538} INFO - Filling up the DagBag from /home/airflow/.local/lib/python3.8/site-packages/airflow/example_dags/example_trigger_controller_dag.py
[2026-07-06T16:27:42.995+0000] {processor.py:840} INFO - DAG(s) 'example_trigger_controller_dag' retrieved from /home/airflow/.local/lib/python3.8/site-packages/airflow/example_dags/example_trigger_controller_dag.py
[2026-07-06T16:27:43.062+0000] {logging_mixin.py:188} INFO - [2026-07-06T16:27:43.061+0000] {dag.py:3036} INFO - Sync 1 DAGs
[2026-07-06T16:27:43.122+0000] {logging_mixin.py:188} INFO - [2026-07-06T16:27:43.121+0000] {dag.py:3823} INFO - Setting next_dagrun for example_trigger_controller_dag to 2021-01-01 00:00:00+00:00, run_after=2021-01-01 00:00:00+00:00
[2026-07-06T16:27:43.171+0000] {processor.py:183} INFO - Processing /home/airflow/.local/lib/python3.8/site-packages/airflow/example_dags/example_trigger_controller_dag.py took 0.206 seconds
[2026-07-06T16:28:15.647+0000] {processor.py:161} INFO - Started process (PID=738) to work on /home/airflow/.local/lib/python3.8/site-packages/airflow/example_dags/example_trigger_controller_dag.py
[2026-07-06T16:28:15.654+0000] {processor.py:830} INFO - Processing file /home/airflow/.local/lib/python3.8/site-packages/airflow/example_dags/example_trigger_controller_dag.py for tasks to queue
[2026-07-06T16:28:15.662+0000] {logging_mixin.py:188} INFO - [2026-07-06T16:28:15.660+0000] {dagbag.py:538} INFO - Filling up the DagBag from /home/airflow/.local/lib/python3.8/site-packages/airflow/example_dags/example_trigger_controller_dag.py
[2026-07-06T16:28:15.743+0000] {processor.py:840} INFO - DAG(s) 'example_trigger_controller_dag' retrieved from /home/airflow/.local/lib/python3.8/site-packages/airflow/example_dags/example_trigger_controller_dag.py
[2026-07-06T16:28:15.872+0000] {logging_mixin.py:188} INFO - [2026-07-06T16:28:15.871+0000] {dag.py:3036} INFO - Sync 1 DAGs
[2026-07-06T16:28:15.950+0000] {logging_mixin.py:188} INFO - [2026-07-06T16:28:15.950+0000] {dag.py:3823} INFO - Setting next_dagrun for example_trigger_controller_dag to 2021-01-01 00:00:00+00:00, run_after=2021-01-01 00:00:00+00:00
[2026-07-06T16:28:16.011+0000] {processor.py:183} INFO - Processing /home/airflow/.local/lib/python3.8/site-packages/airflow/example_dags/example_trigger_controller_dag.py took 0.381 seconds
[2026-07-06T16:28:56.249+0000] {processor.py:161} INFO - Started process (PID=795) to work on /home/airflow/.local/lib/python3.8/site-packages/airflow/example_dags/example_trigger_controller_dag.py
[2026-07-06T16:28:56.252+0000] {processor.py:830} INFO - Processing file /home/airflow/.local/lib/python3.8/site-packages/airflow/example_dags/example_trigger_controller_dag.py for tasks to queue
[2026-07-06T16:28:56.268+0000] {logging_mixin.py:188} INFO - [2026-07-06T16:28:56.266+0000] {dagbag.py:538} INFO - Filling up the DagBag from /home/airflow/.local/lib/python3.8/site-packages/airflow/example_dags/example_trigger_controller_dag.py
[2026-07-06T16:28:56.299+0000] {processor.py:840} INFO - DAG(s) 'example_trigger_controller_dag' retrieved from /home/airflow/.local/lib/python3.8/site-packages/airflow/example_dags/example_trigger_controller_dag.py
[2026-07-06T16:28:56.491+0000] {logging_mixin.py:188} INFO - [2026-07-06T16:28:56.490+0000] {dag.py:3036} INFO - Sync 1 DAGs
[2026-07-06T16:28:56.700+0000] {logging_mixin.py:188} INFO - [2026-07-06T16:28:56.700+0000] {dag.py:3823} INFO - Setting next_dagrun for example_trigger_controller_dag to 2021-01-01 00:00:00+00:00, run_after=2021-01-01 00:00:00+00:00
[2026-07-06T16:28:56.877+0000] {processor.py:183} INFO - Processing /home/airflow/.local/lib/python3.8/site-packages/airflow/example_dags/example_trigger_controller_dag.py took 0.675 seconds
[2026-07-06T16:29:27.678+0000] {processor.py:161} INFO - Started process (PID=861) to work on /home/airflow/.local/lib/python3.8/site-packages/airflow/example_dags/example_trigger_controller_dag.py
[2026-07-06T16:29:27.684+0000] {processor.py:830} INFO - Processing file /home/airflow/.local/lib/python3.8/site-packages/airflow/example_dags/example_trigger_controller_dag.py for tasks to queue
[2026-07-06T16:29:27.694+0000] {logging_mixin.py:188} INFO - [2026-07-06T16:29:27.689+0000] {dagbag.py:538} INFO - Filling up the DagBag from /home/airflow/.local/lib/python3.8/site-packages/airflow/example_dags/example_trigger_controller_dag.py
[2026-07-06T16:29:27.723+0000] {processor.py:840} INFO - DAG(s) 'example_trigger_controller_dag' retrieved from /home/airflow/.local/lib/python3.8/site-packages/airflow/example_dags/example_trigger_controller_dag.py
[2026-07-06T16:29:27.879+0000] {logging_mixin.py:188} INFO - [2026-07-06T16:29:27.878+0000] {dag.py:3036} INFO - Sync 1 DAGs
[2026-07-06T16:29:28.096+0000] {logging_mixin.py:188} INFO - [2026-07-06T16:29:28.090+0000] {dag.py:3823} INFO - Setting next_dagrun for example_trigger_controller_dag to 2021-01-01 00:00:00+00:00, run_after=2021-01-01 00:00:00+00:00
[2026-07-06T16:29:28.253+0000] {processor.py:183} INFO - Processing /home/airflow/.local/lib/python3.8/site-packages/airflow/example_dags/example_trigger_controller_dag.py took 0.609 seconds
[2026-07-06T16:29:58.624+0000] {processor.py:161} INFO - Started process (PID=926) to work on /home/airflow/.local/lib/python3.8/site-packages/airflow/example_dags/example_trigger_controller_dag.py
[2026-07-06T16:29:58.632+0000] {processor.py:830} INFO - Processing file /home/airflow/.local/lib/python3.8/site-packages/airflow/example_dags/example_trigger_controller_dag.py for tasks to queue
[2026-07-06T16:29:58.638+0000] {logging_mixin.py:188} INFO - [2026-07-06T16:29:58.637+0000] {dagbag.py:538} INFO - Filling up the DagBag from /home/airflow/.local/lib/python3.8/site-packages/airflow/example_dags/example_trigger_controller_dag.py
[2026-07-06T16:29:58.675+0000] {processor.py:840} INFO - DAG(s) 'example_trigger_controller_dag' retrieved from /home/airflow/.local/lib/python3.8/site-packages/airflow/example_dags/example_trigger_controller_dag.py
[2026-07-06T16:29:58.769+0000] {logging_mixin.py:188} INFO - [2026-07-06T16:29:58.769+0000] {dag.py:3036} INFO - Sync 1 DAGs
[2026-07-06T16:29:58.877+0000] {logging_mixin.py:188} INFO - [2026-07-06T16:29:58.876+0000] {dag.py:3823} INFO - Setting next_dagrun for example_trigger_controller_dag to 2021-01-01 00:00:00+00:00, run_after=2021-01-01 00:00:00+00:00
[2026-07-06T16:29:58.975+0000] {processor.py:183} INFO - Processing /home/airflow/.local/lib/python3.8/site-packages/airflow/example_dags/example_trigger_controller_dag.py took 0.372 seconds
[2026-07-06T16:30:29.995+0000] {processor.py:161} INFO - Started process (PID=986) to work on /home/airflow/.local/lib/python3.8/site-packages/airflow/example_dags/example_trigger_controller_dag.py
[2026-07-06T16:30:29.998+0000] {processor.py:830} INFO - Processing file /home/airflow/.local/lib/python3.8/site-packages/airflow/example_dags/example_trigger_controller_dag.py for tasks to queue
[2026-07-06T16:30:30.004+0000] {logging_mixin.py:188} INFO - [2026-07-06T16:30:30.003+0000] {dagbag.py:538} INFO - Filling up the DagBag from /home/airflow/.local/lib/python3.8/site-packages/airflow/example_dags/example_trigger_controller_dag.py
[2026-07-06T16:30:30.016+0000] {processor.py:840} INFO - DAG(s) 'example_trigger_controller_dag' retrieved from /home/airflow/.local/lib/python3.8/site-packages/airflow/example_dags/example_trigger_controller_dag.py
[2026-07-06T16:30:30.059+0000] {logging_mixin.py:188} INFO - [2026-07-06T16:30:30.058+0000] {dag.py:3036} INFO - Sync 1 DAGs
[2026-07-06T16:30:30.110+0000] {logging_mixin.py:188} INFO - [2026-07-06T16:30:30.109+0000] {dag.py:3823} INFO - Setting next_dagrun for example_trigger_controller_dag to 2021-01-01 00:00:00+00:00, run_after=2021-01-01 00:00:00+00:00
[2026-07-06T16:30:30.151+0000] {processor.py:183} INFO - Processing /home/airflow/.local/lib/python3.8/site-packages/airflow/example_dags/example_trigger_controller_dag.py took 0.166 seconds
[2026-07-06T16:31:00.363+0000] {processor.py:161} INFO - Started process (PID=1052) to work on /home/airflow/.local/lib/python3.8/site-packages/airflow/example_dags/example_trigger_controller_dag.py
[2026-07-06T16:31:00.365+0000] {processor.py:830} INFO - Processing file /home/airflow/.local/lib/python3.8/site-packages/airflow/example_dags/example_trigger_controller_dag.py for tasks to queue
[2026-07-06T16:31:00.371+0000] {logging_mixin.py:188} INFO - [2026-07-06T16:31:00.370+0000] {dagbag.py:538} INFO - Filling up the DagBag from /home/airflow/.local/lib/python3.8/site-packages/airflow/example_dags/example_trigger_controller_dag.py
[2026-07-06T16:31:00.384+0000] {processor.py:840} INFO - DAG(s) 'example_trigger_controller_dag' retrieved from /home/airflow/.local/lib/python3.8/site-packages/airflow/example_dags/example_trigger_controller_dag.py
[2026-07-06T16:31:00.461+0000] {logging_mixin.py:188} INFO - [2026-07-06T16:31:00.460+0000] {dag.py:3036} INFO - Sync 1 DAGs
[2026-07-06T16:31:00.567+0000] {logging_mixin.py:188} INFO - [2026-07-06T16:31:00.566+0000] {dag.py:3823} INFO - Setting next_dagrun for example_trigger_controller_dag to 2021-01-01 00:00:00+00:00, run_after=2021-01-01 00:00:00+00:00
[2026-07-06T16:31:00.653+0000] {processor.py:183} INFO - Processing /home/airflow/.local/lib/python3.8/site-packages/airflow/example_dags/example_trigger_controller_dag.py took 0.311 seconds
[2026-07-06T16:31:30.943+0000] {processor.py:161} INFO - Started process (PID=1117) to work on /home/airflow/.local/lib/python3.8/site-packages/airflow/example_dags/example_trigger_controller_dag.py
[2026-07-06T16:31:30.961+0000] {processor.py:830} INFO - Processing file /home/airflow/.local/lib/python3.8/site-packages/airflow/example_dags/example_trigger_controller_dag.py for tasks to queue
[2026-07-06T16:31:31.008+0000] {logging_mixin.py:188} INFO - [2026-07-06T16:31:31.005+0000] {dagbag.py:538} INFO - Filling up the DagBag from /home/airflow/.local/lib/python3.8/site-packages/airflow/example_dags/example_trigger_controller_dag.py
[2026-07-06T16:31:31.024+0000] {processor.py:840} INFO - DAG(s) 'example_trigger_controller_dag' retrieved from /home/airflow/.local/lib/python3.8/site-packages/airflow/example_dags/example_trigger_controller_dag.py
[2026-07-06T16:31:31.095+0000] {logging_mixin.py:188} INFO - [2026-07-06T16:31:31.094+0000] {dag.py:3036} INFO - Sync 1 DAGs
[2026-07-06T16:31:31.207+0000] {logging_mixin.py:188} INFO - [2026-07-06T16:31:31.206+0000] {dag.py:3823} INFO - Setting next_dagrun for example_trigger_controller_dag to 2021-01-01 00:00:00+00:00, run_after=2021-01-01 00:00:00+00:00
[2026-07-06T16:31:31.319+0000] {processor.py:183} INFO - Processing /home/airflow/.local/lib/python3.8/site-packages/airflow/example_dags/example_trigger_controller_dag.py took 0.393 seconds
[2026-07-06T16:32:02.397+0000] {processor.py:161} INFO - Started process (PID=1175) to work on /home/airflow/.local/lib/python3.8/site-packages/airflow/example_dags/example_trigger_controller_dag.py
[2026-07-06T16:32:02.400+0000] {processor.py:830} INFO - Processing file /home/airflow/.local/lib/python3.8/site-packages/airflow/example_dags/example_trigger_controller_dag.py for tasks to queue
[2026-07-06T16:32:02.404+0000] {logging_mixin.py:188} INFO - [2026-07-06T16:32:02.403+0000] {dagbag.py:538} INFO - Filling up the DagBag from /home/airflow/.local/lib/python3.8/site-packages/airflow/example_dags/example_trigger_controller_dag.py
[2026-07-06T16:32:02.416+0000] {processor.py:840} INFO - DAG(s) 'example_trigger_controller_dag' retrieved from /home/airflow/.local/lib/python3.8/site-packages/airflow/example_dags/example_trigger_controller_dag.py
[2026-07-06T16:32:02.459+0000] {logging_mixin.py:188} INFO - [2026-07-06T16:32:02.459+0000] {dag.py:3036} INFO - Sync 1 DAGs
[2026-07-06T16:32:02.501+0000] {logging_mixin.py:188} INFO - [2026-07-06T16:32:02.501+0000] {dag.py:3823} INFO - Setting next_dagrun for example_trigger_controller_dag to 2021-01-01 00:00:00+00:00, run_after=2021-01-01 00:00:00+00:00
[2026-07-06T16:32:02.545+0000] {processor.py:183} INFO - Processing /home/airflow/.local/lib/python3.8/site-packages/airflow/example_dags/example_trigger_controller_dag.py took 0.156 seconds
[2026-07-06T16:32:43.047+0000] {processor.py:161} INFO - Started process (PID=1241) to work on /home/airflow/.local/lib/python3.8/site-packages/airflow/example_dags/example_trigger_controller_dag.py
[2026-07-06T16:32:43.052+0000] {processor.py:830} INFO - Processing file /home/airflow/.local/lib/python3.8/site-packages/airflow/example_dags/example_trigger_controller_dag.py for tasks to queue
[2026-07-06T16:32:43.059+0000] {logging_mixin.py:188} INFO - [2026-07-06T16:32:43.057+0000] {dagbag.py:538} INFO - Filling up the DagBag from /home/airflow/.local/lib/python3.8/site-packages/airflow/example_dags/example_trigger_controller_dag.py
[2026-07-06T16:32:43.074+0000] {processor.py:840} INFO - DAG(s) 'example_trigger_controller_dag' retrieved from /home/airflow/.local/lib/python3.8/site-packages/airflow/example_dags/example_trigger_controller_dag.py
[2026-07-06T16:32:43.149+0000] {logging_mixin.py:188} INFO - [2026-07-06T16:32:43.149+0000] {dag.py:3036} INFO - Sync 1 DAGs
[2026-07-06T16:32:43.263+0000] {logging_mixin.py:188} INFO - [2026-07-06T16:32:43.261+0000] {dag.py:3823} INFO - Setting next_dagrun for example_trigger_controller_dag to 2021-01-01 00:00:00+00:00, run_after=2021-01-01 00:00:00+00:00
[2026-07-06T16:32:43.320+0000] {processor.py:183} INFO - Processing /home/airflow/.local/lib/python3.8/site-packages/airflow/example_dags/example_trigger_controller_dag.py took 0.296 seconds
[2026-07-06T16:33:13.488+0000] {processor.py:161} INFO - Started process (PID=1304) to work on /home/airflow/.local/lib/python3.8/site-packages/airflow/example_dags/example_trigger_controller_dag.py
[2026-07-06T16:33:13.492+0000] {processor.py:830} INFO - Processing file /home/airflow/.local/lib/python3.8/site-packages/airflow/example_dags/example_trigger_controller_dag.py for tasks to queue
[2026-07-06T16:33:13.502+0000] {logging_mixin.py:188} INFO - [2026-07-06T16:33:13.501+0000] {dagbag.py:538} INFO - Filling up the DagBag from /home/airflow/.local/lib/python3.8/site-packages/airflow/example_dags/example_trigger_controller_dag.py
[2026-07-06T16:33:13.529+0000] {processor.py:840} INFO - DAG(s) 'example_trigger_controller_dag' retrieved from /home/airflow/.local/lib/python3.8/site-packages/airflow/example_dags/example_trigger_controller_dag.py
[2026-07-06T16:33:13.611+0000] {logging_mixin.py:188} INFO - [2026-07-06T16:33:13.610+0000] {dag.py:3036} INFO - Sync 1 DAGs
[2026-07-06T16:33:13.661+0000] {logging_mixin.py:188} INFO - [2026-07-06T16:33:13.661+0000] {dag.py:3823} INFO - Setting next_dagrun for example_trigger_controller_dag to 2021-01-01 00:00:00+00:00, run_after=2021-01-01 00:00:00+00:00
[2026-07-06T16:33:13.703+0000] {processor.py:183} INFO - Processing /home/airflow/.local/lib/python3.8/site-packages/airflow/example_dags/example_trigger_controller_dag.py took 0.227 seconds
[2026-07-06T16:33:43.907+0000] {processor.py:161} INFO - Started process (PID=1369) to work on /home/airflow/.local/lib/python3.8/site-packages/airflow/example_dags/example_trigger_controller_dag.py
[2026-07-06T16:33:43.910+0000] {processor.py:830} INFO - Processing file /home/airflow/.local/lib/python3.8/site-packages/airflow/example_dags/example_trigger_controller_dag.py for tasks to queue
[2026-07-06T16:33:43.914+0000] {logging_mixin.py:188} INFO - [2026-07-06T16:33:43.913+0000] {dagbag.py:538} INFO - Filling up the DagBag from /home/airflow/.local/lib/python3.8/site-packages/airflow/example_dags/example_trigger_controller_dag.py
[2026-07-06T16:33:43.926+0000] {processor.py:840} INFO - DAG(s) 'example_trigger_controller_dag' retrieved from /home/airflow/.local/lib/python3.8/site-packages/airflow/example_dags/example_trigger_controller_dag.py
[2026-07-06T16:33:43.971+0000] {logging_mixin.py:188} INFO - [2026-07-06T16:33:43.971+0000] {dag.py:3036} INFO - Sync 1 DAGs
[2026-07-06T16:33:44.012+0000] {logging_mixin.py:188} INFO - [2026-07-06T16:33:44.012+0000] {dag.py:3823} INFO - Setting next_dagrun for example_trigger_controller_dag to 2021-01-01 00:00:00+00:00, run_after=2021-01-01 00:00:00+00:00
[2026-07-06T16:33:44.053+0000] {processor.py:183} INFO - Processing /home/airflow/.local/lib/python3.8/site-packages/airflow/example_dags/example_trigger_controller_dag.py took 0.153 seconds
[2026-07-06T16:34:14.381+0000] {processor.py:161} INFO - Started process (PID=1433) to work on /home/airflow/.local/lib/python3.8/site-packages/airflow/example_dags/example_trigger_controller_dag.py
[2026-07-06T16:34:14.383+0000] {processor.py:830} INFO - Processing file /home/airflow/.local/lib/python3.8/site-packages/airflow/example_dags/example_trigger_controller_dag.py for tasks to queue
[2026-07-06T16:34:14.388+0000] {logging_mixin.py:188} INFO - [2026-07-06T16:34:14.388+0000] {dagbag.py:538} INFO - Filling up the DagBag from /home/airflow/.local/lib/python3.8/site-packages/airflow/example_dags/example_trigger_controller_dag.py
[2026-07-06T16:34:14.403+0000] {processor.py:840} INFO - DAG(s) 'example_trigger_controller_dag' retrieved from /home/airflow/.local/lib/python3.8/site-packages/airflow/example_dags/example_trigger_controller_dag.py
[2026-07-06T16:34:14.456+0000] {logging_mixin.py:188} INFO - [2026-07-06T16:34:14.455+0000] {dag.py:3036} INFO - Sync 1 DAGs
[2026-07-06T16:34:14.512+0000] {logging_mixin.py:188} INFO - [2026-07-06T16:34:14.512+0000] {dag.py:3823} INFO - Setting next_dagrun for example_trigger_controller_dag to 2021-01-01 00:00:00+00:00, run_after=2021-01-01 00:00:00+00:00
[2026-07-06T16:34:14.558+0000] {processor.py:183} INFO - Processing /home/airflow/.local/lib/python3.8/site-packages/airflow/example_dags/example_trigger_controller_dag.py took 0.188 seconds
[2026-07-06T16:34:44.943+0000] {processor.py:161} INFO - Started process (PID=1491) to work on /home/airflow/.local/lib/python3.8/site-packages/airflow/example_dags/example_trigger_controller_dag.py
[2026-07-06T16:34:44.949+0000] {processor.py:830} INFO - Processing file /home/airflow/.local/lib/python3.8/site-packages/airflow/example_dags/example_trigger_controller_dag.py for tasks to queue
[2026-07-06T16:34:44.955+0000] {logging_mixin.py:188} INFO - [2026-07-06T16:34:44.954+0000] {dagbag.py:538} INFO - Filling up the DagBag from /home/airflow/.local/lib/python3.8/site-packages/airflow/example_dags/example_trigger_controller_dag.py
[2026-07-06T16:34:44.970+0000] {processor.py:840} INFO - DAG(s) 'example_trigger_controller_dag' retrieved from /home/airflow/.local/lib/python3.8/site-packages/airflow/example_dags/example_trigger_controller_dag.py
[2026-07-06T16:34:45.045+0000] {logging_mixin.py:188} INFO - [2026-07-06T16:34:45.045+0000] {dag.py:3036} INFO - Sync 1 DAGs
[2026-07-06T16:34:45.114+0000] {logging_mixin.py:188} INFO - [2026-07-06T16:34:45.113+0000] {dag.py:3823} INFO - Setting next_dagrun for example_trigger_controller_dag to 2021-01-01 00:00:00+00:00, run_after=2021-01-01 00:00:00+00:00
[2026-07-06T16:34:45.175+0000] {processor.py:183} INFO - Processing /home/airflow/.local/lib/python3.8/site-packages/airflow/example_dags/example_trigger_controller_dag.py took 0.241 seconds
[2026-07-06T16:35:15.315+0000] {processor.py:161} INFO - Started process (PID=1556) to work on /home/airflow/.local/lib/python3.8/site-packages/airflow/example_dags/example_trigger_controller_dag.py
[2026-07-06T16:35:15.318+0000] {processor.py:830} INFO - Processing file /home/airflow/.local/lib/python3.8/site-packages/airflow/example_dags/example_trigger_controller_dag.py for tasks to queue
[2026-07-06T16:35:15.322+0000] {logging_mixin.py:188} INFO - [2026-07-06T16:35:15.322+0000] {dagbag.py:538} INFO - Filling up the DagBag from /home/airflow/.local/lib/python3.8/site-packages/airflow/example_dags/example_trigger_controller_dag.py
[2026-07-06T16:35:15.334+0000] {processor.py:840} INFO - DAG(s) 'example_trigger_controller_dag' retrieved from /home/airflow/.local/lib/python3.8/site-packages/airflow/example_dags/example_trigger_controller_dag.py
[2026-07-06T16:35:15.389+0000] {logging_mixin.py:188} INFO - [2026-07-06T16:35:15.389+0000] {dag.py:3036} INFO - Sync 1 DAGs
[2026-07-06T16:35:15.450+0000] {logging_mixin.py:188} INFO - [2026-07-06T16:35:15.450+0000] {dag.py:3823} INFO - Setting next_dagrun for example_trigger_controller_dag to 2021-01-01 00:00:00+00:00, run_after=2021-01-01 00:00:00+00:00
[2026-07-06T16:35:15.500+0000] {processor.py:183} INFO - Processing /home/airflow/.local/lib/python3.8/site-packages/airflow/example_dags/example_trigger_controller_dag.py took 0.197 seconds
