[2026-07-06T16:24:09.897+0000] {processor.py:161} INFO - Started process (PID=268) to work on /home/airflow/.local/lib/python3.8/site-packages/airflow/example_dags/example_nested_branch_dag.py
[2026-07-06T16:24:09.905+0000] {processor.py:830} INFO - Processing file /home/airflow/.local/lib/python3.8/site-packages/airflow/example_dags/example_nested_branch_dag.py for tasks to queue
[2026-07-06T16:24:09.926+0000] {logging_mixin.py:188} INFO - [2026-07-06T16:24:09.925+0000] {dagbag.py:538} INFO - Filling up the DagBag from /home/airflow/.local/lib/python3.8/site-packages/airflow/example_dags/example_nested_branch_dag.py
[2026-07-06T16:24:10.137+0000] {processor.py:840} INFO - DAG(s) 'example_nested_branch_dag' retrieved from /home/airflow/.local/lib/python3.8/site-packages/airflow/example_dags/example_nested_branch_dag.py
[2026-07-06T16:24:12.154+0000] {logging_mixin.py:188} INFO - [2026-07-06T16:24:12.148+0000] {override.py:1769} INFO - Created Permission View: can read on DAG:example_nested_branch_dag
[2026-07-06T16:24:12.251+0000] {logging_mixin.py:188} INFO - [2026-07-06T16:24:12.250+0000] {override.py:1769} INFO - Created Permission View: can delete on DAG:example_nested_branch_dag
[2026-07-06T16:24:12.341+0000] {logging_mixin.py:188} INFO - [2026-07-06T16:24:12.339+0000] {override.py:1769} INFO - Created Permission View: can edit on DAG:example_nested_branch_dag
[2026-07-06T16:24:12.348+0000] {logging_mixin.py:188} INFO - [2026-07-06T16:24:12.347+0000] {dag.py:3036} INFO - Sync 1 DAGs
[2026-07-06T16:24:12.568+0000] {logging_mixin.py:188} INFO - [2026-07-06T16:24:12.568+0000] {dag.py:3058} INFO - Creating ORM DAG for example_nested_branch_dag
[2026-07-06T16:24:12.714+0000] {logging_mixin.py:188} INFO - [2026-07-06T16:24:12.713+0000] {dag.py:3823} INFO - Setting next_dagrun for example_nested_branch_dag to 2026-07-05 00:00:00+00:00, run_after=2026-07-06 00:00:00+00:00
[2026-07-06T16:24:12.798+0000] {processor.py:183} INFO - Processing /home/airflow/.local/lib/python3.8/site-packages/airflow/example_dags/example_nested_branch_dag.py took 2.937 seconds
[2026-07-06T16:24:53.557+0000] {processor.py:161} INFO - Started process (PID=333) to work on /home/airflow/.local/lib/python3.8/site-packages/airflow/example_dags/example_nested_branch_dag.py
[2026-07-06T16:24:53.562+0000] {processor.py:830} INFO - Processing file /home/airflow/.local/lib/python3.8/site-packages/airflow/example_dags/example_nested_branch_dag.py for tasks to queue
[2026-07-06T16:24:53.566+0000] {logging_mixin.py:188} INFO - [2026-07-06T16:24:53.565+0000] {dagbag.py:538} INFO - Filling up the DagBag from /home/airflow/.local/lib/python3.8/site-packages/airflow/example_dags/example_nested_branch_dag.py
[2026-07-06T16:24:53.594+0000] {processor.py:840} INFO - DAG(s) 'example_nested_branch_dag' retrieved from /home/airflow/.local/lib/python3.8/site-packages/airflow/example_dags/example_nested_branch_dag.py
[2026-07-06T16:24:53.662+0000] {logging_mixin.py:188} INFO - [2026-07-06T16:24:53.661+0000] {dag.py:3036} INFO - Sync 1 DAGs
[2026-07-06T16:24:53.713+0000] {logging_mixin.py:188} INFO - [2026-07-06T16:24:53.713+0000] {dag.py:3823} INFO - Setting next_dagrun for example_nested_branch_dag to 2026-07-05 00:00:00+00:00, run_after=2026-07-06 00:00:00+00:00
[2026-07-06T16:24:53.760+0000] {processor.py:183} INFO - Processing /home/airflow/.local/lib/python3.8/site-packages/airflow/example_dags/example_nested_branch_dag.py took 0.216 seconds
[2026-07-06T16:25:26.778+0000] {processor.py:161} INFO - Started process (PID=399) to work on /home/airflow/.local/lib/python3.8/site-packages/airflow/example_dags/example_nested_branch_dag.py
[2026-07-06T16:25:26.780+0000] {processor.py:830} INFO - Processing file /home/airflow/.local/lib/python3.8/site-packages/airflow/example_dags/example_nested_branch_dag.py for tasks to queue
[2026-07-06T16:25:26.790+0000] {logging_mixin.py:188} INFO - [2026-07-06T16:25:26.789+0000] {dagbag.py:538} INFO - Filling up the DagBag from /home/airflow/.local/lib/python3.8/site-packages/airflow/example_dags/example_nested_branch_dag.py
[2026-07-06T16:25:26.881+0000] {processor.py:840} INFO - DAG(s) 'example_nested_branch_dag' retrieved from /home/airflow/.local/lib/python3.8/site-packages/airflow/example_dags/example_nested_branch_dag.py
[2026-07-06T16:25:26.999+0000] {logging_mixin.py:188} INFO - [2026-07-06T16:25:26.998+0000] {dag.py:3036} INFO - Sync 1 DAGs
[2026-07-06T16:25:27.080+0000] {logging_mixin.py:188} INFO - [2026-07-06T16:25:27.080+0000] {dag.py:3823} INFO - Setting next_dagrun for example_nested_branch_dag to 2026-07-05 00:00:00+00:00, run_after=2026-07-06 00:00:00+00:00
[2026-07-06T16:25:27.192+0000] {processor.py:183} INFO - Processing /home/airflow/.local/lib/python3.8/site-packages/airflow/example_dags/example_nested_branch_dag.py took 0.437 seconds
[2026-07-06T16:25:57.741+0000] {processor.py:161} INFO - Started process (PID=456) to work on /home/airflow/.local/lib/python3.8/site-packages/airflow/example_dags/example_nested_branch_dag.py
[2026-07-06T16:25:57.744+0000] {processor.py:830} INFO - Processing file /home/airflow/.local/lib/python3.8/site-packages/airflow/example_dags/example_nested_branch_dag.py for tasks to queue
[2026-07-06T16:25:57.749+0000] {logging_mixin.py:188} INFO - [2026-07-06T16:25:57.749+0000] {dagbag.py:538} INFO - Filling up the DagBag from /home/airflow/.local/lib/python3.8/site-packages/airflow/example_dags/example_nested_branch_dag.py
[2026-07-06T16:25:57.782+0000] {processor.py:840} INFO - DAG(s) 'example_nested_branch_dag' retrieved from /home/airflow/.local/lib/python3.8/site-packages/airflow/example_dags/example_nested_branch_dag.py
[2026-07-06T16:25:57.850+0000] {logging_mixin.py:188} INFO - [2026-07-06T16:25:57.849+0000] {dag.py:3036} INFO - Sync 1 DAGs
[2026-07-06T16:25:57.915+0000] {logging_mixin.py:188} INFO - [2026-07-06T16:25:57.914+0000] {dag.py:3823} INFO - Setting next_dagrun for example_nested_branch_dag to 2026-07-05 00:00:00+00:00, run_after=2026-07-06 00:00:00+00:00
[2026-07-06T16:25:57.976+0000] {processor.py:183} INFO - Processing /home/airflow/.local/lib/python3.8/site-packages/airflow/example_dags/example_nested_branch_dag.py took 0.245 seconds
[2026-07-06T16:26:28.340+0000] {processor.py:161} INFO - Started process (PID=522) to work on /home/airflow/.local/lib/python3.8/site-packages/airflow/example_dags/example_nested_branch_dag.py
[2026-07-06T16:26:28.343+0000] {processor.py:830} INFO - Processing file /home/airflow/.local/lib/python3.8/site-packages/airflow/example_dags/example_nested_branch_dag.py for tasks to queue
[2026-07-06T16:26:28.348+0000] {logging_mixin.py:188} INFO - [2026-07-06T16:26:28.347+0000] {dagbag.py:538} INFO - Filling up the DagBag from /home/airflow/.local/lib/python3.8/site-packages/airflow/example_dags/example_nested_branch_dag.py
[2026-07-06T16:26:28.372+0000] {processor.py:840} INFO - DAG(s) 'example_nested_branch_dag' retrieved from /home/airflow/.local/lib/python3.8/site-packages/airflow/example_dags/example_nested_branch_dag.py
[2026-07-06T16:26:28.427+0000] {logging_mixin.py:188} INFO - [2026-07-06T16:26:28.426+0000] {dag.py:3036} INFO - Sync 1 DAGs
[2026-07-06T16:26:28.484+0000] {logging_mixin.py:188} INFO - [2026-07-06T16:26:28.483+0000] {dag.py:3823} INFO - Setting next_dagrun for example_nested_branch_dag to 2026-07-05 00:00:00+00:00, run_after=2026-07-06 00:00:00+00:00
[2026-07-06T16:26:28.532+0000] {processor.py:183} INFO - Processing /home/airflow/.local/lib/python3.8/site-packages/airflow/example_dags/example_nested_branch_dag.py took 0.201 seconds
[2026-07-06T16:26:58.819+0000] {processor.py:161} INFO - Started process (PID=588) to work on /home/airflow/.local/lib/python3.8/site-packages/airflow/example_dags/example_nested_branch_dag.py
[2026-07-06T16:26:58.822+0000] {processor.py:830} INFO - Processing file /home/airflow/.local/lib/python3.8/site-packages/airflow/example_dags/example_nested_branch_dag.py for tasks to queue
[2026-07-06T16:26:58.826+0000] {logging_mixin.py:188} INFO - [2026-07-06T16:26:58.825+0000] {dagbag.py:538} INFO - Filling up the DagBag from /home/airflow/.local/lib/python3.8/site-packages/airflow/example_dags/example_nested_branch_dag.py
[2026-07-06T16:26:58.855+0000] {processor.py:840} INFO - DAG(s) 'example_nested_branch_dag' retrieved from /home/airflow/.local/lib/python3.8/site-packages/airflow/example_dags/example_nested_branch_dag.py
[2026-07-06T16:26:58.913+0000] {logging_mixin.py:188} INFO - [2026-07-06T16:26:58.912+0000] {dag.py:3036} INFO - Sync 1 DAGs
[2026-07-06T16:26:58.973+0000] {logging_mixin.py:188} INFO - [2026-07-06T16:26:58.973+0000] {dag.py:3823} INFO - Setting next_dagrun for example_nested_branch_dag to 2026-07-05 00:00:00+00:00, run_after=2026-07-06 00:00:00+00:00
[2026-07-06T16:26:59.021+0000] {processor.py:183} INFO - Processing /home/airflow/.local/lib/python3.8/site-packages/airflow/example_dags/example_nested_branch_dag.py took 0.213 seconds
[2026-07-06T16:27:33.252+0000] {processor.py:161} INFO - Started process (PID=654) to work on /home/airflow/.local/lib/python3.8/site-packages/airflow/example_dags/example_nested_branch_dag.py
[2026-07-06T16:27:33.257+0000] {processor.py:830} INFO - Processing file /home/airflow/.local/lib/python3.8/site-packages/airflow/example_dags/example_nested_branch_dag.py for tasks to queue
[2026-07-06T16:27:33.266+0000] {logging_mixin.py:188} INFO - [2026-07-06T16:27:33.263+0000] {dagbag.py:538} INFO - Filling up the DagBag from /home/airflow/.local/lib/python3.8/site-packages/airflow/example_dags/example_nested_branch_dag.py
[2026-07-06T16:27:33.308+0000] {processor.py:840} INFO - DAG(s) 'example_nested_branch_dag' retrieved from /home/airflow/.local/lib/python3.8/site-packages/airflow/example_dags/example_nested_branch_dag.py
[2026-07-06T16:27:33.366+0000] {logging_mixin.py:188} INFO - [2026-07-06T16:27:33.366+0000] {dag.py:3036} INFO - Sync 1 DAGs
[2026-07-06T16:27:33.414+0000] {logging_mixin.py:188} INFO - [2026-07-06T16:27:33.413+0000] {dag.py:3823} INFO - Setting next_dagrun for example_nested_branch_dag to 2026-07-05 00:00:00+00:00, run_after=2026-07-06 00:00:00+00:00
[2026-07-06T16:27:33.459+0000] {processor.py:183} INFO - Processing /home/airflow/.local/lib/python3.8/site-packages/airflow/example_dags/example_nested_branch_dag.py took 0.216 seconds
[2026-07-06T16:28:11.018+0000] {processor.py:161} INFO - Started process (PID=720) to work on /home/airflow/.local/lib/python3.8/site-packages/airflow/example_dags/example_nested_branch_dag.py
[2026-07-06T16:28:11.019+0000] {processor.py:830} INFO - Processing file /home/airflow/.local/lib/python3.8/site-packages/airflow/example_dags/example_nested_branch_dag.py for tasks to queue
[2026-07-06T16:28:11.023+0000] {logging_mixin.py:188} INFO - [2026-07-06T16:28:11.023+0000] {dagbag.py:538} INFO - Filling up the DagBag from /home/airflow/.local/lib/python3.8/site-packages/airflow/example_dags/example_nested_branch_dag.py
[2026-07-06T16:28:11.199+0000] {processor.py:840} INFO - DAG(s) 'example_nested_branch_dag' retrieved from /home/airflow/.local/lib/python3.8/site-packages/airflow/example_dags/example_nested_branch_dag.py
[2026-07-06T16:28:11.332+0000] {logging_mixin.py:188} INFO - [2026-07-06T16:28:11.325+0000] {dag.py:3036} INFO - Sync 1 DAGs
[2026-07-06T16:28:11.554+0000] {logging_mixin.py:188} INFO - [2026-07-06T16:28:11.553+0000] {dag.py:3823} INFO - Setting next_dagrun for example_nested_branch_dag to 2026-07-05 00:00:00+00:00, run_after=2026-07-06 00:00:00+00:00
[2026-07-06T16:28:11.658+0000] {processor.py:183} INFO - Processing /home/airflow/.local/lib/python3.8/site-packages/airflow/example_dags/example_nested_branch_dag.py took 0.658 seconds
[2026-07-06T16:28:46.037+0000] {processor.py:161} INFO - Started process (PID=786) to work on /home/airflow/.local/lib/python3.8/site-packages/airflow/example_dags/example_nested_branch_dag.py
[2026-07-06T16:28:46.049+0000] {processor.py:830} INFO - Processing file /home/airflow/.local/lib/python3.8/site-packages/airflow/example_dags/example_nested_branch_dag.py for tasks to queue
[2026-07-06T16:28:46.058+0000] {logging_mixin.py:188} INFO - [2026-07-06T16:28:46.057+0000] {dagbag.py:538} INFO - Filling up the DagBag from /home/airflow/.local/lib/python3.8/site-packages/airflow/example_dags/example_nested_branch_dag.py
[2026-07-06T16:28:46.140+0000] {processor.py:840} INFO - DAG(s) 'example_nested_branch_dag' retrieved from /home/airflow/.local/lib/python3.8/site-packages/airflow/example_dags/example_nested_branch_dag.py
[2026-07-06T16:28:46.262+0000] {logging_mixin.py:188} INFO - [2026-07-06T16:28:46.259+0000] {dag.py:3036} INFO - Sync 1 DAGs
[2026-07-06T16:28:46.472+0000] {logging_mixin.py:188} INFO - [2026-07-06T16:28:46.472+0000] {dag.py:3823} INFO - Setting next_dagrun for example_nested_branch_dag to 2026-07-05 00:00:00+00:00, run_after=2026-07-06 00:00:00+00:00
[2026-07-06T16:28:46.691+0000] {processor.py:183} INFO - Processing /home/airflow/.local/lib/python3.8/site-packages/airflow/example_dags/example_nested_branch_dag.py took 0.674 seconds
[2026-07-06T16:29:17.628+0000] {processor.py:161} INFO - Started process (PID=850) to work on /home/airflow/.local/lib/python3.8/site-packages/airflow/example_dags/example_nested_branch_dag.py
[2026-07-06T16:29:17.635+0000] {processor.py:830} INFO - Processing file /home/airflow/.local/lib/python3.8/site-packages/airflow/example_dags/example_nested_branch_dag.py for tasks to queue
[2026-07-06T16:29:17.649+0000] {logging_mixin.py:188} INFO - [2026-07-06T16:29:17.648+0000] {dagbag.py:538} INFO - Filling up the DagBag from /home/airflow/.local/lib/python3.8/site-packages/airflow/example_dags/example_nested_branch_dag.py
[2026-07-06T16:29:17.820+0000] {processor.py:840} INFO - DAG(s) 'example_nested_branch_dag' retrieved from /home/airflow/.local/lib/python3.8/site-packages/airflow/example_dags/example_nested_branch_dag.py
[2026-07-06T16:29:18.061+0000] {logging_mixin.py:188} INFO - [2026-07-06T16:29:18.061+0000] {dag.py:3036} INFO - Sync 1 DAGs
[2026-07-06T16:29:18.456+0000] {logging_mixin.py:188} INFO - [2026-07-06T16:29:18.456+0000] {dag.py:3823} INFO - Setting next_dagrun for example_nested_branch_dag to 2026-07-05 00:00:00+00:00, run_after=2026-07-06 00:00:00+00:00
[2026-07-06T16:29:18.634+0000] {processor.py:183} INFO - Processing /home/airflow/.local/lib/python3.8/site-packages/airflow/example_dags/example_nested_branch_dag.py took 1.065 seconds
[2026-07-06T16:29:48.986+0000] {processor.py:161} INFO - Started process (PID=910) to work on /home/airflow/.local/lib/python3.8/site-packages/airflow/example_dags/example_nested_branch_dag.py
[2026-07-06T16:29:48.990+0000] {processor.py:830} INFO - Processing file /home/airflow/.local/lib/python3.8/site-packages/airflow/example_dags/example_nested_branch_dag.py for tasks to queue
[2026-07-06T16:29:49.015+0000] {logging_mixin.py:188} INFO - [2026-07-06T16:29:49.003+0000] {dagbag.py:538} INFO - Filling up the DagBag from /home/airflow/.local/lib/python3.8/site-packages/airflow/example_dags/example_nested_branch_dag.py
[2026-07-06T16:29:49.113+0000] {processor.py:840} INFO - DAG(s) 'example_nested_branch_dag' retrieved from /home/airflow/.local/lib/python3.8/site-packages/airflow/example_dags/example_nested_branch_dag.py
[2026-07-06T16:29:49.412+0000] {logging_mixin.py:188} INFO - [2026-07-06T16:29:49.411+0000] {dag.py:3036} INFO - Sync 1 DAGs
[2026-07-06T16:29:49.557+0000] {logging_mixin.py:188} INFO - [2026-07-06T16:29:49.557+0000] {dag.py:3823} INFO - Setting next_dagrun for example_nested_branch_dag to 2026-07-05 00:00:00+00:00, run_after=2026-07-06 00:00:00+00:00
[2026-07-06T16:29:49.640+0000] {processor.py:183} INFO - Processing /home/airflow/.local/lib/python3.8/site-packages/airflow/example_dags/example_nested_branch_dag.py took 0.676 seconds
[2026-07-06T16:30:23.943+0000] {processor.py:161} INFO - Started process (PID=978) to work on /home/airflow/.local/lib/python3.8/site-packages/airflow/example_dags/example_nested_branch_dag.py
[2026-07-06T16:30:23.950+0000] {processor.py:830} INFO - Processing file /home/airflow/.local/lib/python3.8/site-packages/airflow/example_dags/example_nested_branch_dag.py for tasks to queue
[2026-07-06T16:30:23.954+0000] {logging_mixin.py:188} INFO - [2026-07-06T16:30:23.953+0000] {dagbag.py:538} INFO - Filling up the DagBag from /home/airflow/.local/lib/python3.8/site-packages/airflow/example_dags/example_nested_branch_dag.py
[2026-07-06T16:30:23.988+0000] {processor.py:840} INFO - DAG(s) 'example_nested_branch_dag' retrieved from /home/airflow/.local/lib/python3.8/site-packages/airflow/example_dags/example_nested_branch_dag.py
[2026-07-06T16:30:24.055+0000] {logging_mixin.py:188} INFO - [2026-07-06T16:30:24.055+0000] {dag.py:3036} INFO - Sync 1 DAGs
[2026-07-06T16:30:24.150+0000] {logging_mixin.py:188} INFO - [2026-07-06T16:30:24.150+0000] {dag.py:3823} INFO - Setting next_dagrun for example_nested_branch_dag to 2026-07-05 00:00:00+00:00, run_after=2026-07-06 00:00:00+00:00
[2026-07-06T16:30:24.195+0000] {processor.py:183} INFO - Processing /home/airflow/.local/lib/python3.8/site-packages/airflow/example_dags/example_nested_branch_dag.py took 0.266 seconds
[2026-07-06T16:30:56.398+0000] {processor.py:161} INFO - Started process (PID=1046) to work on /home/airflow/.local/lib/python3.8/site-packages/airflow/example_dags/example_nested_branch_dag.py
[2026-07-06T16:30:56.401+0000] {processor.py:830} INFO - Processing file /home/airflow/.local/lib/python3.8/site-packages/airflow/example_dags/example_nested_branch_dag.py for tasks to queue
[2026-07-06T16:30:56.411+0000] {logging_mixin.py:188} INFO - [2026-07-06T16:30:56.409+0000] {dagbag.py:538} INFO - Filling up the DagBag from /home/airflow/.local/lib/python3.8/site-packages/airflow/example_dags/example_nested_branch_dag.py
[2026-07-06T16:30:56.441+0000] {processor.py:840} INFO - DAG(s) 'example_nested_branch_dag' retrieved from /home/airflow/.local/lib/python3.8/site-packages/airflow/example_dags/example_nested_branch_dag.py
[2026-07-06T16:30:56.524+0000] {logging_mixin.py:188} INFO - [2026-07-06T16:30:56.524+0000] {dag.py:3036} INFO - Sync 1 DAGs
[2026-07-06T16:30:56.575+0000] {logging_mixin.py:188} INFO - [2026-07-06T16:30:56.574+0000] {dag.py:3823} INFO - Setting next_dagrun for example_nested_branch_dag to 2026-07-05 00:00:00+00:00, run_after=2026-07-06 00:00:00+00:00
[2026-07-06T16:30:56.620+0000] {processor.py:183} INFO - Processing /home/airflow/.local/lib/python3.8/site-packages/airflow/example_dags/example_nested_branch_dag.py took 0.233 seconds
[2026-07-06T16:31:27.167+0000] {processor.py:161} INFO - Started process (PID=1111) to work on /home/airflow/.local/lib/python3.8/site-packages/airflow/example_dags/example_nested_branch_dag.py
[2026-07-06T16:31:27.171+0000] {processor.py:830} INFO - Processing file /home/airflow/.local/lib/python3.8/site-packages/airflow/example_dags/example_nested_branch_dag.py for tasks to queue
[2026-07-06T16:31:27.177+0000] {logging_mixin.py:188} INFO - [2026-07-06T16:31:27.176+0000] {dagbag.py:538} INFO - Filling up the DagBag from /home/airflow/.local/lib/python3.8/site-packages/airflow/example_dags/example_nested_branch_dag.py
[2026-07-06T16:31:27.226+0000] {processor.py:840} INFO - DAG(s) 'example_nested_branch_dag' retrieved from /home/airflow/.local/lib/python3.8/site-packages/airflow/example_dags/example_nested_branch_dag.py
[2026-07-06T16:31:27.312+0000] {logging_mixin.py:188} INFO - [2026-07-06T16:31:27.311+0000] {dag.py:3036} INFO - Sync 1 DAGs
[2026-07-06T16:31:27.400+0000] {logging_mixin.py:188} INFO - [2026-07-06T16:31:27.399+0000] {dag.py:3823} INFO - Setting next_dagrun for example_nested_branch_dag to 2026-07-05 00:00:00+00:00, run_after=2026-07-06 00:00:00+00:00
[2026-07-06T16:31:27.464+0000] {processor.py:183} INFO - Processing /home/airflow/.local/lib/python3.8/site-packages/airflow/example_dags/example_nested_branch_dag.py took 0.311 seconds
[2026-07-06T16:32:01.788+0000] {processor.py:161} INFO - Started process (PID=1171) to work on /home/airflow/.local/lib/python3.8/site-packages/airflow/example_dags/example_nested_branch_dag.py
[2026-07-06T16:32:01.802+0000] {processor.py:830} INFO - Processing file /home/airflow/.local/lib/python3.8/site-packages/airflow/example_dags/example_nested_branch_dag.py for tasks to queue
[2026-07-06T16:32:01.807+0000] {logging_mixin.py:188} INFO - [2026-07-06T16:32:01.806+0000] {dagbag.py:538} INFO - Filling up the DagBag from /home/airflow/.local/lib/python3.8/site-packages/airflow/example_dags/example_nested_branch_dag.py
[2026-07-06T16:32:01.855+0000] {processor.py:840} INFO - DAG(s) 'example_nested_branch_dag' retrieved from /home/airflow/.local/lib/python3.8/site-packages/airflow/example_dags/example_nested_branch_dag.py
[2026-07-06T16:32:01.931+0000] {logging_mixin.py:188} INFO - [2026-07-06T16:32:01.930+0000] {dag.py:3036} INFO - Sync 1 DAGs
[2026-07-06T16:32:02.020+0000] {logging_mixin.py:188} INFO - [2026-07-06T16:32:02.020+0000] {dag.py:3823} INFO - Setting next_dagrun for example_nested_branch_dag to 2026-07-05 00:00:00+00:00, run_after=2026-07-06 00:00:00+00:00
[2026-07-06T16:32:02.074+0000] {processor.py:183} INFO - Processing /home/airflow/.local/lib/python3.8/site-packages/airflow/example_dags/example_nested_branch_dag.py took 0.302 seconds
[2026-07-06T16:32:41.491+0000] {processor.py:161} INFO - Started process (PID=1237) to work on /home/airflow/.local/lib/python3.8/site-packages/airflow/example_dags/example_nested_branch_dag.py
[2026-07-06T16:32:41.494+0000] {processor.py:830} INFO - Processing file /home/airflow/.local/lib/python3.8/site-packages/airflow/example_dags/example_nested_branch_dag.py for tasks to queue
[2026-07-06T16:32:41.500+0000] {logging_mixin.py:188} INFO - [2026-07-06T16:32:41.499+0000] {dagbag.py:538} INFO - Filling up the DagBag from /home/airflow/.local/lib/python3.8/site-packages/airflow/example_dags/example_nested_branch_dag.py
[2026-07-06T16:32:41.634+0000] {processor.py:840} INFO - DAG(s) 'example_nested_branch_dag' retrieved from /home/airflow/.local/lib/python3.8/site-packages/airflow/example_dags/example_nested_branch_dag.py
[2026-07-06T16:32:41.835+0000] {logging_mixin.py:188} INFO - [2026-07-06T16:32:41.834+0000] {dag.py:3036} INFO - Sync 1 DAGs
[2026-07-06T16:32:42.113+0000] {logging_mixin.py:188} INFO - [2026-07-06T16:32:42.112+0000] {dag.py:3823} INFO - Setting next_dagrun for example_nested_branch_dag to 2026-07-05 00:00:00+00:00, run_after=2026-07-06 00:00:00+00:00
[2026-07-06T16:32:42.308+0000] {processor.py:183} INFO - Processing /home/airflow/.local/lib/python3.8/site-packages/airflow/example_dags/example_nested_branch_dag.py took 0.837 seconds
[2026-07-06T16:33:12.761+0000] {processor.py:161} INFO - Started process (PID=1302) to work on /home/airflow/.local/lib/python3.8/site-packages/airflow/example_dags/example_nested_branch_dag.py
[2026-07-06T16:33:12.765+0000] {processor.py:830} INFO - Processing file /home/airflow/.local/lib/python3.8/site-packages/airflow/example_dags/example_nested_branch_dag.py for tasks to queue
[2026-07-06T16:33:12.770+0000] {logging_mixin.py:188} INFO - [2026-07-06T16:33:12.769+0000] {dagbag.py:538} INFO - Filling up the DagBag from /home/airflow/.local/lib/python3.8/site-packages/airflow/example_dags/example_nested_branch_dag.py
[2026-07-06T16:33:12.802+0000] {processor.py:840} INFO - DAG(s) 'example_nested_branch_dag' retrieved from /home/airflow/.local/lib/python3.8/site-packages/airflow/example_dags/example_nested_branch_dag.py
[2026-07-06T16:33:12.875+0000] {logging_mixin.py:188} INFO - [2026-07-06T16:33:12.874+0000] {dag.py:3036} INFO - Sync 1 DAGs
[2026-07-06T16:33:13.001+0000] {logging_mixin.py:188} INFO - [2026-07-06T16:33:13.001+0000] {dag.py:3823} INFO - Setting next_dagrun for example_nested_branch_dag to 2026-07-05 00:00:00+00:00, run_after=2026-07-06 00:00:00+00:00
[2026-07-06T16:33:13.057+0000] {processor.py:183} INFO - Processing /home/airflow/.local/lib/python3.8/site-packages/airflow/example_dags/example_nested_branch_dag.py took 0.305 seconds
[2026-07-06T16:33:43.252+0000] {processor.py:161} INFO - Started process (PID=1367) to work on /home/airflow/.local/lib/python3.8/site-packages/airflow/example_dags/example_nested_branch_dag.py
[2026-07-06T16:33:43.255+0000] {processor.py:830} INFO - Processing file /home/airflow/.local/lib/python3.8/site-packages/airflow/example_dags/example_nested_branch_dag.py for tasks to queue
[2026-07-06T16:33:43.261+0000] {logging_mixin.py:188} INFO - [2026-07-06T16:33:43.259+0000] {dagbag.py:538} INFO - Filling up the DagBag from /home/airflow/.local/lib/python3.8/site-packages/airflow/example_dags/example_nested_branch_dag.py
[2026-07-06T16:33:43.295+0000] {processor.py:840} INFO - DAG(s) 'example_nested_branch_dag' retrieved from /home/airflow/.local/lib/python3.8/site-packages/airflow/example_dags/example_nested_branch_dag.py
[2026-07-06T16:33:43.363+0000] {logging_mixin.py:188} INFO - [2026-07-06T16:33:43.361+0000] {dag.py:3036} INFO - Sync 1 DAGs
[2026-07-06T16:33:43.429+0000] {logging_mixin.py:188} INFO - [2026-07-06T16:33:43.429+0000] {dag.py:3823} INFO - Setting next_dagrun for example_nested_branch_dag to 2026-07-05 00:00:00+00:00, run_after=2026-07-06 00:00:00+00:00
[2026-07-06T16:33:43.471+0000] {processor.py:183} INFO - Processing /home/airflow/.local/lib/python3.8/site-packages/airflow/example_dags/example_nested_branch_dag.py took 0.237 seconds
[2026-07-06T16:34:13.764+0000] {processor.py:161} INFO - Started process (PID=1431) to work on /home/airflow/.local/lib/python3.8/site-packages/airflow/example_dags/example_nested_branch_dag.py
[2026-07-06T16:34:13.767+0000] {processor.py:830} INFO - Processing file /home/airflow/.local/lib/python3.8/site-packages/airflow/example_dags/example_nested_branch_dag.py for tasks to queue
[2026-07-06T16:34:13.772+0000] {logging_mixin.py:188} INFO - [2026-07-06T16:34:13.771+0000] {dagbag.py:538} INFO - Filling up the DagBag from /home/airflow/.local/lib/python3.8/site-packages/airflow/example_dags/example_nested_branch_dag.py
[2026-07-06T16:34:13.797+0000] {processor.py:840} INFO - DAG(s) 'example_nested_branch_dag' retrieved from /home/airflow/.local/lib/python3.8/site-packages/airflow/example_dags/example_nested_branch_dag.py
[2026-07-06T16:34:13.857+0000] {logging_mixin.py:188} INFO - [2026-07-06T16:34:13.857+0000] {dag.py:3036} INFO - Sync 1 DAGs
[2026-07-06T16:34:13.913+0000] {logging_mixin.py:188} INFO - [2026-07-06T16:34:13.913+0000] {dag.py:3823} INFO - Setting next_dagrun for example_nested_branch_dag to 2026-07-05 00:00:00+00:00, run_after=2026-07-06 00:00:00+00:00
[2026-07-06T16:34:13.962+0000] {processor.py:183} INFO - Processing /home/airflow/.local/lib/python3.8/site-packages/airflow/example_dags/example_nested_branch_dag.py took 0.207 seconds
[2026-07-06T16:34:44.139+0000] {processor.py:161} INFO - Started process (PID=1489) to work on /home/airflow/.local/lib/python3.8/site-packages/airflow/example_dags/example_nested_branch_dag.py
[2026-07-06T16:34:44.143+0000] {processor.py:830} INFO - Processing file /home/airflow/.local/lib/python3.8/site-packages/airflow/example_dags/example_nested_branch_dag.py for tasks to queue
[2026-07-06T16:34:44.147+0000] {logging_mixin.py:188} INFO - [2026-07-06T16:34:44.147+0000] {dagbag.py:538} INFO - Filling up the DagBag from /home/airflow/.local/lib/python3.8/site-packages/airflow/example_dags/example_nested_branch_dag.py
[2026-07-06T16:34:44.172+0000] {processor.py:840} INFO - DAG(s) 'example_nested_branch_dag' retrieved from /home/airflow/.local/lib/python3.8/site-packages/airflow/example_dags/example_nested_branch_dag.py
[2026-07-06T16:34:44.242+0000] {logging_mixin.py:188} INFO - [2026-07-06T16:34:44.242+0000] {dag.py:3036} INFO - Sync 1 DAGs
[2026-07-06T16:34:44.314+0000] {logging_mixin.py:188} INFO - [2026-07-06T16:34:44.313+0000] {dag.py:3823} INFO - Setting next_dagrun for example_nested_branch_dag to 2026-07-05 00:00:00+00:00, run_after=2026-07-06 00:00:00+00:00
[2026-07-06T16:34:44.390+0000] {processor.py:183} INFO - Processing /home/airflow/.local/lib/python3.8/site-packages/airflow/example_dags/example_nested_branch_dag.py took 0.259 seconds
[2026-07-06T16:35:14.809+0000] {processor.py:161} INFO - Started process (PID=1554) to work on /home/airflow/.local/lib/python3.8/site-packages/airflow/example_dags/example_nested_branch_dag.py
[2026-07-06T16:35:14.813+0000] {processor.py:830} INFO - Processing file /home/airflow/.local/lib/python3.8/site-packages/airflow/example_dags/example_nested_branch_dag.py for tasks to queue
[2026-07-06T16:35:14.818+0000] {logging_mixin.py:188} INFO - [2026-07-06T16:35:14.817+0000] {dagbag.py:538} INFO - Filling up the DagBag from /home/airflow/.local/lib/python3.8/site-packages/airflow/example_dags/example_nested_branch_dag.py
[2026-07-06T16:35:14.842+0000] {processor.py:840} INFO - DAG(s) 'example_nested_branch_dag' retrieved from /home/airflow/.local/lib/python3.8/site-packages/airflow/example_dags/example_nested_branch_dag.py
[2026-07-06T16:35:14.891+0000] {logging_mixin.py:188} INFO - [2026-07-06T16:35:14.891+0000] {dag.py:3036} INFO - Sync 1 DAGs
[2026-07-06T16:35:14.953+0000] {logging_mixin.py:188} INFO - [2026-07-06T16:35:14.953+0000] {dag.py:3823} INFO - Setting next_dagrun for example_nested_branch_dag to 2026-07-05 00:00:00+00:00, run_after=2026-07-06 00:00:00+00:00
[2026-07-06T16:35:15.002+0000] {processor.py:183} INFO - Processing /home/airflow/.local/lib/python3.8/site-packages/airflow/example_dags/example_nested_branch_dag.py took 0.201 seconds
[2026-07-06T16:35:46.656+0000] {processor.py:161} INFO - Started process (PID=1622) to work on /home/airflow/.local/lib/python3.8/site-packages/airflow/example_dags/example_nested_branch_dag.py
[2026-07-06T16:35:46.659+0000] {processor.py:830} INFO - Processing file /home/airflow/.local/lib/python3.8/site-packages/airflow/example_dags/example_nested_branch_dag.py for tasks to queue
[2026-07-06T16:35:46.664+0000] {logging_mixin.py:188} INFO - [2026-07-06T16:35:46.663+0000] {dagbag.py:538} INFO - Filling up the DagBag from /home/airflow/.local/lib/python3.8/site-packages/airflow/example_dags/example_nested_branch_dag.py
[2026-07-06T16:35:46.697+0000] {processor.py:840} INFO - DAG(s) 'example_nested_branch_dag' retrieved from /home/airflow/.local/lib/python3.8/site-packages/airflow/example_dags/example_nested_branch_dag.py
[2026-07-06T16:35:46.936+0000] {logging_mixin.py:188} INFO - [2026-07-06T16:35:46.935+0000] {dag.py:3036} INFO - Sync 1 DAGs
[2026-07-06T16:35:47.059+0000] {logging_mixin.py:188} INFO - [2026-07-06T16:35:47.058+0000] {dag.py:3823} INFO - Setting next_dagrun for example_nested_branch_dag to 2026-07-05 00:00:00+00:00, run_after=2026-07-06 00:00:00+00:00
[2026-07-06T16:35:47.197+0000] {processor.py:183} INFO - Processing /home/airflow/.local/lib/python3.8/site-packages/airflow/example_dags/example_nested_branch_dag.py took 0.550 seconds
[2026-07-06T16:36:17.735+0000] {processor.py:161} INFO - Started process (PID=1687) to work on /home/airflow/.local/lib/python3.8/site-packages/airflow/example_dags/example_nested_branch_dag.py
[2026-07-06T16:36:17.739+0000] {processor.py:830} INFO - Processing file /home/airflow/.local/lib/python3.8/site-packages/airflow/example_dags/example_nested_branch_dag.py for tasks to queue
[2026-07-06T16:36:17.745+0000] {logging_mixin.py:188} INFO - [2026-07-06T16:36:17.744+0000] {dagbag.py:538} INFO - Filling up the DagBag from /home/airflow/.local/lib/python3.8/site-packages/airflow/example_dags/example_nested_branch_dag.py
[2026-07-06T16:36:17.774+0000] {processor.py:840} INFO - DAG(s) 'example_nested_branch_dag' retrieved from /home/airflow/.local/lib/python3.8/site-packages/airflow/example_dags/example_nested_branch_dag.py
[2026-07-06T16:36:17.834+0000] {logging_mixin.py:188} INFO - [2026-07-06T16:36:17.833+0000] {dag.py:3036} INFO - Sync 1 DAGs
[2026-07-06T16:36:17.902+0000] {logging_mixin.py:188} INFO - [2026-07-06T16:36:17.901+0000] {dag.py:3823} INFO - Setting next_dagrun for example_nested_branch_dag to 2026-07-05 00:00:00+00:00, run_after=2026-07-06 00:00:00+00:00
[2026-07-06T16:36:17.961+0000] {processor.py:183} INFO - Processing /home/airflow/.local/lib/python3.8/site-packages/airflow/example_dags/example_nested_branch_dag.py took 0.237 seconds
[2026-07-06T16:36:49.289+0000] {processor.py:161} INFO - Started process (PID=1755) to work on /home/airflow/.local/lib/python3.8/site-packages/airflow/example_dags/example_nested_branch_dag.py
[2026-07-06T16:36:49.291+0000] {processor.py:830} INFO - Processing file /home/airflow/.local/lib/python3.8/site-packages/airflow/example_dags/example_nested_branch_dag.py for tasks to queue
[2026-07-06T16:36:49.321+0000] {logging_mixin.py:188} INFO - [2026-07-06T16:36:49.320+0000] {dagbag.py:538} INFO - Filling up the DagBag from /home/airflow/.local/lib/python3.8/site-packages/airflow/example_dags/example_nested_branch_dag.py
[2026-07-06T16:36:49.391+0000] {processor.py:840} INFO - DAG(s) 'example_nested_branch_dag' retrieved from /home/airflow/.local/lib/python3.8/site-packages/airflow/example_dags/example_nested_branch_dag.py
[2026-07-06T16:36:49.536+0000] {logging_mixin.py:188} INFO - [2026-07-06T16:36:49.535+0000] {dag.py:3036} INFO - Sync 1 DAGs
[2026-07-06T16:36:49.655+0000] {logging_mixin.py:188} INFO - [2026-07-06T16:36:49.654+0000] {dag.py:3823} INFO - Setting next_dagrun for example_nested_branch_dag to 2026-07-05 00:00:00+00:00, run_after=2026-07-06 00:00:00+00:00
[2026-07-06T16:36:49.856+0000] {processor.py:183} INFO - Processing /home/airflow/.local/lib/python3.8/site-packages/airflow/example_dags/example_nested_branch_dag.py took 0.613 seconds
[2026-07-06T16:37:20.216+0000] {processor.py:161} INFO - Started process (PID=1813) to work on /home/airflow/.local/lib/python3.8/site-packages/airflow/example_dags/example_nested_branch_dag.py
[2026-07-06T16:37:20.219+0000] {processor.py:830} INFO - Processing file /home/airflow/.local/lib/python3.8/site-packages/airflow/example_dags/example_nested_branch_dag.py for tasks to queue
[2026-07-06T16:37:20.224+0000] {logging_mixin.py:188} INFO - [2026-07-06T16:37:20.223+0000] {dagbag.py:538} INFO - Filling up the DagBag from /home/airflow/.local/lib/python3.8/site-packages/airflow/example_dags/example_nested_branch_dag.py
[2026-07-06T16:37:20.254+0000] {processor.py:840} INFO - DAG(s) 'example_nested_branch_dag' retrieved from /home/airflow/.local/lib/python3.8/site-packages/airflow/example_dags/example_nested_branch_dag.py
[2026-07-06T16:37:20.319+0000] {logging_mixin.py:188} INFO - [2026-07-06T16:37:20.318+0000] {dag.py:3036} INFO - Sync 1 DAGs
[2026-07-06T16:37:20.383+0000] {logging_mixin.py:188} INFO - [2026-07-06T16:37:20.382+0000] {dag.py:3823} INFO - Setting next_dagrun for example_nested_branch_dag to 2026-07-05 00:00:00+00:00, run_after=2026-07-06 00:00:00+00:00
[2026-07-06T16:37:20.426+0000] {processor.py:183} INFO - Processing /home/airflow/.local/lib/python3.8/site-packages/airflow/example_dags/example_nested_branch_dag.py took 0.218 seconds
[2026-07-06T16:37:51.078+0000] {processor.py:161} INFO - Started process (PID=1880) to work on /home/airflow/.local/lib/python3.8/site-packages/airflow/example_dags/example_nested_branch_dag.py
[2026-07-06T16:37:51.082+0000] {processor.py:830} INFO - Processing file /home/airflow/.local/lib/python3.8/site-packages/airflow/example_dags/example_nested_branch_dag.py for tasks to queue
[2026-07-06T16:37:51.087+0000] {logging_mixin.py:188} INFO - [2026-07-06T16:37:51.086+0000] {dagbag.py:538} INFO - Filling up the DagBag from /home/airflow/.local/lib/python3.8/site-packages/airflow/example_dags/example_nested_branch_dag.py
[2026-07-06T16:37:51.151+0000] {processor.py:840} INFO - DAG(s) 'example_nested_branch_dag' retrieved from /home/airflow/.local/lib/python3.8/site-packages/airflow/example_dags/example_nested_branch_dag.py
[2026-07-06T16:37:51.380+0000] {logging_mixin.py:188} INFO - [2026-07-06T16:37:51.379+0000] {dag.py:3036} INFO - Sync 1 DAGs
[2026-07-06T16:37:51.544+0000] {logging_mixin.py:188} INFO - [2026-07-06T16:37:51.544+0000] {dag.py:3823} INFO - Setting next_dagrun for example_nested_branch_dag to 2026-07-05 00:00:00+00:00, run_after=2026-07-06 00:00:00+00:00
[2026-07-06T16:37:51.689+0000] {processor.py:183} INFO - Processing /home/airflow/.local/lib/python3.8/site-packages/airflow/example_dags/example_nested_branch_dag.py took 0.625 seconds
[2026-07-06T16:38:22.058+0000] {processor.py:161} INFO - Started process (PID=1945) to work on /home/airflow/.local/lib/python3.8/site-packages/airflow/example_dags/example_nested_branch_dag.py
[2026-07-06T16:38:22.060+0000] {processor.py:830} INFO - Processing file /home/airflow/.local/lib/python3.8/site-packages/airflow/example_dags/example_nested_branch_dag.py for tasks to queue
[2026-07-06T16:38:22.064+0000] {logging_mixin.py:188} INFO - [2026-07-06T16:38:22.063+0000] {dagbag.py:538} INFO - Filling up the DagBag from /home/airflow/.local/lib/python3.8/site-packages/airflow/example_dags/example_nested_branch_dag.py
[2026-07-06T16:38:22.088+0000] {processor.py:840} INFO - DAG(s) 'example_nested_branch_dag' retrieved from /home/airflow/.local/lib/python3.8/site-packages/airflow/example_dags/example_nested_branch_dag.py
[2026-07-06T16:38:22.134+0000] {logging_mixin.py:188} INFO - [2026-07-06T16:38:22.134+0000] {dag.py:3036} INFO - Sync 1 DAGs
[2026-07-06T16:38:22.187+0000] {logging_mixin.py:188} INFO - [2026-07-06T16:38:22.186+0000] {dag.py:3823} INFO - Setting next_dagrun for example_nested_branch_dag to 2026-07-05 00:00:00+00:00, run_after=2026-07-06 00:00:00+00:00
[2026-07-06T16:38:22.224+0000] {processor.py:183} INFO - Processing /home/airflow/.local/lib/python3.8/site-packages/airflow/example_dags/example_nested_branch_dag.py took 0.176 seconds
[2026-07-06T16:38:52.778+0000] {processor.py:161} INFO - Started process (PID=2013) to work on /home/airflow/.local/lib/python3.8/site-packages/airflow/example_dags/example_nested_branch_dag.py
[2026-07-06T16:38:52.781+0000] {processor.py:830} INFO - Processing file /home/airflow/.local/lib/python3.8/site-packages/airflow/example_dags/example_nested_branch_dag.py for tasks to queue
[2026-07-06T16:38:52.785+0000] {logging_mixin.py:188} INFO - [2026-07-06T16:38:52.784+0000] {dagbag.py:538} INFO - Filling up the DagBag from /home/airflow/.local/lib/python3.8/site-packages/airflow/example_dags/example_nested_branch_dag.py
[2026-07-06T16:38:52.814+0000] {processor.py:840} INFO - DAG(s) 'example_nested_branch_dag' retrieved from /home/airflow/.local/lib/python3.8/site-packages/airflow/example_dags/example_nested_branch_dag.py
[2026-07-06T16:38:52.865+0000] {logging_mixin.py:188} INFO - [2026-07-06T16:38:52.865+0000] {dag.py:3036} INFO - Sync 1 DAGs
[2026-07-06T16:38:52.928+0000] {logging_mixin.py:188} INFO - [2026-07-06T16:38:52.927+0000] {dag.py:3823} INFO - Setting next_dagrun for example_nested_branch_dag to 2026-07-05 00:00:00+00:00, run_after=2026-07-06 00:00:00+00:00
[2026-07-06T16:38:52.971+0000] {processor.py:183} INFO - Processing /home/airflow/.local/lib/python3.8/site-packages/airflow/example_dags/example_nested_branch_dag.py took 0.205 seconds
[2026-07-06T16:39:23.823+0000] {processor.py:161} INFO - Started process (PID=2079) to work on /home/airflow/.local/lib/python3.8/site-packages/airflow/example_dags/example_nested_branch_dag.py
[2026-07-06T16:39:23.825+0000] {processor.py:830} INFO - Processing file /home/airflow/.local/lib/python3.8/site-packages/airflow/example_dags/example_nested_branch_dag.py for tasks to queue
[2026-07-06T16:39:23.830+0000] {logging_mixin.py:188} INFO - [2026-07-06T16:39:23.829+0000] {dagbag.py:538} INFO - Filling up the DagBag from /home/airflow/.local/lib/python3.8/site-packages/airflow/example_dags/example_nested_branch_dag.py
[2026-07-06T16:39:23.857+0000] {processor.py:840} INFO - DAG(s) 'example_nested_branch_dag' retrieved from /home/airflow/.local/lib/python3.8/site-packages/airflow/example_dags/example_nested_branch_dag.py
[2026-07-06T16:39:23.916+0000] {logging_mixin.py:188} INFO - [2026-07-06T16:39:23.915+0000] {dag.py:3036} INFO - Sync 1 DAGs
[2026-07-06T16:39:23.977+0000] {logging_mixin.py:188} INFO - [2026-07-06T16:39:23.976+0000] {dag.py:3823} INFO - Setting next_dagrun for example_nested_branch_dag to 2026-07-05 00:00:00+00:00, run_after=2026-07-06 00:00:00+00:00
[2026-07-06T16:39:24.042+0000] {processor.py:183} INFO - Processing /home/airflow/.local/lib/python3.8/site-packages/airflow/example_dags/example_nested_branch_dag.py took 0.228 seconds
[2026-07-06T16:39:58.461+0000] {processor.py:161} INFO - Started process (PID=2146) to work on /home/airflow/.local/lib/python3.8/site-packages/airflow/example_dags/example_nested_branch_dag.py
[2026-07-06T16:39:58.487+0000] {processor.py:830} INFO - Processing file /home/airflow/.local/lib/python3.8/site-packages/airflow/example_dags/example_nested_branch_dag.py for tasks to queue
[2026-07-06T16:39:58.511+0000] {logging_mixin.py:188} INFO - [2026-07-06T16:39:58.510+0000] {dagbag.py:538} INFO - Filling up the DagBag from /home/airflow/.local/lib/python3.8/site-packages/airflow/example_dags/example_nested_branch_dag.py
[2026-07-06T16:39:58.619+0000] {processor.py:840} INFO - DAG(s) 'example_nested_branch_dag' retrieved from /home/airflow/.local/lib/python3.8/site-packages/airflow/example_dags/example_nested_branch_dag.py
[2026-07-06T16:39:58.744+0000] {logging_mixin.py:188} INFO - [2026-07-06T16:39:58.743+0000] {dag.py:3036} INFO - Sync 1 DAGs
[2026-07-06T16:39:59.583+0000] {logging_mixin.py:188} INFO - [2026-07-06T16:39:59.581+0000] {dag.py:3823} INFO - Setting next_dagrun for example_nested_branch_dag to 2026-07-05 00:00:00+00:00, run_after=2026-07-06 00:00:00+00:00
[2026-07-06T16:39:59.924+0000] {processor.py:183} INFO - Processing /home/airflow/.local/lib/python3.8/site-packages/airflow/example_dags/example_nested_branch_dag.py took 1.485 seconds
[2026-07-06T16:40:30.161+0000] {processor.py:161} INFO - Started process (PID=2205) to work on /home/airflow/.local/lib/python3.8/site-packages/airflow/example_dags/example_nested_branch_dag.py
[2026-07-06T16:40:30.164+0000] {processor.py:830} INFO - Processing file /home/airflow/.local/lib/python3.8/site-packages/airflow/example_dags/example_nested_branch_dag.py for tasks to queue
[2026-07-06T16:40:30.171+0000] {logging_mixin.py:188} INFO - [2026-07-06T16:40:30.170+0000] {dagbag.py:538} INFO - Filling up the DagBag from /home/airflow/.local/lib/python3.8/site-packages/airflow/example_dags/example_nested_branch_dag.py
[2026-07-06T16:40:30.217+0000] {processor.py:840} INFO - DAG(s) 'example_nested_branch_dag' retrieved from /home/airflow/.local/lib/python3.8/site-packages/airflow/example_dags/example_nested_branch_dag.py
[2026-07-06T16:40:30.295+0000] {logging_mixin.py:188} INFO - [2026-07-06T16:40:30.295+0000] {dag.py:3036} INFO - Sync 1 DAGs
[2026-07-06T16:40:30.360+0000] {logging_mixin.py:188} INFO - [2026-07-06T16:40:30.359+0000] {dag.py:3823} INFO - Setting next_dagrun for example_nested_branch_dag to 2026-07-05 00:00:00+00:00, run_after=2026-07-06 00:00:00+00:00
[2026-07-06T16:40:30.413+0000] {processor.py:183} INFO - Processing /home/airflow/.local/lib/python3.8/site-packages/airflow/example_dags/example_nested_branch_dag.py took 0.269 seconds
[2026-07-06T16:41:01.254+0000] {processor.py:161} INFO - Started process (PID=2271) to work on /home/airflow/.local/lib/python3.8/site-packages/airflow/example_dags/example_nested_branch_dag.py
[2026-07-06T16:41:01.258+0000] {processor.py:830} INFO - Processing file /home/airflow/.local/lib/python3.8/site-packages/airflow/example_dags/example_nested_branch_dag.py for tasks to queue
[2026-07-06T16:41:01.264+0000] {logging_mixin.py:188} INFO - [2026-07-06T16:41:01.263+0000] {dagbag.py:538} INFO - Filling up the DagBag from /home/airflow/.local/lib/python3.8/site-packages/airflow/example_dags/example_nested_branch_dag.py
[2026-07-06T16:41:01.299+0000] {processor.py:840} INFO - DAG(s) 'example_nested_branch_dag' retrieved from /home/airflow/.local/lib/python3.8/site-packages/airflow/example_dags/example_nested_branch_dag.py
[2026-07-06T16:41:01.373+0000] {logging_mixin.py:188} INFO - [2026-07-06T16:41:01.372+0000] {dag.py:3036} INFO - Sync 1 DAGs
[2026-07-06T16:41:01.441+0000] {logging_mixin.py:188} INFO - [2026-07-06T16:41:01.441+0000] {dag.py:3823} INFO - Setting next_dagrun for example_nested_branch_dag to 2026-07-05 00:00:00+00:00, run_after=2026-07-06 00:00:00+00:00
[2026-07-06T16:41:01.487+0000] {processor.py:183} INFO - Processing /home/airflow/.local/lib/python3.8/site-packages/airflow/example_dags/example_nested_branch_dag.py took 0.244 seconds
[2026-07-06T16:41:32.217+0000] {processor.py:161} INFO - Started process (PID=2337) to work on /home/airflow/.local/lib/python3.8/site-packages/airflow/example_dags/example_nested_branch_dag.py
[2026-07-06T16:41:32.219+0000] {processor.py:830} INFO - Processing file /home/airflow/.local/lib/python3.8/site-packages/airflow/example_dags/example_nested_branch_dag.py for tasks to queue
[2026-07-06T16:41:32.224+0000] {logging_mixin.py:188} INFO - [2026-07-06T16:41:32.223+0000] {dagbag.py:538} INFO - Filling up the DagBag from /home/airflow/.local/lib/python3.8/site-packages/airflow/example_dags/example_nested_branch_dag.py
[2026-07-06T16:41:32.251+0000] {processor.py:840} INFO - DAG(s) 'example_nested_branch_dag' retrieved from /home/airflow/.local/lib/python3.8/site-packages/airflow/example_dags/example_nested_branch_dag.py
[2026-07-06T16:41:32.301+0000] {logging_mixin.py:188} INFO - [2026-07-06T16:41:32.300+0000] {dag.py:3036} INFO - Sync 1 DAGs
[2026-07-06T16:41:32.377+0000] {logging_mixin.py:188} INFO - [2026-07-06T16:41:32.376+0000] {dag.py:3823} INFO - Setting next_dagrun for example_nested_branch_dag to 2026-07-05 00:00:00+00:00, run_after=2026-07-06 00:00:00+00:00
[2026-07-06T16:41:32.426+0000] {processor.py:183} INFO - Processing /home/airflow/.local/lib/python3.8/site-packages/airflow/example_dags/example_nested_branch_dag.py took 0.220 seconds
[2026-07-06T16:42:02.707+0000] {processor.py:161} INFO - Started process (PID=2403) to work on /home/airflow/.local/lib/python3.8/site-packages/airflow/example_dags/example_nested_branch_dag.py
[2026-07-06T16:42:02.710+0000] {processor.py:830} INFO - Processing file /home/airflow/.local/lib/python3.8/site-packages/airflow/example_dags/example_nested_branch_dag.py for tasks to queue
[2026-07-06T16:42:02.715+0000] {logging_mixin.py:188} INFO - [2026-07-06T16:42:02.715+0000] {dagbag.py:538} INFO - Filling up the DagBag from /home/airflow/.local/lib/python3.8/site-packages/airflow/example_dags/example_nested_branch_dag.py
[2026-07-06T16:42:02.740+0000] {processor.py:840} INFO - DAG(s) 'example_nested_branch_dag' retrieved from /home/airflow/.local/lib/python3.8/site-packages/airflow/example_dags/example_nested_branch_dag.py
[2026-07-06T16:42:02.811+0000] {logging_mixin.py:188} INFO - [2026-07-06T16:42:02.810+0000] {dag.py:3036} INFO - Sync 1 DAGs
[2026-07-06T16:42:02.889+0000] {logging_mixin.py:188} INFO - [2026-07-06T16:42:02.888+0000] {dag.py:3823} INFO - Setting next_dagrun for example_nested_branch_dag to 2026-07-05 00:00:00+00:00, run_after=2026-07-06 00:00:00+00:00
[2026-07-06T16:42:02.946+0000] {processor.py:183} INFO - Processing /home/airflow/.local/lib/python3.8/site-packages/airflow/example_dags/example_nested_branch_dag.py took 0.247 seconds
[2026-07-06T16:42:33.150+0000] {processor.py:161} INFO - Started process (PID=2469) to work on /home/airflow/.local/lib/python3.8/site-packages/airflow/example_dags/example_nested_branch_dag.py
[2026-07-06T16:42:33.157+0000] {processor.py:830} INFO - Processing file /home/airflow/.local/lib/python3.8/site-packages/airflow/example_dags/example_nested_branch_dag.py for tasks to queue
[2026-07-06T16:42:33.162+0000] {logging_mixin.py:188} INFO - [2026-07-06T16:42:33.161+0000] {dagbag.py:538} INFO - Filling up the DagBag from /home/airflow/.local/lib/python3.8/site-packages/airflow/example_dags/example_nested_branch_dag.py
[2026-07-06T16:42:33.195+0000] {processor.py:840} INFO - DAG(s) 'example_nested_branch_dag' retrieved from /home/airflow/.local/lib/python3.8/site-packages/airflow/example_dags/example_nested_branch_dag.py
[2026-07-06T16:42:33.270+0000] {logging_mixin.py:188} INFO - [2026-07-06T16:42:33.269+0000] {dag.py:3036} INFO - Sync 1 DAGs
[2026-07-06T16:42:33.336+0000] {logging_mixin.py:188} INFO - [2026-07-06T16:42:33.336+0000] {dag.py:3823} INFO - Setting next_dagrun for example_nested_branch_dag to 2026-07-05 00:00:00+00:00, run_after=2026-07-06 00:00:00+00:00
[2026-07-06T16:42:33.387+0000] {processor.py:183} INFO - Processing /home/airflow/.local/lib/python3.8/site-packages/airflow/example_dags/example_nested_branch_dag.py took 0.250 seconds
[2026-07-06T16:43:04.990+0000] {processor.py:161} INFO - Started process (PID=2535) to work on /home/airflow/.local/lib/python3.8/site-packages/airflow/example_dags/example_nested_branch_dag.py
[2026-07-06T16:43:04.995+0000] {processor.py:830} INFO - Processing file /home/airflow/.local/lib/python3.8/site-packages/airflow/example_dags/example_nested_branch_dag.py for tasks to queue
[2026-07-06T16:43:05.003+0000] {logging_mixin.py:188} INFO - [2026-07-06T16:43:05.002+0000] {dagbag.py:538} INFO - Filling up the DagBag from /home/airflow/.local/lib/python3.8/site-packages/airflow/example_dags/example_nested_branch_dag.py
[2026-07-06T16:43:05.061+0000] {processor.py:840} INFO - DAG(s) 'example_nested_branch_dag' retrieved from /home/airflow/.local/lib/python3.8/site-packages/airflow/example_dags/example_nested_branch_dag.py
[2026-07-06T16:43:05.168+0000] {logging_mixin.py:188} INFO - [2026-07-06T16:43:05.167+0000] {dag.py:3036} INFO - Sync 1 DAGs
[2026-07-06T16:43:05.287+0000] {logging_mixin.py:188} INFO - [2026-07-06T16:43:05.286+0000] {dag.py:3823} INFO - Setting next_dagrun for example_nested_branch_dag to 2026-07-05 00:00:00+00:00, run_after=2026-07-06 00:00:00+00:00
[2026-07-06T16:43:05.365+0000] {processor.py:183} INFO - Processing /home/airflow/.local/lib/python3.8/site-packages/airflow/example_dags/example_nested_branch_dag.py took 0.393 seconds
[2026-07-06T16:43:35.467+0000] {processor.py:161} INFO - Started process (PID=2593) to work on /home/airflow/.local/lib/python3.8/site-packages/airflow/example_dags/example_nested_branch_dag.py
[2026-07-06T16:43:35.469+0000] {processor.py:830} INFO - Processing file /home/airflow/.local/lib/python3.8/site-packages/airflow/example_dags/example_nested_branch_dag.py for tasks to queue
[2026-07-06T16:43:35.473+0000] {logging_mixin.py:188} INFO - [2026-07-06T16:43:35.472+0000] {dagbag.py:538} INFO - Filling up the DagBag from /home/airflow/.local/lib/python3.8/site-packages/airflow/example_dags/example_nested_branch_dag.py
[2026-07-06T16:43:35.495+0000] {processor.py:840} INFO - DAG(s) 'example_nested_branch_dag' retrieved from /home/airflow/.local/lib/python3.8/site-packages/airflow/example_dags/example_nested_branch_dag.py
[2026-07-06T16:43:35.539+0000] {logging_mixin.py:188} INFO - [2026-07-06T16:43:35.538+0000] {dag.py:3036} INFO - Sync 1 DAGs
[2026-07-06T16:43:35.584+0000] {logging_mixin.py:188} INFO - [2026-07-06T16:43:35.583+0000] {dag.py:3823} INFO - Setting next_dagrun for example_nested_branch_dag to 2026-07-05 00:00:00+00:00, run_after=2026-07-06 00:00:00+00:00
[2026-07-06T16:43:35.628+0000] {processor.py:183} INFO - Processing /home/airflow/.local/lib/python3.8/site-packages/airflow/example_dags/example_nested_branch_dag.py took 0.170 seconds
[2026-07-06T16:44:06.095+0000] {processor.py:161} INFO - Started process (PID=2659) to work on /home/airflow/.local/lib/python3.8/site-packages/airflow/example_dags/example_nested_branch_dag.py
[2026-07-06T16:44:06.103+0000] {processor.py:830} INFO - Processing file /home/airflow/.local/lib/python3.8/site-packages/airflow/example_dags/example_nested_branch_dag.py for tasks to queue
[2026-07-06T16:44:06.107+0000] {logging_mixin.py:188} INFO - [2026-07-06T16:44:06.106+0000] {dagbag.py:538} INFO - Filling up the DagBag from /home/airflow/.local/lib/python3.8/site-packages/airflow/example_dags/example_nested_branch_dag.py
[2026-07-06T16:44:06.128+0000] {processor.py:840} INFO - DAG(s) 'example_nested_branch_dag' retrieved from /home/airflow/.local/lib/python3.8/site-packages/airflow/example_dags/example_nested_branch_dag.py
[2026-07-06T16:44:06.177+0000] {logging_mixin.py:188} INFO - [2026-07-06T16:44:06.177+0000] {dag.py:3036} INFO - Sync 1 DAGs
[2026-07-06T16:44:06.226+0000] {logging_mixin.py:188} INFO - [2026-07-06T16:44:06.226+0000] {dag.py:3823} INFO - Setting next_dagrun for example_nested_branch_dag to 2026-07-05 00:00:00+00:00, run_after=2026-07-06 00:00:00+00:00
[2026-07-06T16:44:06.272+0000] {processor.py:183} INFO - Processing /home/airflow/.local/lib/python3.8/site-packages/airflow/example_dags/example_nested_branch_dag.py took 0.187 seconds
[2026-07-06T16:44:36.942+0000] {processor.py:161} INFO - Started process (PID=2724) to work on /home/airflow/.local/lib/python3.8/site-packages/airflow/example_dags/example_nested_branch_dag.py
[2026-07-06T16:44:36.945+0000] {processor.py:830} INFO - Processing file /home/airflow/.local/lib/python3.8/site-packages/airflow/example_dags/example_nested_branch_dag.py for tasks to queue
[2026-07-06T16:44:36.950+0000] {logging_mixin.py:188} INFO - [2026-07-06T16:44:36.949+0000] {dagbag.py:538} INFO - Filling up the DagBag from /home/airflow/.local/lib/python3.8/site-packages/airflow/example_dags/example_nested_branch_dag.py
[2026-07-06T16:44:36.972+0000] {processor.py:840} INFO - DAG(s) 'example_nested_branch_dag' retrieved from /home/airflow/.local/lib/python3.8/site-packages/airflow/example_dags/example_nested_branch_dag.py
[2026-07-06T16:44:37.029+0000] {logging_mixin.py:188} INFO - [2026-07-06T16:44:37.028+0000] {dag.py:3036} INFO - Sync 1 DAGs
[2026-07-06T16:44:37.082+0000] {logging_mixin.py:188} INFO - [2026-07-06T16:44:37.082+0000] {dag.py:3823} INFO - Setting next_dagrun for example_nested_branch_dag to 2026-07-05 00:00:00+00:00, run_after=2026-07-06 00:00:00+00:00
[2026-07-06T16:44:37.124+0000] {processor.py:183} INFO - Processing /home/airflow/.local/lib/python3.8/site-packages/airflow/example_dags/example_nested_branch_dag.py took 0.191 seconds
[2026-07-06T16:45:07.792+0000] {processor.py:161} INFO - Started process (PID=2791) to work on /home/airflow/.local/lib/python3.8/site-packages/airflow/example_dags/example_nested_branch_dag.py
[2026-07-06T16:45:07.795+0000] {processor.py:830} INFO - Processing file /home/airflow/.local/lib/python3.8/site-packages/airflow/example_dags/example_nested_branch_dag.py for tasks to queue
[2026-07-06T16:45:07.800+0000] {logging_mixin.py:188} INFO - [2026-07-06T16:45:07.799+0000] {dagbag.py:538} INFO - Filling up the DagBag from /home/airflow/.local/lib/python3.8/site-packages/airflow/example_dags/example_nested_branch_dag.py
[2026-07-06T16:45:07.837+0000] {processor.py:840} INFO - DAG(s) 'example_nested_branch_dag' retrieved from /home/airflow/.local/lib/python3.8/site-packages/airflow/example_dags/example_nested_branch_dag.py
[2026-07-06T16:45:07.935+0000] {logging_mixin.py:188} INFO - [2026-07-06T16:45:07.935+0000] {dag.py:3036} INFO - Sync 1 DAGs
[2026-07-06T16:45:08.028+0000] {logging_mixin.py:188} INFO - [2026-07-06T16:45:08.027+0000] {dag.py:3823} INFO - Setting next_dagrun for example_nested_branch_dag to 2026-07-05 00:00:00+00:00, run_after=2026-07-06 00:00:00+00:00
[2026-07-06T16:45:08.106+0000] {processor.py:183} INFO - Processing /home/airflow/.local/lib/python3.8/site-packages/airflow/example_dags/example_nested_branch_dag.py took 0.324 seconds
[2026-07-06T16:45:38.715+0000] {processor.py:161} INFO - Started process (PID=2857) to work on /home/airflow/.local/lib/python3.8/site-packages/airflow/example_dags/example_nested_branch_dag.py
[2026-07-06T16:45:38.720+0000] {processor.py:830} INFO - Processing file /home/airflow/.local/lib/python3.8/site-packages/airflow/example_dags/example_nested_branch_dag.py for tasks to queue
[2026-07-06T16:45:38.725+0000] {logging_mixin.py:188} INFO - [2026-07-06T16:45:38.724+0000] {dagbag.py:538} INFO - Filling up the DagBag from /home/airflow/.local/lib/python3.8/site-packages/airflow/example_dags/example_nested_branch_dag.py
[2026-07-06T16:45:38.753+0000] {processor.py:840} INFO - DAG(s) 'example_nested_branch_dag' retrieved from /home/airflow/.local/lib/python3.8/site-packages/airflow/example_dags/example_nested_branch_dag.py
[2026-07-06T16:45:38.814+0000] {logging_mixin.py:188} INFO - [2026-07-06T16:45:38.813+0000] {dag.py:3036} INFO - Sync 1 DAGs
[2026-07-06T16:45:38.874+0000] {logging_mixin.py:188} INFO - [2026-07-06T16:45:38.873+0000] {dag.py:3823} INFO - Setting next_dagrun for example_nested_branch_dag to 2026-07-05 00:00:00+00:00, run_after=2026-07-06 00:00:00+00:00
[2026-07-06T16:45:38.918+0000] {processor.py:183} INFO - Processing /home/airflow/.local/lib/python3.8/site-packages/airflow/example_dags/example_nested_branch_dag.py took 0.213 seconds
[2026-07-06T16:46:09.147+0000] {processor.py:161} INFO - Started process (PID=2923) to work on /home/airflow/.local/lib/python3.8/site-packages/airflow/example_dags/example_nested_branch_dag.py
[2026-07-06T16:46:09.150+0000] {processor.py:830} INFO - Processing file /home/airflow/.local/lib/python3.8/site-packages/airflow/example_dags/example_nested_branch_dag.py for tasks to queue
[2026-07-06T16:46:09.155+0000] {logging_mixin.py:188} INFO - [2026-07-06T16:46:09.154+0000] {dagbag.py:538} INFO - Filling up the DagBag from /home/airflow/.local/lib/python3.8/site-packages/airflow/example_dags/example_nested_branch_dag.py
[2026-07-06T16:46:09.182+0000] {processor.py:840} INFO - DAG(s) 'example_nested_branch_dag' retrieved from /home/airflow/.local/lib/python3.8/site-packages/airflow/example_dags/example_nested_branch_dag.py
[2026-07-06T16:46:09.269+0000] {logging_mixin.py:188} INFO - [2026-07-06T16:46:09.268+0000] {dag.py:3036} INFO - Sync 1 DAGs
[2026-07-06T16:46:09.330+0000] {logging_mixin.py:188} INFO - [2026-07-06T16:46:09.329+0000] {dag.py:3823} INFO - Setting next_dagrun for example_nested_branch_dag to 2026-07-05 00:00:00+00:00, run_after=2026-07-06 00:00:00+00:00
[2026-07-06T16:46:09.390+0000] {processor.py:183} INFO - Processing /home/airflow/.local/lib/python3.8/site-packages/airflow/example_dags/example_nested_branch_dag.py took 0.255 seconds
[2026-07-06T16:46:39.921+0000] {processor.py:161} INFO - Started process (PID=2990) to work on /home/airflow/.local/lib/python3.8/site-packages/airflow/example_dags/example_nested_branch_dag.py
[2026-07-06T16:46:39.923+0000] {processor.py:830} INFO - Processing file /home/airflow/.local/lib/python3.8/site-packages/airflow/example_dags/example_nested_branch_dag.py for tasks to queue
[2026-07-06T16:46:39.927+0000] {logging_mixin.py:188} INFO - [2026-07-06T16:46:39.926+0000] {dagbag.py:538} INFO - Filling up the DagBag from /home/airflow/.local/lib/python3.8/site-packages/airflow/example_dags/example_nested_branch_dag.py
[2026-07-06T16:46:39.950+0000] {processor.py:840} INFO - DAG(s) 'example_nested_branch_dag' retrieved from /home/airflow/.local/lib/python3.8/site-packages/airflow/example_dags/example_nested_branch_dag.py
[2026-07-06T16:46:39.999+0000] {logging_mixin.py:188} INFO - [2026-07-06T16:46:39.999+0000] {dag.py:3036} INFO - Sync 1 DAGs
[2026-07-06T16:46:40.050+0000] {logging_mixin.py:188} INFO - [2026-07-06T16:46:40.050+0000] {dag.py:3823} INFO - Setting next_dagrun for example_nested_branch_dag to 2026-07-05 00:00:00+00:00, run_after=2026-07-06 00:00:00+00:00
[2026-07-06T16:46:40.089+0000] {processor.py:183} INFO - Processing /home/airflow/.local/lib/python3.8/site-packages/airflow/example_dags/example_nested_branch_dag.py took 0.177 seconds
[2026-07-06T16:47:10.812+0000] {processor.py:161} INFO - Started process (PID=3055) to work on /home/airflow/.local/lib/python3.8/site-packages/airflow/example_dags/example_nested_branch_dag.py
[2026-07-06T16:47:10.820+0000] {processor.py:830} INFO - Processing file /home/airflow/.local/lib/python3.8/site-packages/airflow/example_dags/example_nested_branch_dag.py for tasks to queue
[2026-07-06T16:47:10.825+0000] {logging_mixin.py:188} INFO - [2026-07-06T16:47:10.824+0000] {dagbag.py:538} INFO - Filling up the DagBag from /home/airflow/.local/lib/python3.8/site-packages/airflow/example_dags/example_nested_branch_dag.py
[2026-07-06T16:47:10.856+0000] {processor.py:840} INFO - DAG(s) 'example_nested_branch_dag' retrieved from /home/airflow/.local/lib/python3.8/site-packages/airflow/example_dags/example_nested_branch_dag.py
[2026-07-06T16:47:10.926+0000] {logging_mixin.py:188} INFO - [2026-07-06T16:47:10.926+0000] {dag.py:3036} INFO - Sync 1 DAGs
[2026-07-06T16:47:10.994+0000] {logging_mixin.py:188} INFO - [2026-07-06T16:47:10.993+0000] {dag.py:3823} INFO - Setting next_dagrun for example_nested_branch_dag to 2026-07-05 00:00:00+00:00, run_after=2026-07-06 00:00:00+00:00
[2026-07-06T16:47:11.037+0000] {processor.py:183} INFO - Processing /home/airflow/.local/lib/python3.8/site-packages/airflow/example_dags/example_nested_branch_dag.py took 0.236 seconds
[2026-07-06T16:47:41.358+0000] {processor.py:161} INFO - Started process (PID=3120) to work on /home/airflow/.local/lib/python3.8/site-packages/airflow/example_dags/example_nested_branch_dag.py
[2026-07-06T16:47:41.361+0000] {processor.py:830} INFO - Processing file /home/airflow/.local/lib/python3.8/site-packages/airflow/example_dags/example_nested_branch_dag.py for tasks to queue
[2026-07-06T16:47:41.366+0000] {logging_mixin.py:188} INFO - [2026-07-06T16:47:41.365+0000] {dagbag.py:538} INFO - Filling up the DagBag from /home/airflow/.local/lib/python3.8/site-packages/airflow/example_dags/example_nested_branch_dag.py
[2026-07-06T16:47:41.395+0000] {processor.py:840} INFO - DAG(s) 'example_nested_branch_dag' retrieved from /home/airflow/.local/lib/python3.8/site-packages/airflow/example_dags/example_nested_branch_dag.py
[2026-07-06T16:47:41.460+0000] {logging_mixin.py:188} INFO - [2026-07-06T16:47:41.459+0000] {dag.py:3036} INFO - Sync 1 DAGs
[2026-07-06T16:47:41.514+0000] {logging_mixin.py:188} INFO - [2026-07-06T16:47:41.514+0000] {dag.py:3823} INFO - Setting next_dagrun for example_nested_branch_dag to 2026-07-05 00:00:00+00:00, run_after=2026-07-06 00:00:00+00:00
[2026-07-06T16:47:41.555+0000] {processor.py:183} INFO - Processing /home/airflow/.local/lib/python3.8/site-packages/airflow/example_dags/example_nested_branch_dag.py took 0.207 seconds
[2026-07-06T16:48:11.729+0000] {processor.py:161} INFO - Started process (PID=3179) to work on /home/airflow/.local/lib/python3.8/site-packages/airflow/example_dags/example_nested_branch_dag.py
[2026-07-06T16:48:11.731+0000] {processor.py:830} INFO - Processing file /home/airflow/.local/lib/python3.8/site-packages/airflow/example_dags/example_nested_branch_dag.py for tasks to queue
[2026-07-06T16:48:11.735+0000] {logging_mixin.py:188} INFO - [2026-07-06T16:48:11.734+0000] {dagbag.py:538} INFO - Filling up the DagBag from /home/airflow/.local/lib/python3.8/site-packages/airflow/example_dags/example_nested_branch_dag.py
[2026-07-06T16:48:11.757+0000] {processor.py:840} INFO - DAG(s) 'example_nested_branch_dag' retrieved from /home/airflow/.local/lib/python3.8/site-packages/airflow/example_dags/example_nested_branch_dag.py
[2026-07-06T16:48:11.803+0000] {logging_mixin.py:188} INFO - [2026-07-06T16:48:11.803+0000] {dag.py:3036} INFO - Sync 1 DAGs
[2026-07-06T16:48:11.855+0000] {logging_mixin.py:188} INFO - [2026-07-06T16:48:11.855+0000] {dag.py:3823} INFO - Setting next_dagrun for example_nested_branch_dag to 2026-07-05 00:00:00+00:00, run_after=2026-07-06 00:00:00+00:00
[2026-07-06T16:48:11.903+0000] {processor.py:183} INFO - Processing /home/airflow/.local/lib/python3.8/site-packages/airflow/example_dags/example_nested_branch_dag.py took 0.182 seconds
[2026-07-06T16:48:42.700+0000] {processor.py:161} INFO - Started process (PID=3245) to work on /home/airflow/.local/lib/python3.8/site-packages/airflow/example_dags/example_nested_branch_dag.py
[2026-07-06T16:48:42.702+0000] {processor.py:830} INFO - Processing file /home/airflow/.local/lib/python3.8/site-packages/airflow/example_dags/example_nested_branch_dag.py for tasks to queue
[2026-07-06T16:48:42.705+0000] {logging_mixin.py:188} INFO - [2026-07-06T16:48:42.705+0000] {dagbag.py:538} INFO - Filling up the DagBag from /home/airflow/.local/lib/python3.8/site-packages/airflow/example_dags/example_nested_branch_dag.py
[2026-07-06T16:48:42.725+0000] {processor.py:840} INFO - DAG(s) 'example_nested_branch_dag' retrieved from /home/airflow/.local/lib/python3.8/site-packages/airflow/example_dags/example_nested_branch_dag.py
[2026-07-06T16:48:42.770+0000] {logging_mixin.py:188} INFO - [2026-07-06T16:48:42.769+0000] {dag.py:3036} INFO - Sync 1 DAGs
[2026-07-06T16:48:42.812+0000] {logging_mixin.py:188} INFO - [2026-07-06T16:48:42.812+0000] {dag.py:3823} INFO - Setting next_dagrun for example_nested_branch_dag to 2026-07-05 00:00:00+00:00, run_after=2026-07-06 00:00:00+00:00
[2026-07-06T16:48:42.853+0000] {processor.py:183} INFO - Processing /home/airflow/.local/lib/python3.8/site-packages/airflow/example_dags/example_nested_branch_dag.py took 0.160 seconds
[2026-07-06T16:49:13.923+0000] {processor.py:161} INFO - Started process (PID=3311) to work on /home/airflow/.local/lib/python3.8/site-packages/airflow/example_dags/example_nested_branch_dag.py
[2026-07-06T16:49:13.926+0000] {processor.py:830} INFO - Processing file /home/airflow/.local/lib/python3.8/site-packages/airflow/example_dags/example_nested_branch_dag.py for tasks to queue
[2026-07-06T16:49:13.931+0000] {logging_mixin.py:188} INFO - [2026-07-06T16:49:13.930+0000] {dagbag.py:538} INFO - Filling up the DagBag from /home/airflow/.local/lib/python3.8/site-packages/airflow/example_dags/example_nested_branch_dag.py
[2026-07-06T16:49:13.956+0000] {processor.py:840} INFO - DAG(s) 'example_nested_branch_dag' retrieved from /home/airflow/.local/lib/python3.8/site-packages/airflow/example_dags/example_nested_branch_dag.py
[2026-07-06T16:49:14.001+0000] {logging_mixin.py:188} INFO - [2026-07-06T16:49:14.001+0000] {dag.py:3036} INFO - Sync 1 DAGs
[2026-07-06T16:49:14.341+0000] {logging_mixin.py:188} INFO - [2026-07-06T16:49:14.340+0000] {dag.py:3823} INFO - Setting next_dagrun for example_nested_branch_dag to 2026-07-05 00:00:00+00:00, run_after=2026-07-06 00:00:00+00:00
[2026-07-06T16:49:14.378+0000] {processor.py:183} INFO - Processing /home/airflow/.local/lib/python3.8/site-packages/airflow/example_dags/example_nested_branch_dag.py took 0.462 seconds
[2026-07-06T16:49:45.263+0000] {processor.py:161} INFO - Started process (PID=3377) to work on /home/airflow/.local/lib/python3.8/site-packages/airflow/example_dags/example_nested_branch_dag.py
[2026-07-06T16:49:45.265+0000] {processor.py:830} INFO - Processing file /home/airflow/.local/lib/python3.8/site-packages/airflow/example_dags/example_nested_branch_dag.py for tasks to queue
[2026-07-06T16:49:45.270+0000] {logging_mixin.py:188} INFO - [2026-07-06T16:49:45.270+0000] {dagbag.py:538} INFO - Filling up the DagBag from /home/airflow/.local/lib/python3.8/site-packages/airflow/example_dags/example_nested_branch_dag.py
[2026-07-06T16:49:45.290+0000] {processor.py:840} INFO - DAG(s) 'example_nested_branch_dag' retrieved from /home/airflow/.local/lib/python3.8/site-packages/airflow/example_dags/example_nested_branch_dag.py
[2026-07-06T16:49:45.338+0000] {logging_mixin.py:188} INFO - [2026-07-06T16:49:45.338+0000] {dag.py:3036} INFO - Sync 1 DAGs
[2026-07-06T16:49:45.408+0000] {logging_mixin.py:188} INFO - [2026-07-06T16:49:45.407+0000] {dag.py:3823} INFO - Setting next_dagrun for example_nested_branch_dag to 2026-07-05 00:00:00+00:00, run_after=2026-07-06 00:00:00+00:00
[2026-07-06T16:49:45.454+0000] {processor.py:183} INFO - Processing /home/airflow/.local/lib/python3.8/site-packages/airflow/example_dags/example_nested_branch_dag.py took 0.199 seconds
[2026-07-06T16:50:15.534+0000] {processor.py:161} INFO - Started process (PID=3442) to work on /home/airflow/.local/lib/python3.8/site-packages/airflow/example_dags/example_nested_branch_dag.py
[2026-07-06T16:50:15.536+0000] {processor.py:830} INFO - Processing file /home/airflow/.local/lib/python3.8/site-packages/airflow/example_dags/example_nested_branch_dag.py for tasks to queue
[2026-07-06T16:50:15.541+0000] {logging_mixin.py:188} INFO - [2026-07-06T16:50:15.541+0000] {dagbag.py:538} INFO - Filling up the DagBag from /home/airflow/.local/lib/python3.8/site-packages/airflow/example_dags/example_nested_branch_dag.py
[2026-07-06T16:50:15.562+0000] {processor.py:840} INFO - DAG(s) 'example_nested_branch_dag' retrieved from /home/airflow/.local/lib/python3.8/site-packages/airflow/example_dags/example_nested_branch_dag.py
[2026-07-06T16:50:15.623+0000] {logging_mixin.py:188} INFO - [2026-07-06T16:50:15.623+0000] {dag.py:3036} INFO - Sync 1 DAGs
[2026-07-06T16:50:15.671+0000] {logging_mixin.py:188} INFO - [2026-07-06T16:50:15.670+0000] {dag.py:3823} INFO - Setting next_dagrun for example_nested_branch_dag to 2026-07-05 00:00:00+00:00, run_after=2026-07-06 00:00:00+00:00
[2026-07-06T16:50:15.708+0000] {processor.py:183} INFO - Processing /home/airflow/.local/lib/python3.8/site-packages/airflow/example_dags/example_nested_branch_dag.py took 0.183 seconds
[2026-07-06T16:50:46.830+0000] {processor.py:161} INFO - Started process (PID=3508) to work on /home/airflow/.local/lib/python3.8/site-packages/airflow/example_dags/example_nested_branch_dag.py
[2026-07-06T16:50:46.832+0000] {processor.py:830} INFO - Processing file /home/airflow/.local/lib/python3.8/site-packages/airflow/example_dags/example_nested_branch_dag.py for tasks to queue
[2026-07-06T16:50:46.837+0000] {logging_mixin.py:188} INFO - [2026-07-06T16:50:46.836+0000] {dagbag.py:538} INFO - Filling up the DagBag from /home/airflow/.local/lib/python3.8/site-packages/airflow/example_dags/example_nested_branch_dag.py
[2026-07-06T16:50:46.857+0000] {processor.py:840} INFO - DAG(s) 'example_nested_branch_dag' retrieved from /home/airflow/.local/lib/python3.8/site-packages/airflow/example_dags/example_nested_branch_dag.py
[2026-07-06T16:50:46.912+0000] {logging_mixin.py:188} INFO - [2026-07-06T16:50:46.911+0000] {dag.py:3036} INFO - Sync 1 DAGs
[2026-07-06T16:50:47.235+0000] {logging_mixin.py:188} INFO - [2026-07-06T16:50:47.234+0000] {dag.py:3823} INFO - Setting next_dagrun for example_nested_branch_dag to 2026-07-05 00:00:00+00:00, run_after=2026-07-06 00:00:00+00:00
[2026-07-06T16:50:47.282+0000] {processor.py:183} INFO - Processing /home/airflow/.local/lib/python3.8/site-packages/airflow/example_dags/example_nested_branch_dag.py took 0.459 seconds
[2026-07-06T16:51:17.886+0000] {processor.py:161} INFO - Started process (PID=3574) to work on /home/airflow/.local/lib/python3.8/site-packages/airflow/example_dags/example_nested_branch_dag.py
[2026-07-06T16:51:17.890+0000] {processor.py:830} INFO - Processing file /home/airflow/.local/lib/python3.8/site-packages/airflow/example_dags/example_nested_branch_dag.py for tasks to queue
[2026-07-06T16:51:17.902+0000] {logging_mixin.py:188} INFO - [2026-07-06T16:51:17.899+0000] {dagbag.py:538} INFO - Filling up the DagBag from /home/airflow/.local/lib/python3.8/site-packages/airflow/example_dags/example_nested_branch_dag.py
[2026-07-06T16:51:17.937+0000] {processor.py:840} INFO - DAG(s) 'example_nested_branch_dag' retrieved from /home/airflow/.local/lib/python3.8/site-packages/airflow/example_dags/example_nested_branch_dag.py
[2026-07-06T16:51:18.004+0000] {logging_mixin.py:188} INFO - [2026-07-06T16:51:18.004+0000] {dag.py:3036} INFO - Sync 1 DAGs
[2026-07-06T16:51:18.070+0000] {logging_mixin.py:188} INFO - [2026-07-06T16:51:18.068+0000] {dag.py:3823} INFO - Setting next_dagrun for example_nested_branch_dag to 2026-07-05 00:00:00+00:00, run_after=2026-07-06 00:00:00+00:00
[2026-07-06T16:51:18.120+0000] {processor.py:183} INFO - Processing /home/airflow/.local/lib/python3.8/site-packages/airflow/example_dags/example_nested_branch_dag.py took 0.243 seconds
[2026-07-06T16:51:48.238+0000] {processor.py:161} INFO - Started process (PID=3640) to work on /home/airflow/.local/lib/python3.8/site-packages/airflow/example_dags/example_nested_branch_dag.py
[2026-07-06T16:51:48.240+0000] {processor.py:830} INFO - Processing file /home/airflow/.local/lib/python3.8/site-packages/airflow/example_dags/example_nested_branch_dag.py for tasks to queue
[2026-07-06T16:51:48.246+0000] {logging_mixin.py:188} INFO - [2026-07-06T16:51:48.245+0000] {dagbag.py:538} INFO - Filling up the DagBag from /home/airflow/.local/lib/python3.8/site-packages/airflow/example_dags/example_nested_branch_dag.py
[2026-07-06T16:51:48.283+0000] {processor.py:840} INFO - DAG(s) 'example_nested_branch_dag' retrieved from /home/airflow/.local/lib/python3.8/site-packages/airflow/example_dags/example_nested_branch_dag.py
[2026-07-06T16:51:48.358+0000] {logging_mixin.py:188} INFO - [2026-07-06T16:51:48.357+0000] {dag.py:3036} INFO - Sync 1 DAGs
[2026-07-06T16:51:48.451+0000] {logging_mixin.py:188} INFO - [2026-07-06T16:51:48.450+0000] {dag.py:3823} INFO - Setting next_dagrun for example_nested_branch_dag to 2026-07-05 00:00:00+00:00, run_after=2026-07-06 00:00:00+00:00
[2026-07-06T16:51:48.532+0000] {processor.py:183} INFO - Processing /home/airflow/.local/lib/python3.8/site-packages/airflow/example_dags/example_nested_branch_dag.py took 0.305 seconds
[2026-07-06T16:52:18.844+0000] {processor.py:161} INFO - Started process (PID=3706) to work on /home/airflow/.local/lib/python3.8/site-packages/airflow/example_dags/example_nested_branch_dag.py
[2026-07-06T16:52:18.854+0000] {processor.py:830} INFO - Processing file /home/airflow/.local/lib/python3.8/site-packages/airflow/example_dags/example_nested_branch_dag.py for tasks to queue
[2026-07-06T16:52:18.859+0000] {logging_mixin.py:188} INFO - [2026-07-06T16:52:18.858+0000] {dagbag.py:538} INFO - Filling up the DagBag from /home/airflow/.local/lib/python3.8/site-packages/airflow/example_dags/example_nested_branch_dag.py
[2026-07-06T16:52:18.883+0000] {processor.py:840} INFO - DAG(s) 'example_nested_branch_dag' retrieved from /home/airflow/.local/lib/python3.8/site-packages/airflow/example_dags/example_nested_branch_dag.py
[2026-07-06T16:52:18.945+0000] {logging_mixin.py:188} INFO - [2026-07-06T16:52:18.944+0000] {dag.py:3036} INFO - Sync 1 DAGs
[2026-07-06T16:52:19.000+0000] {logging_mixin.py:188} INFO - [2026-07-06T16:52:18.999+0000] {dag.py:3823} INFO - Setting next_dagrun for example_nested_branch_dag to 2026-07-05 00:00:00+00:00, run_after=2026-07-06 00:00:00+00:00
[2026-07-06T16:52:19.078+0000] {processor.py:183} INFO - Processing /home/airflow/.local/lib/python3.8/site-packages/airflow/example_dags/example_nested_branch_dag.py took 0.242 seconds
[2026-07-06T16:52:50.305+0000] {processor.py:161} INFO - Started process (PID=3774) to work on /home/airflow/.local/lib/python3.8/site-packages/airflow/example_dags/example_nested_branch_dag.py
[2026-07-06T16:52:50.308+0000] {processor.py:830} INFO - Processing file /home/airflow/.local/lib/python3.8/site-packages/airflow/example_dags/example_nested_branch_dag.py for tasks to queue
[2026-07-06T16:52:50.312+0000] {logging_mixin.py:188} INFO - [2026-07-06T16:52:50.311+0000] {dagbag.py:538} INFO - Filling up the DagBag from /home/airflow/.local/lib/python3.8/site-packages/airflow/example_dags/example_nested_branch_dag.py
[2026-07-06T16:52:50.349+0000] {processor.py:840} INFO - DAG(s) 'example_nested_branch_dag' retrieved from /home/airflow/.local/lib/python3.8/site-packages/airflow/example_dags/example_nested_branch_dag.py
[2026-07-06T16:52:50.406+0000] {logging_mixin.py:188} INFO - [2026-07-06T16:52:50.405+0000] {dag.py:3036} INFO - Sync 1 DAGs
[2026-07-06T16:52:50.476+0000] {logging_mixin.py:188} INFO - [2026-07-06T16:52:50.475+0000] {dag.py:3823} INFO - Setting next_dagrun for example_nested_branch_dag to 2026-07-05 00:00:00+00:00, run_after=2026-07-06 00:00:00+00:00
[2026-07-06T16:52:50.523+0000] {processor.py:183} INFO - Processing /home/airflow/.local/lib/python3.8/site-packages/airflow/example_dags/example_nested_branch_dag.py took 0.237 seconds
[2026-07-06T16:53:21.262+0000] {processor.py:161} INFO - Started process (PID=3839) to work on /home/airflow/.local/lib/python3.8/site-packages/airflow/example_dags/example_nested_branch_dag.py
[2026-07-06T16:53:21.265+0000] {processor.py:830} INFO - Processing file /home/airflow/.local/lib/python3.8/site-packages/airflow/example_dags/example_nested_branch_dag.py for tasks to queue
[2026-07-06T16:53:21.270+0000] {logging_mixin.py:188} INFO - [2026-07-06T16:53:21.269+0000] {dagbag.py:538} INFO - Filling up the DagBag from /home/airflow/.local/lib/python3.8/site-packages/airflow/example_dags/example_nested_branch_dag.py
[2026-07-06T16:53:21.301+0000] {processor.py:840} INFO - DAG(s) 'example_nested_branch_dag' retrieved from /home/airflow/.local/lib/python3.8/site-packages/airflow/example_dags/example_nested_branch_dag.py
[2026-07-06T16:53:21.381+0000] {logging_mixin.py:188} INFO - [2026-07-06T16:53:21.381+0000] {dag.py:3036} INFO - Sync 1 DAGs
[2026-07-06T16:53:21.509+0000] {logging_mixin.py:188} INFO - [2026-07-06T16:53:21.508+0000] {dag.py:3823} INFO - Setting next_dagrun for example_nested_branch_dag to 2026-07-05 00:00:00+00:00, run_after=2026-07-06 00:00:00+00:00
[2026-07-06T16:53:21.578+0000] {processor.py:183} INFO - Processing /home/airflow/.local/lib/python3.8/site-packages/airflow/example_dags/example_nested_branch_dag.py took 0.326 seconds
[2026-07-06T16:53:52.518+0000] {processor.py:161} INFO - Started process (PID=3905) to work on /home/airflow/.local/lib/python3.8/site-packages/airflow/example_dags/example_nested_branch_dag.py
[2026-07-06T16:53:52.525+0000] {processor.py:830} INFO - Processing file /home/airflow/.local/lib/python3.8/site-packages/airflow/example_dags/example_nested_branch_dag.py for tasks to queue
[2026-07-06T16:53:52.534+0000] {logging_mixin.py:188} INFO - [2026-07-06T16:53:52.533+0000] {dagbag.py:538} INFO - Filling up the DagBag from /home/airflow/.local/lib/python3.8/site-packages/airflow/example_dags/example_nested_branch_dag.py
[2026-07-06T16:53:52.612+0000] {processor.py:840} INFO - DAG(s) 'example_nested_branch_dag' retrieved from /home/airflow/.local/lib/python3.8/site-packages/airflow/example_dags/example_nested_branch_dag.py
[2026-07-06T16:53:52.681+0000] {logging_mixin.py:188} INFO - [2026-07-06T16:53:52.680+0000] {dag.py:3036} INFO - Sync 1 DAGs
[2026-07-06T16:53:52.764+0000] {logging_mixin.py:188} INFO - [2026-07-06T16:53:52.763+0000] {dag.py:3823} INFO - Setting next_dagrun for example_nested_branch_dag to 2026-07-05 00:00:00+00:00, run_after=2026-07-06 00:00:00+00:00
[2026-07-06T16:53:52.821+0000] {processor.py:183} INFO - Processing /home/airflow/.local/lib/python3.8/site-packages/airflow/example_dags/example_nested_branch_dag.py took 0.330 seconds
[2026-07-06T16:54:22.992+0000] {processor.py:161} INFO - Started process (PID=3970) to work on /home/airflow/.local/lib/python3.8/site-packages/airflow/example_dags/example_nested_branch_dag.py
[2026-07-06T16:54:22.994+0000] {processor.py:830} INFO - Processing file /home/airflow/.local/lib/python3.8/site-packages/airflow/example_dags/example_nested_branch_dag.py for tasks to queue
[2026-07-06T16:54:22.999+0000] {logging_mixin.py:188} INFO - [2026-07-06T16:54:22.998+0000] {dagbag.py:538} INFO - Filling up the DagBag from /home/airflow/.local/lib/python3.8/site-packages/airflow/example_dags/example_nested_branch_dag.py
[2026-07-06T16:54:23.028+0000] {processor.py:840} INFO - DAG(s) 'example_nested_branch_dag' retrieved from /home/airflow/.local/lib/python3.8/site-packages/airflow/example_dags/example_nested_branch_dag.py
[2026-07-06T16:54:23.099+0000] {logging_mixin.py:188} INFO - [2026-07-06T16:54:23.098+0000] {dag.py:3036} INFO - Sync 1 DAGs
[2026-07-06T16:54:23.168+0000] {logging_mixin.py:188} INFO - [2026-07-06T16:54:23.168+0000] {dag.py:3823} INFO - Setting next_dagrun for example_nested_branch_dag to 2026-07-05 00:00:00+00:00, run_after=2026-07-06 00:00:00+00:00
[2026-07-06T16:54:23.222+0000] {processor.py:183} INFO - Processing /home/airflow/.local/lib/python3.8/site-packages/airflow/example_dags/example_nested_branch_dag.py took 0.241 seconds
[2026-07-06T16:54:54.053+0000] {processor.py:161} INFO - Started process (PID=4028) to work on /home/airflow/.local/lib/python3.8/site-packages/airflow/example_dags/example_nested_branch_dag.py
[2026-07-06T16:54:54.061+0000] {processor.py:830} INFO - Processing file /home/airflow/.local/lib/python3.8/site-packages/airflow/example_dags/example_nested_branch_dag.py for tasks to queue
[2026-07-06T16:54:54.071+0000] {logging_mixin.py:188} INFO - [2026-07-06T16:54:54.068+0000] {dagbag.py:538} INFO - Filling up the DagBag from /home/airflow/.local/lib/python3.8/site-packages/airflow/example_dags/example_nested_branch_dag.py
[2026-07-06T16:54:54.109+0000] {processor.py:840} INFO - DAG(s) 'example_nested_branch_dag' retrieved from /home/airflow/.local/lib/python3.8/site-packages/airflow/example_dags/example_nested_branch_dag.py
[2026-07-06T16:54:54.263+0000] {logging_mixin.py:188} INFO - [2026-07-06T16:54:54.263+0000] {dag.py:3036} INFO - Sync 1 DAGs
[2026-07-06T16:54:54.343+0000] {logging_mixin.py:188} INFO - [2026-07-06T16:54:54.342+0000] {dag.py:3823} INFO - Setting next_dagrun for example_nested_branch_dag to 2026-07-05 00:00:00+00:00, run_after=2026-07-06 00:00:00+00:00
[2026-07-06T16:54:54.470+0000] {processor.py:183} INFO - Processing /home/airflow/.local/lib/python3.8/site-packages/airflow/example_dags/example_nested_branch_dag.py took 0.440 seconds
[2026-07-06T16:55:24.812+0000] {processor.py:161} INFO - Started process (PID=4094) to work on /home/airflow/.local/lib/python3.8/site-packages/airflow/example_dags/example_nested_branch_dag.py
[2026-07-06T16:55:24.814+0000] {processor.py:830} INFO - Processing file /home/airflow/.local/lib/python3.8/site-packages/airflow/example_dags/example_nested_branch_dag.py for tasks to queue
[2026-07-06T16:55:24.819+0000] {logging_mixin.py:188} INFO - [2026-07-06T16:55:24.818+0000] {dagbag.py:538} INFO - Filling up the DagBag from /home/airflow/.local/lib/python3.8/site-packages/airflow/example_dags/example_nested_branch_dag.py
[2026-07-06T16:55:24.846+0000] {processor.py:840} INFO - DAG(s) 'example_nested_branch_dag' retrieved from /home/airflow/.local/lib/python3.8/site-packages/airflow/example_dags/example_nested_branch_dag.py
[2026-07-06T16:55:24.901+0000] {logging_mixin.py:188} INFO - [2026-07-06T16:55:24.900+0000] {dag.py:3036} INFO - Sync 1 DAGs
[2026-07-06T16:55:24.952+0000] {logging_mixin.py:188} INFO - [2026-07-06T16:55:24.951+0000] {dag.py:3823} INFO - Setting next_dagrun for example_nested_branch_dag to 2026-07-05 00:00:00+00:00, run_after=2026-07-06 00:00:00+00:00
[2026-07-06T16:55:24.992+0000] {processor.py:183} INFO - Processing /home/airflow/.local/lib/python3.8/site-packages/airflow/example_dags/example_nested_branch_dag.py took 0.189 seconds
