[2026-07-06T16:24:12.909+0000] {processor.py:161} INFO - Started process (PID=270) to work on /home/airflow/.local/lib/python3.8/site-packages/airflow/example_dags/example_short_circuit_operator.py
[2026-07-06T16:24:12.947+0000] {processor.py:830} INFO - Processing file /home/airflow/.local/lib/python3.8/site-packages/airflow/example_dags/example_short_circuit_operator.py for tasks to queue
[2026-07-06T16:24:13.023+0000] {logging_mixin.py:188} INFO - [2026-07-06T16:24:13.022+0000] {dagbag.py:538} INFO - Filling up the DagBag from /home/airflow/.local/lib/python3.8/site-packages/airflow/example_dags/example_short_circuit_operator.py
[2026-07-06T16:24:13.438+0000] {processor.py:840} INFO - DAG(s) 'example_short_circuit_operator' retrieved from /home/airflow/.local/lib/python3.8/site-packages/airflow/example_dags/example_short_circuit_operator.py
[2026-07-06T16:24:15.137+0000] {logging_mixin.py:188} INFO - [2026-07-06T16:24:15.135+0000] {override.py:1769} INFO - Created Permission View: can read on DAG:example_short_circuit_operator
[2026-07-06T16:24:15.219+0000] {logging_mixin.py:188} INFO - [2026-07-06T16:24:15.218+0000] {override.py:1769} INFO - Created Permission View: can delete on DAG:example_short_circuit_operator
[2026-07-06T16:24:15.285+0000] {logging_mixin.py:188} INFO - [2026-07-06T16:24:15.284+0000] {override.py:1769} INFO - Created Permission View: can edit on DAG:example_short_circuit_operator
[2026-07-06T16:24:15.287+0000] {logging_mixin.py:188} INFO - [2026-07-06T16:24:15.286+0000] {dag.py:3036} INFO - Sync 1 DAGs
[2026-07-06T16:24:15.571+0000] {logging_mixin.py:188} INFO - [2026-07-06T16:24:15.571+0000] {dag.py:3058} INFO - Creating ORM DAG for example_short_circuit_operator
[2026-07-06T16:24:15.910+0000] {logging_mixin.py:188} INFO - [2026-07-06T16:24:15.904+0000] {dag.py:3823} INFO - Setting next_dagrun for example_short_circuit_operator to 2026-07-05 00:00:00+00:00, run_after=2026-07-06 00:00:00+00:00
[2026-07-06T16:24:16.433+0000] {processor.py:183} INFO - Processing /home/airflow/.local/lib/python3.8/site-packages/airflow/example_dags/example_short_circuit_operator.py took 3.591 seconds
[2026-07-06T16:24:53.837+0000] {processor.py:161} INFO - Started process (PID=335) to work on /home/airflow/.local/lib/python3.8/site-packages/airflow/example_dags/example_short_circuit_operator.py
[2026-07-06T16:24:53.839+0000] {processor.py:830} INFO - Processing file /home/airflow/.local/lib/python3.8/site-packages/airflow/example_dags/example_short_circuit_operator.py for tasks to queue
[2026-07-06T16:24:53.844+0000] {logging_mixin.py:188} INFO - [2026-07-06T16:24:53.843+0000] {dagbag.py:538} INFO - Filling up the DagBag from /home/airflow/.local/lib/python3.8/site-packages/airflow/example_dags/example_short_circuit_operator.py
[2026-07-06T16:24:53.862+0000] {processor.py:840} INFO - DAG(s) 'example_short_circuit_operator' retrieved from /home/airflow/.local/lib/python3.8/site-packages/airflow/example_dags/example_short_circuit_operator.py
[2026-07-06T16:24:53.935+0000] {logging_mixin.py:188} INFO - [2026-07-06T16:24:53.935+0000] {dag.py:3036} INFO - Sync 1 DAGs
[2026-07-06T16:24:53.996+0000] {logging_mixin.py:188} INFO - [2026-07-06T16:24:53.996+0000] {dag.py:3823} INFO - Setting next_dagrun for example_short_circuit_operator to 2026-07-05 00:00:00+00:00, run_after=2026-07-06 00:00:00+00:00
[2026-07-06T16:24:54.045+0000] {processor.py:183} INFO - Processing /home/airflow/.local/lib/python3.8/site-packages/airflow/example_dags/example_short_circuit_operator.py took 0.218 seconds
[2026-07-06T16:25:27.340+0000] {processor.py:161} INFO - Started process (PID=401) to work on /home/airflow/.local/lib/python3.8/site-packages/airflow/example_dags/example_short_circuit_operator.py
[2026-07-06T16:25:27.342+0000] {processor.py:830} INFO - Processing file /home/airflow/.local/lib/python3.8/site-packages/airflow/example_dags/example_short_circuit_operator.py for tasks to queue
[2026-07-06T16:25:27.349+0000] {logging_mixin.py:188} INFO - [2026-07-06T16:25:27.348+0000] {dagbag.py:538} INFO - Filling up the DagBag from /home/airflow/.local/lib/python3.8/site-packages/airflow/example_dags/example_short_circuit_operator.py
[2026-07-06T16:25:27.396+0000] {processor.py:840} INFO - DAG(s) 'example_short_circuit_operator' retrieved from /home/airflow/.local/lib/python3.8/site-packages/airflow/example_dags/example_short_circuit_operator.py
[2026-07-06T16:25:27.477+0000] {logging_mixin.py:188} INFO - [2026-07-06T16:25:27.468+0000] {dag.py:3036} INFO - Sync 1 DAGs
[2026-07-06T16:25:27.592+0000] {logging_mixin.py:188} INFO - [2026-07-06T16:25:27.592+0000] {dag.py:3823} INFO - Setting next_dagrun for example_short_circuit_operator to 2026-07-05 00:00:00+00:00, run_after=2026-07-06 00:00:00+00:00
[2026-07-06T16:25:27.651+0000] {processor.py:183} INFO - Processing /home/airflow/.local/lib/python3.8/site-packages/airflow/example_dags/example_short_circuit_operator.py took 0.322 seconds
[2026-07-06T16:25:58.060+0000] {processor.py:161} INFO - Started process (PID=458) to work on /home/airflow/.local/lib/python3.8/site-packages/airflow/example_dags/example_short_circuit_operator.py
[2026-07-06T16:25:58.064+0000] {processor.py:830} INFO - Processing file /home/airflow/.local/lib/python3.8/site-packages/airflow/example_dags/example_short_circuit_operator.py for tasks to queue
[2026-07-06T16:25:58.069+0000] {logging_mixin.py:188} INFO - [2026-07-06T16:25:58.068+0000] {dagbag.py:538} INFO - Filling up the DagBag from /home/airflow/.local/lib/python3.8/site-packages/airflow/example_dags/example_short_circuit_operator.py
[2026-07-06T16:25:58.090+0000] {processor.py:840} INFO - DAG(s) 'example_short_circuit_operator' retrieved from /home/airflow/.local/lib/python3.8/site-packages/airflow/example_dags/example_short_circuit_operator.py
[2026-07-06T16:25:58.154+0000] {logging_mixin.py:188} INFO - [2026-07-06T16:25:58.154+0000] {dag.py:3036} INFO - Sync 1 DAGs
[2026-07-06T16:25:58.209+0000] {logging_mixin.py:188} INFO - [2026-07-06T16:25:58.208+0000] {dag.py:3823} INFO - Setting next_dagrun for example_short_circuit_operator to 2026-07-05 00:00:00+00:00, run_after=2026-07-06 00:00:00+00:00
[2026-07-06T16:25:58.266+0000] {processor.py:183} INFO - Processing /home/airflow/.local/lib/python3.8/site-packages/airflow/example_dags/example_short_circuit_operator.py took 0.218 seconds
[2026-07-06T16:26:28.604+0000] {processor.py:161} INFO - Started process (PID=524) to work on /home/airflow/.local/lib/python3.8/site-packages/airflow/example_dags/example_short_circuit_operator.py
[2026-07-06T16:26:28.606+0000] {processor.py:830} INFO - Processing file /home/airflow/.local/lib/python3.8/site-packages/airflow/example_dags/example_short_circuit_operator.py for tasks to queue
[2026-07-06T16:26:28.610+0000] {logging_mixin.py:188} INFO - [2026-07-06T16:26:28.610+0000] {dagbag.py:538} INFO - Filling up the DagBag from /home/airflow/.local/lib/python3.8/site-packages/airflow/example_dags/example_short_circuit_operator.py
[2026-07-06T16:26:28.631+0000] {processor.py:840} INFO - DAG(s) 'example_short_circuit_operator' retrieved from /home/airflow/.local/lib/python3.8/site-packages/airflow/example_dags/example_short_circuit_operator.py
[2026-07-06T16:26:28.693+0000] {logging_mixin.py:188} INFO - [2026-07-06T16:26:28.692+0000] {dag.py:3036} INFO - Sync 1 DAGs
[2026-07-06T16:26:28.763+0000] {logging_mixin.py:188} INFO - [2026-07-06T16:26:28.763+0000] {dag.py:3823} INFO - Setting next_dagrun for example_short_circuit_operator to 2026-07-05 00:00:00+00:00, run_after=2026-07-06 00:00:00+00:00
[2026-07-06T16:26:28.818+0000] {processor.py:183} INFO - Processing /home/airflow/.local/lib/python3.8/site-packages/airflow/example_dags/example_short_circuit_operator.py took 0.223 seconds
[2026-07-06T16:26:59.094+0000] {processor.py:161} INFO - Started process (PID=590) to work on /home/airflow/.local/lib/python3.8/site-packages/airflow/example_dags/example_short_circuit_operator.py
[2026-07-06T16:26:59.097+0000] {processor.py:830} INFO - Processing file /home/airflow/.local/lib/python3.8/site-packages/airflow/example_dags/example_short_circuit_operator.py for tasks to queue
[2026-07-06T16:26:59.101+0000] {logging_mixin.py:188} INFO - [2026-07-06T16:26:59.101+0000] {dagbag.py:538} INFO - Filling up the DagBag from /home/airflow/.local/lib/python3.8/site-packages/airflow/example_dags/example_short_circuit_operator.py
[2026-07-06T16:26:59.121+0000] {processor.py:840} INFO - DAG(s) 'example_short_circuit_operator' retrieved from /home/airflow/.local/lib/python3.8/site-packages/airflow/example_dags/example_short_circuit_operator.py
[2026-07-06T16:26:59.176+0000] {logging_mixin.py:188} INFO - [2026-07-06T16:26:59.176+0000] {dag.py:3036} INFO - Sync 1 DAGs
[2026-07-06T16:26:59.271+0000] {logging_mixin.py:188} INFO - [2026-07-06T16:26:59.270+0000] {dag.py:3823} INFO - Setting next_dagrun for example_short_circuit_operator to 2026-07-05 00:00:00+00:00, run_after=2026-07-06 00:00:00+00:00
[2026-07-06T16:26:59.348+0000] {processor.py:183} INFO - Processing /home/airflow/.local/lib/python3.8/site-packages/airflow/example_dags/example_short_circuit_operator.py took 0.262 seconds
[2026-07-06T16:27:33.546+0000] {processor.py:161} INFO - Started process (PID=656) to work on /home/airflow/.local/lib/python3.8/site-packages/airflow/example_dags/example_short_circuit_operator.py
[2026-07-06T16:27:33.553+0000] {processor.py:830} INFO - Processing file /home/airflow/.local/lib/python3.8/site-packages/airflow/example_dags/example_short_circuit_operator.py for tasks to queue
[2026-07-06T16:27:33.560+0000] {logging_mixin.py:188} INFO - [2026-07-06T16:27:33.559+0000] {dagbag.py:538} INFO - Filling up the DagBag from /home/airflow/.local/lib/python3.8/site-packages/airflow/example_dags/example_short_circuit_operator.py
[2026-07-06T16:27:33.583+0000] {processor.py:840} INFO - DAG(s) 'example_short_circuit_operator' retrieved from /home/airflow/.local/lib/python3.8/site-packages/airflow/example_dags/example_short_circuit_operator.py
[2026-07-06T16:27:33.652+0000] {logging_mixin.py:188} INFO - [2026-07-06T16:27:33.651+0000] {dag.py:3036} INFO - Sync 1 DAGs
[2026-07-06T16:27:33.721+0000] {logging_mixin.py:188} INFO - [2026-07-06T16:27:33.721+0000] {dag.py:3823} INFO - Setting next_dagrun for example_short_circuit_operator to 2026-07-05 00:00:00+00:00, run_after=2026-07-06 00:00:00+00:00
[2026-07-06T16:27:33.778+0000] {processor.py:183} INFO - Processing /home/airflow/.local/lib/python3.8/site-packages/airflow/example_dags/example_short_circuit_operator.py took 0.247 seconds
[2026-07-06T16:28:11.837+0000] {processor.py:161} INFO - Started process (PID=722) to work on /home/airflow/.local/lib/python3.8/site-packages/airflow/example_dags/example_short_circuit_operator.py
[2026-07-06T16:28:11.839+0000] {processor.py:830} INFO - Processing file /home/airflow/.local/lib/python3.8/site-packages/airflow/example_dags/example_short_circuit_operator.py for tasks to queue
[2026-07-06T16:28:11.853+0000] {logging_mixin.py:188} INFO - [2026-07-06T16:28:11.852+0000] {dagbag.py:538} INFO - Filling up the DagBag from /home/airflow/.local/lib/python3.8/site-packages/airflow/example_dags/example_short_circuit_operator.py
[2026-07-06T16:28:11.901+0000] {processor.py:840} INFO - DAG(s) 'example_short_circuit_operator' retrieved from /home/airflow/.local/lib/python3.8/site-packages/airflow/example_dags/example_short_circuit_operator.py
[2026-07-06T16:28:11.998+0000] {logging_mixin.py:188} INFO - [2026-07-06T16:28:11.998+0000] {dag.py:3036} INFO - Sync 1 DAGs
[2026-07-06T16:28:12.091+0000] {logging_mixin.py:188} INFO - [2026-07-06T16:28:12.090+0000] {dag.py:3823} INFO - Setting next_dagrun for example_short_circuit_operator to 2026-07-05 00:00:00+00:00, run_after=2026-07-06 00:00:00+00:00
[2026-07-06T16:28:12.161+0000] {processor.py:183} INFO - Processing /home/airflow/.local/lib/python3.8/site-packages/airflow/example_dags/example_short_circuit_operator.py took 0.344 seconds
[2026-07-06T16:28:57.780+0000] {processor.py:161} INFO - Started process (PID=798) to work on /home/airflow/.local/lib/python3.8/site-packages/airflow/example_dags/example_short_circuit_operator.py
[2026-07-06T16:28:57.794+0000] {processor.py:830} INFO - Processing file /home/airflow/.local/lib/python3.8/site-packages/airflow/example_dags/example_short_circuit_operator.py for tasks to queue
[2026-07-06T16:28:57.801+0000] {logging_mixin.py:188} INFO - [2026-07-06T16:28:57.800+0000] {dagbag.py:538} INFO - Filling up the DagBag from /home/airflow/.local/lib/python3.8/site-packages/airflow/example_dags/example_short_circuit_operator.py
[2026-07-06T16:28:57.846+0000] {processor.py:840} INFO - DAG(s) 'example_short_circuit_operator' retrieved from /home/airflow/.local/lib/python3.8/site-packages/airflow/example_dags/example_short_circuit_operator.py
[2026-07-06T16:28:57.999+0000] {logging_mixin.py:188} INFO - [2026-07-06T16:28:57.998+0000] {dag.py:3036} INFO - Sync 1 DAGs
[2026-07-06T16:28:58.114+0000] {logging_mixin.py:188} INFO - [2026-07-06T16:28:58.113+0000] {dag.py:3823} INFO - Setting next_dagrun for example_short_circuit_operator to 2026-07-05 00:00:00+00:00, run_after=2026-07-06 00:00:00+00:00
[2026-07-06T16:28:58.363+0000] {processor.py:183} INFO - Processing /home/airflow/.local/lib/python3.8/site-packages/airflow/example_dags/example_short_circuit_operator.py took 0.603 seconds
[2026-07-06T16:29:29.179+0000] {processor.py:161} INFO - Started process (PID=864) to work on /home/airflow/.local/lib/python3.8/site-packages/airflow/example_dags/example_short_circuit_operator.py
[2026-07-06T16:29:29.182+0000] {processor.py:830} INFO - Processing file /home/airflow/.local/lib/python3.8/site-packages/airflow/example_dags/example_short_circuit_operator.py for tasks to queue
[2026-07-06T16:29:29.195+0000] {logging_mixin.py:188} INFO - [2026-07-06T16:29:29.194+0000] {dagbag.py:538} INFO - Filling up the DagBag from /home/airflow/.local/lib/python3.8/site-packages/airflow/example_dags/example_short_circuit_operator.py
[2026-07-06T16:29:29.246+0000] {processor.py:840} INFO - DAG(s) 'example_short_circuit_operator' retrieved from /home/airflow/.local/lib/python3.8/site-packages/airflow/example_dags/example_short_circuit_operator.py
[2026-07-06T16:29:29.350+0000] {logging_mixin.py:188} INFO - [2026-07-06T16:29:29.349+0000] {dag.py:3036} INFO - Sync 1 DAGs
[2026-07-06T16:29:29.441+0000] {logging_mixin.py:188} INFO - [2026-07-06T16:29:29.440+0000] {dag.py:3823} INFO - Setting next_dagrun for example_short_circuit_operator to 2026-07-05 00:00:00+00:00, run_after=2026-07-06 00:00:00+00:00
[2026-07-06T16:29:29.501+0000] {processor.py:183} INFO - Processing /home/airflow/.local/lib/python3.8/site-packages/airflow/example_dags/example_short_circuit_operator.py took 0.334 seconds
[2026-07-06T16:30:00.583+0000] {processor.py:161} INFO - Started process (PID=930) to work on /home/airflow/.local/lib/python3.8/site-packages/airflow/example_dags/example_short_circuit_operator.py
[2026-07-06T16:30:00.590+0000] {processor.py:830} INFO - Processing file /home/airflow/.local/lib/python3.8/site-packages/airflow/example_dags/example_short_circuit_operator.py for tasks to queue
[2026-07-06T16:30:00.596+0000] {logging_mixin.py:188} INFO - [2026-07-06T16:30:00.595+0000] {dagbag.py:538} INFO - Filling up the DagBag from /home/airflow/.local/lib/python3.8/site-packages/airflow/example_dags/example_short_circuit_operator.py
[2026-07-06T16:30:00.621+0000] {processor.py:840} INFO - DAG(s) 'example_short_circuit_operator' retrieved from /home/airflow/.local/lib/python3.8/site-packages/airflow/example_dags/example_short_circuit_operator.py
[2026-07-06T16:30:00.731+0000] {logging_mixin.py:188} INFO - [2026-07-06T16:30:00.730+0000] {dag.py:3036} INFO - Sync 1 DAGs
[2026-07-06T16:30:00.809+0000] {logging_mixin.py:188} INFO - [2026-07-06T16:30:00.809+0000] {dag.py:3823} INFO - Setting next_dagrun for example_short_circuit_operator to 2026-07-05 00:00:00+00:00, run_after=2026-07-06 00:00:00+00:00
[2026-07-06T16:30:00.869+0000] {processor.py:183} INFO - Processing /home/airflow/.local/lib/python3.8/site-packages/airflow/example_dags/example_short_circuit_operator.py took 0.298 seconds
[2026-07-06T16:30:31.474+0000] {processor.py:161} INFO - Started process (PID=996) to work on /home/airflow/.local/lib/python3.8/site-packages/airflow/example_dags/example_short_circuit_operator.py
[2026-07-06T16:30:31.476+0000] {processor.py:830} INFO - Processing file /home/airflow/.local/lib/python3.8/site-packages/airflow/example_dags/example_short_circuit_operator.py for tasks to queue
[2026-07-06T16:30:31.480+0000] {logging_mixin.py:188} INFO - [2026-07-06T16:30:31.479+0000] {dagbag.py:538} INFO - Filling up the DagBag from /home/airflow/.local/lib/python3.8/site-packages/airflow/example_dags/example_short_circuit_operator.py
[2026-07-06T16:30:31.498+0000] {processor.py:840} INFO - DAG(s) 'example_short_circuit_operator' retrieved from /home/airflow/.local/lib/python3.8/site-packages/airflow/example_dags/example_short_circuit_operator.py
[2026-07-06T16:30:31.557+0000] {logging_mixin.py:188} INFO - [2026-07-06T16:30:31.556+0000] {dag.py:3036} INFO - Sync 1 DAGs
[2026-07-06T16:30:31.614+0000] {logging_mixin.py:188} INFO - [2026-07-06T16:30:31.613+0000] {dag.py:3823} INFO - Setting next_dagrun for example_short_circuit_operator to 2026-07-05 00:00:00+00:00, run_after=2026-07-06 00:00:00+00:00
[2026-07-06T16:30:31.663+0000] {processor.py:183} INFO - Processing /home/airflow/.local/lib/python3.8/site-packages/airflow/example_dags/example_short_circuit_operator.py took 0.199 seconds
[2026-07-06T16:31:02.012+0000] {processor.py:161} INFO - Started process (PID=1055) to work on /home/airflow/.local/lib/python3.8/site-packages/airflow/example_dags/example_short_circuit_operator.py
[2026-07-06T16:31:02.015+0000] {processor.py:830} INFO - Processing file /home/airflow/.local/lib/python3.8/site-packages/airflow/example_dags/example_short_circuit_operator.py for tasks to queue
[2026-07-06T16:31:02.020+0000] {logging_mixin.py:188} INFO - [2026-07-06T16:31:02.019+0000] {dagbag.py:538} INFO - Filling up the DagBag from /home/airflow/.local/lib/python3.8/site-packages/airflow/example_dags/example_short_circuit_operator.py
[2026-07-06T16:31:02.039+0000] {processor.py:840} INFO - DAG(s) 'example_short_circuit_operator' retrieved from /home/airflow/.local/lib/python3.8/site-packages/airflow/example_dags/example_short_circuit_operator.py
[2026-07-06T16:31:02.096+0000] {logging_mixin.py:188} INFO - [2026-07-06T16:31:02.096+0000] {dag.py:3036} INFO - Sync 1 DAGs
[2026-07-06T16:31:02.143+0000] {logging_mixin.py:188} INFO - [2026-07-06T16:31:02.142+0000] {dag.py:3823} INFO - Setting next_dagrun for example_short_circuit_operator to 2026-07-05 00:00:00+00:00, run_after=2026-07-06 00:00:00+00:00
[2026-07-06T16:31:02.184+0000] {processor.py:183} INFO - Processing /home/airflow/.local/lib/python3.8/site-packages/airflow/example_dags/example_short_circuit_operator.py took 0.181 seconds
[2026-07-06T16:31:33.007+0000] {processor.py:161} INFO - Started process (PID=1120) to work on /home/airflow/.local/lib/python3.8/site-packages/airflow/example_dags/example_short_circuit_operator.py
[2026-07-06T16:31:33.009+0000] {processor.py:830} INFO - Processing file /home/airflow/.local/lib/python3.8/site-packages/airflow/example_dags/example_short_circuit_operator.py for tasks to queue
[2026-07-06T16:31:33.015+0000] {logging_mixin.py:188} INFO - [2026-07-06T16:31:33.014+0000] {dagbag.py:538} INFO - Filling up the DagBag from /home/airflow/.local/lib/python3.8/site-packages/airflow/example_dags/example_short_circuit_operator.py
[2026-07-06T16:31:33.039+0000] {processor.py:840} INFO - DAG(s) 'example_short_circuit_operator' retrieved from /home/airflow/.local/lib/python3.8/site-packages/airflow/example_dags/example_short_circuit_operator.py
[2026-07-06T16:31:33.108+0000] {logging_mixin.py:188} INFO - [2026-07-06T16:31:33.107+0000] {dag.py:3036} INFO - Sync 1 DAGs
[2026-07-06T16:31:33.164+0000] {logging_mixin.py:188} INFO - [2026-07-06T16:31:33.164+0000] {dag.py:3823} INFO - Setting next_dagrun for example_short_circuit_operator to 2026-07-05 00:00:00+00:00, run_after=2026-07-06 00:00:00+00:00
[2026-07-06T16:31:33.229+0000] {processor.py:183} INFO - Processing /home/airflow/.local/lib/python3.8/site-packages/airflow/example_dags/example_short_circuit_operator.py took 0.237 seconds
[2026-07-06T16:32:03.876+0000] {processor.py:161} INFO - Started process (PID=1185) to work on /home/airflow/.local/lib/python3.8/site-packages/airflow/example_dags/example_short_circuit_operator.py
[2026-07-06T16:32:03.879+0000] {processor.py:830} INFO - Processing file /home/airflow/.local/lib/python3.8/site-packages/airflow/example_dags/example_short_circuit_operator.py for tasks to queue
[2026-07-06T16:32:03.885+0000] {logging_mixin.py:188} INFO - [2026-07-06T16:32:03.883+0000] {dagbag.py:538} INFO - Filling up the DagBag from /home/airflow/.local/lib/python3.8/site-packages/airflow/example_dags/example_short_circuit_operator.py
[2026-07-06T16:32:03.904+0000] {processor.py:840} INFO - DAG(s) 'example_short_circuit_operator' retrieved from /home/airflow/.local/lib/python3.8/site-packages/airflow/example_dags/example_short_circuit_operator.py
[2026-07-06T16:32:03.986+0000] {logging_mixin.py:188} INFO - [2026-07-06T16:32:03.985+0000] {dag.py:3036} INFO - Sync 1 DAGs
[2026-07-06T16:32:04.043+0000] {logging_mixin.py:188} INFO - [2026-07-06T16:32:04.043+0000] {dag.py:3823} INFO - Setting next_dagrun for example_short_circuit_operator to 2026-07-05 00:00:00+00:00, run_after=2026-07-06 00:00:00+00:00
[2026-07-06T16:32:04.094+0000] {processor.py:183} INFO - Processing /home/airflow/.local/lib/python3.8/site-packages/airflow/example_dags/example_short_circuit_operator.py took 0.228 seconds
[2026-07-06T16:32:47.883+0000] {processor.py:161} INFO - Started process (PID=1262) to work on /home/airflow/.local/lib/python3.8/site-packages/airflow/example_dags/example_short_circuit_operator.py
[2026-07-06T16:32:47.887+0000] {processor.py:830} INFO - Processing file /home/airflow/.local/lib/python3.8/site-packages/airflow/example_dags/example_short_circuit_operator.py for tasks to queue
[2026-07-06T16:32:47.895+0000] {logging_mixin.py:188} INFO - [2026-07-06T16:32:47.893+0000] {dagbag.py:538} INFO - Filling up the DagBag from /home/airflow/.local/lib/python3.8/site-packages/airflow/example_dags/example_short_circuit_operator.py
[2026-07-06T16:32:47.920+0000] {processor.py:840} INFO - DAG(s) 'example_short_circuit_operator' retrieved from /home/airflow/.local/lib/python3.8/site-packages/airflow/example_dags/example_short_circuit_operator.py
[2026-07-06T16:32:48.042+0000] {logging_mixin.py:188} INFO - [2026-07-06T16:32:48.041+0000] {dag.py:3036} INFO - Sync 1 DAGs
[2026-07-06T16:32:48.135+0000] {logging_mixin.py:188} INFO - [2026-07-06T16:32:48.135+0000] {dag.py:3823} INFO - Setting next_dagrun for example_short_circuit_operator to 2026-07-05 00:00:00+00:00, run_after=2026-07-06 00:00:00+00:00
[2026-07-06T16:32:48.195+0000] {processor.py:183} INFO - Processing /home/airflow/.local/lib/python3.8/site-packages/airflow/example_dags/example_short_circuit_operator.py took 0.325 seconds
[2026-07-06T16:33:18.426+0000] {processor.py:161} INFO - Started process (PID=1320) to work on /home/airflow/.local/lib/python3.8/site-packages/airflow/example_dags/example_short_circuit_operator.py
[2026-07-06T16:33:18.429+0000] {processor.py:830} INFO - Processing file /home/airflow/.local/lib/python3.8/site-packages/airflow/example_dags/example_short_circuit_operator.py for tasks to queue
[2026-07-06T16:33:18.434+0000] {logging_mixin.py:188} INFO - [2026-07-06T16:33:18.433+0000] {dagbag.py:538} INFO - Filling up the DagBag from /home/airflow/.local/lib/python3.8/site-packages/airflow/example_dags/example_short_circuit_operator.py
[2026-07-06T16:33:18.455+0000] {processor.py:840} INFO - DAG(s) 'example_short_circuit_operator' retrieved from /home/airflow/.local/lib/python3.8/site-packages/airflow/example_dags/example_short_circuit_operator.py
[2026-07-06T16:33:18.545+0000] {logging_mixin.py:188} INFO - [2026-07-06T16:33:18.544+0000] {dag.py:3036} INFO - Sync 1 DAGs
[2026-07-06T16:33:18.618+0000] {logging_mixin.py:188} INFO - [2026-07-06T16:33:18.617+0000] {dag.py:3823} INFO - Setting next_dagrun for example_short_circuit_operator to 2026-07-05 00:00:00+00:00, run_after=2026-07-06 00:00:00+00:00
[2026-07-06T16:33:18.669+0000] {processor.py:183} INFO - Processing /home/airflow/.local/lib/python3.8/site-packages/airflow/example_dags/example_short_circuit_operator.py took 0.257 seconds
[2026-07-06T16:33:49.968+0000] {processor.py:161} INFO - Started process (PID=1385) to work on /home/airflow/.local/lib/python3.8/site-packages/airflow/example_dags/example_short_circuit_operator.py
[2026-07-06T16:33:49.972+0000] {processor.py:830} INFO - Processing file /home/airflow/.local/lib/python3.8/site-packages/airflow/example_dags/example_short_circuit_operator.py for tasks to queue
[2026-07-06T16:33:49.976+0000] {logging_mixin.py:188} INFO - [2026-07-06T16:33:49.975+0000] {dagbag.py:538} INFO - Filling up the DagBag from /home/airflow/.local/lib/python3.8/site-packages/airflow/example_dags/example_short_circuit_operator.py
[2026-07-06T16:33:49.995+0000] {processor.py:840} INFO - DAG(s) 'example_short_circuit_operator' retrieved from /home/airflow/.local/lib/python3.8/site-packages/airflow/example_dags/example_short_circuit_operator.py
[2026-07-06T16:33:50.051+0000] {logging_mixin.py:188} INFO - [2026-07-06T16:33:50.051+0000] {dag.py:3036} INFO - Sync 1 DAGs
[2026-07-06T16:33:50.114+0000] {logging_mixin.py:188} INFO - [2026-07-06T16:33:50.114+0000] {dag.py:3823} INFO - Setting next_dagrun for example_short_circuit_operator to 2026-07-05 00:00:00+00:00, run_after=2026-07-06 00:00:00+00:00
[2026-07-06T16:33:50.173+0000] {processor.py:183} INFO - Processing /home/airflow/.local/lib/python3.8/site-packages/airflow/example_dags/example_short_circuit_operator.py took 0.215 seconds
[2026-07-06T16:34:20.769+0000] {processor.py:161} INFO - Started process (PID=1450) to work on /home/airflow/.local/lib/python3.8/site-packages/airflow/example_dags/example_short_circuit_operator.py
[2026-07-06T16:34:20.772+0000] {processor.py:830} INFO - Processing file /home/airflow/.local/lib/python3.8/site-packages/airflow/example_dags/example_short_circuit_operator.py for tasks to queue
[2026-07-06T16:34:20.776+0000] {logging_mixin.py:188} INFO - [2026-07-06T16:34:20.775+0000] {dagbag.py:538} INFO - Filling up the DagBag from /home/airflow/.local/lib/python3.8/site-packages/airflow/example_dags/example_short_circuit_operator.py
[2026-07-06T16:34:20.796+0000] {processor.py:840} INFO - DAG(s) 'example_short_circuit_operator' retrieved from /home/airflow/.local/lib/python3.8/site-packages/airflow/example_dags/example_short_circuit_operator.py
[2026-07-06T16:34:20.855+0000] {logging_mixin.py:188} INFO - [2026-07-06T16:34:20.854+0000] {dag.py:3036} INFO - Sync 1 DAGs
[2026-07-06T16:34:20.909+0000] {logging_mixin.py:188} INFO - [2026-07-06T16:34:20.909+0000] {dag.py:3823} INFO - Setting next_dagrun for example_short_circuit_operator to 2026-07-05 00:00:00+00:00, run_after=2026-07-06 00:00:00+00:00
[2026-07-06T16:34:20.961+0000] {processor.py:183} INFO - Processing /home/airflow/.local/lib/python3.8/site-packages/airflow/example_dags/example_short_circuit_operator.py took 0.204 seconds
[2026-07-06T16:34:51.910+0000] {processor.py:161} INFO - Started process (PID=1516) to work on /home/airflow/.local/lib/python3.8/site-packages/airflow/example_dags/example_short_circuit_operator.py
[2026-07-06T16:34:51.915+0000] {processor.py:830} INFO - Processing file /home/airflow/.local/lib/python3.8/site-packages/airflow/example_dags/example_short_circuit_operator.py for tasks to queue
[2026-07-06T16:34:51.922+0000] {logging_mixin.py:188} INFO - [2026-07-06T16:34:51.921+0000] {dagbag.py:538} INFO - Filling up the DagBag from /home/airflow/.local/lib/python3.8/site-packages/airflow/example_dags/example_short_circuit_operator.py
[2026-07-06T16:34:51.947+0000] {processor.py:840} INFO - DAG(s) 'example_short_circuit_operator' retrieved from /home/airflow/.local/lib/python3.8/site-packages/airflow/example_dags/example_short_circuit_operator.py
[2026-07-06T16:34:52.023+0000] {logging_mixin.py:188} INFO - [2026-07-06T16:34:52.023+0000] {dag.py:3036} INFO - Sync 1 DAGs
[2026-07-06T16:34:52.129+0000] {logging_mixin.py:188} INFO - [2026-07-06T16:34:52.128+0000] {dag.py:3823} INFO - Setting next_dagrun for example_short_circuit_operator to 2026-07-05 00:00:00+00:00, run_after=2026-07-06 00:00:00+00:00
[2026-07-06T16:34:52.191+0000] {processor.py:183} INFO - Processing /home/airflow/.local/lib/python3.8/site-packages/airflow/example_dags/example_short_circuit_operator.py took 0.295 seconds
[2026-07-06T16:35:23.383+0000] {processor.py:161} INFO - Started process (PID=1580) to work on /home/airflow/.local/lib/python3.8/site-packages/airflow/example_dags/example_short_circuit_operator.py
[2026-07-06T16:35:23.388+0000] {processor.py:830} INFO - Processing file /home/airflow/.local/lib/python3.8/site-packages/airflow/example_dags/example_short_circuit_operator.py for tasks to queue
[2026-07-06T16:35:23.393+0000] {logging_mixin.py:188} INFO - [2026-07-06T16:35:23.392+0000] {dagbag.py:538} INFO - Filling up the DagBag from /home/airflow/.local/lib/python3.8/site-packages/airflow/example_dags/example_short_circuit_operator.py
[2026-07-06T16:35:23.415+0000] {processor.py:840} INFO - DAG(s) 'example_short_circuit_operator' retrieved from /home/airflow/.local/lib/python3.8/site-packages/airflow/example_dags/example_short_circuit_operator.py
[2026-07-06T16:35:23.475+0000] {logging_mixin.py:188} INFO - [2026-07-06T16:35:23.475+0000] {dag.py:3036} INFO - Sync 1 DAGs
[2026-07-06T16:35:23.528+0000] {logging_mixin.py:188} INFO - [2026-07-06T16:35:23.527+0000] {dag.py:3823} INFO - Setting next_dagrun for example_short_circuit_operator to 2026-07-05 00:00:00+00:00, run_after=2026-07-06 00:00:00+00:00
[2026-07-06T16:35:23.579+0000] {processor.py:183} INFO - Processing /home/airflow/.local/lib/python3.8/site-packages/airflow/example_dags/example_short_circuit_operator.py took 0.206 seconds
[2026-07-06T16:35:54.120+0000] {processor.py:161} INFO - Started process (PID=1644) to work on /home/airflow/.local/lib/python3.8/site-packages/airflow/example_dags/example_short_circuit_operator.py
[2026-07-06T16:35:54.126+0000] {processor.py:830} INFO - Processing file /home/airflow/.local/lib/python3.8/site-packages/airflow/example_dags/example_short_circuit_operator.py for tasks to queue
[2026-07-06T16:35:54.135+0000] {logging_mixin.py:188} INFO - [2026-07-06T16:35:54.134+0000] {dagbag.py:538} INFO - Filling up the DagBag from /home/airflow/.local/lib/python3.8/site-packages/airflow/example_dags/example_short_circuit_operator.py
[2026-07-06T16:35:54.160+0000] {processor.py:840} INFO - DAG(s) 'example_short_circuit_operator' retrieved from /home/airflow/.local/lib/python3.8/site-packages/airflow/example_dags/example_short_circuit_operator.py
[2026-07-06T16:35:54.263+0000] {logging_mixin.py:188} INFO - [2026-07-06T16:35:54.262+0000] {dag.py:3036} INFO - Sync 1 DAGs
[2026-07-06T16:35:54.330+0000] {logging_mixin.py:188} INFO - [2026-07-06T16:35:54.329+0000] {dag.py:3823} INFO - Setting next_dagrun for example_short_circuit_operator to 2026-07-05 00:00:00+00:00, run_after=2026-07-06 00:00:00+00:00
[2026-07-06T16:35:54.404+0000] {processor.py:183} INFO - Processing /home/airflow/.local/lib/python3.8/site-packages/airflow/example_dags/example_short_circuit_operator.py took 0.313 seconds
[2026-07-06T16:36:25.219+0000] {processor.py:161} INFO - Started process (PID=1702) to work on /home/airflow/.local/lib/python3.8/site-packages/airflow/example_dags/example_short_circuit_operator.py
[2026-07-06T16:36:25.222+0000] {processor.py:830} INFO - Processing file /home/airflow/.local/lib/python3.8/site-packages/airflow/example_dags/example_short_circuit_operator.py for tasks to queue
[2026-07-06T16:36:25.227+0000] {logging_mixin.py:188} INFO - [2026-07-06T16:36:25.226+0000] {dagbag.py:538} INFO - Filling up the DagBag from /home/airflow/.local/lib/python3.8/site-packages/airflow/example_dags/example_short_circuit_operator.py
[2026-07-06T16:36:25.261+0000] {processor.py:840} INFO - DAG(s) 'example_short_circuit_operator' retrieved from /home/airflow/.local/lib/python3.8/site-packages/airflow/example_dags/example_short_circuit_operator.py
[2026-07-06T16:36:25.351+0000] {logging_mixin.py:188} INFO - [2026-07-06T16:36:25.351+0000] {dag.py:3036} INFO - Sync 1 DAGs
[2026-07-06T16:36:25.434+0000] {logging_mixin.py:188} INFO - [2026-07-06T16:36:25.434+0000] {dag.py:3823} INFO - Setting next_dagrun for example_short_circuit_operator to 2026-07-05 00:00:00+00:00, run_after=2026-07-06 00:00:00+00:00
[2026-07-06T16:36:25.492+0000] {processor.py:183} INFO - Processing /home/airflow/.local/lib/python3.8/site-packages/airflow/example_dags/example_short_circuit_operator.py took 0.297 seconds
[2026-07-06T16:36:55.775+0000] {processor.py:161} INFO - Started process (PID=1768) to work on /home/airflow/.local/lib/python3.8/site-packages/airflow/example_dags/example_short_circuit_operator.py
[2026-07-06T16:36:55.778+0000] {processor.py:830} INFO - Processing file /home/airflow/.local/lib/python3.8/site-packages/airflow/example_dags/example_short_circuit_operator.py for tasks to queue
[2026-07-06T16:36:55.784+0000] {logging_mixin.py:188} INFO - [2026-07-06T16:36:55.782+0000] {dagbag.py:538} INFO - Filling up the DagBag from /home/airflow/.local/lib/python3.8/site-packages/airflow/example_dags/example_short_circuit_operator.py
[2026-07-06T16:36:55.812+0000] {processor.py:840} INFO - DAG(s) 'example_short_circuit_operator' retrieved from /home/airflow/.local/lib/python3.8/site-packages/airflow/example_dags/example_short_circuit_operator.py
[2026-07-06T16:36:55.888+0000] {logging_mixin.py:188} INFO - [2026-07-06T16:36:55.887+0000] {dag.py:3036} INFO - Sync 1 DAGs
[2026-07-06T16:36:55.956+0000] {logging_mixin.py:188} INFO - [2026-07-06T16:36:55.955+0000] {dag.py:3823} INFO - Setting next_dagrun for example_short_circuit_operator to 2026-07-05 00:00:00+00:00, run_after=2026-07-06 00:00:00+00:00
[2026-07-06T16:36:56.008+0000] {processor.py:183} INFO - Processing /home/airflow/.local/lib/python3.8/site-packages/airflow/example_dags/example_short_circuit_operator.py took 0.242 seconds
[2026-07-06T16:37:26.148+0000] {processor.py:161} INFO - Started process (PID=1834) to work on /home/airflow/.local/lib/python3.8/site-packages/airflow/example_dags/example_short_circuit_operator.py
[2026-07-06T16:37:26.150+0000] {processor.py:830} INFO - Processing file /home/airflow/.local/lib/python3.8/site-packages/airflow/example_dags/example_short_circuit_operator.py for tasks to queue
[2026-07-06T16:37:26.154+0000] {logging_mixin.py:188} INFO - [2026-07-06T16:37:26.153+0000] {dagbag.py:538} INFO - Filling up the DagBag from /home/airflow/.local/lib/python3.8/site-packages/airflow/example_dags/example_short_circuit_operator.py
[2026-07-06T16:37:26.179+0000] {processor.py:840} INFO - DAG(s) 'example_short_circuit_operator' retrieved from /home/airflow/.local/lib/python3.8/site-packages/airflow/example_dags/example_short_circuit_operator.py
[2026-07-06T16:37:26.240+0000] {logging_mixin.py:188} INFO - [2026-07-06T16:37:26.240+0000] {dag.py:3036} INFO - Sync 1 DAGs
[2026-07-06T16:37:26.302+0000] {logging_mixin.py:188} INFO - [2026-07-06T16:37:26.301+0000] {dag.py:3823} INFO - Setting next_dagrun for example_short_circuit_operator to 2026-07-05 00:00:00+00:00, run_after=2026-07-06 00:00:00+00:00
[2026-07-06T16:37:26.355+0000] {processor.py:183} INFO - Processing /home/airflow/.local/lib/python3.8/site-packages/airflow/example_dags/example_short_circuit_operator.py took 0.217 seconds
[2026-07-06T16:37:57.484+0000] {processor.py:161} INFO - Started process (PID=1898) to work on /home/airflow/.local/lib/python3.8/site-packages/airflow/example_dags/example_short_circuit_operator.py
[2026-07-06T16:37:57.506+0000] {processor.py:830} INFO - Processing file /home/airflow/.local/lib/python3.8/site-packages/airflow/example_dags/example_short_circuit_operator.py for tasks to queue
[2026-07-06T16:37:57.513+0000] {logging_mixin.py:188} INFO - [2026-07-06T16:37:57.511+0000] {dagbag.py:538} INFO - Filling up the DagBag from /home/airflow/.local/lib/python3.8/site-packages/airflow/example_dags/example_short_circuit_operator.py
[2026-07-06T16:37:57.540+0000] {processor.py:840} INFO - DAG(s) 'example_short_circuit_operator' retrieved from /home/airflow/.local/lib/python3.8/site-packages/airflow/example_dags/example_short_circuit_operator.py
[2026-07-06T16:37:57.663+0000] {logging_mixin.py:188} INFO - [2026-07-06T16:37:57.662+0000] {dag.py:3036} INFO - Sync 1 DAGs
[2026-07-06T16:37:57.744+0000] {logging_mixin.py:188} INFO - [2026-07-06T16:37:57.743+0000] {dag.py:3823} INFO - Setting next_dagrun for example_short_circuit_operator to 2026-07-05 00:00:00+00:00, run_after=2026-07-06 00:00:00+00:00
[2026-07-06T16:37:57.837+0000] {processor.py:183} INFO - Processing /home/airflow/.local/lib/python3.8/site-packages/airflow/example_dags/example_short_circuit_operator.py took 0.368 seconds
[2026-07-06T16:38:28.038+0000] {processor.py:161} INFO - Started process (PID=1957) to work on /home/airflow/.local/lib/python3.8/site-packages/airflow/example_dags/example_short_circuit_operator.py
[2026-07-06T16:38:28.041+0000] {processor.py:830} INFO - Processing file /home/airflow/.local/lib/python3.8/site-packages/airflow/example_dags/example_short_circuit_operator.py for tasks to queue
[2026-07-06T16:38:28.045+0000] {logging_mixin.py:188} INFO - [2026-07-06T16:38:28.045+0000] {dagbag.py:538} INFO - Filling up the DagBag from /home/airflow/.local/lib/python3.8/site-packages/airflow/example_dags/example_short_circuit_operator.py
[2026-07-06T16:38:28.067+0000] {processor.py:840} INFO - DAG(s) 'example_short_circuit_operator' retrieved from /home/airflow/.local/lib/python3.8/site-packages/airflow/example_dags/example_short_circuit_operator.py
[2026-07-06T16:38:28.130+0000] {logging_mixin.py:188} INFO - [2026-07-06T16:38:28.130+0000] {dag.py:3036} INFO - Sync 1 DAGs
[2026-07-06T16:38:28.179+0000] {logging_mixin.py:188} INFO - [2026-07-06T16:38:28.178+0000] {dag.py:3823} INFO - Setting next_dagrun for example_short_circuit_operator to 2026-07-05 00:00:00+00:00, run_after=2026-07-06 00:00:00+00:00
[2026-07-06T16:38:28.229+0000] {processor.py:183} INFO - Processing /home/airflow/.local/lib/python3.8/site-packages/airflow/example_dags/example_short_circuit_operator.py took 0.199 seconds
[2026-07-06T16:38:58.554+0000] {processor.py:161} INFO - Started process (PID=2025) to work on /home/airflow/.local/lib/python3.8/site-packages/airflow/example_dags/example_short_circuit_operator.py
[2026-07-06T16:38:58.556+0000] {processor.py:830} INFO - Processing file /home/airflow/.local/lib/python3.8/site-packages/airflow/example_dags/example_short_circuit_operator.py for tasks to queue
[2026-07-06T16:38:58.562+0000] {logging_mixin.py:188} INFO - [2026-07-06T16:38:58.561+0000] {dagbag.py:538} INFO - Filling up the DagBag from /home/airflow/.local/lib/python3.8/site-packages/airflow/example_dags/example_short_circuit_operator.py
[2026-07-06T16:38:58.589+0000] {processor.py:840} INFO - DAG(s) 'example_short_circuit_operator' retrieved from /home/airflow/.local/lib/python3.8/site-packages/airflow/example_dags/example_short_circuit_operator.py
[2026-07-06T16:38:58.655+0000] {logging_mixin.py:188} INFO - [2026-07-06T16:38:58.655+0000] {dag.py:3036} INFO - Sync 1 DAGs
[2026-07-06T16:38:58.707+0000] {logging_mixin.py:188} INFO - [2026-07-06T16:38:58.707+0000] {dag.py:3823} INFO - Setting next_dagrun for example_short_circuit_operator to 2026-07-05 00:00:00+00:00, run_after=2026-07-06 00:00:00+00:00
[2026-07-06T16:38:58.750+0000] {processor.py:183} INFO - Processing /home/airflow/.local/lib/python3.8/site-packages/airflow/example_dags/example_short_circuit_operator.py took 0.206 seconds
[2026-07-06T16:39:29.712+0000] {processor.py:161} INFO - Started process (PID=2091) to work on /home/airflow/.local/lib/python3.8/site-packages/airflow/example_dags/example_short_circuit_operator.py
[2026-07-06T16:39:29.715+0000] {processor.py:830} INFO - Processing file /home/airflow/.local/lib/python3.8/site-packages/airflow/example_dags/example_short_circuit_operator.py for tasks to queue
[2026-07-06T16:39:29.720+0000] {logging_mixin.py:188} INFO - [2026-07-06T16:39:29.719+0000] {dagbag.py:538} INFO - Filling up the DagBag from /home/airflow/.local/lib/python3.8/site-packages/airflow/example_dags/example_short_circuit_operator.py
[2026-07-06T16:39:29.744+0000] {processor.py:840} INFO - DAG(s) 'example_short_circuit_operator' retrieved from /home/airflow/.local/lib/python3.8/site-packages/airflow/example_dags/example_short_circuit_operator.py
[2026-07-06T16:39:29.841+0000] {logging_mixin.py:188} INFO - [2026-07-06T16:39:29.840+0000] {dag.py:3036} INFO - Sync 1 DAGs
[2026-07-06T16:39:29.908+0000] {logging_mixin.py:188} INFO - [2026-07-06T16:39:29.907+0000] {dag.py:3823} INFO - Setting next_dagrun for example_short_circuit_operator to 2026-07-05 00:00:00+00:00, run_after=2026-07-06 00:00:00+00:00
[2026-07-06T16:39:29.954+0000] {processor.py:183} INFO - Processing /home/airflow/.local/lib/python3.8/site-packages/airflow/example_dags/example_short_circuit_operator.py took 0.253 seconds
[2026-07-06T16:40:10.156+0000] {processor.py:161} INFO - Started process (PID=2158) to work on /home/airflow/.local/lib/python3.8/site-packages/airflow/example_dags/example_short_circuit_operator.py
[2026-07-06T16:40:10.172+0000] {processor.py:830} INFO - Processing file /home/airflow/.local/lib/python3.8/site-packages/airflow/example_dags/example_short_circuit_operator.py for tasks to queue
[2026-07-06T16:40:10.228+0000] {logging_mixin.py:188} INFO - [2026-07-06T16:40:10.205+0000] {dagbag.py:538} INFO - Filling up the DagBag from /home/airflow/.local/lib/python3.8/site-packages/airflow/example_dags/example_short_circuit_operator.py
[2026-07-06T16:40:10.284+0000] {processor.py:840} INFO - DAG(s) 'example_short_circuit_operator' retrieved from /home/airflow/.local/lib/python3.8/site-packages/airflow/example_dags/example_short_circuit_operator.py
[2026-07-06T16:40:10.479+0000] {logging_mixin.py:188} INFO - [2026-07-06T16:40:10.474+0000] {dag.py:3036} INFO - Sync 1 DAGs
[2026-07-06T16:40:10.667+0000] {logging_mixin.py:188} INFO - [2026-07-06T16:40:10.665+0000] {dag.py:3823} INFO - Setting next_dagrun for example_short_circuit_operator to 2026-07-05 00:00:00+00:00, run_after=2026-07-06 00:00:00+00:00
[2026-07-06T16:40:10.819+0000] {processor.py:183} INFO - Processing /home/airflow/.local/lib/python3.8/site-packages/airflow/example_dags/example_short_circuit_operator.py took 0.711 seconds
[2026-07-06T16:40:41.680+0000] {processor.py:161} INFO - Started process (PID=2224) to work on /home/airflow/.local/lib/python3.8/site-packages/airflow/example_dags/example_short_circuit_operator.py
[2026-07-06T16:40:41.682+0000] {processor.py:830} INFO - Processing file /home/airflow/.local/lib/python3.8/site-packages/airflow/example_dags/example_short_circuit_operator.py for tasks to queue
[2026-07-06T16:40:41.693+0000] {logging_mixin.py:188} INFO - [2026-07-06T16:40:41.692+0000] {dagbag.py:538} INFO - Filling up the DagBag from /home/airflow/.local/lib/python3.8/site-packages/airflow/example_dags/example_short_circuit_operator.py
[2026-07-06T16:40:41.720+0000] {processor.py:840} INFO - DAG(s) 'example_short_circuit_operator' retrieved from /home/airflow/.local/lib/python3.8/site-packages/airflow/example_dags/example_short_circuit_operator.py
[2026-07-06T16:40:41.791+0000] {logging_mixin.py:188} INFO - [2026-07-06T16:40:41.791+0000] {dag.py:3036} INFO - Sync 1 DAGs
[2026-07-06T16:40:41.856+0000] {logging_mixin.py:188} INFO - [2026-07-06T16:40:41.856+0000] {dag.py:3823} INFO - Setting next_dagrun for example_short_circuit_operator to 2026-07-05 00:00:00+00:00, run_after=2026-07-06 00:00:00+00:00
[2026-07-06T16:40:41.938+0000] {processor.py:183} INFO - Processing /home/airflow/.local/lib/python3.8/site-packages/airflow/example_dags/example_short_circuit_operator.py took 0.271 seconds
[2026-07-06T16:41:12.842+0000] {processor.py:161} INFO - Started process (PID=2290) to work on /home/airflow/.local/lib/python3.8/site-packages/airflow/example_dags/example_short_circuit_operator.py
[2026-07-06T16:41:12.850+0000] {processor.py:830} INFO - Processing file /home/airflow/.local/lib/python3.8/site-packages/airflow/example_dags/example_short_circuit_operator.py for tasks to queue
[2026-07-06T16:41:12.856+0000] {logging_mixin.py:188} INFO - [2026-07-06T16:41:12.854+0000] {dagbag.py:538} INFO - Filling up the DagBag from /home/airflow/.local/lib/python3.8/site-packages/airflow/example_dags/example_short_circuit_operator.py
[2026-07-06T16:41:12.877+0000] {processor.py:840} INFO - DAG(s) 'example_short_circuit_operator' retrieved from /home/airflow/.local/lib/python3.8/site-packages/airflow/example_dags/example_short_circuit_operator.py
[2026-07-06T16:41:12.942+0000] {logging_mixin.py:188} INFO - [2026-07-06T16:41:12.941+0000] {dag.py:3036} INFO - Sync 1 DAGs
[2026-07-06T16:41:13.004+0000] {logging_mixin.py:188} INFO - [2026-07-06T16:41:13.004+0000] {dag.py:3823} INFO - Setting next_dagrun for example_short_circuit_operator to 2026-07-05 00:00:00+00:00, run_after=2026-07-06 00:00:00+00:00
[2026-07-06T16:41:13.058+0000] {processor.py:183} INFO - Processing /home/airflow/.local/lib/python3.8/site-packages/airflow/example_dags/example_short_circuit_operator.py took 0.238 seconds
[2026-07-06T16:41:43.300+0000] {processor.py:161} INFO - Started process (PID=2357) to work on /home/airflow/.local/lib/python3.8/site-packages/airflow/example_dags/example_short_circuit_operator.py
[2026-07-06T16:41:43.303+0000] {processor.py:830} INFO - Processing file /home/airflow/.local/lib/python3.8/site-packages/airflow/example_dags/example_short_circuit_operator.py for tasks to queue
[2026-07-06T16:41:43.309+0000] {logging_mixin.py:188} INFO - [2026-07-06T16:41:43.308+0000] {dagbag.py:538} INFO - Filling up the DagBag from /home/airflow/.local/lib/python3.8/site-packages/airflow/example_dags/example_short_circuit_operator.py
[2026-07-06T16:41:43.332+0000] {processor.py:840} INFO - DAG(s) 'example_short_circuit_operator' retrieved from /home/airflow/.local/lib/python3.8/site-packages/airflow/example_dags/example_short_circuit_operator.py
[2026-07-06T16:41:43.401+0000] {logging_mixin.py:188} INFO - [2026-07-06T16:41:43.400+0000] {dag.py:3036} INFO - Sync 1 DAGs
[2026-07-06T16:41:43.468+0000] {logging_mixin.py:188} INFO - [2026-07-06T16:41:43.467+0000] {dag.py:3823} INFO - Setting next_dagrun for example_short_circuit_operator to 2026-07-05 00:00:00+00:00, run_after=2026-07-06 00:00:00+00:00
[2026-07-06T16:41:43.512+0000] {processor.py:183} INFO - Processing /home/airflow/.local/lib/python3.8/site-packages/airflow/example_dags/example_short_circuit_operator.py took 0.221 seconds
[2026-07-06T16:42:14.308+0000] {processor.py:161} INFO - Started process (PID=2422) to work on /home/airflow/.local/lib/python3.8/site-packages/airflow/example_dags/example_short_circuit_operator.py
[2026-07-06T16:42:14.311+0000] {processor.py:830} INFO - Processing file /home/airflow/.local/lib/python3.8/site-packages/airflow/example_dags/example_short_circuit_operator.py for tasks to queue
[2026-07-06T16:42:14.317+0000] {logging_mixin.py:188} INFO - [2026-07-06T16:42:14.316+0000] {dagbag.py:538} INFO - Filling up the DagBag from /home/airflow/.local/lib/python3.8/site-packages/airflow/example_dags/example_short_circuit_operator.py
[2026-07-06T16:42:14.341+0000] {processor.py:840} INFO - DAG(s) 'example_short_circuit_operator' retrieved from /home/airflow/.local/lib/python3.8/site-packages/airflow/example_dags/example_short_circuit_operator.py
[2026-07-06T16:42:14.423+0000] {logging_mixin.py:188} INFO - [2026-07-06T16:42:14.423+0000] {dag.py:3036} INFO - Sync 1 DAGs
[2026-07-06T16:42:14.483+0000] {logging_mixin.py:188} INFO - [2026-07-06T16:42:14.483+0000] {dag.py:3823} INFO - Setting next_dagrun for example_short_circuit_operator to 2026-07-05 00:00:00+00:00, run_after=2026-07-06 00:00:00+00:00
[2026-07-06T16:42:14.525+0000] {processor.py:183} INFO - Processing /home/airflow/.local/lib/python3.8/site-packages/airflow/example_dags/example_short_circuit_operator.py took 0.227 seconds
[2026-07-06T16:42:44.997+0000] {processor.py:161} INFO - Started process (PID=2481) to work on /home/airflow/.local/lib/python3.8/site-packages/airflow/example_dags/example_short_circuit_operator.py
[2026-07-06T16:42:45.000+0000] {processor.py:830} INFO - Processing file /home/airflow/.local/lib/python3.8/site-packages/airflow/example_dags/example_short_circuit_operator.py for tasks to queue
[2026-07-06T16:42:45.005+0000] {logging_mixin.py:188} INFO - [2026-07-06T16:42:45.004+0000] {dagbag.py:538} INFO - Filling up the DagBag from /home/airflow/.local/lib/python3.8/site-packages/airflow/example_dags/example_short_circuit_operator.py
[2026-07-06T16:42:45.025+0000] {processor.py:840} INFO - DAG(s) 'example_short_circuit_operator' retrieved from /home/airflow/.local/lib/python3.8/site-packages/airflow/example_dags/example_short_circuit_operator.py
[2026-07-06T16:42:45.088+0000] {logging_mixin.py:188} INFO - [2026-07-06T16:42:45.087+0000] {dag.py:3036} INFO - Sync 1 DAGs
[2026-07-06T16:42:45.150+0000] {logging_mixin.py:188} INFO - [2026-07-06T16:42:45.150+0000] {dag.py:3823} INFO - Setting next_dagrun for example_short_circuit_operator to 2026-07-05 00:00:00+00:00, run_after=2026-07-06 00:00:00+00:00
[2026-07-06T16:42:45.198+0000] {processor.py:183} INFO - Processing /home/airflow/.local/lib/python3.8/site-packages/airflow/example_dags/example_short_circuit_operator.py took 0.211 seconds
[2026-07-06T16:43:15.562+0000] {processor.py:161} INFO - Started process (PID=2547) to work on /home/airflow/.local/lib/python3.8/site-packages/airflow/example_dags/example_short_circuit_operator.py
[2026-07-06T16:43:15.564+0000] {processor.py:830} INFO - Processing file /home/airflow/.local/lib/python3.8/site-packages/airflow/example_dags/example_short_circuit_operator.py for tasks to queue
[2026-07-06T16:43:15.568+0000] {logging_mixin.py:188} INFO - [2026-07-06T16:43:15.567+0000] {dagbag.py:538} INFO - Filling up the DagBag from /home/airflow/.local/lib/python3.8/site-packages/airflow/example_dags/example_short_circuit_operator.py
[2026-07-06T16:43:15.588+0000] {processor.py:840} INFO - DAG(s) 'example_short_circuit_operator' retrieved from /home/airflow/.local/lib/python3.8/site-packages/airflow/example_dags/example_short_circuit_operator.py
[2026-07-06T16:43:15.644+0000] {logging_mixin.py:188} INFO - [2026-07-06T16:43:15.644+0000] {dag.py:3036} INFO - Sync 1 DAGs
[2026-07-06T16:43:15.697+0000] {logging_mixin.py:188} INFO - [2026-07-06T16:43:15.697+0000] {dag.py:3823} INFO - Setting next_dagrun for example_short_circuit_operator to 2026-07-05 00:00:00+00:00, run_after=2026-07-06 00:00:00+00:00
[2026-07-06T16:43:15.740+0000] {processor.py:183} INFO - Processing /home/airflow/.local/lib/python3.8/site-packages/airflow/example_dags/example_short_circuit_operator.py took 0.187 seconds
[2026-07-06T16:43:46.232+0000] {processor.py:161} INFO - Started process (PID=2613) to work on /home/airflow/.local/lib/python3.8/site-packages/airflow/example_dags/example_short_circuit_operator.py
[2026-07-06T16:43:46.236+0000] {processor.py:830} INFO - Processing file /home/airflow/.local/lib/python3.8/site-packages/airflow/example_dags/example_short_circuit_operator.py for tasks to queue
[2026-07-06T16:43:46.241+0000] {logging_mixin.py:188} INFO - [2026-07-06T16:43:46.240+0000] {dagbag.py:538} INFO - Filling up the DagBag from /home/airflow/.local/lib/python3.8/site-packages/airflow/example_dags/example_short_circuit_operator.py
[2026-07-06T16:43:46.265+0000] {processor.py:840} INFO - DAG(s) 'example_short_circuit_operator' retrieved from /home/airflow/.local/lib/python3.8/site-packages/airflow/example_dags/example_short_circuit_operator.py
[2026-07-06T16:43:46.336+0000] {logging_mixin.py:188} INFO - [2026-07-06T16:43:46.335+0000] {dag.py:3036} INFO - Sync 1 DAGs
[2026-07-06T16:43:46.391+0000] {logging_mixin.py:188} INFO - [2026-07-06T16:43:46.391+0000] {dag.py:3823} INFO - Setting next_dagrun for example_short_circuit_operator to 2026-07-05 00:00:00+00:00, run_after=2026-07-06 00:00:00+00:00
[2026-07-06T16:43:46.439+0000] {processor.py:183} INFO - Processing /home/airflow/.local/lib/python3.8/site-packages/airflow/example_dags/example_short_circuit_operator.py took 0.216 seconds
[2026-07-06T16:44:16.964+0000] {processor.py:161} INFO - Started process (PID=2679) to work on /home/airflow/.local/lib/python3.8/site-packages/airflow/example_dags/example_short_circuit_operator.py
[2026-07-06T16:44:16.967+0000] {processor.py:830} INFO - Processing file /home/airflow/.local/lib/python3.8/site-packages/airflow/example_dags/example_short_circuit_operator.py for tasks to queue
[2026-07-06T16:44:16.973+0000] {logging_mixin.py:188} INFO - [2026-07-06T16:44:16.972+0000] {dagbag.py:538} INFO - Filling up the DagBag from /home/airflow/.local/lib/python3.8/site-packages/airflow/example_dags/example_short_circuit_operator.py
[2026-07-06T16:44:16.997+0000] {processor.py:840} INFO - DAG(s) 'example_short_circuit_operator' retrieved from /home/airflow/.local/lib/python3.8/site-packages/airflow/example_dags/example_short_circuit_operator.py
[2026-07-06T16:44:17.119+0000] {logging_mixin.py:188} INFO - [2026-07-06T16:44:17.118+0000] {dag.py:3036} INFO - Sync 1 DAGs
[2026-07-06T16:44:17.177+0000] {logging_mixin.py:188} INFO - [2026-07-06T16:44:17.176+0000] {dag.py:3823} INFO - Setting next_dagrun for example_short_circuit_operator to 2026-07-05 00:00:00+00:00, run_after=2026-07-06 00:00:00+00:00
[2026-07-06T16:44:17.232+0000] {processor.py:183} INFO - Processing /home/airflow/.local/lib/python3.8/site-packages/airflow/example_dags/example_short_circuit_operator.py took 0.277 seconds
[2026-07-06T16:44:47.874+0000] {processor.py:161} INFO - Started process (PID=2746) to work on /home/airflow/.local/lib/python3.8/site-packages/airflow/example_dags/example_short_circuit_operator.py
[2026-07-06T16:44:47.886+0000] {processor.py:830} INFO - Processing file /home/airflow/.local/lib/python3.8/site-packages/airflow/example_dags/example_short_circuit_operator.py for tasks to queue
[2026-07-06T16:44:47.912+0000] {logging_mixin.py:188} INFO - [2026-07-06T16:44:47.910+0000] {dagbag.py:538} INFO - Filling up the DagBag from /home/airflow/.local/lib/python3.8/site-packages/airflow/example_dags/example_short_circuit_operator.py
[2026-07-06T16:44:47.976+0000] {processor.py:840} INFO - DAG(s) 'example_short_circuit_operator' retrieved from /home/airflow/.local/lib/python3.8/site-packages/airflow/example_dags/example_short_circuit_operator.py
[2026-07-06T16:44:48.159+0000] {logging_mixin.py:188} INFO - [2026-07-06T16:44:48.159+0000] {dag.py:3036} INFO - Sync 1 DAGs
[2026-07-06T16:44:48.276+0000] {logging_mixin.py:188} INFO - [2026-07-06T16:44:48.275+0000] {dag.py:3823} INFO - Setting next_dagrun for example_short_circuit_operator to 2026-07-05 00:00:00+00:00, run_after=2026-07-06 00:00:00+00:00
[2026-07-06T16:44:48.340+0000] {processor.py:183} INFO - Processing /home/airflow/.local/lib/python3.8/site-packages/airflow/example_dags/example_short_circuit_operator.py took 0.486 seconds
[2026-07-06T16:45:18.504+0000] {processor.py:161} INFO - Started process (PID=2804) to work on /home/airflow/.local/lib/python3.8/site-packages/airflow/example_dags/example_short_circuit_operator.py
[2026-07-06T16:45:18.507+0000] {processor.py:830} INFO - Processing file /home/airflow/.local/lib/python3.8/site-packages/airflow/example_dags/example_short_circuit_operator.py for tasks to queue
[2026-07-06T16:45:18.512+0000] {logging_mixin.py:188} INFO - [2026-07-06T16:45:18.511+0000] {dagbag.py:538} INFO - Filling up the DagBag from /home/airflow/.local/lib/python3.8/site-packages/airflow/example_dags/example_short_circuit_operator.py
[2026-07-06T16:45:18.535+0000] {processor.py:840} INFO - DAG(s) 'example_short_circuit_operator' retrieved from /home/airflow/.local/lib/python3.8/site-packages/airflow/example_dags/example_short_circuit_operator.py
[2026-07-06T16:45:18.606+0000] {logging_mixin.py:188} INFO - [2026-07-06T16:45:18.606+0000] {dag.py:3036} INFO - Sync 1 DAGs
[2026-07-06T16:45:18.661+0000] {logging_mixin.py:188} INFO - [2026-07-06T16:45:18.661+0000] {dag.py:3823} INFO - Setting next_dagrun for example_short_circuit_operator to 2026-07-05 00:00:00+00:00, run_after=2026-07-06 00:00:00+00:00
[2026-07-06T16:45:18.710+0000] {processor.py:183} INFO - Processing /home/airflow/.local/lib/python3.8/site-packages/airflow/example_dags/example_short_circuit_operator.py took 0.216 seconds
[2026-07-06T16:45:49.001+0000] {processor.py:161} INFO - Started process (PID=2870) to work on /home/airflow/.local/lib/python3.8/site-packages/airflow/example_dags/example_short_circuit_operator.py
[2026-07-06T16:45:49.005+0000] {processor.py:830} INFO - Processing file /home/airflow/.local/lib/python3.8/site-packages/airflow/example_dags/example_short_circuit_operator.py for tasks to queue
[2026-07-06T16:45:49.009+0000] {logging_mixin.py:188} INFO - [2026-07-06T16:45:49.008+0000] {dagbag.py:538} INFO - Filling up the DagBag from /home/airflow/.local/lib/python3.8/site-packages/airflow/example_dags/example_short_circuit_operator.py
[2026-07-06T16:45:49.030+0000] {processor.py:840} INFO - DAG(s) 'example_short_circuit_operator' retrieved from /home/airflow/.local/lib/python3.8/site-packages/airflow/example_dags/example_short_circuit_operator.py
[2026-07-06T16:45:49.098+0000] {logging_mixin.py:188} INFO - [2026-07-06T16:45:49.097+0000] {dag.py:3036} INFO - Sync 1 DAGs
[2026-07-06T16:45:49.161+0000] {logging_mixin.py:188} INFO - [2026-07-06T16:45:49.161+0000] {dag.py:3823} INFO - Setting next_dagrun for example_short_circuit_operator to 2026-07-05 00:00:00+00:00, run_after=2026-07-06 00:00:00+00:00
[2026-07-06T16:45:49.222+0000] {processor.py:183} INFO - Processing /home/airflow/.local/lib/python3.8/site-packages/airflow/example_dags/example_short_circuit_operator.py took 0.231 seconds
[2026-07-06T16:46:20.194+0000] {processor.py:161} INFO - Started process (PID=2936) to work on /home/airflow/.local/lib/python3.8/site-packages/airflow/example_dags/example_short_circuit_operator.py
[2026-07-06T16:46:20.196+0000] {processor.py:830} INFO - Processing file /home/airflow/.local/lib/python3.8/site-packages/airflow/example_dags/example_short_circuit_operator.py for tasks to queue
[2026-07-06T16:46:20.200+0000] {logging_mixin.py:188} INFO - [2026-07-06T16:46:20.199+0000] {dagbag.py:538} INFO - Filling up the DagBag from /home/airflow/.local/lib/python3.8/site-packages/airflow/example_dags/example_short_circuit_operator.py
[2026-07-06T16:46:20.234+0000] {processor.py:840} INFO - DAG(s) 'example_short_circuit_operator' retrieved from /home/airflow/.local/lib/python3.8/site-packages/airflow/example_dags/example_short_circuit_operator.py
[2026-07-06T16:46:20.306+0000] {logging_mixin.py:188} INFO - [2026-07-06T16:46:20.305+0000] {dag.py:3036} INFO - Sync 1 DAGs
[2026-07-06T16:46:20.359+0000] {logging_mixin.py:188} INFO - [2026-07-06T16:46:20.358+0000] {dag.py:3823} INFO - Setting next_dagrun for example_short_circuit_operator to 2026-07-05 00:00:00+00:00, run_after=2026-07-06 00:00:00+00:00
[2026-07-06T16:46:20.402+0000] {processor.py:183} INFO - Processing /home/airflow/.local/lib/python3.8/site-packages/airflow/example_dags/example_short_circuit_operator.py took 0.216 seconds
[2026-07-06T16:46:50.548+0000] {processor.py:161} INFO - Started process (PID=3003) to work on /home/airflow/.local/lib/python3.8/site-packages/airflow/example_dags/example_short_circuit_operator.py
[2026-07-06T16:46:50.551+0000] {processor.py:830} INFO - Processing file /home/airflow/.local/lib/python3.8/site-packages/airflow/example_dags/example_short_circuit_operator.py for tasks to queue
[2026-07-06T16:46:50.559+0000] {logging_mixin.py:188} INFO - [2026-07-06T16:46:50.558+0000] {dagbag.py:538} INFO - Filling up the DagBag from /home/airflow/.local/lib/python3.8/site-packages/airflow/example_dags/example_short_circuit_operator.py
[2026-07-06T16:46:50.589+0000] {processor.py:840} INFO - DAG(s) 'example_short_circuit_operator' retrieved from /home/airflow/.local/lib/python3.8/site-packages/airflow/example_dags/example_short_circuit_operator.py
[2026-07-06T16:46:50.693+0000] {logging_mixin.py:188} INFO - [2026-07-06T16:46:50.692+0000] {dag.py:3036} INFO - Sync 1 DAGs
[2026-07-06T16:46:50.783+0000] {logging_mixin.py:188} INFO - [2026-07-06T16:46:50.782+0000] {dag.py:3823} INFO - Setting next_dagrun for example_short_circuit_operator to 2026-07-05 00:00:00+00:00, run_after=2026-07-06 00:00:00+00:00
[2026-07-06T16:46:51.115+0000] {processor.py:183} INFO - Processing /home/airflow/.local/lib/python3.8/site-packages/airflow/example_dags/example_short_circuit_operator.py took 0.577 seconds
[2026-07-06T16:47:21.673+0000] {processor.py:161} INFO - Started process (PID=3068) to work on /home/airflow/.local/lib/python3.8/site-packages/airflow/example_dags/example_short_circuit_operator.py
[2026-07-06T16:47:21.675+0000] {processor.py:830} INFO - Processing file /home/airflow/.local/lib/python3.8/site-packages/airflow/example_dags/example_short_circuit_operator.py for tasks to queue
[2026-07-06T16:47:21.679+0000] {logging_mixin.py:188} INFO - [2026-07-06T16:47:21.678+0000] {dagbag.py:538} INFO - Filling up the DagBag from /home/airflow/.local/lib/python3.8/site-packages/airflow/example_dags/example_short_circuit_operator.py
[2026-07-06T16:47:21.696+0000] {processor.py:840} INFO - DAG(s) 'example_short_circuit_operator' retrieved from /home/airflow/.local/lib/python3.8/site-packages/airflow/example_dags/example_short_circuit_operator.py
[2026-07-06T16:47:21.750+0000] {logging_mixin.py:188} INFO - [2026-07-06T16:47:21.749+0000] {dag.py:3036} INFO - Sync 1 DAGs
[2026-07-06T16:47:21.802+0000] {logging_mixin.py:188} INFO - [2026-07-06T16:47:21.801+0000] {dag.py:3823} INFO - Setting next_dagrun for example_short_circuit_operator to 2026-07-05 00:00:00+00:00, run_after=2026-07-06 00:00:00+00:00
[2026-07-06T16:47:21.847+0000] {processor.py:183} INFO - Processing /home/airflow/.local/lib/python3.8/site-packages/airflow/example_dags/example_short_circuit_operator.py took 0.182 seconds
[2026-07-06T16:47:52.344+0000] {processor.py:161} INFO - Started process (PID=3134) to work on /home/airflow/.local/lib/python3.8/site-packages/airflow/example_dags/example_short_circuit_operator.py
[2026-07-06T16:47:52.347+0000] {processor.py:830} INFO - Processing file /home/airflow/.local/lib/python3.8/site-packages/airflow/example_dags/example_short_circuit_operator.py for tasks to queue
[2026-07-06T16:47:52.351+0000] {logging_mixin.py:188} INFO - [2026-07-06T16:47:52.350+0000] {dagbag.py:538} INFO - Filling up the DagBag from /home/airflow/.local/lib/python3.8/site-packages/airflow/example_dags/example_short_circuit_operator.py
[2026-07-06T16:47:52.369+0000] {processor.py:840} INFO - DAG(s) 'example_short_circuit_operator' retrieved from /home/airflow/.local/lib/python3.8/site-packages/airflow/example_dags/example_short_circuit_operator.py
[2026-07-06T16:47:52.419+0000] {logging_mixin.py:188} INFO - [2026-07-06T16:47:52.418+0000] {dag.py:3036} INFO - Sync 1 DAGs
[2026-07-06T16:47:52.482+0000] {logging_mixin.py:188} INFO - [2026-07-06T16:47:52.481+0000] {dag.py:3823} INFO - Setting next_dagrun for example_short_circuit_operator to 2026-07-05 00:00:00+00:00, run_after=2026-07-06 00:00:00+00:00
[2026-07-06T16:47:52.531+0000] {processor.py:183} INFO - Processing /home/airflow/.local/lib/python3.8/site-packages/airflow/example_dags/example_short_circuit_operator.py took 0.195 seconds
[2026-07-06T16:48:22.594+0000] {processor.py:161} INFO - Started process (PID=3200) to work on /home/airflow/.local/lib/python3.8/site-packages/airflow/example_dags/example_short_circuit_operator.py
[2026-07-06T16:48:22.596+0000] {processor.py:830} INFO - Processing file /home/airflow/.local/lib/python3.8/site-packages/airflow/example_dags/example_short_circuit_operator.py for tasks to queue
[2026-07-06T16:48:22.599+0000] {logging_mixin.py:188} INFO - [2026-07-06T16:48:22.599+0000] {dagbag.py:538} INFO - Filling up the DagBag from /home/airflow/.local/lib/python3.8/site-packages/airflow/example_dags/example_short_circuit_operator.py
[2026-07-06T16:48:22.615+0000] {processor.py:840} INFO - DAG(s) 'example_short_circuit_operator' retrieved from /home/airflow/.local/lib/python3.8/site-packages/airflow/example_dags/example_short_circuit_operator.py
[2026-07-06T16:48:22.666+0000] {logging_mixin.py:188} INFO - [2026-07-06T16:48:22.665+0000] {dag.py:3036} INFO - Sync 1 DAGs
[2026-07-06T16:48:22.709+0000] {logging_mixin.py:188} INFO - [2026-07-06T16:48:22.708+0000] {dag.py:3823} INFO - Setting next_dagrun for example_short_circuit_operator to 2026-07-05 00:00:00+00:00, run_after=2026-07-06 00:00:00+00:00
[2026-07-06T16:48:22.749+0000] {processor.py:183} INFO - Processing /home/airflow/.local/lib/python3.8/site-packages/airflow/example_dags/example_short_circuit_operator.py took 0.163 seconds
[2026-07-06T16:48:53.134+0000] {processor.py:161} INFO - Started process (PID=3265) to work on /home/airflow/.local/lib/python3.8/site-packages/airflow/example_dags/example_short_circuit_operator.py
[2026-07-06T16:48:53.137+0000] {processor.py:830} INFO - Processing file /home/airflow/.local/lib/python3.8/site-packages/airflow/example_dags/example_short_circuit_operator.py for tasks to queue
[2026-07-06T16:48:53.142+0000] {logging_mixin.py:188} INFO - [2026-07-06T16:48:53.141+0000] {dagbag.py:538} INFO - Filling up the DagBag from /home/airflow/.local/lib/python3.8/site-packages/airflow/example_dags/example_short_circuit_operator.py
[2026-07-06T16:48:53.164+0000] {processor.py:840} INFO - DAG(s) 'example_short_circuit_operator' retrieved from /home/airflow/.local/lib/python3.8/site-packages/airflow/example_dags/example_short_circuit_operator.py
[2026-07-06T16:48:53.219+0000] {logging_mixin.py:188} INFO - [2026-07-06T16:48:53.218+0000] {dag.py:3036} INFO - Sync 1 DAGs
[2026-07-06T16:48:53.266+0000] {logging_mixin.py:188} INFO - [2026-07-06T16:48:53.265+0000] {dag.py:3823} INFO - Setting next_dagrun for example_short_circuit_operator to 2026-07-05 00:00:00+00:00, run_after=2026-07-06 00:00:00+00:00
[2026-07-06T16:48:53.313+0000] {processor.py:183} INFO - Processing /home/airflow/.local/lib/python3.8/site-packages/airflow/example_dags/example_short_circuit_operator.py took 0.189 seconds
[2026-07-06T16:49:24.423+0000] {processor.py:161} INFO - Started process (PID=3331) to work on /home/airflow/.local/lib/python3.8/site-packages/airflow/example_dags/example_short_circuit_operator.py
[2026-07-06T16:49:24.428+0000] {processor.py:830} INFO - Processing file /home/airflow/.local/lib/python3.8/site-packages/airflow/example_dags/example_short_circuit_operator.py for tasks to queue
[2026-07-06T16:49:24.433+0000] {logging_mixin.py:188} INFO - [2026-07-06T16:49:24.432+0000] {dagbag.py:538} INFO - Filling up the DagBag from /home/airflow/.local/lib/python3.8/site-packages/airflow/example_dags/example_short_circuit_operator.py
[2026-07-06T16:49:24.455+0000] {processor.py:840} INFO - DAG(s) 'example_short_circuit_operator' retrieved from /home/airflow/.local/lib/python3.8/site-packages/airflow/example_dags/example_short_circuit_operator.py
[2026-07-06T16:49:24.518+0000] {logging_mixin.py:188} INFO - [2026-07-06T16:49:24.517+0000] {dag.py:3036} INFO - Sync 1 DAGs
[2026-07-06T16:49:24.575+0000] {logging_mixin.py:188} INFO - [2026-07-06T16:49:24.574+0000] {dag.py:3823} INFO - Setting next_dagrun for example_short_circuit_operator to 2026-07-05 00:00:00+00:00, run_after=2026-07-06 00:00:00+00:00
[2026-07-06T16:49:24.617+0000] {processor.py:183} INFO - Processing /home/airflow/.local/lib/python3.8/site-packages/airflow/example_dags/example_short_circuit_operator.py took 0.204 seconds
[2026-07-06T16:49:55.836+0000] {processor.py:161} INFO - Started process (PID=3397) to work on /home/airflow/.local/lib/python3.8/site-packages/airflow/example_dags/example_short_circuit_operator.py
[2026-07-06T16:49:55.838+0000] {processor.py:830} INFO - Processing file /home/airflow/.local/lib/python3.8/site-packages/airflow/example_dags/example_short_circuit_operator.py for tasks to queue
[2026-07-06T16:49:55.844+0000] {logging_mixin.py:188} INFO - [2026-07-06T16:49:55.843+0000] {dagbag.py:538} INFO - Filling up the DagBag from /home/airflow/.local/lib/python3.8/site-packages/airflow/example_dags/example_short_circuit_operator.py
[2026-07-06T16:49:55.873+0000] {processor.py:840} INFO - DAG(s) 'example_short_circuit_operator' retrieved from /home/airflow/.local/lib/python3.8/site-packages/airflow/example_dags/example_short_circuit_operator.py
[2026-07-06T16:49:55.945+0000] {logging_mixin.py:188} INFO - [2026-07-06T16:49:55.944+0000] {dag.py:3036} INFO - Sync 1 DAGs
[2026-07-06T16:49:56.002+0000] {logging_mixin.py:188} INFO - [2026-07-06T16:49:56.001+0000] {dag.py:3823} INFO - Setting next_dagrun for example_short_circuit_operator to 2026-07-05 00:00:00+00:00, run_after=2026-07-06 00:00:00+00:00
[2026-07-06T16:49:56.327+0000] {processor.py:183} INFO - Processing /home/airflow/.local/lib/python3.8/site-packages/airflow/example_dags/example_short_circuit_operator.py took 0.506 seconds
[2026-07-06T16:50:26.458+0000] {processor.py:161} INFO - Started process (PID=3463) to work on /home/airflow/.local/lib/python3.8/site-packages/airflow/example_dags/example_short_circuit_operator.py
[2026-07-06T16:50:26.467+0000] {processor.py:830} INFO - Processing file /home/airflow/.local/lib/python3.8/site-packages/airflow/example_dags/example_short_circuit_operator.py for tasks to queue
[2026-07-06T16:50:26.472+0000] {logging_mixin.py:188} INFO - [2026-07-06T16:50:26.472+0000] {dagbag.py:538} INFO - Filling up the DagBag from /home/airflow/.local/lib/python3.8/site-packages/airflow/example_dags/example_short_circuit_operator.py
[2026-07-06T16:50:26.490+0000] {processor.py:840} INFO - DAG(s) 'example_short_circuit_operator' retrieved from /home/airflow/.local/lib/python3.8/site-packages/airflow/example_dags/example_short_circuit_operator.py
[2026-07-06T16:50:26.558+0000] {logging_mixin.py:188} INFO - [2026-07-06T16:50:26.558+0000] {dag.py:3036} INFO - Sync 1 DAGs
[2026-07-06T16:50:26.606+0000] {logging_mixin.py:188} INFO - [2026-07-06T16:50:26.606+0000] {dag.py:3823} INFO - Setting next_dagrun for example_short_circuit_operator to 2026-07-05 00:00:00+00:00, run_after=2026-07-06 00:00:00+00:00
[2026-07-06T16:50:26.650+0000] {processor.py:183} INFO - Processing /home/airflow/.local/lib/python3.8/site-packages/airflow/example_dags/example_short_circuit_operator.py took 0.200 seconds
[2026-07-06T16:50:57.501+0000] {processor.py:161} INFO - Started process (PID=3528) to work on /home/airflow/.local/lib/python3.8/site-packages/airflow/example_dags/example_short_circuit_operator.py
[2026-07-06T16:50:57.505+0000] {processor.py:830} INFO - Processing file /home/airflow/.local/lib/python3.8/site-packages/airflow/example_dags/example_short_circuit_operator.py for tasks to queue
[2026-07-06T16:50:57.511+0000] {logging_mixin.py:188} INFO - [2026-07-06T16:50:57.510+0000] {dagbag.py:538} INFO - Filling up the DagBag from /home/airflow/.local/lib/python3.8/site-packages/airflow/example_dags/example_short_circuit_operator.py
[2026-07-06T16:50:57.547+0000] {processor.py:840} INFO - DAG(s) 'example_short_circuit_operator' retrieved from /home/airflow/.local/lib/python3.8/site-packages/airflow/example_dags/example_short_circuit_operator.py
[2026-07-06T16:50:57.989+0000] {logging_mixin.py:188} INFO - [2026-07-06T16:50:57.989+0000] {dag.py:3036} INFO - Sync 1 DAGs
[2026-07-06T16:50:58.048+0000] {logging_mixin.py:188} INFO - [2026-07-06T16:50:58.045+0000] {dag.py:3823} INFO - Setting next_dagrun for example_short_circuit_operator to 2026-07-05 00:00:00+00:00, run_after=2026-07-06 00:00:00+00:00
[2026-07-06T16:50:58.126+0000] {processor.py:183} INFO - Processing /home/airflow/.local/lib/python3.8/site-packages/airflow/example_dags/example_short_circuit_operator.py took 0.638 seconds
[2026-07-06T16:51:29.140+0000] {processor.py:161} INFO - Started process (PID=3594) to work on /home/airflow/.local/lib/python3.8/site-packages/airflow/example_dags/example_short_circuit_operator.py
[2026-07-06T16:51:29.146+0000] {processor.py:830} INFO - Processing file /home/airflow/.local/lib/python3.8/site-packages/airflow/example_dags/example_short_circuit_operator.py for tasks to queue
[2026-07-06T16:51:29.155+0000] {logging_mixin.py:188} INFO - [2026-07-06T16:51:29.154+0000] {dagbag.py:538} INFO - Filling up the DagBag from /home/airflow/.local/lib/python3.8/site-packages/airflow/example_dags/example_short_circuit_operator.py
[2026-07-06T16:51:29.180+0000] {processor.py:840} INFO - DAG(s) 'example_short_circuit_operator' retrieved from /home/airflow/.local/lib/python3.8/site-packages/airflow/example_dags/example_short_circuit_operator.py
[2026-07-06T16:51:29.283+0000] {logging_mixin.py:188} INFO - [2026-07-06T16:51:29.280+0000] {dag.py:3036} INFO - Sync 1 DAGs
[2026-07-06T16:51:29.380+0000] {logging_mixin.py:188} INFO - [2026-07-06T16:51:29.379+0000] {dag.py:3823} INFO - Setting next_dagrun for example_short_circuit_operator to 2026-07-05 00:00:00+00:00, run_after=2026-07-06 00:00:00+00:00
[2026-07-06T16:51:29.476+0000] {processor.py:183} INFO - Processing /home/airflow/.local/lib/python3.8/site-packages/airflow/example_dags/example_short_circuit_operator.py took 0.345 seconds
[2026-07-06T16:51:59.662+0000] {processor.py:161} INFO - Started process (PID=3660) to work on /home/airflow/.local/lib/python3.8/site-packages/airflow/example_dags/example_short_circuit_operator.py
[2026-07-06T16:51:59.665+0000] {processor.py:830} INFO - Processing file /home/airflow/.local/lib/python3.8/site-packages/airflow/example_dags/example_short_circuit_operator.py for tasks to queue
[2026-07-06T16:51:59.681+0000] {logging_mixin.py:188} INFO - [2026-07-06T16:51:59.680+0000] {dagbag.py:538} INFO - Filling up the DagBag from /home/airflow/.local/lib/python3.8/site-packages/airflow/example_dags/example_short_circuit_operator.py
[2026-07-06T16:51:59.720+0000] {processor.py:840} INFO - DAG(s) 'example_short_circuit_operator' retrieved from /home/airflow/.local/lib/python3.8/site-packages/airflow/example_dags/example_short_circuit_operator.py
[2026-07-06T16:51:59.811+0000] {logging_mixin.py:188} INFO - [2026-07-06T16:51:59.810+0000] {dag.py:3036} INFO - Sync 1 DAGs
[2026-07-06T16:51:59.931+0000] {logging_mixin.py:188} INFO - [2026-07-06T16:51:59.929+0000] {dag.py:3823} INFO - Setting next_dagrun for example_short_circuit_operator to 2026-07-05 00:00:00+00:00, run_after=2026-07-06 00:00:00+00:00
[2026-07-06T16:52:00.008+0000] {processor.py:183} INFO - Processing /home/airflow/.local/lib/python3.8/site-packages/airflow/example_dags/example_short_circuit_operator.py took 0.375 seconds
[2026-07-06T16:52:30.488+0000] {processor.py:161} INFO - Started process (PID=3724) to work on /home/airflow/.local/lib/python3.8/site-packages/airflow/example_dags/example_short_circuit_operator.py
[2026-07-06T16:52:30.495+0000] {processor.py:830} INFO - Processing file /home/airflow/.local/lib/python3.8/site-packages/airflow/example_dags/example_short_circuit_operator.py for tasks to queue
[2026-07-06T16:52:30.500+0000] {logging_mixin.py:188} INFO - [2026-07-06T16:52:30.499+0000] {dagbag.py:538} INFO - Filling up the DagBag from /home/airflow/.local/lib/python3.8/site-packages/airflow/example_dags/example_short_circuit_operator.py
[2026-07-06T16:52:30.522+0000] {processor.py:840} INFO - DAG(s) 'example_short_circuit_operator' retrieved from /home/airflow/.local/lib/python3.8/site-packages/airflow/example_dags/example_short_circuit_operator.py
[2026-07-06T16:52:30.587+0000] {logging_mixin.py:188} INFO - [2026-07-06T16:52:30.586+0000] {dag.py:3036} INFO - Sync 1 DAGs
[2026-07-06T16:52:30.645+0000] {logging_mixin.py:188} INFO - [2026-07-06T16:52:30.644+0000] {dag.py:3823} INFO - Setting next_dagrun for example_short_circuit_operator to 2026-07-05 00:00:00+00:00, run_after=2026-07-06 00:00:00+00:00
[2026-07-06T16:52:30.691+0000] {processor.py:183} INFO - Processing /home/airflow/.local/lib/python3.8/site-packages/airflow/example_dags/example_short_circuit_operator.py took 0.212 seconds
[2026-07-06T16:53:01.281+0000] {processor.py:161} INFO - Started process (PID=3789) to work on /home/airflow/.local/lib/python3.8/site-packages/airflow/example_dags/example_short_circuit_operator.py
[2026-07-06T16:53:01.289+0000] {processor.py:830} INFO - Processing file /home/airflow/.local/lib/python3.8/site-packages/airflow/example_dags/example_short_circuit_operator.py for tasks to queue
[2026-07-06T16:53:01.294+0000] {logging_mixin.py:188} INFO - [2026-07-06T16:53:01.293+0000] {dagbag.py:538} INFO - Filling up the DagBag from /home/airflow/.local/lib/python3.8/site-packages/airflow/example_dags/example_short_circuit_operator.py
[2026-07-06T16:53:01.315+0000] {processor.py:840} INFO - DAG(s) 'example_short_circuit_operator' retrieved from /home/airflow/.local/lib/python3.8/site-packages/airflow/example_dags/example_short_circuit_operator.py
[2026-07-06T16:53:01.371+0000] {logging_mixin.py:188} INFO - [2026-07-06T16:53:01.371+0000] {dag.py:3036} INFO - Sync 1 DAGs
[2026-07-06T16:53:01.422+0000] {logging_mixin.py:188} INFO - [2026-07-06T16:53:01.422+0000] {dag.py:3823} INFO - Setting next_dagrun for example_short_circuit_operator to 2026-07-05 00:00:00+00:00, run_after=2026-07-06 00:00:00+00:00
[2026-07-06T16:53:01.468+0000] {processor.py:183} INFO - Processing /home/airflow/.local/lib/python3.8/site-packages/airflow/example_dags/example_short_circuit_operator.py took 0.198 seconds
[2026-07-06T16:53:31.796+0000] {processor.py:161} INFO - Started process (PID=3848) to work on /home/airflow/.local/lib/python3.8/site-packages/airflow/example_dags/example_short_circuit_operator.py
[2026-07-06T16:53:31.799+0000] {processor.py:830} INFO - Processing file /home/airflow/.local/lib/python3.8/site-packages/airflow/example_dags/example_short_circuit_operator.py for tasks to queue
[2026-07-06T16:53:31.803+0000] {logging_mixin.py:188} INFO - [2026-07-06T16:53:31.803+0000] {dagbag.py:538} INFO - Filling up the DagBag from /home/airflow/.local/lib/python3.8/site-packages/airflow/example_dags/example_short_circuit_operator.py
[2026-07-06T16:53:31.829+0000] {processor.py:840} INFO - DAG(s) 'example_short_circuit_operator' retrieved from /home/airflow/.local/lib/python3.8/site-packages/airflow/example_dags/example_short_circuit_operator.py
[2026-07-06T16:53:31.889+0000] {logging_mixin.py:188} INFO - [2026-07-06T16:53:31.889+0000] {dag.py:3036} INFO - Sync 1 DAGs
[2026-07-06T16:53:31.952+0000] {logging_mixin.py:188} INFO - [2026-07-06T16:53:31.951+0000] {dag.py:3823} INFO - Setting next_dagrun for example_short_circuit_operator to 2026-07-05 00:00:00+00:00, run_after=2026-07-06 00:00:00+00:00
[2026-07-06T16:53:32.000+0000] {processor.py:183} INFO - Processing /home/airflow/.local/lib/python3.8/site-packages/airflow/example_dags/example_short_circuit_operator.py took 0.212 seconds
[2026-07-06T16:54:02.694+0000] {processor.py:161} INFO - Started process (PID=3915) to work on /home/airflow/.local/lib/python3.8/site-packages/airflow/example_dags/example_short_circuit_operator.py
[2026-07-06T16:54:02.696+0000] {processor.py:830} INFO - Processing file /home/airflow/.local/lib/python3.8/site-packages/airflow/example_dags/example_short_circuit_operator.py for tasks to queue
[2026-07-06T16:54:02.700+0000] {logging_mixin.py:188} INFO - [2026-07-06T16:54:02.700+0000] {dagbag.py:538} INFO - Filling up the DagBag from /home/airflow/.local/lib/python3.8/site-packages/airflow/example_dags/example_short_circuit_operator.py
[2026-07-06T16:54:02.715+0000] {processor.py:840} INFO - DAG(s) 'example_short_circuit_operator' retrieved from /home/airflow/.local/lib/python3.8/site-packages/airflow/example_dags/example_short_circuit_operator.py
[2026-07-06T16:54:02.774+0000] {logging_mixin.py:188} INFO - [2026-07-06T16:54:02.774+0000] {dag.py:3036} INFO - Sync 1 DAGs
[2026-07-06T16:54:02.823+0000] {logging_mixin.py:188} INFO - [2026-07-06T16:54:02.823+0000] {dag.py:3823} INFO - Setting next_dagrun for example_short_circuit_operator to 2026-07-05 00:00:00+00:00, run_after=2026-07-06 00:00:00+00:00
[2026-07-06T16:54:02.871+0000] {processor.py:183} INFO - Processing /home/airflow/.local/lib/python3.8/site-packages/airflow/example_dags/example_short_circuit_operator.py took 0.185 seconds
[2026-07-06T16:54:33.350+0000] {processor.py:161} INFO - Started process (PID=3981) to work on /home/airflow/.local/lib/python3.8/site-packages/airflow/example_dags/example_short_circuit_operator.py
[2026-07-06T16:54:33.352+0000] {processor.py:830} INFO - Processing file /home/airflow/.local/lib/python3.8/site-packages/airflow/example_dags/example_short_circuit_operator.py for tasks to queue
[2026-07-06T16:54:33.356+0000] {logging_mixin.py:188} INFO - [2026-07-06T16:54:33.355+0000] {dagbag.py:538} INFO - Filling up the DagBag from /home/airflow/.local/lib/python3.8/site-packages/airflow/example_dags/example_short_circuit_operator.py
[2026-07-06T16:54:33.373+0000] {processor.py:840} INFO - DAG(s) 'example_short_circuit_operator' retrieved from /home/airflow/.local/lib/python3.8/site-packages/airflow/example_dags/example_short_circuit_operator.py
[2026-07-06T16:54:33.421+0000] {logging_mixin.py:188} INFO - [2026-07-06T16:54:33.420+0000] {dag.py:3036} INFO - Sync 1 DAGs
[2026-07-06T16:54:33.470+0000] {logging_mixin.py:188} INFO - [2026-07-06T16:54:33.470+0000] {dag.py:3823} INFO - Setting next_dagrun for example_short_circuit_operator to 2026-07-05 00:00:00+00:00, run_after=2026-07-06 00:00:00+00:00
[2026-07-06T16:54:33.512+0000] {processor.py:183} INFO - Processing /home/airflow/.local/lib/python3.8/site-packages/airflow/example_dags/example_short_circuit_operator.py took 0.169 seconds
[2026-07-06T16:55:03.793+0000] {processor.py:161} INFO - Started process (PID=4046) to work on /home/airflow/.local/lib/python3.8/site-packages/airflow/example_dags/example_short_circuit_operator.py
[2026-07-06T16:55:03.796+0000] {processor.py:830} INFO - Processing file /home/airflow/.local/lib/python3.8/site-packages/airflow/example_dags/example_short_circuit_operator.py for tasks to queue
[2026-07-06T16:55:03.800+0000] {logging_mixin.py:188} INFO - [2026-07-06T16:55:03.799+0000] {dagbag.py:538} INFO - Filling up the DagBag from /home/airflow/.local/lib/python3.8/site-packages/airflow/example_dags/example_short_circuit_operator.py
[2026-07-06T16:55:03.816+0000] {processor.py:840} INFO - DAG(s) 'example_short_circuit_operator' retrieved from /home/airflow/.local/lib/python3.8/site-packages/airflow/example_dags/example_short_circuit_operator.py
[2026-07-06T16:55:03.867+0000] {logging_mixin.py:188} INFO - [2026-07-06T16:55:03.866+0000] {dag.py:3036} INFO - Sync 1 DAGs
[2026-07-06T16:55:03.914+0000] {logging_mixin.py:188} INFO - [2026-07-06T16:55:03.914+0000] {dag.py:3823} INFO - Setting next_dagrun for example_short_circuit_operator to 2026-07-05 00:00:00+00:00, run_after=2026-07-06 00:00:00+00:00
[2026-07-06T16:55:03.963+0000] {processor.py:183} INFO - Processing /home/airflow/.local/lib/python3.8/site-packages/airflow/example_dags/example_short_circuit_operator.py took 0.178 seconds
