[2026-07-06T16:23:06.602+0000] {processor.py:161} INFO - Started process (PID=230) to work on /home/airflow/.local/lib/python3.8/site-packages/airflow/example_dags/example_latest_only.py
[2026-07-06T16:23:06.645+0000] {processor.py:830} INFO - Processing file /home/airflow/.local/lib/python3.8/site-packages/airflow/example_dags/example_latest_only.py for tasks to queue
[2026-07-06T16:23:06.898+0000] {logging_mixin.py:188} INFO - [2026-07-06T16:23:06.886+0000] {dagbag.py:538} INFO - Filling up the DagBag from /home/airflow/.local/lib/python3.8/site-packages/airflow/example_dags/example_latest_only.py
[2026-07-06T16:23:07.148+0000] {processor.py:840} INFO - DAG(s) 'latest_only' retrieved from /home/airflow/.local/lib/python3.8/site-packages/airflow/example_dags/example_latest_only.py
[2026-07-06T16:23:12.313+0000] {logging_mixin.py:188} INFO - [2026-07-06T16:23:12.309+0000] {override.py:1769} INFO - Created Permission View: can read on DAG:latest_only
[2026-07-06T16:23:12.516+0000] {logging_mixin.py:188} INFO - [2026-07-06T16:23:12.513+0000] {override.py:1769} INFO - Created Permission View: can delete on DAG:latest_only
[2026-07-06T16:23:12.607+0000] {logging_mixin.py:188} INFO - [2026-07-06T16:23:12.607+0000] {override.py:1769} INFO - Created Permission View: can edit on DAG:latest_only
[2026-07-06T16:23:12.609+0000] {logging_mixin.py:188} INFO - [2026-07-06T16:23:12.608+0000] {dag.py:3036} INFO - Sync 1 DAGs
[2026-07-06T16:23:12.773+0000] {logging_mixin.py:188} INFO - [2026-07-06T16:23:12.773+0000] {dag.py:3058} INFO - Creating ORM DAG for latest_only
[2026-07-06T16:23:13.130+0000] {logging_mixin.py:188} INFO - [2026-07-06T16:23:13.130+0000] {dag.py:3823} INFO - Setting next_dagrun for latest_only to 2026-07-06 12:00:00+00:00, run_after=2026-07-06 16:00:00+00:00
[2026-07-06T16:23:14.203+0000] {processor.py:183} INFO - Processing /home/airflow/.local/lib/python3.8/site-packages/airflow/example_dags/example_latest_only.py took 8.327 seconds
[2026-07-06T16:24:51.034+0000] {processor.py:161} INFO - Started process (PID=321) to work on /home/airflow/.local/lib/python3.8/site-packages/airflow/example_dags/example_latest_only.py
[2026-07-06T16:24:51.040+0000] {processor.py:830} INFO - Processing file /home/airflow/.local/lib/python3.8/site-packages/airflow/example_dags/example_latest_only.py for tasks to queue
[2026-07-06T16:24:51.046+0000] {logging_mixin.py:188} INFO - [2026-07-06T16:24:51.045+0000] {dagbag.py:538} INFO - Filling up the DagBag from /home/airflow/.local/lib/python3.8/site-packages/airflow/example_dags/example_latest_only.py
[2026-07-06T16:24:51.065+0000] {processor.py:840} INFO - DAG(s) 'latest_only' retrieved from /home/airflow/.local/lib/python3.8/site-packages/airflow/example_dags/example_latest_only.py
[2026-07-06T16:24:51.189+0000] {logging_mixin.py:188} INFO - [2026-07-06T16:24:51.188+0000] {dag.py:3036} INFO - Sync 1 DAGs
[2026-07-06T16:24:51.382+0000] {logging_mixin.py:188} INFO - [2026-07-06T16:24:51.381+0000] {dag.py:3823} INFO - Setting next_dagrun for latest_only to 2026-07-06 12:00:00+00:00, run_after=2026-07-06 16:00:00+00:00
[2026-07-06T16:24:51.439+0000] {processor.py:183} INFO - Processing /home/airflow/.local/lib/python3.8/site-packages/airflow/example_dags/example_latest_only.py took 0.432 seconds
[2026-07-06T16:25:22.225+0000] {processor.py:161} INFO - Started process (PID=387) to work on /home/airflow/.local/lib/python3.8/site-packages/airflow/example_dags/example_latest_only.py
[2026-07-06T16:25:22.240+0000] {processor.py:830} INFO - Processing file /home/airflow/.local/lib/python3.8/site-packages/airflow/example_dags/example_latest_only.py for tasks to queue
[2026-07-06T16:25:22.257+0000] {logging_mixin.py:188} INFO - [2026-07-06T16:25:22.256+0000] {dagbag.py:538} INFO - Filling up the DagBag from /home/airflow/.local/lib/python3.8/site-packages/airflow/example_dags/example_latest_only.py
[2026-07-06T16:25:22.292+0000] {processor.py:840} INFO - DAG(s) 'latest_only' retrieved from /home/airflow/.local/lib/python3.8/site-packages/airflow/example_dags/example_latest_only.py
[2026-07-06T16:25:22.379+0000] {logging_mixin.py:188} INFO - [2026-07-06T16:25:22.379+0000] {dag.py:3036} INFO - Sync 1 DAGs
[2026-07-06T16:25:22.562+0000] {logging_mixin.py:188} INFO - [2026-07-06T16:25:22.562+0000] {dag.py:3823} INFO - Setting next_dagrun for latest_only to 2026-07-06 12:00:00+00:00, run_after=2026-07-06 16:00:00+00:00
[2026-07-06T16:25:22.717+0000] {processor.py:183} INFO - Processing /home/airflow/.local/lib/python3.8/site-packages/airflow/example_dags/example_latest_only.py took 0.526 seconds
[2026-07-06T16:25:53.560+0000] {processor.py:161} INFO - Started process (PID=444) to work on /home/airflow/.local/lib/python3.8/site-packages/airflow/example_dags/example_latest_only.py
[2026-07-06T16:25:53.580+0000] {processor.py:830} INFO - Processing file /home/airflow/.local/lib/python3.8/site-packages/airflow/example_dags/example_latest_only.py for tasks to queue
[2026-07-06T16:25:53.590+0000] {logging_mixin.py:188} INFO - [2026-07-06T16:25:53.589+0000] {dagbag.py:538} INFO - Filling up the DagBag from /home/airflow/.local/lib/python3.8/site-packages/airflow/example_dags/example_latest_only.py
[2026-07-06T16:25:53.603+0000] {processor.py:840} INFO - DAG(s) 'latest_only' retrieved from /home/airflow/.local/lib/python3.8/site-packages/airflow/example_dags/example_latest_only.py
[2026-07-06T16:25:53.649+0000] {logging_mixin.py:188} INFO - [2026-07-06T16:25:53.649+0000] {dag.py:3036} INFO - Sync 1 DAGs
[2026-07-06T16:25:53.695+0000] {logging_mixin.py:188} INFO - [2026-07-06T16:25:53.694+0000] {dag.py:3823} INFO - Setting next_dagrun for latest_only to 2026-07-06 12:00:00+00:00, run_after=2026-07-06 16:00:00+00:00
[2026-07-06T16:25:53.736+0000] {processor.py:183} INFO - Processing /home/airflow/.local/lib/python3.8/site-packages/airflow/example_dags/example_latest_only.py took 0.189 seconds
[2026-07-06T16:26:24.493+0000] {processor.py:161} INFO - Started process (PID=510) to work on /home/airflow/.local/lib/python3.8/site-packages/airflow/example_dags/example_latest_only.py
[2026-07-06T16:26:24.495+0000] {processor.py:830} INFO - Processing file /home/airflow/.local/lib/python3.8/site-packages/airflow/example_dags/example_latest_only.py for tasks to queue
[2026-07-06T16:26:24.500+0000] {logging_mixin.py:188} INFO - [2026-07-06T16:26:24.499+0000] {dagbag.py:538} INFO - Filling up the DagBag from /home/airflow/.local/lib/python3.8/site-packages/airflow/example_dags/example_latest_only.py
[2026-07-06T16:26:24.512+0000] {processor.py:840} INFO - DAG(s) 'latest_only' retrieved from /home/airflow/.local/lib/python3.8/site-packages/airflow/example_dags/example_latest_only.py
[2026-07-06T16:26:24.573+0000] {logging_mixin.py:188} INFO - [2026-07-06T16:26:24.573+0000] {dag.py:3036} INFO - Sync 1 DAGs
[2026-07-06T16:26:24.646+0000] {logging_mixin.py:188} INFO - [2026-07-06T16:26:24.646+0000] {dag.py:3823} INFO - Setting next_dagrun for latest_only to 2026-07-06 12:00:00+00:00, run_after=2026-07-06 16:00:00+00:00
[2026-07-06T16:26:24.704+0000] {processor.py:183} INFO - Processing /home/airflow/.local/lib/python3.8/site-packages/airflow/example_dags/example_latest_only.py took 0.228 seconds
[2026-07-06T16:26:55.042+0000] {processor.py:161} INFO - Started process (PID=576) to work on /home/airflow/.local/lib/python3.8/site-packages/airflow/example_dags/example_latest_only.py
[2026-07-06T16:26:55.047+0000] {processor.py:830} INFO - Processing file /home/airflow/.local/lib/python3.8/site-packages/airflow/example_dags/example_latest_only.py for tasks to queue
[2026-07-06T16:26:55.053+0000] {logging_mixin.py:188} INFO - [2026-07-06T16:26:55.052+0000] {dagbag.py:538} INFO - Filling up the DagBag from /home/airflow/.local/lib/python3.8/site-packages/airflow/example_dags/example_latest_only.py
[2026-07-06T16:26:55.066+0000] {processor.py:840} INFO - DAG(s) 'latest_only' retrieved from /home/airflow/.local/lib/python3.8/site-packages/airflow/example_dags/example_latest_only.py
[2026-07-06T16:26:55.127+0000] {logging_mixin.py:188} INFO - [2026-07-06T16:26:55.126+0000] {dag.py:3036} INFO - Sync 1 DAGs
[2026-07-06T16:26:55.222+0000] {logging_mixin.py:188} INFO - [2026-07-06T16:26:55.222+0000] {dag.py:3823} INFO - Setting next_dagrun for latest_only to 2026-07-06 12:00:00+00:00, run_after=2026-07-06 16:00:00+00:00
[2026-07-06T16:26:55.290+0000] {processor.py:183} INFO - Processing /home/airflow/.local/lib/python3.8/site-packages/airflow/example_dags/example_latest_only.py took 0.260 seconds
[2026-07-06T16:27:30.576+0000] {processor.py:161} INFO - Started process (PID=642) to work on /home/airflow/.local/lib/python3.8/site-packages/airflow/example_dags/example_latest_only.py
[2026-07-06T16:27:30.591+0000] {processor.py:830} INFO - Processing file /home/airflow/.local/lib/python3.8/site-packages/airflow/example_dags/example_latest_only.py for tasks to queue
[2026-07-06T16:27:30.600+0000] {logging_mixin.py:188} INFO - [2026-07-06T16:27:30.598+0000] {dagbag.py:538} INFO - Filling up the DagBag from /home/airflow/.local/lib/python3.8/site-packages/airflow/example_dags/example_latest_only.py
[2026-07-06T16:27:30.627+0000] {processor.py:840} INFO - DAG(s) 'latest_only' retrieved from /home/airflow/.local/lib/python3.8/site-packages/airflow/example_dags/example_latest_only.py
[2026-07-06T16:27:30.769+0000] {logging_mixin.py:188} INFO - [2026-07-06T16:27:30.768+0000] {dag.py:3036} INFO - Sync 1 DAGs
[2026-07-06T16:27:30.874+0000] {logging_mixin.py:188} INFO - [2026-07-06T16:27:30.873+0000] {dag.py:3823} INFO - Setting next_dagrun for latest_only to 2026-07-06 12:00:00+00:00, run_after=2026-07-06 16:00:00+00:00
[2026-07-06T16:27:30.960+0000] {processor.py:183} INFO - Processing /home/airflow/.local/lib/python3.8/site-packages/airflow/example_dags/example_latest_only.py took 0.404 seconds
[2026-07-06T16:28:01.454+0000] {processor.py:161} INFO - Started process (PID=708) to work on /home/airflow/.local/lib/python3.8/site-packages/airflow/example_dags/example_latest_only.py
[2026-07-06T16:28:01.457+0000] {processor.py:830} INFO - Processing file /home/airflow/.local/lib/python3.8/site-packages/airflow/example_dags/example_latest_only.py for tasks to queue
[2026-07-06T16:28:01.472+0000] {logging_mixin.py:188} INFO - [2026-07-06T16:28:01.472+0000] {dagbag.py:538} INFO - Filling up the DagBag from /home/airflow/.local/lib/python3.8/site-packages/airflow/example_dags/example_latest_only.py
[2026-07-06T16:28:01.502+0000] {processor.py:840} INFO - DAG(s) 'latest_only' retrieved from /home/airflow/.local/lib/python3.8/site-packages/airflow/example_dags/example_latest_only.py
[2026-07-06T16:28:01.563+0000] {logging_mixin.py:188} INFO - [2026-07-06T16:28:01.562+0000] {dag.py:3036} INFO - Sync 1 DAGs
[2026-07-06T16:28:01.635+0000] {logging_mixin.py:188} INFO - [2026-07-06T16:28:01.635+0000] {dag.py:3823} INFO - Setting next_dagrun for latest_only to 2026-07-06 12:00:00+00:00, run_after=2026-07-06 16:00:00+00:00
[2026-07-06T16:28:01.693+0000] {processor.py:183} INFO - Processing /home/airflow/.local/lib/python3.8/site-packages/airflow/example_dags/example_latest_only.py took 0.274 seconds
[2026-07-06T16:28:33.042+0000] {processor.py:161} INFO - Started process (PID=764) to work on /home/airflow/.local/lib/python3.8/site-packages/airflow/example_dags/example_latest_only.py
[2026-07-06T16:28:33.058+0000] {processor.py:830} INFO - Processing file /home/airflow/.local/lib/python3.8/site-packages/airflow/example_dags/example_latest_only.py for tasks to queue
[2026-07-06T16:28:33.066+0000] {logging_mixin.py:188} INFO - [2026-07-06T16:28:33.064+0000] {dagbag.py:538} INFO - Filling up the DagBag from /home/airflow/.local/lib/python3.8/site-packages/airflow/example_dags/example_latest_only.py
[2026-07-06T16:28:33.120+0000] {processor.py:840} INFO - DAG(s) 'latest_only' retrieved from /home/airflow/.local/lib/python3.8/site-packages/airflow/example_dags/example_latest_only.py
[2026-07-06T16:28:33.248+0000] {logging_mixin.py:188} INFO - [2026-07-06T16:28:33.248+0000] {dag.py:3036} INFO - Sync 1 DAGs
[2026-07-06T16:28:34.135+0000] {logging_mixin.py:188} INFO - [2026-07-06T16:28:34.133+0000] {dag.py:3823} INFO - Setting next_dagrun for latest_only to 2026-07-06 12:00:00+00:00, run_after=2026-07-06 16:00:00+00:00
[2026-07-06T16:28:34.326+0000] {processor.py:183} INFO - Processing /home/airflow/.local/lib/python3.8/site-packages/airflow/example_dags/example_latest_only.py took 1.297 seconds
[2026-07-06T16:29:05.219+0000] {processor.py:161} INFO - Started process (PID=830) to work on /home/airflow/.local/lib/python3.8/site-packages/airflow/example_dags/example_latest_only.py
[2026-07-06T16:29:05.225+0000] {processor.py:830} INFO - Processing file /home/airflow/.local/lib/python3.8/site-packages/airflow/example_dags/example_latest_only.py for tasks to queue
[2026-07-06T16:29:05.237+0000] {logging_mixin.py:188} INFO - [2026-07-06T16:29:05.236+0000] {dagbag.py:538} INFO - Filling up the DagBag from /home/airflow/.local/lib/python3.8/site-packages/airflow/example_dags/example_latest_only.py
[2026-07-06T16:29:05.272+0000] {processor.py:840} INFO - DAG(s) 'latest_only' retrieved from /home/airflow/.local/lib/python3.8/site-packages/airflow/example_dags/example_latest_only.py
[2026-07-06T16:29:05.411+0000] {logging_mixin.py:188} INFO - [2026-07-06T16:29:05.410+0000] {dag.py:3036} INFO - Sync 1 DAGs
[2026-07-06T16:29:05.566+0000] {logging_mixin.py:188} INFO - [2026-07-06T16:29:05.561+0000] {dag.py:3823} INFO - Setting next_dagrun for latest_only to 2026-07-06 12:00:00+00:00, run_after=2026-07-06 16:00:00+00:00
[2026-07-06T16:29:05.680+0000] {processor.py:183} INFO - Processing /home/airflow/.local/lib/python3.8/site-packages/airflow/example_dags/example_latest_only.py took 0.482 seconds
[2026-07-06T16:29:36.498+0000] {processor.py:161} INFO - Started process (PID=893) to work on /home/airflow/.local/lib/python3.8/site-packages/airflow/example_dags/example_latest_only.py
[2026-07-06T16:29:36.511+0000] {processor.py:830} INFO - Processing file /home/airflow/.local/lib/python3.8/site-packages/airflow/example_dags/example_latest_only.py for tasks to queue
[2026-07-06T16:29:36.516+0000] {logging_mixin.py:188} INFO - [2026-07-06T16:29:36.515+0000] {dagbag.py:538} INFO - Filling up the DagBag from /home/airflow/.local/lib/python3.8/site-packages/airflow/example_dags/example_latest_only.py
[2026-07-06T16:29:36.531+0000] {processor.py:840} INFO - DAG(s) 'latest_only' retrieved from /home/airflow/.local/lib/python3.8/site-packages/airflow/example_dags/example_latest_only.py
[2026-07-06T16:29:36.587+0000] {logging_mixin.py:188} INFO - [2026-07-06T16:29:36.586+0000] {dag.py:3036} INFO - Sync 1 DAGs
[2026-07-06T16:29:36.643+0000] {logging_mixin.py:188} INFO - [2026-07-06T16:29:36.643+0000] {dag.py:3823} INFO - Setting next_dagrun for latest_only to 2026-07-06 12:00:00+00:00, run_after=2026-07-06 16:00:00+00:00
[2026-07-06T16:29:36.690+0000] {processor.py:183} INFO - Processing /home/airflow/.local/lib/python3.8/site-packages/airflow/example_dags/example_latest_only.py took 0.205 seconds
[2026-07-06T16:30:07.488+0000] {processor.py:161} INFO - Started process (PID=954) to work on /home/airflow/.local/lib/python3.8/site-packages/airflow/example_dags/example_latest_only.py
[2026-07-06T16:30:07.494+0000] {processor.py:830} INFO - Processing file /home/airflow/.local/lib/python3.8/site-packages/airflow/example_dags/example_latest_only.py for tasks to queue
[2026-07-06T16:30:07.499+0000] {logging_mixin.py:188} INFO - [2026-07-06T16:30:07.498+0000] {dagbag.py:538} INFO - Filling up the DagBag from /home/airflow/.local/lib/python3.8/site-packages/airflow/example_dags/example_latest_only.py
[2026-07-06T16:30:07.511+0000] {processor.py:840} INFO - DAG(s) 'latest_only' retrieved from /home/airflow/.local/lib/python3.8/site-packages/airflow/example_dags/example_latest_only.py
[2026-07-06T16:30:07.570+0000] {logging_mixin.py:188} INFO - [2026-07-06T16:30:07.570+0000] {dag.py:3036} INFO - Sync 1 DAGs
[2026-07-06T16:30:07.674+0000] {logging_mixin.py:188} INFO - [2026-07-06T16:30:07.673+0000] {dag.py:3823} INFO - Setting next_dagrun for latest_only to 2026-07-06 12:00:00+00:00, run_after=2026-07-06 16:00:00+00:00
[2026-07-06T16:30:07.722+0000] {processor.py:183} INFO - Processing /home/airflow/.local/lib/python3.8/site-packages/airflow/example_dags/example_latest_only.py took 0.245 seconds
[2026-07-06T16:30:40.748+0000] {processor.py:161} INFO - Started process (PID=1020) to work on /home/airflow/.local/lib/python3.8/site-packages/airflow/example_dags/example_latest_only.py
[2026-07-06T16:30:40.753+0000] {processor.py:830} INFO - Processing file /home/airflow/.local/lib/python3.8/site-packages/airflow/example_dags/example_latest_only.py for tasks to queue
[2026-07-06T16:30:40.765+0000] {logging_mixin.py:188} INFO - [2026-07-06T16:30:40.764+0000] {dagbag.py:538} INFO - Filling up the DagBag from /home/airflow/.local/lib/python3.8/site-packages/airflow/example_dags/example_latest_only.py
[2026-07-06T16:30:40.789+0000] {processor.py:840} INFO - DAG(s) 'latest_only' retrieved from /home/airflow/.local/lib/python3.8/site-packages/airflow/example_dags/example_latest_only.py
[2026-07-06T16:30:40.921+0000] {logging_mixin.py:188} INFO - [2026-07-06T16:30:40.921+0000] {dag.py:3036} INFO - Sync 1 DAGs
[2026-07-06T16:30:41.100+0000] {logging_mixin.py:188} INFO - [2026-07-06T16:30:41.099+0000] {dag.py:3823} INFO - Setting next_dagrun for latest_only to 2026-07-06 12:00:00+00:00, run_after=2026-07-06 16:00:00+00:00
[2026-07-06T16:30:41.250+0000] {processor.py:183} INFO - Processing /home/airflow/.local/lib/python3.8/site-packages/airflow/example_dags/example_latest_only.py took 0.518 seconds
[2026-07-06T16:31:11.916+0000] {processor.py:161} INFO - Started process (PID=1085) to work on /home/airflow/.local/lib/python3.8/site-packages/airflow/example_dags/example_latest_only.py
[2026-07-06T16:31:11.919+0000] {processor.py:830} INFO - Processing file /home/airflow/.local/lib/python3.8/site-packages/airflow/example_dags/example_latest_only.py for tasks to queue
[2026-07-06T16:31:11.924+0000] {logging_mixin.py:188} INFO - [2026-07-06T16:31:11.924+0000] {dagbag.py:538} INFO - Filling up the DagBag from /home/airflow/.local/lib/python3.8/site-packages/airflow/example_dags/example_latest_only.py
[2026-07-06T16:31:11.945+0000] {processor.py:840} INFO - DAG(s) 'latest_only' retrieved from /home/airflow/.local/lib/python3.8/site-packages/airflow/example_dags/example_latest_only.py
[2026-07-06T16:31:12.020+0000] {logging_mixin.py:188} INFO - [2026-07-06T16:31:12.019+0000] {dag.py:3036} INFO - Sync 1 DAGs
[2026-07-06T16:31:12.099+0000] {logging_mixin.py:188} INFO - [2026-07-06T16:31:12.099+0000] {dag.py:3823} INFO - Setting next_dagrun for latest_only to 2026-07-06 12:00:00+00:00, run_after=2026-07-06 16:00:00+00:00
[2026-07-06T16:31:12.157+0000] {processor.py:183} INFO - Processing /home/airflow/.local/lib/python3.8/site-packages/airflow/example_dags/example_latest_only.py took 0.255 seconds
[2026-07-06T16:31:42.835+0000] {processor.py:161} INFO - Started process (PID=1143) to work on /home/airflow/.local/lib/python3.8/site-packages/airflow/example_dags/example_latest_only.py
[2026-07-06T16:31:42.837+0000] {processor.py:830} INFO - Processing file /home/airflow/.local/lib/python3.8/site-packages/airflow/example_dags/example_latest_only.py for tasks to queue
[2026-07-06T16:31:42.842+0000] {logging_mixin.py:188} INFO - [2026-07-06T16:31:42.841+0000] {dagbag.py:538} INFO - Filling up the DagBag from /home/airflow/.local/lib/python3.8/site-packages/airflow/example_dags/example_latest_only.py
[2026-07-06T16:31:42.858+0000] {processor.py:840} INFO - DAG(s) 'latest_only' retrieved from /home/airflow/.local/lib/python3.8/site-packages/airflow/example_dags/example_latest_only.py
[2026-07-06T16:31:42.916+0000] {logging_mixin.py:188} INFO - [2026-07-06T16:31:42.915+0000] {dag.py:3036} INFO - Sync 1 DAGs
[2026-07-06T16:31:42.979+0000] {logging_mixin.py:188} INFO - [2026-07-06T16:31:42.978+0000] {dag.py:3823} INFO - Setting next_dagrun for latest_only to 2026-07-06 12:00:00+00:00, run_after=2026-07-06 16:00:00+00:00
[2026-07-06T16:31:43.035+0000] {processor.py:183} INFO - Processing /home/airflow/.local/lib/python3.8/site-packages/airflow/example_dags/example_latest_only.py took 0.211 seconds
[2026-07-06T16:32:13.954+0000] {processor.py:161} INFO - Started process (PID=1209) to work on /home/airflow/.local/lib/python3.8/site-packages/airflow/example_dags/example_latest_only.py
[2026-07-06T16:32:13.996+0000] {processor.py:830} INFO - Processing file /home/airflow/.local/lib/python3.8/site-packages/airflow/example_dags/example_latest_only.py for tasks to queue
[2026-07-06T16:32:14.029+0000] {logging_mixin.py:188} INFO - [2026-07-06T16:32:14.028+0000] {dagbag.py:538} INFO - Filling up the DagBag from /home/airflow/.local/lib/python3.8/site-packages/airflow/example_dags/example_latest_only.py
[2026-07-06T16:32:14.066+0000] {processor.py:840} INFO - DAG(s) 'latest_only' retrieved from /home/airflow/.local/lib/python3.8/site-packages/airflow/example_dags/example_latest_only.py
[2026-07-06T16:32:14.157+0000] {logging_mixin.py:188} INFO - [2026-07-06T16:32:14.156+0000] {dag.py:3036} INFO - Sync 1 DAGs
[2026-07-06T16:32:14.312+0000] {logging_mixin.py:188} INFO - [2026-07-06T16:32:14.312+0000] {dag.py:3823} INFO - Setting next_dagrun for latest_only to 2026-07-06 12:00:00+00:00, run_after=2026-07-06 16:00:00+00:00
[2026-07-06T16:32:14.475+0000] {processor.py:183} INFO - Processing /home/airflow/.local/lib/python3.8/site-packages/airflow/example_dags/example_latest_only.py took 0.559 seconds
[2026-07-06T16:32:50.247+0000] {processor.py:161} INFO - Started process (PID=1274) to work on /home/airflow/.local/lib/python3.8/site-packages/airflow/example_dags/example_latest_only.py
[2026-07-06T16:32:50.251+0000] {processor.py:830} INFO - Processing file /home/airflow/.local/lib/python3.8/site-packages/airflow/example_dags/example_latest_only.py for tasks to queue
[2026-07-06T16:32:50.257+0000] {logging_mixin.py:188} INFO - [2026-07-06T16:32:50.256+0000] {dagbag.py:538} INFO - Filling up the DagBag from /home/airflow/.local/lib/python3.8/site-packages/airflow/example_dags/example_latest_only.py
[2026-07-06T16:32:50.272+0000] {processor.py:840} INFO - DAG(s) 'latest_only' retrieved from /home/airflow/.local/lib/python3.8/site-packages/airflow/example_dags/example_latest_only.py
[2026-07-06T16:32:50.331+0000] {logging_mixin.py:188} INFO - [2026-07-06T16:32:50.330+0000] {dag.py:3036} INFO - Sync 1 DAGs
[2026-07-06T16:32:50.404+0000] {logging_mixin.py:188} INFO - [2026-07-06T16:32:50.404+0000] {dag.py:3823} INFO - Setting next_dagrun for latest_only to 2026-07-06 12:00:00+00:00, run_after=2026-07-06 16:00:00+00:00
[2026-07-06T16:32:50.464+0000] {processor.py:183} INFO - Processing /home/airflow/.local/lib/python3.8/site-packages/airflow/example_dags/example_latest_only.py took 0.226 seconds
[2026-07-06T16:33:21.450+0000] {processor.py:161} INFO - Started process (PID=1340) to work on /home/airflow/.local/lib/python3.8/site-packages/airflow/example_dags/example_latest_only.py
[2026-07-06T16:33:21.453+0000] {processor.py:830} INFO - Processing file /home/airflow/.local/lib/python3.8/site-packages/airflow/example_dags/example_latest_only.py for tasks to queue
[2026-07-06T16:33:21.471+0000] {logging_mixin.py:188} INFO - [2026-07-06T16:33:21.470+0000] {dagbag.py:538} INFO - Filling up the DagBag from /home/airflow/.local/lib/python3.8/site-packages/airflow/example_dags/example_latest_only.py
[2026-07-06T16:33:21.500+0000] {processor.py:840} INFO - DAG(s) 'latest_only' retrieved from /home/airflow/.local/lib/python3.8/site-packages/airflow/example_dags/example_latest_only.py
[2026-07-06T16:33:21.604+0000] {logging_mixin.py:188} INFO - [2026-07-06T16:33:21.602+0000] {dag.py:3036} INFO - Sync 1 DAGs
[2026-07-06T16:33:21.801+0000] {logging_mixin.py:188} INFO - [2026-07-06T16:33:21.799+0000] {dag.py:3823} INFO - Setting next_dagrun for latest_only to 2026-07-06 12:00:00+00:00, run_after=2026-07-06 16:00:00+00:00
[2026-07-06T16:33:21.891+0000] {processor.py:183} INFO - Processing /home/airflow/.local/lib/python3.8/site-packages/airflow/example_dags/example_latest_only.py took 0.452 seconds
[2026-07-06T16:33:54.457+0000] {processor.py:161} INFO - Started process (PID=1404) to work on /home/airflow/.local/lib/python3.8/site-packages/airflow/example_dags/example_latest_only.py
[2026-07-06T16:33:54.462+0000] {processor.py:830} INFO - Processing file /home/airflow/.local/lib/python3.8/site-packages/airflow/example_dags/example_latest_only.py for tasks to queue
[2026-07-06T16:33:54.478+0000] {logging_mixin.py:188} INFO - [2026-07-06T16:33:54.477+0000] {dagbag.py:538} INFO - Filling up the DagBag from /home/airflow/.local/lib/python3.8/site-packages/airflow/example_dags/example_latest_only.py
[2026-07-06T16:33:54.521+0000] {processor.py:840} INFO - DAG(s) 'latest_only' retrieved from /home/airflow/.local/lib/python3.8/site-packages/airflow/example_dags/example_latest_only.py
[2026-07-06T16:33:54.602+0000] {logging_mixin.py:188} INFO - [2026-07-06T16:33:54.601+0000] {dag.py:3036} INFO - Sync 1 DAGs
[2026-07-06T16:33:54.665+0000] {logging_mixin.py:188} INFO - [2026-07-06T16:33:54.664+0000] {dag.py:3823} INFO - Setting next_dagrun for latest_only to 2026-07-06 12:00:00+00:00, run_after=2026-07-06 16:00:00+00:00
[2026-07-06T16:33:54.723+0000] {processor.py:183} INFO - Processing /home/airflow/.local/lib/python3.8/site-packages/airflow/example_dags/example_latest_only.py took 0.282 seconds
[2026-07-06T16:34:25.443+0000] {processor.py:161} INFO - Started process (PID=1462) to work on /home/airflow/.local/lib/python3.8/site-packages/airflow/example_dags/example_latest_only.py
[2026-07-06T16:34:25.445+0000] {processor.py:830} INFO - Processing file /home/airflow/.local/lib/python3.8/site-packages/airflow/example_dags/example_latest_only.py for tasks to queue
[2026-07-06T16:34:25.449+0000] {logging_mixin.py:188} INFO - [2026-07-06T16:34:25.449+0000] {dagbag.py:538} INFO - Filling up the DagBag from /home/airflow/.local/lib/python3.8/site-packages/airflow/example_dags/example_latest_only.py
[2026-07-06T16:34:25.463+0000] {processor.py:840} INFO - DAG(s) 'latest_only' retrieved from /home/airflow/.local/lib/python3.8/site-packages/airflow/example_dags/example_latest_only.py
[2026-07-06T16:34:25.524+0000] {logging_mixin.py:188} INFO - [2026-07-06T16:34:25.524+0000] {dag.py:3036} INFO - Sync 1 DAGs
[2026-07-06T16:34:25.591+0000] {logging_mixin.py:188} INFO - [2026-07-06T16:34:25.590+0000] {dag.py:3823} INFO - Setting next_dagrun for latest_only to 2026-07-06 12:00:00+00:00, run_after=2026-07-06 16:00:00+00:00
[2026-07-06T16:34:25.648+0000] {processor.py:183} INFO - Processing /home/airflow/.local/lib/python3.8/site-packages/airflow/example_dags/example_latest_only.py took 0.215 seconds
[2026-07-06T16:34:56.198+0000] {processor.py:161} INFO - Started process (PID=1528) to work on /home/airflow/.local/lib/python3.8/site-packages/airflow/example_dags/example_latest_only.py
[2026-07-06T16:34:56.201+0000] {processor.py:830} INFO - Processing file /home/airflow/.local/lib/python3.8/site-packages/airflow/example_dags/example_latest_only.py for tasks to queue
[2026-07-06T16:34:56.206+0000] {logging_mixin.py:188} INFO - [2026-07-06T16:34:56.206+0000] {dagbag.py:538} INFO - Filling up the DagBag from /home/airflow/.local/lib/python3.8/site-packages/airflow/example_dags/example_latest_only.py
[2026-07-06T16:34:56.220+0000] {processor.py:840} INFO - DAG(s) 'latest_only' retrieved from /home/airflow/.local/lib/python3.8/site-packages/airflow/example_dags/example_latest_only.py
[2026-07-06T16:34:56.275+0000] {logging_mixin.py:188} INFO - [2026-07-06T16:34:56.274+0000] {dag.py:3036} INFO - Sync 1 DAGs
[2026-07-06T16:34:56.331+0000] {logging_mixin.py:188} INFO - [2026-07-06T16:34:56.331+0000] {dag.py:3823} INFO - Setting next_dagrun for latest_only to 2026-07-06 12:00:00+00:00, run_after=2026-07-06 16:00:00+00:00
[2026-07-06T16:34:56.379+0000] {processor.py:183} INFO - Processing /home/airflow/.local/lib/python3.8/site-packages/airflow/example_dags/example_latest_only.py took 0.191 seconds
[2026-07-06T16:35:26.469+0000] {processor.py:161} INFO - Started process (PID=1593) to work on /home/airflow/.local/lib/python3.8/site-packages/airflow/example_dags/example_latest_only.py
[2026-07-06T16:35:26.472+0000] {processor.py:830} INFO - Processing file /home/airflow/.local/lib/python3.8/site-packages/airflow/example_dags/example_latest_only.py for tasks to queue
[2026-07-06T16:35:26.477+0000] {logging_mixin.py:188} INFO - [2026-07-06T16:35:26.476+0000] {dagbag.py:538} INFO - Filling up the DagBag from /home/airflow/.local/lib/python3.8/site-packages/airflow/example_dags/example_latest_only.py
[2026-07-06T16:35:26.491+0000] {processor.py:840} INFO - DAG(s) 'latest_only' retrieved from /home/airflow/.local/lib/python3.8/site-packages/airflow/example_dags/example_latest_only.py
[2026-07-06T16:35:26.540+0000] {logging_mixin.py:188} INFO - [2026-07-06T16:35:26.539+0000] {dag.py:3036} INFO - Sync 1 DAGs
[2026-07-06T16:35:26.595+0000] {logging_mixin.py:188} INFO - [2026-07-06T16:35:26.594+0000] {dag.py:3823} INFO - Setting next_dagrun for latest_only to 2026-07-06 12:00:00+00:00, run_after=2026-07-06 16:00:00+00:00
[2026-07-06T16:35:26.641+0000] {processor.py:183} INFO - Processing /home/airflow/.local/lib/python3.8/site-packages/airflow/example_dags/example_latest_only.py took 0.183 seconds
[2026-07-06T16:35:57.340+0000] {processor.py:161} INFO - Started process (PID=1658) to work on /home/airflow/.local/lib/python3.8/site-packages/airflow/example_dags/example_latest_only.py
[2026-07-06T16:35:57.344+0000] {processor.py:830} INFO - Processing file /home/airflow/.local/lib/python3.8/site-packages/airflow/example_dags/example_latest_only.py for tasks to queue
[2026-07-06T16:35:57.350+0000] {logging_mixin.py:188} INFO - [2026-07-06T16:35:57.349+0000] {dagbag.py:538} INFO - Filling up the DagBag from /home/airflow/.local/lib/python3.8/site-packages/airflow/example_dags/example_latest_only.py
[2026-07-06T16:35:57.361+0000] {processor.py:840} INFO - DAG(s) 'latest_only' retrieved from /home/airflow/.local/lib/python3.8/site-packages/airflow/example_dags/example_latest_only.py
[2026-07-06T16:35:57.404+0000] {logging_mixin.py:188} INFO - [2026-07-06T16:35:57.403+0000] {dag.py:3036} INFO - Sync 1 DAGs
[2026-07-06T16:35:57.460+0000] {logging_mixin.py:188} INFO - [2026-07-06T16:35:57.459+0000] {dag.py:3823} INFO - Setting next_dagrun for latest_only to 2026-07-06 12:00:00+00:00, run_after=2026-07-06 16:00:00+00:00
[2026-07-06T16:35:57.509+0000] {processor.py:183} INFO - Processing /home/airflow/.local/lib/python3.8/site-packages/airflow/example_dags/example_latest_only.py took 0.180 seconds
[2026-07-06T16:36:28.744+0000] {processor.py:161} INFO - Started process (PID=1721) to work on /home/airflow/.local/lib/python3.8/site-packages/airflow/example_dags/example_latest_only.py
[2026-07-06T16:36:28.773+0000] {processor.py:830} INFO - Processing file /home/airflow/.local/lib/python3.8/site-packages/airflow/example_dags/example_latest_only.py for tasks to queue
[2026-07-06T16:36:28.786+0000] {logging_mixin.py:188} INFO - [2026-07-06T16:36:28.780+0000] {dagbag.py:538} INFO - Filling up the DagBag from /home/airflow/.local/lib/python3.8/site-packages/airflow/example_dags/example_latest_only.py
[2026-07-06T16:36:28.827+0000] {processor.py:840} INFO - DAG(s) 'latest_only' retrieved from /home/airflow/.local/lib/python3.8/site-packages/airflow/example_dags/example_latest_only.py
[2026-07-06T16:36:28.991+0000] {logging_mixin.py:188} INFO - [2026-07-06T16:36:28.991+0000] {dag.py:3036} INFO - Sync 1 DAGs
[2026-07-06T16:36:29.137+0000] {logging_mixin.py:188} INFO - [2026-07-06T16:36:29.137+0000] {dag.py:3823} INFO - Setting next_dagrun for latest_only to 2026-07-06 12:00:00+00:00, run_after=2026-07-06 16:00:00+00:00
[2026-07-06T16:36:29.221+0000] {processor.py:183} INFO - Processing /home/airflow/.local/lib/python3.8/site-packages/airflow/example_dags/example_latest_only.py took 0.493 seconds
[2026-07-06T16:36:59.516+0000] {processor.py:161} INFO - Started process (PID=1779) to work on /home/airflow/.local/lib/python3.8/site-packages/airflow/example_dags/example_latest_only.py
[2026-07-06T16:36:59.518+0000] {processor.py:830} INFO - Processing file /home/airflow/.local/lib/python3.8/site-packages/airflow/example_dags/example_latest_only.py for tasks to queue
[2026-07-06T16:36:59.523+0000] {logging_mixin.py:188} INFO - [2026-07-06T16:36:59.522+0000] {dagbag.py:538} INFO - Filling up the DagBag from /home/airflow/.local/lib/python3.8/site-packages/airflow/example_dags/example_latest_only.py
[2026-07-06T16:36:59.537+0000] {processor.py:840} INFO - DAG(s) 'latest_only' retrieved from /home/airflow/.local/lib/python3.8/site-packages/airflow/example_dags/example_latest_only.py
[2026-07-06T16:36:59.586+0000] {logging_mixin.py:188} INFO - [2026-07-06T16:36:59.585+0000] {dag.py:3036} INFO - Sync 1 DAGs
[2026-07-06T16:36:59.638+0000] {logging_mixin.py:188} INFO - [2026-07-06T16:36:59.637+0000] {dag.py:3823} INFO - Setting next_dagrun for latest_only to 2026-07-06 12:00:00+00:00, run_after=2026-07-06 16:00:00+00:00
[2026-07-06T16:36:59.679+0000] {processor.py:183} INFO - Processing /home/airflow/.local/lib/python3.8/site-packages/airflow/example_dags/example_latest_only.py took 0.172 seconds
[2026-07-06T16:37:30.249+0000] {processor.py:161} INFO - Started process (PID=1841) to work on /home/airflow/.local/lib/python3.8/site-packages/airflow/example_dags/example_latest_only.py
[2026-07-06T16:37:30.252+0000] {processor.py:830} INFO - Processing file /home/airflow/.local/lib/python3.8/site-packages/airflow/example_dags/example_latest_only.py for tasks to queue
[2026-07-06T16:37:30.258+0000] {logging_mixin.py:188} INFO - [2026-07-06T16:37:30.257+0000] {dagbag.py:538} INFO - Filling up the DagBag from /home/airflow/.local/lib/python3.8/site-packages/airflow/example_dags/example_latest_only.py
[2026-07-06T16:37:30.273+0000] {processor.py:840} INFO - DAG(s) 'latest_only' retrieved from /home/airflow/.local/lib/python3.8/site-packages/airflow/example_dags/example_latest_only.py
[2026-07-06T16:37:30.336+0000] {logging_mixin.py:188} INFO - [2026-07-06T16:37:30.336+0000] {dag.py:3036} INFO - Sync 1 DAGs
[2026-07-06T16:37:30.393+0000] {logging_mixin.py:188} INFO - [2026-07-06T16:37:30.393+0000] {dag.py:3823} INFO - Setting next_dagrun for latest_only to 2026-07-06 12:00:00+00:00, run_after=2026-07-06 16:00:00+00:00
[2026-07-06T16:37:30.433+0000] {processor.py:183} INFO - Processing /home/airflow/.local/lib/python3.8/site-packages/airflow/example_dags/example_latest_only.py took 0.196 seconds
[2026-07-06T16:38:00.827+0000] {processor.py:161} INFO - Started process (PID=1905) to work on /home/airflow/.local/lib/python3.8/site-packages/airflow/example_dags/example_latest_only.py
[2026-07-06T16:38:00.829+0000] {processor.py:830} INFO - Processing file /home/airflow/.local/lib/python3.8/site-packages/airflow/example_dags/example_latest_only.py for tasks to queue
[2026-07-06T16:38:00.832+0000] {logging_mixin.py:188} INFO - [2026-07-06T16:38:00.832+0000] {dagbag.py:538} INFO - Filling up the DagBag from /home/airflow/.local/lib/python3.8/site-packages/airflow/example_dags/example_latest_only.py
[2026-07-06T16:38:00.843+0000] {processor.py:840} INFO - DAG(s) 'latest_only' retrieved from /home/airflow/.local/lib/python3.8/site-packages/airflow/example_dags/example_latest_only.py
[2026-07-06T16:38:00.885+0000] {logging_mixin.py:188} INFO - [2026-07-06T16:38:00.885+0000] {dag.py:3036} INFO - Sync 1 DAGs
[2026-07-06T16:38:00.947+0000] {logging_mixin.py:188} INFO - [2026-07-06T16:38:00.946+0000] {dag.py:3823} INFO - Setting next_dagrun for latest_only to 2026-07-06 12:00:00+00:00, run_after=2026-07-06 16:00:00+00:00
[2026-07-06T16:38:00.990+0000] {processor.py:183} INFO - Processing /home/airflow/.local/lib/python3.8/site-packages/airflow/example_dags/example_latest_only.py took 0.172 seconds
[2026-07-06T16:38:31.825+0000] {processor.py:161} INFO - Started process (PID=1972) to work on /home/airflow/.local/lib/python3.8/site-packages/airflow/example_dags/example_latest_only.py
[2026-07-06T16:38:31.828+0000] {processor.py:830} INFO - Processing file /home/airflow/.local/lib/python3.8/site-packages/airflow/example_dags/example_latest_only.py for tasks to queue
[2026-07-06T16:38:31.832+0000] {logging_mixin.py:188} INFO - [2026-07-06T16:38:31.832+0000] {dagbag.py:538} INFO - Filling up the DagBag from /home/airflow/.local/lib/python3.8/site-packages/airflow/example_dags/example_latest_only.py
[2026-07-06T16:38:31.844+0000] {processor.py:840} INFO - DAG(s) 'latest_only' retrieved from /home/airflow/.local/lib/python3.8/site-packages/airflow/example_dags/example_latest_only.py
[2026-07-06T16:38:31.905+0000] {logging_mixin.py:188} INFO - [2026-07-06T16:38:31.903+0000] {dag.py:3036} INFO - Sync 1 DAGs
[2026-07-06T16:38:31.965+0000] {logging_mixin.py:188} INFO - [2026-07-06T16:38:31.965+0000] {dag.py:3823} INFO - Setting next_dagrun for latest_only to 2026-07-06 12:00:00+00:00, run_after=2026-07-06 16:00:00+00:00
[2026-07-06T16:38:32.020+0000] {processor.py:183} INFO - Processing /home/airflow/.local/lib/python3.8/site-packages/airflow/example_dags/example_latest_only.py took 0.205 seconds
[2026-07-06T16:39:02.265+0000] {processor.py:161} INFO - Started process (PID=2031) to work on /home/airflow/.local/lib/python3.8/site-packages/airflow/example_dags/example_latest_only.py
[2026-07-06T16:39:02.268+0000] {processor.py:830} INFO - Processing file /home/airflow/.local/lib/python3.8/site-packages/airflow/example_dags/example_latest_only.py for tasks to queue
[2026-07-06T16:39:02.296+0000] {logging_mixin.py:188} INFO - [2026-07-06T16:39:02.285+0000] {dagbag.py:538} INFO - Filling up the DagBag from /home/airflow/.local/lib/python3.8/site-packages/airflow/example_dags/example_latest_only.py
[2026-07-06T16:39:02.333+0000] {processor.py:840} INFO - DAG(s) 'latest_only' retrieved from /home/airflow/.local/lib/python3.8/site-packages/airflow/example_dags/example_latest_only.py
[2026-07-06T16:39:02.450+0000] {logging_mixin.py:188} INFO - [2026-07-06T16:39:02.449+0000] {dag.py:3036} INFO - Sync 1 DAGs
[2026-07-06T16:39:02.525+0000] {logging_mixin.py:188} INFO - [2026-07-06T16:39:02.524+0000] {dag.py:3823} INFO - Setting next_dagrun for latest_only to 2026-07-06 12:00:00+00:00, run_after=2026-07-06 16:00:00+00:00
[2026-07-06T16:39:02.611+0000] {processor.py:183} INFO - Processing /home/airflow/.local/lib/python3.8/site-packages/airflow/example_dags/example_latest_only.py took 0.374 seconds
[2026-07-06T16:39:32.994+0000] {processor.py:161} INFO - Started process (PID=2097) to work on /home/airflow/.local/lib/python3.8/site-packages/airflow/example_dags/example_latest_only.py
[2026-07-06T16:39:33.000+0000] {processor.py:830} INFO - Processing file /home/airflow/.local/lib/python3.8/site-packages/airflow/example_dags/example_latest_only.py for tasks to queue
[2026-07-06T16:39:33.005+0000] {logging_mixin.py:188} INFO - [2026-07-06T16:39:33.004+0000] {dagbag.py:538} INFO - Filling up the DagBag from /home/airflow/.local/lib/python3.8/site-packages/airflow/example_dags/example_latest_only.py
[2026-07-06T16:39:33.020+0000] {processor.py:840} INFO - DAG(s) 'latest_only' retrieved from /home/airflow/.local/lib/python3.8/site-packages/airflow/example_dags/example_latest_only.py
[2026-07-06T16:39:33.126+0000] {logging_mixin.py:188} INFO - [2026-07-06T16:39:33.125+0000] {dag.py:3036} INFO - Sync 1 DAGs
[2026-07-06T16:39:33.212+0000] {logging_mixin.py:188} INFO - [2026-07-06T16:39:33.211+0000] {dag.py:3823} INFO - Setting next_dagrun for latest_only to 2026-07-06 12:00:00+00:00, run_after=2026-07-06 16:00:00+00:00
[2026-07-06T16:39:33.288+0000] {processor.py:183} INFO - Processing /home/airflow/.local/lib/python3.8/site-packages/airflow/example_dags/example_latest_only.py took 0.308 seconds
[2026-07-06T16:40:13.947+0000] {processor.py:161} INFO - Started process (PID=2165) to work on /home/airflow/.local/lib/python3.8/site-packages/airflow/example_dags/example_latest_only.py
[2026-07-06T16:40:13.953+0000] {processor.py:830} INFO - Processing file /home/airflow/.local/lib/python3.8/site-packages/airflow/example_dags/example_latest_only.py for tasks to queue
[2026-07-06T16:40:13.961+0000] {logging_mixin.py:188} INFO - [2026-07-06T16:40:13.960+0000] {dagbag.py:538} INFO - Filling up the DagBag from /home/airflow/.local/lib/python3.8/site-packages/airflow/example_dags/example_latest_only.py
[2026-07-06T16:40:13.998+0000] {processor.py:840} INFO - DAG(s) 'latest_only' retrieved from /home/airflow/.local/lib/python3.8/site-packages/airflow/example_dags/example_latest_only.py
[2026-07-06T16:40:14.095+0000] {logging_mixin.py:188} INFO - [2026-07-06T16:40:14.095+0000] {dag.py:3036} INFO - Sync 1 DAGs
[2026-07-06T16:40:14.293+0000] {logging_mixin.py:188} INFO - [2026-07-06T16:40:14.292+0000] {dag.py:3823} INFO - Setting next_dagrun for latest_only to 2026-07-06 12:00:00+00:00, run_after=2026-07-06 16:00:00+00:00
[2026-07-06T16:40:14.444+0000] {processor.py:183} INFO - Processing /home/airflow/.local/lib/python3.8/site-packages/airflow/example_dags/example_latest_only.py took 0.517 seconds
[2026-07-06T16:40:44.605+0000] {processor.py:161} INFO - Started process (PID=2230) to work on /home/airflow/.local/lib/python3.8/site-packages/airflow/example_dags/example_latest_only.py
[2026-07-06T16:40:44.607+0000] {processor.py:830} INFO - Processing file /home/airflow/.local/lib/python3.8/site-packages/airflow/example_dags/example_latest_only.py for tasks to queue
[2026-07-06T16:40:44.612+0000] {logging_mixin.py:188} INFO - [2026-07-06T16:40:44.612+0000] {dagbag.py:538} INFO - Filling up the DagBag from /home/airflow/.local/lib/python3.8/site-packages/airflow/example_dags/example_latest_only.py
[2026-07-06T16:40:44.627+0000] {processor.py:840} INFO - DAG(s) 'latest_only' retrieved from /home/airflow/.local/lib/python3.8/site-packages/airflow/example_dags/example_latest_only.py
[2026-07-06T16:40:44.681+0000] {logging_mixin.py:188} INFO - [2026-07-06T16:40:44.681+0000] {dag.py:3036} INFO - Sync 1 DAGs
[2026-07-06T16:40:44.756+0000] {logging_mixin.py:188} INFO - [2026-07-06T16:40:44.756+0000] {dag.py:3823} INFO - Setting next_dagrun for latest_only to 2026-07-06 12:00:00+00:00, run_after=2026-07-06 16:00:00+00:00
[2026-07-06T16:40:44.815+0000] {processor.py:183} INFO - Processing /home/airflow/.local/lib/python3.8/site-packages/airflow/example_dags/example_latest_only.py took 0.220 seconds
[2026-07-06T16:41:15.119+0000] {processor.py:161} INFO - Started process (PID=2296) to work on /home/airflow/.local/lib/python3.8/site-packages/airflow/example_dags/example_latest_only.py
[2026-07-06T16:41:15.127+0000] {processor.py:830} INFO - Processing file /home/airflow/.local/lib/python3.8/site-packages/airflow/example_dags/example_latest_only.py for tasks to queue
[2026-07-06T16:41:15.134+0000] {logging_mixin.py:188} INFO - [2026-07-06T16:41:15.133+0000] {dagbag.py:538} INFO - Filling up the DagBag from /home/airflow/.local/lib/python3.8/site-packages/airflow/example_dags/example_latest_only.py
[2026-07-06T16:41:15.150+0000] {processor.py:840} INFO - DAG(s) 'latest_only' retrieved from /home/airflow/.local/lib/python3.8/site-packages/airflow/example_dags/example_latest_only.py
[2026-07-06T16:41:15.197+0000] {logging_mixin.py:188} INFO - [2026-07-06T16:41:15.197+0000] {dag.py:3036} INFO - Sync 1 DAGs
[2026-07-06T16:41:15.250+0000] {logging_mixin.py:188} INFO - [2026-07-06T16:41:15.249+0000] {dag.py:3823} INFO - Setting next_dagrun for latest_only to 2026-07-06 12:00:00+00:00, run_after=2026-07-06 16:00:00+00:00
[2026-07-06T16:41:15.297+0000] {processor.py:183} INFO - Processing /home/airflow/.local/lib/python3.8/site-packages/airflow/example_dags/example_latest_only.py took 0.191 seconds
[2026-07-06T16:41:46.140+0000] {processor.py:161} INFO - Started process (PID=2363) to work on /home/airflow/.local/lib/python3.8/site-packages/airflow/example_dags/example_latest_only.py
[2026-07-06T16:41:46.150+0000] {processor.py:830} INFO - Processing file /home/airflow/.local/lib/python3.8/site-packages/airflow/example_dags/example_latest_only.py for tasks to queue
[2026-07-06T16:41:46.155+0000] {logging_mixin.py:188} INFO - [2026-07-06T16:41:46.154+0000] {dagbag.py:538} INFO - Filling up the DagBag from /home/airflow/.local/lib/python3.8/site-packages/airflow/example_dags/example_latest_only.py
[2026-07-06T16:41:46.169+0000] {processor.py:840} INFO - DAG(s) 'latest_only' retrieved from /home/airflow/.local/lib/python3.8/site-packages/airflow/example_dags/example_latest_only.py
[2026-07-06T16:41:46.242+0000] {logging_mixin.py:188} INFO - [2026-07-06T16:41:46.241+0000] {dag.py:3036} INFO - Sync 1 DAGs
[2026-07-06T16:41:46.318+0000] {logging_mixin.py:188} INFO - [2026-07-06T16:41:46.317+0000] {dag.py:3823} INFO - Setting next_dagrun for latest_only to 2026-07-06 12:00:00+00:00, run_after=2026-07-06 16:00:00+00:00
[2026-07-06T16:41:46.403+0000] {processor.py:183} INFO - Processing /home/airflow/.local/lib/python3.8/site-packages/airflow/example_dags/example_latest_only.py took 0.283 seconds
[2026-07-06T16:42:17.327+0000] {processor.py:161} INFO - Started process (PID=2429) to work on /home/airflow/.local/lib/python3.8/site-packages/airflow/example_dags/example_latest_only.py
[2026-07-06T16:42:17.332+0000] {processor.py:830} INFO - Processing file /home/airflow/.local/lib/python3.8/site-packages/airflow/example_dags/example_latest_only.py for tasks to queue
[2026-07-06T16:42:17.337+0000] {logging_mixin.py:188} INFO - [2026-07-06T16:42:17.336+0000] {dagbag.py:538} INFO - Filling up the DagBag from /home/airflow/.local/lib/python3.8/site-packages/airflow/example_dags/example_latest_only.py
[2026-07-06T16:42:17.358+0000] {processor.py:840} INFO - DAG(s) 'latest_only' retrieved from /home/airflow/.local/lib/python3.8/site-packages/airflow/example_dags/example_latest_only.py
[2026-07-06T16:42:17.422+0000] {logging_mixin.py:188} INFO - [2026-07-06T16:42:17.421+0000] {dag.py:3036} INFO - Sync 1 DAGs
[2026-07-06T16:42:17.486+0000] {logging_mixin.py:188} INFO - [2026-07-06T16:42:17.486+0000] {dag.py:3823} INFO - Setting next_dagrun for latest_only to 2026-07-06 12:00:00+00:00, run_after=2026-07-06 16:00:00+00:00
[2026-07-06T16:42:17.570+0000] {processor.py:183} INFO - Processing /home/airflow/.local/lib/python3.8/site-packages/airflow/example_dags/example_latest_only.py took 0.255 seconds
[2026-07-06T16:42:48.205+0000] {processor.py:161} INFO - Started process (PID=2495) to work on /home/airflow/.local/lib/python3.8/site-packages/airflow/example_dags/example_latest_only.py
[2026-07-06T16:42:48.210+0000] {processor.py:830} INFO - Processing file /home/airflow/.local/lib/python3.8/site-packages/airflow/example_dags/example_latest_only.py for tasks to queue
[2026-07-06T16:42:48.219+0000] {logging_mixin.py:188} INFO - [2026-07-06T16:42:48.219+0000] {dagbag.py:538} INFO - Filling up the DagBag from /home/airflow/.local/lib/python3.8/site-packages/airflow/example_dags/example_latest_only.py
[2026-07-06T16:42:48.241+0000] {processor.py:840} INFO - DAG(s) 'latest_only' retrieved from /home/airflow/.local/lib/python3.8/site-packages/airflow/example_dags/example_latest_only.py
[2026-07-06T16:42:48.405+0000] {logging_mixin.py:188} INFO - [2026-07-06T16:42:48.404+0000] {dag.py:3036} INFO - Sync 1 DAGs
[2026-07-06T16:42:48.513+0000] {logging_mixin.py:188} INFO - [2026-07-06T16:42:48.512+0000] {dag.py:3823} INFO - Setting next_dagrun for latest_only to 2026-07-06 12:00:00+00:00, run_after=2026-07-06 16:00:00+00:00
[2026-07-06T16:42:48.592+0000] {processor.py:183} INFO - Processing /home/airflow/.local/lib/python3.8/site-packages/airflow/example_dags/example_latest_only.py took 0.420 seconds
[2026-07-06T16:43:19.493+0000] {processor.py:161} INFO - Started process (PID=2553) to work on /home/airflow/.local/lib/python3.8/site-packages/airflow/example_dags/example_latest_only.py
[2026-07-06T16:43:19.495+0000] {processor.py:830} INFO - Processing file /home/airflow/.local/lib/python3.8/site-packages/airflow/example_dags/example_latest_only.py for tasks to queue
[2026-07-06T16:43:19.499+0000] {logging_mixin.py:188} INFO - [2026-07-06T16:43:19.498+0000] {dagbag.py:538} INFO - Filling up the DagBag from /home/airflow/.local/lib/python3.8/site-packages/airflow/example_dags/example_latest_only.py
[2026-07-06T16:43:19.509+0000] {processor.py:840} INFO - DAG(s) 'latest_only' retrieved from /home/airflow/.local/lib/python3.8/site-packages/airflow/example_dags/example_latest_only.py
[2026-07-06T16:43:19.556+0000] {logging_mixin.py:188} INFO - [2026-07-06T16:43:19.556+0000] {dag.py:3036} INFO - Sync 1 DAGs
[2026-07-06T16:43:19.601+0000] {logging_mixin.py:188} INFO - [2026-07-06T16:43:19.600+0000] {dag.py:3823} INFO - Setting next_dagrun for latest_only to 2026-07-06 12:00:00+00:00, run_after=2026-07-06 16:00:00+00:00
[2026-07-06T16:43:19.644+0000] {processor.py:183} INFO - Processing /home/airflow/.local/lib/python3.8/site-packages/airflow/example_dags/example_latest_only.py took 0.161 seconds
[2026-07-06T16:43:50.071+0000] {processor.py:161} INFO - Started process (PID=2619) to work on /home/airflow/.local/lib/python3.8/site-packages/airflow/example_dags/example_latest_only.py
[2026-07-06T16:43:50.082+0000] {processor.py:830} INFO - Processing file /home/airflow/.local/lib/python3.8/site-packages/airflow/example_dags/example_latest_only.py for tasks to queue
[2026-07-06T16:43:50.087+0000] {logging_mixin.py:188} INFO - [2026-07-06T16:43:50.086+0000] {dagbag.py:538} INFO - Filling up the DagBag from /home/airflow/.local/lib/python3.8/site-packages/airflow/example_dags/example_latest_only.py
[2026-07-06T16:43:50.100+0000] {processor.py:840} INFO - DAG(s) 'latest_only' retrieved from /home/airflow/.local/lib/python3.8/site-packages/airflow/example_dags/example_latest_only.py
[2026-07-06T16:43:50.157+0000] {logging_mixin.py:188} INFO - [2026-07-06T16:43:50.157+0000] {dag.py:3036} INFO - Sync 1 DAGs
[2026-07-06T16:43:50.224+0000] {logging_mixin.py:188} INFO - [2026-07-06T16:43:50.223+0000] {dag.py:3823} INFO - Setting next_dagrun for latest_only to 2026-07-06 12:00:00+00:00, run_after=2026-07-06 16:00:00+00:00
[2026-07-06T16:43:50.264+0000] {processor.py:183} INFO - Processing /home/airflow/.local/lib/python3.8/site-packages/airflow/example_dags/example_latest_only.py took 0.208 seconds
[2026-07-06T16:44:20.629+0000] {processor.py:161} INFO - Started process (PID=2685) to work on /home/airflow/.local/lib/python3.8/site-packages/airflow/example_dags/example_latest_only.py
[2026-07-06T16:44:20.640+0000] {processor.py:830} INFO - Processing file /home/airflow/.local/lib/python3.8/site-packages/airflow/example_dags/example_latest_only.py for tasks to queue
[2026-07-06T16:44:20.648+0000] {logging_mixin.py:188} INFO - [2026-07-06T16:44:20.647+0000] {dagbag.py:538} INFO - Filling up the DagBag from /home/airflow/.local/lib/python3.8/site-packages/airflow/example_dags/example_latest_only.py
[2026-07-06T16:44:20.668+0000] {processor.py:840} INFO - DAG(s) 'latest_only' retrieved from /home/airflow/.local/lib/python3.8/site-packages/airflow/example_dags/example_latest_only.py
[2026-07-06T16:44:20.750+0000] {logging_mixin.py:188} INFO - [2026-07-06T16:44:20.749+0000] {dag.py:3036} INFO - Sync 1 DAGs
[2026-07-06T16:44:20.836+0000] {logging_mixin.py:188} INFO - [2026-07-06T16:44:20.836+0000] {dag.py:3823} INFO - Setting next_dagrun for latest_only to 2026-07-06 12:00:00+00:00, run_after=2026-07-06 16:00:00+00:00
[2026-07-06T16:44:20.905+0000] {processor.py:183} INFO - Processing /home/airflow/.local/lib/python3.8/site-packages/airflow/example_dags/example_latest_only.py took 0.290 seconds
[2026-07-06T16:44:51.403+0000] {processor.py:161} INFO - Started process (PID=2752) to work on /home/airflow/.local/lib/python3.8/site-packages/airflow/example_dags/example_latest_only.py
[2026-07-06T16:44:51.414+0000] {processor.py:830} INFO - Processing file /home/airflow/.local/lib/python3.8/site-packages/airflow/example_dags/example_latest_only.py for tasks to queue
[2026-07-06T16:44:51.419+0000] {logging_mixin.py:188} INFO - [2026-07-06T16:44:51.418+0000] {dagbag.py:538} INFO - Filling up the DagBag from /home/airflow/.local/lib/python3.8/site-packages/airflow/example_dags/example_latest_only.py
[2026-07-06T16:44:51.432+0000] {processor.py:840} INFO - DAG(s) 'latest_only' retrieved from /home/airflow/.local/lib/python3.8/site-packages/airflow/example_dags/example_latest_only.py
[2026-07-06T16:44:51.486+0000] {logging_mixin.py:188} INFO - [2026-07-06T16:44:51.485+0000] {dag.py:3036} INFO - Sync 1 DAGs
[2026-07-06T16:44:51.562+0000] {logging_mixin.py:188} INFO - [2026-07-06T16:44:51.561+0000] {dag.py:3823} INFO - Setting next_dagrun for latest_only to 2026-07-06 12:00:00+00:00, run_after=2026-07-06 16:00:00+00:00
[2026-07-06T16:44:51.617+0000] {processor.py:183} INFO - Processing /home/airflow/.local/lib/python3.8/site-packages/airflow/example_dags/example_latest_only.py took 0.231 seconds
[2026-07-06T16:45:22.229+0000] {processor.py:161} INFO - Started process (PID=2818) to work on /home/airflow/.local/lib/python3.8/site-packages/airflow/example_dags/example_latest_only.py
[2026-07-06T16:45:22.231+0000] {processor.py:830} INFO - Processing file /home/airflow/.local/lib/python3.8/site-packages/airflow/example_dags/example_latest_only.py for tasks to queue
[2026-07-06T16:45:22.237+0000] {logging_mixin.py:188} INFO - [2026-07-06T16:45:22.236+0000] {dagbag.py:538} INFO - Filling up the DagBag from /home/airflow/.local/lib/python3.8/site-packages/airflow/example_dags/example_latest_only.py
[2026-07-06T16:45:22.251+0000] {processor.py:840} INFO - DAG(s) 'latest_only' retrieved from /home/airflow/.local/lib/python3.8/site-packages/airflow/example_dags/example_latest_only.py
[2026-07-06T16:45:22.345+0000] {logging_mixin.py:188} INFO - [2026-07-06T16:45:22.344+0000] {dag.py:3036} INFO - Sync 1 DAGs
[2026-07-06T16:45:22.424+0000] {logging_mixin.py:188} INFO - [2026-07-06T16:45:22.423+0000] {dag.py:3823} INFO - Setting next_dagrun for latest_only to 2026-07-06 12:00:00+00:00, run_after=2026-07-06 16:00:00+00:00
[2026-07-06T16:45:22.484+0000] {processor.py:183} INFO - Processing /home/airflow/.local/lib/python3.8/site-packages/airflow/example_dags/example_latest_only.py took 0.265 seconds
[2026-07-06T16:45:52.926+0000] {processor.py:161} INFO - Started process (PID=2884) to work on /home/airflow/.local/lib/python3.8/site-packages/airflow/example_dags/example_latest_only.py
[2026-07-06T16:45:52.935+0000] {processor.py:830} INFO - Processing file /home/airflow/.local/lib/python3.8/site-packages/airflow/example_dags/example_latest_only.py for tasks to queue
[2026-07-06T16:45:52.940+0000] {logging_mixin.py:188} INFO - [2026-07-06T16:45:52.939+0000] {dagbag.py:538} INFO - Filling up the DagBag from /home/airflow/.local/lib/python3.8/site-packages/airflow/example_dags/example_latest_only.py
[2026-07-06T16:45:52.954+0000] {processor.py:840} INFO - DAG(s) 'latest_only' retrieved from /home/airflow/.local/lib/python3.8/site-packages/airflow/example_dags/example_latest_only.py
[2026-07-06T16:45:53.035+0000] {logging_mixin.py:188} INFO - [2026-07-06T16:45:53.034+0000] {dag.py:3036} INFO - Sync 1 DAGs
[2026-07-06T16:45:53.100+0000] {logging_mixin.py:188} INFO - [2026-07-06T16:45:53.100+0000] {dag.py:3823} INFO - Setting next_dagrun for latest_only to 2026-07-06 12:00:00+00:00, run_after=2026-07-06 16:00:00+00:00
[2026-07-06T16:45:53.155+0000] {processor.py:183} INFO - Processing /home/airflow/.local/lib/python3.8/site-packages/airflow/example_dags/example_latest_only.py took 0.241 seconds
[2026-07-06T16:46:23.732+0000] {processor.py:161} INFO - Started process (PID=2950) to work on /home/airflow/.local/lib/python3.8/site-packages/airflow/example_dags/example_latest_only.py
[2026-07-06T16:46:23.741+0000] {processor.py:830} INFO - Processing file /home/airflow/.local/lib/python3.8/site-packages/airflow/example_dags/example_latest_only.py for tasks to queue
[2026-07-06T16:46:23.746+0000] {logging_mixin.py:188} INFO - [2026-07-06T16:46:23.745+0000] {dagbag.py:538} INFO - Filling up the DagBag from /home/airflow/.local/lib/python3.8/site-packages/airflow/example_dags/example_latest_only.py
[2026-07-06T16:46:23.759+0000] {processor.py:840} INFO - DAG(s) 'latest_only' retrieved from /home/airflow/.local/lib/python3.8/site-packages/airflow/example_dags/example_latest_only.py
[2026-07-06T16:46:23.845+0000] {logging_mixin.py:188} INFO - [2026-07-06T16:46:23.845+0000] {dag.py:3036} INFO - Sync 1 DAGs
[2026-07-06T16:46:23.913+0000] {logging_mixin.py:188} INFO - [2026-07-06T16:46:23.913+0000] {dag.py:3823} INFO - Setting next_dagrun for latest_only to 2026-07-06 12:00:00+00:00, run_after=2026-07-06 16:00:00+00:00
[2026-07-06T16:46:23.965+0000] {processor.py:183} INFO - Processing /home/airflow/.local/lib/python3.8/site-packages/airflow/example_dags/example_latest_only.py took 0.244 seconds
[2026-07-06T16:46:54.077+0000] {processor.py:161} INFO - Started process (PID=3015) to work on /home/airflow/.local/lib/python3.8/site-packages/airflow/example_dags/example_latest_only.py
[2026-07-06T16:46:54.087+0000] {processor.py:830} INFO - Processing file /home/airflow/.local/lib/python3.8/site-packages/airflow/example_dags/example_latest_only.py for tasks to queue
[2026-07-06T16:46:54.092+0000] {logging_mixin.py:188} INFO - [2026-07-06T16:46:54.091+0000] {dagbag.py:538} INFO - Filling up the DagBag from /home/airflow/.local/lib/python3.8/site-packages/airflow/example_dags/example_latest_only.py
[2026-07-06T16:46:54.106+0000] {processor.py:840} INFO - DAG(s) 'latest_only' retrieved from /home/airflow/.local/lib/python3.8/site-packages/airflow/example_dags/example_latest_only.py
[2026-07-06T16:46:54.163+0000] {logging_mixin.py:188} INFO - [2026-07-06T16:46:54.163+0000] {dag.py:3036} INFO - Sync 1 DAGs
[2026-07-06T16:46:54.227+0000] {logging_mixin.py:188} INFO - [2026-07-06T16:46:54.227+0000] {dag.py:3823} INFO - Setting next_dagrun for latest_only to 2026-07-06 12:00:00+00:00, run_after=2026-07-06 16:00:00+00:00
[2026-07-06T16:46:54.582+0000] {processor.py:183} INFO - Processing /home/airflow/.local/lib/python3.8/site-packages/airflow/example_dags/example_latest_only.py took 0.517 seconds
[2026-07-06T16:47:25.259+0000] {processor.py:161} INFO - Started process (PID=3081) to work on /home/airflow/.local/lib/python3.8/site-packages/airflow/example_dags/example_latest_only.py
[2026-07-06T16:47:25.261+0000] {processor.py:830} INFO - Processing file /home/airflow/.local/lib/python3.8/site-packages/airflow/example_dags/example_latest_only.py for tasks to queue
[2026-07-06T16:47:25.270+0000] {logging_mixin.py:188} INFO - [2026-07-06T16:47:25.270+0000] {dagbag.py:538} INFO - Filling up the DagBag from /home/airflow/.local/lib/python3.8/site-packages/airflow/example_dags/example_latest_only.py
[2026-07-06T16:47:25.288+0000] {processor.py:840} INFO - DAG(s) 'latest_only' retrieved from /home/airflow/.local/lib/python3.8/site-packages/airflow/example_dags/example_latest_only.py
[2026-07-06T16:47:25.343+0000] {logging_mixin.py:188} INFO - [2026-07-06T16:47:25.343+0000] {dag.py:3036} INFO - Sync 1 DAGs
[2026-07-06T16:47:25.404+0000] {logging_mixin.py:188} INFO - [2026-07-06T16:47:25.404+0000] {dag.py:3823} INFO - Setting next_dagrun for latest_only to 2026-07-06 12:00:00+00:00, run_after=2026-07-06 16:00:00+00:00
[2026-07-06T16:47:25.797+0000] {processor.py:183} INFO - Processing /home/airflow/.local/lib/python3.8/site-packages/airflow/example_dags/example_latest_only.py took 0.548 seconds
[2026-07-06T16:47:56.137+0000] {processor.py:161} INFO - Started process (PID=3140) to work on /home/airflow/.local/lib/python3.8/site-packages/airflow/example_dags/example_latest_only.py
[2026-07-06T16:47:56.153+0000] {processor.py:830} INFO - Processing file /home/airflow/.local/lib/python3.8/site-packages/airflow/example_dags/example_latest_only.py for tasks to queue
[2026-07-06T16:47:56.162+0000] {logging_mixin.py:188} INFO - [2026-07-06T16:47:56.161+0000] {dagbag.py:538} INFO - Filling up the DagBag from /home/airflow/.local/lib/python3.8/site-packages/airflow/example_dags/example_latest_only.py
[2026-07-06T16:47:56.181+0000] {processor.py:840} INFO - DAG(s) 'latest_only' retrieved from /home/airflow/.local/lib/python3.8/site-packages/airflow/example_dags/example_latest_only.py
[2026-07-06T16:47:56.239+0000] {logging_mixin.py:188} INFO - [2026-07-06T16:47:56.239+0000] {dag.py:3036} INFO - Sync 1 DAGs
[2026-07-06T16:47:56.338+0000] {logging_mixin.py:188} INFO - [2026-07-06T16:47:56.337+0000] {dag.py:3823} INFO - Setting next_dagrun for latest_only to 2026-07-06 12:00:00+00:00, run_after=2026-07-06 16:00:00+00:00
[2026-07-06T16:47:56.393+0000] {processor.py:183} INFO - Processing /home/airflow/.local/lib/python3.8/site-packages/airflow/example_dags/example_latest_only.py took 0.265 seconds
[2026-07-06T16:48:26.620+0000] {processor.py:161} INFO - Started process (PID=3206) to work on /home/airflow/.local/lib/python3.8/site-packages/airflow/example_dags/example_latest_only.py
[2026-07-06T16:48:26.623+0000] {processor.py:830} INFO - Processing file /home/airflow/.local/lib/python3.8/site-packages/airflow/example_dags/example_latest_only.py for tasks to queue
[2026-07-06T16:48:26.629+0000] {logging_mixin.py:188} INFO - [2026-07-06T16:48:26.628+0000] {dagbag.py:538} INFO - Filling up the DagBag from /home/airflow/.local/lib/python3.8/site-packages/airflow/example_dags/example_latest_only.py
[2026-07-06T16:48:26.646+0000] {processor.py:840} INFO - DAG(s) 'latest_only' retrieved from /home/airflow/.local/lib/python3.8/site-packages/airflow/example_dags/example_latest_only.py
[2026-07-06T16:48:26.720+0000] {logging_mixin.py:188} INFO - [2026-07-06T16:48:26.719+0000] {dag.py:3036} INFO - Sync 1 DAGs
[2026-07-06T16:48:26.769+0000] {logging_mixin.py:188} INFO - [2026-07-06T16:48:26.768+0000] {dag.py:3823} INFO - Setting next_dagrun for latest_only to 2026-07-06 12:00:00+00:00, run_after=2026-07-06 16:00:00+00:00
[2026-07-06T16:48:26.808+0000] {processor.py:183} INFO - Processing /home/airflow/.local/lib/python3.8/site-packages/airflow/example_dags/example_latest_only.py took 0.199 seconds
[2026-07-06T16:48:56.936+0000] {processor.py:161} INFO - Started process (PID=3271) to work on /home/airflow/.local/lib/python3.8/site-packages/airflow/example_dags/example_latest_only.py
[2026-07-06T16:48:56.939+0000] {processor.py:830} INFO - Processing file /home/airflow/.local/lib/python3.8/site-packages/airflow/example_dags/example_latest_only.py for tasks to queue
[2026-07-06T16:48:56.945+0000] {logging_mixin.py:188} INFO - [2026-07-06T16:48:56.944+0000] {dagbag.py:538} INFO - Filling up the DagBag from /home/airflow/.local/lib/python3.8/site-packages/airflow/example_dags/example_latest_only.py
[2026-07-06T16:48:56.962+0000] {processor.py:840} INFO - DAG(s) 'latest_only' retrieved from /home/airflow/.local/lib/python3.8/site-packages/airflow/example_dags/example_latest_only.py
[2026-07-06T16:48:57.034+0000] {logging_mixin.py:188} INFO - [2026-07-06T16:48:57.033+0000] {dag.py:3036} INFO - Sync 1 DAGs
[2026-07-06T16:48:57.119+0000] {logging_mixin.py:188} INFO - [2026-07-06T16:48:57.119+0000] {dag.py:3823} INFO - Setting next_dagrun for latest_only to 2026-07-06 12:00:00+00:00, run_after=2026-07-06 16:00:00+00:00
[2026-07-06T16:48:57.175+0000] {processor.py:183} INFO - Processing /home/airflow/.local/lib/python3.8/site-packages/airflow/example_dags/example_latest_only.py took 0.247 seconds
[2026-07-06T16:49:27.287+0000] {processor.py:161} INFO - Started process (PID=3337) to work on /home/airflow/.local/lib/python3.8/site-packages/airflow/example_dags/example_latest_only.py
[2026-07-06T16:49:27.292+0000] {processor.py:830} INFO - Processing file /home/airflow/.local/lib/python3.8/site-packages/airflow/example_dags/example_latest_only.py for tasks to queue
[2026-07-06T16:49:27.298+0000] {logging_mixin.py:188} INFO - [2026-07-06T16:49:27.297+0000] {dagbag.py:538} INFO - Filling up the DagBag from /home/airflow/.local/lib/python3.8/site-packages/airflow/example_dags/example_latest_only.py
[2026-07-06T16:49:27.318+0000] {processor.py:840} INFO - DAG(s) 'latest_only' retrieved from /home/airflow/.local/lib/python3.8/site-packages/airflow/example_dags/example_latest_only.py
[2026-07-06T16:49:27.381+0000] {logging_mixin.py:188} INFO - [2026-07-06T16:49:27.380+0000] {dag.py:3036} INFO - Sync 1 DAGs
[2026-07-06T16:49:27.434+0000] {logging_mixin.py:188} INFO - [2026-07-06T16:49:27.434+0000] {dag.py:3823} INFO - Setting next_dagrun for latest_only to 2026-07-06 12:00:00+00:00, run_after=2026-07-06 16:00:00+00:00
[2026-07-06T16:49:27.482+0000] {processor.py:183} INFO - Processing /home/airflow/.local/lib/python3.8/site-packages/airflow/example_dags/example_latest_only.py took 0.204 seconds
[2026-07-06T16:49:57.994+0000] {processor.py:161} INFO - Started process (PID=3403) to work on /home/airflow/.local/lib/python3.8/site-packages/airflow/example_dags/example_latest_only.py
[2026-07-06T16:49:58.004+0000] {processor.py:830} INFO - Processing file /home/airflow/.local/lib/python3.8/site-packages/airflow/example_dags/example_latest_only.py for tasks to queue
[2026-07-06T16:49:58.009+0000] {logging_mixin.py:188} INFO - [2026-07-06T16:49:58.008+0000] {dagbag.py:538} INFO - Filling up the DagBag from /home/airflow/.local/lib/python3.8/site-packages/airflow/example_dags/example_latest_only.py
[2026-07-06T16:49:58.026+0000] {processor.py:840} INFO - DAG(s) 'latest_only' retrieved from /home/airflow/.local/lib/python3.8/site-packages/airflow/example_dags/example_latest_only.py
[2026-07-06T16:49:58.104+0000] {logging_mixin.py:188} INFO - [2026-07-06T16:49:58.103+0000] {dag.py:3036} INFO - Sync 1 DAGs
[2026-07-06T16:49:58.533+0000] {logging_mixin.py:188} INFO - [2026-07-06T16:49:58.533+0000] {dag.py:3823} INFO - Setting next_dagrun for latest_only to 2026-07-06 12:00:00+00:00, run_after=2026-07-06 16:00:00+00:00
[2026-07-06T16:49:58.574+0000] {processor.py:183} INFO - Processing /home/airflow/.local/lib/python3.8/site-packages/airflow/example_dags/example_latest_only.py took 0.591 seconds
[2026-07-06T16:50:28.857+0000] {processor.py:161} INFO - Started process (PID=3469) to work on /home/airflow/.local/lib/python3.8/site-packages/airflow/example_dags/example_latest_only.py
[2026-07-06T16:50:28.860+0000] {processor.py:830} INFO - Processing file /home/airflow/.local/lib/python3.8/site-packages/airflow/example_dags/example_latest_only.py for tasks to queue
[2026-07-06T16:50:28.864+0000] {logging_mixin.py:188} INFO - [2026-07-06T16:50:28.863+0000] {dagbag.py:538} INFO - Filling up the DagBag from /home/airflow/.local/lib/python3.8/site-packages/airflow/example_dags/example_latest_only.py
[2026-07-06T16:50:28.875+0000] {processor.py:840} INFO - DAG(s) 'latest_only' retrieved from /home/airflow/.local/lib/python3.8/site-packages/airflow/example_dags/example_latest_only.py
[2026-07-06T16:50:28.934+0000] {logging_mixin.py:188} INFO - [2026-07-06T16:50:28.934+0000] {dag.py:3036} INFO - Sync 1 DAGs
[2026-07-06T16:50:29.001+0000] {logging_mixin.py:188} INFO - [2026-07-06T16:50:29.001+0000] {dag.py:3823} INFO - Setting next_dagrun for latest_only to 2026-07-06 12:00:00+00:00, run_after=2026-07-06 16:00:00+00:00
[2026-07-06T16:50:29.053+0000] {processor.py:183} INFO - Processing /home/airflow/.local/lib/python3.8/site-packages/airflow/example_dags/example_latest_only.py took 0.216 seconds
[2026-07-06T16:50:59.212+0000] {processor.py:161} INFO - Started process (PID=3533) to work on /home/airflow/.local/lib/python3.8/site-packages/airflow/example_dags/example_latest_only.py
[2026-07-06T16:50:59.220+0000] {processor.py:830} INFO - Processing file /home/airflow/.local/lib/python3.8/site-packages/airflow/example_dags/example_latest_only.py for tasks to queue
[2026-07-06T16:50:59.228+0000] {logging_mixin.py:188} INFO - [2026-07-06T16:50:59.227+0000] {dagbag.py:538} INFO - Filling up the DagBag from /home/airflow/.local/lib/python3.8/site-packages/airflow/example_dags/example_latest_only.py
[2026-07-06T16:50:59.596+0000] {processor.py:840} INFO - DAG(s) 'latest_only' retrieved from /home/airflow/.local/lib/python3.8/site-packages/airflow/example_dags/example_latest_only.py
[2026-07-06T16:50:59.638+0000] {logging_mixin.py:188} INFO - [2026-07-06T16:50:59.638+0000] {dag.py:3036} INFO - Sync 1 DAGs
[2026-07-06T16:50:59.684+0000] {logging_mixin.py:188} INFO - [2026-07-06T16:50:59.683+0000] {dag.py:3823} INFO - Setting next_dagrun for latest_only to 2026-07-06 12:00:00+00:00, run_after=2026-07-06 16:00:00+00:00
[2026-07-06T16:50:59.733+0000] {processor.py:183} INFO - Processing /home/airflow/.local/lib/python3.8/site-packages/airflow/example_dags/example_latest_only.py took 0.541 seconds
[2026-07-06T16:51:29.902+0000] {processor.py:161} INFO - Started process (PID=3599) to work on /home/airflow/.local/lib/python3.8/site-packages/airflow/example_dags/example_latest_only.py
[2026-07-06T16:51:29.906+0000] {processor.py:830} INFO - Processing file /home/airflow/.local/lib/python3.8/site-packages/airflow/example_dags/example_latest_only.py for tasks to queue
[2026-07-06T16:51:29.911+0000] {logging_mixin.py:188} INFO - [2026-07-06T16:51:29.910+0000] {dagbag.py:538} INFO - Filling up the DagBag from /home/airflow/.local/lib/python3.8/site-packages/airflow/example_dags/example_latest_only.py
[2026-07-06T16:51:29.932+0000] {processor.py:840} INFO - DAG(s) 'latest_only' retrieved from /home/airflow/.local/lib/python3.8/site-packages/airflow/example_dags/example_latest_only.py
[2026-07-06T16:51:29.985+0000] {logging_mixin.py:188} INFO - [2026-07-06T16:51:29.984+0000] {dag.py:3036} INFO - Sync 1 DAGs
[2026-07-06T16:51:30.039+0000] {logging_mixin.py:188} INFO - [2026-07-06T16:51:30.039+0000] {dag.py:3823} INFO - Setting next_dagrun for latest_only to 2026-07-06 12:00:00+00:00, run_after=2026-07-06 16:00:00+00:00
[2026-07-06T16:51:30.085+0000] {processor.py:183} INFO - Processing /home/airflow/.local/lib/python3.8/site-packages/airflow/example_dags/example_latest_only.py took 0.193 seconds
[2026-07-06T16:52:01.109+0000] {processor.py:161} INFO - Started process (PID=3665) to work on /home/airflow/.local/lib/python3.8/site-packages/airflow/example_dags/example_latest_only.py
[2026-07-06T16:52:01.114+0000] {processor.py:830} INFO - Processing file /home/airflow/.local/lib/python3.8/site-packages/airflow/example_dags/example_latest_only.py for tasks to queue
[2026-07-06T16:52:01.119+0000] {logging_mixin.py:188} INFO - [2026-07-06T16:52:01.118+0000] {dagbag.py:538} INFO - Filling up the DagBag from /home/airflow/.local/lib/python3.8/site-packages/airflow/example_dags/example_latest_only.py
[2026-07-06T16:52:01.144+0000] {processor.py:840} INFO - DAG(s) 'latest_only' retrieved from /home/airflow/.local/lib/python3.8/site-packages/airflow/example_dags/example_latest_only.py
[2026-07-06T16:52:01.226+0000] {logging_mixin.py:188} INFO - [2026-07-06T16:52:01.226+0000] {dag.py:3036} INFO - Sync 1 DAGs
[2026-07-06T16:52:01.291+0000] {logging_mixin.py:188} INFO - [2026-07-06T16:52:01.290+0000] {dag.py:3823} INFO - Setting next_dagrun for latest_only to 2026-07-06 12:00:00+00:00, run_after=2026-07-06 16:00:00+00:00
[2026-07-06T16:52:01.353+0000] {processor.py:183} INFO - Processing /home/airflow/.local/lib/python3.8/site-packages/airflow/example_dags/example_latest_only.py took 0.266 seconds
[2026-07-06T16:52:31.664+0000] {processor.py:161} INFO - Started process (PID=3731) to work on /home/airflow/.local/lib/python3.8/site-packages/airflow/example_dags/example_latest_only.py
[2026-07-06T16:52:31.668+0000] {processor.py:830} INFO - Processing file /home/airflow/.local/lib/python3.8/site-packages/airflow/example_dags/example_latest_only.py for tasks to queue
[2026-07-06T16:52:31.678+0000] {logging_mixin.py:188} INFO - [2026-07-06T16:52:31.677+0000] {dagbag.py:538} INFO - Filling up the DagBag from /home/airflow/.local/lib/python3.8/site-packages/airflow/example_dags/example_latest_only.py
[2026-07-06T16:52:31.696+0000] {processor.py:840} INFO - DAG(s) 'latest_only' retrieved from /home/airflow/.local/lib/python3.8/site-packages/airflow/example_dags/example_latest_only.py
[2026-07-06T16:52:31.772+0000] {logging_mixin.py:188} INFO - [2026-07-06T16:52:31.772+0000] {dag.py:3036} INFO - Sync 1 DAGs
[2026-07-06T16:52:31.840+0000] {logging_mixin.py:188} INFO - [2026-07-06T16:52:31.839+0000] {dag.py:3823} INFO - Setting next_dagrun for latest_only to 2026-07-06 12:00:00+00:00, run_after=2026-07-06 16:00:00+00:00
[2026-07-06T16:52:31.888+0000] {processor.py:183} INFO - Processing /home/airflow/.local/lib/python3.8/site-packages/airflow/example_dags/example_latest_only.py took 0.239 seconds
[2026-07-06T16:53:02.750+0000] {processor.py:161} INFO - Started process (PID=3796) to work on /home/airflow/.local/lib/python3.8/site-packages/airflow/example_dags/example_latest_only.py
[2026-07-06T16:53:02.756+0000] {processor.py:830} INFO - Processing file /home/airflow/.local/lib/python3.8/site-packages/airflow/example_dags/example_latest_only.py for tasks to queue
[2026-07-06T16:53:02.761+0000] {logging_mixin.py:188} INFO - [2026-07-06T16:53:02.761+0000] {dagbag.py:538} INFO - Filling up the DagBag from /home/airflow/.local/lib/python3.8/site-packages/airflow/example_dags/example_latest_only.py
[2026-07-06T16:53:02.776+0000] {processor.py:840} INFO - DAG(s) 'latest_only' retrieved from /home/airflow/.local/lib/python3.8/site-packages/airflow/example_dags/example_latest_only.py
[2026-07-06T16:53:02.836+0000] {logging_mixin.py:188} INFO - [2026-07-06T16:53:02.835+0000] {dag.py:3036} INFO - Sync 1 DAGs
[2026-07-06T16:53:02.898+0000] {logging_mixin.py:188} INFO - [2026-07-06T16:53:02.898+0000] {dag.py:3823} INFO - Setting next_dagrun for latest_only to 2026-07-06 12:00:00+00:00, run_after=2026-07-06 16:00:00+00:00
[2026-07-06T16:53:02.956+0000] {processor.py:183} INFO - Processing /home/airflow/.local/lib/python3.8/site-packages/airflow/example_dags/example_latest_only.py took 0.221 seconds
[2026-07-06T16:53:33.380+0000] {processor.py:161} INFO - Started process (PID=3860) to work on /home/airflow/.local/lib/python3.8/site-packages/airflow/example_dags/example_latest_only.py
[2026-07-06T16:53:33.383+0000] {processor.py:830} INFO - Processing file /home/airflow/.local/lib/python3.8/site-packages/airflow/example_dags/example_latest_only.py for tasks to queue
[2026-07-06T16:53:33.388+0000] {logging_mixin.py:188} INFO - [2026-07-06T16:53:33.387+0000] {dagbag.py:538} INFO - Filling up the DagBag from /home/airflow/.local/lib/python3.8/site-packages/airflow/example_dags/example_latest_only.py
[2026-07-06T16:53:33.404+0000] {processor.py:840} INFO - DAG(s) 'latest_only' retrieved from /home/airflow/.local/lib/python3.8/site-packages/airflow/example_dags/example_latest_only.py
[2026-07-06T16:53:33.457+0000] {logging_mixin.py:188} INFO - [2026-07-06T16:53:33.456+0000] {dag.py:3036} INFO - Sync 1 DAGs
[2026-07-06T16:53:33.509+0000] {logging_mixin.py:188} INFO - [2026-07-06T16:53:33.509+0000] {dag.py:3823} INFO - Setting next_dagrun for latest_only to 2026-07-06 12:00:00+00:00, run_after=2026-07-06 16:00:00+00:00
[2026-07-06T16:53:33.562+0000] {processor.py:183} INFO - Processing /home/airflow/.local/lib/python3.8/site-packages/airflow/example_dags/example_latest_only.py took 0.191 seconds
[2026-07-06T16:54:04.234+0000] {processor.py:161} INFO - Started process (PID=3918) to work on /home/airflow/.local/lib/python3.8/site-packages/airflow/example_dags/example_latest_only.py
[2026-07-06T16:54:04.244+0000] {processor.py:830} INFO - Processing file /home/airflow/.local/lib/python3.8/site-packages/airflow/example_dags/example_latest_only.py for tasks to queue
[2026-07-06T16:54:04.250+0000] {logging_mixin.py:188} INFO - [2026-07-06T16:54:04.249+0000] {dagbag.py:538} INFO - Filling up the DagBag from /home/airflow/.local/lib/python3.8/site-packages/airflow/example_dags/example_latest_only.py
[2026-07-06T16:54:04.266+0000] {processor.py:840} INFO - DAG(s) 'latest_only' retrieved from /home/airflow/.local/lib/python3.8/site-packages/airflow/example_dags/example_latest_only.py
[2026-07-06T16:54:04.317+0000] {logging_mixin.py:188} INFO - [2026-07-06T16:54:04.316+0000] {dag.py:3036} INFO - Sync 1 DAGs
[2026-07-06T16:54:04.376+0000] {logging_mixin.py:188} INFO - [2026-07-06T16:54:04.376+0000] {dag.py:3823} INFO - Setting next_dagrun for latest_only to 2026-07-06 12:00:00+00:00, run_after=2026-07-06 16:00:00+00:00
[2026-07-06T16:54:04.417+0000] {processor.py:183} INFO - Processing /home/airflow/.local/lib/python3.8/site-packages/airflow/example_dags/example_latest_only.py took 0.197 seconds
[2026-07-06T16:54:34.609+0000] {processor.py:161} INFO - Started process (PID=3984) to work on /home/airflow/.local/lib/python3.8/site-packages/airflow/example_dags/example_latest_only.py
[2026-07-06T16:54:34.611+0000] {processor.py:830} INFO - Processing file /home/airflow/.local/lib/python3.8/site-packages/airflow/example_dags/example_latest_only.py for tasks to queue
[2026-07-06T16:54:34.616+0000] {logging_mixin.py:188} INFO - [2026-07-06T16:54:34.615+0000] {dagbag.py:538} INFO - Filling up the DagBag from /home/airflow/.local/lib/python3.8/site-packages/airflow/example_dags/example_latest_only.py
[2026-07-06T16:54:34.627+0000] {processor.py:840} INFO - DAG(s) 'latest_only' retrieved from /home/airflow/.local/lib/python3.8/site-packages/airflow/example_dags/example_latest_only.py
[2026-07-06T16:54:34.676+0000] {logging_mixin.py:188} INFO - [2026-07-06T16:54:34.675+0000] {dag.py:3036} INFO - Sync 1 DAGs
[2026-07-06T16:54:34.734+0000] {logging_mixin.py:188} INFO - [2026-07-06T16:54:34.733+0000] {dag.py:3823} INFO - Setting next_dagrun for latest_only to 2026-07-06 12:00:00+00:00, run_after=2026-07-06 16:00:00+00:00
[2026-07-06T16:54:34.787+0000] {processor.py:183} INFO - Processing /home/airflow/.local/lib/python3.8/site-packages/airflow/example_dags/example_latest_only.py took 0.187 seconds
[2026-07-06T16:55:05.313+0000] {processor.py:161} INFO - Started process (PID=4049) to work on /home/airflow/.local/lib/python3.8/site-packages/airflow/example_dags/example_latest_only.py
[2026-07-06T16:55:05.316+0000] {processor.py:830} INFO - Processing file /home/airflow/.local/lib/python3.8/site-packages/airflow/example_dags/example_latest_only.py for tasks to queue
[2026-07-06T16:55:05.321+0000] {logging_mixin.py:188} INFO - [2026-07-06T16:55:05.320+0000] {dagbag.py:538} INFO - Filling up the DagBag from /home/airflow/.local/lib/python3.8/site-packages/airflow/example_dags/example_latest_only.py
[2026-07-06T16:55:05.334+0000] {processor.py:840} INFO - DAG(s) 'latest_only' retrieved from /home/airflow/.local/lib/python3.8/site-packages/airflow/example_dags/example_latest_only.py
[2026-07-06T16:55:05.384+0000] {logging_mixin.py:188} INFO - [2026-07-06T16:55:05.384+0000] {dag.py:3036} INFO - Sync 1 DAGs
[2026-07-06T16:55:05.433+0000] {logging_mixin.py:188} INFO - [2026-07-06T16:55:05.432+0000] {dag.py:3823} INFO - Setting next_dagrun for latest_only to 2026-07-06 12:00:00+00:00, run_after=2026-07-06 16:00:00+00:00
[2026-07-06T16:55:05.474+0000] {processor.py:183} INFO - Processing /home/airflow/.local/lib/python3.8/site-packages/airflow/example_dags/example_latest_only.py took 0.169 seconds
