[2026-07-06T16:22:07.138+0000] {processor.py:161} INFO - Started process (PID=182) to work on /home/airflow/.local/lib/python3.8/site-packages/airflow/example_dags/example_branch_day_of_week_operator.py
[2026-07-06T16:22:07.141+0000] {processor.py:830} INFO - Processing file /home/airflow/.local/lib/python3.8/site-packages/airflow/example_dags/example_branch_day_of_week_operator.py for tasks to queue
[2026-07-06T16:22:07.202+0000] {logging_mixin.py:188} INFO - [2026-07-06T16:22:07.200+0000] {dagbag.py:538} INFO - Filling up the DagBag from /home/airflow/.local/lib/python3.8/site-packages/airflow/example_dags/example_branch_day_of_week_operator.py
[2026-07-06T16:22:07.466+0000] {processor.py:840} INFO - DAG(s) 'example_weekday_branch_operator' retrieved from /home/airflow/.local/lib/python3.8/site-packages/airflow/example_dags/example_branch_day_of_week_operator.py
[2026-07-06T16:22:09.534+0000] {logging_mixin.py:188} INFO - [2026-07-06T16:22:09.532+0000] {override.py:1769} INFO - Created Permission View: can read on DAG:example_weekday_branch_operator
[2026-07-06T16:22:09.821+0000] {logging_mixin.py:188} INFO - [2026-07-06T16:22:09.820+0000] {override.py:1769} INFO - Created Permission View: can delete on DAG:example_weekday_branch_operator
[2026-07-06T16:22:10.165+0000] {logging_mixin.py:188} INFO - [2026-07-06T16:22:10.129+0000] {override.py:1769} INFO - Created Permission View: can edit on DAG:example_weekday_branch_operator
[2026-07-06T16:22:10.166+0000] {logging_mixin.py:188} INFO - [2026-07-06T16:22:10.165+0000] {dag.py:3036} INFO - Sync 1 DAGs
[2026-07-06T16:22:10.411+0000] {logging_mixin.py:188} INFO - [2026-07-06T16:22:10.411+0000] {dag.py:3058} INFO - Creating ORM DAG for example_weekday_branch_operator
[2026-07-06T16:22:10.560+0000] {logging_mixin.py:188} INFO - [2026-07-06T16:22:10.547+0000] {dag.py:3823} INFO - Setting next_dagrun for example_weekday_branch_operator to 2026-07-05 00:00:00+00:00, run_after=2026-07-06 00:00:00+00:00
[2026-07-06T16:22:11.023+0000] {processor.py:183} INFO - Processing /home/airflow/.local/lib/python3.8/site-packages/airflow/example_dags/example_branch_day_of_week_operator.py took 3.928 seconds
[2026-07-06T16:24:33.655+0000] {processor.py:161} INFO - Started process (PID=289) to work on /home/airflow/.local/lib/python3.8/site-packages/airflow/example_dags/example_branch_day_of_week_operator.py
[2026-07-06T16:24:33.674+0000] {processor.py:830} INFO - Processing file /home/airflow/.local/lib/python3.8/site-packages/airflow/example_dags/example_branch_day_of_week_operator.py for tasks to queue
[2026-07-06T16:24:33.681+0000] {logging_mixin.py:188} INFO - [2026-07-06T16:24:33.680+0000] {dagbag.py:538} INFO - Filling up the DagBag from /home/airflow/.local/lib/python3.8/site-packages/airflow/example_dags/example_branch_day_of_week_operator.py
[2026-07-06T16:24:33.734+0000] {processor.py:840} INFO - DAG(s) 'example_weekday_branch_operator' retrieved from /home/airflow/.local/lib/python3.8/site-packages/airflow/example_dags/example_branch_day_of_week_operator.py
[2026-07-06T16:24:33.876+0000] {logging_mixin.py:188} INFO - [2026-07-06T16:24:33.875+0000] {dag.py:3036} INFO - Sync 1 DAGs
[2026-07-06T16:24:34.036+0000] {logging_mixin.py:188} INFO - [2026-07-06T16:24:34.035+0000] {dag.py:3823} INFO - Setting next_dagrun for example_weekday_branch_operator to 2026-07-05 00:00:00+00:00, run_after=2026-07-06 00:00:00+00:00
[2026-07-06T16:24:34.139+0000] {processor.py:183} INFO - Processing /home/airflow/.local/lib/python3.8/site-packages/airflow/example_dags/example_branch_day_of_week_operator.py took 0.522 seconds
[2026-07-06T16:25:04.671+0000] {processor.py:161} INFO - Started process (PID=353) to work on /home/airflow/.local/lib/python3.8/site-packages/airflow/example_dags/example_branch_day_of_week_operator.py
[2026-07-06T16:25:04.687+0000] {processor.py:830} INFO - Processing file /home/airflow/.local/lib/python3.8/site-packages/airflow/example_dags/example_branch_day_of_week_operator.py for tasks to queue
[2026-07-06T16:25:04.700+0000] {logging_mixin.py:188} INFO - [2026-07-06T16:25:04.699+0000] {dagbag.py:538} INFO - Filling up the DagBag from /home/airflow/.local/lib/python3.8/site-packages/airflow/example_dags/example_branch_day_of_week_operator.py
[2026-07-06T16:25:04.745+0000] {processor.py:840} INFO - DAG(s) 'example_weekday_branch_operator' retrieved from /home/airflow/.local/lib/python3.8/site-packages/airflow/example_dags/example_branch_day_of_week_operator.py
[2026-07-06T16:25:04.848+0000] {logging_mixin.py:188} INFO - [2026-07-06T16:25:04.847+0000] {dag.py:3036} INFO - Sync 1 DAGs
[2026-07-06T16:25:04.950+0000] {logging_mixin.py:188} INFO - [2026-07-06T16:25:04.949+0000] {dag.py:3823} INFO - Setting next_dagrun for example_weekday_branch_operator to 2026-07-05 00:00:00+00:00, run_after=2026-07-06 00:00:00+00:00
[2026-07-06T16:25:05.144+0000] {processor.py:183} INFO - Processing /home/airflow/.local/lib/python3.8/site-packages/airflow/example_dags/example_branch_day_of_week_operator.py took 0.493 seconds
[2026-07-06T16:25:35.625+0000] {processor.py:161} INFO - Started process (PID=411) to work on /home/airflow/.local/lib/python3.8/site-packages/airflow/example_dags/example_branch_day_of_week_operator.py
[2026-07-06T16:25:35.628+0000] {processor.py:830} INFO - Processing file /home/airflow/.local/lib/python3.8/site-packages/airflow/example_dags/example_branch_day_of_week_operator.py for tasks to queue
[2026-07-06T16:25:35.633+0000] {logging_mixin.py:188} INFO - [2026-07-06T16:25:35.632+0000] {dagbag.py:538} INFO - Filling up the DagBag from /home/airflow/.local/lib/python3.8/site-packages/airflow/example_dags/example_branch_day_of_week_operator.py
[2026-07-06T16:25:35.651+0000] {processor.py:840} INFO - DAG(s) 'example_weekday_branch_operator' retrieved from /home/airflow/.local/lib/python3.8/site-packages/airflow/example_dags/example_branch_day_of_week_operator.py
[2026-07-06T16:25:35.708+0000] {logging_mixin.py:188} INFO - [2026-07-06T16:25:35.708+0000] {dag.py:3036} INFO - Sync 1 DAGs
[2026-07-06T16:25:35.761+0000] {logging_mixin.py:188} INFO - [2026-07-06T16:25:35.761+0000] {dag.py:3823} INFO - Setting next_dagrun for example_weekday_branch_operator to 2026-07-05 00:00:00+00:00, run_after=2026-07-06 00:00:00+00:00
[2026-07-06T16:25:35.817+0000] {processor.py:183} INFO - Processing /home/airflow/.local/lib/python3.8/site-packages/airflow/example_dags/example_branch_day_of_week_operator.py took 0.202 seconds
[2026-07-06T16:26:06.486+0000] {processor.py:161} INFO - Started process (PID=476) to work on /home/airflow/.local/lib/python3.8/site-packages/airflow/example_dags/example_branch_day_of_week_operator.py
[2026-07-06T16:26:06.495+0000] {processor.py:830} INFO - Processing file /home/airflow/.local/lib/python3.8/site-packages/airflow/example_dags/example_branch_day_of_week_operator.py for tasks to queue
[2026-07-06T16:26:06.501+0000] {logging_mixin.py:188} INFO - [2026-07-06T16:26:06.500+0000] {dagbag.py:538} INFO - Filling up the DagBag from /home/airflow/.local/lib/python3.8/site-packages/airflow/example_dags/example_branch_day_of_week_operator.py
[2026-07-06T16:26:06.532+0000] {processor.py:840} INFO - DAG(s) 'example_weekday_branch_operator' retrieved from /home/airflow/.local/lib/python3.8/site-packages/airflow/example_dags/example_branch_day_of_week_operator.py
[2026-07-06T16:26:06.611+0000] {logging_mixin.py:188} INFO - [2026-07-06T16:26:06.610+0000] {dag.py:3036} INFO - Sync 1 DAGs
[2026-07-06T16:26:06.673+0000] {logging_mixin.py:188} INFO - [2026-07-06T16:26:06.672+0000] {dag.py:3823} INFO - Setting next_dagrun for example_weekday_branch_operator to 2026-07-05 00:00:00+00:00, run_after=2026-07-06 00:00:00+00:00
[2026-07-06T16:26:06.744+0000] {processor.py:183} INFO - Processing /home/airflow/.local/lib/python3.8/site-packages/airflow/example_dags/example_branch_day_of_week_operator.py took 0.279 seconds
[2026-07-06T16:26:36.969+0000] {processor.py:161} INFO - Started process (PID=541) to work on /home/airflow/.local/lib/python3.8/site-packages/airflow/example_dags/example_branch_day_of_week_operator.py
[2026-07-06T16:26:36.971+0000] {processor.py:830} INFO - Processing file /home/airflow/.local/lib/python3.8/site-packages/airflow/example_dags/example_branch_day_of_week_operator.py for tasks to queue
[2026-07-06T16:26:36.978+0000] {logging_mixin.py:188} INFO - [2026-07-06T16:26:36.977+0000] {dagbag.py:538} INFO - Filling up the DagBag from /home/airflow/.local/lib/python3.8/site-packages/airflow/example_dags/example_branch_day_of_week_operator.py
[2026-07-06T16:26:36.997+0000] {processor.py:840} INFO - DAG(s) 'example_weekday_branch_operator' retrieved from /home/airflow/.local/lib/python3.8/site-packages/airflow/example_dags/example_branch_day_of_week_operator.py
[2026-07-06T16:26:37.048+0000] {logging_mixin.py:188} INFO - [2026-07-06T16:26:37.048+0000] {dag.py:3036} INFO - Sync 1 DAGs
[2026-07-06T16:26:37.113+0000] {logging_mixin.py:188} INFO - [2026-07-06T16:26:37.112+0000] {dag.py:3823} INFO - Setting next_dagrun for example_weekday_branch_operator to 2026-07-05 00:00:00+00:00, run_after=2026-07-06 00:00:00+00:00
[2026-07-06T16:26:37.165+0000] {processor.py:183} INFO - Processing /home/airflow/.local/lib/python3.8/site-packages/airflow/example_dags/example_branch_day_of_week_operator.py took 0.208 seconds
[2026-07-06T16:27:07.445+0000] {processor.py:161} INFO - Started process (PID=607) to work on /home/airflow/.local/lib/python3.8/site-packages/airflow/example_dags/example_branch_day_of_week_operator.py
[2026-07-06T16:27:07.448+0000] {processor.py:830} INFO - Processing file /home/airflow/.local/lib/python3.8/site-packages/airflow/example_dags/example_branch_day_of_week_operator.py for tasks to queue
[2026-07-06T16:27:07.456+0000] {logging_mixin.py:188} INFO - [2026-07-06T16:27:07.455+0000] {dagbag.py:538} INFO - Filling up the DagBag from /home/airflow/.local/lib/python3.8/site-packages/airflow/example_dags/example_branch_day_of_week_operator.py
[2026-07-06T16:27:07.485+0000] {processor.py:840} INFO - DAG(s) 'example_weekday_branch_operator' retrieved from /home/airflow/.local/lib/python3.8/site-packages/airflow/example_dags/example_branch_day_of_week_operator.py
[2026-07-06T16:27:07.586+0000] {logging_mixin.py:188} INFO - [2026-07-06T16:27:07.584+0000] {dag.py:3036} INFO - Sync 1 DAGs
[2026-07-06T16:27:07.688+0000] {logging_mixin.py:188} INFO - [2026-07-06T16:27:07.687+0000] {dag.py:3823} INFO - Setting next_dagrun for example_weekday_branch_operator to 2026-07-05 00:00:00+00:00, run_after=2026-07-06 00:00:00+00:00
[2026-07-06T16:27:07.741+0000] {processor.py:183} INFO - Processing /home/airflow/.local/lib/python3.8/site-packages/airflow/example_dags/example_branch_day_of_week_operator.py took 0.309 seconds
[2026-07-06T16:27:37.960+0000] {processor.py:161} INFO - Started process (PID=665) to work on /home/airflow/.local/lib/python3.8/site-packages/airflow/example_dags/example_branch_day_of_week_operator.py
[2026-07-06T16:27:37.969+0000] {processor.py:830} INFO - Processing file /home/airflow/.local/lib/python3.8/site-packages/airflow/example_dags/example_branch_day_of_week_operator.py for tasks to queue
[2026-07-06T16:27:37.975+0000] {logging_mixin.py:188} INFO - [2026-07-06T16:27:37.974+0000] {dagbag.py:538} INFO - Filling up the DagBag from /home/airflow/.local/lib/python3.8/site-packages/airflow/example_dags/example_branch_day_of_week_operator.py
[2026-07-06T16:27:38.047+0000] {processor.py:840} INFO - DAG(s) 'example_weekday_branch_operator' retrieved from /home/airflow/.local/lib/python3.8/site-packages/airflow/example_dags/example_branch_day_of_week_operator.py
[2026-07-06T16:27:38.374+0000] {logging_mixin.py:188} INFO - [2026-07-06T16:27:38.373+0000] {dag.py:3036} INFO - Sync 1 DAGs
[2026-07-06T16:27:38.630+0000] {logging_mixin.py:188} INFO - [2026-07-06T16:27:38.630+0000] {dag.py:3823} INFO - Setting next_dagrun for example_weekday_branch_operator to 2026-07-05 00:00:00+00:00, run_after=2026-07-06 00:00:00+00:00
[2026-07-06T16:27:38.736+0000] {processor.py:183} INFO - Processing /home/airflow/.local/lib/python3.8/site-packages/airflow/example_dags/example_branch_day_of_week_operator.py took 0.791 seconds
[2026-07-06T16:28:13.495+0000] {processor.py:161} INFO - Started process (PID=731) to work on /home/airflow/.local/lib/python3.8/site-packages/airflow/example_dags/example_branch_day_of_week_operator.py
[2026-07-06T16:28:13.500+0000] {processor.py:830} INFO - Processing file /home/airflow/.local/lib/python3.8/site-packages/airflow/example_dags/example_branch_day_of_week_operator.py for tasks to queue
[2026-07-06T16:28:13.504+0000] {logging_mixin.py:188} INFO - [2026-07-06T16:28:13.504+0000] {dagbag.py:538} INFO - Filling up the DagBag from /home/airflow/.local/lib/python3.8/site-packages/airflow/example_dags/example_branch_day_of_week_operator.py
[2026-07-06T16:28:13.525+0000] {processor.py:840} INFO - DAG(s) 'example_weekday_branch_operator' retrieved from /home/airflow/.local/lib/python3.8/site-packages/airflow/example_dags/example_branch_day_of_week_operator.py
[2026-07-06T16:28:13.630+0000] {logging_mixin.py:188} INFO - [2026-07-06T16:28:13.630+0000] {dag.py:3036} INFO - Sync 1 DAGs
[2026-07-06T16:28:13.708+0000] {logging_mixin.py:188} INFO - [2026-07-06T16:28:13.707+0000] {dag.py:3823} INFO - Setting next_dagrun for example_weekday_branch_operator to 2026-07-05 00:00:00+00:00, run_after=2026-07-06 00:00:00+00:00
[2026-07-06T16:28:13.790+0000] {processor.py:183} INFO - Processing /home/airflow/.local/lib/python3.8/site-packages/airflow/example_dags/example_branch_day_of_week_operator.py took 0.306 seconds
[2026-07-06T16:28:47.684+0000] {processor.py:161} INFO - Started process (PID=788) to work on /home/airflow/.local/lib/python3.8/site-packages/airflow/example_dags/example_branch_day_of_week_operator.py
[2026-07-06T16:28:47.751+0000] {processor.py:830} INFO - Processing file /home/airflow/.local/lib/python3.8/site-packages/airflow/example_dags/example_branch_day_of_week_operator.py for tasks to queue
[2026-07-06T16:28:48.217+0000] {logging_mixin.py:188} INFO - [2026-07-06T16:28:48.013+0000] {dagbag.py:538} INFO - Filling up the DagBag from /home/airflow/.local/lib/python3.8/site-packages/airflow/example_dags/example_branch_day_of_week_operator.py
[2026-07-06T16:28:49.479+0000] {processor.py:840} INFO - DAG(s) 'example_weekday_branch_operator' retrieved from /home/airflow/.local/lib/python3.8/site-packages/airflow/example_dags/example_branch_day_of_week_operator.py
[2026-07-06T16:28:49.934+0000] {logging_mixin.py:188} INFO - [2026-07-06T16:28:49.934+0000] {dag.py:3036} INFO - Sync 1 DAGs
[2026-07-06T16:28:52.273+0000] {logging_mixin.py:188} INFO - [2026-07-06T16:28:52.272+0000] {dag.py:3823} INFO - Setting next_dagrun for example_weekday_branch_operator to 2026-07-05 00:00:00+00:00, run_after=2026-07-06 00:00:00+00:00
[2026-07-06T16:28:52.700+0000] {processor.py:183} INFO - Processing /home/airflow/.local/lib/python3.8/site-packages/airflow/example_dags/example_branch_day_of_week_operator.py took 5.436 seconds
[2026-07-06T16:29:22.859+0000] {processor.py:161} INFO - Started process (PID=854) to work on /home/airflow/.local/lib/python3.8/site-packages/airflow/example_dags/example_branch_day_of_week_operator.py
[2026-07-06T16:29:22.862+0000] {processor.py:830} INFO - Processing file /home/airflow/.local/lib/python3.8/site-packages/airflow/example_dags/example_branch_day_of_week_operator.py for tasks to queue
[2026-07-06T16:29:22.867+0000] {logging_mixin.py:188} INFO - [2026-07-06T16:29:22.866+0000] {dagbag.py:538} INFO - Filling up the DagBag from /home/airflow/.local/lib/python3.8/site-packages/airflow/example_dags/example_branch_day_of_week_operator.py
[2026-07-06T16:29:22.889+0000] {processor.py:840} INFO - DAG(s) 'example_weekday_branch_operator' retrieved from /home/airflow/.local/lib/python3.8/site-packages/airflow/example_dags/example_branch_day_of_week_operator.py
[2026-07-06T16:29:22.960+0000] {logging_mixin.py:188} INFO - [2026-07-06T16:29:22.959+0000] {dag.py:3036} INFO - Sync 1 DAGs
[2026-07-06T16:29:23.031+0000] {logging_mixin.py:188} INFO - [2026-07-06T16:29:23.031+0000] {dag.py:3823} INFO - Setting next_dagrun for example_weekday_branch_operator to 2026-07-05 00:00:00+00:00, run_after=2026-07-06 00:00:00+00:00
[2026-07-06T16:29:23.092+0000] {processor.py:183} INFO - Processing /home/airflow/.local/lib/python3.8/site-packages/airflow/example_dags/example_branch_day_of_week_operator.py took 0.244 seconds
[2026-07-06T16:29:53.354+0000] {processor.py:161} INFO - Started process (PID=919) to work on /home/airflow/.local/lib/python3.8/site-packages/airflow/example_dags/example_branch_day_of_week_operator.py
[2026-07-06T16:29:53.357+0000] {processor.py:830} INFO - Processing file /home/airflow/.local/lib/python3.8/site-packages/airflow/example_dags/example_branch_day_of_week_operator.py for tasks to queue
[2026-07-06T16:29:53.364+0000] {logging_mixin.py:188} INFO - [2026-07-06T16:29:53.363+0000] {dagbag.py:538} INFO - Filling up the DagBag from /home/airflow/.local/lib/python3.8/site-packages/airflow/example_dags/example_branch_day_of_week_operator.py
[2026-07-06T16:29:53.385+0000] {processor.py:840} INFO - DAG(s) 'example_weekday_branch_operator' retrieved from /home/airflow/.local/lib/python3.8/site-packages/airflow/example_dags/example_branch_day_of_week_operator.py
[2026-07-06T16:29:53.436+0000] {logging_mixin.py:188} INFO - [2026-07-06T16:29:53.435+0000] {dag.py:3036} INFO - Sync 1 DAGs
[2026-07-06T16:29:53.491+0000] {logging_mixin.py:188} INFO - [2026-07-06T16:29:53.491+0000] {dag.py:3823} INFO - Setting next_dagrun for example_weekday_branch_operator to 2026-07-05 00:00:00+00:00, run_after=2026-07-06 00:00:00+00:00
[2026-07-06T16:29:53.535+0000] {processor.py:183} INFO - Processing /home/airflow/.local/lib/python3.8/site-packages/airflow/example_dags/example_branch_day_of_week_operator.py took 0.189 seconds
[2026-07-06T16:30:24.017+0000] {processor.py:161} INFO - Started process (PID=979) to work on /home/airflow/.local/lib/python3.8/site-packages/airflow/example_dags/example_branch_day_of_week_operator.py
[2026-07-06T16:30:24.021+0000] {processor.py:830} INFO - Processing file /home/airflow/.local/lib/python3.8/site-packages/airflow/example_dags/example_branch_day_of_week_operator.py for tasks to queue
[2026-07-06T16:30:24.028+0000] {logging_mixin.py:188} INFO - [2026-07-06T16:30:24.027+0000] {dagbag.py:538} INFO - Filling up the DagBag from /home/airflow/.local/lib/python3.8/site-packages/airflow/example_dags/example_branch_day_of_week_operator.py
[2026-07-06T16:30:24.049+0000] {processor.py:840} INFO - DAG(s) 'example_weekday_branch_operator' retrieved from /home/airflow/.local/lib/python3.8/site-packages/airflow/example_dags/example_branch_day_of_week_operator.py
[2026-07-06T16:30:24.142+0000] {logging_mixin.py:188} INFO - [2026-07-06T16:30:24.142+0000] {dag.py:3036} INFO - Sync 1 DAGs
[2026-07-06T16:30:24.210+0000] {logging_mixin.py:188} INFO - [2026-07-06T16:30:24.210+0000] {dag.py:3823} INFO - Setting next_dagrun for example_weekday_branch_operator to 2026-07-05 00:00:00+00:00, run_after=2026-07-06 00:00:00+00:00
[2026-07-06T16:30:24.259+0000] {processor.py:183} INFO - Processing /home/airflow/.local/lib/python3.8/site-packages/airflow/example_dags/example_branch_day_of_week_operator.py took 0.251 seconds
[2026-07-06T16:30:56.040+0000] {processor.py:161} INFO - Started process (PID=1044) to work on /home/airflow/.local/lib/python3.8/site-packages/airflow/example_dags/example_branch_day_of_week_operator.py
[2026-07-06T16:30:56.043+0000] {processor.py:830} INFO - Processing file /home/airflow/.local/lib/python3.8/site-packages/airflow/example_dags/example_branch_day_of_week_operator.py for tasks to queue
[2026-07-06T16:30:56.048+0000] {logging_mixin.py:188} INFO - [2026-07-06T16:30:56.047+0000] {dagbag.py:538} INFO - Filling up the DagBag from /home/airflow/.local/lib/python3.8/site-packages/airflow/example_dags/example_branch_day_of_week_operator.py
[2026-07-06T16:30:56.078+0000] {processor.py:840} INFO - DAG(s) 'example_weekday_branch_operator' retrieved from /home/airflow/.local/lib/python3.8/site-packages/airflow/example_dags/example_branch_day_of_week_operator.py
[2026-07-06T16:30:56.151+0000] {logging_mixin.py:188} INFO - [2026-07-06T16:30:56.150+0000] {dag.py:3036} INFO - Sync 1 DAGs
[2026-07-06T16:30:56.224+0000] {logging_mixin.py:188} INFO - [2026-07-06T16:30:56.223+0000] {dag.py:3823} INFO - Setting next_dagrun for example_weekday_branch_operator to 2026-07-05 00:00:00+00:00, run_after=2026-07-06 00:00:00+00:00
[2026-07-06T16:30:56.297+0000] {processor.py:183} INFO - Processing /home/airflow/.local/lib/python3.8/site-packages/airflow/example_dags/example_branch_day_of_week_operator.py took 0.267 seconds
[2026-07-06T16:31:26.403+0000] {processor.py:161} INFO - Started process (PID=1109) to work on /home/airflow/.local/lib/python3.8/site-packages/airflow/example_dags/example_branch_day_of_week_operator.py
[2026-07-06T16:31:26.406+0000] {processor.py:830} INFO - Processing file /home/airflow/.local/lib/python3.8/site-packages/airflow/example_dags/example_branch_day_of_week_operator.py for tasks to queue
[2026-07-06T16:31:26.411+0000] {logging_mixin.py:188} INFO - [2026-07-06T16:31:26.410+0000] {dagbag.py:538} INFO - Filling up the DagBag from /home/airflow/.local/lib/python3.8/site-packages/airflow/example_dags/example_branch_day_of_week_operator.py
[2026-07-06T16:31:26.432+0000] {processor.py:840} INFO - DAG(s) 'example_weekday_branch_operator' retrieved from /home/airflow/.local/lib/python3.8/site-packages/airflow/example_dags/example_branch_day_of_week_operator.py
[2026-07-06T16:31:26.505+0000] {logging_mixin.py:188} INFO - [2026-07-06T16:31:26.505+0000] {dag.py:3036} INFO - Sync 1 DAGs
[2026-07-06T16:31:26.568+0000] {logging_mixin.py:188} INFO - [2026-07-06T16:31:26.567+0000] {dag.py:3823} INFO - Setting next_dagrun for example_weekday_branch_operator to 2026-07-05 00:00:00+00:00, run_after=2026-07-06 00:00:00+00:00
[2026-07-06T16:31:26.621+0000] {processor.py:183} INFO - Processing /home/airflow/.local/lib/python3.8/site-packages/airflow/example_dags/example_branch_day_of_week_operator.py took 0.226 seconds
[2026-07-06T16:31:57.438+0000] {processor.py:161} INFO - Started process (PID=1165) to work on /home/airflow/.local/lib/python3.8/site-packages/airflow/example_dags/example_branch_day_of_week_operator.py
[2026-07-06T16:31:57.440+0000] {processor.py:830} INFO - Processing file /home/airflow/.local/lib/python3.8/site-packages/airflow/example_dags/example_branch_day_of_week_operator.py for tasks to queue
[2026-07-06T16:31:57.445+0000] {logging_mixin.py:188} INFO - [2026-07-06T16:31:57.444+0000] {dagbag.py:538} INFO - Filling up the DagBag from /home/airflow/.local/lib/python3.8/site-packages/airflow/example_dags/example_branch_day_of_week_operator.py
[2026-07-06T16:31:57.485+0000] {processor.py:840} INFO - DAG(s) 'example_weekday_branch_operator' retrieved from /home/airflow/.local/lib/python3.8/site-packages/airflow/example_dags/example_branch_day_of_week_operator.py
[2026-07-06T16:31:57.602+0000] {logging_mixin.py:188} INFO - [2026-07-06T16:31:57.601+0000] {dag.py:3036} INFO - Sync 1 DAGs
[2026-07-06T16:31:57.747+0000] {logging_mixin.py:188} INFO - [2026-07-06T16:31:57.747+0000] {dag.py:3823} INFO - Setting next_dagrun for example_weekday_branch_operator to 2026-07-05 00:00:00+00:00, run_after=2026-07-06 00:00:00+00:00
[2026-07-06T16:31:57.819+0000] {processor.py:183} INFO - Processing /home/airflow/.local/lib/python3.8/site-packages/airflow/example_dags/example_branch_day_of_week_operator.py took 0.404 seconds
[2026-07-06T16:32:30.524+0000] {processor.py:161} INFO - Started process (PID=1228) to work on /home/airflow/.local/lib/python3.8/site-packages/airflow/example_dags/example_branch_day_of_week_operator.py
[2026-07-06T16:32:30.543+0000] {processor.py:830} INFO - Processing file /home/airflow/.local/lib/python3.8/site-packages/airflow/example_dags/example_branch_day_of_week_operator.py for tasks to queue
[2026-07-06T16:32:30.555+0000] {logging_mixin.py:188} INFO - [2026-07-06T16:32:30.554+0000] {dagbag.py:538} INFO - Filling up the DagBag from /home/airflow/.local/lib/python3.8/site-packages/airflow/example_dags/example_branch_day_of_week_operator.py
[2026-07-06T16:32:30.657+0000] {processor.py:840} INFO - DAG(s) 'example_weekday_branch_operator' retrieved from /home/airflow/.local/lib/python3.8/site-packages/airflow/example_dags/example_branch_day_of_week_operator.py
[2026-07-06T16:32:30.872+0000] {logging_mixin.py:188} INFO - [2026-07-06T16:32:30.872+0000] {dag.py:3036} INFO - Sync 1 DAGs
[2026-07-06T16:32:31.089+0000] {logging_mixin.py:188} INFO - [2026-07-06T16:32:31.089+0000] {dag.py:3823} INFO - Setting next_dagrun for example_weekday_branch_operator to 2026-07-05 00:00:00+00:00, run_after=2026-07-06 00:00:00+00:00
[2026-07-06T16:32:31.271+0000] {processor.py:183} INFO - Processing /home/airflow/.local/lib/python3.8/site-packages/airflow/example_dags/example_branch_day_of_week_operator.py took 0.781 seconds
[2026-07-06T16:33:01.469+0000] {processor.py:161} INFO - Started process (PID=1285) to work on /home/airflow/.local/lib/python3.8/site-packages/airflow/example_dags/example_branch_day_of_week_operator.py
[2026-07-06T16:33:01.482+0000] {processor.py:830} INFO - Processing file /home/airflow/.local/lib/python3.8/site-packages/airflow/example_dags/example_branch_day_of_week_operator.py for tasks to queue
[2026-07-06T16:33:01.495+0000] {logging_mixin.py:188} INFO - [2026-07-06T16:33:01.494+0000] {dagbag.py:538} INFO - Filling up the DagBag from /home/airflow/.local/lib/python3.8/site-packages/airflow/example_dags/example_branch_day_of_week_operator.py
[2026-07-06T16:33:01.531+0000] {processor.py:840} INFO - DAG(s) 'example_weekday_branch_operator' retrieved from /home/airflow/.local/lib/python3.8/site-packages/airflow/example_dags/example_branch_day_of_week_operator.py
[2026-07-06T16:33:01.600+0000] {logging_mixin.py:188} INFO - [2026-07-06T16:33:01.600+0000] {dag.py:3036} INFO - Sync 1 DAGs
[2026-07-06T16:33:01.669+0000] {logging_mixin.py:188} INFO - [2026-07-06T16:33:01.669+0000] {dag.py:3823} INFO - Setting next_dagrun for example_weekday_branch_operator to 2026-07-05 00:00:00+00:00, run_after=2026-07-06 00:00:00+00:00
[2026-07-06T16:33:01.709+0000] {processor.py:183} INFO - Processing /home/airflow/.local/lib/python3.8/site-packages/airflow/example_dags/example_branch_day_of_week_operator.py took 0.255 seconds
[2026-07-06T16:33:31.859+0000] {processor.py:161} INFO - Started process (PID=1351) to work on /home/airflow/.local/lib/python3.8/site-packages/airflow/example_dags/example_branch_day_of_week_operator.py
[2026-07-06T16:33:31.861+0000] {processor.py:830} INFO - Processing file /home/airflow/.local/lib/python3.8/site-packages/airflow/example_dags/example_branch_day_of_week_operator.py for tasks to queue
[2026-07-06T16:33:31.865+0000] {logging_mixin.py:188} INFO - [2026-07-06T16:33:31.865+0000] {dagbag.py:538} INFO - Filling up the DagBag from /home/airflow/.local/lib/python3.8/site-packages/airflow/example_dags/example_branch_day_of_week_operator.py
[2026-07-06T16:33:31.888+0000] {processor.py:840} INFO - DAG(s) 'example_weekday_branch_operator' retrieved from /home/airflow/.local/lib/python3.8/site-packages/airflow/example_dags/example_branch_day_of_week_operator.py
[2026-07-06T16:33:31.949+0000] {logging_mixin.py:188} INFO - [2026-07-06T16:33:31.949+0000] {dag.py:3036} INFO - Sync 1 DAGs
[2026-07-06T16:33:31.999+0000] {logging_mixin.py:188} INFO - [2026-07-06T16:33:31.999+0000] {dag.py:3823} INFO - Setting next_dagrun for example_weekday_branch_operator to 2026-07-05 00:00:00+00:00, run_after=2026-07-06 00:00:00+00:00
[2026-07-06T16:33:32.051+0000] {processor.py:183} INFO - Processing /home/airflow/.local/lib/python3.8/site-packages/airflow/example_dags/example_branch_day_of_week_operator.py took 0.200 seconds
[2026-07-06T16:34:02.134+0000] {processor.py:161} INFO - Started process (PID=1415) to work on /home/airflow/.local/lib/python3.8/site-packages/airflow/example_dags/example_branch_day_of_week_operator.py
[2026-07-06T16:34:02.136+0000] {processor.py:830} INFO - Processing file /home/airflow/.local/lib/python3.8/site-packages/airflow/example_dags/example_branch_day_of_week_operator.py for tasks to queue
[2026-07-06T16:34:02.140+0000] {logging_mixin.py:188} INFO - [2026-07-06T16:34:02.139+0000] {dagbag.py:538} INFO - Filling up the DagBag from /home/airflow/.local/lib/python3.8/site-packages/airflow/example_dags/example_branch_day_of_week_operator.py
[2026-07-06T16:34:02.158+0000] {processor.py:840} INFO - DAG(s) 'example_weekday_branch_operator' retrieved from /home/airflow/.local/lib/python3.8/site-packages/airflow/example_dags/example_branch_day_of_week_operator.py
[2026-07-06T16:34:02.212+0000] {logging_mixin.py:188} INFO - [2026-07-06T16:34:02.212+0000] {dag.py:3036} INFO - Sync 1 DAGs
[2026-07-06T16:34:02.326+0000] {logging_mixin.py:188} INFO - [2026-07-06T16:34:02.325+0000] {dag.py:3823} INFO - Setting next_dagrun for example_weekday_branch_operator to 2026-07-05 00:00:00+00:00, run_after=2026-07-06 00:00:00+00:00
[2026-07-06T16:34:02.403+0000] {processor.py:183} INFO - Processing /home/airflow/.local/lib/python3.8/site-packages/airflow/example_dags/example_branch_day_of_week_operator.py took 0.280 seconds
[2026-07-06T16:34:32.533+0000] {processor.py:161} INFO - Started process (PID=1479) to work on /home/airflow/.local/lib/python3.8/site-packages/airflow/example_dags/example_branch_day_of_week_operator.py
[2026-07-06T16:34:32.542+0000] {processor.py:830} INFO - Processing file /home/airflow/.local/lib/python3.8/site-packages/airflow/example_dags/example_branch_day_of_week_operator.py for tasks to queue
[2026-07-06T16:34:32.552+0000] {logging_mixin.py:188} INFO - [2026-07-06T16:34:32.551+0000] {dagbag.py:538} INFO - Filling up the DagBag from /home/airflow/.local/lib/python3.8/site-packages/airflow/example_dags/example_branch_day_of_week_operator.py
[2026-07-06T16:34:32.576+0000] {processor.py:840} INFO - DAG(s) 'example_weekday_branch_operator' retrieved from /home/airflow/.local/lib/python3.8/site-packages/airflow/example_dags/example_branch_day_of_week_operator.py
[2026-07-06T16:34:32.644+0000] {logging_mixin.py:188} INFO - [2026-07-06T16:34:32.644+0000] {dag.py:3036} INFO - Sync 1 DAGs
[2026-07-06T16:34:32.749+0000] {logging_mixin.py:188} INFO - [2026-07-06T16:34:32.749+0000] {dag.py:3823} INFO - Setting next_dagrun for example_weekday_branch_operator to 2026-07-05 00:00:00+00:00, run_after=2026-07-06 00:00:00+00:00
[2026-07-06T16:34:32.813+0000] {processor.py:183} INFO - Processing /home/airflow/.local/lib/python3.8/site-packages/airflow/example_dags/example_branch_day_of_week_operator.py took 0.304 seconds
[2026-07-06T16:35:03.821+0000] {processor.py:161} INFO - Started process (PID=1542) to work on /home/airflow/.local/lib/python3.8/site-packages/airflow/example_dags/example_branch_day_of_week_operator.py
[2026-07-06T16:35:03.825+0000] {processor.py:830} INFO - Processing file /home/airflow/.local/lib/python3.8/site-packages/airflow/example_dags/example_branch_day_of_week_operator.py for tasks to queue
[2026-07-06T16:35:03.843+0000] {logging_mixin.py:188} INFO - [2026-07-06T16:35:03.835+0000] {dagbag.py:538} INFO - Filling up the DagBag from /home/airflow/.local/lib/python3.8/site-packages/airflow/example_dags/example_branch_day_of_week_operator.py
[2026-07-06T16:35:03.918+0000] {processor.py:840} INFO - DAG(s) 'example_weekday_branch_operator' retrieved from /home/airflow/.local/lib/python3.8/site-packages/airflow/example_dags/example_branch_day_of_week_operator.py
[2026-07-06T16:35:04.175+0000] {logging_mixin.py:188} INFO - [2026-07-06T16:35:04.175+0000] {dag.py:3036} INFO - Sync 1 DAGs
[2026-07-06T16:35:04.285+0000] {logging_mixin.py:188} INFO - [2026-07-06T16:35:04.284+0000] {dag.py:3823} INFO - Setting next_dagrun for example_weekday_branch_operator to 2026-07-05 00:00:00+00:00, run_after=2026-07-06 00:00:00+00:00
[2026-07-06T16:35:04.431+0000] {processor.py:183} INFO - Processing /home/airflow/.local/lib/python3.8/site-packages/airflow/example_dags/example_branch_day_of_week_operator.py took 0.640 seconds
