[2026-07-06T16:23:41.318+0000] {processor.py:161} INFO - Started process (PID=252) to work on /home/airflow/.local/lib/python3.8/site-packages/airflow/example_dags/example_complex.py
[2026-07-06T16:23:41.331+0000] {processor.py:830} INFO - Processing file /home/airflow/.local/lib/python3.8/site-packages/airflow/example_dags/example_complex.py for tasks to queue
[2026-07-06T16:23:41.396+0000] {logging_mixin.py:188} INFO - [2026-07-06T16:23:41.375+0000] {dagbag.py:538} INFO - Filling up the DagBag from /home/airflow/.local/lib/python3.8/site-packages/airflow/example_dags/example_complex.py
[2026-07-06T16:23:42.737+0000] {processor.py:840} INFO - DAG(s) 'example_complex' retrieved from /home/airflow/.local/lib/python3.8/site-packages/airflow/example_dags/example_complex.py
[2026-07-06T16:23:52.166+0000] {logging_mixin.py:188} INFO - [2026-07-06T16:23:52.164+0000] {override.py:1769} INFO - Created Permission View: can read on DAG:example_complex
[2026-07-06T16:23:55.898+0000] {logging_mixin.py:188} INFO - [2026-07-06T16:23:55.898+0000] {override.py:1769} INFO - Created Permission View: can delete on DAG:example_complex
[2026-07-06T16:23:56.171+0000] {logging_mixin.py:188} INFO - [2026-07-06T16:23:56.170+0000] {override.py:1769} INFO - Created Permission View: can edit on DAG:example_complex
[2026-07-06T16:23:56.172+0000] {logging_mixin.py:188} INFO - [2026-07-06T16:23:56.172+0000] {dag.py:3036} INFO - Sync 1 DAGs
[2026-07-06T16:23:56.656+0000] {logging_mixin.py:188} INFO - [2026-07-06T16:23:56.655+0000] {dag.py:3058} INFO - Creating ORM DAG for example_complex
[2026-07-06T16:23:56.670+0000] {logging_mixin.py:188} INFO - [2026-07-06T16:23:56.657+0000] {dag.py:3823} INFO - Setting next_dagrun for example_complex to None, run_after=None
[2026-07-06T16:23:57.119+0000] {processor.py:183} INFO - Processing /home/airflow/.local/lib/python3.8/site-packages/airflow/example_dags/example_complex.py took 15.843 seconds
[2026-07-06T16:24:52.294+0000] {processor.py:161} INFO - Started process (PID=327) to work on /home/airflow/.local/lib/python3.8/site-packages/airflow/example_dags/example_complex.py
[2026-07-06T16:24:52.297+0000] {processor.py:830} INFO - Processing file /home/airflow/.local/lib/python3.8/site-packages/airflow/example_dags/example_complex.py for tasks to queue
[2026-07-06T16:24:52.313+0000] {logging_mixin.py:188} INFO - [2026-07-06T16:24:52.312+0000] {dagbag.py:538} INFO - Filling up the DagBag from /home/airflow/.local/lib/python3.8/site-packages/airflow/example_dags/example_complex.py
[2026-07-06T16:24:52.389+0000] {processor.py:840} INFO - DAG(s) 'example_complex' retrieved from /home/airflow/.local/lib/python3.8/site-packages/airflow/example_dags/example_complex.py
[2026-07-06T16:24:52.517+0000] {logging_mixin.py:188} INFO - [2026-07-06T16:24:52.516+0000] {dag.py:3036} INFO - Sync 1 DAGs
[2026-07-06T16:24:52.555+0000] {logging_mixin.py:188} INFO - [2026-07-06T16:24:52.555+0000] {dag.py:3823} INFO - Setting next_dagrun for example_complex to None, run_after=None
[2026-07-06T16:24:52.658+0000] {processor.py:183} INFO - Processing /home/airflow/.local/lib/python3.8/site-packages/airflow/example_dags/example_complex.py took 0.376 seconds
[2026-07-06T16:25:24.382+0000] {processor.py:161} INFO - Started process (PID=393) to work on /home/airflow/.local/lib/python3.8/site-packages/airflow/example_dags/example_complex.py
[2026-07-06T16:25:24.390+0000] {processor.py:830} INFO - Processing file /home/airflow/.local/lib/python3.8/site-packages/airflow/example_dags/example_complex.py for tasks to queue
[2026-07-06T16:25:24.409+0000] {logging_mixin.py:188} INFO - [2026-07-06T16:25:24.409+0000] {dagbag.py:538} INFO - Filling up the DagBag from /home/airflow/.local/lib/python3.8/site-packages/airflow/example_dags/example_complex.py
[2026-07-06T16:25:24.627+0000] {processor.py:840} INFO - DAG(s) 'example_complex' retrieved from /home/airflow/.local/lib/python3.8/site-packages/airflow/example_dags/example_complex.py
[2026-07-06T16:25:25.128+0000] {logging_mixin.py:188} INFO - [2026-07-06T16:25:25.127+0000] {dag.py:3036} INFO - Sync 1 DAGs
[2026-07-06T16:25:25.248+0000] {logging_mixin.py:188} INFO - [2026-07-06T16:25:25.248+0000] {dag.py:3823} INFO - Setting next_dagrun for example_complex to None, run_after=None
[2026-07-06T16:25:25.438+0000] {processor.py:183} INFO - Processing /home/airflow/.local/lib/python3.8/site-packages/airflow/example_dags/example_complex.py took 1.079 seconds
[2026-07-06T16:25:55.772+0000] {processor.py:161} INFO - Started process (PID=450) to work on /home/airflow/.local/lib/python3.8/site-packages/airflow/example_dags/example_complex.py
[2026-07-06T16:25:55.779+0000] {processor.py:830} INFO - Processing file /home/airflow/.local/lib/python3.8/site-packages/airflow/example_dags/example_complex.py for tasks to queue
[2026-07-06T16:25:55.786+0000] {logging_mixin.py:188} INFO - [2026-07-06T16:25:55.785+0000] {dagbag.py:538} INFO - Filling up the DagBag from /home/airflow/.local/lib/python3.8/site-packages/airflow/example_dags/example_complex.py
[2026-07-06T16:25:55.825+0000] {processor.py:840} INFO - DAG(s) 'example_complex' retrieved from /home/airflow/.local/lib/python3.8/site-packages/airflow/example_dags/example_complex.py
[2026-07-06T16:25:55.914+0000] {logging_mixin.py:188} INFO - [2026-07-06T16:25:55.913+0000] {dag.py:3036} INFO - Sync 1 DAGs
[2026-07-06T16:25:55.952+0000] {logging_mixin.py:188} INFO - [2026-07-06T16:25:55.951+0000] {dag.py:3823} INFO - Setting next_dagrun for example_complex to None, run_after=None
[2026-07-06T16:25:56.000+0000] {processor.py:183} INFO - Processing /home/airflow/.local/lib/python3.8/site-packages/airflow/example_dags/example_complex.py took 0.246 seconds
[2026-07-06T16:26:26.551+0000] {processor.py:161} INFO - Started process (PID=516) to work on /home/airflow/.local/lib/python3.8/site-packages/airflow/example_dags/example_complex.py
[2026-07-06T16:26:26.553+0000] {processor.py:830} INFO - Processing file /home/airflow/.local/lib/python3.8/site-packages/airflow/example_dags/example_complex.py for tasks to queue
[2026-07-06T16:26:26.557+0000] {logging_mixin.py:188} INFO - [2026-07-06T16:26:26.556+0000] {dagbag.py:538} INFO - Filling up the DagBag from /home/airflow/.local/lib/python3.8/site-packages/airflow/example_dags/example_complex.py
[2026-07-06T16:26:26.588+0000] {processor.py:840} INFO - DAG(s) 'example_complex' retrieved from /home/airflow/.local/lib/python3.8/site-packages/airflow/example_dags/example_complex.py
[2026-07-06T16:26:26.664+0000] {logging_mixin.py:188} INFO - [2026-07-06T16:26:26.664+0000] {dag.py:3036} INFO - Sync 1 DAGs
[2026-07-06T16:26:26.695+0000] {logging_mixin.py:188} INFO - [2026-07-06T16:26:26.694+0000] {dag.py:3823} INFO - Setting next_dagrun for example_complex to None, run_after=None
[2026-07-06T16:26:26.739+0000] {processor.py:183} INFO - Processing /home/airflow/.local/lib/python3.8/site-packages/airflow/example_dags/example_complex.py took 0.198 seconds
[2026-07-06T16:26:57.017+0000] {processor.py:161} INFO - Started process (PID=582) to work on /home/airflow/.local/lib/python3.8/site-packages/airflow/example_dags/example_complex.py
[2026-07-06T16:26:57.019+0000] {processor.py:830} INFO - Processing file /home/airflow/.local/lib/python3.8/site-packages/airflow/example_dags/example_complex.py for tasks to queue
[2026-07-06T16:26:57.024+0000] {logging_mixin.py:188} INFO - [2026-07-06T16:26:57.023+0000] {dagbag.py:538} INFO - Filling up the DagBag from /home/airflow/.local/lib/python3.8/site-packages/airflow/example_dags/example_complex.py
[2026-07-06T16:26:57.054+0000] {processor.py:840} INFO - DAG(s) 'example_complex' retrieved from /home/airflow/.local/lib/python3.8/site-packages/airflow/example_dags/example_complex.py
[2026-07-06T16:26:57.134+0000] {logging_mixin.py:188} INFO - [2026-07-06T16:26:57.134+0000] {dag.py:3036} INFO - Sync 1 DAGs
[2026-07-06T16:26:57.175+0000] {logging_mixin.py:188} INFO - [2026-07-06T16:26:57.175+0000] {dag.py:3823} INFO - Setting next_dagrun for example_complex to None, run_after=None
[2026-07-06T16:26:57.221+0000] {processor.py:183} INFO - Processing /home/airflow/.local/lib/python3.8/site-packages/airflow/example_dags/example_complex.py took 0.213 seconds
[2026-07-06T16:27:32.181+0000] {processor.py:161} INFO - Started process (PID=648) to work on /home/airflow/.local/lib/python3.8/site-packages/airflow/example_dags/example_complex.py
[2026-07-06T16:27:32.185+0000] {processor.py:830} INFO - Processing file /home/airflow/.local/lib/python3.8/site-packages/airflow/example_dags/example_complex.py for tasks to queue
[2026-07-06T16:27:32.191+0000] {logging_mixin.py:188} INFO - [2026-07-06T16:27:32.190+0000] {dagbag.py:538} INFO - Filling up the DagBag from /home/airflow/.local/lib/python3.8/site-packages/airflow/example_dags/example_complex.py
[2026-07-06T16:27:32.226+0000] {processor.py:840} INFO - DAG(s) 'example_complex' retrieved from /home/airflow/.local/lib/python3.8/site-packages/airflow/example_dags/example_complex.py
[2026-07-06T16:27:32.317+0000] {logging_mixin.py:188} INFO - [2026-07-06T16:27:32.316+0000] {dag.py:3036} INFO - Sync 1 DAGs
[2026-07-06T16:27:32.353+0000] {logging_mixin.py:188} INFO - [2026-07-06T16:27:32.352+0000] {dag.py:3823} INFO - Setting next_dagrun for example_complex to None, run_after=None
[2026-07-06T16:27:32.404+0000] {processor.py:183} INFO - Processing /home/airflow/.local/lib/python3.8/site-packages/airflow/example_dags/example_complex.py took 0.232 seconds
[2026-07-06T16:28:08.525+0000] {processor.py:161} INFO - Started process (PID=714) to work on /home/airflow/.local/lib/python3.8/site-packages/airflow/example_dags/example_complex.py
[2026-07-06T16:28:08.527+0000] {processor.py:830} INFO - Processing file /home/airflow/.local/lib/python3.8/site-packages/airflow/example_dags/example_complex.py for tasks to queue
[2026-07-06T16:28:08.535+0000] {logging_mixin.py:188} INFO - [2026-07-06T16:28:08.534+0000] {dagbag.py:538} INFO - Filling up the DagBag from /home/airflow/.local/lib/python3.8/site-packages/airflow/example_dags/example_complex.py
[2026-07-06T16:28:08.568+0000] {processor.py:840} INFO - DAG(s) 'example_complex' retrieved from /home/airflow/.local/lib/python3.8/site-packages/airflow/example_dags/example_complex.py
[2026-07-06T16:28:08.670+0000] {logging_mixin.py:188} INFO - [2026-07-06T16:28:08.670+0000] {dag.py:3036} INFO - Sync 1 DAGs
[2026-07-06T16:28:08.716+0000] {logging_mixin.py:188} INFO - [2026-07-06T16:28:08.713+0000] {dag.py:3823} INFO - Setting next_dagrun for example_complex to None, run_after=None
[2026-07-06T16:28:08.778+0000] {processor.py:183} INFO - Processing /home/airflow/.local/lib/python3.8/site-packages/airflow/example_dags/example_complex.py took 0.273 seconds
[2026-07-06T16:28:43.566+0000] {processor.py:161} INFO - Started process (PID=780) to work on /home/airflow/.local/lib/python3.8/site-packages/airflow/example_dags/example_complex.py
[2026-07-06T16:28:43.573+0000] {processor.py:830} INFO - Processing file /home/airflow/.local/lib/python3.8/site-packages/airflow/example_dags/example_complex.py for tasks to queue
[2026-07-06T16:28:43.591+0000] {logging_mixin.py:188} INFO - [2026-07-06T16:28:43.589+0000] {dagbag.py:538} INFO - Filling up the DagBag from /home/airflow/.local/lib/python3.8/site-packages/airflow/example_dags/example_complex.py
[2026-07-06T16:28:43.674+0000] {processor.py:840} INFO - DAG(s) 'example_complex' retrieved from /home/airflow/.local/lib/python3.8/site-packages/airflow/example_dags/example_complex.py
[2026-07-06T16:28:43.793+0000] {logging_mixin.py:188} INFO - [2026-07-06T16:28:43.793+0000] {dag.py:3036} INFO - Sync 1 DAGs
[2026-07-06T16:28:43.864+0000] {logging_mixin.py:188} INFO - [2026-07-06T16:28:43.864+0000] {dag.py:3823} INFO - Setting next_dagrun for example_complex to None, run_after=None
[2026-07-06T16:28:43.939+0000] {processor.py:183} INFO - Processing /home/airflow/.local/lib/python3.8/site-packages/airflow/example_dags/example_complex.py took 0.398 seconds
[2026-07-06T16:29:14.475+0000] {processor.py:161} INFO - Started process (PID=838) to work on /home/airflow/.local/lib/python3.8/site-packages/airflow/example_dags/example_complex.py
[2026-07-06T16:29:14.478+0000] {processor.py:830} INFO - Processing file /home/airflow/.local/lib/python3.8/site-packages/airflow/example_dags/example_complex.py for tasks to queue
[2026-07-06T16:29:14.482+0000] {logging_mixin.py:188} INFO - [2026-07-06T16:29:14.481+0000] {dagbag.py:538} INFO - Filling up the DagBag from /home/airflow/.local/lib/python3.8/site-packages/airflow/example_dags/example_complex.py
[2026-07-06T16:29:14.508+0000] {processor.py:840} INFO - DAG(s) 'example_complex' retrieved from /home/airflow/.local/lib/python3.8/site-packages/airflow/example_dags/example_complex.py
[2026-07-06T16:29:14.582+0000] {logging_mixin.py:188} INFO - [2026-07-06T16:29:14.581+0000] {dag.py:3036} INFO - Sync 1 DAGs
[2026-07-06T16:29:14.608+0000] {logging_mixin.py:188} INFO - [2026-07-06T16:29:14.608+0000] {dag.py:3823} INFO - Setting next_dagrun for example_complex to None, run_after=None
[2026-07-06T16:29:14.672+0000] {processor.py:183} INFO - Processing /home/airflow/.local/lib/python3.8/site-packages/airflow/example_dags/example_complex.py took 0.206 seconds
[2026-07-06T16:29:45.142+0000] {processor.py:161} INFO - Started process (PID=902) to work on /home/airflow/.local/lib/python3.8/site-packages/airflow/example_dags/example_complex.py
[2026-07-06T16:29:45.151+0000] {processor.py:830} INFO - Processing file /home/airflow/.local/lib/python3.8/site-packages/airflow/example_dags/example_complex.py for tasks to queue
[2026-07-06T16:29:45.156+0000] {logging_mixin.py:188} INFO - [2026-07-06T16:29:45.155+0000] {dagbag.py:538} INFO - Filling up the DagBag from /home/airflow/.local/lib/python3.8/site-packages/airflow/example_dags/example_complex.py
[2026-07-06T16:29:45.238+0000] {processor.py:840} INFO - DAG(s) 'example_complex' retrieved from /home/airflow/.local/lib/python3.8/site-packages/airflow/example_dags/example_complex.py
[2026-07-06T16:29:45.404+0000] {logging_mixin.py:188} INFO - [2026-07-06T16:29:45.404+0000] {dag.py:3036} INFO - Sync 1 DAGs
[2026-07-06T16:29:45.451+0000] {logging_mixin.py:188} INFO - [2026-07-06T16:29:45.450+0000] {dag.py:3823} INFO - Setting next_dagrun for example_complex to None, run_after=None
[2026-07-06T16:29:45.521+0000] {processor.py:183} INFO - Processing /home/airflow/.local/lib/python3.8/site-packages/airflow/example_dags/example_complex.py took 0.392 seconds
[2026-07-06T16:30:19.128+0000] {processor.py:161} INFO - Started process (PID=968) to work on /home/airflow/.local/lib/python3.8/site-packages/airflow/example_dags/example_complex.py
[2026-07-06T16:30:19.134+0000] {processor.py:830} INFO - Processing file /home/airflow/.local/lib/python3.8/site-packages/airflow/example_dags/example_complex.py for tasks to queue
[2026-07-06T16:30:19.141+0000] {logging_mixin.py:188} INFO - [2026-07-06T16:30:19.139+0000] {dagbag.py:538} INFO - Filling up the DagBag from /home/airflow/.local/lib/python3.8/site-packages/airflow/example_dags/example_complex.py
[2026-07-06T16:30:19.221+0000] {processor.py:840} INFO - DAG(s) 'example_complex' retrieved from /home/airflow/.local/lib/python3.8/site-packages/airflow/example_dags/example_complex.py
[2026-07-06T16:30:19.346+0000] {logging_mixin.py:188} INFO - [2026-07-06T16:30:19.346+0000] {dag.py:3036} INFO - Sync 1 DAGs
[2026-07-06T16:30:19.394+0000] {logging_mixin.py:188} INFO - [2026-07-06T16:30:19.393+0000] {dag.py:3823} INFO - Setting next_dagrun for example_complex to None, run_after=None
[2026-07-06T16:30:19.469+0000] {processor.py:183} INFO - Processing /home/airflow/.local/lib/python3.8/site-packages/airflow/example_dags/example_complex.py took 0.352 seconds
[2026-07-06T16:30:49.696+0000] {processor.py:161} INFO - Started process (PID=1026) to work on /home/airflow/.local/lib/python3.8/site-packages/airflow/example_dags/example_complex.py
[2026-07-06T16:30:49.698+0000] {processor.py:830} INFO - Processing file /home/airflow/.local/lib/python3.8/site-packages/airflow/example_dags/example_complex.py for tasks to queue
[2026-07-06T16:30:49.702+0000] {logging_mixin.py:188} INFO - [2026-07-06T16:30:49.701+0000] {dagbag.py:538} INFO - Filling up the DagBag from /home/airflow/.local/lib/python3.8/site-packages/airflow/example_dags/example_complex.py
[2026-07-06T16:30:49.732+0000] {processor.py:840} INFO - DAG(s) 'example_complex' retrieved from /home/airflow/.local/lib/python3.8/site-packages/airflow/example_dags/example_complex.py
[2026-07-06T16:30:49.805+0000] {logging_mixin.py:188} INFO - [2026-07-06T16:30:49.804+0000] {dag.py:3036} INFO - Sync 1 DAGs
[2026-07-06T16:30:49.832+0000] {logging_mixin.py:188} INFO - [2026-07-06T16:30:49.832+0000] {dag.py:3823} INFO - Setting next_dagrun for example_complex to None, run_after=None
[2026-07-06T16:30:49.878+0000] {processor.py:183} INFO - Processing /home/airflow/.local/lib/python3.8/site-packages/airflow/example_dags/example_complex.py took 0.190 seconds
[2026-07-06T16:31:19.960+0000] {processor.py:161} INFO - Started process (PID=1091) to work on /home/airflow/.local/lib/python3.8/site-packages/airflow/example_dags/example_complex.py
[2026-07-06T16:31:19.963+0000] {processor.py:830} INFO - Processing file /home/airflow/.local/lib/python3.8/site-packages/airflow/example_dags/example_complex.py for tasks to queue
[2026-07-06T16:31:19.969+0000] {logging_mixin.py:188} INFO - [2026-07-06T16:31:19.967+0000] {dagbag.py:538} INFO - Filling up the DagBag from /home/airflow/.local/lib/python3.8/site-packages/airflow/example_dags/example_complex.py
[2026-07-06T16:31:20.001+0000] {processor.py:840} INFO - DAG(s) 'example_complex' retrieved from /home/airflow/.local/lib/python3.8/site-packages/airflow/example_dags/example_complex.py
[2026-07-06T16:31:20.071+0000] {logging_mixin.py:188} INFO - [2026-07-06T16:31:20.070+0000] {dag.py:3036} INFO - Sync 1 DAGs
[2026-07-06T16:31:20.104+0000] {logging_mixin.py:188} INFO - [2026-07-06T16:31:20.104+0000] {dag.py:3823} INFO - Setting next_dagrun for example_complex to None, run_after=None
[2026-07-06T16:31:20.151+0000] {processor.py:183} INFO - Processing /home/airflow/.local/lib/python3.8/site-packages/airflow/example_dags/example_complex.py took 0.205 seconds
[2026-07-06T16:31:54.492+0000] {processor.py:161} INFO - Started process (PID=1157) to work on /home/airflow/.local/lib/python3.8/site-packages/airflow/example_dags/example_complex.py
[2026-07-06T16:31:54.516+0000] {processor.py:830} INFO - Processing file /home/airflow/.local/lib/python3.8/site-packages/airflow/example_dags/example_complex.py for tasks to queue
[2026-07-06T16:31:54.522+0000] {logging_mixin.py:188} INFO - [2026-07-06T16:31:54.521+0000] {dagbag.py:538} INFO - Filling up the DagBag from /home/airflow/.local/lib/python3.8/site-packages/airflow/example_dags/example_complex.py
[2026-07-06T16:31:54.630+0000] {processor.py:840} INFO - DAG(s) 'example_complex' retrieved from /home/airflow/.local/lib/python3.8/site-packages/airflow/example_dags/example_complex.py
[2026-07-06T16:31:54.919+0000] {logging_mixin.py:188} INFO - [2026-07-06T16:31:54.918+0000] {dag.py:3036} INFO - Sync 1 DAGs
[2026-07-06T16:31:55.095+0000] {logging_mixin.py:188} INFO - [2026-07-06T16:31:55.094+0000] {dag.py:3823} INFO - Setting next_dagrun for example_complex to None, run_after=None
[2026-07-06T16:31:55.364+0000] {processor.py:183} INFO - Processing /home/airflow/.local/lib/python3.8/site-packages/airflow/example_dags/example_complex.py took 0.903 seconds
[2026-07-06T16:32:25.876+0000] {processor.py:161} INFO - Started process (PID=1223) to work on /home/airflow/.local/lib/python3.8/site-packages/airflow/example_dags/example_complex.py
[2026-07-06T16:32:25.920+0000] {processor.py:830} INFO - Processing file /home/airflow/.local/lib/python3.8/site-packages/airflow/example_dags/example_complex.py for tasks to queue
[2026-07-06T16:32:25.931+0000] {logging_mixin.py:188} INFO - [2026-07-06T16:32:25.930+0000] {dagbag.py:538} INFO - Filling up the DagBag from /home/airflow/.local/lib/python3.8/site-packages/airflow/example_dags/example_complex.py
[2026-07-06T16:32:26.051+0000] {processor.py:840} INFO - DAG(s) 'example_complex' retrieved from /home/airflow/.local/lib/python3.8/site-packages/airflow/example_dags/example_complex.py
[2026-07-06T16:32:26.429+0000] {logging_mixin.py:188} INFO - [2026-07-06T16:32:26.428+0000] {dag.py:3036} INFO - Sync 1 DAGs
[2026-07-06T16:32:26.623+0000] {logging_mixin.py:188} INFO - [2026-07-06T16:32:26.623+0000] {dag.py:3823} INFO - Setting next_dagrun for example_complex to None, run_after=None
[2026-07-06T16:32:27.327+0000] {processor.py:183} INFO - Processing /home/airflow/.local/lib/python3.8/site-packages/airflow/example_dags/example_complex.py took 1.485 seconds
[2026-07-06T16:32:58.268+0000] {processor.py:161} INFO - Started process (PID=1280) to work on /home/airflow/.local/lib/python3.8/site-packages/airflow/example_dags/example_complex.py
[2026-07-06T16:32:58.271+0000] {processor.py:830} INFO - Processing file /home/airflow/.local/lib/python3.8/site-packages/airflow/example_dags/example_complex.py for tasks to queue
[2026-07-06T16:32:58.275+0000] {logging_mixin.py:188} INFO - [2026-07-06T16:32:58.274+0000] {dagbag.py:538} INFO - Filling up the DagBag from /home/airflow/.local/lib/python3.8/site-packages/airflow/example_dags/example_complex.py
[2026-07-06T16:32:58.299+0000] {processor.py:840} INFO - DAG(s) 'example_complex' retrieved from /home/airflow/.local/lib/python3.8/site-packages/airflow/example_dags/example_complex.py
[2026-07-06T16:32:58.407+0000] {logging_mixin.py:188} INFO - [2026-07-06T16:32:58.406+0000] {dag.py:3036} INFO - Sync 1 DAGs
[2026-07-06T16:32:58.442+0000] {logging_mixin.py:188} INFO - [2026-07-06T16:32:58.441+0000] {dag.py:3823} INFO - Setting next_dagrun for example_complex to None, run_after=None
[2026-07-06T16:32:58.495+0000] {processor.py:183} INFO - Processing /home/airflow/.local/lib/python3.8/site-packages/airflow/example_dags/example_complex.py took 0.241 seconds
[2026-07-06T16:33:28.777+0000] {processor.py:161} INFO - Started process (PID=1346) to work on /home/airflow/.local/lib/python3.8/site-packages/airflow/example_dags/example_complex.py
[2026-07-06T16:33:28.780+0000] {processor.py:830} INFO - Processing file /home/airflow/.local/lib/python3.8/site-packages/airflow/example_dags/example_complex.py for tasks to queue
[2026-07-06T16:33:28.784+0000] {logging_mixin.py:188} INFO - [2026-07-06T16:33:28.783+0000] {dagbag.py:538} INFO - Filling up the DagBag from /home/airflow/.local/lib/python3.8/site-packages/airflow/example_dags/example_complex.py
[2026-07-06T16:33:28.813+0000] {processor.py:840} INFO - DAG(s) 'example_complex' retrieved from /home/airflow/.local/lib/python3.8/site-packages/airflow/example_dags/example_complex.py
[2026-07-06T16:33:28.896+0000] {logging_mixin.py:188} INFO - [2026-07-06T16:33:28.896+0000] {dag.py:3036} INFO - Sync 1 DAGs
[2026-07-06T16:33:28.937+0000] {logging_mixin.py:188} INFO - [2026-07-06T16:33:28.936+0000] {dag.py:3823} INFO - Setting next_dagrun for example_complex to None, run_after=None
[2026-07-06T16:33:28.987+0000] {processor.py:183} INFO - Processing /home/airflow/.local/lib/python3.8/site-packages/airflow/example_dags/example_complex.py took 0.221 seconds
[2026-07-06T16:33:59.350+0000] {processor.py:161} INFO - Started process (PID=1411) to work on /home/airflow/.local/lib/python3.8/site-packages/airflow/example_dags/example_complex.py
[2026-07-06T16:33:59.353+0000] {processor.py:830} INFO - Processing file /home/airflow/.local/lib/python3.8/site-packages/airflow/example_dags/example_complex.py for tasks to queue
[2026-07-06T16:33:59.362+0000] {logging_mixin.py:188} INFO - [2026-07-06T16:33:59.361+0000] {dagbag.py:538} INFO - Filling up the DagBag from /home/airflow/.local/lib/python3.8/site-packages/airflow/example_dags/example_complex.py
[2026-07-06T16:33:59.438+0000] {processor.py:840} INFO - DAG(s) 'example_complex' retrieved from /home/airflow/.local/lib/python3.8/site-packages/airflow/example_dags/example_complex.py
[2026-07-06T16:33:59.546+0000] {logging_mixin.py:188} INFO - [2026-07-06T16:33:59.546+0000] {dag.py:3036} INFO - Sync 1 DAGs
[2026-07-06T16:33:59.602+0000] {logging_mixin.py:188} INFO - [2026-07-06T16:33:59.601+0000] {dag.py:3823} INFO - Setting next_dagrun for example_complex to None, run_after=None
[2026-07-06T16:33:59.709+0000] {processor.py:183} INFO - Processing /home/airflow/.local/lib/python3.8/site-packages/airflow/example_dags/example_complex.py took 0.380 seconds
[2026-07-06T16:34:29.991+0000] {processor.py:161} INFO - Started process (PID=1476) to work on /home/airflow/.local/lib/python3.8/site-packages/airflow/example_dags/example_complex.py
[2026-07-06T16:34:29.995+0000] {processor.py:830} INFO - Processing file /home/airflow/.local/lib/python3.8/site-packages/airflow/example_dags/example_complex.py for tasks to queue
[2026-07-06T16:34:30.001+0000] {logging_mixin.py:188} INFO - [2026-07-06T16:34:30.000+0000] {dagbag.py:538} INFO - Filling up the DagBag from /home/airflow/.local/lib/python3.8/site-packages/airflow/example_dags/example_complex.py
[2026-07-06T16:34:30.037+0000] {processor.py:840} INFO - DAG(s) 'example_complex' retrieved from /home/airflow/.local/lib/python3.8/site-packages/airflow/example_dags/example_complex.py
[2026-07-06T16:34:30.145+0000] {logging_mixin.py:188} INFO - [2026-07-06T16:34:30.145+0000] {dag.py:3036} INFO - Sync 1 DAGs
[2026-07-06T16:34:30.191+0000] {logging_mixin.py:188} INFO - [2026-07-06T16:34:30.191+0000] {dag.py:3823} INFO - Setting next_dagrun for example_complex to None, run_after=None
[2026-07-06T16:34:30.286+0000] {processor.py:183} INFO - Processing /home/airflow/.local/lib/python3.8/site-packages/airflow/example_dags/example_complex.py took 0.305 seconds
[2026-07-06T16:35:00.407+0000] {processor.py:161} INFO - Started process (PID=1534) to work on /home/airflow/.local/lib/python3.8/site-packages/airflow/example_dags/example_complex.py
[2026-07-06T16:35:00.413+0000] {processor.py:830} INFO - Processing file /home/airflow/.local/lib/python3.8/site-packages/airflow/example_dags/example_complex.py for tasks to queue
[2026-07-06T16:35:00.417+0000] {logging_mixin.py:188} INFO - [2026-07-06T16:35:00.417+0000] {dagbag.py:538} INFO - Filling up the DagBag from /home/airflow/.local/lib/python3.8/site-packages/airflow/example_dags/example_complex.py
[2026-07-06T16:35:00.446+0000] {processor.py:840} INFO - DAG(s) 'example_complex' retrieved from /home/airflow/.local/lib/python3.8/site-packages/airflow/example_dags/example_complex.py
[2026-07-06T16:35:00.539+0000] {logging_mixin.py:188} INFO - [2026-07-06T16:35:00.538+0000] {dag.py:3036} INFO - Sync 1 DAGs
[2026-07-06T16:35:00.575+0000] {logging_mixin.py:188} INFO - [2026-07-06T16:35:00.574+0000] {dag.py:3823} INFO - Setting next_dagrun for example_complex to None, run_after=None
[2026-07-06T16:35:00.626+0000] {processor.py:183} INFO - Processing /home/airflow/.local/lib/python3.8/site-packages/airflow/example_dags/example_complex.py took 0.230 seconds
[2026-07-06T16:35:30.835+0000] {processor.py:161} INFO - Started process (PID=1600) to work on /home/airflow/.local/lib/python3.8/site-packages/airflow/example_dags/example_complex.py
[2026-07-06T16:35:30.839+0000] {processor.py:830} INFO - Processing file /home/airflow/.local/lib/python3.8/site-packages/airflow/example_dags/example_complex.py for tasks to queue
[2026-07-06T16:35:30.848+0000] {logging_mixin.py:188} INFO - [2026-07-06T16:35:30.846+0000] {dagbag.py:538} INFO - Filling up the DagBag from /home/airflow/.local/lib/python3.8/site-packages/airflow/example_dags/example_complex.py
[2026-07-06T16:35:30.889+0000] {processor.py:840} INFO - DAG(s) 'example_complex' retrieved from /home/airflow/.local/lib/python3.8/site-packages/airflow/example_dags/example_complex.py
[2026-07-06T16:35:30.987+0000] {logging_mixin.py:188} INFO - [2026-07-06T16:35:30.986+0000] {dag.py:3036} INFO - Sync 1 DAGs
[2026-07-06T16:35:31.021+0000] {logging_mixin.py:188} INFO - [2026-07-06T16:35:31.021+0000] {dag.py:3823} INFO - Setting next_dagrun for example_complex to None, run_after=None
[2026-07-06T16:35:31.086+0000] {processor.py:183} INFO - Processing /home/airflow/.local/lib/python3.8/site-packages/airflow/example_dags/example_complex.py took 0.262 seconds
[2026-07-06T16:36:01.635+0000] {processor.py:161} INFO - Started process (PID=1665) to work on /home/airflow/.local/lib/python3.8/site-packages/airflow/example_dags/example_complex.py
[2026-07-06T16:36:01.638+0000] {processor.py:830} INFO - Processing file /home/airflow/.local/lib/python3.8/site-packages/airflow/example_dags/example_complex.py for tasks to queue
[2026-07-06T16:36:01.642+0000] {logging_mixin.py:188} INFO - [2026-07-06T16:36:01.642+0000] {dagbag.py:538} INFO - Filling up the DagBag from /home/airflow/.local/lib/python3.8/site-packages/airflow/example_dags/example_complex.py
[2026-07-06T16:36:01.667+0000] {processor.py:840} INFO - DAG(s) 'example_complex' retrieved from /home/airflow/.local/lib/python3.8/site-packages/airflow/example_dags/example_complex.py
[2026-07-06T16:36:01.752+0000] {logging_mixin.py:188} INFO - [2026-07-06T16:36:01.751+0000] {dag.py:3036} INFO - Sync 1 DAGs
[2026-07-06T16:36:01.790+0000] {logging_mixin.py:188} INFO - [2026-07-06T16:36:01.789+0000] {dag.py:3823} INFO - Setting next_dagrun for example_complex to None, run_after=None
[2026-07-06T16:36:01.833+0000] {processor.py:183} INFO - Processing /home/airflow/.local/lib/python3.8/site-packages/airflow/example_dags/example_complex.py took 0.206 seconds
[2026-07-06T16:36:32.118+0000] {processor.py:161} INFO - Started process (PID=1731) to work on /home/airflow/.local/lib/python3.8/site-packages/airflow/example_dags/example_complex.py
[2026-07-06T16:36:32.121+0000] {processor.py:830} INFO - Processing file /home/airflow/.local/lib/python3.8/site-packages/airflow/example_dags/example_complex.py for tasks to queue
[2026-07-06T16:36:32.125+0000] {logging_mixin.py:188} INFO - [2026-07-06T16:36:32.124+0000] {dagbag.py:538} INFO - Filling up the DagBag from /home/airflow/.local/lib/python3.8/site-packages/airflow/example_dags/example_complex.py
[2026-07-06T16:36:32.172+0000] {processor.py:840} INFO - DAG(s) 'example_complex' retrieved from /home/airflow/.local/lib/python3.8/site-packages/airflow/example_dags/example_complex.py
[2026-07-06T16:36:32.261+0000] {logging_mixin.py:188} INFO - [2026-07-06T16:36:32.260+0000] {dag.py:3036} INFO - Sync 1 DAGs
[2026-07-06T16:36:32.289+0000] {logging_mixin.py:188} INFO - [2026-07-06T16:36:32.288+0000] {dag.py:3823} INFO - Setting next_dagrun for example_complex to None, run_after=None
[2026-07-06T16:36:32.335+0000] {processor.py:183} INFO - Processing /home/airflow/.local/lib/python3.8/site-packages/airflow/example_dags/example_complex.py took 0.227 seconds
[2026-07-06T16:37:03.239+0000] {processor.py:161} INFO - Started process (PID=1788) to work on /home/airflow/.local/lib/python3.8/site-packages/airflow/example_dags/example_complex.py
[2026-07-06T16:37:03.241+0000] {processor.py:830} INFO - Processing file /home/airflow/.local/lib/python3.8/site-packages/airflow/example_dags/example_complex.py for tasks to queue
[2026-07-06T16:37:03.245+0000] {logging_mixin.py:188} INFO - [2026-07-06T16:37:03.245+0000] {dagbag.py:538} INFO - Filling up the DagBag from /home/airflow/.local/lib/python3.8/site-packages/airflow/example_dags/example_complex.py
[2026-07-06T16:37:03.274+0000] {processor.py:840} INFO - DAG(s) 'example_complex' retrieved from /home/airflow/.local/lib/python3.8/site-packages/airflow/example_dags/example_complex.py
[2026-07-06T16:37:03.351+0000] {logging_mixin.py:188} INFO - [2026-07-06T16:37:03.351+0000] {dag.py:3036} INFO - Sync 1 DAGs
[2026-07-06T16:37:03.384+0000] {logging_mixin.py:188} INFO - [2026-07-06T16:37:03.384+0000] {dag.py:3823} INFO - Setting next_dagrun for example_complex to None, run_after=None
[2026-07-06T16:37:03.431+0000] {processor.py:183} INFO - Processing /home/airflow/.local/lib/python3.8/site-packages/airflow/example_dags/example_complex.py took 0.202 seconds
[2026-07-06T16:37:34.935+0000] {processor.py:161} INFO - Started process (PID=1854) to work on /home/airflow/.local/lib/python3.8/site-packages/airflow/example_dags/example_complex.py
[2026-07-06T16:37:34.937+0000] {processor.py:830} INFO - Processing file /home/airflow/.local/lib/python3.8/site-packages/airflow/example_dags/example_complex.py for tasks to queue
[2026-07-06T16:37:34.942+0000] {logging_mixin.py:188} INFO - [2026-07-06T16:37:34.941+0000] {dagbag.py:538} INFO - Filling up the DagBag from /home/airflow/.local/lib/python3.8/site-packages/airflow/example_dags/example_complex.py
[2026-07-06T16:37:34.968+0000] {processor.py:840} INFO - DAG(s) 'example_complex' retrieved from /home/airflow/.local/lib/python3.8/site-packages/airflow/example_dags/example_complex.py
[2026-07-06T16:37:35.069+0000] {logging_mixin.py:188} INFO - [2026-07-06T16:37:35.069+0000] {dag.py:3036} INFO - Sync 1 DAGs
[2026-07-06T16:37:35.105+0000] {logging_mixin.py:188} INFO - [2026-07-06T16:37:35.104+0000] {dag.py:3823} INFO - Setting next_dagrun for example_complex to None, run_after=None
[2026-07-06T16:37:35.150+0000] {processor.py:183} INFO - Processing /home/airflow/.local/lib/python3.8/site-packages/airflow/example_dags/example_complex.py took 0.226 seconds
[2026-07-06T16:38:06.237+0000] {processor.py:161} INFO - Started process (PID=1919) to work on /home/airflow/.local/lib/python3.8/site-packages/airflow/example_dags/example_complex.py
[2026-07-06T16:38:06.241+0000] {processor.py:830} INFO - Processing file /home/airflow/.local/lib/python3.8/site-packages/airflow/example_dags/example_complex.py for tasks to queue
[2026-07-06T16:38:06.250+0000] {logging_mixin.py:188} INFO - [2026-07-06T16:38:06.249+0000] {dagbag.py:538} INFO - Filling up the DagBag from /home/airflow/.local/lib/python3.8/site-packages/airflow/example_dags/example_complex.py
[2026-07-06T16:38:06.295+0000] {processor.py:840} INFO - DAG(s) 'example_complex' retrieved from /home/airflow/.local/lib/python3.8/site-packages/airflow/example_dags/example_complex.py
[2026-07-06T16:38:06.379+0000] {logging_mixin.py:188} INFO - [2026-07-06T16:38:06.379+0000] {dag.py:3036} INFO - Sync 1 DAGs
[2026-07-06T16:38:06.408+0000] {logging_mixin.py:188} INFO - [2026-07-06T16:38:06.408+0000] {dag.py:3823} INFO - Setting next_dagrun for example_complex to None, run_after=None
[2026-07-06T16:38:06.463+0000] {processor.py:183} INFO - Processing /home/airflow/.local/lib/python3.8/site-packages/airflow/example_dags/example_complex.py took 0.248 seconds
[2026-07-06T16:38:36.828+0000] {processor.py:161} INFO - Started process (PID=1984) to work on /home/airflow/.local/lib/python3.8/site-packages/airflow/example_dags/example_complex.py
[2026-07-06T16:38:36.830+0000] {processor.py:830} INFO - Processing file /home/airflow/.local/lib/python3.8/site-packages/airflow/example_dags/example_complex.py for tasks to queue
[2026-07-06T16:38:36.835+0000] {logging_mixin.py:188} INFO - [2026-07-06T16:38:36.834+0000] {dagbag.py:538} INFO - Filling up the DagBag from /home/airflow/.local/lib/python3.8/site-packages/airflow/example_dags/example_complex.py
[2026-07-06T16:38:36.865+0000] {processor.py:840} INFO - DAG(s) 'example_complex' retrieved from /home/airflow/.local/lib/python3.8/site-packages/airflow/example_dags/example_complex.py
[2026-07-06T16:38:36.941+0000] {logging_mixin.py:188} INFO - [2026-07-06T16:38:36.941+0000] {dag.py:3036} INFO - Sync 1 DAGs
[2026-07-06T16:38:36.971+0000] {logging_mixin.py:188} INFO - [2026-07-06T16:38:36.970+0000] {dag.py:3823} INFO - Setting next_dagrun for example_complex to None, run_after=None
[2026-07-06T16:38:37.015+0000] {processor.py:183} INFO - Processing /home/airflow/.local/lib/python3.8/site-packages/airflow/example_dags/example_complex.py took 0.196 seconds
[2026-07-06T16:39:09.810+0000] {processor.py:161} INFO - Started process (PID=2052) to work on /home/airflow/.local/lib/python3.8/site-packages/airflow/example_dags/example_complex.py
[2026-07-06T16:39:09.813+0000] {processor.py:830} INFO - Processing file /home/airflow/.local/lib/python3.8/site-packages/airflow/example_dags/example_complex.py for tasks to queue
[2026-07-06T16:39:09.818+0000] {logging_mixin.py:188} INFO - [2026-07-06T16:39:09.817+0000] {dagbag.py:538} INFO - Filling up the DagBag from /home/airflow/.local/lib/python3.8/site-packages/airflow/example_dags/example_complex.py
[2026-07-06T16:39:09.847+0000] {processor.py:840} INFO - DAG(s) 'example_complex' retrieved from /home/airflow/.local/lib/python3.8/site-packages/airflow/example_dags/example_complex.py
[2026-07-06T16:39:09.946+0000] {logging_mixin.py:188} INFO - [2026-07-06T16:39:09.945+0000] {dag.py:3036} INFO - Sync 1 DAGs
[2026-07-06T16:39:09.980+0000] {logging_mixin.py:188} INFO - [2026-07-06T16:39:09.979+0000] {dag.py:3823} INFO - Setting next_dagrun for example_complex to None, run_after=None
[2026-07-06T16:39:10.044+0000] {processor.py:183} INFO - Processing /home/airflow/.local/lib/python3.8/site-packages/airflow/example_dags/example_complex.py took 0.245 seconds
[2026-07-06T16:39:40.862+0000] {processor.py:161} INFO - Started process (PID=2117) to work on /home/airflow/.local/lib/python3.8/site-packages/airflow/example_dags/example_complex.py
[2026-07-06T16:39:40.865+0000] {processor.py:830} INFO - Processing file /home/airflow/.local/lib/python3.8/site-packages/airflow/example_dags/example_complex.py for tasks to queue
[2026-07-06T16:39:40.870+0000] {logging_mixin.py:188} INFO - [2026-07-06T16:39:40.869+0000] {dagbag.py:538} INFO - Filling up the DagBag from /home/airflow/.local/lib/python3.8/site-packages/airflow/example_dags/example_complex.py
[2026-07-06T16:39:40.905+0000] {processor.py:840} INFO - DAG(s) 'example_complex' retrieved from /home/airflow/.local/lib/python3.8/site-packages/airflow/example_dags/example_complex.py
[2026-07-06T16:39:41.012+0000] {logging_mixin.py:188} INFO - [2026-07-06T16:39:41.011+0000] {dag.py:3036} INFO - Sync 1 DAGs
[2026-07-06T16:39:41.048+0000] {logging_mixin.py:188} INFO - [2026-07-06T16:39:41.048+0000] {dag.py:3823} INFO - Setting next_dagrun for example_complex to None, run_after=None
[2026-07-06T16:39:41.098+0000] {processor.py:183} INFO - Processing /home/airflow/.local/lib/python3.8/site-packages/airflow/example_dags/example_complex.py took 0.248 seconds
[2026-07-06T16:40:18.647+0000] {processor.py:161} INFO - Started process (PID=2178) to work on /home/airflow/.local/lib/python3.8/site-packages/airflow/example_dags/example_complex.py
[2026-07-06T16:40:19.712+0000] {processor.py:830} INFO - Processing file /home/airflow/.local/lib/python3.8/site-packages/airflow/example_dags/example_complex.py for tasks to queue
[2026-07-06T16:40:19.720+0000] {logging_mixin.py:188} INFO - [2026-07-06T16:40:19.719+0000] {dagbag.py:538} INFO - Filling up the DagBag from /home/airflow/.local/lib/python3.8/site-packages/airflow/example_dags/example_complex.py
[2026-07-06T16:40:19.789+0000] {processor.py:840} INFO - DAG(s) 'example_complex' retrieved from /home/airflow/.local/lib/python3.8/site-packages/airflow/example_dags/example_complex.py
[2026-07-06T16:40:20.011+0000] {logging_mixin.py:188} INFO - [2026-07-06T16:40:20.010+0000] {dag.py:3036} INFO - Sync 1 DAGs
[2026-07-06T16:40:20.159+0000] {logging_mixin.py:188} INFO - [2026-07-06T16:40:20.159+0000] {dag.py:3823} INFO - Setting next_dagrun for example_complex to None, run_after=None
[2026-07-06T16:40:20.418+0000] {processor.py:183} INFO - Processing /home/airflow/.local/lib/python3.8/site-packages/airflow/example_dags/example_complex.py took 1.874 seconds
[2026-07-06T16:40:50.877+0000] {processor.py:161} INFO - Started process (PID=2237) to work on /home/airflow/.local/lib/python3.8/site-packages/airflow/example_dags/example_complex.py
[2026-07-06T16:40:50.880+0000] {processor.py:830} INFO - Processing file /home/airflow/.local/lib/python3.8/site-packages/airflow/example_dags/example_complex.py for tasks to queue
[2026-07-06T16:40:50.888+0000] {logging_mixin.py:188} INFO - [2026-07-06T16:40:50.887+0000] {dagbag.py:538} INFO - Filling up the DagBag from /home/airflow/.local/lib/python3.8/site-packages/airflow/example_dags/example_complex.py
[2026-07-06T16:40:50.916+0000] {processor.py:840} INFO - DAG(s) 'example_complex' retrieved from /home/airflow/.local/lib/python3.8/site-packages/airflow/example_dags/example_complex.py
[2026-07-06T16:40:50.983+0000] {logging_mixin.py:188} INFO - [2026-07-06T16:40:50.982+0000] {dag.py:3036} INFO - Sync 1 DAGs
[2026-07-06T16:40:51.008+0000] {logging_mixin.py:188} INFO - [2026-07-06T16:40:51.008+0000] {dag.py:3823} INFO - Setting next_dagrun for example_complex to None, run_after=None
[2026-07-06T16:40:51.048+0000] {processor.py:183} INFO - Processing /home/airflow/.local/lib/python3.8/site-packages/airflow/example_dags/example_complex.py took 0.180 seconds
[2026-07-06T16:41:21.166+0000] {processor.py:161} INFO - Started process (PID=2303) to work on /home/airflow/.local/lib/python3.8/site-packages/airflow/example_dags/example_complex.py
[2026-07-06T16:41:21.171+0000] {processor.py:830} INFO - Processing file /home/airflow/.local/lib/python3.8/site-packages/airflow/example_dags/example_complex.py for tasks to queue
[2026-07-06T16:41:21.181+0000] {logging_mixin.py:188} INFO - [2026-07-06T16:41:21.179+0000] {dagbag.py:538} INFO - Filling up the DagBag from /home/airflow/.local/lib/python3.8/site-packages/airflow/example_dags/example_complex.py
[2026-07-06T16:41:21.215+0000] {processor.py:840} INFO - DAG(s) 'example_complex' retrieved from /home/airflow/.local/lib/python3.8/site-packages/airflow/example_dags/example_complex.py
[2026-07-06T16:41:21.308+0000] {logging_mixin.py:188} INFO - [2026-07-06T16:41:21.308+0000] {dag.py:3036} INFO - Sync 1 DAGs
[2026-07-06T16:41:21.339+0000] {logging_mixin.py:188} INFO - [2026-07-06T16:41:21.339+0000] {dag.py:3823} INFO - Setting next_dagrun for example_complex to None, run_after=None
[2026-07-06T16:41:21.387+0000] {processor.py:183} INFO - Processing /home/airflow/.local/lib/python3.8/site-packages/airflow/example_dags/example_complex.py took 0.236 seconds
[2026-07-06T16:41:51.674+0000] {processor.py:161} INFO - Started process (PID=2370) to work on /home/airflow/.local/lib/python3.8/site-packages/airflow/example_dags/example_complex.py
[2026-07-06T16:41:51.677+0000] {processor.py:830} INFO - Processing file /home/airflow/.local/lib/python3.8/site-packages/airflow/example_dags/example_complex.py for tasks to queue
[2026-07-06T16:41:51.681+0000] {logging_mixin.py:188} INFO - [2026-07-06T16:41:51.681+0000] {dagbag.py:538} INFO - Filling up the DagBag from /home/airflow/.local/lib/python3.8/site-packages/airflow/example_dags/example_complex.py
[2026-07-06T16:41:51.706+0000] {processor.py:840} INFO - DAG(s) 'example_complex' retrieved from /home/airflow/.local/lib/python3.8/site-packages/airflow/example_dags/example_complex.py
[2026-07-06T16:41:51.788+0000] {logging_mixin.py:188} INFO - [2026-07-06T16:41:51.788+0000] {dag.py:3036} INFO - Sync 1 DAGs
[2026-07-06T16:41:51.817+0000] {logging_mixin.py:188} INFO - [2026-07-06T16:41:51.817+0000] {dag.py:3823} INFO - Setting next_dagrun for example_complex to None, run_after=None
[2026-07-06T16:41:51.859+0000] {processor.py:183} INFO - Processing /home/airflow/.local/lib/python3.8/site-packages/airflow/example_dags/example_complex.py took 0.193 seconds
[2026-07-06T16:42:22.066+0000] {processor.py:161} INFO - Started process (PID=2436) to work on /home/airflow/.local/lib/python3.8/site-packages/airflow/example_dags/example_complex.py
[2026-07-06T16:42:22.074+0000] {processor.py:830} INFO - Processing file /home/airflow/.local/lib/python3.8/site-packages/airflow/example_dags/example_complex.py for tasks to queue
[2026-07-06T16:42:22.080+0000] {logging_mixin.py:188} INFO - [2026-07-06T16:42:22.079+0000] {dagbag.py:538} INFO - Filling up the DagBag from /home/airflow/.local/lib/python3.8/site-packages/airflow/example_dags/example_complex.py
[2026-07-06T16:42:22.111+0000] {processor.py:840} INFO - DAG(s) 'example_complex' retrieved from /home/airflow/.local/lib/python3.8/site-packages/airflow/example_dags/example_complex.py
[2026-07-06T16:42:22.222+0000] {logging_mixin.py:188} INFO - [2026-07-06T16:42:22.221+0000] {dag.py:3036} INFO - Sync 1 DAGs
[2026-07-06T16:42:22.265+0000] {logging_mixin.py:188} INFO - [2026-07-06T16:42:22.264+0000] {dag.py:3823} INFO - Setting next_dagrun for example_complex to None, run_after=None
[2026-07-06T16:42:22.344+0000] {processor.py:183} INFO - Processing /home/airflow/.local/lib/python3.8/site-packages/airflow/example_dags/example_complex.py took 0.287 seconds
[2026-07-06T16:42:52.839+0000] {processor.py:161} INFO - Started process (PID=2502) to work on /home/airflow/.local/lib/python3.8/site-packages/airflow/example_dags/example_complex.py
[2026-07-06T16:42:52.850+0000] {processor.py:830} INFO - Processing file /home/airflow/.local/lib/python3.8/site-packages/airflow/example_dags/example_complex.py for tasks to queue
[2026-07-06T16:42:52.854+0000] {logging_mixin.py:188} INFO - [2026-07-06T16:42:52.854+0000] {dagbag.py:538} INFO - Filling up the DagBag from /home/airflow/.local/lib/python3.8/site-packages/airflow/example_dags/example_complex.py
[2026-07-06T16:42:52.888+0000] {processor.py:840} INFO - DAG(s) 'example_complex' retrieved from /home/airflow/.local/lib/python3.8/site-packages/airflow/example_dags/example_complex.py
[2026-07-06T16:42:52.964+0000] {logging_mixin.py:188} INFO - [2026-07-06T16:42:52.964+0000] {dag.py:3036} INFO - Sync 1 DAGs
[2026-07-06T16:42:52.998+0000] {logging_mixin.py:188} INFO - [2026-07-06T16:42:52.998+0000] {dag.py:3823} INFO - Setting next_dagrun for example_complex to None, run_after=None
[2026-07-06T16:42:53.047+0000] {processor.py:183} INFO - Processing /home/airflow/.local/lib/python3.8/site-packages/airflow/example_dags/example_complex.py took 0.217 seconds
[2026-07-06T16:43:23.287+0000] {processor.py:161} INFO - Started process (PID=2567) to work on /home/airflow/.local/lib/python3.8/site-packages/airflow/example_dags/example_complex.py
[2026-07-06T16:43:23.289+0000] {processor.py:830} INFO - Processing file /home/airflow/.local/lib/python3.8/site-packages/airflow/example_dags/example_complex.py for tasks to queue
[2026-07-06T16:43:23.294+0000] {logging_mixin.py:188} INFO - [2026-07-06T16:43:23.293+0000] {dagbag.py:538} INFO - Filling up the DagBag from /home/airflow/.local/lib/python3.8/site-packages/airflow/example_dags/example_complex.py
[2026-07-06T16:43:23.324+0000] {processor.py:840} INFO - DAG(s) 'example_complex' retrieved from /home/airflow/.local/lib/python3.8/site-packages/airflow/example_dags/example_complex.py
[2026-07-06T16:43:23.412+0000] {logging_mixin.py:188} INFO - [2026-07-06T16:43:23.411+0000] {dag.py:3036} INFO - Sync 1 DAGs
[2026-07-06T16:43:23.446+0000] {logging_mixin.py:188} INFO - [2026-07-06T16:43:23.446+0000] {dag.py:3823} INFO - Setting next_dagrun for example_complex to None, run_after=None
[2026-07-06T16:43:23.495+0000] {processor.py:183} INFO - Processing /home/airflow/.local/lib/python3.8/site-packages/airflow/example_dags/example_complex.py took 0.217 seconds
[2026-07-06T16:43:53.885+0000] {processor.py:161} INFO - Started process (PID=2626) to work on /home/airflow/.local/lib/python3.8/site-packages/airflow/example_dags/example_complex.py
[2026-07-06T16:43:53.888+0000] {processor.py:830} INFO - Processing file /home/airflow/.local/lib/python3.8/site-packages/airflow/example_dags/example_complex.py for tasks to queue
[2026-07-06T16:43:53.892+0000] {logging_mixin.py:188} INFO - [2026-07-06T16:43:53.891+0000] {dagbag.py:538} INFO - Filling up the DagBag from /home/airflow/.local/lib/python3.8/site-packages/airflow/example_dags/example_complex.py
[2026-07-06T16:43:53.916+0000] {processor.py:840} INFO - DAG(s) 'example_complex' retrieved from /home/airflow/.local/lib/python3.8/site-packages/airflow/example_dags/example_complex.py
[2026-07-06T16:43:53.992+0000] {logging_mixin.py:188} INFO - [2026-07-06T16:43:53.992+0000] {dag.py:3036} INFO - Sync 1 DAGs
[2026-07-06T16:43:54.026+0000] {logging_mixin.py:188} INFO - [2026-07-06T16:43:54.025+0000] {dag.py:3823} INFO - Setting next_dagrun for example_complex to None, run_after=None
[2026-07-06T16:43:54.070+0000] {processor.py:183} INFO - Processing /home/airflow/.local/lib/python3.8/site-packages/airflow/example_dags/example_complex.py took 0.192 seconds
[2026-07-06T16:44:24.753+0000] {processor.py:161} INFO - Started process (PID=2692) to work on /home/airflow/.local/lib/python3.8/site-packages/airflow/example_dags/example_complex.py
[2026-07-06T16:44:24.756+0000] {processor.py:830} INFO - Processing file /home/airflow/.local/lib/python3.8/site-packages/airflow/example_dags/example_complex.py for tasks to queue
[2026-07-06T16:44:24.760+0000] {logging_mixin.py:188} INFO - [2026-07-06T16:44:24.759+0000] {dagbag.py:538} INFO - Filling up the DagBag from /home/airflow/.local/lib/python3.8/site-packages/airflow/example_dags/example_complex.py
[2026-07-06T16:44:24.784+0000] {processor.py:840} INFO - DAG(s) 'example_complex' retrieved from /home/airflow/.local/lib/python3.8/site-packages/airflow/example_dags/example_complex.py
[2026-07-06T16:44:24.854+0000] {logging_mixin.py:188} INFO - [2026-07-06T16:44:24.854+0000] {dag.py:3036} INFO - Sync 1 DAGs
[2026-07-06T16:44:24.884+0000] {logging_mixin.py:188} INFO - [2026-07-06T16:44:24.883+0000] {dag.py:3823} INFO - Setting next_dagrun for example_complex to None, run_after=None
[2026-07-06T16:44:24.923+0000] {processor.py:183} INFO - Processing /home/airflow/.local/lib/python3.8/site-packages/airflow/example_dags/example_complex.py took 0.178 seconds
[2026-07-06T16:44:55.377+0000] {processor.py:161} INFO - Started process (PID=2758) to work on /home/airflow/.local/lib/python3.8/site-packages/airflow/example_dags/example_complex.py
[2026-07-06T16:44:55.380+0000] {processor.py:830} INFO - Processing file /home/airflow/.local/lib/python3.8/site-packages/airflow/example_dags/example_complex.py for tasks to queue
[2026-07-06T16:44:55.384+0000] {logging_mixin.py:188} INFO - [2026-07-06T16:44:55.384+0000] {dagbag.py:538} INFO - Filling up the DagBag from /home/airflow/.local/lib/python3.8/site-packages/airflow/example_dags/example_complex.py
[2026-07-06T16:44:55.414+0000] {processor.py:840} INFO - DAG(s) 'example_complex' retrieved from /home/airflow/.local/lib/python3.8/site-packages/airflow/example_dags/example_complex.py
[2026-07-06T16:44:55.494+0000] {logging_mixin.py:188} INFO - [2026-07-06T16:44:55.493+0000] {dag.py:3036} INFO - Sync 1 DAGs
[2026-07-06T16:44:55.530+0000] {logging_mixin.py:188} INFO - [2026-07-06T16:44:55.529+0000] {dag.py:3823} INFO - Setting next_dagrun for example_complex to None, run_after=None
[2026-07-06T16:44:55.573+0000] {processor.py:183} INFO - Processing /home/airflow/.local/lib/python3.8/site-packages/airflow/example_dags/example_complex.py took 0.206 seconds
[2026-07-06T16:45:26.227+0000] {processor.py:161} INFO - Started process (PID=2824) to work on /home/airflow/.local/lib/python3.8/site-packages/airflow/example_dags/example_complex.py
[2026-07-06T16:45:26.238+0000] {processor.py:830} INFO - Processing file /home/airflow/.local/lib/python3.8/site-packages/airflow/example_dags/example_complex.py for tasks to queue
[2026-07-06T16:45:26.246+0000] {logging_mixin.py:188} INFO - [2026-07-06T16:45:26.245+0000] {dagbag.py:538} INFO - Filling up the DagBag from /home/airflow/.local/lib/python3.8/site-packages/airflow/example_dags/example_complex.py
[2026-07-06T16:45:26.284+0000] {processor.py:840} INFO - DAG(s) 'example_complex' retrieved from /home/airflow/.local/lib/python3.8/site-packages/airflow/example_dags/example_complex.py
[2026-07-06T16:45:26.370+0000] {logging_mixin.py:188} INFO - [2026-07-06T16:45:26.369+0000] {dag.py:3036} INFO - Sync 1 DAGs
[2026-07-06T16:45:26.397+0000] {logging_mixin.py:188} INFO - [2026-07-06T16:45:26.396+0000] {dag.py:3823} INFO - Setting next_dagrun for example_complex to None, run_after=None
[2026-07-06T16:45:26.447+0000] {processor.py:183} INFO - Processing /home/airflow/.local/lib/python3.8/site-packages/airflow/example_dags/example_complex.py took 0.235 seconds
[2026-07-06T16:45:56.888+0000] {processor.py:161} INFO - Started process (PID=2890) to work on /home/airflow/.local/lib/python3.8/site-packages/airflow/example_dags/example_complex.py
[2026-07-06T16:45:56.892+0000] {processor.py:830} INFO - Processing file /home/airflow/.local/lib/python3.8/site-packages/airflow/example_dags/example_complex.py for tasks to queue
[2026-07-06T16:45:56.906+0000] {logging_mixin.py:188} INFO - [2026-07-06T16:45:56.903+0000] {dagbag.py:538} INFO - Filling up the DagBag from /home/airflow/.local/lib/python3.8/site-packages/airflow/example_dags/example_complex.py
[2026-07-06T16:45:56.957+0000] {processor.py:840} INFO - DAG(s) 'example_complex' retrieved from /home/airflow/.local/lib/python3.8/site-packages/airflow/example_dags/example_complex.py
[2026-07-06T16:45:57.094+0000] {logging_mixin.py:188} INFO - [2026-07-06T16:45:57.093+0000] {dag.py:3036} INFO - Sync 1 DAGs
[2026-07-06T16:45:57.174+0000] {logging_mixin.py:188} INFO - [2026-07-06T16:45:57.173+0000] {dag.py:3823} INFO - Setting next_dagrun for example_complex to None, run_after=None
[2026-07-06T16:45:57.274+0000] {processor.py:183} INFO - Processing /home/airflow/.local/lib/python3.8/site-packages/airflow/example_dags/example_complex.py took 0.396 seconds
[2026-07-06T16:46:27.708+0000] {processor.py:161} INFO - Started process (PID=2956) to work on /home/airflow/.local/lib/python3.8/site-packages/airflow/example_dags/example_complex.py
[2026-07-06T16:46:27.762+0000] {processor.py:830} INFO - Processing file /home/airflow/.local/lib/python3.8/site-packages/airflow/example_dags/example_complex.py for tasks to queue
[2026-07-06T16:46:27.767+0000] {logging_mixin.py:188} INFO - [2026-07-06T16:46:27.766+0000] {dagbag.py:538} INFO - Filling up the DagBag from /home/airflow/.local/lib/python3.8/site-packages/airflow/example_dags/example_complex.py
[2026-07-06T16:46:27.801+0000] {processor.py:840} INFO - DAG(s) 'example_complex' retrieved from /home/airflow/.local/lib/python3.8/site-packages/airflow/example_dags/example_complex.py
[2026-07-06T16:46:27.892+0000] {logging_mixin.py:188} INFO - [2026-07-06T16:46:27.892+0000] {dag.py:3036} INFO - Sync 1 DAGs
[2026-07-06T16:46:27.940+0000] {logging_mixin.py:188} INFO - [2026-07-06T16:46:27.939+0000] {dag.py:3823} INFO - Setting next_dagrun for example_complex to None, run_after=None
[2026-07-06T16:46:28.002+0000] {processor.py:183} INFO - Processing /home/airflow/.local/lib/python3.8/site-packages/airflow/example_dags/example_complex.py took 0.307 seconds
[2026-07-06T16:46:58.402+0000] {processor.py:161} INFO - Started process (PID=3022) to work on /home/airflow/.local/lib/python3.8/site-packages/airflow/example_dags/example_complex.py
[2026-07-06T16:46:58.405+0000] {processor.py:830} INFO - Processing file /home/airflow/.local/lib/python3.8/site-packages/airflow/example_dags/example_complex.py for tasks to queue
[2026-07-06T16:46:58.411+0000] {logging_mixin.py:188} INFO - [2026-07-06T16:46:58.410+0000] {dagbag.py:538} INFO - Filling up the DagBag from /home/airflow/.local/lib/python3.8/site-packages/airflow/example_dags/example_complex.py
[2026-07-06T16:46:58.446+0000] {processor.py:840} INFO - DAG(s) 'example_complex' retrieved from /home/airflow/.local/lib/python3.8/site-packages/airflow/example_dags/example_complex.py
[2026-07-06T16:46:58.532+0000] {logging_mixin.py:188} INFO - [2026-07-06T16:46:58.532+0000] {dag.py:3036} INFO - Sync 1 DAGs
[2026-07-06T16:46:58.566+0000] {logging_mixin.py:188} INFO - [2026-07-06T16:46:58.565+0000] {dag.py:3823} INFO - Setting next_dagrun for example_complex to None, run_after=None
[2026-07-06T16:46:58.617+0000] {processor.py:183} INFO - Processing /home/airflow/.local/lib/python3.8/site-packages/airflow/example_dags/example_complex.py took 0.224 seconds
[2026-07-06T16:47:28.746+0000] {processor.py:161} INFO - Started process (PID=3088) to work on /home/airflow/.local/lib/python3.8/site-packages/airflow/example_dags/example_complex.py
[2026-07-06T16:47:28.749+0000] {processor.py:830} INFO - Processing file /home/airflow/.local/lib/python3.8/site-packages/airflow/example_dags/example_complex.py for tasks to queue
[2026-07-06T16:47:28.753+0000] {logging_mixin.py:188} INFO - [2026-07-06T16:47:28.752+0000] {dagbag.py:538} INFO - Filling up the DagBag from /home/airflow/.local/lib/python3.8/site-packages/airflow/example_dags/example_complex.py
[2026-07-06T16:47:28.780+0000] {processor.py:840} INFO - DAG(s) 'example_complex' retrieved from /home/airflow/.local/lib/python3.8/site-packages/airflow/example_dags/example_complex.py
[2026-07-06T16:47:28.850+0000] {logging_mixin.py:188} INFO - [2026-07-06T16:47:28.849+0000] {dag.py:3036} INFO - Sync 1 DAGs
[2026-07-06T16:47:28.884+0000] {logging_mixin.py:188} INFO - [2026-07-06T16:47:28.883+0000] {dag.py:3823} INFO - Setting next_dagrun for example_complex to None, run_after=None
[2026-07-06T16:47:28.933+0000] {processor.py:183} INFO - Processing /home/airflow/.local/lib/python3.8/site-packages/airflow/example_dags/example_complex.py took 0.196 seconds
[2026-07-06T16:47:59.236+0000] {processor.py:161} INFO - Started process (PID=3154) to work on /home/airflow/.local/lib/python3.8/site-packages/airflow/example_dags/example_complex.py
[2026-07-06T16:47:59.240+0000] {processor.py:830} INFO - Processing file /home/airflow/.local/lib/python3.8/site-packages/airflow/example_dags/example_complex.py for tasks to queue
[2026-07-06T16:47:59.247+0000] {logging_mixin.py:188} INFO - [2026-07-06T16:47:59.246+0000] {dagbag.py:538} INFO - Filling up the DagBag from /home/airflow/.local/lib/python3.8/site-packages/airflow/example_dags/example_complex.py
[2026-07-06T16:47:59.281+0000] {processor.py:840} INFO - DAG(s) 'example_complex' retrieved from /home/airflow/.local/lib/python3.8/site-packages/airflow/example_dags/example_complex.py
[2026-07-06T16:47:59.417+0000] {logging_mixin.py:188} INFO - [2026-07-06T16:47:59.416+0000] {dag.py:3036} INFO - Sync 1 DAGs
[2026-07-06T16:47:59.456+0000] {logging_mixin.py:188} INFO - [2026-07-06T16:47:59.455+0000] {dag.py:3823} INFO - Setting next_dagrun for example_complex to None, run_after=None
[2026-07-06T16:47:59.826+0000] {processor.py:183} INFO - Processing /home/airflow/.local/lib/python3.8/site-packages/airflow/example_dags/example_complex.py took 0.607 seconds
[2026-07-06T16:48:30.355+0000] {processor.py:161} INFO - Started process (PID=3219) to work on /home/airflow/.local/lib/python3.8/site-packages/airflow/example_dags/example_complex.py
[2026-07-06T16:48:30.358+0000] {processor.py:830} INFO - Processing file /home/airflow/.local/lib/python3.8/site-packages/airflow/example_dags/example_complex.py for tasks to queue
[2026-07-06T16:48:30.365+0000] {logging_mixin.py:188} INFO - [2026-07-06T16:48:30.365+0000] {dagbag.py:538} INFO - Filling up the DagBag from /home/airflow/.local/lib/python3.8/site-packages/airflow/example_dags/example_complex.py
[2026-07-06T16:48:30.398+0000] {processor.py:840} INFO - DAG(s) 'example_complex' retrieved from /home/airflow/.local/lib/python3.8/site-packages/airflow/example_dags/example_complex.py
[2026-07-06T16:48:30.495+0000] {logging_mixin.py:188} INFO - [2026-07-06T16:48:30.495+0000] {dag.py:3036} INFO - Sync 1 DAGs
[2026-07-06T16:48:30.526+0000] {logging_mixin.py:188} INFO - [2026-07-06T16:48:30.526+0000] {dag.py:3823} INFO - Setting next_dagrun for example_complex to None, run_after=None
[2026-07-06T16:48:30.824+0000] {processor.py:183} INFO - Processing /home/airflow/.local/lib/python3.8/site-packages/airflow/example_dags/example_complex.py took 0.481 seconds
[2026-07-06T16:49:01.729+0000] {processor.py:161} INFO - Started process (PID=3284) to work on /home/airflow/.local/lib/python3.8/site-packages/airflow/example_dags/example_complex.py
[2026-07-06T16:49:01.741+0000] {processor.py:830} INFO - Processing file /home/airflow/.local/lib/python3.8/site-packages/airflow/example_dags/example_complex.py for tasks to queue
[2026-07-06T16:49:01.746+0000] {logging_mixin.py:188} INFO - [2026-07-06T16:49:01.745+0000] {dagbag.py:538} INFO - Filling up the DagBag from /home/airflow/.local/lib/python3.8/site-packages/airflow/example_dags/example_complex.py
[2026-07-06T16:49:01.773+0000] {processor.py:840} INFO - DAG(s) 'example_complex' retrieved from /home/airflow/.local/lib/python3.8/site-packages/airflow/example_dags/example_complex.py
[2026-07-06T16:49:01.864+0000] {logging_mixin.py:188} INFO - [2026-07-06T16:49:01.863+0000] {dag.py:3036} INFO - Sync 1 DAGs
[2026-07-06T16:49:01.896+0000] {logging_mixin.py:188} INFO - [2026-07-06T16:49:01.896+0000] {dag.py:3823} INFO - Setting next_dagrun for example_complex to None, run_after=None
[2026-07-06T16:49:01.942+0000] {processor.py:183} INFO - Processing /home/airflow/.local/lib/python3.8/site-packages/airflow/example_dags/example_complex.py took 0.222 seconds
[2026-07-06T16:49:32.106+0000] {processor.py:161} INFO - Started process (PID=3343) to work on /home/airflow/.local/lib/python3.8/site-packages/airflow/example_dags/example_complex.py
[2026-07-06T16:49:32.116+0000] {processor.py:830} INFO - Processing file /home/airflow/.local/lib/python3.8/site-packages/airflow/example_dags/example_complex.py for tasks to queue
[2026-07-06T16:49:32.119+0000] {logging_mixin.py:188} INFO - [2026-07-06T16:49:32.119+0000] {dagbag.py:538} INFO - Filling up the DagBag from /home/airflow/.local/lib/python3.8/site-packages/airflow/example_dags/example_complex.py
[2026-07-06T16:49:32.144+0000] {processor.py:840} INFO - DAG(s) 'example_complex' retrieved from /home/airflow/.local/lib/python3.8/site-packages/airflow/example_dags/example_complex.py
[2026-07-06T16:49:32.215+0000] {logging_mixin.py:188} INFO - [2026-07-06T16:49:32.214+0000] {dag.py:3036} INFO - Sync 1 DAGs
[2026-07-06T16:49:32.242+0000] {logging_mixin.py:188} INFO - [2026-07-06T16:49:32.242+0000] {dag.py:3823} INFO - Setting next_dagrun for example_complex to None, run_after=None
[2026-07-06T16:49:32.285+0000] {processor.py:183} INFO - Processing /home/airflow/.local/lib/python3.8/site-packages/airflow/example_dags/example_complex.py took 0.194 seconds
[2026-07-06T16:50:02.387+0000] {processor.py:161} INFO - Started process (PID=3409) to work on /home/airflow/.local/lib/python3.8/site-packages/airflow/example_dags/example_complex.py
[2026-07-06T16:50:02.391+0000] {processor.py:830} INFO - Processing file /home/airflow/.local/lib/python3.8/site-packages/airflow/example_dags/example_complex.py for tasks to queue
[2026-07-06T16:50:02.395+0000] {logging_mixin.py:188} INFO - [2026-07-06T16:50:02.394+0000] {dagbag.py:538} INFO - Filling up the DagBag from /home/airflow/.local/lib/python3.8/site-packages/airflow/example_dags/example_complex.py
[2026-07-06T16:50:02.416+0000] {processor.py:840} INFO - DAG(s) 'example_complex' retrieved from /home/airflow/.local/lib/python3.8/site-packages/airflow/example_dags/example_complex.py
[2026-07-06T16:50:02.737+0000] {logging_mixin.py:188} INFO - [2026-07-06T16:50:02.737+0000] {dag.py:3036} INFO - Sync 1 DAGs
[2026-07-06T16:50:02.764+0000] {logging_mixin.py:188} INFO - [2026-07-06T16:50:02.763+0000] {dag.py:3823} INFO - Setting next_dagrun for example_complex to None, run_after=None
[2026-07-06T16:50:02.807+0000] {processor.py:183} INFO - Processing /home/airflow/.local/lib/python3.8/site-packages/airflow/example_dags/example_complex.py took 0.436 seconds
[2026-07-06T16:50:33.080+0000] {processor.py:161} INFO - Started process (PID=3475) to work on /home/airflow/.local/lib/python3.8/site-packages/airflow/example_dags/example_complex.py
[2026-07-06T16:50:33.088+0000] {processor.py:830} INFO - Processing file /home/airflow/.local/lib/python3.8/site-packages/airflow/example_dags/example_complex.py for tasks to queue
[2026-07-06T16:50:33.092+0000] {logging_mixin.py:188} INFO - [2026-07-06T16:50:33.092+0000] {dagbag.py:538} INFO - Filling up the DagBag from /home/airflow/.local/lib/python3.8/site-packages/airflow/example_dags/example_complex.py
[2026-07-06T16:50:33.120+0000] {processor.py:840} INFO - DAG(s) 'example_complex' retrieved from /home/airflow/.local/lib/python3.8/site-packages/airflow/example_dags/example_complex.py
[2026-07-06T16:50:33.186+0000] {logging_mixin.py:188} INFO - [2026-07-06T16:50:33.185+0000] {dag.py:3036} INFO - Sync 1 DAGs
[2026-07-06T16:50:33.217+0000] {logging_mixin.py:188} INFO - [2026-07-06T16:50:33.217+0000] {dag.py:3823} INFO - Setting next_dagrun for example_complex to None, run_after=None
[2026-07-06T16:50:33.265+0000] {processor.py:183} INFO - Processing /home/airflow/.local/lib/python3.8/site-packages/airflow/example_dags/example_complex.py took 0.194 seconds
[2026-07-06T16:51:03.953+0000] {processor.py:161} INFO - Started process (PID=3541) to work on /home/airflow/.local/lib/python3.8/site-packages/airflow/example_dags/example_complex.py
[2026-07-06T16:51:03.955+0000] {processor.py:830} INFO - Processing file /home/airflow/.local/lib/python3.8/site-packages/airflow/example_dags/example_complex.py for tasks to queue
[2026-07-06T16:51:03.959+0000] {logging_mixin.py:188} INFO - [2026-07-06T16:51:03.958+0000] {dagbag.py:538} INFO - Filling up the DagBag from /home/airflow/.local/lib/python3.8/site-packages/airflow/example_dags/example_complex.py
[2026-07-06T16:51:03.982+0000] {processor.py:840} INFO - DAG(s) 'example_complex' retrieved from /home/airflow/.local/lib/python3.8/site-packages/airflow/example_dags/example_complex.py
[2026-07-06T16:51:04.053+0000] {logging_mixin.py:188} INFO - [2026-07-06T16:51:04.053+0000] {dag.py:3036} INFO - Sync 1 DAGs
[2026-07-06T16:51:04.078+0000] {logging_mixin.py:188} INFO - [2026-07-06T16:51:04.077+0000] {dag.py:3823} INFO - Setting next_dagrun for example_complex to None, run_after=None
[2026-07-06T16:51:04.122+0000] {processor.py:183} INFO - Processing /home/airflow/.local/lib/python3.8/site-packages/airflow/example_dags/example_complex.py took 0.176 seconds
[2026-07-06T16:51:34.465+0000] {processor.py:161} INFO - Started process (PID=3606) to work on /home/airflow/.local/lib/python3.8/site-packages/airflow/example_dags/example_complex.py
[2026-07-06T16:51:34.472+0000] {processor.py:830} INFO - Processing file /home/airflow/.local/lib/python3.8/site-packages/airflow/example_dags/example_complex.py for tasks to queue
[2026-07-06T16:51:34.477+0000] {logging_mixin.py:188} INFO - [2026-07-06T16:51:34.476+0000] {dagbag.py:538} INFO - Filling up the DagBag from /home/airflow/.local/lib/python3.8/site-packages/airflow/example_dags/example_complex.py
[2026-07-06T16:51:34.504+0000] {processor.py:840} INFO - DAG(s) 'example_complex' retrieved from /home/airflow/.local/lib/python3.8/site-packages/airflow/example_dags/example_complex.py
[2026-07-06T16:51:34.574+0000] {logging_mixin.py:188} INFO - [2026-07-06T16:51:34.574+0000] {dag.py:3036} INFO - Sync 1 DAGs
[2026-07-06T16:51:34.598+0000] {logging_mixin.py:188} INFO - [2026-07-06T16:51:34.598+0000] {dag.py:3823} INFO - Setting next_dagrun for example_complex to None, run_after=None
[2026-07-06T16:51:34.639+0000] {processor.py:183} INFO - Processing /home/airflow/.local/lib/python3.8/site-packages/airflow/example_dags/example_complex.py took 0.182 seconds
[2026-07-06T16:52:05.027+0000] {processor.py:161} INFO - Started process (PID=3672) to work on /home/airflow/.local/lib/python3.8/site-packages/airflow/example_dags/example_complex.py
[2026-07-06T16:52:05.030+0000] {processor.py:830} INFO - Processing file /home/airflow/.local/lib/python3.8/site-packages/airflow/example_dags/example_complex.py for tasks to queue
[2026-07-06T16:52:05.034+0000] {logging_mixin.py:188} INFO - [2026-07-06T16:52:05.033+0000] {dagbag.py:538} INFO - Filling up the DagBag from /home/airflow/.local/lib/python3.8/site-packages/airflow/example_dags/example_complex.py
[2026-07-06T16:52:05.062+0000] {processor.py:840} INFO - DAG(s) 'example_complex' retrieved from /home/airflow/.local/lib/python3.8/site-packages/airflow/example_dags/example_complex.py
[2026-07-06T16:52:05.142+0000] {logging_mixin.py:188} INFO - [2026-07-06T16:52:05.142+0000] {dag.py:3036} INFO - Sync 1 DAGs
[2026-07-06T16:52:05.172+0000] {logging_mixin.py:188} INFO - [2026-07-06T16:52:05.172+0000] {dag.py:3823} INFO - Setting next_dagrun for example_complex to None, run_after=None
[2026-07-06T16:52:05.217+0000] {processor.py:183} INFO - Processing /home/airflow/.local/lib/python3.8/site-packages/airflow/example_dags/example_complex.py took 0.198 seconds
[2026-07-06T16:52:35.392+0000] {processor.py:161} INFO - Started process (PID=3738) to work on /home/airflow/.local/lib/python3.8/site-packages/airflow/example_dags/example_complex.py
[2026-07-06T16:52:35.395+0000] {processor.py:830} INFO - Processing file /home/airflow/.local/lib/python3.8/site-packages/airflow/example_dags/example_complex.py for tasks to queue
[2026-07-06T16:52:35.399+0000] {logging_mixin.py:188} INFO - [2026-07-06T16:52:35.398+0000] {dagbag.py:538} INFO - Filling up the DagBag from /home/airflow/.local/lib/python3.8/site-packages/airflow/example_dags/example_complex.py
[2026-07-06T16:52:35.428+0000] {processor.py:840} INFO - DAG(s) 'example_complex' retrieved from /home/airflow/.local/lib/python3.8/site-packages/airflow/example_dags/example_complex.py
[2026-07-06T16:52:35.506+0000] {logging_mixin.py:188} INFO - [2026-07-06T16:52:35.506+0000] {dag.py:3036} INFO - Sync 1 DAGs
[2026-07-06T16:52:35.546+0000] {logging_mixin.py:188} INFO - [2026-07-06T16:52:35.546+0000] {dag.py:3823} INFO - Setting next_dagrun for example_complex to None, run_after=None
[2026-07-06T16:52:35.592+0000] {processor.py:183} INFO - Processing /home/airflow/.local/lib/python3.8/site-packages/airflow/example_dags/example_complex.py took 0.208 seconds
[2026-07-06T16:53:06.278+0000] {processor.py:161} INFO - Started process (PID=3803) to work on /home/airflow/.local/lib/python3.8/site-packages/airflow/example_dags/example_complex.py
[2026-07-06T16:53:06.282+0000] {processor.py:830} INFO - Processing file /home/airflow/.local/lib/python3.8/site-packages/airflow/example_dags/example_complex.py for tasks to queue
[2026-07-06T16:53:06.287+0000] {logging_mixin.py:188} INFO - [2026-07-06T16:53:06.286+0000] {dagbag.py:538} INFO - Filling up the DagBag from /home/airflow/.local/lib/python3.8/site-packages/airflow/example_dags/example_complex.py
[2026-07-06T16:53:06.316+0000] {processor.py:840} INFO - DAG(s) 'example_complex' retrieved from /home/airflow/.local/lib/python3.8/site-packages/airflow/example_dags/example_complex.py
[2026-07-06T16:53:06.386+0000] {logging_mixin.py:188} INFO - [2026-07-06T16:53:06.385+0000] {dag.py:3036} INFO - Sync 1 DAGs
[2026-07-06T16:53:06.411+0000] {logging_mixin.py:188} INFO - [2026-07-06T16:53:06.411+0000] {dag.py:3823} INFO - Setting next_dagrun for example_complex to None, run_after=None
[2026-07-06T16:53:06.453+0000] {processor.py:183} INFO - Processing /home/airflow/.local/lib/python3.8/site-packages/airflow/example_dags/example_complex.py took 0.186 seconds
[2026-07-06T16:53:36.711+0000] {processor.py:161} INFO - Started process (PID=3869) to work on /home/airflow/.local/lib/python3.8/site-packages/airflow/example_dags/example_complex.py
[2026-07-06T16:53:36.713+0000] {processor.py:830} INFO - Processing file /home/airflow/.local/lib/python3.8/site-packages/airflow/example_dags/example_complex.py for tasks to queue
[2026-07-06T16:53:36.718+0000] {logging_mixin.py:188} INFO - [2026-07-06T16:53:36.717+0000] {dagbag.py:538} INFO - Filling up the DagBag from /home/airflow/.local/lib/python3.8/site-packages/airflow/example_dags/example_complex.py
[2026-07-06T16:53:36.756+0000] {processor.py:840} INFO - DAG(s) 'example_complex' retrieved from /home/airflow/.local/lib/python3.8/site-packages/airflow/example_dags/example_complex.py
[2026-07-06T16:53:36.866+0000] {logging_mixin.py:188} INFO - [2026-07-06T16:53:36.865+0000] {dag.py:3036} INFO - Sync 1 DAGs
[2026-07-06T16:53:36.899+0000] {logging_mixin.py:188} INFO - [2026-07-06T16:53:36.898+0000] {dag.py:3823} INFO - Setting next_dagrun for example_complex to None, run_after=None
[2026-07-06T16:53:36.948+0000] {processor.py:183} INFO - Processing /home/airflow/.local/lib/python3.8/site-packages/airflow/example_dags/example_complex.py took 0.247 seconds
[2026-07-06T16:54:07.474+0000] {processor.py:161} INFO - Started process (PID=3935) to work on /home/airflow/.local/lib/python3.8/site-packages/airflow/example_dags/example_complex.py
[2026-07-06T16:54:07.482+0000] {processor.py:830} INFO - Processing file /home/airflow/.local/lib/python3.8/site-packages/airflow/example_dags/example_complex.py for tasks to queue
[2026-07-06T16:54:07.487+0000] {logging_mixin.py:188} INFO - [2026-07-06T16:54:07.486+0000] {dagbag.py:538} INFO - Filling up the DagBag from /home/airflow/.local/lib/python3.8/site-packages/airflow/example_dags/example_complex.py
[2026-07-06T16:54:07.523+0000] {processor.py:840} INFO - DAG(s) 'example_complex' retrieved from /home/airflow/.local/lib/python3.8/site-packages/airflow/example_dags/example_complex.py
[2026-07-06T16:54:07.618+0000] {logging_mixin.py:188} INFO - [2026-07-06T16:54:07.618+0000] {dag.py:3036} INFO - Sync 1 DAGs
[2026-07-06T16:54:07.653+0000] {logging_mixin.py:188} INFO - [2026-07-06T16:54:07.653+0000] {dag.py:3823} INFO - Setting next_dagrun for example_complex to None, run_after=None
[2026-07-06T16:54:07.703+0000] {processor.py:183} INFO - Processing /home/airflow/.local/lib/python3.8/site-packages/airflow/example_dags/example_complex.py took 0.240 seconds
[2026-07-06T16:54:37.895+0000] {processor.py:161} INFO - Started process (PID=3993) to work on /home/airflow/.local/lib/python3.8/site-packages/airflow/example_dags/example_complex.py
[2026-07-06T16:54:37.898+0000] {processor.py:830} INFO - Processing file /home/airflow/.local/lib/python3.8/site-packages/airflow/example_dags/example_complex.py for tasks to queue
[2026-07-06T16:54:37.903+0000] {logging_mixin.py:188} INFO - [2026-07-06T16:54:37.902+0000] {dagbag.py:538} INFO - Filling up the DagBag from /home/airflow/.local/lib/python3.8/site-packages/airflow/example_dags/example_complex.py
[2026-07-06T16:54:37.931+0000] {processor.py:840} INFO - DAG(s) 'example_complex' retrieved from /home/airflow/.local/lib/python3.8/site-packages/airflow/example_dags/example_complex.py
[2026-07-06T16:54:38.069+0000] {logging_mixin.py:188} INFO - [2026-07-06T16:54:38.065+0000] {dag.py:3036} INFO - Sync 1 DAGs
[2026-07-06T16:54:38.184+0000] {logging_mixin.py:188} INFO - [2026-07-06T16:54:38.184+0000] {dag.py:3823} INFO - Setting next_dagrun for example_complex to None, run_after=None
[2026-07-06T16:54:38.386+0000] {processor.py:183} INFO - Processing /home/airflow/.local/lib/python3.8/site-packages/airflow/example_dags/example_complex.py took 0.500 seconds
[2026-07-06T16:55:08.717+0000] {processor.py:161} INFO - Started process (PID=4058) to work on /home/airflow/.local/lib/python3.8/site-packages/airflow/example_dags/example_complex.py
[2026-07-06T16:55:08.720+0000] {processor.py:830} INFO - Processing file /home/airflow/.local/lib/python3.8/site-packages/airflow/example_dags/example_complex.py for tasks to queue
[2026-07-06T16:55:08.724+0000] {logging_mixin.py:188} INFO - [2026-07-06T16:55:08.723+0000] {dagbag.py:538} INFO - Filling up the DagBag from /home/airflow/.local/lib/python3.8/site-packages/airflow/example_dags/example_complex.py
[2026-07-06T16:55:08.747+0000] {processor.py:840} INFO - DAG(s) 'example_complex' retrieved from /home/airflow/.local/lib/python3.8/site-packages/airflow/example_dags/example_complex.py
[2026-07-06T16:55:08.821+0000] {logging_mixin.py:188} INFO - [2026-07-06T16:55:08.821+0000] {dag.py:3036} INFO - Sync 1 DAGs
[2026-07-06T16:55:08.851+0000] {logging_mixin.py:188} INFO - [2026-07-06T16:55:08.850+0000] {dag.py:3823} INFO - Setting next_dagrun for example_complex to None, run_after=None
[2026-07-06T16:55:08.899+0000] {processor.py:183} INFO - Processing /home/airflow/.local/lib/python3.8/site-packages/airflow/example_dags/example_complex.py took 0.192 seconds
