[2026-07-06T16:24:04.648+0000] {processor.py:161} INFO - Started process (PID=266) to work on /home/airflow/.local/lib/python3.8/site-packages/airflow/example_dags/example_time_delta_sensor_async.py
[2026-07-06T16:24:04.699+0000] {processor.py:830} INFO - Processing file /home/airflow/.local/lib/python3.8/site-packages/airflow/example_dags/example_time_delta_sensor_async.py for tasks to queue
[2026-07-06T16:24:04.744+0000] {logging_mixin.py:188} INFO - [2026-07-06T16:24:04.743+0000] {dagbag.py:538} INFO - Filling up the DagBag from /home/airflow/.local/lib/python3.8/site-packages/airflow/example_dags/example_time_delta_sensor_async.py
[2026-07-06T16:24:04.878+0000] {processor.py:840} INFO - DAG(s) 'example_time_delta_sensor_async' retrieved from /home/airflow/.local/lib/python3.8/site-packages/airflow/example_dags/example_time_delta_sensor_async.py
[2026-07-06T16:24:08.408+0000] {logging_mixin.py:188} INFO - [2026-07-06T16:24:08.406+0000] {override.py:1769} INFO - Created Permission View: can read on DAG:example_time_delta_sensor_async
[2026-07-06T16:24:08.572+0000] {logging_mixin.py:188} INFO - [2026-07-06T16:24:08.571+0000] {override.py:1769} INFO - Created Permission View: can delete on DAG:example_time_delta_sensor_async
[2026-07-06T16:24:08.648+0000] {logging_mixin.py:188} INFO - [2026-07-06T16:24:08.646+0000] {override.py:1769} INFO - Created Permission View: can edit on DAG:example_time_delta_sensor_async
[2026-07-06T16:24:08.652+0000] {logging_mixin.py:188} INFO - [2026-07-06T16:24:08.648+0000] {dag.py:3036} INFO - Sync 1 DAGs
[2026-07-06T16:24:08.759+0000] {logging_mixin.py:188} INFO - [2026-07-06T16:24:08.759+0000] {dag.py:3058} INFO - Creating ORM DAG for example_time_delta_sensor_async
[2026-07-06T16:24:08.876+0000] {logging_mixin.py:188} INFO - [2026-07-06T16:24:08.876+0000] {dag.py:3823} INFO - Setting next_dagrun for example_time_delta_sensor_async to None, run_after=None
[2026-07-06T16:24:09.494+0000] {processor.py:183} INFO - Processing /home/airflow/.local/lib/python3.8/site-packages/airflow/example_dags/example_time_delta_sensor_async.py took 4.942 seconds
[2026-07-06T16:24:53.513+0000] {processor.py:161} INFO - Started process (PID=332) to work on /home/airflow/.local/lib/python3.8/site-packages/airflow/example_dags/example_time_delta_sensor_async.py
[2026-07-06T16:24:53.525+0000] {processor.py:830} INFO - Processing file /home/airflow/.local/lib/python3.8/site-packages/airflow/example_dags/example_time_delta_sensor_async.py for tasks to queue
[2026-07-06T16:24:53.533+0000] {logging_mixin.py:188} INFO - [2026-07-06T16:24:53.532+0000] {dagbag.py:538} INFO - Filling up the DagBag from /home/airflow/.local/lib/python3.8/site-packages/airflow/example_dags/example_time_delta_sensor_async.py
[2026-07-06T16:24:53.547+0000] {processor.py:840} INFO - DAG(s) 'example_time_delta_sensor_async' retrieved from /home/airflow/.local/lib/python3.8/site-packages/airflow/example_dags/example_time_delta_sensor_async.py
[2026-07-06T16:24:53.610+0000] {logging_mixin.py:188} INFO - [2026-07-06T16:24:53.610+0000] {dag.py:3036} INFO - Sync 1 DAGs
[2026-07-06T16:24:53.647+0000] {logging_mixin.py:188} INFO - [2026-07-06T16:24:53.647+0000] {dag.py:3823} INFO - Setting next_dagrun for example_time_delta_sensor_async to None, run_after=None
[2026-07-06T16:24:53.709+0000] {processor.py:183} INFO - Processing /home/airflow/.local/lib/python3.8/site-packages/airflow/example_dags/example_time_delta_sensor_async.py took 0.209 seconds
[2026-07-06T16:25:26.736+0000] {processor.py:161} INFO - Started process (PID=398) to work on /home/airflow/.local/lib/python3.8/site-packages/airflow/example_dags/example_time_delta_sensor_async.py
[2026-07-06T16:25:26.739+0000] {processor.py:830} INFO - Processing file /home/airflow/.local/lib/python3.8/site-packages/airflow/example_dags/example_time_delta_sensor_async.py for tasks to queue
[2026-07-06T16:25:26.743+0000] {logging_mixin.py:188} INFO - [2026-07-06T16:25:26.742+0000] {dagbag.py:538} INFO - Filling up the DagBag from /home/airflow/.local/lib/python3.8/site-packages/airflow/example_dags/example_time_delta_sensor_async.py
[2026-07-06T16:25:26.760+0000] {processor.py:840} INFO - DAG(s) 'example_time_delta_sensor_async' retrieved from /home/airflow/.local/lib/python3.8/site-packages/airflow/example_dags/example_time_delta_sensor_async.py
[2026-07-06T16:25:26.859+0000] {logging_mixin.py:188} INFO - [2026-07-06T16:25:26.858+0000] {dag.py:3036} INFO - Sync 1 DAGs
[2026-07-06T16:25:26.903+0000] {logging_mixin.py:188} INFO - [2026-07-06T16:25:26.902+0000] {dag.py:3823} INFO - Setting next_dagrun for example_time_delta_sensor_async to None, run_after=None
[2026-07-06T16:25:27.019+0000] {processor.py:183} INFO - Processing /home/airflow/.local/lib/python3.8/site-packages/airflow/example_dags/example_time_delta_sensor_async.py took 0.296 seconds
[2026-07-06T16:25:57.449+0000] {processor.py:161} INFO - Started process (PID=455) to work on /home/airflow/.local/lib/python3.8/site-packages/airflow/example_dags/example_time_delta_sensor_async.py
[2026-07-06T16:25:57.455+0000] {processor.py:830} INFO - Processing file /home/airflow/.local/lib/python3.8/site-packages/airflow/example_dags/example_time_delta_sensor_async.py for tasks to queue
[2026-07-06T16:25:57.461+0000] {logging_mixin.py:188} INFO - [2026-07-06T16:25:57.459+0000] {dagbag.py:538} INFO - Filling up the DagBag from /home/airflow/.local/lib/python3.8/site-packages/airflow/example_dags/example_time_delta_sensor_async.py
[2026-07-06T16:25:57.489+0000] {processor.py:840} INFO - DAG(s) 'example_time_delta_sensor_async' retrieved from /home/airflow/.local/lib/python3.8/site-packages/airflow/example_dags/example_time_delta_sensor_async.py
[2026-07-06T16:25:57.562+0000] {logging_mixin.py:188} INFO - [2026-07-06T16:25:57.561+0000] {dag.py:3036} INFO - Sync 1 DAGs
[2026-07-06T16:25:57.611+0000] {logging_mixin.py:188} INFO - [2026-07-06T16:25:57.611+0000] {dag.py:3823} INFO - Setting next_dagrun for example_time_delta_sensor_async to None, run_after=None
[2026-07-06T16:25:57.670+0000] {processor.py:183} INFO - Processing /home/airflow/.local/lib/python3.8/site-packages/airflow/example_dags/example_time_delta_sensor_async.py took 0.246 seconds
[2026-07-06T16:26:28.113+0000] {processor.py:161} INFO - Started process (PID=521) to work on /home/airflow/.local/lib/python3.8/site-packages/airflow/example_dags/example_time_delta_sensor_async.py
[2026-07-06T16:26:28.116+0000] {processor.py:830} INFO - Processing file /home/airflow/.local/lib/python3.8/site-packages/airflow/example_dags/example_time_delta_sensor_async.py for tasks to queue
[2026-07-06T16:26:28.120+0000] {logging_mixin.py:188} INFO - [2026-07-06T16:26:28.119+0000] {dagbag.py:538} INFO - Filling up the DagBag from /home/airflow/.local/lib/python3.8/site-packages/airflow/example_dags/example_time_delta_sensor_async.py
[2026-07-06T16:26:28.131+0000] {processor.py:840} INFO - DAG(s) 'example_time_delta_sensor_async' retrieved from /home/airflow/.local/lib/python3.8/site-packages/airflow/example_dags/example_time_delta_sensor_async.py
[2026-07-06T16:26:28.186+0000] {logging_mixin.py:188} INFO - [2026-07-06T16:26:28.186+0000] {dag.py:3036} INFO - Sync 1 DAGs
[2026-07-06T16:26:28.223+0000] {logging_mixin.py:188} INFO - [2026-07-06T16:26:28.223+0000] {dag.py:3823} INFO - Setting next_dagrun for example_time_delta_sensor_async to None, run_after=None
[2026-07-06T16:26:28.270+0000] {processor.py:183} INFO - Processing /home/airflow/.local/lib/python3.8/site-packages/airflow/example_dags/example_time_delta_sensor_async.py took 0.166 seconds
[2026-07-06T16:26:58.605+0000] {processor.py:161} INFO - Started process (PID=587) to work on /home/airflow/.local/lib/python3.8/site-packages/airflow/example_dags/example_time_delta_sensor_async.py
[2026-07-06T16:26:58.610+0000] {processor.py:830} INFO - Processing file /home/airflow/.local/lib/python3.8/site-packages/airflow/example_dags/example_time_delta_sensor_async.py for tasks to queue
[2026-07-06T16:26:58.618+0000] {logging_mixin.py:188} INFO - [2026-07-06T16:26:58.617+0000] {dagbag.py:538} INFO - Filling up the DagBag from /home/airflow/.local/lib/python3.8/site-packages/airflow/example_dags/example_time_delta_sensor_async.py
[2026-07-06T16:26:58.630+0000] {processor.py:840} INFO - DAG(s) 'example_time_delta_sensor_async' retrieved from /home/airflow/.local/lib/python3.8/site-packages/airflow/example_dags/example_time_delta_sensor_async.py
[2026-07-06T16:26:58.688+0000] {logging_mixin.py:188} INFO - [2026-07-06T16:26:58.687+0000] {dag.py:3036} INFO - Sync 1 DAGs
[2026-07-06T16:26:58.713+0000] {logging_mixin.py:188} INFO - [2026-07-06T16:26:58.713+0000] {dag.py:3823} INFO - Setting next_dagrun for example_time_delta_sensor_async to None, run_after=None
[2026-07-06T16:26:58.760+0000] {processor.py:183} INFO - Processing /home/airflow/.local/lib/python3.8/site-packages/airflow/example_dags/example_time_delta_sensor_async.py took 0.168 seconds
[2026-07-06T16:27:32.972+0000] {processor.py:161} INFO - Started process (PID=653) to work on /home/airflow/.local/lib/python3.8/site-packages/airflow/example_dags/example_time_delta_sensor_async.py
[2026-07-06T16:27:32.976+0000] {processor.py:830} INFO - Processing file /home/airflow/.local/lib/python3.8/site-packages/airflow/example_dags/example_time_delta_sensor_async.py for tasks to queue
[2026-07-06T16:27:32.984+0000] {logging_mixin.py:188} INFO - [2026-07-06T16:27:32.983+0000] {dagbag.py:538} INFO - Filling up the DagBag from /home/airflow/.local/lib/python3.8/site-packages/airflow/example_dags/example_time_delta_sensor_async.py
[2026-07-06T16:27:33.006+0000] {processor.py:840} INFO - DAG(s) 'example_time_delta_sensor_async' retrieved from /home/airflow/.local/lib/python3.8/site-packages/airflow/example_dags/example_time_delta_sensor_async.py
[2026-07-06T16:27:33.083+0000] {logging_mixin.py:188} INFO - [2026-07-06T16:27:33.083+0000] {dag.py:3036} INFO - Sync 1 DAGs
[2026-07-06T16:27:33.118+0000] {logging_mixin.py:188} INFO - [2026-07-06T16:27:33.117+0000] {dag.py:3823} INFO - Setting next_dagrun for example_time_delta_sensor_async to None, run_after=None
[2026-07-06T16:27:33.162+0000] {processor.py:183} INFO - Processing /home/airflow/.local/lib/python3.8/site-packages/airflow/example_dags/example_time_delta_sensor_async.py took 0.201 seconds
[2026-07-06T16:28:10.092+0000] {processor.py:161} INFO - Started process (PID=719) to work on /home/airflow/.local/lib/python3.8/site-packages/airflow/example_dags/example_time_delta_sensor_async.py
[2026-07-06T16:28:10.096+0000] {processor.py:830} INFO - Processing file /home/airflow/.local/lib/python3.8/site-packages/airflow/example_dags/example_time_delta_sensor_async.py for tasks to queue
[2026-07-06T16:28:10.112+0000] {logging_mixin.py:188} INFO - [2026-07-06T16:28:10.106+0000] {dagbag.py:538} INFO - Filling up the DagBag from /home/airflow/.local/lib/python3.8/site-packages/airflow/example_dags/example_time_delta_sensor_async.py
[2026-07-06T16:28:10.155+0000] {processor.py:840} INFO - DAG(s) 'example_time_delta_sensor_async' retrieved from /home/airflow/.local/lib/python3.8/site-packages/airflow/example_dags/example_time_delta_sensor_async.py
[2026-07-06T16:28:10.394+0000] {logging_mixin.py:188} INFO - [2026-07-06T16:28:10.393+0000] {dag.py:3036} INFO - Sync 1 DAGs
[2026-07-06T16:28:10.657+0000] {logging_mixin.py:188} INFO - [2026-07-06T16:28:10.657+0000] {dag.py:3823} INFO - Setting next_dagrun for example_time_delta_sensor_async to None, run_after=None
[2026-07-06T16:28:10.888+0000] {processor.py:183} INFO - Processing /home/airflow/.local/lib/python3.8/site-packages/airflow/example_dags/example_time_delta_sensor_async.py took 0.843 seconds
[2026-07-06T16:28:45.043+0000] {processor.py:161} INFO - Started process (PID=785) to work on /home/airflow/.local/lib/python3.8/site-packages/airflow/example_dags/example_time_delta_sensor_async.py
[2026-07-06T16:28:45.089+0000] {processor.py:830} INFO - Processing file /home/airflow/.local/lib/python3.8/site-packages/airflow/example_dags/example_time_delta_sensor_async.py for tasks to queue
[2026-07-06T16:28:45.106+0000] {logging_mixin.py:188} INFO - [2026-07-06T16:28:45.099+0000] {dagbag.py:538} INFO - Filling up the DagBag from /home/airflow/.local/lib/python3.8/site-packages/airflow/example_dags/example_time_delta_sensor_async.py
[2026-07-06T16:28:45.149+0000] {processor.py:840} INFO - DAG(s) 'example_time_delta_sensor_async' retrieved from /home/airflow/.local/lib/python3.8/site-packages/airflow/example_dags/example_time_delta_sensor_async.py
[2026-07-06T16:28:45.529+0000] {logging_mixin.py:188} INFO - [2026-07-06T16:28:45.528+0000] {dag.py:3036} INFO - Sync 1 DAGs
[2026-07-06T16:28:45.777+0000] {logging_mixin.py:188} INFO - [2026-07-06T16:28:45.776+0000] {dag.py:3823} INFO - Setting next_dagrun for example_time_delta_sensor_async to None, run_after=None
[2026-07-06T16:28:45.884+0000] {processor.py:183} INFO - Processing /home/airflow/.local/lib/python3.8/site-packages/airflow/example_dags/example_time_delta_sensor_async.py took 0.868 seconds
[2026-07-06T16:29:16.098+0000] {processor.py:161} INFO - Started process (PID=843) to work on /home/airflow/.local/lib/python3.8/site-packages/airflow/example_dags/example_time_delta_sensor_async.py
[2026-07-06T16:29:16.101+0000] {processor.py:830} INFO - Processing file /home/airflow/.local/lib/python3.8/site-packages/airflow/example_dags/example_time_delta_sensor_async.py for tasks to queue
[2026-07-06T16:29:16.109+0000] {logging_mixin.py:188} INFO - [2026-07-06T16:29:16.108+0000] {dagbag.py:538} INFO - Filling up the DagBag from /home/airflow/.local/lib/python3.8/site-packages/airflow/example_dags/example_time_delta_sensor_async.py
[2026-07-06T16:29:16.121+0000] {processor.py:840} INFO - DAG(s) 'example_time_delta_sensor_async' retrieved from /home/airflow/.local/lib/python3.8/site-packages/airflow/example_dags/example_time_delta_sensor_async.py
[2026-07-06T16:29:16.172+0000] {logging_mixin.py:188} INFO - [2026-07-06T16:29:16.171+0000] {dag.py:3036} INFO - Sync 1 DAGs
[2026-07-06T16:29:16.223+0000] {logging_mixin.py:188} INFO - [2026-07-06T16:29:16.222+0000] {dag.py:3823} INFO - Setting next_dagrun for example_time_delta_sensor_async to None, run_after=None
[2026-07-06T16:29:16.288+0000] {processor.py:183} INFO - Processing /home/airflow/.local/lib/python3.8/site-packages/airflow/example_dags/example_time_delta_sensor_async.py took 0.204 seconds
[2026-07-06T16:29:48.040+0000] {processor.py:161} INFO - Started process (PID=909) to work on /home/airflow/.local/lib/python3.8/site-packages/airflow/example_dags/example_time_delta_sensor_async.py
[2026-07-06T16:29:48.070+0000] {processor.py:830} INFO - Processing file /home/airflow/.local/lib/python3.8/site-packages/airflow/example_dags/example_time_delta_sensor_async.py for tasks to queue
[2026-07-06T16:29:48.075+0000] {logging_mixin.py:188} INFO - [2026-07-06T16:29:48.074+0000] {dagbag.py:538} INFO - Filling up the DagBag from /home/airflow/.local/lib/python3.8/site-packages/airflow/example_dags/example_time_delta_sensor_async.py
[2026-07-06T16:29:48.122+0000] {processor.py:840} INFO - DAG(s) 'example_time_delta_sensor_async' retrieved from /home/airflow/.local/lib/python3.8/site-packages/airflow/example_dags/example_time_delta_sensor_async.py
[2026-07-06T16:29:48.332+0000] {logging_mixin.py:188} INFO - [2026-07-06T16:29:48.331+0000] {dag.py:3036} INFO - Sync 1 DAGs
[2026-07-06T16:29:48.502+0000] {logging_mixin.py:188} INFO - [2026-07-06T16:29:48.502+0000] {dag.py:3823} INFO - Setting next_dagrun for example_time_delta_sensor_async to None, run_after=None
[2026-07-06T16:29:48.732+0000] {processor.py:183} INFO - Processing /home/airflow/.local/lib/python3.8/site-packages/airflow/example_dags/example_time_delta_sensor_async.py took 0.732 seconds
[2026-07-06T16:30:23.730+0000] {processor.py:161} INFO - Started process (PID=977) to work on /home/airflow/.local/lib/python3.8/site-packages/airflow/example_dags/example_time_delta_sensor_async.py
[2026-07-06T16:30:23.733+0000] {processor.py:830} INFO - Processing file /home/airflow/.local/lib/python3.8/site-packages/airflow/example_dags/example_time_delta_sensor_async.py for tasks to queue
[2026-07-06T16:30:23.740+0000] {logging_mixin.py:188} INFO - [2026-07-06T16:30:23.739+0000] {dagbag.py:538} INFO - Filling up the DagBag from /home/airflow/.local/lib/python3.8/site-packages/airflow/example_dags/example_time_delta_sensor_async.py
[2026-07-06T16:30:23.759+0000] {processor.py:840} INFO - DAG(s) 'example_time_delta_sensor_async' retrieved from /home/airflow/.local/lib/python3.8/site-packages/airflow/example_dags/example_time_delta_sensor_async.py
[2026-07-06T16:30:23.833+0000] {logging_mixin.py:188} INFO - [2026-07-06T16:30:23.833+0000] {dag.py:3036} INFO - Sync 1 DAGs
[2026-07-06T16:30:23.865+0000] {logging_mixin.py:188} INFO - [2026-07-06T16:30:23.864+0000] {dag.py:3823} INFO - Setting next_dagrun for example_time_delta_sensor_async to None, run_after=None
[2026-07-06T16:30:23.919+0000] {processor.py:183} INFO - Processing /home/airflow/.local/lib/python3.8/site-packages/airflow/example_dags/example_time_delta_sensor_async.py took 0.198 seconds
[2026-07-06T16:30:55.766+0000] {processor.py:161} INFO - Started process (PID=1043) to work on /home/airflow/.local/lib/python3.8/site-packages/airflow/example_dags/example_time_delta_sensor_async.py
[2026-07-06T16:30:55.770+0000] {processor.py:830} INFO - Processing file /home/airflow/.local/lib/python3.8/site-packages/airflow/example_dags/example_time_delta_sensor_async.py for tasks to queue
[2026-07-06T16:30:55.775+0000] {logging_mixin.py:188} INFO - [2026-07-06T16:30:55.774+0000] {dagbag.py:538} INFO - Filling up the DagBag from /home/airflow/.local/lib/python3.8/site-packages/airflow/example_dags/example_time_delta_sensor_async.py
[2026-07-06T16:30:55.788+0000] {processor.py:840} INFO - DAG(s) 'example_time_delta_sensor_async' retrieved from /home/airflow/.local/lib/python3.8/site-packages/airflow/example_dags/example_time_delta_sensor_async.py
[2026-07-06T16:30:55.846+0000] {logging_mixin.py:188} INFO - [2026-07-06T16:30:55.845+0000] {dag.py:3036} INFO - Sync 1 DAGs
[2026-07-06T16:30:55.882+0000] {logging_mixin.py:188} INFO - [2026-07-06T16:30:55.882+0000] {dag.py:3823} INFO - Setting next_dagrun for example_time_delta_sensor_async to None, run_after=None
[2026-07-06T16:30:55.940+0000] {processor.py:183} INFO - Processing /home/airflow/.local/lib/python3.8/site-packages/airflow/example_dags/example_time_delta_sensor_async.py took 0.188 seconds
[2026-07-06T16:31:26.149+0000] {processor.py:161} INFO - Started process (PID=1106) to work on /home/airflow/.local/lib/python3.8/site-packages/airflow/example_dags/example_time_delta_sensor_async.py
[2026-07-06T16:31:26.154+0000] {processor.py:830} INFO - Processing file /home/airflow/.local/lib/python3.8/site-packages/airflow/example_dags/example_time_delta_sensor_async.py for tasks to queue
[2026-07-06T16:31:26.159+0000] {logging_mixin.py:188} INFO - [2026-07-06T16:31:26.158+0000] {dagbag.py:538} INFO - Filling up the DagBag from /home/airflow/.local/lib/python3.8/site-packages/airflow/example_dags/example_time_delta_sensor_async.py
[2026-07-06T16:31:26.172+0000] {processor.py:840} INFO - DAG(s) 'example_time_delta_sensor_async' retrieved from /home/airflow/.local/lib/python3.8/site-packages/airflow/example_dags/example_time_delta_sensor_async.py
[2026-07-06T16:31:26.233+0000] {logging_mixin.py:188} INFO - [2026-07-06T16:31:26.233+0000] {dag.py:3036} INFO - Sync 1 DAGs
[2026-07-06T16:31:26.271+0000] {logging_mixin.py:188} INFO - [2026-07-06T16:31:26.270+0000] {dag.py:3823} INFO - Setting next_dagrun for example_time_delta_sensor_async to None, run_after=None
[2026-07-06T16:31:26.319+0000] {processor.py:183} INFO - Processing /home/airflow/.local/lib/python3.8/site-packages/airflow/example_dags/example_time_delta_sensor_async.py took 0.178 seconds
[2026-07-06T16:31:56.946+0000] {processor.py:161} INFO - Started process (PID=1163) to work on /home/airflow/.local/lib/python3.8/site-packages/airflow/example_dags/example_time_delta_sensor_async.py
[2026-07-06T16:31:56.948+0000] {processor.py:830} INFO - Processing file /home/airflow/.local/lib/python3.8/site-packages/airflow/example_dags/example_time_delta_sensor_async.py for tasks to queue
[2026-07-06T16:31:56.960+0000] {logging_mixin.py:188} INFO - [2026-07-06T16:31:56.959+0000] {dagbag.py:538} INFO - Filling up the DagBag from /home/airflow/.local/lib/python3.8/site-packages/airflow/example_dags/example_time_delta_sensor_async.py
[2026-07-06T16:31:56.977+0000] {processor.py:840} INFO - DAG(s) 'example_time_delta_sensor_async' retrieved from /home/airflow/.local/lib/python3.8/site-packages/airflow/example_dags/example_time_delta_sensor_async.py
[2026-07-06T16:31:57.056+0000] {logging_mixin.py:188} INFO - [2026-07-06T16:31:57.055+0000] {dag.py:3036} INFO - Sync 1 DAGs
[2026-07-06T16:31:57.143+0000] {logging_mixin.py:188} INFO - [2026-07-06T16:31:57.142+0000] {dag.py:3823} INFO - Setting next_dagrun for example_time_delta_sensor_async to None, run_after=None
[2026-07-06T16:31:57.256+0000] {processor.py:183} INFO - Processing /home/airflow/.local/lib/python3.8/site-packages/airflow/example_dags/example_time_delta_sensor_async.py took 0.323 seconds
[2026-07-06T16:32:32.138+0000] {processor.py:161} INFO - Started process (PID=1231) to work on /home/airflow/.local/lib/python3.8/site-packages/airflow/example_dags/example_time_delta_sensor_async.py
[2026-07-06T16:32:32.155+0000] {processor.py:830} INFO - Processing file /home/airflow/.local/lib/python3.8/site-packages/airflow/example_dags/example_time_delta_sensor_async.py for tasks to queue
[2026-07-06T16:32:32.161+0000] {logging_mixin.py:188} INFO - [2026-07-06T16:32:32.160+0000] {dagbag.py:538} INFO - Filling up the DagBag from /home/airflow/.local/lib/python3.8/site-packages/airflow/example_dags/example_time_delta_sensor_async.py
[2026-07-06T16:32:32.192+0000] {processor.py:840} INFO - DAG(s) 'example_time_delta_sensor_async' retrieved from /home/airflow/.local/lib/python3.8/site-packages/airflow/example_dags/example_time_delta_sensor_async.py
[2026-07-06T16:32:32.305+0000] {logging_mixin.py:188} INFO - [2026-07-06T16:32:32.301+0000] {dag.py:3036} INFO - Sync 1 DAGs
[2026-07-06T16:32:32.365+0000] {logging_mixin.py:188} INFO - [2026-07-06T16:32:32.364+0000] {dag.py:3823} INFO - Setting next_dagrun for example_time_delta_sensor_async to None, run_after=None
[2026-07-06T16:32:32.550+0000] {processor.py:183} INFO - Processing /home/airflow/.local/lib/python3.8/site-packages/airflow/example_dags/example_time_delta_sensor_async.py took 0.445 seconds
[2026-07-06T16:33:02.798+0000] {processor.py:161} INFO - Started process (PID=1288) to work on /home/airflow/.local/lib/python3.8/site-packages/airflow/example_dags/example_time_delta_sensor_async.py
[2026-07-06T16:33:02.800+0000] {processor.py:830} INFO - Processing file /home/airflow/.local/lib/python3.8/site-packages/airflow/example_dags/example_time_delta_sensor_async.py for tasks to queue
[2026-07-06T16:33:02.807+0000] {logging_mixin.py:188} INFO - [2026-07-06T16:33:02.806+0000] {dagbag.py:538} INFO - Filling up the DagBag from /home/airflow/.local/lib/python3.8/site-packages/airflow/example_dags/example_time_delta_sensor_async.py
[2026-07-06T16:33:02.826+0000] {processor.py:840} INFO - DAG(s) 'example_time_delta_sensor_async' retrieved from /home/airflow/.local/lib/python3.8/site-packages/airflow/example_dags/example_time_delta_sensor_async.py
[2026-07-06T16:33:02.889+0000] {logging_mixin.py:188} INFO - [2026-07-06T16:33:02.888+0000] {dag.py:3036} INFO - Sync 1 DAGs
[2026-07-06T16:33:02.934+0000] {logging_mixin.py:188} INFO - [2026-07-06T16:33:02.934+0000] {dag.py:3823} INFO - Setting next_dagrun for example_time_delta_sensor_async to None, run_after=None
[2026-07-06T16:33:02.979+0000] {processor.py:183} INFO - Processing /home/airflow/.local/lib/python3.8/site-packages/airflow/example_dags/example_time_delta_sensor_async.py took 0.192 seconds
[2026-07-06T16:33:33.508+0000] {processor.py:161} INFO - Started process (PID=1354) to work on /home/airflow/.local/lib/python3.8/site-packages/airflow/example_dags/example_time_delta_sensor_async.py
[2026-07-06T16:33:33.538+0000] {processor.py:830} INFO - Processing file /home/airflow/.local/lib/python3.8/site-packages/airflow/example_dags/example_time_delta_sensor_async.py for tasks to queue
[2026-07-06T16:33:33.563+0000] {logging_mixin.py:188} INFO - [2026-07-06T16:33:33.562+0000] {dagbag.py:538} INFO - Filling up the DagBag from /home/airflow/.local/lib/python3.8/site-packages/airflow/example_dags/example_time_delta_sensor_async.py
[2026-07-06T16:33:33.718+0000] {processor.py:840} INFO - DAG(s) 'example_time_delta_sensor_async' retrieved from /home/airflow/.local/lib/python3.8/site-packages/airflow/example_dags/example_time_delta_sensor_async.py
[2026-07-06T16:33:34.061+0000] {logging_mixin.py:188} INFO - [2026-07-06T16:33:34.060+0000] {dag.py:3036} INFO - Sync 1 DAGs
[2026-07-06T16:33:34.161+0000] {logging_mixin.py:188} INFO - [2026-07-06T16:33:34.160+0000] {dag.py:3823} INFO - Setting next_dagrun for example_time_delta_sensor_async to None, run_after=None
[2026-07-06T16:33:34.694+0000] {processor.py:183} INFO - Processing /home/airflow/.local/lib/python3.8/site-packages/airflow/example_dags/example_time_delta_sensor_async.py took 1.229 seconds
[2026-07-06T16:34:05.603+0000] {processor.py:161} INFO - Started process (PID=1419) to work on /home/airflow/.local/lib/python3.8/site-packages/airflow/example_dags/example_time_delta_sensor_async.py
[2026-07-06T16:34:05.609+0000] {processor.py:830} INFO - Processing file /home/airflow/.local/lib/python3.8/site-packages/airflow/example_dags/example_time_delta_sensor_async.py for tasks to queue
[2026-07-06T16:34:05.614+0000] {logging_mixin.py:188} INFO - [2026-07-06T16:34:05.613+0000] {dagbag.py:538} INFO - Filling up the DagBag from /home/airflow/.local/lib/python3.8/site-packages/airflow/example_dags/example_time_delta_sensor_async.py
[2026-07-06T16:34:05.624+0000] {processor.py:840} INFO - DAG(s) 'example_time_delta_sensor_async' retrieved from /home/airflow/.local/lib/python3.8/site-packages/airflow/example_dags/example_time_delta_sensor_async.py
[2026-07-06T16:34:05.680+0000] {logging_mixin.py:188} INFO - [2026-07-06T16:34:05.680+0000] {dag.py:3036} INFO - Sync 1 DAGs
[2026-07-06T16:34:05.712+0000] {logging_mixin.py:188} INFO - [2026-07-06T16:34:05.712+0000] {dag.py:3823} INFO - Setting next_dagrun for example_time_delta_sensor_async to None, run_after=None
[2026-07-06T16:34:05.762+0000] {processor.py:183} INFO - Processing /home/airflow/.local/lib/python3.8/site-packages/airflow/example_dags/example_time_delta_sensor_async.py took 0.179 seconds
[2026-07-06T16:34:36.268+0000] {processor.py:161} INFO - Started process (PID=1484) to work on /home/airflow/.local/lib/python3.8/site-packages/airflow/example_dags/example_time_delta_sensor_async.py
[2026-07-06T16:34:36.276+0000] {processor.py:830} INFO - Processing file /home/airflow/.local/lib/python3.8/site-packages/airflow/example_dags/example_time_delta_sensor_async.py for tasks to queue
[2026-07-06T16:34:36.280+0000] {logging_mixin.py:188} INFO - [2026-07-06T16:34:36.280+0000] {dagbag.py:538} INFO - Filling up the DagBag from /home/airflow/.local/lib/python3.8/site-packages/airflow/example_dags/example_time_delta_sensor_async.py
[2026-07-06T16:34:36.292+0000] {processor.py:840} INFO - DAG(s) 'example_time_delta_sensor_async' retrieved from /home/airflow/.local/lib/python3.8/site-packages/airflow/example_dags/example_time_delta_sensor_async.py
[2026-07-06T16:34:36.345+0000] {logging_mixin.py:188} INFO - [2026-07-06T16:34:36.344+0000] {dag.py:3036} INFO - Sync 1 DAGs
[2026-07-06T16:34:36.372+0000] {logging_mixin.py:188} INFO - [2026-07-06T16:34:36.371+0000] {dag.py:3823} INFO - Setting next_dagrun for example_time_delta_sensor_async to None, run_after=None
[2026-07-06T16:34:36.410+0000] {processor.py:183} INFO - Processing /home/airflow/.local/lib/python3.8/site-packages/airflow/example_dags/example_time_delta_sensor_async.py took 0.150 seconds
[2026-07-06T16:35:06.962+0000] {processor.py:161} INFO - Started process (PID=1549) to work on /home/airflow/.local/lib/python3.8/site-packages/airflow/example_dags/example_time_delta_sensor_async.py
[2026-07-06T16:35:06.966+0000] {processor.py:830} INFO - Processing file /home/airflow/.local/lib/python3.8/site-packages/airflow/example_dags/example_time_delta_sensor_async.py for tasks to queue
[2026-07-06T16:35:06.972+0000] {logging_mixin.py:188} INFO - [2026-07-06T16:35:06.972+0000] {dagbag.py:538} INFO - Filling up the DagBag from /home/airflow/.local/lib/python3.8/site-packages/airflow/example_dags/example_time_delta_sensor_async.py
[2026-07-06T16:35:06.991+0000] {processor.py:840} INFO - DAG(s) 'example_time_delta_sensor_async' retrieved from /home/airflow/.local/lib/python3.8/site-packages/airflow/example_dags/example_time_delta_sensor_async.py
[2026-07-06T16:35:07.078+0000] {logging_mixin.py:188} INFO - [2026-07-06T16:35:07.077+0000] {dag.py:3036} INFO - Sync 1 DAGs
[2026-07-06T16:35:07.116+0000] {logging_mixin.py:188} INFO - [2026-07-06T16:35:07.116+0000] {dag.py:3823} INFO - Setting next_dagrun for example_time_delta_sensor_async to None, run_after=None
[2026-07-06T16:35:07.166+0000] {processor.py:183} INFO - Processing /home/airflow/.local/lib/python3.8/site-packages/airflow/example_dags/example_time_delta_sensor_async.py took 0.219 seconds
[2026-07-06T16:35:37.794+0000] {processor.py:161} INFO - Started process (PID=1609) to work on /home/airflow/.local/lib/python3.8/site-packages/airflow/example_dags/example_time_delta_sensor_async.py
[2026-07-06T16:35:37.799+0000] {processor.py:830} INFO - Processing file /home/airflow/.local/lib/python3.8/site-packages/airflow/example_dags/example_time_delta_sensor_async.py for tasks to queue
[2026-07-06T16:35:37.805+0000] {logging_mixin.py:188} INFO - [2026-07-06T16:35:37.804+0000] {dagbag.py:538} INFO - Filling up the DagBag from /home/airflow/.local/lib/python3.8/site-packages/airflow/example_dags/example_time_delta_sensor_async.py
[2026-07-06T16:35:37.822+0000] {processor.py:840} INFO - DAG(s) 'example_time_delta_sensor_async' retrieved from /home/airflow/.local/lib/python3.8/site-packages/airflow/example_dags/example_time_delta_sensor_async.py
[2026-07-06T16:35:37.907+0000] {logging_mixin.py:188} INFO - [2026-07-06T16:35:37.906+0000] {dag.py:3036} INFO - Sync 1 DAGs
[2026-07-06T16:35:37.989+0000] {logging_mixin.py:188} INFO - [2026-07-06T16:35:37.988+0000] {dag.py:3823} INFO - Setting next_dagrun for example_time_delta_sensor_async to None, run_after=None
[2026-07-06T16:35:38.079+0000] {processor.py:183} INFO - Processing /home/airflow/.local/lib/python3.8/site-packages/airflow/example_dags/example_time_delta_sensor_async.py took 0.298 seconds
[2026-07-06T16:36:08.520+0000] {processor.py:161} INFO - Started process (PID=1673) to work on /home/airflow/.local/lib/python3.8/site-packages/airflow/example_dags/example_time_delta_sensor_async.py
[2026-07-06T16:36:08.523+0000] {processor.py:830} INFO - Processing file /home/airflow/.local/lib/python3.8/site-packages/airflow/example_dags/example_time_delta_sensor_async.py for tasks to queue
[2026-07-06T16:36:08.528+0000] {logging_mixin.py:188} INFO - [2026-07-06T16:36:08.527+0000] {dagbag.py:538} INFO - Filling up the DagBag from /home/airflow/.local/lib/python3.8/site-packages/airflow/example_dags/example_time_delta_sensor_async.py
[2026-07-06T16:36:08.541+0000] {processor.py:840} INFO - DAG(s) 'example_time_delta_sensor_async' retrieved from /home/airflow/.local/lib/python3.8/site-packages/airflow/example_dags/example_time_delta_sensor_async.py
[2026-07-06T16:36:08.611+0000] {logging_mixin.py:188} INFO - [2026-07-06T16:36:08.609+0000] {dag.py:3036} INFO - Sync 1 DAGs
[2026-07-06T16:36:08.669+0000] {logging_mixin.py:188} INFO - [2026-07-06T16:36:08.669+0000] {dag.py:3823} INFO - Setting next_dagrun for example_time_delta_sensor_async to None, run_after=None
[2026-07-06T16:36:08.733+0000] {processor.py:183} INFO - Processing /home/airflow/.local/lib/python3.8/site-packages/airflow/example_dags/example_time_delta_sensor_async.py took 0.224 seconds
[2026-07-06T16:36:38.985+0000] {processor.py:161} INFO - Started process (PID=1738) to work on /home/airflow/.local/lib/python3.8/site-packages/airflow/example_dags/example_time_delta_sensor_async.py
[2026-07-06T16:36:38.989+0000] {processor.py:830} INFO - Processing file /home/airflow/.local/lib/python3.8/site-packages/airflow/example_dags/example_time_delta_sensor_async.py for tasks to queue
[2026-07-06T16:36:38.998+0000] {logging_mixin.py:188} INFO - [2026-07-06T16:36:38.996+0000] {dagbag.py:538} INFO - Filling up the DagBag from /home/airflow/.local/lib/python3.8/site-packages/airflow/example_dags/example_time_delta_sensor_async.py
[2026-07-06T16:36:39.015+0000] {processor.py:840} INFO - DAG(s) 'example_time_delta_sensor_async' retrieved from /home/airflow/.local/lib/python3.8/site-packages/airflow/example_dags/example_time_delta_sensor_async.py
[2026-07-06T16:36:39.075+0000] {logging_mixin.py:188} INFO - [2026-07-06T16:36:39.074+0000] {dag.py:3036} INFO - Sync 1 DAGs
[2026-07-06T16:36:39.105+0000] {logging_mixin.py:188} INFO - [2026-07-06T16:36:39.104+0000] {dag.py:3823} INFO - Setting next_dagrun for example_time_delta_sensor_async to None, run_after=None
[2026-07-06T16:36:39.155+0000] {processor.py:183} INFO - Processing /home/airflow/.local/lib/python3.8/site-packages/airflow/example_dags/example_time_delta_sensor_async.py took 0.184 seconds
[2026-07-06T16:37:09.765+0000] {processor.py:161} INFO - Started process (PID=1804) to work on /home/airflow/.local/lib/python3.8/site-packages/airflow/example_dags/example_time_delta_sensor_async.py
[2026-07-06T16:37:09.775+0000] {processor.py:830} INFO - Processing file /home/airflow/.local/lib/python3.8/site-packages/airflow/example_dags/example_time_delta_sensor_async.py for tasks to queue
[2026-07-06T16:37:09.785+0000] {logging_mixin.py:188} INFO - [2026-07-06T16:37:09.784+0000] {dagbag.py:538} INFO - Filling up the DagBag from /home/airflow/.local/lib/python3.8/site-packages/airflow/example_dags/example_time_delta_sensor_async.py
[2026-07-06T16:37:09.828+0000] {processor.py:840} INFO - DAG(s) 'example_time_delta_sensor_async' retrieved from /home/airflow/.local/lib/python3.8/site-packages/airflow/example_dags/example_time_delta_sensor_async.py
[2026-07-06T16:37:09.897+0000] {logging_mixin.py:188} INFO - [2026-07-06T16:37:09.897+0000] {dag.py:3036} INFO - Sync 1 DAGs
[2026-07-06T16:37:09.931+0000] {logging_mixin.py:188} INFO - [2026-07-06T16:37:09.931+0000] {dag.py:3823} INFO - Setting next_dagrun for example_time_delta_sensor_async to None, run_after=None
[2026-07-06T16:37:09.974+0000] {processor.py:183} INFO - Processing /home/airflow/.local/lib/python3.8/site-packages/airflow/example_dags/example_time_delta_sensor_async.py took 0.227 seconds
[2026-07-06T16:37:40.158+0000] {processor.py:161} INFO - Started process (PID=1869) to work on /home/airflow/.local/lib/python3.8/site-packages/airflow/example_dags/example_time_delta_sensor_async.py
[2026-07-06T16:37:40.162+0000] {processor.py:830} INFO - Processing file /home/airflow/.local/lib/python3.8/site-packages/airflow/example_dags/example_time_delta_sensor_async.py for tasks to queue
[2026-07-06T16:37:40.166+0000] {logging_mixin.py:188} INFO - [2026-07-06T16:37:40.166+0000] {dagbag.py:538} INFO - Filling up the DagBag from /home/airflow/.local/lib/python3.8/site-packages/airflow/example_dags/example_time_delta_sensor_async.py
[2026-07-06T16:37:40.181+0000] {processor.py:840} INFO - DAG(s) 'example_time_delta_sensor_async' retrieved from /home/airflow/.local/lib/python3.8/site-packages/airflow/example_dags/example_time_delta_sensor_async.py
[2026-07-06T16:37:40.242+0000] {logging_mixin.py:188} INFO - [2026-07-06T16:37:40.242+0000] {dag.py:3036} INFO - Sync 1 DAGs
[2026-07-06T16:37:40.276+0000] {logging_mixin.py:188} INFO - [2026-07-06T16:37:40.276+0000] {dag.py:3823} INFO - Setting next_dagrun for example_time_delta_sensor_async to None, run_after=None
[2026-07-06T16:37:40.329+0000] {processor.py:183} INFO - Processing /home/airflow/.local/lib/python3.8/site-packages/airflow/example_dags/example_time_delta_sensor_async.py took 0.182 seconds
[2026-07-06T16:38:10.657+0000] {processor.py:161} INFO - Started process (PID=1926) to work on /home/airflow/.local/lib/python3.8/site-packages/airflow/example_dags/example_time_delta_sensor_async.py
[2026-07-06T16:38:10.660+0000] {processor.py:830} INFO - Processing file /home/airflow/.local/lib/python3.8/site-packages/airflow/example_dags/example_time_delta_sensor_async.py for tasks to queue
[2026-07-06T16:38:10.665+0000] {logging_mixin.py:188} INFO - [2026-07-06T16:38:10.664+0000] {dagbag.py:538} INFO - Filling up the DagBag from /home/airflow/.local/lib/python3.8/site-packages/airflow/example_dags/example_time_delta_sensor_async.py
[2026-07-06T16:38:10.678+0000] {processor.py:840} INFO - DAG(s) 'example_time_delta_sensor_async' retrieved from /home/airflow/.local/lib/python3.8/site-packages/airflow/example_dags/example_time_delta_sensor_async.py
[2026-07-06T16:38:10.725+0000] {logging_mixin.py:188} INFO - [2026-07-06T16:38:10.724+0000] {dag.py:3036} INFO - Sync 1 DAGs
[2026-07-06T16:38:10.753+0000] {logging_mixin.py:188} INFO - [2026-07-06T16:38:10.752+0000] {dag.py:3823} INFO - Setting next_dagrun for example_time_delta_sensor_async to None, run_after=None
[2026-07-06T16:38:10.795+0000] {processor.py:183} INFO - Processing /home/airflow/.local/lib/python3.8/site-packages/airflow/example_dags/example_time_delta_sensor_async.py took 0.149 seconds
[2026-07-06T16:38:40.921+0000] {processor.py:161} INFO - Started process (PID=1993) to work on /home/airflow/.local/lib/python3.8/site-packages/airflow/example_dags/example_time_delta_sensor_async.py
[2026-07-06T16:38:40.924+0000] {processor.py:830} INFO - Processing file /home/airflow/.local/lib/python3.8/site-packages/airflow/example_dags/example_time_delta_sensor_async.py for tasks to queue
[2026-07-06T16:38:40.929+0000] {logging_mixin.py:188} INFO - [2026-07-06T16:38:40.928+0000] {dagbag.py:538} INFO - Filling up the DagBag from /home/airflow/.local/lib/python3.8/site-packages/airflow/example_dags/example_time_delta_sensor_async.py
[2026-07-06T16:38:40.943+0000] {processor.py:840} INFO - DAG(s) 'example_time_delta_sensor_async' retrieved from /home/airflow/.local/lib/python3.8/site-packages/airflow/example_dags/example_time_delta_sensor_async.py
[2026-07-06T16:38:40.999+0000] {logging_mixin.py:188} INFO - [2026-07-06T16:38:40.998+0000] {dag.py:3036} INFO - Sync 1 DAGs
[2026-07-06T16:38:41.030+0000] {logging_mixin.py:188} INFO - [2026-07-06T16:38:41.029+0000] {dag.py:3823} INFO - Setting next_dagrun for example_time_delta_sensor_async to None, run_after=None
[2026-07-06T16:38:41.082+0000] {processor.py:183} INFO - Processing /home/airflow/.local/lib/python3.8/site-packages/airflow/example_dags/example_time_delta_sensor_async.py took 0.174 seconds
[2026-07-06T16:39:14.546+0000] {processor.py:161} INFO - Started process (PID=2060) to work on /home/airflow/.local/lib/python3.8/site-packages/airflow/example_dags/example_time_delta_sensor_async.py
[2026-07-06T16:39:14.548+0000] {processor.py:830} INFO - Processing file /home/airflow/.local/lib/python3.8/site-packages/airflow/example_dags/example_time_delta_sensor_async.py for tasks to queue
[2026-07-06T16:39:14.552+0000] {logging_mixin.py:188} INFO - [2026-07-06T16:39:14.551+0000] {dagbag.py:538} INFO - Filling up the DagBag from /home/airflow/.local/lib/python3.8/site-packages/airflow/example_dags/example_time_delta_sensor_async.py
[2026-07-06T16:39:14.564+0000] {processor.py:840} INFO - DAG(s) 'example_time_delta_sensor_async' retrieved from /home/airflow/.local/lib/python3.8/site-packages/airflow/example_dags/example_time_delta_sensor_async.py
[2026-07-06T16:39:14.610+0000] {logging_mixin.py:188} INFO - [2026-07-06T16:39:14.610+0000] {dag.py:3036} INFO - Sync 1 DAGs
[2026-07-06T16:39:14.638+0000] {logging_mixin.py:188} INFO - [2026-07-06T16:39:14.638+0000] {dag.py:3823} INFO - Setting next_dagrun for example_time_delta_sensor_async to None, run_after=None
[2026-07-06T16:39:14.683+0000] {processor.py:183} INFO - Processing /home/airflow/.local/lib/python3.8/site-packages/airflow/example_dags/example_time_delta_sensor_async.py took 0.150 seconds
[2026-07-06T16:39:46.383+0000] {processor.py:161} INFO - Started process (PID=2127) to work on /home/airflow/.local/lib/python3.8/site-packages/airflow/example_dags/example_time_delta_sensor_async.py
[2026-07-06T16:39:46.385+0000] {processor.py:830} INFO - Processing file /home/airflow/.local/lib/python3.8/site-packages/airflow/example_dags/example_time_delta_sensor_async.py for tasks to queue
[2026-07-06T16:39:46.389+0000] {logging_mixin.py:188} INFO - [2026-07-06T16:39:46.389+0000] {dagbag.py:538} INFO - Filling up the DagBag from /home/airflow/.local/lib/python3.8/site-packages/airflow/example_dags/example_time_delta_sensor_async.py
[2026-07-06T16:39:46.400+0000] {processor.py:840} INFO - DAG(s) 'example_time_delta_sensor_async' retrieved from /home/airflow/.local/lib/python3.8/site-packages/airflow/example_dags/example_time_delta_sensor_async.py
[2026-07-06T16:39:46.451+0000] {logging_mixin.py:188} INFO - [2026-07-06T16:39:46.451+0000] {dag.py:3036} INFO - Sync 1 DAGs
[2026-07-06T16:39:46.493+0000] {logging_mixin.py:188} INFO - [2026-07-06T16:39:46.492+0000] {dag.py:3823} INFO - Setting next_dagrun for example_time_delta_sensor_async to None, run_after=None
[2026-07-06T16:39:46.546+0000] {processor.py:183} INFO - Processing /home/airflow/.local/lib/python3.8/site-packages/airflow/example_dags/example_time_delta_sensor_async.py took 0.170 seconds
[2026-07-06T16:40:23.560+0000] {processor.py:161} INFO - Started process (PID=2191) to work on /home/airflow/.local/lib/python3.8/site-packages/airflow/example_dags/example_time_delta_sensor_async.py
[2026-07-06T16:40:23.575+0000] {processor.py:830} INFO - Processing file /home/airflow/.local/lib/python3.8/site-packages/airflow/example_dags/example_time_delta_sensor_async.py for tasks to queue
[2026-07-06T16:40:23.586+0000] {logging_mixin.py:188} INFO - [2026-07-06T16:40:23.581+0000] {dagbag.py:538} INFO - Filling up the DagBag from /home/airflow/.local/lib/python3.8/site-packages/airflow/example_dags/example_time_delta_sensor_async.py
[2026-07-06T16:40:23.605+0000] {processor.py:840} INFO - DAG(s) 'example_time_delta_sensor_async' retrieved from /home/airflow/.local/lib/python3.8/site-packages/airflow/example_dags/example_time_delta_sensor_async.py
[2026-07-06T16:40:23.702+0000] {logging_mixin.py:188} INFO - [2026-07-06T16:40:23.701+0000] {dag.py:3036} INFO - Sync 1 DAGs
[2026-07-06T16:40:23.761+0000] {logging_mixin.py:188} INFO - [2026-07-06T16:40:23.760+0000] {dag.py:3823} INFO - Setting next_dagrun for example_time_delta_sensor_async to None, run_after=None
[2026-07-06T16:40:23.840+0000] {processor.py:183} INFO - Processing /home/airflow/.local/lib/python3.8/site-packages/airflow/example_dags/example_time_delta_sensor_async.py took 0.326 seconds
[2026-07-06T16:40:54.001+0000] {processor.py:161} INFO - Started process (PID=2248) to work on /home/airflow/.local/lib/python3.8/site-packages/airflow/example_dags/example_time_delta_sensor_async.py
[2026-07-06T16:40:54.003+0000] {processor.py:830} INFO - Processing file /home/airflow/.local/lib/python3.8/site-packages/airflow/example_dags/example_time_delta_sensor_async.py for tasks to queue
[2026-07-06T16:40:54.006+0000] {logging_mixin.py:188} INFO - [2026-07-06T16:40:54.005+0000] {dagbag.py:538} INFO - Filling up the DagBag from /home/airflow/.local/lib/python3.8/site-packages/airflow/example_dags/example_time_delta_sensor_async.py
[2026-07-06T16:40:54.016+0000] {processor.py:840} INFO - DAG(s) 'example_time_delta_sensor_async' retrieved from /home/airflow/.local/lib/python3.8/site-packages/airflow/example_dags/example_time_delta_sensor_async.py
[2026-07-06T16:40:54.059+0000] {logging_mixin.py:188} INFO - [2026-07-06T16:40:54.059+0000] {dag.py:3036} INFO - Sync 1 DAGs
[2026-07-06T16:40:54.085+0000] {logging_mixin.py:188} INFO - [2026-07-06T16:40:54.084+0000] {dag.py:3823} INFO - Setting next_dagrun for example_time_delta_sensor_async to None, run_after=None
[2026-07-06T16:40:54.122+0000] {processor.py:183} INFO - Processing /home/airflow/.local/lib/python3.8/site-packages/airflow/example_dags/example_time_delta_sensor_async.py took 0.130 seconds
[2026-07-06T16:41:24.446+0000] {processor.py:161} INFO - Started process (PID=2314) to work on /home/airflow/.local/lib/python3.8/site-packages/airflow/example_dags/example_time_delta_sensor_async.py
[2026-07-06T16:41:24.449+0000] {processor.py:830} INFO - Processing file /home/airflow/.local/lib/python3.8/site-packages/airflow/example_dags/example_time_delta_sensor_async.py for tasks to queue
[2026-07-06T16:41:24.452+0000] {logging_mixin.py:188} INFO - [2026-07-06T16:41:24.452+0000] {dagbag.py:538} INFO - Filling up the DagBag from /home/airflow/.local/lib/python3.8/site-packages/airflow/example_dags/example_time_delta_sensor_async.py
[2026-07-06T16:41:24.463+0000] {processor.py:840} INFO - DAG(s) 'example_time_delta_sensor_async' retrieved from /home/airflow/.local/lib/python3.8/site-packages/airflow/example_dags/example_time_delta_sensor_async.py
[2026-07-06T16:41:24.513+0000] {logging_mixin.py:188} INFO - [2026-07-06T16:41:24.513+0000] {dag.py:3036} INFO - Sync 1 DAGs
[2026-07-06T16:41:24.538+0000] {logging_mixin.py:188} INFO - [2026-07-06T16:41:24.537+0000] {dag.py:3823} INFO - Setting next_dagrun for example_time_delta_sensor_async to None, run_after=None
[2026-07-06T16:41:24.572+0000] {processor.py:183} INFO - Processing /home/airflow/.local/lib/python3.8/site-packages/airflow/example_dags/example_time_delta_sensor_async.py took 0.134 seconds
[2026-07-06T16:41:54.788+0000] {processor.py:161} INFO - Started process (PID=2381) to work on /home/airflow/.local/lib/python3.8/site-packages/airflow/example_dags/example_time_delta_sensor_async.py
[2026-07-06T16:41:54.790+0000] {processor.py:830} INFO - Processing file /home/airflow/.local/lib/python3.8/site-packages/airflow/example_dags/example_time_delta_sensor_async.py for tasks to queue
[2026-07-06T16:41:54.794+0000] {logging_mixin.py:188} INFO - [2026-07-06T16:41:54.794+0000] {dagbag.py:538} INFO - Filling up the DagBag from /home/airflow/.local/lib/python3.8/site-packages/airflow/example_dags/example_time_delta_sensor_async.py
[2026-07-06T16:41:54.805+0000] {processor.py:840} INFO - DAG(s) 'example_time_delta_sensor_async' retrieved from /home/airflow/.local/lib/python3.8/site-packages/airflow/example_dags/example_time_delta_sensor_async.py
[2026-07-06T16:41:54.847+0000] {logging_mixin.py:188} INFO - [2026-07-06T16:41:54.847+0000] {dag.py:3036} INFO - Sync 1 DAGs
[2026-07-06T16:41:54.871+0000] {logging_mixin.py:188} INFO - [2026-07-06T16:41:54.871+0000] {dag.py:3823} INFO - Setting next_dagrun for example_time_delta_sensor_async to None, run_after=None
[2026-07-06T16:41:54.908+0000] {processor.py:183} INFO - Processing /home/airflow/.local/lib/python3.8/site-packages/airflow/example_dags/example_time_delta_sensor_async.py took 0.128 seconds
[2026-07-06T16:42:25.169+0000] {processor.py:161} INFO - Started process (PID=2447) to work on /home/airflow/.local/lib/python3.8/site-packages/airflow/example_dags/example_time_delta_sensor_async.py
[2026-07-06T16:42:25.171+0000] {processor.py:830} INFO - Processing file /home/airflow/.local/lib/python3.8/site-packages/airflow/example_dags/example_time_delta_sensor_async.py for tasks to queue
[2026-07-06T16:42:25.175+0000] {logging_mixin.py:188} INFO - [2026-07-06T16:42:25.175+0000] {dagbag.py:538} INFO - Filling up the DagBag from /home/airflow/.local/lib/python3.8/site-packages/airflow/example_dags/example_time_delta_sensor_async.py
[2026-07-06T16:42:25.186+0000] {processor.py:840} INFO - DAG(s) 'example_time_delta_sensor_async' retrieved from /home/airflow/.local/lib/python3.8/site-packages/airflow/example_dags/example_time_delta_sensor_async.py
[2026-07-06T16:42:25.227+0000] {logging_mixin.py:188} INFO - [2026-07-06T16:42:25.227+0000] {dag.py:3036} INFO - Sync 1 DAGs
[2026-07-06T16:42:25.253+0000] {logging_mixin.py:188} INFO - [2026-07-06T16:42:25.252+0000] {dag.py:3823} INFO - Setting next_dagrun for example_time_delta_sensor_async to None, run_after=None
[2026-07-06T16:42:25.300+0000] {processor.py:183} INFO - Processing /home/airflow/.local/lib/python3.8/site-packages/airflow/example_dags/example_time_delta_sensor_async.py took 0.139 seconds
[2026-07-06T16:42:56.154+0000] {processor.py:161} INFO - Started process (PID=2513) to work on /home/airflow/.local/lib/python3.8/site-packages/airflow/example_dags/example_time_delta_sensor_async.py
[2026-07-06T16:42:56.156+0000] {processor.py:830} INFO - Processing file /home/airflow/.local/lib/python3.8/site-packages/airflow/example_dags/example_time_delta_sensor_async.py for tasks to queue
[2026-07-06T16:42:56.160+0000] {logging_mixin.py:188} INFO - [2026-07-06T16:42:56.159+0000] {dagbag.py:538} INFO - Filling up the DagBag from /home/airflow/.local/lib/python3.8/site-packages/airflow/example_dags/example_time_delta_sensor_async.py
[2026-07-06T16:42:56.170+0000] {processor.py:840} INFO - DAG(s) 'example_time_delta_sensor_async' retrieved from /home/airflow/.local/lib/python3.8/site-packages/airflow/example_dags/example_time_delta_sensor_async.py
[2026-07-06T16:42:56.211+0000] {logging_mixin.py:188} INFO - [2026-07-06T16:42:56.210+0000] {dag.py:3036} INFO - Sync 1 DAGs
[2026-07-06T16:42:56.236+0000] {logging_mixin.py:188} INFO - [2026-07-06T16:42:56.235+0000] {dag.py:3823} INFO - Setting next_dagrun for example_time_delta_sensor_async to None, run_after=None
[2026-07-06T16:42:56.289+0000] {processor.py:183} INFO - Processing /home/airflow/.local/lib/python3.8/site-packages/airflow/example_dags/example_time_delta_sensor_async.py took 0.142 seconds
[2026-07-06T16:43:26.660+0000] {processor.py:161} INFO - Started process (PID=2579) to work on /home/airflow/.local/lib/python3.8/site-packages/airflow/example_dags/example_time_delta_sensor_async.py
[2026-07-06T16:43:26.664+0000] {processor.py:830} INFO - Processing file /home/airflow/.local/lib/python3.8/site-packages/airflow/example_dags/example_time_delta_sensor_async.py for tasks to queue
[2026-07-06T16:43:26.668+0000] {logging_mixin.py:188} INFO - [2026-07-06T16:43:26.667+0000] {dagbag.py:538} INFO - Filling up the DagBag from /home/airflow/.local/lib/python3.8/site-packages/airflow/example_dags/example_time_delta_sensor_async.py
[2026-07-06T16:43:26.679+0000] {processor.py:840} INFO - DAG(s) 'example_time_delta_sensor_async' retrieved from /home/airflow/.local/lib/python3.8/site-packages/airflow/example_dags/example_time_delta_sensor_async.py
[2026-07-06T16:43:26.725+0000] {logging_mixin.py:188} INFO - [2026-07-06T16:43:26.725+0000] {dag.py:3036} INFO - Sync 1 DAGs
[2026-07-06T16:43:26.752+0000] {logging_mixin.py:188} INFO - [2026-07-06T16:43:26.752+0000] {dag.py:3823} INFO - Setting next_dagrun for example_time_delta_sensor_async to None, run_after=None
[2026-07-06T16:43:26.795+0000] {processor.py:183} INFO - Processing /home/airflow/.local/lib/python3.8/site-packages/airflow/example_dags/example_time_delta_sensor_async.py took 0.144 seconds
[2026-07-06T16:43:57.256+0000] {processor.py:161} INFO - Started process (PID=2645) to work on /home/airflow/.local/lib/python3.8/site-packages/airflow/example_dags/example_time_delta_sensor_async.py
[2026-07-06T16:43:57.258+0000] {processor.py:830} INFO - Processing file /home/airflow/.local/lib/python3.8/site-packages/airflow/example_dags/example_time_delta_sensor_async.py for tasks to queue
[2026-07-06T16:43:57.262+0000] {logging_mixin.py:188} INFO - [2026-07-06T16:43:57.261+0000] {dagbag.py:538} INFO - Filling up the DagBag from /home/airflow/.local/lib/python3.8/site-packages/airflow/example_dags/example_time_delta_sensor_async.py
[2026-07-06T16:43:57.274+0000] {processor.py:840} INFO - DAG(s) 'example_time_delta_sensor_async' retrieved from /home/airflow/.local/lib/python3.8/site-packages/airflow/example_dags/example_time_delta_sensor_async.py
[2026-07-06T16:43:57.324+0000] {logging_mixin.py:188} INFO - [2026-07-06T16:43:57.323+0000] {dag.py:3036} INFO - Sync 1 DAGs
[2026-07-06T16:43:57.353+0000] {logging_mixin.py:188} INFO - [2026-07-06T16:43:57.352+0000] {dag.py:3823} INFO - Setting next_dagrun for example_time_delta_sensor_async to None, run_after=None
[2026-07-06T16:43:57.405+0000] {processor.py:183} INFO - Processing /home/airflow/.local/lib/python3.8/site-packages/airflow/example_dags/example_time_delta_sensor_async.py took 0.160 seconds
[2026-07-06T16:44:28.122+0000] {processor.py:161} INFO - Started process (PID=2711) to work on /home/airflow/.local/lib/python3.8/site-packages/airflow/example_dags/example_time_delta_sensor_async.py
[2026-07-06T16:44:28.128+0000] {processor.py:830} INFO - Processing file /home/airflow/.local/lib/python3.8/site-packages/airflow/example_dags/example_time_delta_sensor_async.py for tasks to queue
[2026-07-06T16:44:28.136+0000] {logging_mixin.py:188} INFO - [2026-07-06T16:44:28.132+0000] {dagbag.py:538} INFO - Filling up the DagBag from /home/airflow/.local/lib/python3.8/site-packages/airflow/example_dags/example_time_delta_sensor_async.py
[2026-07-06T16:44:28.167+0000] {processor.py:840} INFO - DAG(s) 'example_time_delta_sensor_async' retrieved from /home/airflow/.local/lib/python3.8/site-packages/airflow/example_dags/example_time_delta_sensor_async.py
[2026-07-06T16:44:28.364+0000] {logging_mixin.py:188} INFO - [2026-07-06T16:44:28.364+0000] {dag.py:3036} INFO - Sync 1 DAGs
[2026-07-06T16:44:28.413+0000] {logging_mixin.py:188} INFO - [2026-07-06T16:44:28.413+0000] {dag.py:3823} INFO - Setting next_dagrun for example_time_delta_sensor_async to None, run_after=None
[2026-07-06T16:44:28.465+0000] {processor.py:183} INFO - Processing /home/airflow/.local/lib/python3.8/site-packages/airflow/example_dags/example_time_delta_sensor_async.py took 0.382 seconds
[2026-07-06T16:44:58.968+0000] {processor.py:161} INFO - Started process (PID=2771) to work on /home/airflow/.local/lib/python3.8/site-packages/airflow/example_dags/example_time_delta_sensor_async.py
[2026-07-06T16:44:58.970+0000] {processor.py:830} INFO - Processing file /home/airflow/.local/lib/python3.8/site-packages/airflow/example_dags/example_time_delta_sensor_async.py for tasks to queue
[2026-07-06T16:44:58.974+0000] {logging_mixin.py:188} INFO - [2026-07-06T16:44:58.973+0000] {dagbag.py:538} INFO - Filling up the DagBag from /home/airflow/.local/lib/python3.8/site-packages/airflow/example_dags/example_time_delta_sensor_async.py
[2026-07-06T16:44:58.983+0000] {processor.py:840} INFO - DAG(s) 'example_time_delta_sensor_async' retrieved from /home/airflow/.local/lib/python3.8/site-packages/airflow/example_dags/example_time_delta_sensor_async.py
[2026-07-06T16:44:59.055+0000] {logging_mixin.py:188} INFO - [2026-07-06T16:44:59.054+0000] {dag.py:3036} INFO - Sync 1 DAGs
[2026-07-06T16:44:59.091+0000] {logging_mixin.py:188} INFO - [2026-07-06T16:44:59.091+0000] {dag.py:3823} INFO - Setting next_dagrun for example_time_delta_sensor_async to None, run_after=None
[2026-07-06T16:44:59.136+0000] {processor.py:183} INFO - Processing /home/airflow/.local/lib/python3.8/site-packages/airflow/example_dags/example_time_delta_sensor_async.py took 0.175 seconds
[2026-07-06T16:45:29.838+0000] {processor.py:161} INFO - Started process (PID=2837) to work on /home/airflow/.local/lib/python3.8/site-packages/airflow/example_dags/example_time_delta_sensor_async.py
[2026-07-06T16:45:29.840+0000] {processor.py:830} INFO - Processing file /home/airflow/.local/lib/python3.8/site-packages/airflow/example_dags/example_time_delta_sensor_async.py for tasks to queue
[2026-07-06T16:45:29.844+0000] {logging_mixin.py:188} INFO - [2026-07-06T16:45:29.843+0000] {dagbag.py:538} INFO - Filling up the DagBag from /home/airflow/.local/lib/python3.8/site-packages/airflow/example_dags/example_time_delta_sensor_async.py
[2026-07-06T16:45:29.853+0000] {processor.py:840} INFO - DAG(s) 'example_time_delta_sensor_async' retrieved from /home/airflow/.local/lib/python3.8/site-packages/airflow/example_dags/example_time_delta_sensor_async.py
[2026-07-06T16:45:29.914+0000] {logging_mixin.py:188} INFO - [2026-07-06T16:45:29.913+0000] {dag.py:3036} INFO - Sync 1 DAGs
[2026-07-06T16:45:29.946+0000] {logging_mixin.py:188} INFO - [2026-07-06T16:45:29.946+0000] {dag.py:3823} INFO - Setting next_dagrun for example_time_delta_sensor_async to None, run_after=None
[2026-07-06T16:45:29.987+0000] {processor.py:183} INFO - Processing /home/airflow/.local/lib/python3.8/site-packages/airflow/example_dags/example_time_delta_sensor_async.py took 0.157 seconds
[2026-07-06T16:46:00.950+0000] {processor.py:161} INFO - Started process (PID=2903) to work on /home/airflow/.local/lib/python3.8/site-packages/airflow/example_dags/example_time_delta_sensor_async.py
[2026-07-06T16:46:00.953+0000] {processor.py:830} INFO - Processing file /home/airflow/.local/lib/python3.8/site-packages/airflow/example_dags/example_time_delta_sensor_async.py for tasks to queue
[2026-07-06T16:46:00.957+0000] {logging_mixin.py:188} INFO - [2026-07-06T16:46:00.957+0000] {dagbag.py:538} INFO - Filling up the DagBag from /home/airflow/.local/lib/python3.8/site-packages/airflow/example_dags/example_time_delta_sensor_async.py
[2026-07-06T16:46:00.969+0000] {processor.py:840} INFO - DAG(s) 'example_time_delta_sensor_async' retrieved from /home/airflow/.local/lib/python3.8/site-packages/airflow/example_dags/example_time_delta_sensor_async.py
[2026-07-06T16:46:01.045+0000] {logging_mixin.py:188} INFO - [2026-07-06T16:46:01.045+0000] {dag.py:3036} INFO - Sync 1 DAGs
[2026-07-06T16:46:01.072+0000] {logging_mixin.py:188} INFO - [2026-07-06T16:46:01.072+0000] {dag.py:3823} INFO - Setting next_dagrun for example_time_delta_sensor_async to None, run_after=None
[2026-07-06T16:46:01.112+0000] {processor.py:183} INFO - Processing /home/airflow/.local/lib/python3.8/site-packages/airflow/example_dags/example_time_delta_sensor_async.py took 0.170 seconds
[2026-07-06T16:46:31.451+0000] {processor.py:161} INFO - Started process (PID=2969) to work on /home/airflow/.local/lib/python3.8/site-packages/airflow/example_dags/example_time_delta_sensor_async.py
[2026-07-06T16:46:31.454+0000] {processor.py:830} INFO - Processing file /home/airflow/.local/lib/python3.8/site-packages/airflow/example_dags/example_time_delta_sensor_async.py for tasks to queue
[2026-07-06T16:46:31.457+0000] {logging_mixin.py:188} INFO - [2026-07-06T16:46:31.457+0000] {dagbag.py:538} INFO - Filling up the DagBag from /home/airflow/.local/lib/python3.8/site-packages/airflow/example_dags/example_time_delta_sensor_async.py
[2026-07-06T16:46:31.466+0000] {processor.py:840} INFO - DAG(s) 'example_time_delta_sensor_async' retrieved from /home/airflow/.local/lib/python3.8/site-packages/airflow/example_dags/example_time_delta_sensor_async.py
[2026-07-06T16:46:31.508+0000] {logging_mixin.py:188} INFO - [2026-07-06T16:46:31.507+0000] {dag.py:3036} INFO - Sync 1 DAGs
[2026-07-06T16:46:31.532+0000] {logging_mixin.py:188} INFO - [2026-07-06T16:46:31.532+0000] {dag.py:3823} INFO - Setting next_dagrun for example_time_delta_sensor_async to None, run_after=None
[2026-07-06T16:46:31.568+0000] {processor.py:183} INFO - Processing /home/airflow/.local/lib/python3.8/site-packages/airflow/example_dags/example_time_delta_sensor_async.py took 0.125 seconds
[2026-07-06T16:47:02.117+0000] {processor.py:161} INFO - Started process (PID=3035) to work on /home/airflow/.local/lib/python3.8/site-packages/airflow/example_dags/example_time_delta_sensor_async.py
[2026-07-06T16:47:02.120+0000] {processor.py:830} INFO - Processing file /home/airflow/.local/lib/python3.8/site-packages/airflow/example_dags/example_time_delta_sensor_async.py for tasks to queue
[2026-07-06T16:47:02.125+0000] {logging_mixin.py:188} INFO - [2026-07-06T16:47:02.124+0000] {dagbag.py:538} INFO - Filling up the DagBag from /home/airflow/.local/lib/python3.8/site-packages/airflow/example_dags/example_time_delta_sensor_async.py
[2026-07-06T16:47:02.136+0000] {processor.py:840} INFO - DAG(s) 'example_time_delta_sensor_async' retrieved from /home/airflow/.local/lib/python3.8/site-packages/airflow/example_dags/example_time_delta_sensor_async.py
[2026-07-06T16:47:02.183+0000] {logging_mixin.py:188} INFO - [2026-07-06T16:47:02.183+0000] {dag.py:3036} INFO - Sync 1 DAGs
[2026-07-06T16:47:02.207+0000] {logging_mixin.py:188} INFO - [2026-07-06T16:47:02.207+0000] {dag.py:3823} INFO - Setting next_dagrun for example_time_delta_sensor_async to None, run_after=None
[2026-07-06T16:47:02.244+0000] {processor.py:183} INFO - Processing /home/airflow/.local/lib/python3.8/site-packages/airflow/example_dags/example_time_delta_sensor_async.py took 0.137 seconds
[2026-07-06T16:47:32.418+0000] {processor.py:161} INFO - Started process (PID=3101) to work on /home/airflow/.local/lib/python3.8/site-packages/airflow/example_dags/example_time_delta_sensor_async.py
[2026-07-06T16:47:32.420+0000] {processor.py:830} INFO - Processing file /home/airflow/.local/lib/python3.8/site-packages/airflow/example_dags/example_time_delta_sensor_async.py for tasks to queue
[2026-07-06T16:47:32.424+0000] {logging_mixin.py:188} INFO - [2026-07-06T16:47:32.423+0000] {dagbag.py:538} INFO - Filling up the DagBag from /home/airflow/.local/lib/python3.8/site-packages/airflow/example_dags/example_time_delta_sensor_async.py
[2026-07-06T16:47:32.435+0000] {processor.py:840} INFO - DAG(s) 'example_time_delta_sensor_async' retrieved from /home/airflow/.local/lib/python3.8/site-packages/airflow/example_dags/example_time_delta_sensor_async.py
[2026-07-06T16:47:32.482+0000] {logging_mixin.py:188} INFO - [2026-07-06T16:47:32.481+0000] {dag.py:3036} INFO - Sync 1 DAGs
[2026-07-06T16:47:32.506+0000] {logging_mixin.py:188} INFO - [2026-07-06T16:47:32.506+0000] {dag.py:3823} INFO - Setting next_dagrun for example_time_delta_sensor_async to None, run_after=None
[2026-07-06T16:47:32.547+0000] {processor.py:183} INFO - Processing /home/airflow/.local/lib/python3.8/site-packages/airflow/example_dags/example_time_delta_sensor_async.py took 0.136 seconds
[2026-07-06T16:48:03.584+0000] {processor.py:161} INFO - Started process (PID=3167) to work on /home/airflow/.local/lib/python3.8/site-packages/airflow/example_dags/example_time_delta_sensor_async.py
[2026-07-06T16:48:03.587+0000] {processor.py:830} INFO - Processing file /home/airflow/.local/lib/python3.8/site-packages/airflow/example_dags/example_time_delta_sensor_async.py for tasks to queue
[2026-07-06T16:48:03.592+0000] {logging_mixin.py:188} INFO - [2026-07-06T16:48:03.591+0000] {dagbag.py:538} INFO - Filling up the DagBag from /home/airflow/.local/lib/python3.8/site-packages/airflow/example_dags/example_time_delta_sensor_async.py
[2026-07-06T16:48:03.614+0000] {processor.py:840} INFO - DAG(s) 'example_time_delta_sensor_async' retrieved from /home/airflow/.local/lib/python3.8/site-packages/airflow/example_dags/example_time_delta_sensor_async.py
[2026-07-06T16:48:03.703+0000] {logging_mixin.py:188} INFO - [2026-07-06T16:48:03.702+0000] {dag.py:3036} INFO - Sync 1 DAGs
[2026-07-06T16:48:03.744+0000] {logging_mixin.py:188} INFO - [2026-07-06T16:48:03.743+0000] {dag.py:3823} INFO - Setting next_dagrun for example_time_delta_sensor_async to None, run_after=None
[2026-07-06T16:48:03.805+0000] {processor.py:183} INFO - Processing /home/airflow/.local/lib/python3.8/site-packages/airflow/example_dags/example_time_delta_sensor_async.py took 0.233 seconds
[2026-07-06T16:48:35.256+0000] {processor.py:161} INFO - Started process (PID=3231) to work on /home/airflow/.local/lib/python3.8/site-packages/airflow/example_dags/example_time_delta_sensor_async.py
[2026-07-06T16:48:35.259+0000] {processor.py:830} INFO - Processing file /home/airflow/.local/lib/python3.8/site-packages/airflow/example_dags/example_time_delta_sensor_async.py for tasks to queue
[2026-07-06T16:48:35.264+0000] {logging_mixin.py:188} INFO - [2026-07-06T16:48:35.263+0000] {dagbag.py:538} INFO - Filling up the DagBag from /home/airflow/.local/lib/python3.8/site-packages/airflow/example_dags/example_time_delta_sensor_async.py
[2026-07-06T16:48:35.276+0000] {processor.py:840} INFO - DAG(s) 'example_time_delta_sensor_async' retrieved from /home/airflow/.local/lib/python3.8/site-packages/airflow/example_dags/example_time_delta_sensor_async.py
[2026-07-06T16:48:35.338+0000] {logging_mixin.py:188} INFO - [2026-07-06T16:48:35.337+0000] {dag.py:3036} INFO - Sync 1 DAGs
[2026-07-06T16:48:35.687+0000] {logging_mixin.py:188} INFO - [2026-07-06T16:48:35.687+0000] {dag.py:3823} INFO - Setting next_dagrun for example_time_delta_sensor_async to None, run_after=None
[2026-07-06T16:48:35.726+0000] {processor.py:183} INFO - Processing /home/airflow/.local/lib/python3.8/site-packages/airflow/example_dags/example_time_delta_sensor_async.py took 0.483 seconds
[2026-07-06T16:49:06.669+0000] {processor.py:161} INFO - Started process (PID=3297) to work on /home/airflow/.local/lib/python3.8/site-packages/airflow/example_dags/example_time_delta_sensor_async.py
[2026-07-06T16:49:06.672+0000] {processor.py:830} INFO - Processing file /home/airflow/.local/lib/python3.8/site-packages/airflow/example_dags/example_time_delta_sensor_async.py for tasks to queue
[2026-07-06T16:49:06.678+0000] {logging_mixin.py:188} INFO - [2026-07-06T16:49:06.677+0000] {dagbag.py:538} INFO - Filling up the DagBag from /home/airflow/.local/lib/python3.8/site-packages/airflow/example_dags/example_time_delta_sensor_async.py
[2026-07-06T16:49:06.695+0000] {processor.py:840} INFO - DAG(s) 'example_time_delta_sensor_async' retrieved from /home/airflow/.local/lib/python3.8/site-packages/airflow/example_dags/example_time_delta_sensor_async.py
[2026-07-06T16:49:06.761+0000] {logging_mixin.py:188} INFO - [2026-07-06T16:49:06.760+0000] {dag.py:3036} INFO - Sync 1 DAGs
[2026-07-06T16:49:06.800+0000] {logging_mixin.py:188} INFO - [2026-07-06T16:49:06.799+0000] {dag.py:3823} INFO - Setting next_dagrun for example_time_delta_sensor_async to None, run_after=None
[2026-07-06T16:49:06.843+0000] {processor.py:183} INFO - Processing /home/airflow/.local/lib/python3.8/site-packages/airflow/example_dags/example_time_delta_sensor_async.py took 0.184 seconds
[2026-07-06T16:49:37.796+0000] {processor.py:161} INFO - Started process (PID=3363) to work on /home/airflow/.local/lib/python3.8/site-packages/airflow/example_dags/example_time_delta_sensor_async.py
[2026-07-06T16:49:37.802+0000] {processor.py:830} INFO - Processing file /home/airflow/.local/lib/python3.8/site-packages/airflow/example_dags/example_time_delta_sensor_async.py for tasks to queue
[2026-07-06T16:49:37.810+0000] {logging_mixin.py:188} INFO - [2026-07-06T16:49:37.809+0000] {dagbag.py:538} INFO - Filling up the DagBag from /home/airflow/.local/lib/python3.8/site-packages/airflow/example_dags/example_time_delta_sensor_async.py
[2026-07-06T16:49:37.831+0000] {processor.py:840} INFO - DAG(s) 'example_time_delta_sensor_async' retrieved from /home/airflow/.local/lib/python3.8/site-packages/airflow/example_dags/example_time_delta_sensor_async.py
[2026-07-06T16:49:37.915+0000] {logging_mixin.py:188} INFO - [2026-07-06T16:49:37.915+0000] {dag.py:3036} INFO - Sync 1 DAGs
[2026-07-06T16:49:37.963+0000] {logging_mixin.py:188} INFO - [2026-07-06T16:49:37.962+0000] {dag.py:3823} INFO - Setting next_dagrun for example_time_delta_sensor_async to None, run_after=None
[2026-07-06T16:49:38.020+0000] {processor.py:183} INFO - Processing /home/airflow/.local/lib/python3.8/site-packages/airflow/example_dags/example_time_delta_sensor_async.py took 0.254 seconds
[2026-07-06T16:50:08.363+0000] {processor.py:161} INFO - Started process (PID=3428) to work on /home/airflow/.local/lib/python3.8/site-packages/airflow/example_dags/example_time_delta_sensor_async.py
[2026-07-06T16:50:08.367+0000] {processor.py:830} INFO - Processing file /home/airflow/.local/lib/python3.8/site-packages/airflow/example_dags/example_time_delta_sensor_async.py for tasks to queue
[2026-07-06T16:50:08.372+0000] {logging_mixin.py:188} INFO - [2026-07-06T16:50:08.371+0000] {dagbag.py:538} INFO - Filling up the DagBag from /home/airflow/.local/lib/python3.8/site-packages/airflow/example_dags/example_time_delta_sensor_async.py
[2026-07-06T16:50:08.385+0000] {processor.py:840} INFO - DAG(s) 'example_time_delta_sensor_async' retrieved from /home/airflow/.local/lib/python3.8/site-packages/airflow/example_dags/example_time_delta_sensor_async.py
[2026-07-06T16:50:08.440+0000] {logging_mixin.py:188} INFO - [2026-07-06T16:50:08.440+0000] {dag.py:3036} INFO - Sync 1 DAGs
[2026-07-06T16:50:08.470+0000] {logging_mixin.py:188} INFO - [2026-07-06T16:50:08.470+0000] {dag.py:3823} INFO - Setting next_dagrun for example_time_delta_sensor_async to None, run_after=None
[2026-07-06T16:50:08.517+0000] {processor.py:183} INFO - Processing /home/airflow/.local/lib/python3.8/site-packages/airflow/example_dags/example_time_delta_sensor_async.py took 0.163 seconds
[2026-07-06T16:50:40.267+0000] {processor.py:161} INFO - Started process (PID=3496) to work on /home/airflow/.local/lib/python3.8/site-packages/airflow/example_dags/example_time_delta_sensor_async.py
[2026-07-06T16:50:40.272+0000] {processor.py:830} INFO - Processing file /home/airflow/.local/lib/python3.8/site-packages/airflow/example_dags/example_time_delta_sensor_async.py for tasks to queue
[2026-07-06T16:50:40.278+0000] {logging_mixin.py:188} INFO - [2026-07-06T16:50:40.277+0000] {dagbag.py:538} INFO - Filling up the DagBag from /home/airflow/.local/lib/python3.8/site-packages/airflow/example_dags/example_time_delta_sensor_async.py
[2026-07-06T16:50:40.291+0000] {processor.py:840} INFO - DAG(s) 'example_time_delta_sensor_async' retrieved from /home/airflow/.local/lib/python3.8/site-packages/airflow/example_dags/example_time_delta_sensor_async.py
[2026-07-06T16:50:40.354+0000] {logging_mixin.py:188} INFO - [2026-07-06T16:50:40.353+0000] {dag.py:3036} INFO - Sync 1 DAGs
[2026-07-06T16:50:40.950+0000] {logging_mixin.py:188} INFO - [2026-07-06T16:50:40.949+0000] {dag.py:3823} INFO - Setting next_dagrun for example_time_delta_sensor_async to None, run_after=None
[2026-07-06T16:50:41.029+0000] {processor.py:183} INFO - Processing /home/airflow/.local/lib/python3.8/site-packages/airflow/example_dags/example_time_delta_sensor_async.py took 0.772 seconds
[2026-07-06T16:51:12.342+0000] {processor.py:161} INFO - Started process (PID=3564) to work on /home/airflow/.local/lib/python3.8/site-packages/airflow/example_dags/example_time_delta_sensor_async.py
[2026-07-06T16:51:12.345+0000] {processor.py:830} INFO - Processing file /home/airflow/.local/lib/python3.8/site-packages/airflow/example_dags/example_time_delta_sensor_async.py for tasks to queue
[2026-07-06T16:51:12.350+0000] {logging_mixin.py:188} INFO - [2026-07-06T16:51:12.349+0000] {dagbag.py:538} INFO - Filling up the DagBag from /home/airflow/.local/lib/python3.8/site-packages/airflow/example_dags/example_time_delta_sensor_async.py
[2026-07-06T16:51:12.363+0000] {processor.py:840} INFO - DAG(s) 'example_time_delta_sensor_async' retrieved from /home/airflow/.local/lib/python3.8/site-packages/airflow/example_dags/example_time_delta_sensor_async.py
[2026-07-06T16:51:12.421+0000] {logging_mixin.py:188} INFO - [2026-07-06T16:51:12.420+0000] {dag.py:3036} INFO - Sync 1 DAGs
[2026-07-06T16:51:12.455+0000] {logging_mixin.py:188} INFO - [2026-07-06T16:51:12.455+0000] {dag.py:3823} INFO - Setting next_dagrun for example_time_delta_sensor_async to None, run_after=None
[2026-07-06T16:51:12.511+0000] {processor.py:183} INFO - Processing /home/airflow/.local/lib/python3.8/site-packages/airflow/example_dags/example_time_delta_sensor_async.py took 0.180 seconds
[2026-07-06T16:51:42.589+0000] {processor.py:161} INFO - Started process (PID=3629) to work on /home/airflow/.local/lib/python3.8/site-packages/airflow/example_dags/example_time_delta_sensor_async.py
[2026-07-06T16:51:42.591+0000] {processor.py:830} INFO - Processing file /home/airflow/.local/lib/python3.8/site-packages/airflow/example_dags/example_time_delta_sensor_async.py for tasks to queue
[2026-07-06T16:51:42.595+0000] {logging_mixin.py:188} INFO - [2026-07-06T16:51:42.595+0000] {dagbag.py:538} INFO - Filling up the DagBag from /home/airflow/.local/lib/python3.8/site-packages/airflow/example_dags/example_time_delta_sensor_async.py
[2026-07-06T16:51:42.610+0000] {processor.py:840} INFO - DAG(s) 'example_time_delta_sensor_async' retrieved from /home/airflow/.local/lib/python3.8/site-packages/airflow/example_dags/example_time_delta_sensor_async.py
[2026-07-06T16:51:42.660+0000] {logging_mixin.py:188} INFO - [2026-07-06T16:51:42.660+0000] {dag.py:3036} INFO - Sync 1 DAGs
[2026-07-06T16:51:42.691+0000] {logging_mixin.py:188} INFO - [2026-07-06T16:51:42.690+0000] {dag.py:3823} INFO - Setting next_dagrun for example_time_delta_sensor_async to None, run_after=None
[2026-07-06T16:51:42.734+0000] {processor.py:183} INFO - Processing /home/airflow/.local/lib/python3.8/site-packages/airflow/example_dags/example_time_delta_sensor_async.py took 0.154 seconds
[2026-07-06T16:52:12.900+0000] {processor.py:161} INFO - Started process (PID=3694) to work on /home/airflow/.local/lib/python3.8/site-packages/airflow/example_dags/example_time_delta_sensor_async.py
[2026-07-06T16:52:12.903+0000] {processor.py:830} INFO - Processing file /home/airflow/.local/lib/python3.8/site-packages/airflow/example_dags/example_time_delta_sensor_async.py for tasks to queue
[2026-07-06T16:52:12.908+0000] {logging_mixin.py:188} INFO - [2026-07-06T16:52:12.907+0000] {dagbag.py:538} INFO - Filling up the DagBag from /home/airflow/.local/lib/python3.8/site-packages/airflow/example_dags/example_time_delta_sensor_async.py
[2026-07-06T16:52:12.922+0000] {processor.py:840} INFO - DAG(s) 'example_time_delta_sensor_async' retrieved from /home/airflow/.local/lib/python3.8/site-packages/airflow/example_dags/example_time_delta_sensor_async.py
[2026-07-06T16:52:12.974+0000] {logging_mixin.py:188} INFO - [2026-07-06T16:52:12.973+0000] {dag.py:3036} INFO - Sync 1 DAGs
[2026-07-06T16:52:13.001+0000] {logging_mixin.py:188} INFO - [2026-07-06T16:52:13.001+0000] {dag.py:3823} INFO - Setting next_dagrun for example_time_delta_sensor_async to None, run_after=None
[2026-07-06T16:52:13.054+0000] {processor.py:183} INFO - Processing /home/airflow/.local/lib/python3.8/site-packages/airflow/example_dags/example_time_delta_sensor_async.py took 0.164 seconds
[2026-07-06T16:52:43.540+0000] {processor.py:161} INFO - Started process (PID=3753) to work on /home/airflow/.local/lib/python3.8/site-packages/airflow/example_dags/example_time_delta_sensor_async.py
[2026-07-06T16:52:43.542+0000] {processor.py:830} INFO - Processing file /home/airflow/.local/lib/python3.8/site-packages/airflow/example_dags/example_time_delta_sensor_async.py for tasks to queue
[2026-07-06T16:52:43.547+0000] {logging_mixin.py:188} INFO - [2026-07-06T16:52:43.546+0000] {dagbag.py:538} INFO - Filling up the DagBag from /home/airflow/.local/lib/python3.8/site-packages/airflow/example_dags/example_time_delta_sensor_async.py
[2026-07-06T16:52:43.560+0000] {processor.py:840} INFO - DAG(s) 'example_time_delta_sensor_async' retrieved from /home/airflow/.local/lib/python3.8/site-packages/airflow/example_dags/example_time_delta_sensor_async.py
[2026-07-06T16:52:43.608+0000] {logging_mixin.py:188} INFO - [2026-07-06T16:52:43.608+0000] {dag.py:3036} INFO - Sync 1 DAGs
[2026-07-06T16:52:43.637+0000] {logging_mixin.py:188} INFO - [2026-07-06T16:52:43.636+0000] {dag.py:3823} INFO - Setting next_dagrun for example_time_delta_sensor_async to None, run_after=None
[2026-07-06T16:52:43.683+0000] {processor.py:183} INFO - Processing /home/airflow/.local/lib/python3.8/site-packages/airflow/example_dags/example_time_delta_sensor_async.py took 0.152 seconds
[2026-07-06T16:53:14.780+0000] {processor.py:161} INFO - Started process (PID=3821) to work on /home/airflow/.local/lib/python3.8/site-packages/airflow/example_dags/example_time_delta_sensor_async.py
[2026-07-06T16:53:14.782+0000] {processor.py:830} INFO - Processing file /home/airflow/.local/lib/python3.8/site-packages/airflow/example_dags/example_time_delta_sensor_async.py for tasks to queue
[2026-07-06T16:53:14.787+0000] {logging_mixin.py:188} INFO - [2026-07-06T16:53:14.786+0000] {dagbag.py:538} INFO - Filling up the DagBag from /home/airflow/.local/lib/python3.8/site-packages/airflow/example_dags/example_time_delta_sensor_async.py
[2026-07-06T16:53:14.799+0000] {processor.py:840} INFO - DAG(s) 'example_time_delta_sensor_async' retrieved from /home/airflow/.local/lib/python3.8/site-packages/airflow/example_dags/example_time_delta_sensor_async.py
[2026-07-06T16:53:14.852+0000] {logging_mixin.py:188} INFO - [2026-07-06T16:53:14.852+0000] {dag.py:3036} INFO - Sync 1 DAGs
[2026-07-06T16:53:14.910+0000] {logging_mixin.py:188} INFO - [2026-07-06T16:53:14.909+0000] {dag.py:3823} INFO - Setting next_dagrun for example_time_delta_sensor_async to None, run_after=None
[2026-07-06T16:53:14.966+0000] {processor.py:183} INFO - Processing /home/airflow/.local/lib/python3.8/site-packages/airflow/example_dags/example_time_delta_sensor_async.py took 0.194 seconds
[2026-07-06T16:53:46.148+0000] {processor.py:161} INFO - Started process (PID=3888) to work on /home/airflow/.local/lib/python3.8/site-packages/airflow/example_dags/example_time_delta_sensor_async.py
[2026-07-06T16:53:46.150+0000] {processor.py:830} INFO - Processing file /home/airflow/.local/lib/python3.8/site-packages/airflow/example_dags/example_time_delta_sensor_async.py for tasks to queue
[2026-07-06T16:53:46.156+0000] {logging_mixin.py:188} INFO - [2026-07-06T16:53:46.155+0000] {dagbag.py:538} INFO - Filling up the DagBag from /home/airflow/.local/lib/python3.8/site-packages/airflow/example_dags/example_time_delta_sensor_async.py
[2026-07-06T16:53:46.169+0000] {processor.py:840} INFO - DAG(s) 'example_time_delta_sensor_async' retrieved from /home/airflow/.local/lib/python3.8/site-packages/airflow/example_dags/example_time_delta_sensor_async.py
[2026-07-06T16:53:46.221+0000] {logging_mixin.py:188} INFO - [2026-07-06T16:53:46.220+0000] {dag.py:3036} INFO - Sync 1 DAGs
[2026-07-06T16:53:46.250+0000] {logging_mixin.py:188} INFO - [2026-07-06T16:53:46.250+0000] {dag.py:3823} INFO - Setting next_dagrun for example_time_delta_sensor_async to None, run_after=None
[2026-07-06T16:53:46.291+0000] {processor.py:183} INFO - Processing /home/airflow/.local/lib/python3.8/site-packages/airflow/example_dags/example_time_delta_sensor_async.py took 0.152 seconds
[2026-07-06T16:54:17.727+0000] {processor.py:161} INFO - Started process (PID=3955) to work on /home/airflow/.local/lib/python3.8/site-packages/airflow/example_dags/example_time_delta_sensor_async.py
[2026-07-06T16:54:17.730+0000] {processor.py:830} INFO - Processing file /home/airflow/.local/lib/python3.8/site-packages/airflow/example_dags/example_time_delta_sensor_async.py for tasks to queue
[2026-07-06T16:54:17.734+0000] {logging_mixin.py:188} INFO - [2026-07-06T16:54:17.733+0000] {dagbag.py:538} INFO - Filling up the DagBag from /home/airflow/.local/lib/python3.8/site-packages/airflow/example_dags/example_time_delta_sensor_async.py
[2026-07-06T16:54:17.744+0000] {processor.py:840} INFO - DAG(s) 'example_time_delta_sensor_async' retrieved from /home/airflow/.local/lib/python3.8/site-packages/airflow/example_dags/example_time_delta_sensor_async.py
[2026-07-06T16:54:17.790+0000] {logging_mixin.py:188} INFO - [2026-07-06T16:54:17.790+0000] {dag.py:3036} INFO - Sync 1 DAGs
[2026-07-06T16:54:17.816+0000] {logging_mixin.py:188} INFO - [2026-07-06T16:54:17.816+0000] {dag.py:3823} INFO - Setting next_dagrun for example_time_delta_sensor_async to None, run_after=None
[2026-07-06T16:54:17.855+0000] {processor.py:183} INFO - Processing /home/airflow/.local/lib/python3.8/site-packages/airflow/example_dags/example_time_delta_sensor_async.py took 0.141 seconds
[2026-07-06T16:54:48.760+0000] {processor.py:161} INFO - Started process (PID=4020) to work on /home/airflow/.local/lib/python3.8/site-packages/airflow/example_dags/example_time_delta_sensor_async.py
[2026-07-06T16:54:48.762+0000] {processor.py:830} INFO - Processing file /home/airflow/.local/lib/python3.8/site-packages/airflow/example_dags/example_time_delta_sensor_async.py for tasks to queue
[2026-07-06T16:54:48.766+0000] {logging_mixin.py:188} INFO - [2026-07-06T16:54:48.766+0000] {dagbag.py:538} INFO - Filling up the DagBag from /home/airflow/.local/lib/python3.8/site-packages/airflow/example_dags/example_time_delta_sensor_async.py
[2026-07-06T16:54:48.777+0000] {processor.py:840} INFO - DAG(s) 'example_time_delta_sensor_async' retrieved from /home/airflow/.local/lib/python3.8/site-packages/airflow/example_dags/example_time_delta_sensor_async.py
[2026-07-06T16:54:48.842+0000] {logging_mixin.py:188} INFO - [2026-07-06T16:54:48.841+0000] {dag.py:3036} INFO - Sync 1 DAGs
[2026-07-06T16:54:48.868+0000] {logging_mixin.py:188} INFO - [2026-07-06T16:54:48.867+0000] {dag.py:3823} INFO - Setting next_dagrun for example_time_delta_sensor_async to None, run_after=None
[2026-07-06T16:54:48.914+0000] {processor.py:183} INFO - Processing /home/airflow/.local/lib/python3.8/site-packages/airflow/example_dags/example_time_delta_sensor_async.py took 0.164 seconds
[2026-07-06T16:55:19.367+0000] {processor.py:161} INFO - Started process (PID=4085) to work on /home/airflow/.local/lib/python3.8/site-packages/airflow/example_dags/example_time_delta_sensor_async.py
[2026-07-06T16:55:19.369+0000] {processor.py:830} INFO - Processing file /home/airflow/.local/lib/python3.8/site-packages/airflow/example_dags/example_time_delta_sensor_async.py for tasks to queue
[2026-07-06T16:55:19.374+0000] {logging_mixin.py:188} INFO - [2026-07-06T16:55:19.373+0000] {dagbag.py:538} INFO - Filling up the DagBag from /home/airflow/.local/lib/python3.8/site-packages/airflow/example_dags/example_time_delta_sensor_async.py
[2026-07-06T16:55:19.387+0000] {processor.py:840} INFO - DAG(s) 'example_time_delta_sensor_async' retrieved from /home/airflow/.local/lib/python3.8/site-packages/airflow/example_dags/example_time_delta_sensor_async.py
[2026-07-06T16:55:19.435+0000] {logging_mixin.py:188} INFO - [2026-07-06T16:55:19.435+0000] {dag.py:3036} INFO - Sync 1 DAGs
[2026-07-06T16:55:19.464+0000] {logging_mixin.py:188} INFO - [2026-07-06T16:55:19.464+0000] {dag.py:3823} INFO - Setting next_dagrun for example_time_delta_sensor_async to None, run_after=None
[2026-07-06T16:55:19.508+0000] {processor.py:183} INFO - Processing /home/airflow/.local/lib/python3.8/site-packages/airflow/example_dags/example_time_delta_sensor_async.py took 0.151 seconds
