[2026-07-06T16:22:24.286+0000] {processor.py:161} INFO - Started process (PID=200) to work on /home/airflow/.local/lib/python3.8/site-packages/airflow/example_dags/example_task_group.py
[2026-07-06T16:22:24.289+0000] {processor.py:830} INFO - Processing file /home/airflow/.local/lib/python3.8/site-packages/airflow/example_dags/example_task_group.py for tasks to queue
[2026-07-06T16:22:24.312+0000] {logging_mixin.py:188} INFO - [2026-07-06T16:22:24.311+0000] {dagbag.py:538} INFO - Filling up the DagBag from /home/airflow/.local/lib/python3.8/site-packages/airflow/example_dags/example_task_group.py
[2026-07-06T16:22:24.425+0000] {processor.py:840} INFO - DAG(s) 'example_task_group' retrieved from /home/airflow/.local/lib/python3.8/site-packages/airflow/example_dags/example_task_group.py
[2026-07-06T16:22:25.630+0000] {logging_mixin.py:188} INFO - [2026-07-06T16:22:25.594+0000] {override.py:1769} INFO - Created Permission View: can read on DAG:example_task_group
[2026-07-06T16:22:25.785+0000] {logging_mixin.py:188} INFO - [2026-07-06T16:22:25.784+0000] {override.py:1769} INFO - Created Permission View: can delete on DAG:example_task_group
[2026-07-06T16:22:25.846+0000] {logging_mixin.py:188} INFO - [2026-07-06T16:22:25.841+0000] {override.py:1769} INFO - Created Permission View: can edit on DAG:example_task_group
[2026-07-06T16:22:25.847+0000] {logging_mixin.py:188} INFO - [2026-07-06T16:22:25.847+0000] {dag.py:3036} INFO - Sync 1 DAGs
[2026-07-06T16:22:25.942+0000] {logging_mixin.py:188} INFO - [2026-07-06T16:22:25.942+0000] {dag.py:3058} INFO - Creating ORM DAG for example_task_group
[2026-07-06T16:22:26.122+0000] {logging_mixin.py:188} INFO - [2026-07-06T16:22:26.113+0000] {dag.py:3823} INFO - Setting next_dagrun for example_task_group to 2026-07-05 00:00:00+00:00, run_after=2026-07-06 00:00:00+00:00
[2026-07-06T16:22:26.415+0000] {processor.py:183} INFO - Processing /home/airflow/.local/lib/python3.8/site-packages/airflow/example_dags/example_task_group.py took 2.171 seconds
[2026-07-06T16:24:41.025+0000] {processor.py:161} INFO - Started process (PID=306) to work on /home/airflow/.local/lib/python3.8/site-packages/airflow/example_dags/example_task_group.py
[2026-07-06T16:24:41.037+0000] {processor.py:830} INFO - Processing file /home/airflow/.local/lib/python3.8/site-packages/airflow/example_dags/example_task_group.py for tasks to queue
[2026-07-06T16:24:41.065+0000] {logging_mixin.py:188} INFO - [2026-07-06T16:24:41.064+0000] {dagbag.py:538} INFO - Filling up the DagBag from /home/airflow/.local/lib/python3.8/site-packages/airflow/example_dags/example_task_group.py
[2026-07-06T16:24:41.337+0000] {processor.py:840} INFO - DAG(s) 'example_task_group' retrieved from /home/airflow/.local/lib/python3.8/site-packages/airflow/example_dags/example_task_group.py
[2026-07-06T16:24:41.723+0000] {logging_mixin.py:188} INFO - [2026-07-06T16:24:41.722+0000] {dag.py:3036} INFO - Sync 1 DAGs
[2026-07-06T16:24:41.899+0000] {logging_mixin.py:188} INFO - [2026-07-06T16:24:41.899+0000] {dag.py:3823} INFO - Setting next_dagrun for example_task_group to 2026-07-05 00:00:00+00:00, run_after=2026-07-06 00:00:00+00:00
[2026-07-06T16:24:42.000+0000] {processor.py:183} INFO - Processing /home/airflow/.local/lib/python3.8/site-packages/airflow/example_dags/example_task_group.py took 1.013 seconds
[2026-07-06T16:25:12.748+0000] {processor.py:161} INFO - Started process (PID=363) to work on /home/airflow/.local/lib/python3.8/site-packages/airflow/example_dags/example_task_group.py
[2026-07-06T16:25:12.755+0000] {processor.py:830} INFO - Processing file /home/airflow/.local/lib/python3.8/site-packages/airflow/example_dags/example_task_group.py for tasks to queue
[2026-07-06T16:25:12.761+0000] {logging_mixin.py:188} INFO - [2026-07-06T16:25:12.760+0000] {dagbag.py:538} INFO - Filling up the DagBag from /home/airflow/.local/lib/python3.8/site-packages/airflow/example_dags/example_task_group.py
[2026-07-06T16:25:12.788+0000] {processor.py:840} INFO - DAG(s) 'example_task_group' retrieved from /home/airflow/.local/lib/python3.8/site-packages/airflow/example_dags/example_task_group.py
[2026-07-06T16:25:12.874+0000] {logging_mixin.py:188} INFO - [2026-07-06T16:25:12.873+0000] {dag.py:3036} INFO - Sync 1 DAGs
[2026-07-06T16:25:12.966+0000] {logging_mixin.py:188} INFO - [2026-07-06T16:25:12.966+0000] {dag.py:3823} INFO - Setting next_dagrun for example_task_group to 2026-07-05 00:00:00+00:00, run_after=2026-07-06 00:00:00+00:00
[2026-07-06T16:25:13.091+0000] {processor.py:183} INFO - Processing /home/airflow/.local/lib/python3.8/site-packages/airflow/example_dags/example_task_group.py took 0.354 seconds
[2026-07-06T16:25:43.841+0000] {processor.py:161} INFO - Started process (PID=428) to work on /home/airflow/.local/lib/python3.8/site-packages/airflow/example_dags/example_task_group.py
[2026-07-06T16:25:43.859+0000] {processor.py:830} INFO - Processing file /home/airflow/.local/lib/python3.8/site-packages/airflow/example_dags/example_task_group.py for tasks to queue
[2026-07-06T16:25:43.906+0000] {logging_mixin.py:188} INFO - [2026-07-06T16:25:43.883+0000] {dagbag.py:538} INFO - Filling up the DagBag from /home/airflow/.local/lib/python3.8/site-packages/airflow/example_dags/example_task_group.py
[2026-07-06T16:25:44.024+0000] {processor.py:840} INFO - DAG(s) 'example_task_group' retrieved from /home/airflow/.local/lib/python3.8/site-packages/airflow/example_dags/example_task_group.py
[2026-07-06T16:25:44.091+0000] {logging_mixin.py:188} INFO - [2026-07-06T16:25:44.089+0000] {dag.py:3036} INFO - Sync 1 DAGs
[2026-07-06T16:25:44.163+0000] {logging_mixin.py:188} INFO - [2026-07-06T16:25:44.163+0000] {dag.py:3823} INFO - Setting next_dagrun for example_task_group to 2026-07-05 00:00:00+00:00, run_after=2026-07-06 00:00:00+00:00
[2026-07-06T16:25:44.328+0000] {processor.py:183} INFO - Processing /home/airflow/.local/lib/python3.8/site-packages/airflow/example_dags/example_task_group.py took 0.532 seconds
[2026-07-06T16:26:15.180+0000] {processor.py:161} INFO - Started process (PID=493) to work on /home/airflow/.local/lib/python3.8/site-packages/airflow/example_dags/example_task_group.py
[2026-07-06T16:26:15.188+0000] {processor.py:830} INFO - Processing file /home/airflow/.local/lib/python3.8/site-packages/airflow/example_dags/example_task_group.py for tasks to queue
[2026-07-06T16:26:15.195+0000] {logging_mixin.py:188} INFO - [2026-07-06T16:26:15.194+0000] {dagbag.py:538} INFO - Filling up the DagBag from /home/airflow/.local/lib/python3.8/site-packages/airflow/example_dags/example_task_group.py
[2026-07-06T16:26:15.234+0000] {processor.py:840} INFO - DAG(s) 'example_task_group' retrieved from /home/airflow/.local/lib/python3.8/site-packages/airflow/example_dags/example_task_group.py
[2026-07-06T16:26:15.328+0000] {logging_mixin.py:188} INFO - [2026-07-06T16:26:15.327+0000] {dag.py:3036} INFO - Sync 1 DAGs
[2026-07-06T16:26:15.433+0000] {logging_mixin.py:188} INFO - [2026-07-06T16:26:15.432+0000] {dag.py:3823} INFO - Setting next_dagrun for example_task_group to 2026-07-05 00:00:00+00:00, run_after=2026-07-06 00:00:00+00:00
[2026-07-06T16:26:15.497+0000] {processor.py:183} INFO - Processing /home/airflow/.local/lib/python3.8/site-packages/airflow/example_dags/example_task_group.py took 0.347 seconds
[2026-07-06T16:26:45.705+0000] {processor.py:161} INFO - Started process (PID=552) to work on /home/airflow/.local/lib/python3.8/site-packages/airflow/example_dags/example_task_group.py
[2026-07-06T16:26:45.718+0000] {processor.py:830} INFO - Processing file /home/airflow/.local/lib/python3.8/site-packages/airflow/example_dags/example_task_group.py for tasks to queue
[2026-07-06T16:26:45.727+0000] {logging_mixin.py:188} INFO - [2026-07-06T16:26:45.726+0000] {dagbag.py:538} INFO - Filling up the DagBag from /home/airflow/.local/lib/python3.8/site-packages/airflow/example_dags/example_task_group.py
[2026-07-06T16:26:45.781+0000] {processor.py:840} INFO - DAG(s) 'example_task_group' retrieved from /home/airflow/.local/lib/python3.8/site-packages/airflow/example_dags/example_task_group.py
[2026-07-06T16:26:45.914+0000] {logging_mixin.py:188} INFO - [2026-07-06T16:26:45.913+0000] {dag.py:3036} INFO - Sync 1 DAGs
[2026-07-06T16:26:46.114+0000] {logging_mixin.py:188} INFO - [2026-07-06T16:26:46.112+0000] {dag.py:3823} INFO - Setting next_dagrun for example_task_group to 2026-07-05 00:00:00+00:00, run_after=2026-07-06 00:00:00+00:00
[2026-07-06T16:26:46.243+0000] {processor.py:183} INFO - Processing /home/airflow/.local/lib/python3.8/site-packages/airflow/example_dags/example_task_group.py took 0.573 seconds
[2026-07-06T16:27:16.797+0000] {processor.py:161} INFO - Started process (PID=618) to work on /home/airflow/.local/lib/python3.8/site-packages/airflow/example_dags/example_task_group.py
[2026-07-06T16:27:16.803+0000] {processor.py:830} INFO - Processing file /home/airflow/.local/lib/python3.8/site-packages/airflow/example_dags/example_task_group.py for tasks to queue
[2026-07-06T16:27:16.807+0000] {logging_mixin.py:188} INFO - [2026-07-06T16:27:16.807+0000] {dagbag.py:538} INFO - Filling up the DagBag from /home/airflow/.local/lib/python3.8/site-packages/airflow/example_dags/example_task_group.py
[2026-07-06T16:27:16.822+0000] {processor.py:840} INFO - DAG(s) 'example_task_group' retrieved from /home/airflow/.local/lib/python3.8/site-packages/airflow/example_dags/example_task_group.py
[2026-07-06T16:27:16.869+0000] {logging_mixin.py:188} INFO - [2026-07-06T16:27:16.869+0000] {dag.py:3036} INFO - Sync 1 DAGs
[2026-07-06T16:27:16.922+0000] {logging_mixin.py:188} INFO - [2026-07-06T16:27:16.922+0000] {dag.py:3823} INFO - Setting next_dagrun for example_task_group to 2026-07-05 00:00:00+00:00, run_after=2026-07-06 00:00:00+00:00
[2026-07-06T16:27:16.961+0000] {processor.py:183} INFO - Processing /home/airflow/.local/lib/python3.8/site-packages/airflow/example_dags/example_task_group.py took 0.171 seconds
[2026-07-06T16:27:47.540+0000] {processor.py:161} INFO - Started process (PID=684) to work on /home/airflow/.local/lib/python3.8/site-packages/airflow/example_dags/example_task_group.py
[2026-07-06T16:27:47.542+0000] {processor.py:830} INFO - Processing file /home/airflow/.local/lib/python3.8/site-packages/airflow/example_dags/example_task_group.py for tasks to queue
[2026-07-06T16:27:47.546+0000] {logging_mixin.py:188} INFO - [2026-07-06T16:27:47.545+0000] {dagbag.py:538} INFO - Filling up the DagBag from /home/airflow/.local/lib/python3.8/site-packages/airflow/example_dags/example_task_group.py
[2026-07-06T16:27:47.566+0000] {processor.py:840} INFO - DAG(s) 'example_task_group' retrieved from /home/airflow/.local/lib/python3.8/site-packages/airflow/example_dags/example_task_group.py
[2026-07-06T16:27:47.618+0000] {logging_mixin.py:188} INFO - [2026-07-06T16:27:47.617+0000] {dag.py:3036} INFO - Sync 1 DAGs
[2026-07-06T16:27:47.675+0000] {logging_mixin.py:188} INFO - [2026-07-06T16:27:47.675+0000] {dag.py:3823} INFO - Setting next_dagrun for example_task_group to 2026-07-05 00:00:00+00:00, run_after=2026-07-06 00:00:00+00:00
[2026-07-06T16:27:47.742+0000] {processor.py:183} INFO - Processing /home/airflow/.local/lib/python3.8/site-packages/airflow/example_dags/example_task_group.py took 0.209 seconds
[2026-07-06T16:28:17.916+0000] {processor.py:161} INFO - Started process (PID=742) to work on /home/airflow/.local/lib/python3.8/site-packages/airflow/example_dags/example_task_group.py
[2026-07-06T16:28:17.921+0000] {processor.py:830} INFO - Processing file /home/airflow/.local/lib/python3.8/site-packages/airflow/example_dags/example_task_group.py for tasks to queue
[2026-07-06T16:28:17.925+0000] {logging_mixin.py:188} INFO - [2026-07-06T16:28:17.925+0000] {dagbag.py:538} INFO - Filling up the DagBag from /home/airflow/.local/lib/python3.8/site-packages/airflow/example_dags/example_task_group.py
[2026-07-06T16:28:17.949+0000] {processor.py:840} INFO - DAG(s) 'example_task_group' retrieved from /home/airflow/.local/lib/python3.8/site-packages/airflow/example_dags/example_task_group.py
[2026-07-06T16:28:18.027+0000] {logging_mixin.py:188} INFO - [2026-07-06T16:28:18.026+0000] {dag.py:3036} INFO - Sync 1 DAGs
[2026-07-06T16:28:18.142+0000] {logging_mixin.py:188} INFO - [2026-07-06T16:28:18.142+0000] {dag.py:3823} INFO - Setting next_dagrun for example_task_group to 2026-07-05 00:00:00+00:00, run_after=2026-07-06 00:00:00+00:00
[2026-07-06T16:28:18.189+0000] {processor.py:183} INFO - Processing /home/airflow/.local/lib/python3.8/site-packages/airflow/example_dags/example_task_group.py took 0.301 seconds
[2026-07-06T16:29:01.043+0000] {processor.py:161} INFO - Started process (PID=816) to work on /home/airflow/.local/lib/python3.8/site-packages/airflow/example_dags/example_task_group.py
[2026-07-06T16:29:01.059+0000] {processor.py:830} INFO - Processing file /home/airflow/.local/lib/python3.8/site-packages/airflow/example_dags/example_task_group.py for tasks to queue
[2026-07-06T16:29:01.075+0000] {logging_mixin.py:188} INFO - [2026-07-06T16:29:01.073+0000] {dagbag.py:538} INFO - Filling up the DagBag from /home/airflow/.local/lib/python3.8/site-packages/airflow/example_dags/example_task_group.py
[2026-07-06T16:29:01.150+0000] {processor.py:840} INFO - DAG(s) 'example_task_group' retrieved from /home/airflow/.local/lib/python3.8/site-packages/airflow/example_dags/example_task_group.py
[2026-07-06T16:29:01.344+0000] {logging_mixin.py:188} INFO - [2026-07-06T16:29:01.344+0000] {dag.py:3036} INFO - Sync 1 DAGs
[2026-07-06T16:29:01.452+0000] {logging_mixin.py:188} INFO - [2026-07-06T16:29:01.451+0000] {dag.py:3823} INFO - Setting next_dagrun for example_task_group to 2026-07-05 00:00:00+00:00, run_after=2026-07-06 00:00:00+00:00
[2026-07-06T16:29:01.571+0000] {processor.py:183} INFO - Processing /home/airflow/.local/lib/python3.8/site-packages/airflow/example_dags/example_task_group.py took 0.538 seconds
[2026-07-06T16:29:32.492+0000] {processor.py:161} INFO - Started process (PID=873) to work on /home/airflow/.local/lib/python3.8/site-packages/airflow/example_dags/example_task_group.py
[2026-07-06T16:29:32.511+0000] {processor.py:830} INFO - Processing file /home/airflow/.local/lib/python3.8/site-packages/airflow/example_dags/example_task_group.py for tasks to queue
[2026-07-06T16:29:32.530+0000] {logging_mixin.py:188} INFO - [2026-07-06T16:29:32.529+0000] {dagbag.py:538} INFO - Filling up the DagBag from /home/airflow/.local/lib/python3.8/site-packages/airflow/example_dags/example_task_group.py
[2026-07-06T16:29:32.610+0000] {processor.py:840} INFO - DAG(s) 'example_task_group' retrieved from /home/airflow/.local/lib/python3.8/site-packages/airflow/example_dags/example_task_group.py
[2026-07-06T16:29:32.830+0000] {logging_mixin.py:188} INFO - [2026-07-06T16:29:32.829+0000] {dag.py:3036} INFO - Sync 1 DAGs
[2026-07-06T16:29:32.995+0000] {logging_mixin.py:188} INFO - [2026-07-06T16:29:32.994+0000] {dag.py:3823} INFO - Setting next_dagrun for example_task_group to 2026-07-05 00:00:00+00:00, run_after=2026-07-06 00:00:00+00:00
[2026-07-06T16:29:33.102+0000] {processor.py:183} INFO - Processing /home/airflow/.local/lib/python3.8/site-packages/airflow/example_dags/example_task_group.py took 0.648 seconds
[2026-07-06T16:30:03.282+0000] {processor.py:161} INFO - Started process (PID=939) to work on /home/airflow/.local/lib/python3.8/site-packages/airflow/example_dags/example_task_group.py
[2026-07-06T16:30:03.285+0000] {processor.py:830} INFO - Processing file /home/airflow/.local/lib/python3.8/site-packages/airflow/example_dags/example_task_group.py for tasks to queue
[2026-07-06T16:30:03.290+0000] {logging_mixin.py:188} INFO - [2026-07-06T16:30:03.289+0000] {dagbag.py:538} INFO - Filling up the DagBag from /home/airflow/.local/lib/python3.8/site-packages/airflow/example_dags/example_task_group.py
[2026-07-06T16:30:03.312+0000] {processor.py:840} INFO - DAG(s) 'example_task_group' retrieved from /home/airflow/.local/lib/python3.8/site-packages/airflow/example_dags/example_task_group.py
[2026-07-06T16:30:03.469+0000] {logging_mixin.py:188} INFO - [2026-07-06T16:30:03.468+0000] {dag.py:3036} INFO - Sync 1 DAGs
[2026-07-06T16:30:03.570+0000] {logging_mixin.py:188} INFO - [2026-07-06T16:30:03.569+0000] {dag.py:3823} INFO - Setting next_dagrun for example_task_group to 2026-07-05 00:00:00+00:00, run_after=2026-07-06 00:00:00+00:00
[2026-07-06T16:30:03.617+0000] {processor.py:183} INFO - Processing /home/airflow/.local/lib/python3.8/site-packages/airflow/example_dags/example_task_group.py took 0.346 seconds
[2026-07-06T16:30:34.469+0000] {processor.py:161} INFO - Started process (PID=1006) to work on /home/airflow/.local/lib/python3.8/site-packages/airflow/example_dags/example_task_group.py
[2026-07-06T16:30:34.472+0000] {processor.py:830} INFO - Processing file /home/airflow/.local/lib/python3.8/site-packages/airflow/example_dags/example_task_group.py for tasks to queue
[2026-07-06T16:30:34.479+0000] {logging_mixin.py:188} INFO - [2026-07-06T16:30:34.478+0000] {dagbag.py:538} INFO - Filling up the DagBag from /home/airflow/.local/lib/python3.8/site-packages/airflow/example_dags/example_task_group.py
[2026-07-06T16:30:34.508+0000] {processor.py:840} INFO - DAG(s) 'example_task_group' retrieved from /home/airflow/.local/lib/python3.8/site-packages/airflow/example_dags/example_task_group.py
[2026-07-06T16:30:34.692+0000] {logging_mixin.py:188} INFO - [2026-07-06T16:30:34.691+0000] {dag.py:3036} INFO - Sync 1 DAGs
[2026-07-06T16:30:34.919+0000] {logging_mixin.py:188} INFO - [2026-07-06T16:30:34.906+0000] {dag.py:3823} INFO - Setting next_dagrun for example_task_group to 2026-07-05 00:00:00+00:00, run_after=2026-07-06 00:00:00+00:00
[2026-07-06T16:30:35.126+0000] {processor.py:183} INFO - Processing /home/airflow/.local/lib/python3.8/site-packages/airflow/example_dags/example_task_group.py took 0.676 seconds
[2026-07-06T16:31:05.291+0000] {processor.py:161} INFO - Started process (PID=1064) to work on /home/airflow/.local/lib/python3.8/site-packages/airflow/example_dags/example_task_group.py
[2026-07-06T16:31:05.307+0000] {processor.py:830} INFO - Processing file /home/airflow/.local/lib/python3.8/site-packages/airflow/example_dags/example_task_group.py for tasks to queue
[2026-07-06T16:31:05.316+0000] {logging_mixin.py:188} INFO - [2026-07-06T16:31:05.314+0000] {dagbag.py:538} INFO - Filling up the DagBag from /home/airflow/.local/lib/python3.8/site-packages/airflow/example_dags/example_task_group.py
[2026-07-06T16:31:05.347+0000] {processor.py:840} INFO - DAG(s) 'example_task_group' retrieved from /home/airflow/.local/lib/python3.8/site-packages/airflow/example_dags/example_task_group.py
[2026-07-06T16:31:05.439+0000] {logging_mixin.py:188} INFO - [2026-07-06T16:31:05.438+0000] {dag.py:3036} INFO - Sync 1 DAGs
[2026-07-06T16:31:05.522+0000] {logging_mixin.py:188} INFO - [2026-07-06T16:31:05.520+0000] {dag.py:3823} INFO - Setting next_dagrun for example_task_group to 2026-07-05 00:00:00+00:00, run_after=2026-07-06 00:00:00+00:00
[2026-07-06T16:31:05.598+0000] {processor.py:183} INFO - Processing /home/airflow/.local/lib/python3.8/site-packages/airflow/example_dags/example_task_group.py took 0.319 seconds
[2026-07-06T16:31:36.064+0000] {processor.py:161} INFO - Started process (PID=1129) to work on /home/airflow/.local/lib/python3.8/site-packages/airflow/example_dags/example_task_group.py
[2026-07-06T16:31:36.080+0000] {processor.py:830} INFO - Processing file /home/airflow/.local/lib/python3.8/site-packages/airflow/example_dags/example_task_group.py for tasks to queue
[2026-07-06T16:31:36.103+0000] {logging_mixin.py:188} INFO - [2026-07-06T16:31:36.102+0000] {dagbag.py:538} INFO - Filling up the DagBag from /home/airflow/.local/lib/python3.8/site-packages/airflow/example_dags/example_task_group.py
[2026-07-06T16:31:36.150+0000] {processor.py:840} INFO - DAG(s) 'example_task_group' retrieved from /home/airflow/.local/lib/python3.8/site-packages/airflow/example_dags/example_task_group.py
[2026-07-06T16:31:36.341+0000] {logging_mixin.py:188} INFO - [2026-07-06T16:31:36.341+0000] {dag.py:3036} INFO - Sync 1 DAGs
[2026-07-06T16:31:36.462+0000] {logging_mixin.py:188} INFO - [2026-07-06T16:31:36.461+0000] {dag.py:3823} INFO - Setting next_dagrun for example_task_group to 2026-07-05 00:00:00+00:00, run_after=2026-07-06 00:00:00+00:00
[2026-07-06T16:31:36.571+0000] {processor.py:183} INFO - Processing /home/airflow/.local/lib/python3.8/site-packages/airflow/example_dags/example_task_group.py took 0.531 seconds
[2026-07-06T16:32:07.353+0000] {processor.py:161} INFO - Started process (PID=1195) to work on /home/airflow/.local/lib/python3.8/site-packages/airflow/example_dags/example_task_group.py
[2026-07-06T16:32:07.376+0000] {processor.py:830} INFO - Processing file /home/airflow/.local/lib/python3.8/site-packages/airflow/example_dags/example_task_group.py for tasks to queue
[2026-07-06T16:32:07.388+0000] {logging_mixin.py:188} INFO - [2026-07-06T16:32:07.387+0000] {dagbag.py:538} INFO - Filling up the DagBag from /home/airflow/.local/lib/python3.8/site-packages/airflow/example_dags/example_task_group.py
[2026-07-06T16:32:07.633+0000] {processor.py:840} INFO - DAG(s) 'example_task_group' retrieved from /home/airflow/.local/lib/python3.8/site-packages/airflow/example_dags/example_task_group.py
[2026-07-06T16:32:07.752+0000] {logging_mixin.py:188} INFO - [2026-07-06T16:32:07.752+0000] {dag.py:3036} INFO - Sync 1 DAGs
[2026-07-06T16:32:08.006+0000] {logging_mixin.py:188} INFO - [2026-07-06T16:32:08.005+0000] {dag.py:3823} INFO - Setting next_dagrun for example_task_group to 2026-07-05 00:00:00+00:00, run_after=2026-07-06 00:00:00+00:00
[2026-07-06T16:32:08.109+0000] {processor.py:183} INFO - Processing /home/airflow/.local/lib/python3.8/site-packages/airflow/example_dags/example_task_group.py took 0.801 seconds
[2026-07-06T16:32:44.619+0000] {processor.py:161} INFO - Started process (PID=1250) to work on /home/airflow/.local/lib/python3.8/site-packages/airflow/example_dags/example_task_group.py
[2026-07-06T16:32:44.623+0000] {processor.py:830} INFO - Processing file /home/airflow/.local/lib/python3.8/site-packages/airflow/example_dags/example_task_group.py for tasks to queue
[2026-07-06T16:32:44.627+0000] {logging_mixin.py:188} INFO - [2026-07-06T16:32:44.626+0000] {dagbag.py:538} INFO - Filling up the DagBag from /home/airflow/.local/lib/python3.8/site-packages/airflow/example_dags/example_task_group.py
[2026-07-06T16:32:44.648+0000] {processor.py:840} INFO - DAG(s) 'example_task_group' retrieved from /home/airflow/.local/lib/python3.8/site-packages/airflow/example_dags/example_task_group.py
[2026-07-06T16:32:44.882+0000] {logging_mixin.py:188} INFO - [2026-07-06T16:32:44.881+0000] {dag.py:3036} INFO - Sync 1 DAGs
[2026-07-06T16:32:45.128+0000] {logging_mixin.py:188} INFO - [2026-07-06T16:32:45.128+0000] {dag.py:3823} INFO - Setting next_dagrun for example_task_group to 2026-07-05 00:00:00+00:00, run_after=2026-07-06 00:00:00+00:00
[2026-07-06T16:32:45.203+0000] {processor.py:183} INFO - Processing /home/airflow/.local/lib/python3.8/site-packages/airflow/example_dags/example_task_group.py took 0.597 seconds
[2026-07-06T16:33:15.869+0000] {processor.py:161} INFO - Started process (PID=1307) to work on /home/airflow/.local/lib/python3.8/site-packages/airflow/example_dags/example_task_group.py
[2026-07-06T16:33:15.872+0000] {processor.py:830} INFO - Processing file /home/airflow/.local/lib/python3.8/site-packages/airflow/example_dags/example_task_group.py for tasks to queue
[2026-07-06T16:33:15.879+0000] {logging_mixin.py:188} INFO - [2026-07-06T16:33:15.878+0000] {dagbag.py:538} INFO - Filling up the DagBag from /home/airflow/.local/lib/python3.8/site-packages/airflow/example_dags/example_task_group.py
[2026-07-06T16:33:15.901+0000] {processor.py:840} INFO - DAG(s) 'example_task_group' retrieved from /home/airflow/.local/lib/python3.8/site-packages/airflow/example_dags/example_task_group.py
[2026-07-06T16:33:15.970+0000] {logging_mixin.py:188} INFO - [2026-07-06T16:33:15.969+0000] {dag.py:3036} INFO - Sync 1 DAGs
[2026-07-06T16:33:16.022+0000] {logging_mixin.py:188} INFO - [2026-07-06T16:33:16.022+0000] {dag.py:3823} INFO - Setting next_dagrun for example_task_group to 2026-07-05 00:00:00+00:00, run_after=2026-07-06 00:00:00+00:00
[2026-07-06T16:33:16.069+0000] {processor.py:183} INFO - Processing /home/airflow/.local/lib/python3.8/site-packages/airflow/example_dags/example_task_group.py took 0.216 seconds
[2026-07-06T16:33:46.440+0000] {processor.py:161} INFO - Started process (PID=1372) to work on /home/airflow/.local/lib/python3.8/site-packages/airflow/example_dags/example_task_group.py
[2026-07-06T16:33:46.443+0000] {processor.py:830} INFO - Processing file /home/airflow/.local/lib/python3.8/site-packages/airflow/example_dags/example_task_group.py for tasks to queue
[2026-07-06T16:33:46.447+0000] {logging_mixin.py:188} INFO - [2026-07-06T16:33:46.447+0000] {dagbag.py:538} INFO - Filling up the DagBag from /home/airflow/.local/lib/python3.8/site-packages/airflow/example_dags/example_task_group.py
[2026-07-06T16:33:46.466+0000] {processor.py:840} INFO - DAG(s) 'example_task_group' retrieved from /home/airflow/.local/lib/python3.8/site-packages/airflow/example_dags/example_task_group.py
[2026-07-06T16:33:46.517+0000] {logging_mixin.py:188} INFO - [2026-07-06T16:33:46.517+0000] {dag.py:3036} INFO - Sync 1 DAGs
[2026-07-06T16:33:46.565+0000] {logging_mixin.py:188} INFO - [2026-07-06T16:33:46.564+0000] {dag.py:3823} INFO - Setting next_dagrun for example_task_group to 2026-07-05 00:00:00+00:00, run_after=2026-07-06 00:00:00+00:00
[2026-07-06T16:33:46.604+0000] {processor.py:183} INFO - Processing /home/airflow/.local/lib/python3.8/site-packages/airflow/example_dags/example_task_group.py took 0.182 seconds
[2026-07-06T16:34:16.763+0000] {processor.py:161} INFO - Started process (PID=1437) to work on /home/airflow/.local/lib/python3.8/site-packages/airflow/example_dags/example_task_group.py
[2026-07-06T16:34:16.765+0000] {processor.py:830} INFO - Processing file /home/airflow/.local/lib/python3.8/site-packages/airflow/example_dags/example_task_group.py for tasks to queue
[2026-07-06T16:34:16.769+0000] {logging_mixin.py:188} INFO - [2026-07-06T16:34:16.768+0000] {dagbag.py:538} INFO - Filling up the DagBag from /home/airflow/.local/lib/python3.8/site-packages/airflow/example_dags/example_task_group.py
[2026-07-06T16:34:16.787+0000] {processor.py:840} INFO - DAG(s) 'example_task_group' retrieved from /home/airflow/.local/lib/python3.8/site-packages/airflow/example_dags/example_task_group.py
[2026-07-06T16:34:16.848+0000] {logging_mixin.py:188} INFO - [2026-07-06T16:34:16.847+0000] {dag.py:3036} INFO - Sync 1 DAGs
[2026-07-06T16:34:16.937+0000] {logging_mixin.py:188} INFO - [2026-07-06T16:34:16.935+0000] {dag.py:3823} INFO - Setting next_dagrun for example_task_group to 2026-07-05 00:00:00+00:00, run_after=2026-07-06 00:00:00+00:00
[2026-07-06T16:34:17.028+0000] {processor.py:183} INFO - Processing /home/airflow/.local/lib/python3.8/site-packages/airflow/example_dags/example_task_group.py took 0.274 seconds
[2026-07-06T16:34:47.454+0000] {processor.py:161} INFO - Started process (PID=1502) to work on /home/airflow/.local/lib/python3.8/site-packages/airflow/example_dags/example_task_group.py
[2026-07-06T16:34:47.457+0000] {processor.py:830} INFO - Processing file /home/airflow/.local/lib/python3.8/site-packages/airflow/example_dags/example_task_group.py for tasks to queue
[2026-07-06T16:34:47.461+0000] {logging_mixin.py:188} INFO - [2026-07-06T16:34:47.460+0000] {dagbag.py:538} INFO - Filling up the DagBag from /home/airflow/.local/lib/python3.8/site-packages/airflow/example_dags/example_task_group.py
[2026-07-06T16:34:47.484+0000] {processor.py:840} INFO - DAG(s) 'example_task_group' retrieved from /home/airflow/.local/lib/python3.8/site-packages/airflow/example_dags/example_task_group.py
[2026-07-06T16:34:47.568+0000] {logging_mixin.py:188} INFO - [2026-07-06T16:34:47.564+0000] {dag.py:3036} INFO - Sync 1 DAGs
[2026-07-06T16:34:47.635+0000] {logging_mixin.py:188} INFO - [2026-07-06T16:34:47.635+0000] {dag.py:3823} INFO - Setting next_dagrun for example_task_group to 2026-07-05 00:00:00+00:00, run_after=2026-07-06 00:00:00+00:00
[2026-07-06T16:34:47.701+0000] {processor.py:183} INFO - Processing /home/airflow/.local/lib/python3.8/site-packages/airflow/example_dags/example_task_group.py took 0.259 seconds
[2026-07-06T16:35:17.909+0000] {processor.py:161} INFO - Started process (PID=1559) to work on /home/airflow/.local/lib/python3.8/site-packages/airflow/example_dags/example_task_group.py
[2026-07-06T16:35:17.913+0000] {processor.py:830} INFO - Processing file /home/airflow/.local/lib/python3.8/site-packages/airflow/example_dags/example_task_group.py for tasks to queue
[2026-07-06T16:35:17.918+0000] {logging_mixin.py:188} INFO - [2026-07-06T16:35:17.917+0000] {dagbag.py:538} INFO - Filling up the DagBag from /home/airflow/.local/lib/python3.8/site-packages/airflow/example_dags/example_task_group.py
[2026-07-06T16:35:17.942+0000] {processor.py:840} INFO - DAG(s) 'example_task_group' retrieved from /home/airflow/.local/lib/python3.8/site-packages/airflow/example_dags/example_task_group.py
[2026-07-06T16:35:18.001+0000] {logging_mixin.py:188} INFO - [2026-07-06T16:35:18.000+0000] {dag.py:3036} INFO - Sync 1 DAGs
[2026-07-06T16:35:18.059+0000] {logging_mixin.py:188} INFO - [2026-07-06T16:35:18.058+0000] {dag.py:3823} INFO - Setting next_dagrun for example_task_group to 2026-07-05 00:00:00+00:00, run_after=2026-07-06 00:00:00+00:00
[2026-07-06T16:35:18.114+0000] {processor.py:183} INFO - Processing /home/airflow/.local/lib/python3.8/site-packages/airflow/example_dags/example_task_group.py took 0.214 seconds
[2026-07-06T16:35:48.622+0000] {processor.py:161} INFO - Started process (PID=1625) to work on /home/airflow/.local/lib/python3.8/site-packages/airflow/example_dags/example_task_group.py
[2026-07-06T16:35:48.644+0000] {processor.py:830} INFO - Processing file /home/airflow/.local/lib/python3.8/site-packages/airflow/example_dags/example_task_group.py for tasks to queue
[2026-07-06T16:35:48.659+0000] {logging_mixin.py:188} INFO - [2026-07-06T16:35:48.648+0000] {dagbag.py:538} INFO - Filling up the DagBag from /home/airflow/.local/lib/python3.8/site-packages/airflow/example_dags/example_task_group.py
[2026-07-06T16:35:48.717+0000] {processor.py:840} INFO - DAG(s) 'example_task_group' retrieved from /home/airflow/.local/lib/python3.8/site-packages/airflow/example_dags/example_task_group.py
[2026-07-06T16:35:48.844+0000] {logging_mixin.py:188} INFO - [2026-07-06T16:35:48.842+0000] {dag.py:3036} INFO - Sync 1 DAGs
[2026-07-06T16:35:48.969+0000] {logging_mixin.py:188} INFO - [2026-07-06T16:35:48.968+0000] {dag.py:3823} INFO - Setting next_dagrun for example_task_group to 2026-07-05 00:00:00+00:00, run_after=2026-07-06 00:00:00+00:00
[2026-07-06T16:35:49.038+0000] {processor.py:183} INFO - Processing /home/airflow/.local/lib/python3.8/site-packages/airflow/example_dags/example_task_group.py took 0.429 seconds
[2026-07-06T16:36:19.275+0000] {processor.py:161} INFO - Started process (PID=1690) to work on /home/airflow/.local/lib/python3.8/site-packages/airflow/example_dags/example_task_group.py
[2026-07-06T16:36:19.279+0000] {processor.py:830} INFO - Processing file /home/airflow/.local/lib/python3.8/site-packages/airflow/example_dags/example_task_group.py for tasks to queue
[2026-07-06T16:36:19.286+0000] {logging_mixin.py:188} INFO - [2026-07-06T16:36:19.285+0000] {dagbag.py:538} INFO - Filling up the DagBag from /home/airflow/.local/lib/python3.8/site-packages/airflow/example_dags/example_task_group.py
[2026-07-06T16:36:19.316+0000] {processor.py:840} INFO - DAG(s) 'example_task_group' retrieved from /home/airflow/.local/lib/python3.8/site-packages/airflow/example_dags/example_task_group.py
[2026-07-06T16:36:19.384+0000] {logging_mixin.py:188} INFO - [2026-07-06T16:36:19.384+0000] {dag.py:3036} INFO - Sync 1 DAGs
[2026-07-06T16:36:19.445+0000] {logging_mixin.py:188} INFO - [2026-07-06T16:36:19.444+0000] {dag.py:3823} INFO - Setting next_dagrun for example_task_group to 2026-07-05 00:00:00+00:00, run_after=2026-07-06 00:00:00+00:00
[2026-07-06T16:36:19.521+0000] {processor.py:183} INFO - Processing /home/airflow/.local/lib/python3.8/site-packages/airflow/example_dags/example_task_group.py took 0.259 seconds
[2026-07-06T16:36:49.933+0000] {processor.py:161} INFO - Started process (PID=1756) to work on /home/airflow/.local/lib/python3.8/site-packages/airflow/example_dags/example_task_group.py
[2026-07-06T16:36:49.936+0000] {processor.py:830} INFO - Processing file /home/airflow/.local/lib/python3.8/site-packages/airflow/example_dags/example_task_group.py for tasks to queue
[2026-07-06T16:36:49.940+0000] {logging_mixin.py:188} INFO - [2026-07-06T16:36:49.939+0000] {dagbag.py:538} INFO - Filling up the DagBag from /home/airflow/.local/lib/python3.8/site-packages/airflow/example_dags/example_task_group.py
[2026-07-06T16:36:49.967+0000] {processor.py:840} INFO - DAG(s) 'example_task_group' retrieved from /home/airflow/.local/lib/python3.8/site-packages/airflow/example_dags/example_task_group.py
[2026-07-06T16:36:50.045+0000] {logging_mixin.py:188} INFO - [2026-07-06T16:36:50.045+0000] {dag.py:3036} INFO - Sync 1 DAGs
[2026-07-06T16:36:50.100+0000] {logging_mixin.py:188} INFO - [2026-07-06T16:36:50.100+0000] {dag.py:3823} INFO - Setting next_dagrun for example_task_group to 2026-07-05 00:00:00+00:00, run_after=2026-07-06 00:00:00+00:00
[2026-07-06T16:36:50.163+0000] {processor.py:183} INFO - Processing /home/airflow/.local/lib/python3.8/site-packages/airflow/example_dags/example_task_group.py took 0.265 seconds
[2026-07-06T16:37:20.486+0000] {processor.py:161} INFO - Started process (PID=1814) to work on /home/airflow/.local/lib/python3.8/site-packages/airflow/example_dags/example_task_group.py
[2026-07-06T16:37:20.488+0000] {processor.py:830} INFO - Processing file /home/airflow/.local/lib/python3.8/site-packages/airflow/example_dags/example_task_group.py for tasks to queue
[2026-07-06T16:37:20.493+0000] {logging_mixin.py:188} INFO - [2026-07-06T16:37:20.493+0000] {dagbag.py:538} INFO - Filling up the DagBag from /home/airflow/.local/lib/python3.8/site-packages/airflow/example_dags/example_task_group.py
[2026-07-06T16:37:20.513+0000] {processor.py:840} INFO - DAG(s) 'example_task_group' retrieved from /home/airflow/.local/lib/python3.8/site-packages/airflow/example_dags/example_task_group.py
[2026-07-06T16:37:20.564+0000] {logging_mixin.py:188} INFO - [2026-07-06T16:37:20.564+0000] {dag.py:3036} INFO - Sync 1 DAGs
[2026-07-06T16:37:20.615+0000] {logging_mixin.py:188} INFO - [2026-07-06T16:37:20.615+0000] {dag.py:3823} INFO - Setting next_dagrun for example_task_group to 2026-07-05 00:00:00+00:00, run_after=2026-07-06 00:00:00+00:00
[2026-07-06T16:37:20.657+0000] {processor.py:183} INFO - Processing /home/airflow/.local/lib/python3.8/site-packages/airflow/example_dags/example_task_group.py took 0.181 seconds
[2026-07-06T16:37:50.911+0000] {processor.py:161} INFO - Started process (PID=1879) to work on /home/airflow/.local/lib/python3.8/site-packages/airflow/example_dags/example_task_group.py
[2026-07-06T16:37:50.914+0000] {processor.py:830} INFO - Processing file /home/airflow/.local/lib/python3.8/site-packages/airflow/example_dags/example_task_group.py for tasks to queue
[2026-07-06T16:37:50.921+0000] {logging_mixin.py:188} INFO - [2026-07-06T16:37:50.920+0000] {dagbag.py:538} INFO - Filling up the DagBag from /home/airflow/.local/lib/python3.8/site-packages/airflow/example_dags/example_task_group.py
[2026-07-06T16:37:50.949+0000] {processor.py:840} INFO - DAG(s) 'example_task_group' retrieved from /home/airflow/.local/lib/python3.8/site-packages/airflow/example_dags/example_task_group.py
[2026-07-06T16:37:51.015+0000] {logging_mixin.py:188} INFO - [2026-07-06T16:37:51.014+0000] {dag.py:3036} INFO - Sync 1 DAGs
[2026-07-06T16:37:51.084+0000] {logging_mixin.py:188} INFO - [2026-07-06T16:37:51.083+0000] {dag.py:3823} INFO - Setting next_dagrun for example_task_group to 2026-07-05 00:00:00+00:00, run_after=2026-07-06 00:00:00+00:00
[2026-07-06T16:37:51.191+0000] {processor.py:183} INFO - Processing /home/airflow/.local/lib/python3.8/site-packages/airflow/example_dags/example_task_group.py took 0.294 seconds
[2026-07-06T16:38:21.867+0000] {processor.py:161} INFO - Started process (PID=1944) to work on /home/airflow/.local/lib/python3.8/site-packages/airflow/example_dags/example_task_group.py
[2026-07-06T16:38:21.870+0000] {processor.py:830} INFO - Processing file /home/airflow/.local/lib/python3.8/site-packages/airflow/example_dags/example_task_group.py for tasks to queue
[2026-07-06T16:38:21.874+0000] {logging_mixin.py:188} INFO - [2026-07-06T16:38:21.873+0000] {dagbag.py:538} INFO - Filling up the DagBag from /home/airflow/.local/lib/python3.8/site-packages/airflow/example_dags/example_task_group.py
[2026-07-06T16:38:21.892+0000] {processor.py:840} INFO - DAG(s) 'example_task_group' retrieved from /home/airflow/.local/lib/python3.8/site-packages/airflow/example_dags/example_task_group.py
[2026-07-06T16:38:21.945+0000] {logging_mixin.py:188} INFO - [2026-07-06T16:38:21.945+0000] {dag.py:3036} INFO - Sync 1 DAGs
[2026-07-06T16:38:21.997+0000] {logging_mixin.py:188} INFO - [2026-07-06T16:38:21.996+0000] {dag.py:3823} INFO - Setting next_dagrun for example_task_group to 2026-07-05 00:00:00+00:00, run_after=2026-07-06 00:00:00+00:00
[2026-07-06T16:38:22.052+0000] {processor.py:183} INFO - Processing /home/airflow/.local/lib/python3.8/site-packages/airflow/example_dags/example_task_group.py took 0.193 seconds
[2026-07-06T16:38:52.748+0000] {processor.py:161} INFO - Started process (PID=2012) to work on /home/airflow/.local/lib/python3.8/site-packages/airflow/example_dags/example_task_group.py
[2026-07-06T16:38:52.750+0000] {processor.py:830} INFO - Processing file /home/airflow/.local/lib/python3.8/site-packages/airflow/example_dags/example_task_group.py for tasks to queue
[2026-07-06T16:38:52.754+0000] {logging_mixin.py:188} INFO - [2026-07-06T16:38:52.753+0000] {dagbag.py:538} INFO - Filling up the DagBag from /home/airflow/.local/lib/python3.8/site-packages/airflow/example_dags/example_task_group.py
[2026-07-06T16:38:52.772+0000] {processor.py:840} INFO - DAG(s) 'example_task_group' retrieved from /home/airflow/.local/lib/python3.8/site-packages/airflow/example_dags/example_task_group.py
[2026-07-06T16:38:52.829+0000] {logging_mixin.py:188} INFO - [2026-07-06T16:38:52.828+0000] {dag.py:3036} INFO - Sync 1 DAGs
[2026-07-06T16:38:52.880+0000] {logging_mixin.py:188} INFO - [2026-07-06T16:38:52.879+0000] {dag.py:3823} INFO - Setting next_dagrun for example_task_group to 2026-07-05 00:00:00+00:00, run_after=2026-07-06 00:00:00+00:00
[2026-07-06T16:38:52.927+0000] {processor.py:183} INFO - Processing /home/airflow/.local/lib/python3.8/site-packages/airflow/example_dags/example_task_group.py took 0.191 seconds
[2026-07-06T16:39:23.792+0000] {processor.py:161} INFO - Started process (PID=2078) to work on /home/airflow/.local/lib/python3.8/site-packages/airflow/example_dags/example_task_group.py
[2026-07-06T16:39:23.795+0000] {processor.py:830} INFO - Processing file /home/airflow/.local/lib/python3.8/site-packages/airflow/example_dags/example_task_group.py for tasks to queue
[2026-07-06T16:39:23.800+0000] {logging_mixin.py:188} INFO - [2026-07-06T16:39:23.799+0000] {dagbag.py:538} INFO - Filling up the DagBag from /home/airflow/.local/lib/python3.8/site-packages/airflow/example_dags/example_task_group.py
[2026-07-06T16:39:23.818+0000] {processor.py:840} INFO - DAG(s) 'example_task_group' retrieved from /home/airflow/.local/lib/python3.8/site-packages/airflow/example_dags/example_task_group.py
[2026-07-06T16:39:23.872+0000] {logging_mixin.py:188} INFO - [2026-07-06T16:39:23.872+0000] {dag.py:3036} INFO - Sync 1 DAGs
[2026-07-06T16:39:23.937+0000] {logging_mixin.py:188} INFO - [2026-07-06T16:39:23.937+0000] {dag.py:3823} INFO - Setting next_dagrun for example_task_group to 2026-07-05 00:00:00+00:00, run_after=2026-07-06 00:00:00+00:00
[2026-07-06T16:39:23.987+0000] {processor.py:183} INFO - Processing /home/airflow/.local/lib/python3.8/site-packages/airflow/example_dags/example_task_group.py took 0.203 seconds
[2026-07-06T16:39:57.043+0000] {processor.py:161} INFO - Started process (PID=2143) to work on /home/airflow/.local/lib/python3.8/site-packages/airflow/example_dags/example_task_group.py
[2026-07-06T16:39:57.046+0000] {processor.py:830} INFO - Processing file /home/airflow/.local/lib/python3.8/site-packages/airflow/example_dags/example_task_group.py for tasks to queue
[2026-07-06T16:39:57.052+0000] {logging_mixin.py:188} INFO - [2026-07-06T16:39:57.051+0000] {dagbag.py:538} INFO - Filling up the DagBag from /home/airflow/.local/lib/python3.8/site-packages/airflow/example_dags/example_task_group.py
[2026-07-06T16:39:57.084+0000] {processor.py:840} INFO - DAG(s) 'example_task_group' retrieved from /home/airflow/.local/lib/python3.8/site-packages/airflow/example_dags/example_task_group.py
[2026-07-06T16:39:57.211+0000] {logging_mixin.py:188} INFO - [2026-07-06T16:39:57.210+0000] {dag.py:3036} INFO - Sync 1 DAGs
[2026-07-06T16:39:57.388+0000] {logging_mixin.py:188} INFO - [2026-07-06T16:39:57.387+0000] {dag.py:3823} INFO - Setting next_dagrun for example_task_group to 2026-07-05 00:00:00+00:00, run_after=2026-07-06 00:00:00+00:00
[2026-07-06T16:39:57.474+0000] {processor.py:183} INFO - Processing /home/airflow/.local/lib/python3.8/site-packages/airflow/example_dags/example_task_group.py took 0.449 seconds
[2026-07-06T16:40:29.421+0000] {processor.py:161} INFO - Started process (PID=2202) to work on /home/airflow/.local/lib/python3.8/site-packages/airflow/example_dags/example_task_group.py
[2026-07-06T16:40:29.439+0000] {processor.py:830} INFO - Processing file /home/airflow/.local/lib/python3.8/site-packages/airflow/example_dags/example_task_group.py for tasks to queue
[2026-07-06T16:40:29.447+0000] {logging_mixin.py:188} INFO - [2026-07-06T16:40:29.444+0000] {dagbag.py:538} INFO - Filling up the DagBag from /home/airflow/.local/lib/python3.8/site-packages/airflow/example_dags/example_task_group.py
[2026-07-06T16:40:29.479+0000] {processor.py:840} INFO - DAG(s) 'example_task_group' retrieved from /home/airflow/.local/lib/python3.8/site-packages/airflow/example_dags/example_task_group.py
[2026-07-06T16:40:29.587+0000] {logging_mixin.py:188} INFO - [2026-07-06T16:40:29.587+0000] {dag.py:3036} INFO - Sync 1 DAGs
[2026-07-06T16:40:29.674+0000] {logging_mixin.py:188} INFO - [2026-07-06T16:40:29.673+0000] {dag.py:3823} INFO - Setting next_dagrun for example_task_group to 2026-07-05 00:00:00+00:00, run_after=2026-07-06 00:00:00+00:00
[2026-07-06T16:40:29.742+0000] {processor.py:183} INFO - Processing /home/airflow/.local/lib/python3.8/site-packages/airflow/example_dags/example_task_group.py took 0.341 seconds
[2026-07-06T16:41:00.414+0000] {processor.py:161} INFO - Started process (PID=2268) to work on /home/airflow/.local/lib/python3.8/site-packages/airflow/example_dags/example_task_group.py
[2026-07-06T16:41:00.416+0000] {processor.py:830} INFO - Processing file /home/airflow/.local/lib/python3.8/site-packages/airflow/example_dags/example_task_group.py for tasks to queue
[2026-07-06T16:41:00.420+0000] {logging_mixin.py:188} INFO - [2026-07-06T16:41:00.420+0000] {dagbag.py:538} INFO - Filling up the DagBag from /home/airflow/.local/lib/python3.8/site-packages/airflow/example_dags/example_task_group.py
[2026-07-06T16:41:00.444+0000] {processor.py:840} INFO - DAG(s) 'example_task_group' retrieved from /home/airflow/.local/lib/python3.8/site-packages/airflow/example_dags/example_task_group.py
[2026-07-06T16:41:00.508+0000] {logging_mixin.py:188} INFO - [2026-07-06T16:41:00.507+0000] {dag.py:3036} INFO - Sync 1 DAGs
[2026-07-06T16:41:00.564+0000] {logging_mixin.py:188} INFO - [2026-07-06T16:41:00.563+0000] {dag.py:3823} INFO - Setting next_dagrun for example_task_group to 2026-07-05 00:00:00+00:00, run_after=2026-07-06 00:00:00+00:00
[2026-07-06T16:41:00.611+0000] {processor.py:183} INFO - Processing /home/airflow/.local/lib/python3.8/site-packages/airflow/example_dags/example_task_group.py took 0.206 seconds
[2026-07-06T16:41:31.220+0000] {processor.py:161} INFO - Started process (PID=2333) to work on /home/airflow/.local/lib/python3.8/site-packages/airflow/example_dags/example_task_group.py
[2026-07-06T16:41:31.224+0000] {processor.py:830} INFO - Processing file /home/airflow/.local/lib/python3.8/site-packages/airflow/example_dags/example_task_group.py for tasks to queue
[2026-07-06T16:41:31.229+0000] {logging_mixin.py:188} INFO - [2026-07-06T16:41:31.229+0000] {dagbag.py:538} INFO - Filling up the DagBag from /home/airflow/.local/lib/python3.8/site-packages/airflow/example_dags/example_task_group.py
[2026-07-06T16:41:31.251+0000] {processor.py:840} INFO - DAG(s) 'example_task_group' retrieved from /home/airflow/.local/lib/python3.8/site-packages/airflow/example_dags/example_task_group.py
[2026-07-06T16:41:31.329+0000] {logging_mixin.py:188} INFO - [2026-07-06T16:41:31.328+0000] {dag.py:3036} INFO - Sync 1 DAGs
[2026-07-06T16:41:31.401+0000] {logging_mixin.py:188} INFO - [2026-07-06T16:41:31.401+0000] {dag.py:3823} INFO - Setting next_dagrun for example_task_group to 2026-07-05 00:00:00+00:00, run_after=2026-07-06 00:00:00+00:00
[2026-07-06T16:41:31.477+0000] {processor.py:183} INFO - Processing /home/airflow/.local/lib/python3.8/site-packages/airflow/example_dags/example_task_group.py took 0.269 seconds
[2026-07-06T16:42:01.848+0000] {processor.py:161} INFO - Started process (PID=2400) to work on /home/airflow/.local/lib/python3.8/site-packages/airflow/example_dags/example_task_group.py
[2026-07-06T16:42:01.852+0000] {processor.py:830} INFO - Processing file /home/airflow/.local/lib/python3.8/site-packages/airflow/example_dags/example_task_group.py for tasks to queue
[2026-07-06T16:42:01.857+0000] {logging_mixin.py:188} INFO - [2026-07-06T16:42:01.856+0000] {dagbag.py:538} INFO - Filling up the DagBag from /home/airflow/.local/lib/python3.8/site-packages/airflow/example_dags/example_task_group.py
[2026-07-06T16:42:01.879+0000] {processor.py:840} INFO - DAG(s) 'example_task_group' retrieved from /home/airflow/.local/lib/python3.8/site-packages/airflow/example_dags/example_task_group.py
[2026-07-06T16:42:01.944+0000] {logging_mixin.py:188} INFO - [2026-07-06T16:42:01.944+0000] {dag.py:3036} INFO - Sync 1 DAGs
[2026-07-06T16:42:02.009+0000] {logging_mixin.py:188} INFO - [2026-07-06T16:42:02.008+0000] {dag.py:3823} INFO - Setting next_dagrun for example_task_group to 2026-07-05 00:00:00+00:00, run_after=2026-07-06 00:00:00+00:00
[2026-07-06T16:42:02.056+0000] {processor.py:183} INFO - Processing /home/airflow/.local/lib/python3.8/site-packages/airflow/example_dags/example_task_group.py took 0.219 seconds
[2026-07-06T16:42:32.365+0000] {processor.py:161} INFO - Started process (PID=2466) to work on /home/airflow/.local/lib/python3.8/site-packages/airflow/example_dags/example_task_group.py
[2026-07-06T16:42:32.367+0000] {processor.py:830} INFO - Processing file /home/airflow/.local/lib/python3.8/site-packages/airflow/example_dags/example_task_group.py for tasks to queue
[2026-07-06T16:42:32.373+0000] {logging_mixin.py:188} INFO - [2026-07-06T16:42:32.372+0000] {dagbag.py:538} INFO - Filling up the DagBag from /home/airflow/.local/lib/python3.8/site-packages/airflow/example_dags/example_task_group.py
[2026-07-06T16:42:32.390+0000] {processor.py:840} INFO - DAG(s) 'example_task_group' retrieved from /home/airflow/.local/lib/python3.8/site-packages/airflow/example_dags/example_task_group.py
[2026-07-06T16:42:32.448+0000] {logging_mixin.py:188} INFO - [2026-07-06T16:42:32.448+0000] {dag.py:3036} INFO - Sync 1 DAGs
[2026-07-06T16:42:32.524+0000] {logging_mixin.py:188} INFO - [2026-07-06T16:42:32.523+0000] {dag.py:3823} INFO - Setting next_dagrun for example_task_group to 2026-07-05 00:00:00+00:00, run_after=2026-07-06 00:00:00+00:00
[2026-07-06T16:42:32.599+0000] {processor.py:183} INFO - Processing /home/airflow/.local/lib/python3.8/site-packages/airflow/example_dags/example_task_group.py took 0.244 seconds
[2026-07-06T16:43:03.944+0000] {processor.py:161} INFO - Started process (PID=2531) to work on /home/airflow/.local/lib/python3.8/site-packages/airflow/example_dags/example_task_group.py
[2026-07-06T16:43:03.948+0000] {processor.py:830} INFO - Processing file /home/airflow/.local/lib/python3.8/site-packages/airflow/example_dags/example_task_group.py for tasks to queue
[2026-07-06T16:43:03.956+0000] {logging_mixin.py:188} INFO - [2026-07-06T16:43:03.954+0000] {dagbag.py:538} INFO - Filling up the DagBag from /home/airflow/.local/lib/python3.8/site-packages/airflow/example_dags/example_task_group.py
[2026-07-06T16:43:03.990+0000] {processor.py:840} INFO - DAG(s) 'example_task_group' retrieved from /home/airflow/.local/lib/python3.8/site-packages/airflow/example_dags/example_task_group.py
[2026-07-06T16:43:04.096+0000] {logging_mixin.py:188} INFO - [2026-07-06T16:43:04.095+0000] {dag.py:3036} INFO - Sync 1 DAGs
[2026-07-06T16:43:04.365+0000] {logging_mixin.py:188} INFO - [2026-07-06T16:43:04.364+0000] {dag.py:3823} INFO - Setting next_dagrun for example_task_group to 2026-07-05 00:00:00+00:00, run_after=2026-07-06 00:00:00+00:00
[2026-07-06T16:43:04.489+0000] {processor.py:183} INFO - Processing /home/airflow/.local/lib/python3.8/site-packages/airflow/example_dags/example_task_group.py took 0.560 seconds
[2026-07-06T16:43:35.043+0000] {processor.py:161} INFO - Started process (PID=2590) to work on /home/airflow/.local/lib/python3.8/site-packages/airflow/example_dags/example_task_group.py
[2026-07-06T16:43:35.055+0000] {processor.py:830} INFO - Processing file /home/airflow/.local/lib/python3.8/site-packages/airflow/example_dags/example_task_group.py for tasks to queue
[2026-07-06T16:43:35.060+0000] {logging_mixin.py:188} INFO - [2026-07-06T16:43:35.059+0000] {dagbag.py:538} INFO - Filling up the DagBag from /home/airflow/.local/lib/python3.8/site-packages/airflow/example_dags/example_task_group.py
[2026-07-06T16:43:35.080+0000] {processor.py:840} INFO - DAG(s) 'example_task_group' retrieved from /home/airflow/.local/lib/python3.8/site-packages/airflow/example_dags/example_task_group.py
[2026-07-06T16:43:35.130+0000] {logging_mixin.py:188} INFO - [2026-07-06T16:43:35.129+0000] {dag.py:3036} INFO - Sync 1 DAGs
[2026-07-06T16:43:35.177+0000] {logging_mixin.py:188} INFO - [2026-07-06T16:43:35.176+0000] {dag.py:3823} INFO - Setting next_dagrun for example_task_group to 2026-07-05 00:00:00+00:00, run_after=2026-07-06 00:00:00+00:00
[2026-07-06T16:43:35.219+0000] {processor.py:183} INFO - Processing /home/airflow/.local/lib/python3.8/site-packages/airflow/example_dags/example_task_group.py took 0.184 seconds
[2026-07-06T16:44:05.594+0000] {processor.py:161} INFO - Started process (PID=2654) to work on /home/airflow/.local/lib/python3.8/site-packages/airflow/example_dags/example_task_group.py
[2026-07-06T16:44:05.597+0000] {processor.py:830} INFO - Processing file /home/airflow/.local/lib/python3.8/site-packages/airflow/example_dags/example_task_group.py for tasks to queue
[2026-07-06T16:44:05.604+0000] {logging_mixin.py:188} INFO - [2026-07-06T16:44:05.603+0000] {dagbag.py:538} INFO - Filling up the DagBag from /home/airflow/.local/lib/python3.8/site-packages/airflow/example_dags/example_task_group.py
[2026-07-06T16:44:05.626+0000] {processor.py:840} INFO - DAG(s) 'example_task_group' retrieved from /home/airflow/.local/lib/python3.8/site-packages/airflow/example_dags/example_task_group.py
[2026-07-06T16:44:05.684+0000] {logging_mixin.py:188} INFO - [2026-07-06T16:44:05.683+0000] {dag.py:3036} INFO - Sync 1 DAGs
[2026-07-06T16:44:05.737+0000] {logging_mixin.py:188} INFO - [2026-07-06T16:44:05.737+0000] {dag.py:3823} INFO - Setting next_dagrun for example_task_group to 2026-07-05 00:00:00+00:00, run_after=2026-07-06 00:00:00+00:00
[2026-07-06T16:44:05.780+0000] {processor.py:183} INFO - Processing /home/airflow/.local/lib/python3.8/site-packages/airflow/example_dags/example_task_group.py took 0.193 seconds
[2026-07-06T16:44:36.657+0000] {processor.py:161} INFO - Started process (PID=2721) to work on /home/airflow/.local/lib/python3.8/site-packages/airflow/example_dags/example_task_group.py
[2026-07-06T16:44:36.660+0000] {processor.py:830} INFO - Processing file /home/airflow/.local/lib/python3.8/site-packages/airflow/example_dags/example_task_group.py for tasks to queue
[2026-07-06T16:44:36.665+0000] {logging_mixin.py:188} INFO - [2026-07-06T16:44:36.664+0000] {dagbag.py:538} INFO - Filling up the DagBag from /home/airflow/.local/lib/python3.8/site-packages/airflow/example_dags/example_task_group.py
[2026-07-06T16:44:36.683+0000] {processor.py:840} INFO - DAG(s) 'example_task_group' retrieved from /home/airflow/.local/lib/python3.8/site-packages/airflow/example_dags/example_task_group.py
[2026-07-06T16:44:36.734+0000] {logging_mixin.py:188} INFO - [2026-07-06T16:44:36.733+0000] {dag.py:3036} INFO - Sync 1 DAGs
[2026-07-06T16:44:36.787+0000] {logging_mixin.py:188} INFO - [2026-07-06T16:44:36.786+0000] {dag.py:3823} INFO - Setting next_dagrun for example_task_group to 2026-07-05 00:00:00+00:00, run_after=2026-07-06 00:00:00+00:00
[2026-07-06T16:44:36.828+0000] {processor.py:183} INFO - Processing /home/airflow/.local/lib/python3.8/site-packages/airflow/example_dags/example_task_group.py took 0.180 seconds
[2026-07-06T16:45:06.917+0000] {processor.py:161} INFO - Started process (PID=2787) to work on /home/airflow/.local/lib/python3.8/site-packages/airflow/example_dags/example_task_group.py
[2026-07-06T16:45:06.920+0000] {processor.py:830} INFO - Processing file /home/airflow/.local/lib/python3.8/site-packages/airflow/example_dags/example_task_group.py for tasks to queue
[2026-07-06T16:45:06.924+0000] {logging_mixin.py:188} INFO - [2026-07-06T16:45:06.924+0000] {dagbag.py:538} INFO - Filling up the DagBag from /home/airflow/.local/lib/python3.8/site-packages/airflow/example_dags/example_task_group.py
[2026-07-06T16:45:06.948+0000] {processor.py:840} INFO - DAG(s) 'example_task_group' retrieved from /home/airflow/.local/lib/python3.8/site-packages/airflow/example_dags/example_task_group.py
[2026-07-06T16:45:07.005+0000] {logging_mixin.py:188} INFO - [2026-07-06T16:45:07.004+0000] {dag.py:3036} INFO - Sync 1 DAGs
[2026-07-06T16:45:07.061+0000] {logging_mixin.py:188} INFO - [2026-07-06T16:45:07.061+0000] {dag.py:3823} INFO - Setting next_dagrun for example_task_group to 2026-07-05 00:00:00+00:00, run_after=2026-07-06 00:00:00+00:00
[2026-07-06T16:45:07.103+0000] {processor.py:183} INFO - Processing /home/airflow/.local/lib/python3.8/site-packages/airflow/example_dags/example_task_group.py took 0.196 seconds
[2026-07-06T16:45:37.881+0000] {processor.py:161} INFO - Started process (PID=2853) to work on /home/airflow/.local/lib/python3.8/site-packages/airflow/example_dags/example_task_group.py
[2026-07-06T16:45:37.889+0000] {processor.py:830} INFO - Processing file /home/airflow/.local/lib/python3.8/site-packages/airflow/example_dags/example_task_group.py for tasks to queue
[2026-07-06T16:45:37.894+0000] {logging_mixin.py:188} INFO - [2026-07-06T16:45:37.893+0000] {dagbag.py:538} INFO - Filling up the DagBag from /home/airflow/.local/lib/python3.8/site-packages/airflow/example_dags/example_task_group.py
[2026-07-06T16:45:37.936+0000] {processor.py:840} INFO - DAG(s) 'example_task_group' retrieved from /home/airflow/.local/lib/python3.8/site-packages/airflow/example_dags/example_task_group.py
[2026-07-06T16:45:38.073+0000] {logging_mixin.py:188} INFO - [2026-07-06T16:45:38.072+0000] {dag.py:3036} INFO - Sync 1 DAGs
[2026-07-06T16:45:38.177+0000] {logging_mixin.py:188} INFO - [2026-07-06T16:45:38.176+0000] {dag.py:3823} INFO - Setting next_dagrun for example_task_group to 2026-07-05 00:00:00+00:00, run_after=2026-07-06 00:00:00+00:00
[2026-07-06T16:45:38.260+0000] {processor.py:183} INFO - Processing /home/airflow/.local/lib/python3.8/site-packages/airflow/example_dags/example_task_group.py took 0.389 seconds
[2026-07-06T16:46:08.412+0000] {processor.py:161} INFO - Started process (PID=2919) to work on /home/airflow/.local/lib/python3.8/site-packages/airflow/example_dags/example_task_group.py
[2026-07-06T16:46:08.419+0000] {processor.py:830} INFO - Processing file /home/airflow/.local/lib/python3.8/site-packages/airflow/example_dags/example_task_group.py for tasks to queue
[2026-07-06T16:46:08.427+0000] {logging_mixin.py:188} INFO - [2026-07-06T16:46:08.425+0000] {dagbag.py:538} INFO - Filling up the DagBag from /home/airflow/.local/lib/python3.8/site-packages/airflow/example_dags/example_task_group.py
[2026-07-06T16:46:08.456+0000] {processor.py:840} INFO - DAG(s) 'example_task_group' retrieved from /home/airflow/.local/lib/python3.8/site-packages/airflow/example_dags/example_task_group.py
[2026-07-06T16:46:08.535+0000] {logging_mixin.py:188} INFO - [2026-07-06T16:46:08.534+0000] {dag.py:3036} INFO - Sync 1 DAGs
[2026-07-06T16:46:08.603+0000] {logging_mixin.py:188} INFO - [2026-07-06T16:46:08.603+0000] {dag.py:3823} INFO - Setting next_dagrun for example_task_group to 2026-07-05 00:00:00+00:00, run_after=2026-07-06 00:00:00+00:00
[2026-07-06T16:46:08.664+0000] {processor.py:183} INFO - Processing /home/airflow/.local/lib/python3.8/site-packages/airflow/example_dags/example_task_group.py took 0.263 seconds
[2026-07-06T16:46:38.901+0000] {processor.py:161} INFO - Started process (PID=2986) to work on /home/airflow/.local/lib/python3.8/site-packages/airflow/example_dags/example_task_group.py
[2026-07-06T16:46:38.905+0000] {processor.py:830} INFO - Processing file /home/airflow/.local/lib/python3.8/site-packages/airflow/example_dags/example_task_group.py for tasks to queue
[2026-07-06T16:46:38.910+0000] {logging_mixin.py:188} INFO - [2026-07-06T16:46:38.909+0000] {dagbag.py:538} INFO - Filling up the DagBag from /home/airflow/.local/lib/python3.8/site-packages/airflow/example_dags/example_task_group.py
[2026-07-06T16:46:38.931+0000] {processor.py:840} INFO - DAG(s) 'example_task_group' retrieved from /home/airflow/.local/lib/python3.8/site-packages/airflow/example_dags/example_task_group.py
[2026-07-06T16:46:39.004+0000] {logging_mixin.py:188} INFO - [2026-07-06T16:46:39.003+0000] {dag.py:3036} INFO - Sync 1 DAGs
[2026-07-06T16:46:39.083+0000] {logging_mixin.py:188} INFO - [2026-07-06T16:46:39.083+0000] {dag.py:3823} INFO - Setting next_dagrun for example_task_group to 2026-07-05 00:00:00+00:00, run_after=2026-07-06 00:00:00+00:00
[2026-07-06T16:46:39.163+0000] {processor.py:183} INFO - Processing /home/airflow/.local/lib/python3.8/site-packages/airflow/example_dags/example_task_group.py took 0.275 seconds
[2026-07-06T16:47:09.333+0000] {processor.py:161} INFO - Started process (PID=3043) to work on /home/airflow/.local/lib/python3.8/site-packages/airflow/example_dags/example_task_group.py
[2026-07-06T16:47:09.343+0000] {processor.py:830} INFO - Processing file /home/airflow/.local/lib/python3.8/site-packages/airflow/example_dags/example_task_group.py for tasks to queue
[2026-07-06T16:47:09.346+0000] {logging_mixin.py:188} INFO - [2026-07-06T16:47:09.346+0000] {dagbag.py:538} INFO - Filling up the DagBag from /home/airflow/.local/lib/python3.8/site-packages/airflow/example_dags/example_task_group.py
[2026-07-06T16:47:09.362+0000] {processor.py:840} INFO - DAG(s) 'example_task_group' retrieved from /home/airflow/.local/lib/python3.8/site-packages/airflow/example_dags/example_task_group.py
[2026-07-06T16:47:09.429+0000] {logging_mixin.py:188} INFO - [2026-07-06T16:47:09.428+0000] {dag.py:3036} INFO - Sync 1 DAGs
[2026-07-06T16:47:09.485+0000] {logging_mixin.py:188} INFO - [2026-07-06T16:47:09.484+0000] {dag.py:3823} INFO - Setting next_dagrun for example_task_group to 2026-07-05 00:00:00+00:00, run_after=2026-07-06 00:00:00+00:00
[2026-07-06T16:47:09.539+0000] {processor.py:183} INFO - Processing /home/airflow/.local/lib/python3.8/site-packages/airflow/example_dags/example_task_group.py took 0.214 seconds
[2026-07-06T16:47:39.658+0000] {processor.py:161} INFO - Started process (PID=3109) to work on /home/airflow/.local/lib/python3.8/site-packages/airflow/example_dags/example_task_group.py
[2026-07-06T16:47:39.668+0000] {processor.py:830} INFO - Processing file /home/airflow/.local/lib/python3.8/site-packages/airflow/example_dags/example_task_group.py for tasks to queue
[2026-07-06T16:47:39.675+0000] {logging_mixin.py:188} INFO - [2026-07-06T16:47:39.674+0000] {dagbag.py:538} INFO - Filling up the DagBag from /home/airflow/.local/lib/python3.8/site-packages/airflow/example_dags/example_task_group.py
[2026-07-06T16:47:39.701+0000] {processor.py:840} INFO - DAG(s) 'example_task_group' retrieved from /home/airflow/.local/lib/python3.8/site-packages/airflow/example_dags/example_task_group.py
[2026-07-06T16:47:39.756+0000] {logging_mixin.py:188} INFO - [2026-07-06T16:47:39.756+0000] {dag.py:3036} INFO - Sync 1 DAGs
[2026-07-06T16:47:39.802+0000] {logging_mixin.py:188} INFO - [2026-07-06T16:47:39.801+0000] {dag.py:3823} INFO - Setting next_dagrun for example_task_group to 2026-07-05 00:00:00+00:00, run_after=2026-07-06 00:00:00+00:00
[2026-07-06T16:47:39.846+0000] {processor.py:183} INFO - Processing /home/airflow/.local/lib/python3.8/site-packages/airflow/example_dags/example_task_group.py took 0.199 seconds
[2026-07-06T16:48:10.190+0000] {processor.py:161} INFO - Started process (PID=3175) to work on /home/airflow/.local/lib/python3.8/site-packages/airflow/example_dags/example_task_group.py
[2026-07-06T16:48:10.200+0000] {processor.py:830} INFO - Processing file /home/airflow/.local/lib/python3.8/site-packages/airflow/example_dags/example_task_group.py for tasks to queue
[2026-07-06T16:48:10.205+0000] {logging_mixin.py:188} INFO - [2026-07-06T16:48:10.204+0000] {dagbag.py:538} INFO - Filling up the DagBag from /home/airflow/.local/lib/python3.8/site-packages/airflow/example_dags/example_task_group.py
[2026-07-06T16:48:10.225+0000] {processor.py:840} INFO - DAG(s) 'example_task_group' retrieved from /home/airflow/.local/lib/python3.8/site-packages/airflow/example_dags/example_task_group.py
[2026-07-06T16:48:10.281+0000] {logging_mixin.py:188} INFO - [2026-07-06T16:48:10.281+0000] {dag.py:3036} INFO - Sync 1 DAGs
[2026-07-06T16:48:10.363+0000] {logging_mixin.py:188} INFO - [2026-07-06T16:48:10.362+0000] {dag.py:3823} INFO - Setting next_dagrun for example_task_group to 2026-07-05 00:00:00+00:00, run_after=2026-07-06 00:00:00+00:00
[2026-07-06T16:48:10.408+0000] {processor.py:183} INFO - Processing /home/airflow/.local/lib/python3.8/site-packages/airflow/example_dags/example_task_group.py took 0.228 seconds
[2026-07-06T16:48:41.164+0000] {processor.py:161} INFO - Started process (PID=3241) to work on /home/airflow/.local/lib/python3.8/site-packages/airflow/example_dags/example_task_group.py
[2026-07-06T16:48:41.166+0000] {processor.py:830} INFO - Processing file /home/airflow/.local/lib/python3.8/site-packages/airflow/example_dags/example_task_group.py for tasks to queue
[2026-07-06T16:48:41.170+0000] {logging_mixin.py:188} INFO - [2026-07-06T16:48:41.169+0000] {dagbag.py:538} INFO - Filling up the DagBag from /home/airflow/.local/lib/python3.8/site-packages/airflow/example_dags/example_task_group.py
[2026-07-06T16:48:41.187+0000] {processor.py:840} INFO - DAG(s) 'example_task_group' retrieved from /home/airflow/.local/lib/python3.8/site-packages/airflow/example_dags/example_task_group.py
[2026-07-06T16:48:41.250+0000] {logging_mixin.py:188} INFO - [2026-07-06T16:48:41.250+0000] {dag.py:3036} INFO - Sync 1 DAGs
[2026-07-06T16:48:41.315+0000] {logging_mixin.py:188} INFO - [2026-07-06T16:48:41.314+0000] {dag.py:3823} INFO - Setting next_dagrun for example_task_group to 2026-07-05 00:00:00+00:00, run_after=2026-07-06 00:00:00+00:00
[2026-07-06T16:48:41.357+0000] {processor.py:183} INFO - Processing /home/airflow/.local/lib/python3.8/site-packages/airflow/example_dags/example_task_group.py took 0.201 seconds
[2026-07-06T16:49:11.805+0000] {processor.py:161} INFO - Started process (PID=3307) to work on /home/airflow/.local/lib/python3.8/site-packages/airflow/example_dags/example_task_group.py
[2026-07-06T16:49:11.808+0000] {processor.py:830} INFO - Processing file /home/airflow/.local/lib/python3.8/site-packages/airflow/example_dags/example_task_group.py for tasks to queue
[2026-07-06T16:49:11.812+0000] {logging_mixin.py:188} INFO - [2026-07-06T16:49:11.811+0000] {dagbag.py:538} INFO - Filling up the DagBag from /home/airflow/.local/lib/python3.8/site-packages/airflow/example_dags/example_task_group.py
[2026-07-06T16:49:11.832+0000] {processor.py:840} INFO - DAG(s) 'example_task_group' retrieved from /home/airflow/.local/lib/python3.8/site-packages/airflow/example_dags/example_task_group.py
[2026-07-06T16:49:11.901+0000] {logging_mixin.py:188} INFO - [2026-07-06T16:49:11.900+0000] {dag.py:3036} INFO - Sync 1 DAGs
[2026-07-06T16:49:12.298+0000] {logging_mixin.py:188} INFO - [2026-07-06T16:49:12.297+0000] {dag.py:3823} INFO - Setting next_dagrun for example_task_group to 2026-07-05 00:00:00+00:00, run_after=2026-07-06 00:00:00+00:00
[2026-07-06T16:49:12.364+0000] {processor.py:183} INFO - Processing /home/airflow/.local/lib/python3.8/site-packages/airflow/example_dags/example_task_group.py took 0.568 seconds
[2026-07-06T16:49:42.474+0000] {processor.py:161} INFO - Started process (PID=3373) to work on /home/airflow/.local/lib/python3.8/site-packages/airflow/example_dags/example_task_group.py
[2026-07-06T16:49:42.477+0000] {processor.py:830} INFO - Processing file /home/airflow/.local/lib/python3.8/site-packages/airflow/example_dags/example_task_group.py for tasks to queue
[2026-07-06T16:49:42.481+0000] {logging_mixin.py:188} INFO - [2026-07-06T16:49:42.480+0000] {dagbag.py:538} INFO - Filling up the DagBag from /home/airflow/.local/lib/python3.8/site-packages/airflow/example_dags/example_task_group.py
[2026-07-06T16:49:42.495+0000] {processor.py:840} INFO - DAG(s) 'example_task_group' retrieved from /home/airflow/.local/lib/python3.8/site-packages/airflow/example_dags/example_task_group.py
[2026-07-06T16:49:42.545+0000] {logging_mixin.py:188} INFO - [2026-07-06T16:49:42.544+0000] {dag.py:3036} INFO - Sync 1 DAGs
[2026-07-06T16:49:42.599+0000] {logging_mixin.py:188} INFO - [2026-07-06T16:49:42.598+0000] {dag.py:3823} INFO - Setting next_dagrun for example_task_group to 2026-07-05 00:00:00+00:00, run_after=2026-07-06 00:00:00+00:00
[2026-07-06T16:49:42.651+0000] {processor.py:183} INFO - Processing /home/airflow/.local/lib/python3.8/site-packages/airflow/example_dags/example_task_group.py took 0.187 seconds
[2026-07-06T16:50:12.796+0000] {processor.py:161} INFO - Started process (PID=3438) to work on /home/airflow/.local/lib/python3.8/site-packages/airflow/example_dags/example_task_group.py
[2026-07-06T16:50:12.798+0000] {processor.py:830} INFO - Processing file /home/airflow/.local/lib/python3.8/site-packages/airflow/example_dags/example_task_group.py for tasks to queue
[2026-07-06T16:50:12.802+0000] {logging_mixin.py:188} INFO - [2026-07-06T16:50:12.802+0000] {dagbag.py:538} INFO - Filling up the DagBag from /home/airflow/.local/lib/python3.8/site-packages/airflow/example_dags/example_task_group.py
[2026-07-06T16:50:12.819+0000] {processor.py:840} INFO - DAG(s) 'example_task_group' retrieved from /home/airflow/.local/lib/python3.8/site-packages/airflow/example_dags/example_task_group.py
[2026-07-06T16:50:12.880+0000] {logging_mixin.py:188} INFO - [2026-07-06T16:50:12.880+0000] {dag.py:3036} INFO - Sync 1 DAGs
[2026-07-06T16:50:12.927+0000] {logging_mixin.py:188} INFO - [2026-07-06T16:50:12.926+0000] {dag.py:3823} INFO - Setting next_dagrun for example_task_group to 2026-07-05 00:00:00+00:00, run_after=2026-07-06 00:00:00+00:00
[2026-07-06T16:50:12.973+0000] {processor.py:183} INFO - Processing /home/airflow/.local/lib/python3.8/site-packages/airflow/example_dags/example_task_group.py took 0.185 seconds
[2026-07-06T16:50:43.433+0000] {processor.py:161} INFO - Started process (PID=3504) to work on /home/airflow/.local/lib/python3.8/site-packages/airflow/example_dags/example_task_group.py
[2026-07-06T16:50:43.455+0000] {processor.py:830} INFO - Processing file /home/airflow/.local/lib/python3.8/site-packages/airflow/example_dags/example_task_group.py for tasks to queue
[2026-07-06T16:50:43.460+0000] {logging_mixin.py:188} INFO - [2026-07-06T16:50:43.460+0000] {dagbag.py:538} INFO - Filling up the DagBag from /home/airflow/.local/lib/python3.8/site-packages/airflow/example_dags/example_task_group.py
[2026-07-06T16:50:43.481+0000] {processor.py:840} INFO - DAG(s) 'example_task_group' retrieved from /home/airflow/.local/lib/python3.8/site-packages/airflow/example_dags/example_task_group.py
[2026-07-06T16:50:43.538+0000] {logging_mixin.py:188} INFO - [2026-07-06T16:50:43.538+0000] {dag.py:3036} INFO - Sync 1 DAGs
[2026-07-06T16:50:43.849+0000] {logging_mixin.py:188} INFO - [2026-07-06T16:50:43.848+0000] {dag.py:3823} INFO - Setting next_dagrun for example_task_group to 2026-07-05 00:00:00+00:00, run_after=2026-07-06 00:00:00+00:00
[2026-07-06T16:50:43.887+0000] {processor.py:183} INFO - Processing /home/airflow/.local/lib/python3.8/site-packages/airflow/example_dags/example_task_group.py took 0.464 seconds
[2026-07-06T16:51:14.298+0000] {processor.py:161} INFO - Started process (PID=3569) to work on /home/airflow/.local/lib/python3.8/site-packages/airflow/example_dags/example_task_group.py
[2026-07-06T16:51:14.301+0000] {processor.py:830} INFO - Processing file /home/airflow/.local/lib/python3.8/site-packages/airflow/example_dags/example_task_group.py for tasks to queue
[2026-07-06T16:51:14.306+0000] {logging_mixin.py:188} INFO - [2026-07-06T16:51:14.306+0000] {dagbag.py:538} INFO - Filling up the DagBag from /home/airflow/.local/lib/python3.8/site-packages/airflow/example_dags/example_task_group.py
[2026-07-06T16:51:14.327+0000] {processor.py:840} INFO - DAG(s) 'example_task_group' retrieved from /home/airflow/.local/lib/python3.8/site-packages/airflow/example_dags/example_task_group.py
[2026-07-06T16:51:14.390+0000] {logging_mixin.py:188} INFO - [2026-07-06T16:51:14.390+0000] {dag.py:3036} INFO - Sync 1 DAGs
[2026-07-06T16:51:14.447+0000] {logging_mixin.py:188} INFO - [2026-07-06T16:51:14.447+0000] {dag.py:3823} INFO - Setting next_dagrun for example_task_group to 2026-07-05 00:00:00+00:00, run_after=2026-07-06 00:00:00+00:00
[2026-07-06T16:51:14.493+0000] {processor.py:183} INFO - Processing /home/airflow/.local/lib/python3.8/site-packages/airflow/example_dags/example_task_group.py took 0.205 seconds
[2026-07-06T16:51:44.619+0000] {processor.py:161} INFO - Started process (PID=3635) to work on /home/airflow/.local/lib/python3.8/site-packages/airflow/example_dags/example_task_group.py
[2026-07-06T16:51:44.622+0000] {processor.py:830} INFO - Processing file /home/airflow/.local/lib/python3.8/site-packages/airflow/example_dags/example_task_group.py for tasks to queue
[2026-07-06T16:51:44.627+0000] {logging_mixin.py:188} INFO - [2026-07-06T16:51:44.626+0000] {dagbag.py:538} INFO - Filling up the DagBag from /home/airflow/.local/lib/python3.8/site-packages/airflow/example_dags/example_task_group.py
[2026-07-06T16:51:44.647+0000] {processor.py:840} INFO - DAG(s) 'example_task_group' retrieved from /home/airflow/.local/lib/python3.8/site-packages/airflow/example_dags/example_task_group.py
[2026-07-06T16:51:44.703+0000] {logging_mixin.py:188} INFO - [2026-07-06T16:51:44.703+0000] {dag.py:3036} INFO - Sync 1 DAGs
[2026-07-06T16:51:44.750+0000] {logging_mixin.py:188} INFO - [2026-07-06T16:51:44.750+0000] {dag.py:3823} INFO - Setting next_dagrun for example_task_group to 2026-07-05 00:00:00+00:00, run_after=2026-07-06 00:00:00+00:00
[2026-07-06T16:51:44.799+0000] {processor.py:183} INFO - Processing /home/airflow/.local/lib/python3.8/site-packages/airflow/example_dags/example_task_group.py took 0.190 seconds
[2026-07-06T16:52:14.985+0000] {processor.py:161} INFO - Started process (PID=3701) to work on /home/airflow/.local/lib/python3.8/site-packages/airflow/example_dags/example_task_group.py
[2026-07-06T16:52:14.989+0000] {processor.py:830} INFO - Processing file /home/airflow/.local/lib/python3.8/site-packages/airflow/example_dags/example_task_group.py for tasks to queue
[2026-07-06T16:52:14.994+0000] {logging_mixin.py:188} INFO - [2026-07-06T16:52:14.993+0000] {dagbag.py:538} INFO - Filling up the DagBag from /home/airflow/.local/lib/python3.8/site-packages/airflow/example_dags/example_task_group.py
[2026-07-06T16:52:15.012+0000] {processor.py:840} INFO - DAG(s) 'example_task_group' retrieved from /home/airflow/.local/lib/python3.8/site-packages/airflow/example_dags/example_task_group.py
[2026-07-06T16:52:15.065+0000] {logging_mixin.py:188} INFO - [2026-07-06T16:52:15.065+0000] {dag.py:3036} INFO - Sync 1 DAGs
[2026-07-06T16:52:15.118+0000] {logging_mixin.py:188} INFO - [2026-07-06T16:52:15.117+0000] {dag.py:3823} INFO - Setting next_dagrun for example_task_group to 2026-07-05 00:00:00+00:00, run_after=2026-07-06 00:00:00+00:00
[2026-07-06T16:52:15.159+0000] {processor.py:183} INFO - Processing /home/airflow/.local/lib/python3.8/site-packages/airflow/example_dags/example_task_group.py took 0.182 seconds
[2026-07-06T16:52:45.439+0000] {processor.py:161} INFO - Started process (PID=3767) to work on /home/airflow/.local/lib/python3.8/site-packages/airflow/example_dags/example_task_group.py
[2026-07-06T16:52:45.441+0000] {processor.py:830} INFO - Processing file /home/airflow/.local/lib/python3.8/site-packages/airflow/example_dags/example_task_group.py for tasks to queue
[2026-07-06T16:52:45.445+0000] {logging_mixin.py:188} INFO - [2026-07-06T16:52:45.445+0000] {dagbag.py:538} INFO - Filling up the DagBag from /home/airflow/.local/lib/python3.8/site-packages/airflow/example_dags/example_task_group.py
[2026-07-06T16:52:45.462+0000] {processor.py:840} INFO - DAG(s) 'example_task_group' retrieved from /home/airflow/.local/lib/python3.8/site-packages/airflow/example_dags/example_task_group.py
[2026-07-06T16:52:45.533+0000] {logging_mixin.py:188} INFO - [2026-07-06T16:52:45.532+0000] {dag.py:3036} INFO - Sync 1 DAGs
[2026-07-06T16:52:45.626+0000] {logging_mixin.py:188} INFO - [2026-07-06T16:52:45.625+0000] {dag.py:3823} INFO - Setting next_dagrun for example_task_group to 2026-07-05 00:00:00+00:00, run_after=2026-07-06 00:00:00+00:00
[2026-07-06T16:52:45.697+0000] {processor.py:183} INFO - Processing /home/airflow/.local/lib/python3.8/site-packages/airflow/example_dags/example_task_group.py took 0.268 seconds
[2026-07-06T16:53:16.061+0000] {processor.py:161} INFO - Started process (PID=3823) to work on /home/airflow/.local/lib/python3.8/site-packages/airflow/example_dags/example_task_group.py
[2026-07-06T16:53:16.064+0000] {processor.py:830} INFO - Processing file /home/airflow/.local/lib/python3.8/site-packages/airflow/example_dags/example_task_group.py for tasks to queue
[2026-07-06T16:53:16.070+0000] {logging_mixin.py:188} INFO - [2026-07-06T16:53:16.069+0000] {dagbag.py:538} INFO - Filling up the DagBag from /home/airflow/.local/lib/python3.8/site-packages/airflow/example_dags/example_task_group.py
[2026-07-06T16:53:16.086+0000] {processor.py:840} INFO - DAG(s) 'example_task_group' retrieved from /home/airflow/.local/lib/python3.8/site-packages/airflow/example_dags/example_task_group.py
[2026-07-06T16:53:16.134+0000] {logging_mixin.py:188} INFO - [2026-07-06T16:53:16.134+0000] {dag.py:3036} INFO - Sync 1 DAGs
[2026-07-06T16:53:16.185+0000] {logging_mixin.py:188} INFO - [2026-07-06T16:53:16.185+0000] {dag.py:3823} INFO - Setting next_dagrun for example_task_group to 2026-07-05 00:00:00+00:00, run_after=2026-07-06 00:00:00+00:00
[2026-07-06T16:53:16.228+0000] {processor.py:183} INFO - Processing /home/airflow/.local/lib/python3.8/site-packages/airflow/example_dags/example_task_group.py took 0.182 seconds
[2026-07-06T16:53:46.310+0000] {processor.py:161} INFO - Started process (PID=3889) to work on /home/airflow/.local/lib/python3.8/site-packages/airflow/example_dags/example_task_group.py
[2026-07-06T16:53:46.315+0000] {processor.py:830} INFO - Processing file /home/airflow/.local/lib/python3.8/site-packages/airflow/example_dags/example_task_group.py for tasks to queue
[2026-07-06T16:53:46.319+0000] {logging_mixin.py:188} INFO - [2026-07-06T16:53:46.318+0000] {dagbag.py:538} INFO - Filling up the DagBag from /home/airflow/.local/lib/python3.8/site-packages/airflow/example_dags/example_task_group.py
[2026-07-06T16:53:46.334+0000] {processor.py:840} INFO - DAG(s) 'example_task_group' retrieved from /home/airflow/.local/lib/python3.8/site-packages/airflow/example_dags/example_task_group.py
[2026-07-06T16:53:46.377+0000] {logging_mixin.py:188} INFO - [2026-07-06T16:53:46.377+0000] {dag.py:3036} INFO - Sync 1 DAGs
[2026-07-06T16:53:46.422+0000] {logging_mixin.py:188} INFO - [2026-07-06T16:53:46.421+0000] {dag.py:3823} INFO - Setting next_dagrun for example_task_group to 2026-07-05 00:00:00+00:00, run_after=2026-07-06 00:00:00+00:00
[2026-07-06T16:53:46.468+0000] {processor.py:183} INFO - Processing /home/airflow/.local/lib/python3.8/site-packages/airflow/example_dags/example_task_group.py took 0.166 seconds
[2026-07-06T16:54:17.220+0000] {processor.py:161} INFO - Started process (PID=3953) to work on /home/airflow/.local/lib/python3.8/site-packages/airflow/example_dags/example_task_group.py
[2026-07-06T16:54:17.222+0000] {processor.py:830} INFO - Processing file /home/airflow/.local/lib/python3.8/site-packages/airflow/example_dags/example_task_group.py for tasks to queue
[2026-07-06T16:54:17.225+0000] {logging_mixin.py:188} INFO - [2026-07-06T16:54:17.225+0000] {dagbag.py:538} INFO - Filling up the DagBag from /home/airflow/.local/lib/python3.8/site-packages/airflow/example_dags/example_task_group.py
[2026-07-06T16:54:17.240+0000] {processor.py:840} INFO - DAG(s) 'example_task_group' retrieved from /home/airflow/.local/lib/python3.8/site-packages/airflow/example_dags/example_task_group.py
[2026-07-06T16:54:17.296+0000] {logging_mixin.py:188} INFO - [2026-07-06T16:54:17.295+0000] {dag.py:3036} INFO - Sync 1 DAGs
[2026-07-06T16:54:17.349+0000] {logging_mixin.py:188} INFO - [2026-07-06T16:54:17.349+0000] {dag.py:3823} INFO - Setting next_dagrun for example_task_group to 2026-07-05 00:00:00+00:00, run_after=2026-07-06 00:00:00+00:00
[2026-07-06T16:54:17.391+0000] {processor.py:183} INFO - Processing /home/airflow/.local/lib/python3.8/site-packages/airflow/example_dags/example_task_group.py took 0.181 seconds
[2026-07-06T16:54:48.065+0000] {processor.py:161} INFO - Started process (PID=4018) to work on /home/airflow/.local/lib/python3.8/site-packages/airflow/example_dags/example_task_group.py
[2026-07-06T16:54:48.068+0000] {processor.py:830} INFO - Processing file /home/airflow/.local/lib/python3.8/site-packages/airflow/example_dags/example_task_group.py for tasks to queue
[2026-07-06T16:54:48.075+0000] {logging_mixin.py:188} INFO - [2026-07-06T16:54:48.074+0000] {dagbag.py:538} INFO - Filling up the DagBag from /home/airflow/.local/lib/python3.8/site-packages/airflow/example_dags/example_task_group.py
[2026-07-06T16:54:48.098+0000] {processor.py:840} INFO - DAG(s) 'example_task_group' retrieved from /home/airflow/.local/lib/python3.8/site-packages/airflow/example_dags/example_task_group.py
[2026-07-06T16:54:48.159+0000] {logging_mixin.py:188} INFO - [2026-07-06T16:54:48.159+0000] {dag.py:3036} INFO - Sync 1 DAGs
[2026-07-06T16:54:48.227+0000] {logging_mixin.py:188} INFO - [2026-07-06T16:54:48.227+0000] {dag.py:3823} INFO - Setting next_dagrun for example_task_group to 2026-07-05 00:00:00+00:00, run_after=2026-07-06 00:00:00+00:00
[2026-07-06T16:54:48.277+0000] {processor.py:183} INFO - Processing /home/airflow/.local/lib/python3.8/site-packages/airflow/example_dags/example_task_group.py took 0.226 seconds
[2026-07-06T16:55:19.106+0000] {processor.py:161} INFO - Started process (PID=4083) to work on /home/airflow/.local/lib/python3.8/site-packages/airflow/example_dags/example_task_group.py
[2026-07-06T16:55:19.110+0000] {processor.py:830} INFO - Processing file /home/airflow/.local/lib/python3.8/site-packages/airflow/example_dags/example_task_group.py for tasks to queue
[2026-07-06T16:55:19.116+0000] {logging_mixin.py:188} INFO - [2026-07-06T16:55:19.115+0000] {dagbag.py:538} INFO - Filling up the DagBag from /home/airflow/.local/lib/python3.8/site-packages/airflow/example_dags/example_task_group.py
[2026-07-06T16:55:19.137+0000] {processor.py:840} INFO - DAG(s) 'example_task_group' retrieved from /home/airflow/.local/lib/python3.8/site-packages/airflow/example_dags/example_task_group.py
[2026-07-06T16:55:19.191+0000] {logging_mixin.py:188} INFO - [2026-07-06T16:55:19.190+0000] {dag.py:3036} INFO - Sync 1 DAGs
[2026-07-06T16:55:19.256+0000] {logging_mixin.py:188} INFO - [2026-07-06T16:55:19.255+0000] {dag.py:3823} INFO - Setting next_dagrun for example_task_group to 2026-07-05 00:00:00+00:00, run_after=2026-07-06 00:00:00+00:00
[2026-07-06T16:55:19.303+0000] {processor.py:183} INFO - Processing /home/airflow/.local/lib/python3.8/site-packages/airflow/example_dags/example_task_group.py took 0.211 seconds
