[2026-07-06T16:22:11.871+0000] {processor.py:161} INFO - Started process (PID=184) to work on /home/airflow/.local/lib/python3.8/site-packages/airflow/example_dags/example_sla_dag.py
[2026-07-06T16:22:11.873+0000] {processor.py:830} INFO - Processing file /home/airflow/.local/lib/python3.8/site-packages/airflow/example_dags/example_sla_dag.py for tasks to queue
[2026-07-06T16:22:11.905+0000] {logging_mixin.py:188} INFO - [2026-07-06T16:22:11.904+0000] {dagbag.py:538} INFO - Filling up the DagBag from /home/airflow/.local/lib/python3.8/site-packages/airflow/example_dags/example_sla_dag.py
[2026-07-06T16:22:12.078+0000] {processor.py:840} INFO - DAG(s) 'example_sla_dag' retrieved from /home/airflow/.local/lib/python3.8/site-packages/airflow/example_dags/example_sla_dag.py
[2026-07-06T16:22:13.922+0000] {logging_mixin.py:188} INFO - [2026-07-06T16:22:13.919+0000] {override.py:1769} INFO - Created Permission View: can read on DAG:example_sla_dag
[2026-07-06T16:22:14.101+0000] {logging_mixin.py:188} INFO - [2026-07-06T16:22:14.100+0000] {override.py:1769} INFO - Created Permission View: can delete on DAG:example_sla_dag
[2026-07-06T16:22:14.199+0000] {logging_mixin.py:188} INFO - [2026-07-06T16:22:14.198+0000] {override.py:1769} INFO - Created Permission View: can edit on DAG:example_sla_dag
[2026-07-06T16:22:14.200+0000] {logging_mixin.py:188} INFO - [2026-07-06T16:22:14.199+0000] {dag.py:3036} INFO - Sync 1 DAGs
[2026-07-06T16:22:14.399+0000] {logging_mixin.py:188} INFO - [2026-07-06T16:22:14.399+0000] {dag.py:3058} INFO - Creating ORM DAG for example_sla_dag
[2026-07-06T16:22:14.565+0000] {logging_mixin.py:188} INFO - [2026-07-06T16:22:14.565+0000] {dag.py:3823} INFO - Setting next_dagrun for example_sla_dag to 2026-07-06 16:20:00+00:00, run_after=2026-07-06 16:22:00+00:00
[2026-07-06T16:22:14.903+0000] {processor.py:183} INFO - Processing /home/airflow/.local/lib/python3.8/site-packages/airflow/example_dags/example_sla_dag.py took 3.133 seconds
[2026-07-06T16:24:35.446+0000] {processor.py:161} INFO - Started process (PID=291) to work on /home/airflow/.local/lib/python3.8/site-packages/airflow/example_dags/example_sla_dag.py
[2026-07-06T16:24:35.464+0000] {processor.py:830} INFO - Processing file /home/airflow/.local/lib/python3.8/site-packages/airflow/example_dags/example_sla_dag.py for tasks to queue
[2026-07-06T16:24:35.485+0000] {logging_mixin.py:188} INFO - [2026-07-06T16:24:35.475+0000] {dagbag.py:538} INFO - Filling up the DagBag from /home/airflow/.local/lib/python3.8/site-packages/airflow/example_dags/example_sla_dag.py
[2026-07-06T16:24:35.617+0000] {processor.py:840} INFO - DAG(s) 'example_sla_dag' retrieved from /home/airflow/.local/lib/python3.8/site-packages/airflow/example_dags/example_sla_dag.py
[2026-07-06T16:24:35.898+0000] {logging_mixin.py:188} INFO - [2026-07-06T16:24:35.897+0000] {dag.py:3036} INFO - Sync 1 DAGs
[2026-07-06T16:24:36.097+0000] {logging_mixin.py:188} INFO - [2026-07-06T16:24:36.096+0000] {dag.py:3823} INFO - Setting next_dagrun for example_sla_dag to 2026-07-06 16:22:00+00:00, run_after=2026-07-06 16:24:00+00:00
[2026-07-06T16:24:36.166+0000] {processor.py:183} INFO - Processing /home/airflow/.local/lib/python3.8/site-packages/airflow/example_dags/example_sla_dag.py took 0.810 seconds
[2026-07-06T16:25:06.522+0000] {processor.py:161} INFO - Started process (PID=355) to work on /home/airflow/.local/lib/python3.8/site-packages/airflow/example_dags/example_sla_dag.py
[2026-07-06T16:25:06.536+0000] {processor.py:830} INFO - Processing file /home/airflow/.local/lib/python3.8/site-packages/airflow/example_dags/example_sla_dag.py for tasks to queue
[2026-07-06T16:25:06.543+0000] {logging_mixin.py:188} INFO - [2026-07-06T16:25:06.542+0000] {dagbag.py:538} INFO - Filling up the DagBag from /home/airflow/.local/lib/python3.8/site-packages/airflow/example_dags/example_sla_dag.py
[2026-07-06T16:25:06.575+0000] {processor.py:840} INFO - DAG(s) 'example_sla_dag' retrieved from /home/airflow/.local/lib/python3.8/site-packages/airflow/example_dags/example_sla_dag.py
[2026-07-06T16:25:06.668+0000] {logging_mixin.py:188} INFO - [2026-07-06T16:25:06.667+0000] {dag.py:3036} INFO - Sync 1 DAGs
[2026-07-06T16:25:06.778+0000] {logging_mixin.py:188} INFO - [2026-07-06T16:25:06.777+0000] {dag.py:3823} INFO - Setting next_dagrun for example_sla_dag to 2026-07-06 16:22:00+00:00, run_after=2026-07-06 16:24:00+00:00
[2026-07-06T16:25:06.899+0000] {processor.py:183} INFO - Processing /home/airflow/.local/lib/python3.8/site-packages/airflow/example_dags/example_sla_dag.py took 0.396 seconds
[2026-07-06T16:25:37.166+0000] {processor.py:161} INFO - Started process (PID=413) to work on /home/airflow/.local/lib/python3.8/site-packages/airflow/example_dags/example_sla_dag.py
[2026-07-06T16:25:37.168+0000] {processor.py:830} INFO - Processing file /home/airflow/.local/lib/python3.8/site-packages/airflow/example_dags/example_sla_dag.py for tasks to queue
[2026-07-06T16:25:37.175+0000] {logging_mixin.py:188} INFO - [2026-07-06T16:25:37.174+0000] {dagbag.py:538} INFO - Filling up the DagBag from /home/airflow/.local/lib/python3.8/site-packages/airflow/example_dags/example_sla_dag.py
[2026-07-06T16:25:37.203+0000] {processor.py:840} INFO - DAG(s) 'example_sla_dag' retrieved from /home/airflow/.local/lib/python3.8/site-packages/airflow/example_dags/example_sla_dag.py
[2026-07-06T16:25:37.268+0000] {logging_mixin.py:188} INFO - [2026-07-06T16:25:37.267+0000] {dag.py:3036} INFO - Sync 1 DAGs
[2026-07-06T16:25:37.353+0000] {logging_mixin.py:188} INFO - [2026-07-06T16:25:37.353+0000] {dag.py:3823} INFO - Setting next_dagrun for example_sla_dag to 2026-07-06 16:22:00+00:00, run_after=2026-07-06 16:24:00+00:00
[2026-07-06T16:25:37.416+0000] {processor.py:183} INFO - Processing /home/airflow/.local/lib/python3.8/site-packages/airflow/example_dags/example_sla_dag.py took 0.263 seconds
[2026-07-06T16:26:07.856+0000] {processor.py:161} INFO - Started process (PID=478) to work on /home/airflow/.local/lib/python3.8/site-packages/airflow/example_dags/example_sla_dag.py
[2026-07-06T16:26:07.860+0000] {processor.py:830} INFO - Processing file /home/airflow/.local/lib/python3.8/site-packages/airflow/example_dags/example_sla_dag.py for tasks to queue
[2026-07-06T16:26:07.864+0000] {logging_mixin.py:188} INFO - [2026-07-06T16:26:07.863+0000] {dagbag.py:538} INFO - Filling up the DagBag from /home/airflow/.local/lib/python3.8/site-packages/airflow/example_dags/example_sla_dag.py
[2026-07-06T16:26:07.897+0000] {processor.py:840} INFO - DAG(s) 'example_sla_dag' retrieved from /home/airflow/.local/lib/python3.8/site-packages/airflow/example_dags/example_sla_dag.py
[2026-07-06T16:26:07.961+0000] {logging_mixin.py:188} INFO - [2026-07-06T16:26:07.960+0000] {dag.py:3036} INFO - Sync 1 DAGs
[2026-07-06T16:26:08.035+0000] {logging_mixin.py:188} INFO - [2026-07-06T16:26:08.034+0000] {dag.py:3823} INFO - Setting next_dagrun for example_sla_dag to 2026-07-06 16:24:00+00:00, run_after=2026-07-06 16:26:00+00:00
[2026-07-06T16:26:08.085+0000] {processor.py:183} INFO - Processing /home/airflow/.local/lib/python3.8/site-packages/airflow/example_dags/example_sla_dag.py took 0.240 seconds
[2026-07-06T16:26:38.324+0000] {processor.py:161} INFO - Started process (PID=544) to work on /home/airflow/.local/lib/python3.8/site-packages/airflow/example_dags/example_sla_dag.py
[2026-07-06T16:26:38.327+0000] {processor.py:830} INFO - Processing file /home/airflow/.local/lib/python3.8/site-packages/airflow/example_dags/example_sla_dag.py for tasks to queue
[2026-07-06T16:26:38.336+0000] {logging_mixin.py:188} INFO - [2026-07-06T16:26:38.334+0000] {dagbag.py:538} INFO - Filling up the DagBag from /home/airflow/.local/lib/python3.8/site-packages/airflow/example_dags/example_sla_dag.py
[2026-07-06T16:26:38.363+0000] {processor.py:840} INFO - DAG(s) 'example_sla_dag' retrieved from /home/airflow/.local/lib/python3.8/site-packages/airflow/example_dags/example_sla_dag.py
[2026-07-06T16:26:38.424+0000] {logging_mixin.py:188} INFO - [2026-07-06T16:26:38.423+0000] {dag.py:3036} INFO - Sync 1 DAGs
[2026-07-06T16:26:38.502+0000] {logging_mixin.py:188} INFO - [2026-07-06T16:26:38.501+0000] {dag.py:3823} INFO - Setting next_dagrun for example_sla_dag to 2026-07-06 16:24:00+00:00, run_after=2026-07-06 16:26:00+00:00
[2026-07-06T16:26:38.550+0000] {processor.py:183} INFO - Processing /home/airflow/.local/lib/python3.8/site-packages/airflow/example_dags/example_sla_dag.py took 0.244 seconds
[2026-07-06T16:27:08.833+0000] {processor.py:161} INFO - Started process (PID=609) to work on /home/airflow/.local/lib/python3.8/site-packages/airflow/example_dags/example_sla_dag.py
[2026-07-06T16:27:08.835+0000] {processor.py:830} INFO - Processing file /home/airflow/.local/lib/python3.8/site-packages/airflow/example_dags/example_sla_dag.py for tasks to queue
[2026-07-06T16:27:08.842+0000] {logging_mixin.py:188} INFO - [2026-07-06T16:27:08.841+0000] {dagbag.py:538} INFO - Filling up the DagBag from /home/airflow/.local/lib/python3.8/site-packages/airflow/example_dags/example_sla_dag.py
[2026-07-06T16:27:08.867+0000] {processor.py:840} INFO - DAG(s) 'example_sla_dag' retrieved from /home/airflow/.local/lib/python3.8/site-packages/airflow/example_dags/example_sla_dag.py
[2026-07-06T16:27:08.919+0000] {logging_mixin.py:188} INFO - [2026-07-06T16:27:08.918+0000] {dag.py:3036} INFO - Sync 1 DAGs
[2026-07-06T16:27:08.985+0000] {logging_mixin.py:188} INFO - [2026-07-06T16:27:08.984+0000] {dag.py:3823} INFO - Setting next_dagrun for example_sla_dag to 2026-07-06 16:24:00+00:00, run_after=2026-07-06 16:26:00+00:00
[2026-07-06T16:27:09.033+0000] {processor.py:183} INFO - Processing /home/airflow/.local/lib/python3.8/site-packages/airflow/example_dags/example_sla_dag.py took 0.210 seconds
[2026-07-06T16:27:39.794+0000] {processor.py:161} INFO - Started process (PID=667) to work on /home/airflow/.local/lib/python3.8/site-packages/airflow/example_dags/example_sla_dag.py
[2026-07-06T16:27:39.797+0000] {processor.py:830} INFO - Processing file /home/airflow/.local/lib/python3.8/site-packages/airflow/example_dags/example_sla_dag.py for tasks to queue
[2026-07-06T16:27:39.805+0000] {logging_mixin.py:188} INFO - [2026-07-06T16:27:39.804+0000] {dagbag.py:538} INFO - Filling up the DagBag from /home/airflow/.local/lib/python3.8/site-packages/airflow/example_dags/example_sla_dag.py
[2026-07-06T16:27:39.829+0000] {processor.py:840} INFO - DAG(s) 'example_sla_dag' retrieved from /home/airflow/.local/lib/python3.8/site-packages/airflow/example_dags/example_sla_dag.py
[2026-07-06T16:27:39.903+0000] {logging_mixin.py:188} INFO - [2026-07-06T16:27:39.902+0000] {dag.py:3036} INFO - Sync 1 DAGs
[2026-07-06T16:27:40.046+0000] {logging_mixin.py:188} INFO - [2026-07-06T16:27:40.045+0000] {dag.py:3823} INFO - Setting next_dagrun for example_sla_dag to 2026-07-06 16:24:00+00:00, run_after=2026-07-06 16:26:00+00:00
[2026-07-06T16:27:40.176+0000] {processor.py:183} INFO - Processing /home/airflow/.local/lib/python3.8/site-packages/airflow/example_dags/example_sla_dag.py took 0.397 seconds
[2026-07-06T16:28:13.959+0000] {processor.py:161} INFO - Started process (PID=733) to work on /home/airflow/.local/lib/python3.8/site-packages/airflow/example_dags/example_sla_dag.py
[2026-07-06T16:28:13.962+0000] {processor.py:830} INFO - Processing file /home/airflow/.local/lib/python3.8/site-packages/airflow/example_dags/example_sla_dag.py for tasks to queue
[2026-07-06T16:28:13.971+0000] {logging_mixin.py:188} INFO - [2026-07-06T16:28:13.970+0000] {dagbag.py:538} INFO - Filling up the DagBag from /home/airflow/.local/lib/python3.8/site-packages/airflow/example_dags/example_sla_dag.py
[2026-07-06T16:28:14.008+0000] {processor.py:840} INFO - DAG(s) 'example_sla_dag' retrieved from /home/airflow/.local/lib/python3.8/site-packages/airflow/example_dags/example_sla_dag.py
[2026-07-06T16:28:14.089+0000] {logging_mixin.py:188} INFO - [2026-07-06T16:28:14.088+0000] {dag.py:3036} INFO - Sync 1 DAGs
[2026-07-06T16:28:14.187+0000] {logging_mixin.py:188} INFO - [2026-07-06T16:28:14.186+0000] {dag.py:3823} INFO - Setting next_dagrun for example_sla_dag to 2026-07-06 16:26:00+00:00, run_after=2026-07-06 16:28:00+00:00
[2026-07-06T16:28:14.267+0000] {processor.py:183} INFO - Processing /home/airflow/.local/lib/python3.8/site-packages/airflow/example_dags/example_sla_dag.py took 0.326 seconds
[2026-07-06T16:28:52.965+0000] {processor.py:161} INFO - Started process (PID=790) to work on /home/airflow/.local/lib/python3.8/site-packages/airflow/example_dags/example_sla_dag.py
[2026-07-06T16:28:53.005+0000] {processor.py:830} INFO - Processing file /home/airflow/.local/lib/python3.8/site-packages/airflow/example_dags/example_sla_dag.py for tasks to queue
[2026-07-06T16:28:53.009+0000] {logging_mixin.py:188} INFO - [2026-07-06T16:28:53.009+0000] {dagbag.py:538} INFO - Filling up the DagBag from /home/airflow/.local/lib/python3.8/site-packages/airflow/example_dags/example_sla_dag.py
[2026-07-06T16:28:53.094+0000] {processor.py:840} INFO - DAG(s) 'example_sla_dag' retrieved from /home/airflow/.local/lib/python3.8/site-packages/airflow/example_dags/example_sla_dag.py
[2026-07-06T16:28:53.338+0000] {logging_mixin.py:188} INFO - [2026-07-06T16:28:53.338+0000] {dag.py:3036} INFO - Sync 1 DAGs
[2026-07-06T16:28:53.739+0000] {logging_mixin.py:188} INFO - [2026-07-06T16:28:53.738+0000] {dag.py:3823} INFO - Setting next_dagrun for example_sla_dag to 2026-07-06 16:26:00+00:00, run_after=2026-07-06 16:28:00+00:00
[2026-07-06T16:28:54.106+0000] {processor.py:183} INFO - Processing /home/airflow/.local/lib/python3.8/site-packages/airflow/example_dags/example_sla_dag.py took 1.162 seconds
[2026-07-06T16:29:24.492+0000] {processor.py:161} INFO - Started process (PID=856) to work on /home/airflow/.local/lib/python3.8/site-packages/airflow/example_dags/example_sla_dag.py
[2026-07-06T16:29:24.504+0000] {processor.py:830} INFO - Processing file /home/airflow/.local/lib/python3.8/site-packages/airflow/example_dags/example_sla_dag.py for tasks to queue
[2026-07-06T16:29:24.512+0000] {logging_mixin.py:188} INFO - [2026-07-06T16:29:24.511+0000] {dagbag.py:538} INFO - Filling up the DagBag from /home/airflow/.local/lib/python3.8/site-packages/airflow/example_dags/example_sla_dag.py
[2026-07-06T16:29:24.542+0000] {processor.py:840} INFO - DAG(s) 'example_sla_dag' retrieved from /home/airflow/.local/lib/python3.8/site-packages/airflow/example_dags/example_sla_dag.py
[2026-07-06T16:29:24.608+0000] {logging_mixin.py:188} INFO - [2026-07-06T16:29:24.607+0000] {dag.py:3036} INFO - Sync 1 DAGs
[2026-07-06T16:29:24.721+0000] {logging_mixin.py:188} INFO - [2026-07-06T16:29:24.721+0000] {dag.py:3823} INFO - Setting next_dagrun for example_sla_dag to 2026-07-06 16:26:00+00:00, run_after=2026-07-06 16:28:00+00:00
[2026-07-06T16:29:24.796+0000] {processor.py:183} INFO - Processing /home/airflow/.local/lib/python3.8/site-packages/airflow/example_dags/example_sla_dag.py took 0.322 seconds
[2026-07-06T16:29:55.654+0000] {processor.py:161} INFO - Started process (PID=922) to work on /home/airflow/.local/lib/python3.8/site-packages/airflow/example_dags/example_sla_dag.py
[2026-07-06T16:29:55.657+0000] {processor.py:830} INFO - Processing file /home/airflow/.local/lib/python3.8/site-packages/airflow/example_dags/example_sla_dag.py for tasks to queue
[2026-07-06T16:29:55.664+0000] {logging_mixin.py:188} INFO - [2026-07-06T16:29:55.664+0000] {dagbag.py:538} INFO - Filling up the DagBag from /home/airflow/.local/lib/python3.8/site-packages/airflow/example_dags/example_sla_dag.py
[2026-07-06T16:29:55.690+0000] {processor.py:840} INFO - DAG(s) 'example_sla_dag' retrieved from /home/airflow/.local/lib/python3.8/site-packages/airflow/example_dags/example_sla_dag.py
[2026-07-06T16:29:55.754+0000] {logging_mixin.py:188} INFO - [2026-07-06T16:29:55.754+0000] {dag.py:3036} INFO - Sync 1 DAGs
[2026-07-06T16:29:55.833+0000] {logging_mixin.py:188} INFO - [2026-07-06T16:29:55.832+0000] {dag.py:3823} INFO - Setting next_dagrun for example_sla_dag to 2026-07-06 16:26:00+00:00, run_after=2026-07-06 16:28:00+00:00
[2026-07-06T16:29:55.888+0000] {processor.py:183} INFO - Processing /home/airflow/.local/lib/python3.8/site-packages/airflow/example_dags/example_sla_dag.py took 0.248 seconds
[2026-07-06T16:30:26.363+0000] {processor.py:161} INFO - Started process (PID=981) to work on /home/airflow/.local/lib/python3.8/site-packages/airflow/example_dags/example_sla_dag.py
[2026-07-06T16:30:26.367+0000] {processor.py:830} INFO - Processing file /home/airflow/.local/lib/python3.8/site-packages/airflow/example_dags/example_sla_dag.py for tasks to queue
[2026-07-06T16:30:26.374+0000] {logging_mixin.py:188} INFO - [2026-07-06T16:30:26.373+0000] {dagbag.py:538} INFO - Filling up the DagBag from /home/airflow/.local/lib/python3.8/site-packages/airflow/example_dags/example_sla_dag.py
[2026-07-06T16:30:26.394+0000] {processor.py:840} INFO - DAG(s) 'example_sla_dag' retrieved from /home/airflow/.local/lib/python3.8/site-packages/airflow/example_dags/example_sla_dag.py
[2026-07-06T16:30:26.470+0000] {logging_mixin.py:188} INFO - [2026-07-06T16:30:26.469+0000] {dag.py:3036} INFO - Sync 1 DAGs
[2026-07-06T16:30:26.530+0000] {logging_mixin.py:188} INFO - [2026-07-06T16:30:26.530+0000] {dag.py:3823} INFO - Setting next_dagrun for example_sla_dag to 2026-07-06 16:28:00+00:00, run_after=2026-07-06 16:30:00+00:00
[2026-07-06T16:30:26.568+0000] {processor.py:183} INFO - Processing /home/airflow/.local/lib/python3.8/site-packages/airflow/example_dags/example_sla_dag.py took 0.221 seconds
[2026-07-06T16:30:56.709+0000] {processor.py:161} INFO - Started process (PID=1047) to work on /home/airflow/.local/lib/python3.8/site-packages/airflow/example_dags/example_sla_dag.py
[2026-07-06T16:30:56.712+0000] {processor.py:830} INFO - Processing file /home/airflow/.local/lib/python3.8/site-packages/airflow/example_dags/example_sla_dag.py for tasks to queue
[2026-07-06T16:30:56.717+0000] {logging_mixin.py:188} INFO - [2026-07-06T16:30:56.716+0000] {dagbag.py:538} INFO - Filling up the DagBag from /home/airflow/.local/lib/python3.8/site-packages/airflow/example_dags/example_sla_dag.py
[2026-07-06T16:30:56.742+0000] {processor.py:840} INFO - DAG(s) 'example_sla_dag' retrieved from /home/airflow/.local/lib/python3.8/site-packages/airflow/example_dags/example_sla_dag.py
[2026-07-06T16:30:56.799+0000] {logging_mixin.py:188} INFO - [2026-07-06T16:30:56.798+0000] {dag.py:3036} INFO - Sync 1 DAGs
[2026-07-06T16:30:56.877+0000] {logging_mixin.py:188} INFO - [2026-07-06T16:30:56.876+0000] {dag.py:3823} INFO - Setting next_dagrun for example_sla_dag to 2026-07-06 16:28:00+00:00, run_after=2026-07-06 16:30:00+00:00
[2026-07-06T16:30:56.927+0000] {processor.py:183} INFO - Processing /home/airflow/.local/lib/python3.8/site-packages/airflow/example_dags/example_sla_dag.py took 0.228 seconds
[2026-07-06T16:31:27.581+0000] {processor.py:161} INFO - Started process (PID=1112) to work on /home/airflow/.local/lib/python3.8/site-packages/airflow/example_dags/example_sla_dag.py
[2026-07-06T16:31:27.585+0000] {processor.py:830} INFO - Processing file /home/airflow/.local/lib/python3.8/site-packages/airflow/example_dags/example_sla_dag.py for tasks to queue
[2026-07-06T16:31:27.590+0000] {logging_mixin.py:188} INFO - [2026-07-06T16:31:27.589+0000] {dagbag.py:538} INFO - Filling up the DagBag from /home/airflow/.local/lib/python3.8/site-packages/airflow/example_dags/example_sla_dag.py
[2026-07-06T16:31:27.615+0000] {processor.py:840} INFO - DAG(s) 'example_sla_dag' retrieved from /home/airflow/.local/lib/python3.8/site-packages/airflow/example_dags/example_sla_dag.py
[2026-07-06T16:31:27.671+0000] {logging_mixin.py:188} INFO - [2026-07-06T16:31:27.671+0000] {dag.py:3036} INFO - Sync 1 DAGs
[2026-07-06T16:31:27.796+0000] {logging_mixin.py:188} INFO - [2026-07-06T16:31:27.795+0000] {dag.py:3823} INFO - Setting next_dagrun for example_sla_dag to 2026-07-06 16:28:00+00:00, run_after=2026-07-06 16:30:00+00:00
[2026-07-06T16:31:27.844+0000] {processor.py:183} INFO - Processing /home/airflow/.local/lib/python3.8/site-packages/airflow/example_dags/example_sla_dag.py took 0.272 seconds
[2026-07-06T16:32:00.818+0000] {processor.py:161} INFO - Started process (PID=1169) to work on /home/airflow/.local/lib/python3.8/site-packages/airflow/example_dags/example_sla_dag.py
[2026-07-06T16:32:00.823+0000] {processor.py:830} INFO - Processing file /home/airflow/.local/lib/python3.8/site-packages/airflow/example_dags/example_sla_dag.py for tasks to queue
[2026-07-06T16:32:00.828+0000] {logging_mixin.py:188} INFO - [2026-07-06T16:32:00.828+0000] {dagbag.py:538} INFO - Filling up the DagBag from /home/airflow/.local/lib/python3.8/site-packages/airflow/example_dags/example_sla_dag.py
[2026-07-06T16:32:00.854+0000] {processor.py:840} INFO - DAG(s) 'example_sla_dag' retrieved from /home/airflow/.local/lib/python3.8/site-packages/airflow/example_dags/example_sla_dag.py
[2026-07-06T16:32:00.919+0000] {logging_mixin.py:188} INFO - [2026-07-06T16:32:00.919+0000] {dag.py:3036} INFO - Sync 1 DAGs
[2026-07-06T16:32:00.984+0000] {logging_mixin.py:188} INFO - [2026-07-06T16:32:00.983+0000] {dag.py:3823} INFO - Setting next_dagrun for example_sla_dag to 2026-07-06 16:30:00+00:00, run_after=2026-07-06 16:32:00+00:00
[2026-07-06T16:32:01.093+0000] {processor.py:183} INFO - Processing /home/airflow/.local/lib/python3.8/site-packages/airflow/example_dags/example_sla_dag.py took 0.287 seconds
[2026-07-06T16:32:32.856+0000] {processor.py:161} INFO - Started process (PID=1233) to work on /home/airflow/.local/lib/python3.8/site-packages/airflow/example_dags/example_sla_dag.py
[2026-07-06T16:32:32.858+0000] {processor.py:830} INFO - Processing file /home/airflow/.local/lib/python3.8/site-packages/airflow/example_dags/example_sla_dag.py for tasks to queue
[2026-07-06T16:32:32.890+0000] {logging_mixin.py:188} INFO - [2026-07-06T16:32:32.889+0000] {dagbag.py:538} INFO - Filling up the DagBag from /home/airflow/.local/lib/python3.8/site-packages/airflow/example_dags/example_sla_dag.py
[2026-07-06T16:32:32.983+0000] {processor.py:840} INFO - DAG(s) 'example_sla_dag' retrieved from /home/airflow/.local/lib/python3.8/site-packages/airflow/example_dags/example_sla_dag.py
[2026-07-06T16:32:34.044+0000] {logging_mixin.py:188} INFO - [2026-07-06T16:32:34.041+0000] {dag.py:3036} INFO - Sync 1 DAGs
[2026-07-06T16:32:35.004+0000] {logging_mixin.py:188} INFO - [2026-07-06T16:32:35.003+0000] {dag.py:3823} INFO - Setting next_dagrun for example_sla_dag to 2026-07-06 16:30:00+00:00, run_after=2026-07-06 16:32:00+00:00
[2026-07-06T16:32:37.696+0000] {processor.py:183} INFO - Processing /home/airflow/.local/lib/python3.8/site-packages/airflow/example_dags/example_sla_dag.py took 4.873 seconds
[2026-07-06T16:33:08.125+0000] {processor.py:161} INFO - Started process (PID=1297) to work on /home/airflow/.local/lib/python3.8/site-packages/airflow/example_dags/example_sla_dag.py
[2026-07-06T16:33:08.132+0000] {processor.py:830} INFO - Processing file /home/airflow/.local/lib/python3.8/site-packages/airflow/example_dags/example_sla_dag.py for tasks to queue
[2026-07-06T16:33:08.137+0000] {logging_mixin.py:188} INFO - [2026-07-06T16:33:08.136+0000] {dagbag.py:538} INFO - Filling up the DagBag from /home/airflow/.local/lib/python3.8/site-packages/airflow/example_dags/example_sla_dag.py
[2026-07-06T16:33:08.170+0000] {processor.py:840} INFO - DAG(s) 'example_sla_dag' retrieved from /home/airflow/.local/lib/python3.8/site-packages/airflow/example_dags/example_sla_dag.py
[2026-07-06T16:33:08.225+0000] {logging_mixin.py:188} INFO - [2026-07-06T16:33:08.225+0000] {dag.py:3036} INFO - Sync 1 DAGs
[2026-07-06T16:33:08.289+0000] {logging_mixin.py:188} INFO - [2026-07-06T16:33:08.289+0000] {dag.py:3823} INFO - Setting next_dagrun for example_sla_dag to 2026-07-06 16:30:00+00:00, run_after=2026-07-06 16:32:00+00:00
[2026-07-06T16:33:08.339+0000] {processor.py:183} INFO - Processing /home/airflow/.local/lib/python3.8/site-packages/airflow/example_dags/example_sla_dag.py took 0.232 seconds
[2026-07-06T16:33:38.623+0000] {processor.py:161} INFO - Started process (PID=1362) to work on /home/airflow/.local/lib/python3.8/site-packages/airflow/example_dags/example_sla_dag.py
[2026-07-06T16:33:38.625+0000] {processor.py:830} INFO - Processing file /home/airflow/.local/lib/python3.8/site-packages/airflow/example_dags/example_sla_dag.py for tasks to queue
[2026-07-06T16:33:38.631+0000] {logging_mixin.py:188} INFO - [2026-07-06T16:33:38.630+0000] {dagbag.py:538} INFO - Filling up the DagBag from /home/airflow/.local/lib/python3.8/site-packages/airflow/example_dags/example_sla_dag.py
[2026-07-06T16:33:38.651+0000] {processor.py:840} INFO - DAG(s) 'example_sla_dag' retrieved from /home/airflow/.local/lib/python3.8/site-packages/airflow/example_dags/example_sla_dag.py
[2026-07-06T16:33:38.707+0000] {logging_mixin.py:188} INFO - [2026-07-06T16:33:38.706+0000] {dag.py:3036} INFO - Sync 1 DAGs
[2026-07-06T16:33:38.786+0000] {logging_mixin.py:188} INFO - [2026-07-06T16:33:38.785+0000] {dag.py:3823} INFO - Setting next_dagrun for example_sla_dag to 2026-07-06 16:30:00+00:00, run_after=2026-07-06 16:32:00+00:00
[2026-07-06T16:33:38.834+0000] {processor.py:183} INFO - Processing /home/airflow/.local/lib/python3.8/site-packages/airflow/example_dags/example_sla_dag.py took 0.222 seconds
[2026-07-06T16:34:08.925+0000] {processor.py:161} INFO - Started process (PID=1420) to work on /home/airflow/.local/lib/python3.8/site-packages/airflow/example_dags/example_sla_dag.py
[2026-07-06T16:34:08.928+0000] {processor.py:830} INFO - Processing file /home/airflow/.local/lib/python3.8/site-packages/airflow/example_dags/example_sla_dag.py for tasks to queue
[2026-07-06T16:34:08.931+0000] {logging_mixin.py:188} INFO - [2026-07-06T16:34:08.931+0000] {dagbag.py:538} INFO - Filling up the DagBag from /home/airflow/.local/lib/python3.8/site-packages/airflow/example_dags/example_sla_dag.py
[2026-07-06T16:34:08.951+0000] {processor.py:840} INFO - DAG(s) 'example_sla_dag' retrieved from /home/airflow/.local/lib/python3.8/site-packages/airflow/example_dags/example_sla_dag.py
[2026-07-06T16:34:08.999+0000] {logging_mixin.py:188} INFO - [2026-07-06T16:34:08.998+0000] {dag.py:3036} INFO - Sync 1 DAGs
[2026-07-06T16:34:09.051+0000] {logging_mixin.py:188} INFO - [2026-07-06T16:34:09.050+0000] {dag.py:3823} INFO - Setting next_dagrun for example_sla_dag to 2026-07-06 16:32:00+00:00, run_after=2026-07-06 16:34:00+00:00
[2026-07-06T16:34:09.094+0000] {processor.py:183} INFO - Processing /home/airflow/.local/lib/python3.8/site-packages/airflow/example_dags/example_sla_dag.py took 0.177 seconds
[2026-07-06T16:34:39.516+0000] {processor.py:161} INFO - Started process (PID=1485) to work on /home/airflow/.local/lib/python3.8/site-packages/airflow/example_dags/example_sla_dag.py
[2026-07-06T16:34:39.519+0000] {processor.py:830} INFO - Processing file /home/airflow/.local/lib/python3.8/site-packages/airflow/example_dags/example_sla_dag.py for tasks to queue
[2026-07-06T16:34:39.523+0000] {logging_mixin.py:188} INFO - [2026-07-06T16:34:39.522+0000] {dagbag.py:538} INFO - Filling up the DagBag from /home/airflow/.local/lib/python3.8/site-packages/airflow/example_dags/example_sla_dag.py
[2026-07-06T16:34:39.544+0000] {processor.py:840} INFO - DAG(s) 'example_sla_dag' retrieved from /home/airflow/.local/lib/python3.8/site-packages/airflow/example_dags/example_sla_dag.py
[2026-07-06T16:34:39.592+0000] {logging_mixin.py:188} INFO - [2026-07-06T16:34:39.592+0000] {dag.py:3036} INFO - Sync 1 DAGs
[2026-07-06T16:34:39.651+0000] {logging_mixin.py:188} INFO - [2026-07-06T16:34:39.651+0000] {dag.py:3823} INFO - Setting next_dagrun for example_sla_dag to 2026-07-06 16:32:00+00:00, run_after=2026-07-06 16:34:00+00:00
[2026-07-06T16:34:39.693+0000] {processor.py:183} INFO - Processing /home/airflow/.local/lib/python3.8/site-packages/airflow/example_dags/example_sla_dag.py took 0.190 seconds
[2026-07-06T16:35:10.252+0000] {processor.py:161} INFO - Started process (PID=1550) to work on /home/airflow/.local/lib/python3.8/site-packages/airflow/example_dags/example_sla_dag.py
[2026-07-06T16:35:10.255+0000] {processor.py:830} INFO - Processing file /home/airflow/.local/lib/python3.8/site-packages/airflow/example_dags/example_sla_dag.py for tasks to queue
[2026-07-06T16:35:10.259+0000] {logging_mixin.py:188} INFO - [2026-07-06T16:35:10.259+0000] {dagbag.py:538} INFO - Filling up the DagBag from /home/airflow/.local/lib/python3.8/site-packages/airflow/example_dags/example_sla_dag.py
[2026-07-06T16:35:10.282+0000] {processor.py:840} INFO - DAG(s) 'example_sla_dag' retrieved from /home/airflow/.local/lib/python3.8/site-packages/airflow/example_dags/example_sla_dag.py
[2026-07-06T16:35:10.333+0000] {logging_mixin.py:188} INFO - [2026-07-06T16:35:10.332+0000] {dag.py:3036} INFO - Sync 1 DAGs
[2026-07-06T16:35:10.382+0000] {logging_mixin.py:188} INFO - [2026-07-06T16:35:10.381+0000] {dag.py:3823} INFO - Setting next_dagrun for example_sla_dag to 2026-07-06 16:32:00+00:00, run_after=2026-07-06 16:34:00+00:00
[2026-07-06T16:35:10.421+0000] {processor.py:183} INFO - Processing /home/airflow/.local/lib/python3.8/site-packages/airflow/example_dags/example_sla_dag.py took 0.179 seconds
