[2026-07-06T16:22:23.718+0000] {processor.py:161} INFO - Started process (PID=199) to work on /home/airflow/.local/lib/python3.8/site-packages/airflow/example_dags/example_python_decorator.py
[2026-07-06T16:22:23.721+0000] {processor.py:830} INFO - Processing file /home/airflow/.local/lib/python3.8/site-packages/airflow/example_dags/example_python_decorator.py for tasks to queue
[2026-07-06T16:22:23.732+0000] {logging_mixin.py:188} INFO - [2026-07-06T16:22:23.731+0000] {dagbag.py:538} INFO - Filling up the DagBag from /home/airflow/.local/lib/python3.8/site-packages/airflow/example_dags/example_python_decorator.py
[2026-07-06T16:22:23.801+0000] {processor.py:840} INFO - DAG(s) 'example_python_decorator' retrieved from /home/airflow/.local/lib/python3.8/site-packages/airflow/example_dags/example_python_decorator.py
[2026-07-06T16:22:24.527+0000] {logging_mixin.py:188} INFO - [2026-07-06T16:22:24.526+0000] {override.py:1769} INFO - Created Permission View: can read on DAG:example_python_decorator
[2026-07-06T16:22:24.603+0000] {logging_mixin.py:188} INFO - [2026-07-06T16:22:24.602+0000] {override.py:1769} INFO - Created Permission View: can delete on DAG:example_python_decorator
[2026-07-06T16:22:24.653+0000] {logging_mixin.py:188} INFO - [2026-07-06T16:22:24.652+0000] {override.py:1769} INFO - Created Permission View: can edit on DAG:example_python_decorator
[2026-07-06T16:22:24.654+0000] {logging_mixin.py:188} INFO - [2026-07-06T16:22:24.654+0000] {dag.py:3036} INFO - Sync 1 DAGs
[2026-07-06T16:22:24.752+0000] {logging_mixin.py:188} INFO - [2026-07-06T16:22:24.751+0000] {dag.py:3058} INFO - Creating ORM DAG for example_python_decorator
[2026-07-06T16:22:24.758+0000] {logging_mixin.py:188} INFO - [2026-07-06T16:22:24.753+0000] {dag.py:3823} INFO - Setting next_dagrun for example_python_decorator to None, run_after=None
[2026-07-06T16:22:24.905+0000] {processor.py:183} INFO - Processing /home/airflow/.local/lib/python3.8/site-packages/airflow/example_dags/example_python_decorator.py took 1.214 seconds
[2026-07-06T16:24:39.068+0000] {processor.py:161} INFO - Started process (PID=298) to work on /home/airflow/.local/lib/python3.8/site-packages/airflow/example_dags/example_python_decorator.py
[2026-07-06T16:24:39.072+0000] {processor.py:830} INFO - Processing file /home/airflow/.local/lib/python3.8/site-packages/airflow/example_dags/example_python_decorator.py for tasks to queue
[2026-07-06T16:24:39.078+0000] {logging_mixin.py:188} INFO - [2026-07-06T16:24:39.077+0000] {dagbag.py:538} INFO - Filling up the DagBag from /home/airflow/.local/lib/python3.8/site-packages/airflow/example_dags/example_python_decorator.py
[2026-07-06T16:24:39.334+0000] {processor.py:840} INFO - DAG(s) 'example_python_decorator' retrieved from /home/airflow/.local/lib/python3.8/site-packages/airflow/example_dags/example_python_decorator.py
[2026-07-06T16:24:39.668+0000] {logging_mixin.py:188} INFO - [2026-07-06T16:24:39.663+0000] {dag.py:3036} INFO - Sync 1 DAGs
[2026-07-06T16:24:39.856+0000] {logging_mixin.py:188} INFO - [2026-07-06T16:24:39.826+0000] {dag.py:3823} INFO - Setting next_dagrun for example_python_decorator to None, run_after=None
[2026-07-06T16:24:40.716+0000] {processor.py:183} INFO - Processing /home/airflow/.local/lib/python3.8/site-packages/airflow/example_dags/example_python_decorator.py took 1.660 seconds
[2026-07-06T16:25:11.523+0000] {processor.py:161} INFO - Started process (PID=362) to work on /home/airflow/.local/lib/python3.8/site-packages/airflow/example_dags/example_python_decorator.py
[2026-07-06T16:25:11.526+0000] {processor.py:830} INFO - Processing file /home/airflow/.local/lib/python3.8/site-packages/airflow/example_dags/example_python_decorator.py for tasks to queue
[2026-07-06T16:25:11.534+0000] {logging_mixin.py:188} INFO - [2026-07-06T16:25:11.532+0000] {dagbag.py:538} INFO - Filling up the DagBag from /home/airflow/.local/lib/python3.8/site-packages/airflow/example_dags/example_python_decorator.py
[2026-07-06T16:25:11.591+0000] {processor.py:840} INFO - DAG(s) 'example_python_decorator' retrieved from /home/airflow/.local/lib/python3.8/site-packages/airflow/example_dags/example_python_decorator.py
[2026-07-06T16:25:11.678+0000] {logging_mixin.py:188} INFO - [2026-07-06T16:25:11.678+0000] {dag.py:3036} INFO - Sync 1 DAGs
[2026-07-06T16:25:11.722+0000] {logging_mixin.py:188} INFO - [2026-07-06T16:25:11.721+0000] {dag.py:3823} INFO - Setting next_dagrun for example_python_decorator to None, run_after=None
[2026-07-06T16:25:11.782+0000] {processor.py:183} INFO - Processing /home/airflow/.local/lib/python3.8/site-packages/airflow/example_dags/example_python_decorator.py took 0.268 seconds
[2026-07-06T16:25:42.106+0000] {processor.py:161} INFO - Started process (PID=427) to work on /home/airflow/.local/lib/python3.8/site-packages/airflow/example_dags/example_python_decorator.py
[2026-07-06T16:25:42.123+0000] {processor.py:830} INFO - Processing file /home/airflow/.local/lib/python3.8/site-packages/airflow/example_dags/example_python_decorator.py for tasks to queue
[2026-07-06T16:25:42.159+0000] {logging_mixin.py:188} INFO - [2026-07-06T16:25:42.153+0000] {dagbag.py:538} INFO - Filling up the DagBag from /home/airflow/.local/lib/python3.8/site-packages/airflow/example_dags/example_python_decorator.py
[2026-07-06T16:25:42.352+0000] {processor.py:840} INFO - DAG(s) 'example_python_decorator' retrieved from /home/airflow/.local/lib/python3.8/site-packages/airflow/example_dags/example_python_decorator.py
[2026-07-06T16:25:42.542+0000] {logging_mixin.py:188} INFO - [2026-07-06T16:25:42.541+0000] {dag.py:3036} INFO - Sync 1 DAGs
[2026-07-06T16:25:42.666+0000] {logging_mixin.py:188} INFO - [2026-07-06T16:25:42.666+0000] {dag.py:3823} INFO - Setting next_dagrun for example_python_decorator to None, run_after=None
[2026-07-06T16:25:42.739+0000] {processor.py:183} INFO - Processing /home/airflow/.local/lib/python3.8/site-packages/airflow/example_dags/example_python_decorator.py took 0.753 seconds
[2026-07-06T16:26:12.873+0000] {processor.py:161} INFO - Started process (PID=485) to work on /home/airflow/.local/lib/python3.8/site-packages/airflow/example_dags/example_python_decorator.py
[2026-07-06T16:26:12.876+0000] {processor.py:830} INFO - Processing file /home/airflow/.local/lib/python3.8/site-packages/airflow/example_dags/example_python_decorator.py for tasks to queue
[2026-07-06T16:26:12.881+0000] {logging_mixin.py:188} INFO - [2026-07-06T16:26:12.880+0000] {dagbag.py:538} INFO - Filling up the DagBag from /home/airflow/.local/lib/python3.8/site-packages/airflow/example_dags/example_python_decorator.py
[2026-07-06T16:26:12.918+0000] {processor.py:840} INFO - DAG(s) 'example_python_decorator' retrieved from /home/airflow/.local/lib/python3.8/site-packages/airflow/example_dags/example_python_decorator.py
[2026-07-06T16:26:12.982+0000] {logging_mixin.py:188} INFO - [2026-07-06T16:26:12.982+0000] {dag.py:3036} INFO - Sync 1 DAGs
[2026-07-06T16:26:13.020+0000] {logging_mixin.py:188} INFO - [2026-07-06T16:26:13.019+0000] {dag.py:3823} INFO - Setting next_dagrun for example_python_decorator to None, run_after=None
[2026-07-06T16:26:13.082+0000] {processor.py:183} INFO - Processing /home/airflow/.local/lib/python3.8/site-packages/airflow/example_dags/example_python_decorator.py took 0.222 seconds
[2026-07-06T16:26:43.371+0000] {processor.py:161} INFO - Started process (PID=551) to work on /home/airflow/.local/lib/python3.8/site-packages/airflow/example_dags/example_python_decorator.py
[2026-07-06T16:26:43.374+0000] {processor.py:830} INFO - Processing file /home/airflow/.local/lib/python3.8/site-packages/airflow/example_dags/example_python_decorator.py for tasks to queue
[2026-07-06T16:26:43.379+0000] {logging_mixin.py:188} INFO - [2026-07-06T16:26:43.378+0000] {dagbag.py:538} INFO - Filling up the DagBag from /home/airflow/.local/lib/python3.8/site-packages/airflow/example_dags/example_python_decorator.py
[2026-07-06T16:26:43.409+0000] {processor.py:840} INFO - DAG(s) 'example_python_decorator' retrieved from /home/airflow/.local/lib/python3.8/site-packages/airflow/example_dags/example_python_decorator.py
[2026-07-06T16:26:43.461+0000] {logging_mixin.py:188} INFO - [2026-07-06T16:26:43.461+0000] {dag.py:3036} INFO - Sync 1 DAGs
[2026-07-06T16:26:43.490+0000] {logging_mixin.py:188} INFO - [2026-07-06T16:26:43.490+0000] {dag.py:3823} INFO - Setting next_dagrun for example_python_decorator to None, run_after=None
[2026-07-06T16:26:43.534+0000] {processor.py:183} INFO - Processing /home/airflow/.local/lib/python3.8/site-packages/airflow/example_dags/example_python_decorator.py took 0.173 seconds
[2026-07-06T16:27:13.751+0000] {processor.py:161} INFO - Started process (PID=617) to work on /home/airflow/.local/lib/python3.8/site-packages/airflow/example_dags/example_python_decorator.py
[2026-07-06T16:27:13.754+0000] {processor.py:830} INFO - Processing file /home/airflow/.local/lib/python3.8/site-packages/airflow/example_dags/example_python_decorator.py for tasks to queue
[2026-07-06T16:27:13.760+0000] {logging_mixin.py:188} INFO - [2026-07-06T16:27:13.759+0000] {dagbag.py:538} INFO - Filling up the DagBag from /home/airflow/.local/lib/python3.8/site-packages/airflow/example_dags/example_python_decorator.py
[2026-07-06T16:27:13.802+0000] {processor.py:840} INFO - DAG(s) 'example_python_decorator' retrieved from /home/airflow/.local/lib/python3.8/site-packages/airflow/example_dags/example_python_decorator.py
[2026-07-06T16:27:13.854+0000] {logging_mixin.py:188} INFO - [2026-07-06T16:27:13.853+0000] {dag.py:3036} INFO - Sync 1 DAGs
[2026-07-06T16:27:13.878+0000] {logging_mixin.py:188} INFO - [2026-07-06T16:27:13.878+0000] {dag.py:3823} INFO - Setting next_dagrun for example_python_decorator to None, run_after=None
[2026-07-06T16:27:13.917+0000] {processor.py:183} INFO - Processing /home/airflow/.local/lib/python3.8/site-packages/airflow/example_dags/example_python_decorator.py took 0.174 seconds
[2026-07-06T16:27:44.229+0000] {processor.py:161} INFO - Started process (PID=683) to work on /home/airflow/.local/lib/python3.8/site-packages/airflow/example_dags/example_python_decorator.py
[2026-07-06T16:27:44.233+0000] {processor.py:830} INFO - Processing file /home/airflow/.local/lib/python3.8/site-packages/airflow/example_dags/example_python_decorator.py for tasks to queue
[2026-07-06T16:27:44.239+0000] {logging_mixin.py:188} INFO - [2026-07-06T16:27:44.238+0000] {dagbag.py:538} INFO - Filling up the DagBag from /home/airflow/.local/lib/python3.8/site-packages/airflow/example_dags/example_python_decorator.py
[2026-07-06T16:27:44.307+0000] {processor.py:840} INFO - DAG(s) 'example_python_decorator' retrieved from /home/airflow/.local/lib/python3.8/site-packages/airflow/example_dags/example_python_decorator.py
[2026-07-06T16:27:44.469+0000] {logging_mixin.py:188} INFO - [2026-07-06T16:27:44.469+0000] {dag.py:3036} INFO - Sync 1 DAGs
[2026-07-06T16:27:44.527+0000] {logging_mixin.py:188} INFO - [2026-07-06T16:27:44.526+0000] {dag.py:3823} INFO - Setting next_dagrun for example_python_decorator to None, run_after=None
[2026-07-06T16:27:44.602+0000] {processor.py:183} INFO - Processing /home/airflow/.local/lib/python3.8/site-packages/airflow/example_dags/example_python_decorator.py took 0.388 seconds
[2026-07-06T16:28:16.611+0000] {processor.py:161} INFO - Started process (PID=741) to work on /home/airflow/.local/lib/python3.8/site-packages/airflow/example_dags/example_python_decorator.py
[2026-07-06T16:28:16.613+0000] {processor.py:830} INFO - Processing file /home/airflow/.local/lib/python3.8/site-packages/airflow/example_dags/example_python_decorator.py for tasks to queue
[2026-07-06T16:28:16.620+0000] {logging_mixin.py:188} INFO - [2026-07-06T16:28:16.619+0000] {dagbag.py:538} INFO - Filling up the DagBag from /home/airflow/.local/lib/python3.8/site-packages/airflow/example_dags/example_python_decorator.py
[2026-07-06T16:28:16.653+0000] {processor.py:840} INFO - DAG(s) 'example_python_decorator' retrieved from /home/airflow/.local/lib/python3.8/site-packages/airflow/example_dags/example_python_decorator.py
[2026-07-06T16:28:16.704+0000] {logging_mixin.py:188} INFO - [2026-07-06T16:28:16.703+0000] {dag.py:3036} INFO - Sync 1 DAGs
[2026-07-06T16:28:16.739+0000] {logging_mixin.py:188} INFO - [2026-07-06T16:28:16.739+0000] {dag.py:3823} INFO - Setting next_dagrun for example_python_decorator to None, run_after=None
[2026-07-06T16:28:16.794+0000] {processor.py:183} INFO - Processing /home/airflow/.local/lib/python3.8/site-packages/airflow/example_dags/example_python_decorator.py took 0.191 seconds
[2026-07-06T16:29:00.707+0000] {processor.py:161} INFO - Started process (PID=814) to work on /home/airflow/.local/lib/python3.8/site-packages/airflow/example_dags/example_python_decorator.py
[2026-07-06T16:29:00.710+0000] {processor.py:830} INFO - Processing file /home/airflow/.local/lib/python3.8/site-packages/airflow/example_dags/example_python_decorator.py for tasks to queue
[2026-07-06T16:29:00.718+0000] {logging_mixin.py:188} INFO - [2026-07-06T16:29:00.716+0000] {dagbag.py:538} INFO - Filling up the DagBag from /home/airflow/.local/lib/python3.8/site-packages/airflow/example_dags/example_python_decorator.py
[2026-07-06T16:29:00.770+0000] {processor.py:840} INFO - DAG(s) 'example_python_decorator' retrieved from /home/airflow/.local/lib/python3.8/site-packages/airflow/example_dags/example_python_decorator.py
[2026-07-06T16:29:00.859+0000] {logging_mixin.py:188} INFO - [2026-07-06T16:29:00.858+0000] {dag.py:3036} INFO - Sync 1 DAGs
[2026-07-06T16:29:00.886+0000] {logging_mixin.py:188} INFO - [2026-07-06T16:29:00.885+0000] {dag.py:3823} INFO - Setting next_dagrun for example_python_decorator to None, run_after=None
[2026-07-06T16:29:00.952+0000] {processor.py:183} INFO - Processing /home/airflow/.local/lib/python3.8/site-packages/airflow/example_dags/example_python_decorator.py took 0.255 seconds
[2026-07-06T16:29:31.392+0000] {processor.py:161} INFO - Started process (PID=872) to work on /home/airflow/.local/lib/python3.8/site-packages/airflow/example_dags/example_python_decorator.py
[2026-07-06T16:29:31.394+0000] {processor.py:830} INFO - Processing file /home/airflow/.local/lib/python3.8/site-packages/airflow/example_dags/example_python_decorator.py for tasks to queue
[2026-07-06T16:29:31.398+0000] {logging_mixin.py:188} INFO - [2026-07-06T16:29:31.397+0000] {dagbag.py:538} INFO - Filling up the DagBag from /home/airflow/.local/lib/python3.8/site-packages/airflow/example_dags/example_python_decorator.py
[2026-07-06T16:29:31.425+0000] {processor.py:840} INFO - DAG(s) 'example_python_decorator' retrieved from /home/airflow/.local/lib/python3.8/site-packages/airflow/example_dags/example_python_decorator.py
[2026-07-06T16:29:31.471+0000] {logging_mixin.py:188} INFO - [2026-07-06T16:29:31.471+0000] {dag.py:3036} INFO - Sync 1 DAGs
[2026-07-06T16:29:31.495+0000] {logging_mixin.py:188} INFO - [2026-07-06T16:29:31.495+0000] {dag.py:3823} INFO - Setting next_dagrun for example_python_decorator to None, run_after=None
[2026-07-06T16:29:31.538+0000] {processor.py:183} INFO - Processing /home/airflow/.local/lib/python3.8/site-packages/airflow/example_dags/example_python_decorator.py took 0.155 seconds
[2026-07-06T16:30:01.875+0000] {processor.py:161} INFO - Started process (PID=938) to work on /home/airflow/.local/lib/python3.8/site-packages/airflow/example_dags/example_python_decorator.py
[2026-07-06T16:30:01.879+0000] {processor.py:830} INFO - Processing file /home/airflow/.local/lib/python3.8/site-packages/airflow/example_dags/example_python_decorator.py for tasks to queue
[2026-07-06T16:30:01.884+0000] {logging_mixin.py:188} INFO - [2026-07-06T16:30:01.884+0000] {dagbag.py:538} INFO - Filling up the DagBag from /home/airflow/.local/lib/python3.8/site-packages/airflow/example_dags/example_python_decorator.py
[2026-07-06T16:30:01.936+0000] {processor.py:840} INFO - DAG(s) 'example_python_decorator' retrieved from /home/airflow/.local/lib/python3.8/site-packages/airflow/example_dags/example_python_decorator.py
[2026-07-06T16:30:02.018+0000] {logging_mixin.py:188} INFO - [2026-07-06T16:30:02.018+0000] {dag.py:3036} INFO - Sync 1 DAGs
[2026-07-06T16:30:02.071+0000] {logging_mixin.py:188} INFO - [2026-07-06T16:30:02.071+0000] {dag.py:3823} INFO - Setting next_dagrun for example_python_decorator to None, run_after=None
[2026-07-06T16:30:02.151+0000] {processor.py:183} INFO - Processing /home/airflow/.local/lib/python3.8/site-packages/airflow/example_dags/example_python_decorator.py took 0.288 seconds
[2026-07-06T16:30:33.363+0000] {processor.py:161} INFO - Started process (PID=1005) to work on /home/airflow/.local/lib/python3.8/site-packages/airflow/example_dags/example_python_decorator.py
[2026-07-06T16:30:33.365+0000] {processor.py:830} INFO - Processing file /home/airflow/.local/lib/python3.8/site-packages/airflow/example_dags/example_python_decorator.py for tasks to queue
[2026-07-06T16:30:33.371+0000] {logging_mixin.py:188} INFO - [2026-07-06T16:30:33.370+0000] {dagbag.py:538} INFO - Filling up the DagBag from /home/airflow/.local/lib/python3.8/site-packages/airflow/example_dags/example_python_decorator.py
[2026-07-06T16:30:33.407+0000] {processor.py:840} INFO - DAG(s) 'example_python_decorator' retrieved from /home/airflow/.local/lib/python3.8/site-packages/airflow/example_dags/example_python_decorator.py
[2026-07-06T16:30:33.473+0000] {logging_mixin.py:188} INFO - [2026-07-06T16:30:33.472+0000] {dag.py:3036} INFO - Sync 1 DAGs
[2026-07-06T16:30:33.516+0000] {logging_mixin.py:188} INFO - [2026-07-06T16:30:33.516+0000] {dag.py:3823} INFO - Setting next_dagrun for example_python_decorator to None, run_after=None
[2026-07-06T16:30:33.581+0000] {processor.py:183} INFO - Processing /home/airflow/.local/lib/python3.8/site-packages/airflow/example_dags/example_python_decorator.py took 0.229 seconds
[2026-07-06T16:31:03.950+0000] {processor.py:161} INFO - Started process (PID=1062) to work on /home/airflow/.local/lib/python3.8/site-packages/airflow/example_dags/example_python_decorator.py
[2026-07-06T16:31:03.952+0000] {processor.py:830} INFO - Processing file /home/airflow/.local/lib/python3.8/site-packages/airflow/example_dags/example_python_decorator.py for tasks to queue
[2026-07-06T16:31:03.956+0000] {logging_mixin.py:188} INFO - [2026-07-06T16:31:03.956+0000] {dagbag.py:538} INFO - Filling up the DagBag from /home/airflow/.local/lib/python3.8/site-packages/airflow/example_dags/example_python_decorator.py
[2026-07-06T16:31:03.985+0000] {processor.py:840} INFO - DAG(s) 'example_python_decorator' retrieved from /home/airflow/.local/lib/python3.8/site-packages/airflow/example_dags/example_python_decorator.py
[2026-07-06T16:31:04.036+0000] {logging_mixin.py:188} INFO - [2026-07-06T16:31:04.036+0000] {dag.py:3036} INFO - Sync 1 DAGs
[2026-07-06T16:31:04.062+0000] {logging_mixin.py:188} INFO - [2026-07-06T16:31:04.062+0000] {dag.py:3823} INFO - Setting next_dagrun for example_python_decorator to None, run_after=None
[2026-07-06T16:31:04.103+0000] {processor.py:183} INFO - Processing /home/airflow/.local/lib/python3.8/site-packages/airflow/example_dags/example_python_decorator.py took 0.162 seconds
[2026-07-06T16:31:34.692+0000] {processor.py:161} INFO - Started process (PID=1127) to work on /home/airflow/.local/lib/python3.8/site-packages/airflow/example_dags/example_python_decorator.py
[2026-07-06T16:31:34.695+0000] {processor.py:830} INFO - Processing file /home/airflow/.local/lib/python3.8/site-packages/airflow/example_dags/example_python_decorator.py for tasks to queue
[2026-07-06T16:31:34.700+0000] {logging_mixin.py:188} INFO - [2026-07-06T16:31:34.700+0000] {dagbag.py:538} INFO - Filling up the DagBag from /home/airflow/.local/lib/python3.8/site-packages/airflow/example_dags/example_python_decorator.py
[2026-07-06T16:31:34.731+0000] {processor.py:840} INFO - DAG(s) 'example_python_decorator' retrieved from /home/airflow/.local/lib/python3.8/site-packages/airflow/example_dags/example_python_decorator.py
[2026-07-06T16:31:34.814+0000] {logging_mixin.py:188} INFO - [2026-07-06T16:31:34.814+0000] {dag.py:3036} INFO - Sync 1 DAGs
[2026-07-06T16:31:34.844+0000] {logging_mixin.py:188} INFO - [2026-07-06T16:31:34.844+0000] {dag.py:3823} INFO - Setting next_dagrun for example_python_decorator to None, run_after=None
[2026-07-06T16:31:34.883+0000] {processor.py:183} INFO - Processing /home/airflow/.local/lib/python3.8/site-packages/airflow/example_dags/example_python_decorator.py took 0.200 seconds
[2026-07-06T16:32:05.250+0000] {processor.py:161} INFO - Started process (PID=1190) to work on /home/airflow/.local/lib/python3.8/site-packages/airflow/example_dags/example_python_decorator.py
[2026-07-06T16:32:05.253+0000] {processor.py:830} INFO - Processing file /home/airflow/.local/lib/python3.8/site-packages/airflow/example_dags/example_python_decorator.py for tasks to queue
[2026-07-06T16:32:05.258+0000] {logging_mixin.py:188} INFO - [2026-07-06T16:32:05.257+0000] {dagbag.py:538} INFO - Filling up the DagBag from /home/airflow/.local/lib/python3.8/site-packages/airflow/example_dags/example_python_decorator.py
[2026-07-06T16:32:05.303+0000] {processor.py:840} INFO - DAG(s) 'example_python_decorator' retrieved from /home/airflow/.local/lib/python3.8/site-packages/airflow/example_dags/example_python_decorator.py
[2026-07-06T16:32:05.416+0000] {logging_mixin.py:188} INFO - [2026-07-06T16:32:05.416+0000] {dag.py:3036} INFO - Sync 1 DAGs
[2026-07-06T16:32:05.521+0000] {logging_mixin.py:188} INFO - [2026-07-06T16:32:05.520+0000] {dag.py:3823} INFO - Setting next_dagrun for example_python_decorator to None, run_after=None
[2026-07-06T16:32:05.767+0000] {processor.py:183} INFO - Processing /home/airflow/.local/lib/python3.8/site-packages/airflow/example_dags/example_python_decorator.py took 0.536 seconds
[2026-07-06T16:32:44.041+0000] {processor.py:161} INFO - Started process (PID=1244) to work on /home/airflow/.local/lib/python3.8/site-packages/airflow/example_dags/example_python_decorator.py
[2026-07-06T16:32:44.044+0000] {processor.py:830} INFO - Processing file /home/airflow/.local/lib/python3.8/site-packages/airflow/example_dags/example_python_decorator.py for tasks to queue
[2026-07-06T16:32:44.049+0000] {logging_mixin.py:188} INFO - [2026-07-06T16:32:44.048+0000] {dagbag.py:538} INFO - Filling up the DagBag from /home/airflow/.local/lib/python3.8/site-packages/airflow/example_dags/example_python_decorator.py
[2026-07-06T16:32:44.109+0000] {processor.py:840} INFO - DAG(s) 'example_python_decorator' retrieved from /home/airflow/.local/lib/python3.8/site-packages/airflow/example_dags/example_python_decorator.py
[2026-07-06T16:32:44.207+0000] {logging_mixin.py:188} INFO - [2026-07-06T16:32:44.207+0000] {dag.py:3036} INFO - Sync 1 DAGs
[2026-07-06T16:32:44.280+0000] {logging_mixin.py:188} INFO - [2026-07-06T16:32:44.280+0000] {dag.py:3823} INFO - Setting next_dagrun for example_python_decorator to None, run_after=None
[2026-07-06T16:32:44.490+0000] {processor.py:183} INFO - Processing /home/airflow/.local/lib/python3.8/site-packages/airflow/example_dags/example_python_decorator.py took 0.458 seconds
[2026-07-06T16:33:14.826+0000] {processor.py:161} INFO - Started process (PID=1306) to work on /home/airflow/.local/lib/python3.8/site-packages/airflow/example_dags/example_python_decorator.py
[2026-07-06T16:33:14.832+0000] {processor.py:830} INFO - Processing file /home/airflow/.local/lib/python3.8/site-packages/airflow/example_dags/example_python_decorator.py for tasks to queue
[2026-07-06T16:33:14.838+0000] {logging_mixin.py:188} INFO - [2026-07-06T16:33:14.836+0000] {dagbag.py:538} INFO - Filling up the DagBag from /home/airflow/.local/lib/python3.8/site-packages/airflow/example_dags/example_python_decorator.py
[2026-07-06T16:33:14.885+0000] {processor.py:840} INFO - DAG(s) 'example_python_decorator' retrieved from /home/airflow/.local/lib/python3.8/site-packages/airflow/example_dags/example_python_decorator.py
[2026-07-06T16:33:14.964+0000] {logging_mixin.py:188} INFO - [2026-07-06T16:33:14.964+0000] {dag.py:3036} INFO - Sync 1 DAGs
[2026-07-06T16:33:15.016+0000] {logging_mixin.py:188} INFO - [2026-07-06T16:33:15.015+0000] {dag.py:3823} INFO - Setting next_dagrun for example_python_decorator to None, run_after=None
[2026-07-06T16:33:15.062+0000] {processor.py:183} INFO - Processing /home/airflow/.local/lib/python3.8/site-packages/airflow/example_dags/example_python_decorator.py took 0.251 seconds
[2026-07-06T16:33:45.255+0000] {processor.py:161} INFO - Started process (PID=1371) to work on /home/airflow/.local/lib/python3.8/site-packages/airflow/example_dags/example_python_decorator.py
[2026-07-06T16:33:45.257+0000] {processor.py:830} INFO - Processing file /home/airflow/.local/lib/python3.8/site-packages/airflow/example_dags/example_python_decorator.py for tasks to queue
[2026-07-06T16:33:45.262+0000] {logging_mixin.py:188} INFO - [2026-07-06T16:33:45.261+0000] {dagbag.py:538} INFO - Filling up the DagBag from /home/airflow/.local/lib/python3.8/site-packages/airflow/example_dags/example_python_decorator.py
[2026-07-06T16:33:45.305+0000] {processor.py:840} INFO - DAG(s) 'example_python_decorator' retrieved from /home/airflow/.local/lib/python3.8/site-packages/airflow/example_dags/example_python_decorator.py
[2026-07-06T16:33:45.371+0000] {logging_mixin.py:188} INFO - [2026-07-06T16:33:45.371+0000] {dag.py:3036} INFO - Sync 1 DAGs
[2026-07-06T16:33:45.416+0000] {logging_mixin.py:188} INFO - [2026-07-06T16:33:45.416+0000] {dag.py:3823} INFO - Setting next_dagrun for example_python_decorator to None, run_after=None
[2026-07-06T16:33:45.478+0000] {processor.py:183} INFO - Processing /home/airflow/.local/lib/python3.8/site-packages/airflow/example_dags/example_python_decorator.py took 0.233 seconds
[2026-07-06T16:34:15.736+0000] {processor.py:161} INFO - Started process (PID=1436) to work on /home/airflow/.local/lib/python3.8/site-packages/airflow/example_dags/example_python_decorator.py
[2026-07-06T16:34:15.740+0000] {processor.py:830} INFO - Processing file /home/airflow/.local/lib/python3.8/site-packages/airflow/example_dags/example_python_decorator.py for tasks to queue
[2026-07-06T16:34:15.745+0000] {logging_mixin.py:188} INFO - [2026-07-06T16:34:15.744+0000] {dagbag.py:538} INFO - Filling up the DagBag from /home/airflow/.local/lib/python3.8/site-packages/airflow/example_dags/example_python_decorator.py
[2026-07-06T16:34:15.799+0000] {processor.py:840} INFO - DAG(s) 'example_python_decorator' retrieved from /home/airflow/.local/lib/python3.8/site-packages/airflow/example_dags/example_python_decorator.py
[2026-07-06T16:34:15.857+0000] {logging_mixin.py:188} INFO - [2026-07-06T16:34:15.856+0000] {dag.py:3036} INFO - Sync 1 DAGs
[2026-07-06T16:34:15.890+0000] {logging_mixin.py:188} INFO - [2026-07-06T16:34:15.889+0000] {dag.py:3823} INFO - Setting next_dagrun for example_python_decorator to None, run_after=None
[2026-07-06T16:34:15.938+0000] {processor.py:183} INFO - Processing /home/airflow/.local/lib/python3.8/site-packages/airflow/example_dags/example_python_decorator.py took 0.213 seconds
[2026-07-06T16:34:46.384+0000] {processor.py:161} INFO - Started process (PID=1500) to work on /home/airflow/.local/lib/python3.8/site-packages/airflow/example_dags/example_python_decorator.py
[2026-07-06T16:34:46.388+0000] {processor.py:830} INFO - Processing file /home/airflow/.local/lib/python3.8/site-packages/airflow/example_dags/example_python_decorator.py for tasks to queue
[2026-07-06T16:34:46.401+0000] {logging_mixin.py:188} INFO - [2026-07-06T16:34:46.394+0000] {dagbag.py:538} INFO - Filling up the DagBag from /home/airflow/.local/lib/python3.8/site-packages/airflow/example_dags/example_python_decorator.py
[2026-07-06T16:34:46.444+0000] {processor.py:840} INFO - DAG(s) 'example_python_decorator' retrieved from /home/airflow/.local/lib/python3.8/site-packages/airflow/example_dags/example_python_decorator.py
[2026-07-06T16:34:46.533+0000] {logging_mixin.py:188} INFO - [2026-07-06T16:34:46.532+0000] {dag.py:3036} INFO - Sync 1 DAGs
[2026-07-06T16:34:46.606+0000] {logging_mixin.py:188} INFO - [2026-07-06T16:34:46.605+0000] {dag.py:3823} INFO - Setting next_dagrun for example_python_decorator to None, run_after=None
[2026-07-06T16:34:46.675+0000] {processor.py:183} INFO - Processing /home/airflow/.local/lib/python3.8/site-packages/airflow/example_dags/example_python_decorator.py took 0.340 seconds
[2026-07-06T16:35:16.891+0000] {processor.py:161} INFO - Started process (PID=1558) to work on /home/airflow/.local/lib/python3.8/site-packages/airflow/example_dags/example_python_decorator.py
[2026-07-06T16:35:16.894+0000] {processor.py:830} INFO - Processing file /home/airflow/.local/lib/python3.8/site-packages/airflow/example_dags/example_python_decorator.py for tasks to queue
[2026-07-06T16:35:16.900+0000] {logging_mixin.py:188} INFO - [2026-07-06T16:35:16.898+0000] {dagbag.py:538} INFO - Filling up the DagBag from /home/airflow/.local/lib/python3.8/site-packages/airflow/example_dags/example_python_decorator.py
[2026-07-06T16:35:16.943+0000] {processor.py:840} INFO - DAG(s) 'example_python_decorator' retrieved from /home/airflow/.local/lib/python3.8/site-packages/airflow/example_dags/example_python_decorator.py
[2026-07-06T16:35:17.026+0000] {logging_mixin.py:188} INFO - [2026-07-06T16:35:17.025+0000] {dag.py:3036} INFO - Sync 1 DAGs
[2026-07-06T16:35:17.066+0000] {logging_mixin.py:188} INFO - [2026-07-06T16:35:17.065+0000] {dag.py:3823} INFO - Setting next_dagrun for example_python_decorator to None, run_after=None
[2026-07-06T16:35:17.124+0000] {processor.py:183} INFO - Processing /home/airflow/.local/lib/python3.8/site-packages/airflow/example_dags/example_python_decorator.py took 0.244 seconds
[2026-07-06T16:35:47.301+0000] {processor.py:161} INFO - Started process (PID=1624) to work on /home/airflow/.local/lib/python3.8/site-packages/airflow/example_dags/example_python_decorator.py
[2026-07-06T16:35:47.305+0000] {processor.py:830} INFO - Processing file /home/airflow/.local/lib/python3.8/site-packages/airflow/example_dags/example_python_decorator.py for tasks to queue
[2026-07-06T16:35:47.311+0000] {logging_mixin.py:188} INFO - [2026-07-06T16:35:47.310+0000] {dagbag.py:538} INFO - Filling up the DagBag from /home/airflow/.local/lib/python3.8/site-packages/airflow/example_dags/example_python_decorator.py
[2026-07-06T16:35:47.356+0000] {processor.py:840} INFO - DAG(s) 'example_python_decorator' retrieved from /home/airflow/.local/lib/python3.8/site-packages/airflow/example_dags/example_python_decorator.py
[2026-07-06T16:35:47.444+0000] {logging_mixin.py:188} INFO - [2026-07-06T16:35:47.443+0000] {dag.py:3036} INFO - Sync 1 DAGs
[2026-07-06T16:35:47.497+0000] {logging_mixin.py:188} INFO - [2026-07-06T16:35:47.496+0000] {dag.py:3823} INFO - Setting next_dagrun for example_python_decorator to None, run_after=None
[2026-07-06T16:35:47.569+0000] {processor.py:183} INFO - Processing /home/airflow/.local/lib/python3.8/site-packages/airflow/example_dags/example_python_decorator.py took 0.280 seconds
[2026-07-06T16:36:18.049+0000] {processor.py:161} INFO - Started process (PID=1689) to work on /home/airflow/.local/lib/python3.8/site-packages/airflow/example_dags/example_python_decorator.py
[2026-07-06T16:36:18.052+0000] {processor.py:830} INFO - Processing file /home/airflow/.local/lib/python3.8/site-packages/airflow/example_dags/example_python_decorator.py for tasks to queue
[2026-07-06T16:36:18.056+0000] {logging_mixin.py:188} INFO - [2026-07-06T16:36:18.056+0000] {dagbag.py:538} INFO - Filling up the DagBag from /home/airflow/.local/lib/python3.8/site-packages/airflow/example_dags/example_python_decorator.py
[2026-07-06T16:36:18.085+0000] {processor.py:840} INFO - DAG(s) 'example_python_decorator' retrieved from /home/airflow/.local/lib/python3.8/site-packages/airflow/example_dags/example_python_decorator.py
[2026-07-06T16:36:18.128+0000] {logging_mixin.py:188} INFO - [2026-07-06T16:36:18.127+0000] {dag.py:3036} INFO - Sync 1 DAGs
[2026-07-06T16:36:18.154+0000] {logging_mixin.py:188} INFO - [2026-07-06T16:36:18.154+0000] {dag.py:3823} INFO - Setting next_dagrun for example_python_decorator to None, run_after=None
[2026-07-06T16:36:18.191+0000] {processor.py:183} INFO - Processing /home/airflow/.local/lib/python3.8/site-packages/airflow/example_dags/example_python_decorator.py took 0.152 seconds
[2026-07-06T16:36:49.228+0000] {processor.py:161} INFO - Started process (PID=1754) to work on /home/airflow/.local/lib/python3.8/site-packages/airflow/example_dags/example_python_decorator.py
[2026-07-06T16:36:49.243+0000] {processor.py:830} INFO - Processing file /home/airflow/.local/lib/python3.8/site-packages/airflow/example_dags/example_python_decorator.py for tasks to queue
[2026-07-06T16:36:49.275+0000] {logging_mixin.py:188} INFO - [2026-07-06T16:36:49.273+0000] {dagbag.py:538} INFO - Filling up the DagBag from /home/airflow/.local/lib/python3.8/site-packages/airflow/example_dags/example_python_decorator.py
[2026-07-06T16:36:49.419+0000] {processor.py:840} INFO - DAG(s) 'example_python_decorator' retrieved from /home/airflow/.local/lib/python3.8/site-packages/airflow/example_dags/example_python_decorator.py
[2026-07-06T16:36:49.554+0000] {logging_mixin.py:188} INFO - [2026-07-06T16:36:49.551+0000] {dag.py:3036} INFO - Sync 1 DAGs
[2026-07-06T16:36:49.631+0000] {logging_mixin.py:188} INFO - [2026-07-06T16:36:49.630+0000] {dag.py:3823} INFO - Setting next_dagrun for example_python_decorator to None, run_after=None
[2026-07-06T16:36:49.768+0000] {processor.py:183} INFO - Processing /home/airflow/.local/lib/python3.8/site-packages/airflow/example_dags/example_python_decorator.py took 0.607 seconds
[2026-07-06T16:37:20.201+0000] {processor.py:161} INFO - Started process (PID=1812) to work on /home/airflow/.local/lib/python3.8/site-packages/airflow/example_dags/example_python_decorator.py
[2026-07-06T16:37:20.218+0000] {processor.py:830} INFO - Processing file /home/airflow/.local/lib/python3.8/site-packages/airflow/example_dags/example_python_decorator.py for tasks to queue
[2026-07-06T16:37:20.223+0000] {logging_mixin.py:188} INFO - [2026-07-06T16:37:20.222+0000] {dagbag.py:538} INFO - Filling up the DagBag from /home/airflow/.local/lib/python3.8/site-packages/airflow/example_dags/example_python_decorator.py
[2026-07-06T16:37:20.261+0000] {processor.py:840} INFO - DAG(s) 'example_python_decorator' retrieved from /home/airflow/.local/lib/python3.8/site-packages/airflow/example_dags/example_python_decorator.py
[2026-07-06T16:37:20.330+0000] {logging_mixin.py:188} INFO - [2026-07-06T16:37:20.329+0000] {dag.py:3036} INFO - Sync 1 DAGs
[2026-07-06T16:37:20.366+0000] {logging_mixin.py:188} INFO - [2026-07-06T16:37:20.365+0000] {dag.py:3823} INFO - Setting next_dagrun for example_python_decorator to None, run_after=None
[2026-07-06T16:37:20.420+0000] {processor.py:183} INFO - Processing /home/airflow/.local/lib/python3.8/site-packages/airflow/example_dags/example_python_decorator.py took 0.236 seconds
[2026-07-06T16:37:50.738+0000] {processor.py:161} INFO - Started process (PID=1878) to work on /home/airflow/.local/lib/python3.8/site-packages/airflow/example_dags/example_python_decorator.py
[2026-07-06T16:37:50.744+0000] {processor.py:830} INFO - Processing file /home/airflow/.local/lib/python3.8/site-packages/airflow/example_dags/example_python_decorator.py for tasks to queue
[2026-07-06T16:37:50.749+0000] {logging_mixin.py:188} INFO - [2026-07-06T16:37:50.749+0000] {dagbag.py:538} INFO - Filling up the DagBag from /home/airflow/.local/lib/python3.8/site-packages/airflow/example_dags/example_python_decorator.py
[2026-07-06T16:37:50.790+0000] {processor.py:840} INFO - DAG(s) 'example_python_decorator' retrieved from /home/airflow/.local/lib/python3.8/site-packages/airflow/example_dags/example_python_decorator.py
[2026-07-06T16:37:50.887+0000] {logging_mixin.py:188} INFO - [2026-07-06T16:37:50.886+0000] {dag.py:3036} INFO - Sync 1 DAGs
[2026-07-06T16:37:50.933+0000] {logging_mixin.py:188} INFO - [2026-07-06T16:37:50.933+0000] {dag.py:3823} INFO - Setting next_dagrun for example_python_decorator to None, run_after=None
[2026-07-06T16:37:50.987+0000] {processor.py:183} INFO - Processing /home/airflow/.local/lib/python3.8/site-packages/airflow/example_dags/example_python_decorator.py took 0.258 seconds
[2026-07-06T16:38:21.825+0000] {processor.py:161} INFO - Started process (PID=1943) to work on /home/airflow/.local/lib/python3.8/site-packages/airflow/example_dags/example_python_decorator.py
[2026-07-06T16:38:21.827+0000] {processor.py:830} INFO - Processing file /home/airflow/.local/lib/python3.8/site-packages/airflow/example_dags/example_python_decorator.py for tasks to queue
[2026-07-06T16:38:21.831+0000] {logging_mixin.py:188} INFO - [2026-07-06T16:38:21.830+0000] {dagbag.py:538} INFO - Filling up the DagBag from /home/airflow/.local/lib/python3.8/site-packages/airflow/example_dags/example_python_decorator.py
[2026-07-06T16:38:21.862+0000] {processor.py:840} INFO - DAG(s) 'example_python_decorator' retrieved from /home/airflow/.local/lib/python3.8/site-packages/airflow/example_dags/example_python_decorator.py
[2026-07-06T16:38:21.910+0000] {logging_mixin.py:188} INFO - [2026-07-06T16:38:21.910+0000] {dag.py:3036} INFO - Sync 1 DAGs
[2026-07-06T16:38:21.940+0000] {logging_mixin.py:188} INFO - [2026-07-06T16:38:21.939+0000] {dag.py:3823} INFO - Setting next_dagrun for example_python_decorator to None, run_after=None
[2026-07-06T16:38:21.979+0000] {processor.py:183} INFO - Processing /home/airflow/.local/lib/python3.8/site-packages/airflow/example_dags/example_python_decorator.py took 0.163 seconds
[2026-07-06T16:38:52.446+0000] {processor.py:161} INFO - Started process (PID=2011) to work on /home/airflow/.local/lib/python3.8/site-packages/airflow/example_dags/example_python_decorator.py
[2026-07-06T16:38:52.449+0000] {processor.py:830} INFO - Processing file /home/airflow/.local/lib/python3.8/site-packages/airflow/example_dags/example_python_decorator.py for tasks to queue
[2026-07-06T16:38:52.455+0000] {logging_mixin.py:188} INFO - [2026-07-06T16:38:52.454+0000] {dagbag.py:538} INFO - Filling up the DagBag from /home/airflow/.local/lib/python3.8/site-packages/airflow/example_dags/example_python_decorator.py
[2026-07-06T16:38:52.487+0000] {processor.py:840} INFO - DAG(s) 'example_python_decorator' retrieved from /home/airflow/.local/lib/python3.8/site-packages/airflow/example_dags/example_python_decorator.py
[2026-07-06T16:38:52.574+0000] {logging_mixin.py:188} INFO - [2026-07-06T16:38:52.570+0000] {dag.py:3036} INFO - Sync 1 DAGs
[2026-07-06T16:38:52.616+0000] {logging_mixin.py:188} INFO - [2026-07-06T16:38:52.616+0000] {dag.py:3823} INFO - Setting next_dagrun for example_python_decorator to None, run_after=None
[2026-07-06T16:38:52.664+0000] {processor.py:183} INFO - Processing /home/airflow/.local/lib/python3.8/site-packages/airflow/example_dags/example_python_decorator.py took 0.228 seconds
[2026-07-06T16:39:23.549+0000] {processor.py:161} INFO - Started process (PID=2077) to work on /home/airflow/.local/lib/python3.8/site-packages/airflow/example_dags/example_python_decorator.py
[2026-07-06T16:39:23.551+0000] {processor.py:830} INFO - Processing file /home/airflow/.local/lib/python3.8/site-packages/airflow/example_dags/example_python_decorator.py for tasks to queue
[2026-07-06T16:39:23.556+0000] {logging_mixin.py:188} INFO - [2026-07-06T16:39:23.555+0000] {dagbag.py:538} INFO - Filling up the DagBag from /home/airflow/.local/lib/python3.8/site-packages/airflow/example_dags/example_python_decorator.py
[2026-07-06T16:39:23.587+0000] {processor.py:840} INFO - DAG(s) 'example_python_decorator' retrieved from /home/airflow/.local/lib/python3.8/site-packages/airflow/example_dags/example_python_decorator.py
[2026-07-06T16:39:23.636+0000] {logging_mixin.py:188} INFO - [2026-07-06T16:39:23.636+0000] {dag.py:3036} INFO - Sync 1 DAGs
[2026-07-06T16:39:23.673+0000] {logging_mixin.py:188} INFO - [2026-07-06T16:39:23.672+0000] {dag.py:3823} INFO - Setting next_dagrun for example_python_decorator to None, run_after=None
[2026-07-06T16:39:23.726+0000] {processor.py:183} INFO - Processing /home/airflow/.local/lib/python3.8/site-packages/airflow/example_dags/example_python_decorator.py took 0.187 seconds
[2026-07-06T16:39:56.578+0000] {processor.py:161} INFO - Started process (PID=2142) to work on /home/airflow/.local/lib/python3.8/site-packages/airflow/example_dags/example_python_decorator.py
[2026-07-06T16:39:56.600+0000] {processor.py:830} INFO - Processing file /home/airflow/.local/lib/python3.8/site-packages/airflow/example_dags/example_python_decorator.py for tasks to queue
[2026-07-06T16:39:56.701+0000] {logging_mixin.py:188} INFO - [2026-07-06T16:39:56.699+0000] {dagbag.py:538} INFO - Filling up the DagBag from /home/airflow/.local/lib/python3.8/site-packages/airflow/example_dags/example_python_decorator.py
[2026-07-06T16:39:56.827+0000] {processor.py:840} INFO - DAG(s) 'example_python_decorator' retrieved from /home/airflow/.local/lib/python3.8/site-packages/airflow/example_dags/example_python_decorator.py
[2026-07-06T16:39:57.037+0000] {logging_mixin.py:188} INFO - [2026-07-06T16:39:57.036+0000] {dag.py:3036} INFO - Sync 1 DAGs
[2026-07-06T16:39:57.094+0000] {logging_mixin.py:188} INFO - [2026-07-06T16:39:57.093+0000] {dag.py:3823} INFO - Setting next_dagrun for example_python_decorator to None, run_after=None
[2026-07-06T16:39:57.169+0000] {processor.py:183} INFO - Processing /home/airflow/.local/lib/python3.8/site-packages/airflow/example_dags/example_python_decorator.py took 0.634 seconds
[2026-07-06T16:40:28.753+0000] {processor.py:161} INFO - Started process (PID=2201) to work on /home/airflow/.local/lib/python3.8/site-packages/airflow/example_dags/example_python_decorator.py
[2026-07-06T16:40:28.757+0000] {processor.py:830} INFO - Processing file /home/airflow/.local/lib/python3.8/site-packages/airflow/example_dags/example_python_decorator.py for tasks to queue
[2026-07-06T16:40:28.762+0000] {logging_mixin.py:188} INFO - [2026-07-06T16:40:28.762+0000] {dagbag.py:538} INFO - Filling up the DagBag from /home/airflow/.local/lib/python3.8/site-packages/airflow/example_dags/example_python_decorator.py
[2026-07-06T16:40:28.942+0000] {processor.py:840} INFO - DAG(s) 'example_python_decorator' retrieved from /home/airflow/.local/lib/python3.8/site-packages/airflow/example_dags/example_python_decorator.py
[2026-07-06T16:40:29.109+0000] {logging_mixin.py:188} INFO - [2026-07-06T16:40:29.109+0000] {dag.py:3036} INFO - Sync 1 DAGs
[2026-07-06T16:40:29.164+0000] {logging_mixin.py:188} INFO - [2026-07-06T16:40:29.163+0000] {dag.py:3823} INFO - Setting next_dagrun for example_python_decorator to None, run_after=None
[2026-07-06T16:40:29.285+0000] {processor.py:183} INFO - Processing /home/airflow/.local/lib/python3.8/site-packages/airflow/example_dags/example_python_decorator.py took 0.588 seconds
[2026-07-06T16:41:00.106+0000] {processor.py:161} INFO - Started process (PID=2267) to work on /home/airflow/.local/lib/python3.8/site-packages/airflow/example_dags/example_python_decorator.py
[2026-07-06T16:41:00.115+0000] {processor.py:830} INFO - Processing file /home/airflow/.local/lib/python3.8/site-packages/airflow/example_dags/example_python_decorator.py for tasks to queue
[2026-07-06T16:41:00.123+0000] {logging_mixin.py:188} INFO - [2026-07-06T16:41:00.122+0000] {dagbag.py:538} INFO - Filling up the DagBag from /home/airflow/.local/lib/python3.8/site-packages/airflow/example_dags/example_python_decorator.py
[2026-07-06T16:41:00.175+0000] {processor.py:840} INFO - DAG(s) 'example_python_decorator' retrieved from /home/airflow/.local/lib/python3.8/site-packages/airflow/example_dags/example_python_decorator.py
[2026-07-06T16:41:00.243+0000] {logging_mixin.py:188} INFO - [2026-07-06T16:41:00.242+0000] {dag.py:3036} INFO - Sync 1 DAGs
[2026-07-06T16:41:00.276+0000] {logging_mixin.py:188} INFO - [2026-07-06T16:41:00.275+0000] {dag.py:3823} INFO - Setting next_dagrun for example_python_decorator to None, run_after=None
[2026-07-06T16:41:00.335+0000] {processor.py:183} INFO - Processing /home/airflow/.local/lib/python3.8/site-packages/airflow/example_dags/example_python_decorator.py took 0.247 seconds
[2026-07-06T16:41:31.194+0000] {processor.py:161} INFO - Started process (PID=2332) to work on /home/airflow/.local/lib/python3.8/site-packages/airflow/example_dags/example_python_decorator.py
[2026-07-06T16:41:31.199+0000] {processor.py:830} INFO - Processing file /home/airflow/.local/lib/python3.8/site-packages/airflow/example_dags/example_python_decorator.py for tasks to queue
[2026-07-06T16:41:31.206+0000] {logging_mixin.py:188} INFO - [2026-07-06T16:41:31.205+0000] {dagbag.py:538} INFO - Filling up the DagBag from /home/airflow/.local/lib/python3.8/site-packages/airflow/example_dags/example_python_decorator.py
[2026-07-06T16:41:31.247+0000] {processor.py:840} INFO - DAG(s) 'example_python_decorator' retrieved from /home/airflow/.local/lib/python3.8/site-packages/airflow/example_dags/example_python_decorator.py
[2026-07-06T16:41:31.316+0000] {logging_mixin.py:188} INFO - [2026-07-06T16:41:31.315+0000] {dag.py:3036} INFO - Sync 1 DAGs
[2026-07-06T16:41:31.356+0000] {logging_mixin.py:188} INFO - [2026-07-06T16:41:31.355+0000] {dag.py:3823} INFO - Setting next_dagrun for example_python_decorator to None, run_after=None
[2026-07-06T16:41:31.412+0000] {processor.py:183} INFO - Processing /home/airflow/.local/lib/python3.8/site-packages/airflow/example_dags/example_python_decorator.py took 0.229 seconds
[2026-07-06T16:42:01.834+0000] {processor.py:161} INFO - Started process (PID=2399) to work on /home/airflow/.local/lib/python3.8/site-packages/airflow/example_dags/example_python_decorator.py
[2026-07-06T16:42:01.837+0000] {processor.py:830} INFO - Processing file /home/airflow/.local/lib/python3.8/site-packages/airflow/example_dags/example_python_decorator.py for tasks to queue
[2026-07-06T16:42:01.846+0000] {logging_mixin.py:188} INFO - [2026-07-06T16:42:01.845+0000] {dagbag.py:538} INFO - Filling up the DagBag from /home/airflow/.local/lib/python3.8/site-packages/airflow/example_dags/example_python_decorator.py
[2026-07-06T16:42:01.886+0000] {processor.py:840} INFO - DAG(s) 'example_python_decorator' retrieved from /home/airflow/.local/lib/python3.8/site-packages/airflow/example_dags/example_python_decorator.py
[2026-07-06T16:42:01.961+0000] {logging_mixin.py:188} INFO - [2026-07-06T16:42:01.960+0000] {dag.py:3036} INFO - Sync 1 DAGs
[2026-07-06T16:42:01.998+0000] {logging_mixin.py:188} INFO - [2026-07-06T16:42:01.997+0000] {dag.py:3823} INFO - Setting next_dagrun for example_python_decorator to None, run_after=None
[2026-07-06T16:42:02.047+0000] {processor.py:183} INFO - Processing /home/airflow/.local/lib/python3.8/site-packages/airflow/example_dags/example_python_decorator.py took 0.233 seconds
[2026-07-06T16:42:32.342+0000] {processor.py:161} INFO - Started process (PID=2465) to work on /home/airflow/.local/lib/python3.8/site-packages/airflow/example_dags/example_python_decorator.py
[2026-07-06T16:42:32.353+0000] {processor.py:830} INFO - Processing file /home/airflow/.local/lib/python3.8/site-packages/airflow/example_dags/example_python_decorator.py for tasks to queue
[2026-07-06T16:42:32.358+0000] {logging_mixin.py:188} INFO - [2026-07-06T16:42:32.357+0000] {dagbag.py:538} INFO - Filling up the DagBag from /home/airflow/.local/lib/python3.8/site-packages/airflow/example_dags/example_python_decorator.py
[2026-07-06T16:42:32.394+0000] {processor.py:840} INFO - DAG(s) 'example_python_decorator' retrieved from /home/airflow/.local/lib/python3.8/site-packages/airflow/example_dags/example_python_decorator.py
[2026-07-06T16:42:32.446+0000] {logging_mixin.py:188} INFO - [2026-07-06T16:42:32.446+0000] {dag.py:3036} INFO - Sync 1 DAGs
[2026-07-06T16:42:32.500+0000] {logging_mixin.py:188} INFO - [2026-07-06T16:42:32.500+0000] {dag.py:3823} INFO - Setting next_dagrun for example_python_decorator to None, run_after=None
[2026-07-06T16:42:32.560+0000] {processor.py:183} INFO - Processing /home/airflow/.local/lib/python3.8/site-packages/airflow/example_dags/example_python_decorator.py took 0.227 seconds
[2026-07-06T16:43:03.378+0000] {processor.py:161} INFO - Started process (PID=2530) to work on /home/airflow/.local/lib/python3.8/site-packages/airflow/example_dags/example_python_decorator.py
[2026-07-06T16:43:03.381+0000] {processor.py:830} INFO - Processing file /home/airflow/.local/lib/python3.8/site-packages/airflow/example_dags/example_python_decorator.py for tasks to queue
[2026-07-06T16:43:03.389+0000] {logging_mixin.py:188} INFO - [2026-07-06T16:43:03.388+0000] {dagbag.py:538} INFO - Filling up the DagBag from /home/airflow/.local/lib/python3.8/site-packages/airflow/example_dags/example_python_decorator.py
[2026-07-06T16:43:03.495+0000] {processor.py:840} INFO - DAG(s) 'example_python_decorator' retrieved from /home/airflow/.local/lib/python3.8/site-packages/airflow/example_dags/example_python_decorator.py
[2026-07-06T16:43:03.653+0000] {logging_mixin.py:188} INFO - [2026-07-06T16:43:03.652+0000] {dag.py:3036} INFO - Sync 1 DAGs
[2026-07-06T16:43:03.728+0000] {logging_mixin.py:188} INFO - [2026-07-06T16:43:03.727+0000] {dag.py:3823} INFO - Setting next_dagrun for example_python_decorator to None, run_after=None
[2026-07-06T16:43:03.818+0000] {processor.py:183} INFO - Processing /home/airflow/.local/lib/python3.8/site-packages/airflow/example_dags/example_python_decorator.py took 0.461 seconds
[2026-07-06T16:43:34.016+0000] {processor.py:161} INFO - Started process (PID=2587) to work on /home/airflow/.local/lib/python3.8/site-packages/airflow/example_dags/example_python_decorator.py
[2026-07-06T16:43:34.020+0000] {processor.py:830} INFO - Processing file /home/airflow/.local/lib/python3.8/site-packages/airflow/example_dags/example_python_decorator.py for tasks to queue
[2026-07-06T16:43:34.026+0000] {logging_mixin.py:188} INFO - [2026-07-06T16:43:34.025+0000] {dagbag.py:538} INFO - Filling up the DagBag from /home/airflow/.local/lib/python3.8/site-packages/airflow/example_dags/example_python_decorator.py
[2026-07-06T16:43:34.059+0000] {processor.py:840} INFO - DAG(s) 'example_python_decorator' retrieved from /home/airflow/.local/lib/python3.8/site-packages/airflow/example_dags/example_python_decorator.py
[2026-07-06T16:43:34.108+0000] {logging_mixin.py:188} INFO - [2026-07-06T16:43:34.108+0000] {dag.py:3036} INFO - Sync 1 DAGs
[2026-07-06T16:43:34.133+0000] {logging_mixin.py:188} INFO - [2026-07-06T16:43:34.133+0000] {dag.py:3823} INFO - Setting next_dagrun for example_python_decorator to None, run_after=None
[2026-07-06T16:43:34.173+0000] {processor.py:183} INFO - Processing /home/airflow/.local/lib/python3.8/site-packages/airflow/example_dags/example_python_decorator.py took 0.170 seconds
[2026-07-06T16:44:04.424+0000] {processor.py:161} INFO - Started process (PID=2653) to work on /home/airflow/.local/lib/python3.8/site-packages/airflow/example_dags/example_python_decorator.py
[2026-07-06T16:44:04.429+0000] {processor.py:830} INFO - Processing file /home/airflow/.local/lib/python3.8/site-packages/airflow/example_dags/example_python_decorator.py for tasks to queue
[2026-07-06T16:44:04.435+0000] {logging_mixin.py:188} INFO - [2026-07-06T16:44:04.434+0000] {dagbag.py:538} INFO - Filling up the DagBag from /home/airflow/.local/lib/python3.8/site-packages/airflow/example_dags/example_python_decorator.py
[2026-07-06T16:44:04.469+0000] {processor.py:840} INFO - DAG(s) 'example_python_decorator' retrieved from /home/airflow/.local/lib/python3.8/site-packages/airflow/example_dags/example_python_decorator.py
[2026-07-06T16:44:04.537+0000] {logging_mixin.py:188} INFO - [2026-07-06T16:44:04.536+0000] {dag.py:3036} INFO - Sync 1 DAGs
[2026-07-06T16:44:04.567+0000] {logging_mixin.py:188} INFO - [2026-07-06T16:44:04.567+0000] {dag.py:3823} INFO - Setting next_dagrun for example_python_decorator to None, run_after=None
[2026-07-06T16:44:04.609+0000] {processor.py:183} INFO - Processing /home/airflow/.local/lib/python3.8/site-packages/airflow/example_dags/example_python_decorator.py took 0.197 seconds
[2026-07-06T16:44:35.428+0000] {processor.py:161} INFO - Started process (PID=2720) to work on /home/airflow/.local/lib/python3.8/site-packages/airflow/example_dags/example_python_decorator.py
[2026-07-06T16:44:35.434+0000] {processor.py:830} INFO - Processing file /home/airflow/.local/lib/python3.8/site-packages/airflow/example_dags/example_python_decorator.py for tasks to queue
[2026-07-06T16:44:35.441+0000] {logging_mixin.py:188} INFO - [2026-07-06T16:44:35.440+0000] {dagbag.py:538} INFO - Filling up the DagBag from /home/airflow/.local/lib/python3.8/site-packages/airflow/example_dags/example_python_decorator.py
[2026-07-06T16:44:35.498+0000] {processor.py:840} INFO - DAG(s) 'example_python_decorator' retrieved from /home/airflow/.local/lib/python3.8/site-packages/airflow/example_dags/example_python_decorator.py
[2026-07-06T16:44:35.568+0000] {logging_mixin.py:188} INFO - [2026-07-06T16:44:35.567+0000] {dag.py:3036} INFO - Sync 1 DAGs
[2026-07-06T16:44:35.598+0000] {logging_mixin.py:188} INFO - [2026-07-06T16:44:35.598+0000] {dag.py:3823} INFO - Setting next_dagrun for example_python_decorator to None, run_after=None
[2026-07-06T16:44:35.635+0000] {processor.py:183} INFO - Processing /home/airflow/.local/lib/python3.8/site-packages/airflow/example_dags/example_python_decorator.py took 0.220 seconds
[2026-07-06T16:45:05.881+0000] {processor.py:161} INFO - Started process (PID=2786) to work on /home/airflow/.local/lib/python3.8/site-packages/airflow/example_dags/example_python_decorator.py
[2026-07-06T16:45:05.887+0000] {processor.py:830} INFO - Processing file /home/airflow/.local/lib/python3.8/site-packages/airflow/example_dags/example_python_decorator.py for tasks to queue
[2026-07-06T16:45:05.892+0000] {logging_mixin.py:188} INFO - [2026-07-06T16:45:05.892+0000] {dagbag.py:538} INFO - Filling up the DagBag from /home/airflow/.local/lib/python3.8/site-packages/airflow/example_dags/example_python_decorator.py
[2026-07-06T16:45:05.925+0000] {processor.py:840} INFO - DAG(s) 'example_python_decorator' retrieved from /home/airflow/.local/lib/python3.8/site-packages/airflow/example_dags/example_python_decorator.py
[2026-07-06T16:45:05.991+0000] {logging_mixin.py:188} INFO - [2026-07-06T16:45:05.991+0000] {dag.py:3036} INFO - Sync 1 DAGs
[2026-07-06T16:45:06.026+0000] {logging_mixin.py:188} INFO - [2026-07-06T16:45:06.026+0000] {dag.py:3823} INFO - Setting next_dagrun for example_python_decorator to None, run_after=None
[2026-07-06T16:45:06.070+0000] {processor.py:183} INFO - Processing /home/airflow/.local/lib/python3.8/site-packages/airflow/example_dags/example_python_decorator.py took 0.198 seconds
[2026-07-06T16:45:36.705+0000] {processor.py:161} INFO - Started process (PID=2852) to work on /home/airflow/.local/lib/python3.8/site-packages/airflow/example_dags/example_python_decorator.py
[2026-07-06T16:45:36.708+0000] {processor.py:830} INFO - Processing file /home/airflow/.local/lib/python3.8/site-packages/airflow/example_dags/example_python_decorator.py for tasks to queue
[2026-07-06T16:45:36.712+0000] {logging_mixin.py:188} INFO - [2026-07-06T16:45:36.712+0000] {dagbag.py:538} INFO - Filling up the DagBag from /home/airflow/.local/lib/python3.8/site-packages/airflow/example_dags/example_python_decorator.py
[2026-07-06T16:45:36.756+0000] {processor.py:840} INFO - DAG(s) 'example_python_decorator' retrieved from /home/airflow/.local/lib/python3.8/site-packages/airflow/example_dags/example_python_decorator.py
[2026-07-06T16:45:36.840+0000] {logging_mixin.py:188} INFO - [2026-07-06T16:45:36.840+0000] {dag.py:3036} INFO - Sync 1 DAGs
[2026-07-06T16:45:36.875+0000] {logging_mixin.py:188} INFO - [2026-07-06T16:45:36.874+0000] {dag.py:3823} INFO - Setting next_dagrun for example_python_decorator to None, run_after=None
[2026-07-06T16:45:36.925+0000] {processor.py:183} INFO - Processing /home/airflow/.local/lib/python3.8/site-packages/airflow/example_dags/example_python_decorator.py took 0.230 seconds
[2026-07-06T16:46:07.156+0000] {processor.py:161} INFO - Started process (PID=2918) to work on /home/airflow/.local/lib/python3.8/site-packages/airflow/example_dags/example_python_decorator.py
[2026-07-06T16:46:07.165+0000] {processor.py:830} INFO - Processing file /home/airflow/.local/lib/python3.8/site-packages/airflow/example_dags/example_python_decorator.py for tasks to queue
[2026-07-06T16:46:07.169+0000] {logging_mixin.py:188} INFO - [2026-07-06T16:46:07.168+0000] {dagbag.py:538} INFO - Filling up the DagBag from /home/airflow/.local/lib/python3.8/site-packages/airflow/example_dags/example_python_decorator.py
[2026-07-06T16:46:07.207+0000] {processor.py:840} INFO - DAG(s) 'example_python_decorator' retrieved from /home/airflow/.local/lib/python3.8/site-packages/airflow/example_dags/example_python_decorator.py
[2026-07-06T16:46:07.263+0000] {logging_mixin.py:188} INFO - [2026-07-06T16:46:07.263+0000] {dag.py:3036} INFO - Sync 1 DAGs
[2026-07-06T16:46:07.290+0000] {logging_mixin.py:188} INFO - [2026-07-06T16:46:07.290+0000] {dag.py:3823} INFO - Setting next_dagrun for example_python_decorator to None, run_after=None
[2026-07-06T16:46:07.342+0000] {processor.py:183} INFO - Processing /home/airflow/.local/lib/python3.8/site-packages/airflow/example_dags/example_python_decorator.py took 0.194 seconds
[2026-07-06T16:46:37.594+0000] {processor.py:161} INFO - Started process (PID=2984) to work on /home/airflow/.local/lib/python3.8/site-packages/airflow/example_dags/example_python_decorator.py
[2026-07-06T16:46:37.601+0000] {processor.py:830} INFO - Processing file /home/airflow/.local/lib/python3.8/site-packages/airflow/example_dags/example_python_decorator.py for tasks to queue
[2026-07-06T16:46:37.606+0000] {logging_mixin.py:188} INFO - [2026-07-06T16:46:37.605+0000] {dagbag.py:538} INFO - Filling up the DagBag from /home/airflow/.local/lib/python3.8/site-packages/airflow/example_dags/example_python_decorator.py
[2026-07-06T16:46:37.646+0000] {processor.py:840} INFO - DAG(s) 'example_python_decorator' retrieved from /home/airflow/.local/lib/python3.8/site-packages/airflow/example_dags/example_python_decorator.py
[2026-07-06T16:46:37.711+0000] {logging_mixin.py:188} INFO - [2026-07-06T16:46:37.710+0000] {dag.py:3036} INFO - Sync 1 DAGs
[2026-07-06T16:46:37.746+0000] {logging_mixin.py:188} INFO - [2026-07-06T16:46:37.746+0000] {dag.py:3823} INFO - Setting next_dagrun for example_python_decorator to None, run_after=None
[2026-07-06T16:46:37.810+0000] {processor.py:183} INFO - Processing /home/airflow/.local/lib/python3.8/site-packages/airflow/example_dags/example_python_decorator.py took 0.227 seconds
[2026-07-06T16:47:08.008+0000] {processor.py:161} INFO - Started process (PID=3042) to work on /home/airflow/.local/lib/python3.8/site-packages/airflow/example_dags/example_python_decorator.py
[2026-07-06T16:47:08.016+0000] {processor.py:830} INFO - Processing file /home/airflow/.local/lib/python3.8/site-packages/airflow/example_dags/example_python_decorator.py for tasks to queue
[2026-07-06T16:47:08.025+0000] {logging_mixin.py:188} INFO - [2026-07-06T16:47:08.024+0000] {dagbag.py:538} INFO - Filling up the DagBag from /home/airflow/.local/lib/python3.8/site-packages/airflow/example_dags/example_python_decorator.py
[2026-07-06T16:47:08.078+0000] {processor.py:840} INFO - DAG(s) 'example_python_decorator' retrieved from /home/airflow/.local/lib/python3.8/site-packages/airflow/example_dags/example_python_decorator.py
[2026-07-06T16:47:08.157+0000] {logging_mixin.py:188} INFO - [2026-07-06T16:47:08.156+0000] {dag.py:3036} INFO - Sync 1 DAGs
[2026-07-06T16:47:08.212+0000] {logging_mixin.py:188} INFO - [2026-07-06T16:47:08.211+0000] {dag.py:3823} INFO - Setting next_dagrun for example_python_decorator to None, run_after=None
[2026-07-06T16:47:08.260+0000] {processor.py:183} INFO - Processing /home/airflow/.local/lib/python3.8/site-packages/airflow/example_dags/example_python_decorator.py took 0.264 seconds
[2026-07-06T16:47:38.436+0000] {processor.py:161} INFO - Started process (PID=3108) to work on /home/airflow/.local/lib/python3.8/site-packages/airflow/example_dags/example_python_decorator.py
[2026-07-06T16:47:38.439+0000] {processor.py:830} INFO - Processing file /home/airflow/.local/lib/python3.8/site-packages/airflow/example_dags/example_python_decorator.py for tasks to queue
[2026-07-06T16:47:38.445+0000] {logging_mixin.py:188} INFO - [2026-07-06T16:47:38.444+0000] {dagbag.py:538} INFO - Filling up the DagBag from /home/airflow/.local/lib/python3.8/site-packages/airflow/example_dags/example_python_decorator.py
[2026-07-06T16:47:38.487+0000] {processor.py:840} INFO - DAG(s) 'example_python_decorator' retrieved from /home/airflow/.local/lib/python3.8/site-packages/airflow/example_dags/example_python_decorator.py
[2026-07-06T16:47:38.548+0000] {logging_mixin.py:188} INFO - [2026-07-06T16:47:38.548+0000] {dag.py:3036} INFO - Sync 1 DAGs
[2026-07-06T16:47:38.575+0000] {logging_mixin.py:188} INFO - [2026-07-06T16:47:38.575+0000] {dag.py:3823} INFO - Setting next_dagrun for example_python_decorator to None, run_after=None
[2026-07-06T16:47:38.616+0000] {processor.py:183} INFO - Processing /home/airflow/.local/lib/python3.8/site-packages/airflow/example_dags/example_python_decorator.py took 0.192 seconds
[2026-07-06T16:48:09.024+0000] {processor.py:161} INFO - Started process (PID=3174) to work on /home/airflow/.local/lib/python3.8/site-packages/airflow/example_dags/example_python_decorator.py
[2026-07-06T16:48:09.028+0000] {processor.py:830} INFO - Processing file /home/airflow/.local/lib/python3.8/site-packages/airflow/example_dags/example_python_decorator.py for tasks to queue
[2026-07-06T16:48:09.031+0000] {logging_mixin.py:188} INFO - [2026-07-06T16:48:09.031+0000] {dagbag.py:538} INFO - Filling up the DagBag from /home/airflow/.local/lib/python3.8/site-packages/airflow/example_dags/example_python_decorator.py
[2026-07-06T16:48:09.063+0000] {processor.py:840} INFO - DAG(s) 'example_python_decorator' retrieved from /home/airflow/.local/lib/python3.8/site-packages/airflow/example_dags/example_python_decorator.py
[2026-07-06T16:48:09.116+0000] {logging_mixin.py:188} INFO - [2026-07-06T16:48:09.115+0000] {dag.py:3036} INFO - Sync 1 DAGs
[2026-07-06T16:48:09.151+0000] {logging_mixin.py:188} INFO - [2026-07-06T16:48:09.150+0000] {dag.py:3823} INFO - Setting next_dagrun for example_python_decorator to None, run_after=None
[2026-07-06T16:48:09.200+0000] {processor.py:183} INFO - Processing /home/airflow/.local/lib/python3.8/site-packages/airflow/example_dags/example_python_decorator.py took 0.191 seconds
[2026-07-06T16:48:39.958+0000] {processor.py:161} INFO - Started process (PID=3240) to work on /home/airflow/.local/lib/python3.8/site-packages/airflow/example_dags/example_python_decorator.py
[2026-07-06T16:48:39.960+0000] {processor.py:830} INFO - Processing file /home/airflow/.local/lib/python3.8/site-packages/airflow/example_dags/example_python_decorator.py for tasks to queue
[2026-07-06T16:48:39.964+0000] {logging_mixin.py:188} INFO - [2026-07-06T16:48:39.963+0000] {dagbag.py:538} INFO - Filling up the DagBag from /home/airflow/.local/lib/python3.8/site-packages/airflow/example_dags/example_python_decorator.py
[2026-07-06T16:48:40.006+0000] {processor.py:840} INFO - DAG(s) 'example_python_decorator' retrieved from /home/airflow/.local/lib/python3.8/site-packages/airflow/example_dags/example_python_decorator.py
[2026-07-06T16:48:40.058+0000] {logging_mixin.py:188} INFO - [2026-07-06T16:48:40.057+0000] {dag.py:3036} INFO - Sync 1 DAGs
[2026-07-06T16:48:40.087+0000] {logging_mixin.py:188} INFO - [2026-07-06T16:48:40.087+0000] {dag.py:3823} INFO - Setting next_dagrun for example_python_decorator to None, run_after=None
[2026-07-06T16:48:40.131+0000] {processor.py:183} INFO - Processing /home/airflow/.local/lib/python3.8/site-packages/airflow/example_dags/example_python_decorator.py took 0.180 seconds
[2026-07-06T16:49:10.296+0000] {processor.py:161} INFO - Started process (PID=3306) to work on /home/airflow/.local/lib/python3.8/site-packages/airflow/example_dags/example_python_decorator.py
[2026-07-06T16:49:10.298+0000] {processor.py:830} INFO - Processing file /home/airflow/.local/lib/python3.8/site-packages/airflow/example_dags/example_python_decorator.py for tasks to queue
[2026-07-06T16:49:10.302+0000] {logging_mixin.py:188} INFO - [2026-07-06T16:49:10.301+0000] {dagbag.py:538} INFO - Filling up the DagBag from /home/airflow/.local/lib/python3.8/site-packages/airflow/example_dags/example_python_decorator.py
[2026-07-06T16:49:10.328+0000] {processor.py:840} INFO - DAG(s) 'example_python_decorator' retrieved from /home/airflow/.local/lib/python3.8/site-packages/airflow/example_dags/example_python_decorator.py
[2026-07-06T16:49:10.378+0000] {logging_mixin.py:188} INFO - [2026-07-06T16:49:10.378+0000] {dag.py:3036} INFO - Sync 1 DAGs
[2026-07-06T16:49:10.679+0000] {logging_mixin.py:188} INFO - [2026-07-06T16:49:10.679+0000] {dag.py:3823} INFO - Setting next_dagrun for example_python_decorator to None, run_after=None
[2026-07-06T16:49:10.717+0000] {processor.py:183} INFO - Processing /home/airflow/.local/lib/python3.8/site-packages/airflow/example_dags/example_python_decorator.py took 0.429 seconds
[2026-07-06T16:49:41.241+0000] {processor.py:161} INFO - Started process (PID=3372) to work on /home/airflow/.local/lib/python3.8/site-packages/airflow/example_dags/example_python_decorator.py
[2026-07-06T16:49:41.244+0000] {processor.py:830} INFO - Processing file /home/airflow/.local/lib/python3.8/site-packages/airflow/example_dags/example_python_decorator.py for tasks to queue
[2026-07-06T16:49:41.248+0000] {logging_mixin.py:188} INFO - [2026-07-06T16:49:41.247+0000] {dagbag.py:538} INFO - Filling up the DagBag from /home/airflow/.local/lib/python3.8/site-packages/airflow/example_dags/example_python_decorator.py
[2026-07-06T16:49:41.275+0000] {processor.py:840} INFO - DAG(s) 'example_python_decorator' retrieved from /home/airflow/.local/lib/python3.8/site-packages/airflow/example_dags/example_python_decorator.py
[2026-07-06T16:49:41.326+0000] {logging_mixin.py:188} INFO - [2026-07-06T16:49:41.326+0000] {dag.py:3036} INFO - Sync 1 DAGs
[2026-07-06T16:49:41.353+0000] {logging_mixin.py:188} INFO - [2026-07-06T16:49:41.352+0000] {dag.py:3823} INFO - Setting next_dagrun for example_python_decorator to None, run_after=None
[2026-07-06T16:49:41.400+0000] {processor.py:183} INFO - Processing /home/airflow/.local/lib/python3.8/site-packages/airflow/example_dags/example_python_decorator.py took 0.168 seconds
[2026-07-06T16:50:11.950+0000] {processor.py:161} INFO - Started process (PID=3436) to work on /home/airflow/.local/lib/python3.8/site-packages/airflow/example_dags/example_python_decorator.py
[2026-07-06T16:50:11.954+0000] {processor.py:830} INFO - Processing file /home/airflow/.local/lib/python3.8/site-packages/airflow/example_dags/example_python_decorator.py for tasks to queue
[2026-07-06T16:50:11.959+0000] {logging_mixin.py:188} INFO - [2026-07-06T16:50:11.958+0000] {dagbag.py:538} INFO - Filling up the DagBag from /home/airflow/.local/lib/python3.8/site-packages/airflow/example_dags/example_python_decorator.py
[2026-07-06T16:50:11.998+0000] {processor.py:840} INFO - DAG(s) 'example_python_decorator' retrieved from /home/airflow/.local/lib/python3.8/site-packages/airflow/example_dags/example_python_decorator.py
[2026-07-06T16:50:12.052+0000] {logging_mixin.py:188} INFO - [2026-07-06T16:50:12.052+0000] {dag.py:3036} INFO - Sync 1 DAGs
[2026-07-06T16:50:12.084+0000] {logging_mixin.py:188} INFO - [2026-07-06T16:50:12.084+0000] {dag.py:3823} INFO - Setting next_dagrun for example_python_decorator to None, run_after=None
[2026-07-06T16:50:12.135+0000] {processor.py:183} INFO - Processing /home/airflow/.local/lib/python3.8/site-packages/airflow/example_dags/example_python_decorator.py took 0.196 seconds
[2026-07-06T16:50:42.406+0000] {processor.py:161} INFO - Started process (PID=3502) to work on /home/airflow/.local/lib/python3.8/site-packages/airflow/example_dags/example_python_decorator.py
[2026-07-06T16:50:42.409+0000] {processor.py:830} INFO - Processing file /home/airflow/.local/lib/python3.8/site-packages/airflow/example_dags/example_python_decorator.py for tasks to queue
[2026-07-06T16:50:42.413+0000] {logging_mixin.py:188} INFO - [2026-07-06T16:50:42.412+0000] {dagbag.py:538} INFO - Filling up the DagBag from /home/airflow/.local/lib/python3.8/site-packages/airflow/example_dags/example_python_decorator.py
[2026-07-06T16:50:42.448+0000] {processor.py:840} INFO - DAG(s) 'example_python_decorator' retrieved from /home/airflow/.local/lib/python3.8/site-packages/airflow/example_dags/example_python_decorator.py
[2026-07-06T16:50:42.783+0000] {logging_mixin.py:188} INFO - [2026-07-06T16:50:42.782+0000] {dag.py:3036} INFO - Sync 1 DAGs
[2026-07-06T16:50:42.810+0000] {logging_mixin.py:188} INFO - [2026-07-06T16:50:42.810+0000] {dag.py:3823} INFO - Setting next_dagrun for example_python_decorator to None, run_after=None
[2026-07-06T16:50:42.849+0000] {processor.py:183} INFO - Processing /home/airflow/.local/lib/python3.8/site-packages/airflow/example_dags/example_python_decorator.py took 0.453 seconds
[2026-07-06T16:51:12.973+0000] {processor.py:161} INFO - Started process (PID=3567) to work on /home/airflow/.local/lib/python3.8/site-packages/airflow/example_dags/example_python_decorator.py
[2026-07-06T16:51:12.976+0000] {processor.py:830} INFO - Processing file /home/airflow/.local/lib/python3.8/site-packages/airflow/example_dags/example_python_decorator.py for tasks to queue
[2026-07-06T16:51:12.981+0000] {logging_mixin.py:188} INFO - [2026-07-06T16:51:12.980+0000] {dagbag.py:538} INFO - Filling up the DagBag from /home/airflow/.local/lib/python3.8/site-packages/airflow/example_dags/example_python_decorator.py
[2026-07-06T16:51:13.017+0000] {processor.py:840} INFO - DAG(s) 'example_python_decorator' retrieved from /home/airflow/.local/lib/python3.8/site-packages/airflow/example_dags/example_python_decorator.py
[2026-07-06T16:51:13.085+0000] {logging_mixin.py:188} INFO - [2026-07-06T16:51:13.084+0000] {dag.py:3036} INFO - Sync 1 DAGs
[2026-07-06T16:51:13.136+0000] {logging_mixin.py:188} INFO - [2026-07-06T16:51:13.135+0000] {dag.py:3823} INFO - Setting next_dagrun for example_python_decorator to None, run_after=None
[2026-07-06T16:51:13.189+0000] {processor.py:183} INFO - Processing /home/airflow/.local/lib/python3.8/site-packages/airflow/example_dags/example_python_decorator.py took 0.226 seconds
[2026-07-06T16:51:43.333+0000] {processor.py:161} INFO - Started process (PID=3633) to work on /home/airflow/.local/lib/python3.8/site-packages/airflow/example_dags/example_python_decorator.py
[2026-07-06T16:51:43.336+0000] {processor.py:830} INFO - Processing file /home/airflow/.local/lib/python3.8/site-packages/airflow/example_dags/example_python_decorator.py for tasks to queue
[2026-07-06T16:51:43.340+0000] {logging_mixin.py:188} INFO - [2026-07-06T16:51:43.340+0000] {dagbag.py:538} INFO - Filling up the DagBag from /home/airflow/.local/lib/python3.8/site-packages/airflow/example_dags/example_python_decorator.py
[2026-07-06T16:51:43.379+0000] {processor.py:840} INFO - DAG(s) 'example_python_decorator' retrieved from /home/airflow/.local/lib/python3.8/site-packages/airflow/example_dags/example_python_decorator.py
[2026-07-06T16:51:43.438+0000] {logging_mixin.py:188} INFO - [2026-07-06T16:51:43.438+0000] {dag.py:3036} INFO - Sync 1 DAGs
[2026-07-06T16:51:43.473+0000] {logging_mixin.py:188} INFO - [2026-07-06T16:51:43.472+0000] {dag.py:3823} INFO - Setting next_dagrun for example_python_decorator to None, run_after=None
[2026-07-06T16:51:43.521+0000] {processor.py:183} INFO - Processing /home/airflow/.local/lib/python3.8/site-packages/airflow/example_dags/example_python_decorator.py took 0.197 seconds
[2026-07-06T16:52:13.689+0000] {processor.py:161} INFO - Started process (PID=3698) to work on /home/airflow/.local/lib/python3.8/site-packages/airflow/example_dags/example_python_decorator.py
[2026-07-06T16:52:13.692+0000] {processor.py:830} INFO - Processing file /home/airflow/.local/lib/python3.8/site-packages/airflow/example_dags/example_python_decorator.py for tasks to queue
[2026-07-06T16:52:13.696+0000] {logging_mixin.py:188} INFO - [2026-07-06T16:52:13.695+0000] {dagbag.py:538} INFO - Filling up the DagBag from /home/airflow/.local/lib/python3.8/site-packages/airflow/example_dags/example_python_decorator.py
[2026-07-06T16:52:13.734+0000] {processor.py:840} INFO - DAG(s) 'example_python_decorator' retrieved from /home/airflow/.local/lib/python3.8/site-packages/airflow/example_dags/example_python_decorator.py
[2026-07-06T16:52:13.797+0000] {logging_mixin.py:188} INFO - [2026-07-06T16:52:13.796+0000] {dag.py:3036} INFO - Sync 1 DAGs
[2026-07-06T16:52:13.825+0000] {logging_mixin.py:188} INFO - [2026-07-06T16:52:13.825+0000] {dag.py:3823} INFO - Setting next_dagrun for example_python_decorator to None, run_after=None
[2026-07-06T16:52:13.873+0000] {processor.py:183} INFO - Processing /home/airflow/.local/lib/python3.8/site-packages/airflow/example_dags/example_python_decorator.py took 0.195 seconds
[2026-07-06T16:52:43.970+0000] {processor.py:161} INFO - Started process (PID=3757) to work on /home/airflow/.local/lib/python3.8/site-packages/airflow/example_dags/example_python_decorator.py
[2026-07-06T16:52:43.973+0000] {processor.py:830} INFO - Processing file /home/airflow/.local/lib/python3.8/site-packages/airflow/example_dags/example_python_decorator.py for tasks to queue
[2026-07-06T16:52:43.977+0000] {logging_mixin.py:188} INFO - [2026-07-06T16:52:43.977+0000] {dagbag.py:538} INFO - Filling up the DagBag from /home/airflow/.local/lib/python3.8/site-packages/airflow/example_dags/example_python_decorator.py
[2026-07-06T16:52:44.008+0000] {processor.py:840} INFO - DAG(s) 'example_python_decorator' retrieved from /home/airflow/.local/lib/python3.8/site-packages/airflow/example_dags/example_python_decorator.py
[2026-07-06T16:52:44.062+0000] {logging_mixin.py:188} INFO - [2026-07-06T16:52:44.061+0000] {dag.py:3036} INFO - Sync 1 DAGs
[2026-07-06T16:52:44.090+0000] {logging_mixin.py:188} INFO - [2026-07-06T16:52:44.089+0000] {dag.py:3823} INFO - Setting next_dagrun for example_python_decorator to None, run_after=None
[2026-07-06T16:52:44.130+0000] {processor.py:183} INFO - Processing /home/airflow/.local/lib/python3.8/site-packages/airflow/example_dags/example_python_decorator.py took 0.168 seconds
[2026-07-06T16:53:15.015+0000] {processor.py:161} INFO - Started process (PID=3822) to work on /home/airflow/.local/lib/python3.8/site-packages/airflow/example_dags/example_python_decorator.py
[2026-07-06T16:53:15.018+0000] {processor.py:830} INFO - Processing file /home/airflow/.local/lib/python3.8/site-packages/airflow/example_dags/example_python_decorator.py for tasks to queue
[2026-07-06T16:53:15.022+0000] {logging_mixin.py:188} INFO - [2026-07-06T16:53:15.021+0000] {dagbag.py:538} INFO - Filling up the DagBag from /home/airflow/.local/lib/python3.8/site-packages/airflow/example_dags/example_python_decorator.py
[2026-07-06T16:53:15.060+0000] {processor.py:840} INFO - DAG(s) 'example_python_decorator' retrieved from /home/airflow/.local/lib/python3.8/site-packages/airflow/example_dags/example_python_decorator.py
[2026-07-06T16:53:15.110+0000] {logging_mixin.py:188} INFO - [2026-07-06T16:53:15.109+0000] {dag.py:3036} INFO - Sync 1 DAGs
[2026-07-06T16:53:15.134+0000] {logging_mixin.py:188} INFO - [2026-07-06T16:53:15.133+0000] {dag.py:3823} INFO - Setting next_dagrun for example_python_decorator to None, run_after=None
[2026-07-06T16:53:15.172+0000] {processor.py:183} INFO - Processing /home/airflow/.local/lib/python3.8/site-packages/airflow/example_dags/example_python_decorator.py took 0.166 seconds
[2026-07-06T16:53:45.715+0000] {processor.py:161} INFO - Started process (PID=3886) to work on /home/airflow/.local/lib/python3.8/site-packages/airflow/example_dags/example_python_decorator.py
[2026-07-06T16:53:45.719+0000] {processor.py:830} INFO - Processing file /home/airflow/.local/lib/python3.8/site-packages/airflow/example_dags/example_python_decorator.py for tasks to queue
[2026-07-06T16:53:45.723+0000] {logging_mixin.py:188} INFO - [2026-07-06T16:53:45.722+0000] {dagbag.py:538} INFO - Filling up the DagBag from /home/airflow/.local/lib/python3.8/site-packages/airflow/example_dags/example_python_decorator.py
[2026-07-06T16:53:45.780+0000] {processor.py:840} INFO - DAG(s) 'example_python_decorator' retrieved from /home/airflow/.local/lib/python3.8/site-packages/airflow/example_dags/example_python_decorator.py
[2026-07-06T16:53:45.839+0000] {logging_mixin.py:188} INFO - [2026-07-06T16:53:45.838+0000] {dag.py:3036} INFO - Sync 1 DAGs
[2026-07-06T16:53:45.861+0000] {logging_mixin.py:188} INFO - [2026-07-06T16:53:45.861+0000] {dag.py:3823} INFO - Setting next_dagrun for example_python_decorator to None, run_after=None
[2026-07-06T16:53:45.901+0000] {processor.py:183} INFO - Processing /home/airflow/.local/lib/python3.8/site-packages/airflow/example_dags/example_python_decorator.py took 0.197 seconds
[2026-07-06T16:54:16.083+0000] {processor.py:161} INFO - Started process (PID=3951) to work on /home/airflow/.local/lib/python3.8/site-packages/airflow/example_dags/example_python_decorator.py
[2026-07-06T16:54:16.084+0000] {processor.py:830} INFO - Processing file /home/airflow/.local/lib/python3.8/site-packages/airflow/example_dags/example_python_decorator.py for tasks to queue
[2026-07-06T16:54:16.088+0000] {logging_mixin.py:188} INFO - [2026-07-06T16:54:16.087+0000] {dagbag.py:538} INFO - Filling up the DagBag from /home/airflow/.local/lib/python3.8/site-packages/airflow/example_dags/example_python_decorator.py
[2026-07-06T16:54:16.113+0000] {processor.py:840} INFO - DAG(s) 'example_python_decorator' retrieved from /home/airflow/.local/lib/python3.8/site-packages/airflow/example_dags/example_python_decorator.py
[2026-07-06T16:54:16.167+0000] {logging_mixin.py:188} INFO - [2026-07-06T16:54:16.166+0000] {dag.py:3036} INFO - Sync 1 DAGs
[2026-07-06T16:54:16.195+0000] {logging_mixin.py:188} INFO - [2026-07-06T16:54:16.195+0000] {dag.py:3823} INFO - Setting next_dagrun for example_python_decorator to None, run_after=None
[2026-07-06T16:54:16.235+0000] {processor.py:183} INFO - Processing /home/airflow/.local/lib/python3.8/site-packages/airflow/example_dags/example_python_decorator.py took 0.162 seconds
[2026-07-06T16:54:46.961+0000] {processor.py:161} INFO - Started process (PID=4016) to work on /home/airflow/.local/lib/python3.8/site-packages/airflow/example_dags/example_python_decorator.py
[2026-07-06T16:54:46.972+0000] {processor.py:830} INFO - Processing file /home/airflow/.local/lib/python3.8/site-packages/airflow/example_dags/example_python_decorator.py for tasks to queue
[2026-07-06T16:54:46.975+0000] {logging_mixin.py:188} INFO - [2026-07-06T16:54:46.975+0000] {dagbag.py:538} INFO - Filling up the DagBag from /home/airflow/.local/lib/python3.8/site-packages/airflow/example_dags/example_python_decorator.py
[2026-07-06T16:54:47.017+0000] {processor.py:840} INFO - DAG(s) 'example_python_decorator' retrieved from /home/airflow/.local/lib/python3.8/site-packages/airflow/example_dags/example_python_decorator.py
[2026-07-06T16:54:47.064+0000] {logging_mixin.py:188} INFO - [2026-07-06T16:54:47.064+0000] {dag.py:3036} INFO - Sync 1 DAGs
[2026-07-06T16:54:47.088+0000] {logging_mixin.py:188} INFO - [2026-07-06T16:54:47.088+0000] {dag.py:3823} INFO - Setting next_dagrun for example_python_decorator to None, run_after=None
[2026-07-06T16:54:47.139+0000] {processor.py:183} INFO - Processing /home/airflow/.local/lib/python3.8/site-packages/airflow/example_dags/example_python_decorator.py took 0.190 seconds
[2026-07-06T16:55:17.956+0000] {processor.py:161} INFO - Started process (PID=4082) to work on /home/airflow/.local/lib/python3.8/site-packages/airflow/example_dags/example_python_decorator.py
[2026-07-06T16:55:17.959+0000] {processor.py:830} INFO - Processing file /home/airflow/.local/lib/python3.8/site-packages/airflow/example_dags/example_python_decorator.py for tasks to queue
[2026-07-06T16:55:17.966+0000] {logging_mixin.py:188} INFO - [2026-07-06T16:55:17.965+0000] {dagbag.py:538} INFO - Filling up the DagBag from /home/airflow/.local/lib/python3.8/site-packages/airflow/example_dags/example_python_decorator.py
[2026-07-06T16:55:18.000+0000] {processor.py:840} INFO - DAG(s) 'example_python_decorator' retrieved from /home/airflow/.local/lib/python3.8/site-packages/airflow/example_dags/example_python_decorator.py
[2026-07-06T16:55:18.066+0000] {logging_mixin.py:188} INFO - [2026-07-06T16:55:18.066+0000] {dag.py:3036} INFO - Sync 1 DAGs
[2026-07-06T16:55:18.098+0000] {logging_mixin.py:188} INFO - [2026-07-06T16:55:18.098+0000] {dag.py:3823} INFO - Setting next_dagrun for example_python_decorator to None, run_after=None
[2026-07-06T16:55:18.143+0000] {processor.py:183} INFO - Processing /home/airflow/.local/lib/python3.8/site-packages/airflow/example_dags/example_python_decorator.py took 0.199 seconds
