[2026-07-06T16:22:53.614+0000] {processor.py:161} INFO - Started process (PID=219) to work on /home/airflow/.local/lib/python3.8/site-packages/airflow/example_dags/example_xcom.py
[2026-07-06T16:22:53.617+0000] {processor.py:830} INFO - Processing file /home/airflow/.local/lib/python3.8/site-packages/airflow/example_dags/example_xcom.py for tasks to queue
[2026-07-06T16:22:53.717+0000] {logging_mixin.py:188} INFO - [2026-07-06T16:22:53.716+0000] {dagbag.py:538} INFO - Filling up the DagBag from /home/airflow/.local/lib/python3.8/site-packages/airflow/example_dags/example_xcom.py
[2026-07-06T16:22:54.440+0000] {processor.py:840} INFO - DAG(s) 'example_xcom' retrieved from /home/airflow/.local/lib/python3.8/site-packages/airflow/example_dags/example_xcom.py
[2026-07-06T16:22:57.581+0000] {logging_mixin.py:188} INFO - [2026-07-06T16:22:57.511+0000] {override.py:1769} INFO - Created Permission View: can read on DAG:example_xcom
[2026-07-06T16:22:57.879+0000] {logging_mixin.py:188} INFO - [2026-07-06T16:22:57.879+0000] {override.py:1769} INFO - Created Permission View: can delete on DAG:example_xcom
[2026-07-06T16:22:58.044+0000] {logging_mixin.py:188} INFO - [2026-07-06T16:22:58.043+0000] {override.py:1769} INFO - Created Permission View: can edit on DAG:example_xcom
[2026-07-06T16:22:58.045+0000] {logging_mixin.py:188} INFO - [2026-07-06T16:22:58.044+0000] {dag.py:3036} INFO - Sync 1 DAGs
[2026-07-06T16:22:58.246+0000] {logging_mixin.py:188} INFO - [2026-07-06T16:22:58.246+0000] {dag.py:3058} INFO - Creating ORM DAG for example_xcom
[2026-07-06T16:22:58.455+0000] {logging_mixin.py:188} INFO - [2026-07-06T16:22:58.455+0000] {dag.py:3823} INFO - Setting next_dagrun for example_xcom to 2021-01-01 00:00:00+00:00, run_after=2021-01-01 00:00:00+00:00
[2026-07-06T16:22:59.168+0000] {processor.py:183} INFO - Processing /home/airflow/.local/lib/python3.8/site-packages/airflow/example_dags/example_xcom.py took 5.772 seconds
[2026-07-06T16:24:49.463+0000] {processor.py:161} INFO - Started process (PID=317) to work on /home/airflow/.local/lib/python3.8/site-packages/airflow/example_dags/example_xcom.py
[2026-07-06T16:24:49.469+0000] {processor.py:830} INFO - Processing file /home/airflow/.local/lib/python3.8/site-packages/airflow/example_dags/example_xcom.py for tasks to queue
[2026-07-06T16:24:49.475+0000] {logging_mixin.py:188} INFO - [2026-07-06T16:24:49.474+0000] {dagbag.py:538} INFO - Filling up the DagBag from /home/airflow/.local/lib/python3.8/site-packages/airflow/example_dags/example_xcom.py
[2026-07-06T16:24:49.551+0000] {processor.py:840} INFO - DAG(s) 'example_xcom' retrieved from /home/airflow/.local/lib/python3.8/site-packages/airflow/example_dags/example_xcom.py
[2026-07-06T16:24:49.879+0000] {logging_mixin.py:188} INFO - [2026-07-06T16:24:49.878+0000] {dag.py:3036} INFO - Sync 1 DAGs
[2026-07-06T16:24:49.980+0000] {logging_mixin.py:188} INFO - [2026-07-06T16:24:49.979+0000] {dag.py:3823} INFO - Setting next_dagrun for example_xcom to 2021-01-01 00:00:00+00:00, run_after=2021-01-01 00:00:00+00:00
[2026-07-06T16:24:50.086+0000] {processor.py:183} INFO - Processing /home/airflow/.local/lib/python3.8/site-packages/airflow/example_dags/example_xcom.py took 0.634 seconds
[2026-07-06T16:25:20.904+0000] {processor.py:161} INFO - Started process (PID=382) to work on /home/airflow/.local/lib/python3.8/site-packages/airflow/example_dags/example_xcom.py
[2026-07-06T16:25:20.910+0000] {processor.py:830} INFO - Processing file /home/airflow/.local/lib/python3.8/site-packages/airflow/example_dags/example_xcom.py for tasks to queue
[2026-07-06T16:25:20.921+0000] {logging_mixin.py:188} INFO - [2026-07-06T16:25:20.920+0000] {dagbag.py:538} INFO - Filling up the DagBag from /home/airflow/.local/lib/python3.8/site-packages/airflow/example_dags/example_xcom.py
[2026-07-06T16:25:20.971+0000] {processor.py:840} INFO - DAG(s) 'example_xcom' retrieved from /home/airflow/.local/lib/python3.8/site-packages/airflow/example_dags/example_xcom.py
[2026-07-06T16:25:21.072+0000] {logging_mixin.py:188} INFO - [2026-07-06T16:25:21.071+0000] {dag.py:3036} INFO - Sync 1 DAGs
[2026-07-06T16:25:21.147+0000] {logging_mixin.py:188} INFO - [2026-07-06T16:25:21.147+0000] {dag.py:3823} INFO - Setting next_dagrun for example_xcom to 2021-01-01 00:00:00+00:00, run_after=2021-01-01 00:00:00+00:00
[2026-07-06T16:25:21.198+0000] {processor.py:183} INFO - Processing /home/airflow/.local/lib/python3.8/site-packages/airflow/example_dags/example_xcom.py took 0.321 seconds
[2026-07-06T16:25:51.316+0000] {processor.py:161} INFO - Started process (PID=440) to work on /home/airflow/.local/lib/python3.8/site-packages/airflow/example_dags/example_xcom.py
[2026-07-06T16:25:51.319+0000] {processor.py:830} INFO - Processing file /home/airflow/.local/lib/python3.8/site-packages/airflow/example_dags/example_xcom.py for tasks to queue
[2026-07-06T16:25:51.325+0000] {logging_mixin.py:188} INFO - [2026-07-06T16:25:51.324+0000] {dagbag.py:538} INFO - Filling up the DagBag from /home/airflow/.local/lib/python3.8/site-packages/airflow/example_dags/example_xcom.py
[2026-07-06T16:25:51.367+0000] {processor.py:840} INFO - DAG(s) 'example_xcom' retrieved from /home/airflow/.local/lib/python3.8/site-packages/airflow/example_dags/example_xcom.py
[2026-07-06T16:25:51.430+0000] {logging_mixin.py:188} INFO - [2026-07-06T16:25:51.429+0000] {dag.py:3036} INFO - Sync 1 DAGs
[2026-07-06T16:25:51.498+0000] {logging_mixin.py:188} INFO - [2026-07-06T16:25:51.497+0000] {dag.py:3823} INFO - Setting next_dagrun for example_xcom to 2021-01-01 00:00:00+00:00, run_after=2021-01-01 00:00:00+00:00
[2026-07-06T16:25:51.620+0000] {processor.py:183} INFO - Processing /home/airflow/.local/lib/python3.8/site-packages/airflow/example_dags/example_xcom.py took 0.314 seconds
[2026-07-06T16:26:21.857+0000] {processor.py:161} INFO - Started process (PID=505) to work on /home/airflow/.local/lib/python3.8/site-packages/airflow/example_dags/example_xcom.py
[2026-07-06T16:26:21.859+0000] {processor.py:830} INFO - Processing file /home/airflow/.local/lib/python3.8/site-packages/airflow/example_dags/example_xcom.py for tasks to queue
[2026-07-06T16:26:21.864+0000] {logging_mixin.py:188} INFO - [2026-07-06T16:26:21.863+0000] {dagbag.py:538} INFO - Filling up the DagBag from /home/airflow/.local/lib/python3.8/site-packages/airflow/example_dags/example_xcom.py
[2026-07-06T16:26:21.885+0000] {processor.py:840} INFO - DAG(s) 'example_xcom' retrieved from /home/airflow/.local/lib/python3.8/site-packages/airflow/example_dags/example_xcom.py
[2026-07-06T16:26:21.932+0000] {logging_mixin.py:188} INFO - [2026-07-06T16:26:21.931+0000] {dag.py:3036} INFO - Sync 1 DAGs
[2026-07-06T16:26:21.975+0000] {logging_mixin.py:188} INFO - [2026-07-06T16:26:21.974+0000] {dag.py:3823} INFO - Setting next_dagrun for example_xcom to 2021-01-01 00:00:00+00:00, run_after=2021-01-01 00:00:00+00:00
[2026-07-06T16:26:22.012+0000] {processor.py:183} INFO - Processing /home/airflow/.local/lib/python3.8/site-packages/airflow/example_dags/example_xcom.py took 0.165 seconds
[2026-07-06T16:26:52.652+0000] {processor.py:161} INFO - Started process (PID=569) to work on /home/airflow/.local/lib/python3.8/site-packages/airflow/example_dags/example_xcom.py
[2026-07-06T16:26:52.663+0000] {processor.py:830} INFO - Processing file /home/airflow/.local/lib/python3.8/site-packages/airflow/example_dags/example_xcom.py for tasks to queue
[2026-07-06T16:26:52.668+0000] {logging_mixin.py:188} INFO - [2026-07-06T16:26:52.667+0000] {dagbag.py:538} INFO - Filling up the DagBag from /home/airflow/.local/lib/python3.8/site-packages/airflow/example_dags/example_xcom.py
[2026-07-06T16:26:52.691+0000] {processor.py:840} INFO - DAG(s) 'example_xcom' retrieved from /home/airflow/.local/lib/python3.8/site-packages/airflow/example_dags/example_xcom.py
[2026-07-06T16:26:52.745+0000] {logging_mixin.py:188} INFO - [2026-07-06T16:26:52.744+0000] {dag.py:3036} INFO - Sync 1 DAGs
[2026-07-06T16:26:52.811+0000] {logging_mixin.py:188} INFO - [2026-07-06T16:26:52.810+0000] {dag.py:3823} INFO - Setting next_dagrun for example_xcom to 2021-01-01 00:00:00+00:00, run_after=2021-01-01 00:00:00+00:00
[2026-07-06T16:26:52.863+0000] {processor.py:183} INFO - Processing /home/airflow/.local/lib/python3.8/site-packages/airflow/example_dags/example_xcom.py took 0.224 seconds
[2026-07-06T16:27:23.006+0000] {processor.py:161} INFO - Started process (PID=635) to work on /home/airflow/.local/lib/python3.8/site-packages/airflow/example_dags/example_xcom.py
[2026-07-06T16:27:23.014+0000] {processor.py:830} INFO - Processing file /home/airflow/.local/lib/python3.8/site-packages/airflow/example_dags/example_xcom.py for tasks to queue
[2026-07-06T16:27:23.019+0000] {logging_mixin.py:188} INFO - [2026-07-06T16:27:23.018+0000] {dagbag.py:538} INFO - Filling up the DagBag from /home/airflow/.local/lib/python3.8/site-packages/airflow/example_dags/example_xcom.py
[2026-07-06T16:27:23.041+0000] {processor.py:840} INFO - DAG(s) 'example_xcom' retrieved from /home/airflow/.local/lib/python3.8/site-packages/airflow/example_dags/example_xcom.py
[2026-07-06T16:27:23.103+0000] {logging_mixin.py:188} INFO - [2026-07-06T16:27:23.102+0000] {dag.py:3036} INFO - Sync 1 DAGs
[2026-07-06T16:27:23.192+0000] {logging_mixin.py:188} INFO - [2026-07-06T16:27:23.191+0000] {dag.py:3823} INFO - Setting next_dagrun for example_xcom to 2021-01-01 00:00:00+00:00, run_after=2021-01-01 00:00:00+00:00
[2026-07-06T16:27:23.496+0000] {processor.py:183} INFO - Processing /home/airflow/.local/lib/python3.8/site-packages/airflow/example_dags/example_xcom.py took 0.504 seconds
[2026-07-06T16:27:53.944+0000] {processor.py:161} INFO - Started process (PID=693) to work on /home/airflow/.local/lib/python3.8/site-packages/airflow/example_dags/example_xcom.py
[2026-07-06T16:27:53.947+0000] {processor.py:830} INFO - Processing file /home/airflow/.local/lib/python3.8/site-packages/airflow/example_dags/example_xcom.py for tasks to queue
[2026-07-06T16:27:53.950+0000] {logging_mixin.py:188} INFO - [2026-07-06T16:27:53.950+0000] {dagbag.py:538} INFO - Filling up the DagBag from /home/airflow/.local/lib/python3.8/site-packages/airflow/example_dags/example_xcom.py
[2026-07-06T16:27:53.968+0000] {processor.py:840} INFO - DAG(s) 'example_xcom' retrieved from /home/airflow/.local/lib/python3.8/site-packages/airflow/example_dags/example_xcom.py
[2026-07-06T16:27:54.014+0000] {logging_mixin.py:188} INFO - [2026-07-06T16:27:54.014+0000] {dag.py:3036} INFO - Sync 1 DAGs
[2026-07-06T16:27:54.055+0000] {logging_mixin.py:188} INFO - [2026-07-06T16:27:54.054+0000] {dag.py:3823} INFO - Setting next_dagrun for example_xcom to 2021-01-01 00:00:00+00:00, run_after=2021-01-01 00:00:00+00:00
[2026-07-06T16:27:54.099+0000] {processor.py:183} INFO - Processing /home/airflow/.local/lib/python3.8/site-packages/airflow/example_dags/example_xcom.py took 0.163 seconds
[2026-07-06T16:28:25.190+0000] {processor.py:161} INFO - Started process (PID=759) to work on /home/airflow/.local/lib/python3.8/site-packages/airflow/example_dags/example_xcom.py
[2026-07-06T16:28:25.193+0000] {processor.py:830} INFO - Processing file /home/airflow/.local/lib/python3.8/site-packages/airflow/example_dags/example_xcom.py for tasks to queue
[2026-07-06T16:28:25.213+0000] {logging_mixin.py:188} INFO - [2026-07-06T16:28:25.204+0000] {dagbag.py:538} INFO - Filling up the DagBag from /home/airflow/.local/lib/python3.8/site-packages/airflow/example_dags/example_xcom.py
[2026-07-06T16:28:25.428+0000] {processor.py:840} INFO - DAG(s) 'example_xcom' retrieved from /home/airflow/.local/lib/python3.8/site-packages/airflow/example_dags/example_xcom.py
[2026-07-06T16:28:26.237+0000] {logging_mixin.py:188} INFO - [2026-07-06T16:28:26.237+0000] {dag.py:3036} INFO - Sync 1 DAGs
[2026-07-06T16:28:26.569+0000] {logging_mixin.py:188} INFO - [2026-07-06T16:28:26.566+0000] {dag.py:3823} INFO - Setting next_dagrun for example_xcom to 2021-01-01 00:00:00+00:00, run_after=2021-01-01 00:00:00+00:00
[2026-07-06T16:28:26.961+0000] {processor.py:183} INFO - Processing /home/airflow/.local/lib/python3.8/site-packages/airflow/example_dags/example_xcom.py took 1.855 seconds
[2026-07-06T16:29:03.478+0000] {processor.py:161} INFO - Started process (PID=825) to work on /home/airflow/.local/lib/python3.8/site-packages/airflow/example_dags/example_xcom.py
[2026-07-06T16:29:03.482+0000] {processor.py:830} INFO - Processing file /home/airflow/.local/lib/python3.8/site-packages/airflow/example_dags/example_xcom.py for tasks to queue
[2026-07-06T16:29:03.487+0000] {logging_mixin.py:188} INFO - [2026-07-06T16:29:03.486+0000] {dagbag.py:538} INFO - Filling up the DagBag from /home/airflow/.local/lib/python3.8/site-packages/airflow/example_dags/example_xcom.py
[2026-07-06T16:29:03.508+0000] {processor.py:840} INFO - DAG(s) 'example_xcom' retrieved from /home/airflow/.local/lib/python3.8/site-packages/airflow/example_dags/example_xcom.py
[2026-07-06T16:29:03.574+0000] {logging_mixin.py:188} INFO - [2026-07-06T16:29:03.573+0000] {dag.py:3036} INFO - Sync 1 DAGs
[2026-07-06T16:29:03.649+0000] {logging_mixin.py:188} INFO - [2026-07-06T16:29:03.648+0000] {dag.py:3823} INFO - Setting next_dagrun for example_xcom to 2021-01-01 00:00:00+00:00, run_after=2021-01-01 00:00:00+00:00
[2026-07-06T16:29:03.708+0000] {processor.py:183} INFO - Processing /home/airflow/.local/lib/python3.8/site-packages/airflow/example_dags/example_xcom.py took 0.243 seconds
[2026-07-06T16:29:35.627+0000] {processor.py:161} INFO - Started process (PID=883) to work on /home/airflow/.local/lib/python3.8/site-packages/airflow/example_dags/example_xcom.py
[2026-07-06T16:29:35.630+0000] {processor.py:830} INFO - Processing file /home/airflow/.local/lib/python3.8/site-packages/airflow/example_dags/example_xcom.py for tasks to queue
[2026-07-06T16:29:35.635+0000] {logging_mixin.py:188} INFO - [2026-07-06T16:29:35.634+0000] {dagbag.py:538} INFO - Filling up the DagBag from /home/airflow/.local/lib/python3.8/site-packages/airflow/example_dags/example_xcom.py
[2026-07-06T16:29:35.653+0000] {processor.py:840} INFO - DAG(s) 'example_xcom' retrieved from /home/airflow/.local/lib/python3.8/site-packages/airflow/example_dags/example_xcom.py
[2026-07-06T16:29:35.706+0000] {logging_mixin.py:188} INFO - [2026-07-06T16:29:35.705+0000] {dag.py:3036} INFO - Sync 1 DAGs
[2026-07-06T16:29:35.759+0000] {logging_mixin.py:188} INFO - [2026-07-06T16:29:35.758+0000] {dag.py:3823} INFO - Setting next_dagrun for example_xcom to 2021-01-01 00:00:00+00:00, run_after=2021-01-01 00:00:00+00:00
[2026-07-06T16:29:35.803+0000] {processor.py:183} INFO - Processing /home/airflow/.local/lib/python3.8/site-packages/airflow/example_dags/example_xcom.py took 0.192 seconds
[2026-07-06T16:30:06.278+0000] {processor.py:161} INFO - Started process (PID=949) to work on /home/airflow/.local/lib/python3.8/site-packages/airflow/example_dags/example_xcom.py
[2026-07-06T16:30:06.283+0000] {processor.py:830} INFO - Processing file /home/airflow/.local/lib/python3.8/site-packages/airflow/example_dags/example_xcom.py for tasks to queue
[2026-07-06T16:30:06.288+0000] {logging_mixin.py:188} INFO - [2026-07-06T16:30:06.287+0000] {dagbag.py:538} INFO - Filling up the DagBag from /home/airflow/.local/lib/python3.8/site-packages/airflow/example_dags/example_xcom.py
[2026-07-06T16:30:06.312+0000] {processor.py:840} INFO - DAG(s) 'example_xcom' retrieved from /home/airflow/.local/lib/python3.8/site-packages/airflow/example_dags/example_xcom.py
[2026-07-06T16:30:06.386+0000] {logging_mixin.py:188} INFO - [2026-07-06T16:30:06.385+0000] {dag.py:3036} INFO - Sync 1 DAGs
[2026-07-06T16:30:06.447+0000] {logging_mixin.py:188} INFO - [2026-07-06T16:30:06.447+0000] {dag.py:3823} INFO - Setting next_dagrun for example_xcom to 2021-01-01 00:00:00+00:00, run_after=2021-01-01 00:00:00+00:00
[2026-07-06T16:30:06.487+0000] {processor.py:183} INFO - Processing /home/airflow/.local/lib/python3.8/site-packages/airflow/example_dags/example_xcom.py took 0.220 seconds
[2026-07-06T16:30:39.067+0000] {processor.py:161} INFO - Started process (PID=1016) to work on /home/airflow/.local/lib/python3.8/site-packages/airflow/example_dags/example_xcom.py
[2026-07-06T16:30:39.075+0000] {processor.py:830} INFO - Processing file /home/airflow/.local/lib/python3.8/site-packages/airflow/example_dags/example_xcom.py for tasks to queue
[2026-07-06T16:30:39.087+0000] {logging_mixin.py:188} INFO - [2026-07-06T16:30:39.086+0000] {dagbag.py:538} INFO - Filling up the DagBag from /home/airflow/.local/lib/python3.8/site-packages/airflow/example_dags/example_xcom.py
[2026-07-06T16:30:39.112+0000] {processor.py:840} INFO - DAG(s) 'example_xcom' retrieved from /home/airflow/.local/lib/python3.8/site-packages/airflow/example_dags/example_xcom.py
[2026-07-06T16:30:39.257+0000] {logging_mixin.py:188} INFO - [2026-07-06T16:30:39.250+0000] {dag.py:3036} INFO - Sync 1 DAGs
[2026-07-06T16:30:39.391+0000] {logging_mixin.py:188} INFO - [2026-07-06T16:30:39.390+0000] {dag.py:3823} INFO - Setting next_dagrun for example_xcom to 2021-01-01 00:00:00+00:00, run_after=2021-01-01 00:00:00+00:00
[2026-07-06T16:30:39.504+0000] {processor.py:183} INFO - Processing /home/airflow/.local/lib/python3.8/site-packages/airflow/example_dags/example_xcom.py took 0.453 seconds
[2026-07-06T16:31:09.700+0000] {processor.py:161} INFO - Started process (PID=1080) to work on /home/airflow/.local/lib/python3.8/site-packages/airflow/example_dags/example_xcom.py
[2026-07-06T16:31:09.703+0000] {processor.py:830} INFO - Processing file /home/airflow/.local/lib/python3.8/site-packages/airflow/example_dags/example_xcom.py for tasks to queue
[2026-07-06T16:31:09.708+0000] {logging_mixin.py:188} INFO - [2026-07-06T16:31:09.707+0000] {dagbag.py:538} INFO - Filling up the DagBag from /home/airflow/.local/lib/python3.8/site-packages/airflow/example_dags/example_xcom.py
[2026-07-06T16:31:09.727+0000] {processor.py:840} INFO - DAG(s) 'example_xcom' retrieved from /home/airflow/.local/lib/python3.8/site-packages/airflow/example_dags/example_xcom.py
[2026-07-06T16:31:09.785+0000] {logging_mixin.py:188} INFO - [2026-07-06T16:31:09.784+0000] {dag.py:3036} INFO - Sync 1 DAGs
[2026-07-06T16:31:09.843+0000] {logging_mixin.py:188} INFO - [2026-07-06T16:31:09.843+0000] {dag.py:3823} INFO - Setting next_dagrun for example_xcom to 2021-01-01 00:00:00+00:00, run_after=2021-01-01 00:00:00+00:00
[2026-07-06T16:31:09.894+0000] {processor.py:183} INFO - Processing /home/airflow/.local/lib/python3.8/site-packages/airflow/example_dags/example_xcom.py took 0.210 seconds
[2026-07-06T16:31:40.682+0000] {processor.py:161} INFO - Started process (PID=1138) to work on /home/airflow/.local/lib/python3.8/site-packages/airflow/example_dags/example_xcom.py
[2026-07-06T16:31:40.685+0000] {processor.py:830} INFO - Processing file /home/airflow/.local/lib/python3.8/site-packages/airflow/example_dags/example_xcom.py for tasks to queue
[2026-07-06T16:31:40.690+0000] {logging_mixin.py:188} INFO - [2026-07-06T16:31:40.689+0000] {dagbag.py:538} INFO - Filling up the DagBag from /home/airflow/.local/lib/python3.8/site-packages/airflow/example_dags/example_xcom.py
[2026-07-06T16:31:40.711+0000] {processor.py:840} INFO - DAG(s) 'example_xcom' retrieved from /home/airflow/.local/lib/python3.8/site-packages/airflow/example_dags/example_xcom.py
[2026-07-06T16:31:40.764+0000] {logging_mixin.py:188} INFO - [2026-07-06T16:31:40.763+0000] {dag.py:3036} INFO - Sync 1 DAGs
[2026-07-06T16:31:40.836+0000] {logging_mixin.py:188} INFO - [2026-07-06T16:31:40.835+0000] {dag.py:3823} INFO - Setting next_dagrun for example_xcom to 2021-01-01 00:00:00+00:00, run_after=2021-01-01 00:00:00+00:00
[2026-07-06T16:31:40.892+0000] {processor.py:183} INFO - Processing /home/airflow/.local/lib/python3.8/site-packages/airflow/example_dags/example_xcom.py took 0.221 seconds
[2026-07-06T16:32:11.424+0000] {processor.py:161} INFO - Started process (PID=1204) to work on /home/airflow/.local/lib/python3.8/site-packages/airflow/example_dags/example_xcom.py
[2026-07-06T16:32:11.429+0000] {processor.py:830} INFO - Processing file /home/airflow/.local/lib/python3.8/site-packages/airflow/example_dags/example_xcom.py for tasks to queue
[2026-07-06T16:32:11.435+0000] {logging_mixin.py:188} INFO - [2026-07-06T16:32:11.434+0000] {dagbag.py:538} INFO - Filling up the DagBag from /home/airflow/.local/lib/python3.8/site-packages/airflow/example_dags/example_xcom.py
[2026-07-06T16:32:11.469+0000] {processor.py:840} INFO - DAG(s) 'example_xcom' retrieved from /home/airflow/.local/lib/python3.8/site-packages/airflow/example_dags/example_xcom.py
[2026-07-06T16:32:11.550+0000] {logging_mixin.py:188} INFO - [2026-07-06T16:32:11.549+0000] {dag.py:3036} INFO - Sync 1 DAGs
[2026-07-06T16:32:11.629+0000] {logging_mixin.py:188} INFO - [2026-07-06T16:32:11.628+0000] {dag.py:3823} INFO - Setting next_dagrun for example_xcom to 2021-01-01 00:00:00+00:00, run_after=2021-01-01 00:00:00+00:00
[2026-07-06T16:32:11.685+0000] {processor.py:183} INFO - Processing /home/airflow/.local/lib/python3.8/site-packages/airflow/example_dags/example_xcom.py took 0.272 seconds
[2026-07-06T16:32:47.505+0000] {processor.py:161} INFO - Started process (PID=1260) to work on /home/airflow/.local/lib/python3.8/site-packages/airflow/example_dags/example_xcom.py
[2026-07-06T16:32:47.509+0000] {processor.py:830} INFO - Processing file /home/airflow/.local/lib/python3.8/site-packages/airflow/example_dags/example_xcom.py for tasks to queue
[2026-07-06T16:32:47.514+0000] {logging_mixin.py:188} INFO - [2026-07-06T16:32:47.513+0000] {dagbag.py:538} INFO - Filling up the DagBag from /home/airflow/.local/lib/python3.8/site-packages/airflow/example_dags/example_xcom.py
[2026-07-06T16:32:47.533+0000] {processor.py:840} INFO - DAG(s) 'example_xcom' retrieved from /home/airflow/.local/lib/python3.8/site-packages/airflow/example_dags/example_xcom.py
[2026-07-06T16:32:47.607+0000] {logging_mixin.py:188} INFO - [2026-07-06T16:32:47.607+0000] {dag.py:3036} INFO - Sync 1 DAGs
[2026-07-06T16:32:47.670+0000] {logging_mixin.py:188} INFO - [2026-07-06T16:32:47.668+0000] {dag.py:3823} INFO - Setting next_dagrun for example_xcom to 2021-01-01 00:00:00+00:00, run_after=2021-01-01 00:00:00+00:00
[2026-07-06T16:32:47.761+0000] {processor.py:183} INFO - Processing /home/airflow/.local/lib/python3.8/site-packages/airflow/example_dags/example_xcom.py took 0.271 seconds
[2026-07-06T16:33:18.080+0000] {processor.py:161} INFO - Started process (PID=1318) to work on /home/airflow/.local/lib/python3.8/site-packages/airflow/example_dags/example_xcom.py
[2026-07-06T16:33:18.082+0000] {processor.py:830} INFO - Processing file /home/airflow/.local/lib/python3.8/site-packages/airflow/example_dags/example_xcom.py for tasks to queue
[2026-07-06T16:33:18.087+0000] {logging_mixin.py:188} INFO - [2026-07-06T16:33:18.086+0000] {dagbag.py:538} INFO - Filling up the DagBag from /home/airflow/.local/lib/python3.8/site-packages/airflow/example_dags/example_xcom.py
[2026-07-06T16:33:18.117+0000] {processor.py:840} INFO - DAG(s) 'example_xcom' retrieved from /home/airflow/.local/lib/python3.8/site-packages/airflow/example_dags/example_xcom.py
[2026-07-06T16:33:18.190+0000] {logging_mixin.py:188} INFO - [2026-07-06T16:33:18.189+0000] {dag.py:3036} INFO - Sync 1 DAGs
[2026-07-06T16:33:18.251+0000] {logging_mixin.py:188} INFO - [2026-07-06T16:33:18.251+0000] {dag.py:3823} INFO - Setting next_dagrun for example_xcom to 2021-01-01 00:00:00+00:00, run_after=2021-01-01 00:00:00+00:00
[2026-07-06T16:33:18.307+0000] {processor.py:183} INFO - Processing /home/airflow/.local/lib/python3.8/site-packages/airflow/example_dags/example_xcom.py took 0.242 seconds
[2026-07-06T16:33:49.699+0000] {processor.py:161} INFO - Started process (PID=1383) to work on /home/airflow/.local/lib/python3.8/site-packages/airflow/example_dags/example_xcom.py
[2026-07-06T16:33:49.702+0000] {processor.py:830} INFO - Processing file /home/airflow/.local/lib/python3.8/site-packages/airflow/example_dags/example_xcom.py for tasks to queue
[2026-07-06T16:33:49.708+0000] {logging_mixin.py:188} INFO - [2026-07-06T16:33:49.707+0000] {dagbag.py:538} INFO - Filling up the DagBag from /home/airflow/.local/lib/python3.8/site-packages/airflow/example_dags/example_xcom.py
[2026-07-06T16:33:49.731+0000] {processor.py:840} INFO - DAG(s) 'example_xcom' retrieved from /home/airflow/.local/lib/python3.8/site-packages/airflow/example_dags/example_xcom.py
[2026-07-06T16:33:49.791+0000] {logging_mixin.py:188} INFO - [2026-07-06T16:33:49.790+0000] {dag.py:3036} INFO - Sync 1 DAGs
[2026-07-06T16:33:49.847+0000] {logging_mixin.py:188} INFO - [2026-07-06T16:33:49.846+0000] {dag.py:3823} INFO - Setting next_dagrun for example_xcom to 2021-01-01 00:00:00+00:00, run_after=2021-01-01 00:00:00+00:00
[2026-07-06T16:33:49.895+0000] {processor.py:183} INFO - Processing /home/airflow/.local/lib/python3.8/site-packages/airflow/example_dags/example_xcom.py took 0.204 seconds
[2026-07-06T16:34:20.495+0000] {processor.py:161} INFO - Started process (PID=1448) to work on /home/airflow/.local/lib/python3.8/site-packages/airflow/example_dags/example_xcom.py
[2026-07-06T16:34:20.500+0000] {processor.py:830} INFO - Processing file /home/airflow/.local/lib/python3.8/site-packages/airflow/example_dags/example_xcom.py for tasks to queue
[2026-07-06T16:34:20.505+0000] {logging_mixin.py:188} INFO - [2026-07-06T16:34:20.504+0000] {dagbag.py:538} INFO - Filling up the DagBag from /home/airflow/.local/lib/python3.8/site-packages/airflow/example_dags/example_xcom.py
[2026-07-06T16:34:20.523+0000] {processor.py:840} INFO - DAG(s) 'example_xcom' retrieved from /home/airflow/.local/lib/python3.8/site-packages/airflow/example_dags/example_xcom.py
[2026-07-06T16:34:20.578+0000] {logging_mixin.py:188} INFO - [2026-07-06T16:34:20.578+0000] {dag.py:3036} INFO - Sync 1 DAGs
[2026-07-06T16:34:20.633+0000] {logging_mixin.py:188} INFO - [2026-07-06T16:34:20.633+0000] {dag.py:3823} INFO - Setting next_dagrun for example_xcom to 2021-01-01 00:00:00+00:00, run_after=2021-01-01 00:00:00+00:00
[2026-07-06T16:34:20.685+0000] {processor.py:183} INFO - Processing /home/airflow/.local/lib/python3.8/site-packages/airflow/example_dags/example_xcom.py took 0.201 seconds
[2026-07-06T16:34:50.929+0000] {processor.py:161} INFO - Started process (PID=1512) to work on /home/airflow/.local/lib/python3.8/site-packages/airflow/example_dags/example_xcom.py
[2026-07-06T16:34:50.932+0000] {processor.py:830} INFO - Processing file /home/airflow/.local/lib/python3.8/site-packages/airflow/example_dags/example_xcom.py for tasks to queue
[2026-07-06T16:34:50.939+0000] {logging_mixin.py:188} INFO - [2026-07-06T16:34:50.936+0000] {dagbag.py:538} INFO - Filling up the DagBag from /home/airflow/.local/lib/python3.8/site-packages/airflow/example_dags/example_xcom.py
[2026-07-06T16:34:50.965+0000] {processor.py:840} INFO - DAG(s) 'example_xcom' retrieved from /home/airflow/.local/lib/python3.8/site-packages/airflow/example_dags/example_xcom.py
[2026-07-06T16:34:51.078+0000] {logging_mixin.py:188} INFO - [2026-07-06T16:34:51.078+0000] {dag.py:3036} INFO - Sync 1 DAGs
[2026-07-06T16:34:51.144+0000] {logging_mixin.py:188} INFO - [2026-07-06T16:34:51.144+0000] {dag.py:3823} INFO - Setting next_dagrun for example_xcom to 2021-01-01 00:00:00+00:00, run_after=2021-01-01 00:00:00+00:00
[2026-07-06T16:34:51.258+0000] {processor.py:183} INFO - Processing /home/airflow/.local/lib/python3.8/site-packages/airflow/example_dags/example_xcom.py took 0.345 seconds
