[2026-07-06T16:22:12.075+0000] {processor.py:161} INFO - Started process (PID=185) to work on /home/airflow/.local/lib/python3.8/site-packages/airflow/example_dags/example_branch_datetime_operator.py
[2026-07-06T16:22:12.090+0000] {processor.py:830} INFO - Processing file /home/airflow/.local/lib/python3.8/site-packages/airflow/example_dags/example_branch_datetime_operator.py for tasks to queue
[2026-07-06T16:22:12.108+0000] {logging_mixin.py:188} INFO - [2026-07-06T16:22:12.107+0000] {dagbag.py:538} INFO - Filling up the DagBag from /home/airflow/.local/lib/python3.8/site-packages/airflow/example_dags/example_branch_datetime_operator.py
[2026-07-06T16:22:12.255+0000] {processor.py:840} INFO - DAG(s) 'example_branch_datetime_operator', 'example_branch_datetime_operator_2', 'example_branch_datetime_operator_3' retrieved from /home/airflow/.local/lib/python3.8/site-packages/airflow/example_dags/example_branch_datetime_operator.py
[2026-07-06T16:22:13.983+0000] {logging_mixin.py:188} INFO - [2026-07-06T16:22:13.968+0000] {override.py:1769} INFO - Created Permission View: can read on DAG:example_branch_datetime_operator
[2026-07-06T16:22:14.162+0000] {logging_mixin.py:188} INFO - [2026-07-06T16:22:14.162+0000] {override.py:1769} INFO - Created Permission View: can delete on DAG:example_branch_datetime_operator
[2026-07-06T16:22:14.318+0000] {logging_mixin.py:188} INFO - [2026-07-06T16:22:14.305+0000] {override.py:1769} INFO - Created Permission View: can edit on DAG:example_branch_datetime_operator
[2026-07-06T16:22:14.512+0000] {logging_mixin.py:188} INFO - [2026-07-06T16:22:14.511+0000] {override.py:1769} INFO - Created Permission View: can read on DAG:example_branch_datetime_operator_2
[2026-07-06T16:22:14.582+0000] {logging_mixin.py:188} INFO - [2026-07-06T16:22:14.581+0000] {override.py:1769} INFO - Created Permission View: can delete on DAG:example_branch_datetime_operator_2
[2026-07-06T16:22:14.665+0000] {logging_mixin.py:188} INFO - [2026-07-06T16:22:14.662+0000] {override.py:1769} INFO - Created Permission View: can edit on DAG:example_branch_datetime_operator_2
[2026-07-06T16:22:15.299+0000] {logging_mixin.py:188} INFO - [2026-07-06T16:22:15.298+0000] {override.py:1769} INFO - Created Permission View: can read on DAG:example_branch_datetime_operator_3
[2026-07-06T16:22:15.711+0000] {logging_mixin.py:188} INFO - [2026-07-06T16:22:15.710+0000] {override.py:1769} INFO - Created Permission View: can delete on DAG:example_branch_datetime_operator_3
[2026-07-06T16:22:16.074+0000] {logging_mixin.py:188} INFO - [2026-07-06T16:22:16.073+0000] {override.py:1769} INFO - Created Permission View: can edit on DAG:example_branch_datetime_operator_3
[2026-07-06T16:22:16.075+0000] {logging_mixin.py:188} INFO - [2026-07-06T16:22:16.075+0000] {dag.py:3036} INFO - Sync 3 DAGs
[2026-07-06T16:22:16.275+0000] {logging_mixin.py:188} INFO - [2026-07-06T16:22:16.274+0000] {dag.py:3058} INFO - Creating ORM DAG for example_branch_datetime_operator
[2026-07-06T16:22:16.277+0000] {logging_mixin.py:188} INFO - [2026-07-06T16:22:16.276+0000] {dag.py:3058} INFO - Creating ORM DAG for example_branch_datetime_operator_3
[2026-07-06T16:22:16.284+0000] {logging_mixin.py:188} INFO - [2026-07-06T16:22:16.284+0000] {dag.py:3058} INFO - Creating ORM DAG for example_branch_datetime_operator_2
[2026-07-06T16:22:16.442+0000] {logging_mixin.py:188} INFO - [2026-07-06T16:22:16.437+0000] {dag.py:3823} INFO - Setting next_dagrun for example_branch_datetime_operator to 2026-07-05 00:00:00+00:00, run_after=2026-07-06 00:00:00+00:00
[2026-07-06T16:22:16.494+0000] {logging_mixin.py:188} INFO - [2026-07-06T16:22:16.494+0000] {dag.py:3823} INFO - Setting next_dagrun for example_branch_datetime_operator_2 to 2026-07-05 00:00:00+00:00, run_after=2026-07-06 00:00:00+00:00
[2026-07-06T16:22:16.532+0000] {logging_mixin.py:188} INFO - [2026-07-06T16:22:16.531+0000] {dag.py:3823} INFO - Setting next_dagrun for example_branch_datetime_operator_3 to 2026-07-05 00:00:00+00:00, run_after=2026-07-06 00:00:00+00:00
[2026-07-06T16:22:16.739+0000] {processor.py:183} INFO - Processing /home/airflow/.local/lib/python3.8/site-packages/airflow/example_dags/example_branch_datetime_operator.py took 4.708 seconds
[2026-07-06T16:24:36.248+0000] {processor.py:161} INFO - Started process (PID=292) to work on /home/airflow/.local/lib/python3.8/site-packages/airflow/example_dags/example_branch_datetime_operator.py
[2026-07-06T16:24:36.252+0000] {processor.py:830} INFO - Processing file /home/airflow/.local/lib/python3.8/site-packages/airflow/example_dags/example_branch_datetime_operator.py for tasks to queue
[2026-07-06T16:24:36.256+0000] {logging_mixin.py:188} INFO - [2026-07-06T16:24:36.256+0000] {dagbag.py:538} INFO - Filling up the DagBag from /home/airflow/.local/lib/python3.8/site-packages/airflow/example_dags/example_branch_datetime_operator.py
[2026-07-06T16:24:36.285+0000] {processor.py:840} INFO - DAG(s) 'example_branch_datetime_operator_2', 'example_branch_datetime_operator_3', 'example_branch_datetime_operator' retrieved from /home/airflow/.local/lib/python3.8/site-packages/airflow/example_dags/example_branch_datetime_operator.py
[2026-07-06T16:24:36.366+0000] {logging_mixin.py:188} INFO - [2026-07-06T16:24:36.365+0000] {dag.py:3036} INFO - Sync 3 DAGs
[2026-07-06T16:24:36.515+0000] {logging_mixin.py:188} INFO - [2026-07-06T16:24:36.514+0000] {dag.py:3823} INFO - Setting next_dagrun for example_branch_datetime_operator to 2026-07-05 00:00:00+00:00, run_after=2026-07-06 00:00:00+00:00
[2026-07-06T16:24:36.566+0000] {logging_mixin.py:188} INFO - [2026-07-06T16:24:36.566+0000] {dag.py:3823} INFO - Setting next_dagrun for example_branch_datetime_operator_2 to 2026-07-05 00:00:00+00:00, run_after=2026-07-06 00:00:00+00:00
[2026-07-06T16:24:36.573+0000] {logging_mixin.py:188} INFO - [2026-07-06T16:24:36.573+0000] {dag.py:3823} INFO - Setting next_dagrun for example_branch_datetime_operator_3 to 2026-07-05 00:00:00+00:00, run_after=2026-07-06 00:00:00+00:00
[2026-07-06T16:24:36.622+0000] {processor.py:183} INFO - Processing /home/airflow/.local/lib/python3.8/site-packages/airflow/example_dags/example_branch_datetime_operator.py took 0.384 seconds
[2026-07-06T16:25:06.825+0000] {processor.py:161} INFO - Started process (PID=356) to work on /home/airflow/.local/lib/python3.8/site-packages/airflow/example_dags/example_branch_datetime_operator.py
[2026-07-06T16:25:06.837+0000] {processor.py:830} INFO - Processing file /home/airflow/.local/lib/python3.8/site-packages/airflow/example_dags/example_branch_datetime_operator.py for tasks to queue
[2026-07-06T16:25:06.848+0000] {logging_mixin.py:188} INFO - [2026-07-06T16:25:06.847+0000] {dagbag.py:538} INFO - Filling up the DagBag from /home/airflow/.local/lib/python3.8/site-packages/airflow/example_dags/example_branch_datetime_operator.py
[2026-07-06T16:25:06.983+0000] {processor.py:840} INFO - DAG(s) 'example_branch_datetime_operator_3', 'example_branch_datetime_operator', 'example_branch_datetime_operator_2' retrieved from /home/airflow/.local/lib/python3.8/site-packages/airflow/example_dags/example_branch_datetime_operator.py
[2026-07-06T16:25:07.310+0000] {logging_mixin.py:188} INFO - [2026-07-06T16:25:07.309+0000] {dag.py:3036} INFO - Sync 3 DAGs
[2026-07-06T16:25:07.662+0000] {logging_mixin.py:188} INFO - [2026-07-06T16:25:07.659+0000] {dag.py:3823} INFO - Setting next_dagrun for example_branch_datetime_operator to 2026-07-05 00:00:00+00:00, run_after=2026-07-06 00:00:00+00:00
[2026-07-06T16:25:07.676+0000] {logging_mixin.py:188} INFO - [2026-07-06T16:25:07.676+0000] {dag.py:3823} INFO - Setting next_dagrun for example_branch_datetime_operator_2 to 2026-07-05 00:00:00+00:00, run_after=2026-07-06 00:00:00+00:00
[2026-07-06T16:25:07.682+0000] {logging_mixin.py:188} INFO - [2026-07-06T16:25:07.682+0000] {dag.py:3823} INFO - Setting next_dagrun for example_branch_datetime_operator_3 to 2026-07-05 00:00:00+00:00, run_after=2026-07-06 00:00:00+00:00
[2026-07-06T16:25:07.768+0000] {processor.py:183} INFO - Processing /home/airflow/.local/lib/python3.8/site-packages/airflow/example_dags/example_branch_datetime_operator.py took 0.961 seconds
[2026-07-06T16:25:38.300+0000] {processor.py:161} INFO - Started process (PID=414) to work on /home/airflow/.local/lib/python3.8/site-packages/airflow/example_dags/example_branch_datetime_operator.py
[2026-07-06T16:25:38.303+0000] {processor.py:830} INFO - Processing file /home/airflow/.local/lib/python3.8/site-packages/airflow/example_dags/example_branch_datetime_operator.py for tasks to queue
[2026-07-06T16:25:38.322+0000] {logging_mixin.py:188} INFO - [2026-07-06T16:25:38.319+0000] {dagbag.py:538} INFO - Filling up the DagBag from /home/airflow/.local/lib/python3.8/site-packages/airflow/example_dags/example_branch_datetime_operator.py
[2026-07-06T16:25:38.405+0000] {processor.py:840} INFO - DAG(s) 'example_branch_datetime_operator_2', 'example_branch_datetime_operator_3', 'example_branch_datetime_operator' retrieved from /home/airflow/.local/lib/python3.8/site-packages/airflow/example_dags/example_branch_datetime_operator.py
[2026-07-06T16:25:38.649+0000] {logging_mixin.py:188} INFO - [2026-07-06T16:25:38.648+0000] {dag.py:3036} INFO - Sync 3 DAGs
[2026-07-06T16:25:38.751+0000] {logging_mixin.py:188} INFO - [2026-07-06T16:25:38.750+0000] {dag.py:3823} INFO - Setting next_dagrun for example_branch_datetime_operator to 2026-07-05 00:00:00+00:00, run_after=2026-07-06 00:00:00+00:00
[2026-07-06T16:25:38.769+0000] {logging_mixin.py:188} INFO - [2026-07-06T16:25:38.769+0000] {dag.py:3823} INFO - Setting next_dagrun for example_branch_datetime_operator_2 to 2026-07-05 00:00:00+00:00, run_after=2026-07-06 00:00:00+00:00
[2026-07-06T16:25:38.782+0000] {logging_mixin.py:188} INFO - [2026-07-06T16:25:38.781+0000] {dag.py:3823} INFO - Setting next_dagrun for example_branch_datetime_operator_3 to 2026-07-05 00:00:00+00:00, run_after=2026-07-06 00:00:00+00:00
[2026-07-06T16:25:38.864+0000] {processor.py:183} INFO - Processing /home/airflow/.local/lib/python3.8/site-packages/airflow/example_dags/example_branch_datetime_operator.py took 0.628 seconds
[2026-07-06T16:26:09.066+0000] {processor.py:161} INFO - Started process (PID=479) to work on /home/airflow/.local/lib/python3.8/site-packages/airflow/example_dags/example_branch_datetime_operator.py
[2026-07-06T16:26:09.075+0000] {processor.py:830} INFO - Processing file /home/airflow/.local/lib/python3.8/site-packages/airflow/example_dags/example_branch_datetime_operator.py for tasks to queue
[2026-07-06T16:26:09.078+0000] {logging_mixin.py:188} INFO - [2026-07-06T16:26:09.078+0000] {dagbag.py:538} INFO - Filling up the DagBag from /home/airflow/.local/lib/python3.8/site-packages/airflow/example_dags/example_branch_datetime_operator.py
[2026-07-06T16:26:09.109+0000] {processor.py:840} INFO - DAG(s) 'example_branch_datetime_operator', 'example_branch_datetime_operator_3', 'example_branch_datetime_operator_2' retrieved from /home/airflow/.local/lib/python3.8/site-packages/airflow/example_dags/example_branch_datetime_operator.py
[2026-07-06T16:26:09.192+0000] {logging_mixin.py:188} INFO - [2026-07-06T16:26:09.191+0000] {dag.py:3036} INFO - Sync 3 DAGs
[2026-07-06T16:26:09.261+0000] {logging_mixin.py:188} INFO - [2026-07-06T16:26:09.260+0000] {dag.py:3823} INFO - Setting next_dagrun for example_branch_datetime_operator to 2026-07-05 00:00:00+00:00, run_after=2026-07-06 00:00:00+00:00
[2026-07-06T16:26:09.274+0000] {logging_mixin.py:188} INFO - [2026-07-06T16:26:09.273+0000] {dag.py:3823} INFO - Setting next_dagrun for example_branch_datetime_operator_2 to 2026-07-05 00:00:00+00:00, run_after=2026-07-06 00:00:00+00:00
[2026-07-06T16:26:09.279+0000] {logging_mixin.py:188} INFO - [2026-07-06T16:26:09.279+0000] {dag.py:3823} INFO - Setting next_dagrun for example_branch_datetime_operator_3 to 2026-07-05 00:00:00+00:00, run_after=2026-07-06 00:00:00+00:00
[2026-07-06T16:26:09.327+0000] {processor.py:183} INFO - Processing /home/airflow/.local/lib/python3.8/site-packages/airflow/example_dags/example_branch_datetime_operator.py took 0.279 seconds
[2026-07-06T16:26:39.521+0000] {processor.py:161} INFO - Started process (PID=545) to work on /home/airflow/.local/lib/python3.8/site-packages/airflow/example_dags/example_branch_datetime_operator.py
[2026-07-06T16:26:39.524+0000] {processor.py:830} INFO - Processing file /home/airflow/.local/lib/python3.8/site-packages/airflow/example_dags/example_branch_datetime_operator.py for tasks to queue
[2026-07-06T16:26:39.534+0000] {logging_mixin.py:188} INFO - [2026-07-06T16:26:39.533+0000] {dagbag.py:538} INFO - Filling up the DagBag from /home/airflow/.local/lib/python3.8/site-packages/airflow/example_dags/example_branch_datetime_operator.py
[2026-07-06T16:26:39.575+0000] {processor.py:840} INFO - DAG(s) 'example_branch_datetime_operator_2', 'example_branch_datetime_operator_3', 'example_branch_datetime_operator' retrieved from /home/airflow/.local/lib/python3.8/site-packages/airflow/example_dags/example_branch_datetime_operator.py
[2026-07-06T16:26:39.726+0000] {logging_mixin.py:188} INFO - [2026-07-06T16:26:39.726+0000] {dag.py:3036} INFO - Sync 3 DAGs
[2026-07-06T16:26:39.783+0000] {logging_mixin.py:188} INFO - [2026-07-06T16:26:39.783+0000] {dag.py:3823} INFO - Setting next_dagrun for example_branch_datetime_operator to 2026-07-05 00:00:00+00:00, run_after=2026-07-06 00:00:00+00:00
[2026-07-06T16:26:39.794+0000] {logging_mixin.py:188} INFO - [2026-07-06T16:26:39.794+0000] {dag.py:3823} INFO - Setting next_dagrun for example_branch_datetime_operator_2 to 2026-07-05 00:00:00+00:00, run_after=2026-07-06 00:00:00+00:00
[2026-07-06T16:26:39.804+0000] {logging_mixin.py:188} INFO - [2026-07-06T16:26:39.803+0000] {dag.py:3823} INFO - Setting next_dagrun for example_branch_datetime_operator_3 to 2026-07-05 00:00:00+00:00, run_after=2026-07-06 00:00:00+00:00
[2026-07-06T16:26:39.860+0000] {processor.py:183} INFO - Processing /home/airflow/.local/lib/python3.8/site-packages/airflow/example_dags/example_branch_datetime_operator.py took 0.355 seconds
[2026-07-06T16:27:10.136+0000] {processor.py:161} INFO - Started process (PID=611) to work on /home/airflow/.local/lib/python3.8/site-packages/airflow/example_dags/example_branch_datetime_operator.py
[2026-07-06T16:27:10.139+0000] {processor.py:830} INFO - Processing file /home/airflow/.local/lib/python3.8/site-packages/airflow/example_dags/example_branch_datetime_operator.py for tasks to queue
[2026-07-06T16:27:10.145+0000] {logging_mixin.py:188} INFO - [2026-07-06T16:27:10.144+0000] {dagbag.py:538} INFO - Filling up the DagBag from /home/airflow/.local/lib/python3.8/site-packages/airflow/example_dags/example_branch_datetime_operator.py
[2026-07-06T16:27:10.179+0000] {processor.py:840} INFO - DAG(s) 'example_branch_datetime_operator_3', 'example_branch_datetime_operator', 'example_branch_datetime_operator_2' retrieved from /home/airflow/.local/lib/python3.8/site-packages/airflow/example_dags/example_branch_datetime_operator.py
[2026-07-06T16:27:10.278+0000] {logging_mixin.py:188} INFO - [2026-07-06T16:27:10.278+0000] {dag.py:3036} INFO - Sync 3 DAGs
[2026-07-06T16:27:10.384+0000] {logging_mixin.py:188} INFO - [2026-07-06T16:27:10.383+0000] {dag.py:3823} INFO - Setting next_dagrun for example_branch_datetime_operator to 2026-07-05 00:00:00+00:00, run_after=2026-07-06 00:00:00+00:00
[2026-07-06T16:27:10.407+0000] {logging_mixin.py:188} INFO - [2026-07-06T16:27:10.406+0000] {dag.py:3823} INFO - Setting next_dagrun for example_branch_datetime_operator_2 to 2026-07-05 00:00:00+00:00, run_after=2026-07-06 00:00:00+00:00
[2026-07-06T16:27:10.416+0000] {logging_mixin.py:188} INFO - [2026-07-06T16:27:10.416+0000] {dag.py:3823} INFO - Setting next_dagrun for example_branch_datetime_operator_3 to 2026-07-05 00:00:00+00:00, run_after=2026-07-06 00:00:00+00:00
[2026-07-06T16:27:10.489+0000] {processor.py:183} INFO - Processing /home/airflow/.local/lib/python3.8/site-packages/airflow/example_dags/example_branch_datetime_operator.py took 0.366 seconds
[2026-07-06T16:27:40.884+0000] {processor.py:161} INFO - Started process (PID=668) to work on /home/airflow/.local/lib/python3.8/site-packages/airflow/example_dags/example_branch_datetime_operator.py
[2026-07-06T16:27:40.886+0000] {processor.py:830} INFO - Processing file /home/airflow/.local/lib/python3.8/site-packages/airflow/example_dags/example_branch_datetime_operator.py for tasks to queue
[2026-07-06T16:27:40.904+0000] {logging_mixin.py:188} INFO - [2026-07-06T16:27:40.903+0000] {dagbag.py:538} INFO - Filling up the DagBag from /home/airflow/.local/lib/python3.8/site-packages/airflow/example_dags/example_branch_datetime_operator.py
[2026-07-06T16:27:40.981+0000] {processor.py:840} INFO - DAG(s) 'example_branch_datetime_operator_3', 'example_branch_datetime_operator_2', 'example_branch_datetime_operator' retrieved from /home/airflow/.local/lib/python3.8/site-packages/airflow/example_dags/example_branch_datetime_operator.py
[2026-07-06T16:27:41.200+0000] {logging_mixin.py:188} INFO - [2026-07-06T16:27:41.200+0000] {dag.py:3036} INFO - Sync 3 DAGs
[2026-07-06T16:27:41.384+0000] {logging_mixin.py:188} INFO - [2026-07-06T16:27:41.383+0000] {dag.py:3823} INFO - Setting next_dagrun for example_branch_datetime_operator to 2026-07-05 00:00:00+00:00, run_after=2026-07-06 00:00:00+00:00
[2026-07-06T16:27:41.396+0000] {logging_mixin.py:188} INFO - [2026-07-06T16:27:41.395+0000] {dag.py:3823} INFO - Setting next_dagrun for example_branch_datetime_operator_2 to 2026-07-05 00:00:00+00:00, run_after=2026-07-06 00:00:00+00:00
[2026-07-06T16:27:41.403+0000] {logging_mixin.py:188} INFO - [2026-07-06T16:27:41.403+0000] {dag.py:3823} INFO - Setting next_dagrun for example_branch_datetime_operator_3 to 2026-07-05 00:00:00+00:00, run_after=2026-07-06 00:00:00+00:00
[2026-07-06T16:27:41.455+0000] {processor.py:183} INFO - Processing /home/airflow/.local/lib/python3.8/site-packages/airflow/example_dags/example_branch_datetime_operator.py took 0.587 seconds
[2026-07-06T16:28:14.220+0000] {processor.py:161} INFO - Started process (PID=734) to work on /home/airflow/.local/lib/python3.8/site-packages/airflow/example_dags/example_branch_datetime_operator.py
[2026-07-06T16:28:14.235+0000] {processor.py:830} INFO - Processing file /home/airflow/.local/lib/python3.8/site-packages/airflow/example_dags/example_branch_datetime_operator.py for tasks to queue
[2026-07-06T16:28:14.242+0000] {logging_mixin.py:188} INFO - [2026-07-06T16:28:14.241+0000] {dagbag.py:538} INFO - Filling up the DagBag from /home/airflow/.local/lib/python3.8/site-packages/airflow/example_dags/example_branch_datetime_operator.py
[2026-07-06T16:28:14.288+0000] {processor.py:840} INFO - DAG(s) 'example_branch_datetime_operator_2', 'example_branch_datetime_operator', 'example_branch_datetime_operator_3' retrieved from /home/airflow/.local/lib/python3.8/site-packages/airflow/example_dags/example_branch_datetime_operator.py
[2026-07-06T16:28:14.375+0000] {logging_mixin.py:188} INFO - [2026-07-06T16:28:14.374+0000] {dag.py:3036} INFO - Sync 3 DAGs
[2026-07-06T16:28:14.456+0000] {logging_mixin.py:188} INFO - [2026-07-06T16:28:14.456+0000] {dag.py:3823} INFO - Setting next_dagrun for example_branch_datetime_operator to 2026-07-05 00:00:00+00:00, run_after=2026-07-06 00:00:00+00:00
[2026-07-06T16:28:14.468+0000] {logging_mixin.py:188} INFO - [2026-07-06T16:28:14.467+0000] {dag.py:3823} INFO - Setting next_dagrun for example_branch_datetime_operator_2 to 2026-07-05 00:00:00+00:00, run_after=2026-07-06 00:00:00+00:00
[2026-07-06T16:28:14.472+0000] {logging_mixin.py:188} INFO - [2026-07-06T16:28:14.472+0000] {dag.py:3823} INFO - Setting next_dagrun for example_branch_datetime_operator_3 to 2026-07-05 00:00:00+00:00, run_after=2026-07-06 00:00:00+00:00
[2026-07-06T16:28:14.521+0000] {processor.py:183} INFO - Processing /home/airflow/.local/lib/python3.8/site-packages/airflow/example_dags/example_branch_datetime_operator.py took 0.322 seconds
[2026-07-06T16:28:53.111+0000] {processor.py:161} INFO - Started process (PID=791) to work on /home/airflow/.local/lib/python3.8/site-packages/airflow/example_dags/example_branch_datetime_operator.py
[2026-07-06T16:28:53.115+0000] {processor.py:830} INFO - Processing file /home/airflow/.local/lib/python3.8/site-packages/airflow/example_dags/example_branch_datetime_operator.py for tasks to queue
[2026-07-06T16:28:53.124+0000] {logging_mixin.py:188} INFO - [2026-07-06T16:28:53.121+0000] {dagbag.py:538} INFO - Filling up the DagBag from /home/airflow/.local/lib/python3.8/site-packages/airflow/example_dags/example_branch_datetime_operator.py
[2026-07-06T16:28:53.227+0000] {processor.py:840} INFO - DAG(s) 'example_branch_datetime_operator', 'example_branch_datetime_operator_3', 'example_branch_datetime_operator_2' retrieved from /home/airflow/.local/lib/python3.8/site-packages/airflow/example_dags/example_branch_datetime_operator.py
[2026-07-06T16:28:53.685+0000] {logging_mixin.py:188} INFO - [2026-07-06T16:28:53.685+0000] {dag.py:3036} INFO - Sync 3 DAGs
[2026-07-06T16:28:54.071+0000] {logging_mixin.py:188} INFO - [2026-07-06T16:28:54.070+0000] {dag.py:3823} INFO - Setting next_dagrun for example_branch_datetime_operator to 2026-07-05 00:00:00+00:00, run_after=2026-07-06 00:00:00+00:00
[2026-07-06T16:28:54.203+0000] {logging_mixin.py:188} INFO - [2026-07-06T16:28:54.203+0000] {dag.py:3823} INFO - Setting next_dagrun for example_branch_datetime_operator_2 to 2026-07-05 00:00:00+00:00, run_after=2026-07-06 00:00:00+00:00
[2026-07-06T16:28:54.252+0000] {logging_mixin.py:188} INFO - [2026-07-06T16:28:54.252+0000] {dag.py:3823} INFO - Setting next_dagrun for example_branch_datetime_operator_3 to 2026-07-05 00:00:00+00:00, run_after=2026-07-06 00:00:00+00:00
[2026-07-06T16:28:54.481+0000] {processor.py:183} INFO - Processing /home/airflow/.local/lib/python3.8/site-packages/airflow/example_dags/example_branch_datetime_operator.py took 1.444 seconds
[2026-07-06T16:29:24.934+0000] {processor.py:161} INFO - Started process (PID=857) to work on /home/airflow/.local/lib/python3.8/site-packages/airflow/example_dags/example_branch_datetime_operator.py
[2026-07-06T16:29:24.945+0000] {processor.py:830} INFO - Processing file /home/airflow/.local/lib/python3.8/site-packages/airflow/example_dags/example_branch_datetime_operator.py for tasks to queue
[2026-07-06T16:29:24.951+0000] {logging_mixin.py:188} INFO - [2026-07-06T16:29:24.950+0000] {dagbag.py:538} INFO - Filling up the DagBag from /home/airflow/.local/lib/python3.8/site-packages/airflow/example_dags/example_branch_datetime_operator.py
[2026-07-06T16:29:25.026+0000] {processor.py:840} INFO - DAG(s) 'example_branch_datetime_operator', 'example_branch_datetime_operator_3', 'example_branch_datetime_operator_2' retrieved from /home/airflow/.local/lib/python3.8/site-packages/airflow/example_dags/example_branch_datetime_operator.py
[2026-07-06T16:29:25.153+0000] {logging_mixin.py:188} INFO - [2026-07-06T16:29:25.153+0000] {dag.py:3036} INFO - Sync 3 DAGs
[2026-07-06T16:29:25.269+0000] {logging_mixin.py:188} INFO - [2026-07-06T16:29:25.269+0000] {dag.py:3823} INFO - Setting next_dagrun for example_branch_datetime_operator to 2026-07-05 00:00:00+00:00, run_after=2026-07-06 00:00:00+00:00
[2026-07-06T16:29:25.292+0000] {logging_mixin.py:188} INFO - [2026-07-06T16:29:25.291+0000] {dag.py:3823} INFO - Setting next_dagrun for example_branch_datetime_operator_2 to 2026-07-05 00:00:00+00:00, run_after=2026-07-06 00:00:00+00:00
[2026-07-06T16:29:25.315+0000] {logging_mixin.py:188} INFO - [2026-07-06T16:29:25.314+0000] {dag.py:3823} INFO - Setting next_dagrun for example_branch_datetime_operator_3 to 2026-07-05 00:00:00+00:00, run_after=2026-07-06 00:00:00+00:00
[2026-07-06T16:29:25.461+0000] {processor.py:183} INFO - Processing /home/airflow/.local/lib/python3.8/site-packages/airflow/example_dags/example_branch_datetime_operator.py took 0.543 seconds
[2026-07-06T16:29:55.693+0000] {processor.py:161} INFO - Started process (PID=923) to work on /home/airflow/.local/lib/python3.8/site-packages/airflow/example_dags/example_branch_datetime_operator.py
[2026-07-06T16:29:55.701+0000] {processor.py:830} INFO - Processing file /home/airflow/.local/lib/python3.8/site-packages/airflow/example_dags/example_branch_datetime_operator.py for tasks to queue
[2026-07-06T16:29:55.706+0000] {logging_mixin.py:188} INFO - [2026-07-06T16:29:55.705+0000] {dagbag.py:538} INFO - Filling up the DagBag from /home/airflow/.local/lib/python3.8/site-packages/airflow/example_dags/example_branch_datetime_operator.py
[2026-07-06T16:29:55.740+0000] {processor.py:840} INFO - DAG(s) 'example_branch_datetime_operator_3', 'example_branch_datetime_operator_2', 'example_branch_datetime_operator' retrieved from /home/airflow/.local/lib/python3.8/site-packages/airflow/example_dags/example_branch_datetime_operator.py
[2026-07-06T16:29:55.835+0000] {logging_mixin.py:188} INFO - [2026-07-06T16:29:55.834+0000] {dag.py:3036} INFO - Sync 3 DAGs
[2026-07-06T16:29:55.910+0000] {logging_mixin.py:188} INFO - [2026-07-06T16:29:55.910+0000] {dag.py:3823} INFO - Setting next_dagrun for example_branch_datetime_operator to 2026-07-05 00:00:00+00:00, run_after=2026-07-06 00:00:00+00:00
[2026-07-06T16:29:55.924+0000] {logging_mixin.py:188} INFO - [2026-07-06T16:29:55.924+0000] {dag.py:3823} INFO - Setting next_dagrun for example_branch_datetime_operator_2 to 2026-07-05 00:00:00+00:00, run_after=2026-07-06 00:00:00+00:00
[2026-07-06T16:29:55.933+0000] {logging_mixin.py:188} INFO - [2026-07-06T16:29:55.932+0000] {dag.py:3823} INFO - Setting next_dagrun for example_branch_datetime_operator_3 to 2026-07-05 00:00:00+00:00, run_after=2026-07-06 00:00:00+00:00
[2026-07-06T16:29:55.982+0000] {processor.py:183} INFO - Processing /home/airflow/.local/lib/python3.8/site-packages/airflow/example_dags/example_branch_datetime_operator.py took 0.301 seconds
[2026-07-06T16:30:26.395+0000] {processor.py:161} INFO - Started process (PID=982) to work on /home/airflow/.local/lib/python3.8/site-packages/airflow/example_dags/example_branch_datetime_operator.py
[2026-07-06T16:30:26.398+0000] {processor.py:830} INFO - Processing file /home/airflow/.local/lib/python3.8/site-packages/airflow/example_dags/example_branch_datetime_operator.py for tasks to queue
[2026-07-06T16:30:26.404+0000] {logging_mixin.py:188} INFO - [2026-07-06T16:30:26.403+0000] {dagbag.py:538} INFO - Filling up the DagBag from /home/airflow/.local/lib/python3.8/site-packages/airflow/example_dags/example_branch_datetime_operator.py
[2026-07-06T16:30:26.431+0000] {processor.py:840} INFO - DAG(s) 'example_branch_datetime_operator_2', 'example_branch_datetime_operator', 'example_branch_datetime_operator_3' retrieved from /home/airflow/.local/lib/python3.8/site-packages/airflow/example_dags/example_branch_datetime_operator.py
[2026-07-06T16:30:26.520+0000] {logging_mixin.py:188} INFO - [2026-07-06T16:30:26.519+0000] {dag.py:3036} INFO - Sync 3 DAGs
[2026-07-06T16:30:26.569+0000] {logging_mixin.py:188} INFO - [2026-07-06T16:30:26.569+0000] {dag.py:3823} INFO - Setting next_dagrun for example_branch_datetime_operator to 2026-07-05 00:00:00+00:00, run_after=2026-07-06 00:00:00+00:00
[2026-07-06T16:30:26.580+0000] {logging_mixin.py:188} INFO - [2026-07-06T16:30:26.580+0000] {dag.py:3823} INFO - Setting next_dagrun for example_branch_datetime_operator_2 to 2026-07-05 00:00:00+00:00, run_after=2026-07-06 00:00:00+00:00
[2026-07-06T16:30:26.586+0000] {logging_mixin.py:188} INFO - [2026-07-06T16:30:26.585+0000] {dag.py:3823} INFO - Setting next_dagrun for example_branch_datetime_operator_3 to 2026-07-05 00:00:00+00:00, run_after=2026-07-06 00:00:00+00:00
[2026-07-06T16:30:26.622+0000] {processor.py:183} INFO - Processing /home/airflow/.local/lib/python3.8/site-packages/airflow/example_dags/example_branch_datetime_operator.py took 0.240 seconds
[2026-07-06T16:30:56.739+0000] {processor.py:161} INFO - Started process (PID=1048) to work on /home/airflow/.local/lib/python3.8/site-packages/airflow/example_dags/example_branch_datetime_operator.py
[2026-07-06T16:30:56.741+0000] {processor.py:830} INFO - Processing file /home/airflow/.local/lib/python3.8/site-packages/airflow/example_dags/example_branch_datetime_operator.py for tasks to queue
[2026-07-06T16:30:56.747+0000] {logging_mixin.py:188} INFO - [2026-07-06T16:30:56.746+0000] {dagbag.py:538} INFO - Filling up the DagBag from /home/airflow/.local/lib/python3.8/site-packages/airflow/example_dags/example_branch_datetime_operator.py
[2026-07-06T16:30:56.789+0000] {processor.py:840} INFO - DAG(s) 'example_branch_datetime_operator_3', 'example_branch_datetime_operator', 'example_branch_datetime_operator_2' retrieved from /home/airflow/.local/lib/python3.8/site-packages/airflow/example_dags/example_branch_datetime_operator.py
[2026-07-06T16:30:56.872+0000] {logging_mixin.py:188} INFO - [2026-07-06T16:30:56.871+0000] {dag.py:3036} INFO - Sync 3 DAGs
[2026-07-06T16:30:56.942+0000] {logging_mixin.py:188} INFO - [2026-07-06T16:30:56.942+0000] {dag.py:3823} INFO - Setting next_dagrun for example_branch_datetime_operator to 2026-07-05 00:00:00+00:00, run_after=2026-07-06 00:00:00+00:00
[2026-07-06T16:30:56.956+0000] {logging_mixin.py:188} INFO - [2026-07-06T16:30:56.955+0000] {dag.py:3823} INFO - Setting next_dagrun for example_branch_datetime_operator_2 to 2026-07-05 00:00:00+00:00, run_after=2026-07-06 00:00:00+00:00
[2026-07-06T16:30:56.963+0000] {logging_mixin.py:188} INFO - [2026-07-06T16:30:56.963+0000] {dag.py:3823} INFO - Setting next_dagrun for example_branch_datetime_operator_3 to 2026-07-05 00:00:00+00:00, run_after=2026-07-06 00:00:00+00:00
[2026-07-06T16:30:57.020+0000] {processor.py:183} INFO - Processing /home/airflow/.local/lib/python3.8/site-packages/airflow/example_dags/example_branch_datetime_operator.py took 0.292 seconds
[2026-07-06T16:31:27.938+0000] {processor.py:161} INFO - Started process (PID=1113) to work on /home/airflow/.local/lib/python3.8/site-packages/airflow/example_dags/example_branch_datetime_operator.py
[2026-07-06T16:31:27.942+0000] {processor.py:830} INFO - Processing file /home/airflow/.local/lib/python3.8/site-packages/airflow/example_dags/example_branch_datetime_operator.py for tasks to queue
[2026-07-06T16:31:27.950+0000] {logging_mixin.py:188} INFO - [2026-07-06T16:31:27.949+0000] {dagbag.py:538} INFO - Filling up the DagBag from /home/airflow/.local/lib/python3.8/site-packages/airflow/example_dags/example_branch_datetime_operator.py
[2026-07-06T16:31:28.003+0000] {processor.py:840} INFO - DAG(s) 'example_branch_datetime_operator_3', 'example_branch_datetime_operator', 'example_branch_datetime_operator_2' retrieved from /home/airflow/.local/lib/python3.8/site-packages/airflow/example_dags/example_branch_datetime_operator.py
[2026-07-06T16:31:28.097+0000] {logging_mixin.py:188} INFO - [2026-07-06T16:31:28.096+0000] {dag.py:3036} INFO - Sync 3 DAGs
[2026-07-06T16:31:28.170+0000] {logging_mixin.py:188} INFO - [2026-07-06T16:31:28.169+0000] {dag.py:3823} INFO - Setting next_dagrun for example_branch_datetime_operator to 2026-07-05 00:00:00+00:00, run_after=2026-07-06 00:00:00+00:00
[2026-07-06T16:31:28.183+0000] {logging_mixin.py:188} INFO - [2026-07-06T16:31:28.183+0000] {dag.py:3823} INFO - Setting next_dagrun for example_branch_datetime_operator_2 to 2026-07-05 00:00:00+00:00, run_after=2026-07-06 00:00:00+00:00
[2026-07-06T16:31:28.194+0000] {logging_mixin.py:188} INFO - [2026-07-06T16:31:28.194+0000] {dag.py:3823} INFO - Setting next_dagrun for example_branch_datetime_operator_3 to 2026-07-05 00:00:00+00:00, run_after=2026-07-06 00:00:00+00:00
[2026-07-06T16:31:28.252+0000] {processor.py:183} INFO - Processing /home/airflow/.local/lib/python3.8/site-packages/airflow/example_dags/example_branch_datetime_operator.py took 0.324 seconds
[2026-07-06T16:32:01.262+0000] {processor.py:161} INFO - Started process (PID=1170) to work on /home/airflow/.local/lib/python3.8/site-packages/airflow/example_dags/example_branch_datetime_operator.py
[2026-07-06T16:32:01.269+0000] {processor.py:830} INFO - Processing file /home/airflow/.local/lib/python3.8/site-packages/airflow/example_dags/example_branch_datetime_operator.py for tasks to queue
[2026-07-06T16:32:01.281+0000] {logging_mixin.py:188} INFO - [2026-07-06T16:32:01.275+0000] {dagbag.py:538} INFO - Filling up the DagBag from /home/airflow/.local/lib/python3.8/site-packages/airflow/example_dags/example_branch_datetime_operator.py
[2026-07-06T16:32:01.378+0000] {processor.py:840} INFO - DAG(s) 'example_branch_datetime_operator_3', 'example_branch_datetime_operator', 'example_branch_datetime_operator_2' retrieved from /home/airflow/.local/lib/python3.8/site-packages/airflow/example_dags/example_branch_datetime_operator.py
[2026-07-06T16:32:01.523+0000] {logging_mixin.py:188} INFO - [2026-07-06T16:32:01.522+0000] {dag.py:3036} INFO - Sync 3 DAGs
[2026-07-06T16:32:01.617+0000] {logging_mixin.py:188} INFO - [2026-07-06T16:32:01.616+0000] {dag.py:3823} INFO - Setting next_dagrun for example_branch_datetime_operator to 2026-07-05 00:00:00+00:00, run_after=2026-07-06 00:00:00+00:00
[2026-07-06T16:32:01.628+0000] {logging_mixin.py:188} INFO - [2026-07-06T16:32:01.628+0000] {dag.py:3823} INFO - Setting next_dagrun for example_branch_datetime_operator_2 to 2026-07-05 00:00:00+00:00, run_after=2026-07-06 00:00:00+00:00
[2026-07-06T16:32:01.637+0000] {logging_mixin.py:188} INFO - [2026-07-06T16:32:01.636+0000] {dag.py:3823} INFO - Setting next_dagrun for example_branch_datetime_operator_3 to 2026-07-05 00:00:00+00:00, run_after=2026-07-06 00:00:00+00:00
[2026-07-06T16:32:01.688+0000] {processor.py:183} INFO - Processing /home/airflow/.local/lib/python3.8/site-packages/airflow/example_dags/example_branch_datetime_operator.py took 0.444 seconds
[2026-07-06T16:32:38.055+0000] {processor.py:161} INFO - Started process (PID=1234) to work on /home/airflow/.local/lib/python3.8/site-packages/airflow/example_dags/example_branch_datetime_operator.py
[2026-07-06T16:32:38.071+0000] {processor.py:830} INFO - Processing file /home/airflow/.local/lib/python3.8/site-packages/airflow/example_dags/example_branch_datetime_operator.py for tasks to queue
[2026-07-06T16:32:38.101+0000] {logging_mixin.py:188} INFO - [2026-07-06T16:32:38.100+0000] {dagbag.py:538} INFO - Filling up the DagBag from /home/airflow/.local/lib/python3.8/site-packages/airflow/example_dags/example_branch_datetime_operator.py
[2026-07-06T16:32:38.375+0000] {processor.py:840} INFO - DAG(s) 'example_branch_datetime_operator_2', 'example_branch_datetime_operator_3', 'example_branch_datetime_operator' retrieved from /home/airflow/.local/lib/python3.8/site-packages/airflow/example_dags/example_branch_datetime_operator.py
[2026-07-06T16:32:38.823+0000] {logging_mixin.py:188} INFO - [2026-07-06T16:32:38.822+0000] {dag.py:3036} INFO - Sync 3 DAGs
[2026-07-06T16:32:39.067+0000] {logging_mixin.py:188} INFO - [2026-07-06T16:32:39.067+0000] {dag.py:3823} INFO - Setting next_dagrun for example_branch_datetime_operator to 2026-07-05 00:00:00+00:00, run_after=2026-07-06 00:00:00+00:00
[2026-07-06T16:32:39.128+0000] {logging_mixin.py:188} INFO - [2026-07-06T16:32:39.127+0000] {dag.py:3823} INFO - Setting next_dagrun for example_branch_datetime_operator_2 to 2026-07-05 00:00:00+00:00, run_after=2026-07-06 00:00:00+00:00
[2026-07-06T16:32:39.158+0000] {logging_mixin.py:188} INFO - [2026-07-06T16:32:39.146+0000] {dag.py:3823} INFO - Setting next_dagrun for example_branch_datetime_operator_3 to 2026-07-05 00:00:00+00:00, run_after=2026-07-06 00:00:00+00:00
[2026-07-06T16:32:39.490+0000] {processor.py:183} INFO - Processing /home/airflow/.local/lib/python3.8/site-packages/airflow/example_dags/example_branch_datetime_operator.py took 1.482 seconds
[2026-07-06T16:33:10.226+0000] {processor.py:161} INFO - Started process (PID=1298) to work on /home/airflow/.local/lib/python3.8/site-packages/airflow/example_dags/example_branch_datetime_operator.py
[2026-07-06T16:33:10.245+0000] {processor.py:830} INFO - Processing file /home/airflow/.local/lib/python3.8/site-packages/airflow/example_dags/example_branch_datetime_operator.py for tasks to queue
[2026-07-06T16:33:10.252+0000] {logging_mixin.py:188} INFO - [2026-07-06T16:33:10.251+0000] {dagbag.py:538} INFO - Filling up the DagBag from /home/airflow/.local/lib/python3.8/site-packages/airflow/example_dags/example_branch_datetime_operator.py
[2026-07-06T16:33:10.329+0000] {processor.py:840} INFO - DAG(s) 'example_branch_datetime_operator_3', 'example_branch_datetime_operator_2', 'example_branch_datetime_operator' retrieved from /home/airflow/.local/lib/python3.8/site-packages/airflow/example_dags/example_branch_datetime_operator.py
[2026-07-06T16:33:10.472+0000] {logging_mixin.py:188} INFO - [2026-07-06T16:33:10.471+0000] {dag.py:3036} INFO - Sync 3 DAGs
[2026-07-06T16:33:10.588+0000] {logging_mixin.py:188} INFO - [2026-07-06T16:33:10.588+0000] {dag.py:3823} INFO - Setting next_dagrun for example_branch_datetime_operator to 2026-07-05 00:00:00+00:00, run_after=2026-07-06 00:00:00+00:00
[2026-07-06T16:33:10.613+0000] {logging_mixin.py:188} INFO - [2026-07-06T16:33:10.612+0000] {dag.py:3823} INFO - Setting next_dagrun for example_branch_datetime_operator_2 to 2026-07-05 00:00:00+00:00, run_after=2026-07-06 00:00:00+00:00
[2026-07-06T16:33:10.623+0000] {logging_mixin.py:188} INFO - [2026-07-06T16:33:10.622+0000] {dag.py:3823} INFO - Setting next_dagrun for example_branch_datetime_operator_3 to 2026-07-05 00:00:00+00:00, run_after=2026-07-06 00:00:00+00:00
[2026-07-06T16:33:10.679+0000] {processor.py:183} INFO - Processing /home/airflow/.local/lib/python3.8/site-packages/airflow/example_dags/example_branch_datetime_operator.py took 0.480 seconds
[2026-07-06T16:33:40.932+0000] {processor.py:161} INFO - Started process (PID=1363) to work on /home/airflow/.local/lib/python3.8/site-packages/airflow/example_dags/example_branch_datetime_operator.py
[2026-07-06T16:33:40.936+0000] {processor.py:830} INFO - Processing file /home/airflow/.local/lib/python3.8/site-packages/airflow/example_dags/example_branch_datetime_operator.py for tasks to queue
[2026-07-06T16:33:40.944+0000] {logging_mixin.py:188} INFO - [2026-07-06T16:33:40.940+0000] {dagbag.py:538} INFO - Filling up the DagBag from /home/airflow/.local/lib/python3.8/site-packages/airflow/example_dags/example_branch_datetime_operator.py
[2026-07-06T16:33:41.002+0000] {processor.py:840} INFO - DAG(s) 'example_branch_datetime_operator_2', 'example_branch_datetime_operator', 'example_branch_datetime_operator_3' retrieved from /home/airflow/.local/lib/python3.8/site-packages/airflow/example_dags/example_branch_datetime_operator.py
[2026-07-06T16:33:41.094+0000] {logging_mixin.py:188} INFO - [2026-07-06T16:33:41.094+0000] {dag.py:3036} INFO - Sync 3 DAGs
[2026-07-06T16:33:41.166+0000] {logging_mixin.py:188} INFO - [2026-07-06T16:33:41.165+0000] {dag.py:3823} INFO - Setting next_dagrun for example_branch_datetime_operator to 2026-07-05 00:00:00+00:00, run_after=2026-07-06 00:00:00+00:00
[2026-07-06T16:33:41.181+0000] {logging_mixin.py:188} INFO - [2026-07-06T16:33:41.180+0000] {dag.py:3823} INFO - Setting next_dagrun for example_branch_datetime_operator_2 to 2026-07-05 00:00:00+00:00, run_after=2026-07-06 00:00:00+00:00
[2026-07-06T16:33:41.195+0000] {logging_mixin.py:188} INFO - [2026-07-06T16:33:41.194+0000] {dag.py:3823} INFO - Setting next_dagrun for example_branch_datetime_operator_3 to 2026-07-05 00:00:00+00:00, run_after=2026-07-06 00:00:00+00:00
[2026-07-06T16:33:41.268+0000] {processor.py:183} INFO - Processing /home/airflow/.local/lib/python3.8/site-packages/airflow/example_dags/example_branch_datetime_operator.py took 0.347 seconds
[2026-07-06T16:34:11.984+0000] {processor.py:161} INFO - Started process (PID=1421) to work on /home/airflow/.local/lib/python3.8/site-packages/airflow/example_dags/example_branch_datetime_operator.py
[2026-07-06T16:34:11.987+0000] {processor.py:830} INFO - Processing file /home/airflow/.local/lib/python3.8/site-packages/airflow/example_dags/example_branch_datetime_operator.py for tasks to queue
[2026-07-06T16:34:11.991+0000] {logging_mixin.py:188} INFO - [2026-07-06T16:34:11.990+0000] {dagbag.py:538} INFO - Filling up the DagBag from /home/airflow/.local/lib/python3.8/site-packages/airflow/example_dags/example_branch_datetime_operator.py
[2026-07-06T16:34:12.010+0000] {processor.py:840} INFO - DAG(s) 'example_branch_datetime_operator_3', 'example_branch_datetime_operator_2', 'example_branch_datetime_operator' retrieved from /home/airflow/.local/lib/python3.8/site-packages/airflow/example_dags/example_branch_datetime_operator.py
[2026-07-06T16:34:12.083+0000] {logging_mixin.py:188} INFO - [2026-07-06T16:34:12.082+0000] {dag.py:3036} INFO - Sync 3 DAGs
[2026-07-06T16:34:12.165+0000] {logging_mixin.py:188} INFO - [2026-07-06T16:34:12.165+0000] {dag.py:3823} INFO - Setting next_dagrun for example_branch_datetime_operator to 2026-07-05 00:00:00+00:00, run_after=2026-07-06 00:00:00+00:00
[2026-07-06T16:34:12.181+0000] {logging_mixin.py:188} INFO - [2026-07-06T16:34:12.180+0000] {dag.py:3823} INFO - Setting next_dagrun for example_branch_datetime_operator_2 to 2026-07-05 00:00:00+00:00, run_after=2026-07-06 00:00:00+00:00
[2026-07-06T16:34:12.193+0000] {logging_mixin.py:188} INFO - [2026-07-06T16:34:12.192+0000] {dag.py:3823} INFO - Setting next_dagrun for example_branch_datetime_operator_3 to 2026-07-05 00:00:00+00:00, run_after=2026-07-06 00:00:00+00:00
[2026-07-06T16:34:12.301+0000] {processor.py:183} INFO - Processing /home/airflow/.local/lib/python3.8/site-packages/airflow/example_dags/example_branch_datetime_operator.py took 0.327 seconds
[2026-07-06T16:34:42.638+0000] {processor.py:161} INFO - Started process (PID=1486) to work on /home/airflow/.local/lib/python3.8/site-packages/airflow/example_dags/example_branch_datetime_operator.py
[2026-07-06T16:34:42.642+0000] {processor.py:830} INFO - Processing file /home/airflow/.local/lib/python3.8/site-packages/airflow/example_dags/example_branch_datetime_operator.py for tasks to queue
[2026-07-06T16:34:42.646+0000] {logging_mixin.py:188} INFO - [2026-07-06T16:34:42.645+0000] {dagbag.py:538} INFO - Filling up the DagBag from /home/airflow/.local/lib/python3.8/site-packages/airflow/example_dags/example_branch_datetime_operator.py
[2026-07-06T16:34:42.668+0000] {processor.py:840} INFO - DAG(s) 'example_branch_datetime_operator_2', 'example_branch_datetime_operator', 'example_branch_datetime_operator_3' retrieved from /home/airflow/.local/lib/python3.8/site-packages/airflow/example_dags/example_branch_datetime_operator.py
[2026-07-06T16:34:42.729+0000] {logging_mixin.py:188} INFO - [2026-07-06T16:34:42.729+0000] {dag.py:3036} INFO - Sync 3 DAGs
[2026-07-06T16:34:42.781+0000] {logging_mixin.py:188} INFO - [2026-07-06T16:34:42.780+0000] {dag.py:3823} INFO - Setting next_dagrun for example_branch_datetime_operator to 2026-07-05 00:00:00+00:00, run_after=2026-07-06 00:00:00+00:00
[2026-07-06T16:34:42.790+0000] {logging_mixin.py:188} INFO - [2026-07-06T16:34:42.790+0000] {dag.py:3823} INFO - Setting next_dagrun for example_branch_datetime_operator_2 to 2026-07-05 00:00:00+00:00, run_after=2026-07-06 00:00:00+00:00
[2026-07-06T16:34:42.796+0000] {logging_mixin.py:188} INFO - [2026-07-06T16:34:42.796+0000] {dag.py:3823} INFO - Setting next_dagrun for example_branch_datetime_operator_3 to 2026-07-05 00:00:00+00:00, run_after=2026-07-06 00:00:00+00:00
[2026-07-06T16:34:42.834+0000] {processor.py:183} INFO - Processing /home/airflow/.local/lib/python3.8/site-packages/airflow/example_dags/example_branch_datetime_operator.py took 0.204 seconds
[2026-07-06T16:35:13.383+0000] {processor.py:161} INFO - Started process (PID=1551) to work on /home/airflow/.local/lib/python3.8/site-packages/airflow/example_dags/example_branch_datetime_operator.py
[2026-07-06T16:35:13.392+0000] {processor.py:830} INFO - Processing file /home/airflow/.local/lib/python3.8/site-packages/airflow/example_dags/example_branch_datetime_operator.py for tasks to queue
[2026-07-06T16:35:13.399+0000] {logging_mixin.py:188} INFO - [2026-07-06T16:35:13.398+0000] {dagbag.py:538} INFO - Filling up the DagBag from /home/airflow/.local/lib/python3.8/site-packages/airflow/example_dags/example_branch_datetime_operator.py
[2026-07-06T16:35:13.432+0000] {processor.py:840} INFO - DAG(s) 'example_branch_datetime_operator_3', 'example_branch_datetime_operator', 'example_branch_datetime_operator_2' retrieved from /home/airflow/.local/lib/python3.8/site-packages/airflow/example_dags/example_branch_datetime_operator.py
[2026-07-06T16:35:13.543+0000] {logging_mixin.py:188} INFO - [2026-07-06T16:35:13.542+0000] {dag.py:3036} INFO - Sync 3 DAGs
[2026-07-06T16:35:13.656+0000] {logging_mixin.py:188} INFO - [2026-07-06T16:35:13.655+0000] {dag.py:3823} INFO - Setting next_dagrun for example_branch_datetime_operator to 2026-07-05 00:00:00+00:00, run_after=2026-07-06 00:00:00+00:00
[2026-07-06T16:35:13.668+0000] {logging_mixin.py:188} INFO - [2026-07-06T16:35:13.668+0000] {dag.py:3823} INFO - Setting next_dagrun for example_branch_datetime_operator_2 to 2026-07-05 00:00:00+00:00, run_after=2026-07-06 00:00:00+00:00
[2026-07-06T16:35:13.675+0000] {logging_mixin.py:188} INFO - [2026-07-06T16:35:13.675+0000] {dag.py:3823} INFO - Setting next_dagrun for example_branch_datetime_operator_3 to 2026-07-05 00:00:00+00:00, run_after=2026-07-06 00:00:00+00:00
[2026-07-06T16:35:13.721+0000] {processor.py:183} INFO - Processing /home/airflow/.local/lib/python3.8/site-packages/airflow/example_dags/example_branch_datetime_operator.py took 0.349 seconds
