[2026-07-06T16:22:35.891+0000] {processor.py:161} INFO - Started process (PID=215) to work on /home/airflow/.local/lib/python3.8/site-packages/airflow/example_dags/example_dag_decorator.py
[2026-07-06T16:22:35.904+0000] {processor.py:830} INFO - Processing file /home/airflow/.local/lib/python3.8/site-packages/airflow/example_dags/example_dag_decorator.py for tasks to queue
[2026-07-06T16:22:35.909+0000] {logging_mixin.py:188} INFO - [2026-07-06T16:22:35.908+0000] {dagbag.py:538} INFO - Filling up the DagBag from /home/airflow/.local/lib/python3.8/site-packages/airflow/example_dags/example_dag_decorator.py
[2026-07-06T16:22:44.007+0000] {processor.py:840} INFO - DAG(s) 'example_dag_decorator' retrieved from /home/airflow/.local/lib/python3.8/site-packages/airflow/example_dags/example_dag_decorator.py
[2026-07-06T16:22:50.277+0000] {logging_mixin.py:188} INFO - [2026-07-06T16:22:50.275+0000] {override.py:1769} INFO - Created Permission View: can read on DAG:example_dag_decorator
[2026-07-06T16:22:50.866+0000] {logging_mixin.py:188} INFO - [2026-07-06T16:22:50.865+0000] {override.py:1769} INFO - Created Permission View: can delete on DAG:example_dag_decorator
[2026-07-06T16:22:51.296+0000] {logging_mixin.py:188} INFO - [2026-07-06T16:22:51.230+0000] {override.py:1769} INFO - Created Permission View: can edit on DAG:example_dag_decorator
[2026-07-06T16:22:51.522+0000] {logging_mixin.py:188} INFO - [2026-07-06T16:22:51.521+0000] {dag.py:3036} INFO - Sync 1 DAGs
[2026-07-06T16:22:52.411+0000] {logging_mixin.py:188} INFO - [2026-07-06T16:22:52.411+0000] {dag.py:3058} INFO - Creating ORM DAG for example_dag_decorator
[2026-07-06T16:22:52.413+0000] {logging_mixin.py:188} INFO - [2026-07-06T16:22:52.412+0000] {dag.py:3823} INFO - Setting next_dagrun for example_dag_decorator to None, run_after=None
[2026-07-06T16:22:52.846+0000] {processor.py:183} INFO - Processing /home/airflow/.local/lib/python3.8/site-packages/airflow/example_dags/example_dag_decorator.py took 17.069 seconds
[2026-07-06T16:24:46.928+0000] {processor.py:161} INFO - Started process (PID=314) to work on /home/airflow/.local/lib/python3.8/site-packages/airflow/example_dags/example_dag_decorator.py
[2026-07-06T16:24:46.940+0000] {processor.py:830} INFO - Processing file /home/airflow/.local/lib/python3.8/site-packages/airflow/example_dags/example_dag_decorator.py for tasks to queue
[2026-07-06T16:24:46.950+0000] {logging_mixin.py:188} INFO - [2026-07-06T16:24:46.949+0000] {dagbag.py:538} INFO - Filling up the DagBag from /home/airflow/.local/lib/python3.8/site-packages/airflow/example_dags/example_dag_decorator.py
[2026-07-06T16:24:48.909+0000] {processor.py:840} INFO - DAG(s) 'example_dag_decorator' retrieved from /home/airflow/.local/lib/python3.8/site-packages/airflow/example_dags/example_dag_decorator.py
[2026-07-06T16:24:49.709+0000] {logging_mixin.py:188} INFO - [2026-07-06T16:24:49.708+0000] {dag.py:3036} INFO - Sync 1 DAGs
[2026-07-06T16:24:49.859+0000] {logging_mixin.py:188} INFO - [2026-07-06T16:24:49.858+0000] {dag.py:3823} INFO - Setting next_dagrun for example_dag_decorator to None, run_after=None
[2026-07-06T16:24:50.014+0000] {processor.py:183} INFO - Processing /home/airflow/.local/lib/python3.8/site-packages/airflow/example_dags/example_dag_decorator.py took 3.113 seconds
[2026-07-06T16:25:20.228+0000] {processor.py:161} INFO - Started process (PID=380) to work on /home/airflow/.local/lib/python3.8/site-packages/airflow/example_dags/example_dag_decorator.py
[2026-07-06T16:25:20.239+0000] {processor.py:830} INFO - Processing file /home/airflow/.local/lib/python3.8/site-packages/airflow/example_dags/example_dag_decorator.py for tasks to queue
[2026-07-06T16:25:20.254+0000] {logging_mixin.py:188} INFO - [2026-07-06T16:25:20.253+0000] {dagbag.py:538} INFO - Filling up the DagBag from /home/airflow/.local/lib/python3.8/site-packages/airflow/example_dags/example_dag_decorator.py
[2026-07-06T16:25:20.629+0000] {processor.py:840} INFO - DAG(s) 'example_dag_decorator' retrieved from /home/airflow/.local/lib/python3.8/site-packages/airflow/example_dags/example_dag_decorator.py
[2026-07-06T16:25:20.968+0000] {logging_mixin.py:188} INFO - [2026-07-06T16:25:20.967+0000] {dag.py:3036} INFO - Sync 1 DAGs
[2026-07-06T16:25:21.006+0000] {logging_mixin.py:188} INFO - [2026-07-06T16:25:21.005+0000] {dag.py:3823} INFO - Setting next_dagrun for example_dag_decorator to None, run_after=None
[2026-07-06T16:25:21.090+0000] {processor.py:183} INFO - Processing /home/airflow/.local/lib/python3.8/site-packages/airflow/example_dags/example_dag_decorator.py took 0.886 seconds
[2026-07-06T16:25:51.291+0000] {processor.py:161} INFO - Started process (PID=439) to work on /home/airflow/.local/lib/python3.8/site-packages/airflow/example_dags/example_dag_decorator.py
[2026-07-06T16:25:51.294+0000] {processor.py:830} INFO - Processing file /home/airflow/.local/lib/python3.8/site-packages/airflow/example_dags/example_dag_decorator.py for tasks to queue
[2026-07-06T16:25:51.298+0000] {logging_mixin.py:188} INFO - [2026-07-06T16:25:51.298+0000] {dagbag.py:538} INFO - Filling up the DagBag from /home/airflow/.local/lib/python3.8/site-packages/airflow/example_dags/example_dag_decorator.py
[2026-07-06T16:25:51.662+0000] {processor.py:840} INFO - DAG(s) 'example_dag_decorator' retrieved from /home/airflow/.local/lib/python3.8/site-packages/airflow/example_dags/example_dag_decorator.py
[2026-07-06T16:25:52.083+0000] {logging_mixin.py:188} INFO - [2026-07-06T16:25:52.082+0000] {dag.py:3036} INFO - Sync 1 DAGs
[2026-07-06T16:25:52.115+0000] {logging_mixin.py:188} INFO - [2026-07-06T16:25:52.115+0000] {dag.py:3823} INFO - Setting next_dagrun for example_dag_decorator to None, run_after=None
[2026-07-06T16:25:52.184+0000] {processor.py:183} INFO - Processing /home/airflow/.local/lib/python3.8/site-packages/airflow/example_dags/example_dag_decorator.py took 0.905 seconds
[2026-07-06T16:26:22.344+0000] {processor.py:161} INFO - Started process (PID=507) to work on /home/airflow/.local/lib/python3.8/site-packages/airflow/example_dags/example_dag_decorator.py
[2026-07-06T16:26:22.347+0000] {processor.py:830} INFO - Processing file /home/airflow/.local/lib/python3.8/site-packages/airflow/example_dags/example_dag_decorator.py for tasks to queue
[2026-07-06T16:26:22.351+0000] {logging_mixin.py:188} INFO - [2026-07-06T16:26:22.350+0000] {dagbag.py:538} INFO - Filling up the DagBag from /home/airflow/.local/lib/python3.8/site-packages/airflow/example_dags/example_dag_decorator.py
[2026-07-06T16:26:22.628+0000] {processor.py:840} INFO - DAG(s) 'example_dag_decorator' retrieved from /home/airflow/.local/lib/python3.8/site-packages/airflow/example_dags/example_dag_decorator.py
[2026-07-06T16:26:23.001+0000] {logging_mixin.py:188} INFO - [2026-07-06T16:26:23.000+0000] {dag.py:3036} INFO - Sync 1 DAGs
[2026-07-06T16:26:23.040+0000] {logging_mixin.py:188} INFO - [2026-07-06T16:26:23.040+0000] {dag.py:3823} INFO - Setting next_dagrun for example_dag_decorator to None, run_after=None
[2026-07-06T16:26:23.099+0000] {processor.py:183} INFO - Processing /home/airflow/.local/lib/python3.8/site-packages/airflow/example_dags/example_dag_decorator.py took 0.763 seconds
[2026-07-06T16:26:54.010+0000] {processor.py:161} INFO - Started process (PID=573) to work on /home/airflow/.local/lib/python3.8/site-packages/airflow/example_dags/example_dag_decorator.py
[2026-07-06T16:26:54.020+0000] {processor.py:830} INFO - Processing file /home/airflow/.local/lib/python3.8/site-packages/airflow/example_dags/example_dag_decorator.py for tasks to queue
[2026-07-06T16:26:54.029+0000] {logging_mixin.py:188} INFO - [2026-07-06T16:26:54.027+0000] {dagbag.py:538} INFO - Filling up the DagBag from /home/airflow/.local/lib/python3.8/site-packages/airflow/example_dags/example_dag_decorator.py
[2026-07-06T16:26:54.487+0000] {processor.py:840} INFO - DAG(s) 'example_dag_decorator' retrieved from /home/airflow/.local/lib/python3.8/site-packages/airflow/example_dags/example_dag_decorator.py
[2026-07-06T16:26:54.791+0000] {logging_mixin.py:188} INFO - [2026-07-06T16:26:54.790+0000] {dag.py:3036} INFO - Sync 1 DAGs
[2026-07-06T16:26:54.837+0000] {logging_mixin.py:188} INFO - [2026-07-06T16:26:54.837+0000] {dag.py:3823} INFO - Setting next_dagrun for example_dag_decorator to None, run_after=None
[2026-07-06T16:26:54.933+0000] {processor.py:183} INFO - Processing /home/airflow/.local/lib/python3.8/site-packages/airflow/example_dags/example_dag_decorator.py took 0.946 seconds
[2026-07-06T16:27:25.989+0000] {processor.py:161} INFO - Started process (PID=639) to work on /home/airflow/.local/lib/python3.8/site-packages/airflow/example_dags/example_dag_decorator.py
[2026-07-06T16:27:26.024+0000] {processor.py:830} INFO - Processing file /home/airflow/.local/lib/python3.8/site-packages/airflow/example_dags/example_dag_decorator.py for tasks to queue
[2026-07-06T16:27:26.073+0000] {logging_mixin.py:188} INFO - [2026-07-06T16:27:26.058+0000] {dagbag.py:538} INFO - Filling up the DagBag from /home/airflow/.local/lib/python3.8/site-packages/airflow/example_dags/example_dag_decorator.py
[2026-07-06T16:27:27.919+0000] {processor.py:840} INFO - DAG(s) 'example_dag_decorator' retrieved from /home/airflow/.local/lib/python3.8/site-packages/airflow/example_dags/example_dag_decorator.py
[2026-07-06T16:27:28.882+0000] {logging_mixin.py:188} INFO - [2026-07-06T16:27:28.881+0000] {dag.py:3036} INFO - Sync 1 DAGs
[2026-07-06T16:27:29.007+0000] {logging_mixin.py:188} INFO - [2026-07-06T16:27:29.006+0000] {dag.py:3823} INFO - Setting next_dagrun for example_dag_decorator to None, run_after=None
[2026-07-06T16:27:29.278+0000] {processor.py:183} INFO - Processing /home/airflow/.local/lib/python3.8/site-packages/airflow/example_dags/example_dag_decorator.py took 3.384 seconds
[2026-07-06T16:28:00.217+0000] {processor.py:161} INFO - Started process (PID=703) to work on /home/airflow/.local/lib/python3.8/site-packages/airflow/example_dags/example_dag_decorator.py
[2026-07-06T16:28:00.220+0000] {processor.py:830} INFO - Processing file /home/airflow/.local/lib/python3.8/site-packages/airflow/example_dags/example_dag_decorator.py for tasks to queue
[2026-07-06T16:28:00.225+0000] {logging_mixin.py:188} INFO - [2026-07-06T16:28:00.224+0000] {dagbag.py:538} INFO - Filling up the DagBag from /home/airflow/.local/lib/python3.8/site-packages/airflow/example_dags/example_dag_decorator.py
[2026-07-06T16:28:00.476+0000] {processor.py:840} INFO - DAG(s) 'example_dag_decorator' retrieved from /home/airflow/.local/lib/python3.8/site-packages/airflow/example_dags/example_dag_decorator.py
[2026-07-06T16:28:00.796+0000] {logging_mixin.py:188} INFO - [2026-07-06T16:28:00.795+0000] {dag.py:3036} INFO - Sync 1 DAGs
[2026-07-06T16:28:00.829+0000] {logging_mixin.py:188} INFO - [2026-07-06T16:28:00.828+0000] {dag.py:3823} INFO - Setting next_dagrun for example_dag_decorator to None, run_after=None
[2026-07-06T16:28:00.888+0000] {processor.py:183} INFO - Processing /home/airflow/.local/lib/python3.8/site-packages/airflow/example_dags/example_dag_decorator.py took 0.679 seconds
[2026-07-06T16:28:31.539+0000] {processor.py:161} INFO - Started process (PID=762) to work on /home/airflow/.local/lib/python3.8/site-packages/airflow/example_dags/example_dag_decorator.py
[2026-07-06T16:28:31.547+0000] {processor.py:830} INFO - Processing file /home/airflow/.local/lib/python3.8/site-packages/airflow/example_dags/example_dag_decorator.py for tasks to queue
[2026-07-06T16:28:31.577+0000] {logging_mixin.py:188} INFO - [2026-07-06T16:28:31.572+0000] {dagbag.py:538} INFO - Filling up the DagBag from /home/airflow/.local/lib/python3.8/site-packages/airflow/example_dags/example_dag_decorator.py
[2026-07-06T16:28:32.966+0000] {processor.py:840} INFO - DAG(s) 'example_dag_decorator' retrieved from /home/airflow/.local/lib/python3.8/site-packages/airflow/example_dags/example_dag_decorator.py
[2026-07-06T16:28:34.476+0000] {logging_mixin.py:188} INFO - [2026-07-06T16:28:34.475+0000] {dag.py:3036} INFO - Sync 1 DAGs
[2026-07-06T16:28:34.517+0000] {logging_mixin.py:188} INFO - [2026-07-06T16:28:34.517+0000] {dag.py:3823} INFO - Setting next_dagrun for example_dag_decorator to None, run_after=None
[2026-07-06T16:28:34.610+0000] {processor.py:183} INFO - Processing /home/airflow/.local/lib/python3.8/site-packages/airflow/example_dags/example_dag_decorator.py took 3.141 seconds
[2026-07-06T16:29:05.180+0000] {processor.py:161} INFO - Started process (PID=829) to work on /home/airflow/.local/lib/python3.8/site-packages/airflow/example_dags/example_dag_decorator.py
[2026-07-06T16:29:05.197+0000] {processor.py:830} INFO - Processing file /home/airflow/.local/lib/python3.8/site-packages/airflow/example_dags/example_dag_decorator.py for tasks to queue
[2026-07-06T16:29:05.203+0000] {logging_mixin.py:188} INFO - [2026-07-06T16:29:05.202+0000] {dagbag.py:538} INFO - Filling up the DagBag from /home/airflow/.local/lib/python3.8/site-packages/airflow/example_dags/example_dag_decorator.py
[2026-07-06T16:29:05.751+0000] {processor.py:840} INFO - DAG(s) 'example_dag_decorator' retrieved from /home/airflow/.local/lib/python3.8/site-packages/airflow/example_dags/example_dag_decorator.py
[2026-07-06T16:29:06.027+0000] {logging_mixin.py:188} INFO - [2026-07-06T16:29:06.027+0000] {dag.py:3036} INFO - Sync 1 DAGs
[2026-07-06T16:29:06.061+0000] {logging_mixin.py:188} INFO - [2026-07-06T16:29:06.060+0000] {dag.py:3823} INFO - Setting next_dagrun for example_dag_decorator to None, run_after=None
[2026-07-06T16:29:06.349+0000] {processor.py:183} INFO - Processing /home/airflow/.local/lib/python3.8/site-packages/airflow/example_dags/example_dag_decorator.py took 1.191 seconds
[2026-07-06T16:29:36.749+0000] {processor.py:161} INFO - Started process (PID=895) to work on /home/airflow/.local/lib/python3.8/site-packages/airflow/example_dags/example_dag_decorator.py
[2026-07-06T16:29:36.752+0000] {processor.py:830} INFO - Processing file /home/airflow/.local/lib/python3.8/site-packages/airflow/example_dags/example_dag_decorator.py for tasks to queue
[2026-07-06T16:29:36.756+0000] {logging_mixin.py:188} INFO - [2026-07-06T16:29:36.755+0000] {dagbag.py:538} INFO - Filling up the DagBag from /home/airflow/.local/lib/python3.8/site-packages/airflow/example_dags/example_dag_decorator.py
[2026-07-06T16:29:36.945+0000] {processor.py:840} INFO - DAG(s) 'example_dag_decorator' retrieved from /home/airflow/.local/lib/python3.8/site-packages/airflow/example_dags/example_dag_decorator.py
[2026-07-06T16:29:37.178+0000] {logging_mixin.py:188} INFO - [2026-07-06T16:29:37.177+0000] {dag.py:3036} INFO - Sync 1 DAGs
[2026-07-06T16:29:37.202+0000] {logging_mixin.py:188} INFO - [2026-07-06T16:29:37.202+0000] {dag.py:3823} INFO - Setting next_dagrun for example_dag_decorator to None, run_after=None
[2026-07-06T16:29:37.262+0000] {processor.py:183} INFO - Processing /home/airflow/.local/lib/python3.8/site-packages/airflow/example_dags/example_dag_decorator.py took 0.522 seconds
[2026-07-06T16:30:07.393+0000] {processor.py:161} INFO - Started process (PID=953) to work on /home/airflow/.local/lib/python3.8/site-packages/airflow/example_dags/example_dag_decorator.py
[2026-07-06T16:30:07.397+0000] {processor.py:830} INFO - Processing file /home/airflow/.local/lib/python3.8/site-packages/airflow/example_dags/example_dag_decorator.py for tasks to queue
[2026-07-06T16:30:07.401+0000] {logging_mixin.py:188} INFO - [2026-07-06T16:30:07.401+0000] {dagbag.py:538} INFO - Filling up the DagBag from /home/airflow/.local/lib/python3.8/site-packages/airflow/example_dags/example_dag_decorator.py
[2026-07-06T16:30:07.683+0000] {processor.py:840} INFO - DAG(s) 'example_dag_decorator' retrieved from /home/airflow/.local/lib/python3.8/site-packages/airflow/example_dags/example_dag_decorator.py
[2026-07-06T16:30:07.988+0000] {logging_mixin.py:188} INFO - [2026-07-06T16:30:07.987+0000] {dag.py:3036} INFO - Sync 1 DAGs
[2026-07-06T16:30:08.023+0000] {logging_mixin.py:188} INFO - [2026-07-06T16:30:08.023+0000] {dag.py:3823} INFO - Setting next_dagrun for example_dag_decorator to None, run_after=None
[2026-07-06T16:30:08.064+0000] {processor.py:183} INFO - Processing /home/airflow/.local/lib/python3.8/site-packages/airflow/example_dags/example_dag_decorator.py took 0.681 seconds
[2026-07-06T16:30:38.869+0000] {processor.py:161} INFO - Started process (PID=1015) to work on /home/airflow/.local/lib/python3.8/site-packages/airflow/example_dags/example_dag_decorator.py
[2026-07-06T16:30:38.871+0000] {processor.py:830} INFO - Processing file /home/airflow/.local/lib/python3.8/site-packages/airflow/example_dags/example_dag_decorator.py for tasks to queue
[2026-07-06T16:30:38.880+0000] {logging_mixin.py:188} INFO - [2026-07-06T16:30:38.879+0000] {dagbag.py:538} INFO - Filling up the DagBag from /home/airflow/.local/lib/python3.8/site-packages/airflow/example_dags/example_dag_decorator.py
[2026-07-06T16:30:39.357+0000] {processor.py:840} INFO - DAG(s) 'example_dag_decorator' retrieved from /home/airflow/.local/lib/python3.8/site-packages/airflow/example_dags/example_dag_decorator.py
[2026-07-06T16:30:39.877+0000] {logging_mixin.py:188} INFO - [2026-07-06T16:30:39.876+0000] {dag.py:3036} INFO - Sync 1 DAGs
[2026-07-06T16:30:39.933+0000] {logging_mixin.py:188} INFO - [2026-07-06T16:30:39.933+0000] {dag.py:3823} INFO - Setting next_dagrun for example_dag_decorator to None, run_after=None
[2026-07-06T16:30:40.026+0000] {processor.py:183} INFO - Processing /home/airflow/.local/lib/python3.8/site-packages/airflow/example_dags/example_dag_decorator.py took 1.178 seconds
[2026-07-06T16:31:10.963+0000] {processor.py:161} INFO - Started process (PID=1081) to work on /home/airflow/.local/lib/python3.8/site-packages/airflow/example_dags/example_dag_decorator.py
[2026-07-06T16:31:10.974+0000] {processor.py:830} INFO - Processing file /home/airflow/.local/lib/python3.8/site-packages/airflow/example_dags/example_dag_decorator.py for tasks to queue
[2026-07-06T16:31:10.979+0000] {logging_mixin.py:188} INFO - [2026-07-06T16:31:10.978+0000] {dagbag.py:538} INFO - Filling up the DagBag from /home/airflow/.local/lib/python3.8/site-packages/airflow/example_dags/example_dag_decorator.py
[2026-07-06T16:31:11.275+0000] {processor.py:840} INFO - DAG(s) 'example_dag_decorator' retrieved from /home/airflow/.local/lib/python3.8/site-packages/airflow/example_dags/example_dag_decorator.py
[2026-07-06T16:31:11.580+0000] {logging_mixin.py:188} INFO - [2026-07-06T16:31:11.579+0000] {dag.py:3036} INFO - Sync 1 DAGs
[2026-07-06T16:31:11.623+0000] {logging_mixin.py:188} INFO - [2026-07-06T16:31:11.623+0000] {dag.py:3823} INFO - Setting next_dagrun for example_dag_decorator to None, run_after=None
[2026-07-06T16:31:11.702+0000] {processor.py:183} INFO - Processing /home/airflow/.local/lib/python3.8/site-packages/airflow/example_dags/example_dag_decorator.py took 0.750 seconds
[2026-07-06T16:31:41.976+0000] {processor.py:161} INFO - Started process (PID=1139) to work on /home/airflow/.local/lib/python3.8/site-packages/airflow/example_dags/example_dag_decorator.py
[2026-07-06T16:31:41.978+0000] {processor.py:830} INFO - Processing file /home/airflow/.local/lib/python3.8/site-packages/airflow/example_dags/example_dag_decorator.py for tasks to queue
[2026-07-06T16:31:41.983+0000] {logging_mixin.py:188} INFO - [2026-07-06T16:31:41.982+0000] {dagbag.py:538} INFO - Filling up the DagBag from /home/airflow/.local/lib/python3.8/site-packages/airflow/example_dags/example_dag_decorator.py
[2026-07-06T16:31:42.254+0000] {processor.py:840} INFO - DAG(s) 'example_dag_decorator' retrieved from /home/airflow/.local/lib/python3.8/site-packages/airflow/example_dags/example_dag_decorator.py
[2026-07-06T16:31:42.676+0000] {logging_mixin.py:188} INFO - [2026-07-06T16:31:42.675+0000] {dag.py:3036} INFO - Sync 1 DAGs
[2026-07-06T16:31:42.704+0000] {logging_mixin.py:188} INFO - [2026-07-06T16:31:42.703+0000] {dag.py:3823} INFO - Setting next_dagrun for example_dag_decorator to None, run_after=None
[2026-07-06T16:31:42.756+0000] {processor.py:183} INFO - Processing /home/airflow/.local/lib/python3.8/site-packages/airflow/example_dags/example_dag_decorator.py took 0.790 seconds
[2026-07-06T16:32:13.234+0000] {processor.py:161} INFO - Started process (PID=1207) to work on /home/airflow/.local/lib/python3.8/site-packages/airflow/example_dags/example_dag_decorator.py
[2026-07-06T16:32:13.255+0000] {processor.py:830} INFO - Processing file /home/airflow/.local/lib/python3.8/site-packages/airflow/example_dags/example_dag_decorator.py for tasks to queue
[2026-07-06T16:32:13.295+0000] {logging_mixin.py:188} INFO - [2026-07-06T16:32:13.294+0000] {dagbag.py:538} INFO - Filling up the DagBag from /home/airflow/.local/lib/python3.8/site-packages/airflow/example_dags/example_dag_decorator.py
[2026-07-06T16:32:13.885+0000] {processor.py:840} INFO - DAG(s) 'example_dag_decorator' retrieved from /home/airflow/.local/lib/python3.8/site-packages/airflow/example_dags/example_dag_decorator.py
[2026-07-06T16:32:14.589+0000] {logging_mixin.py:188} INFO - [2026-07-06T16:32:14.589+0000] {dag.py:3036} INFO - Sync 1 DAGs
[2026-07-06T16:32:14.681+0000] {logging_mixin.py:188} INFO - [2026-07-06T16:32:14.679+0000] {dag.py:3823} INFO - Setting next_dagrun for example_dag_decorator to None, run_after=None
[2026-07-06T16:32:15.042+0000] {processor.py:183} INFO - Processing /home/airflow/.local/lib/python3.8/site-packages/airflow/example_dags/example_dag_decorator.py took 1.837 seconds
[2026-07-06T16:32:49.358+0000] {processor.py:161} INFO - Started process (PID=1270) to work on /home/airflow/.local/lib/python3.8/site-packages/airflow/example_dags/example_dag_decorator.py
[2026-07-06T16:32:49.365+0000] {processor.py:830} INFO - Processing file /home/airflow/.local/lib/python3.8/site-packages/airflow/example_dags/example_dag_decorator.py for tasks to queue
[2026-07-06T16:32:49.374+0000] {logging_mixin.py:188} INFO - [2026-07-06T16:32:49.373+0000] {dagbag.py:538} INFO - Filling up the DagBag from /home/airflow/.local/lib/python3.8/site-packages/airflow/example_dags/example_dag_decorator.py
[2026-07-06T16:32:49.679+0000] {processor.py:840} INFO - DAG(s) 'example_dag_decorator' retrieved from /home/airflow/.local/lib/python3.8/site-packages/airflow/example_dags/example_dag_decorator.py
[2026-07-06T16:32:50.062+0000] {logging_mixin.py:188} INFO - [2026-07-06T16:32:50.061+0000] {dag.py:3036} INFO - Sync 1 DAGs
[2026-07-06T16:32:50.094+0000] {logging_mixin.py:188} INFO - [2026-07-06T16:32:50.093+0000] {dag.py:3823} INFO - Setting next_dagrun for example_dag_decorator to None, run_after=None
[2026-07-06T16:32:50.158+0000] {processor.py:183} INFO - Processing /home/airflow/.local/lib/python3.8/site-packages/airflow/example_dags/example_dag_decorator.py took 0.816 seconds
[2026-07-06T16:33:20.501+0000] {processor.py:161} INFO - Started process (PID=1336) to work on /home/airflow/.local/lib/python3.8/site-packages/airflow/example_dags/example_dag_decorator.py
[2026-07-06T16:33:20.503+0000] {processor.py:830} INFO - Processing file /home/airflow/.local/lib/python3.8/site-packages/airflow/example_dags/example_dag_decorator.py for tasks to queue
[2026-07-06T16:33:20.508+0000] {logging_mixin.py:188} INFO - [2026-07-06T16:33:20.507+0000] {dagbag.py:538} INFO - Filling up the DagBag from /home/airflow/.local/lib/python3.8/site-packages/airflow/example_dags/example_dag_decorator.py
[2026-07-06T16:33:20.749+0000] {processor.py:840} INFO - DAG(s) 'example_dag_decorator' retrieved from /home/airflow/.local/lib/python3.8/site-packages/airflow/example_dags/example_dag_decorator.py
[2026-07-06T16:33:21.124+0000] {logging_mixin.py:188} INFO - [2026-07-06T16:33:21.123+0000] {dag.py:3036} INFO - Sync 1 DAGs
[2026-07-06T16:33:21.166+0000] {logging_mixin.py:188} INFO - [2026-07-06T16:33:21.166+0000] {dag.py:3823} INFO - Setting next_dagrun for example_dag_decorator to None, run_after=None
[2026-07-06T16:33:21.271+0000] {processor.py:183} INFO - Processing /home/airflow/.local/lib/python3.8/site-packages/airflow/example_dags/example_dag_decorator.py took 0.781 seconds
[2026-07-06T16:33:51.939+0000] {processor.py:161} INFO - Started process (PID=1394) to work on /home/airflow/.local/lib/python3.8/site-packages/airflow/example_dags/example_dag_decorator.py
[2026-07-06T16:33:51.954+0000] {processor.py:830} INFO - Processing file /home/airflow/.local/lib/python3.8/site-packages/airflow/example_dags/example_dag_decorator.py for tasks to queue
[2026-07-06T16:33:51.967+0000] {logging_mixin.py:188} INFO - [2026-07-06T16:33:51.966+0000] {dagbag.py:538} INFO - Filling up the DagBag from /home/airflow/.local/lib/python3.8/site-packages/airflow/example_dags/example_dag_decorator.py
[2026-07-06T16:33:53.088+0000] {processor.py:840} INFO - DAG(s) 'example_dag_decorator' retrieved from /home/airflow/.local/lib/python3.8/site-packages/airflow/example_dags/example_dag_decorator.py
[2026-07-06T16:33:54.408+0000] {logging_mixin.py:188} INFO - [2026-07-06T16:33:54.407+0000] {dag.py:3036} INFO - Sync 1 DAGs
[2026-07-06T16:33:54.447+0000] {logging_mixin.py:188} INFO - [2026-07-06T16:33:54.447+0000] {dag.py:3823} INFO - Setting next_dagrun for example_dag_decorator to None, run_after=None
[2026-07-06T16:33:54.567+0000] {processor.py:183} INFO - Processing /home/airflow/.local/lib/python3.8/site-packages/airflow/example_dags/example_dag_decorator.py took 2.650 seconds
[2026-07-06T16:34:25.168+0000] {processor.py:161} INFO - Started process (PID=1460) to work on /home/airflow/.local/lib/python3.8/site-packages/airflow/example_dags/example_dag_decorator.py
[2026-07-06T16:34:25.173+0000] {processor.py:830} INFO - Processing file /home/airflow/.local/lib/python3.8/site-packages/airflow/example_dags/example_dag_decorator.py for tasks to queue
[2026-07-06T16:34:25.177+0000] {logging_mixin.py:188} INFO - [2026-07-06T16:34:25.177+0000] {dagbag.py:538} INFO - Filling up the DagBag from /home/airflow/.local/lib/python3.8/site-packages/airflow/example_dags/example_dag_decorator.py
[2026-07-06T16:34:25.402+0000] {processor.py:840} INFO - DAG(s) 'example_dag_decorator' retrieved from /home/airflow/.local/lib/python3.8/site-packages/airflow/example_dags/example_dag_decorator.py
[2026-07-06T16:34:25.721+0000] {logging_mixin.py:188} INFO - [2026-07-06T16:34:25.720+0000] {dag.py:3036} INFO - Sync 1 DAGs
[2026-07-06T16:34:25.745+0000] {logging_mixin.py:188} INFO - [2026-07-06T16:34:25.745+0000] {dag.py:3823} INFO - Setting next_dagrun for example_dag_decorator to None, run_after=None
[2026-07-06T16:34:25.795+0000] {processor.py:183} INFO - Processing /home/airflow/.local/lib/python3.8/site-packages/airflow/example_dags/example_dag_decorator.py took 0.645 seconds
[2026-07-06T16:34:55.890+0000] {processor.py:161} INFO - Started process (PID=1526) to work on /home/airflow/.local/lib/python3.8/site-packages/airflow/example_dags/example_dag_decorator.py
[2026-07-06T16:34:55.894+0000] {processor.py:830} INFO - Processing file /home/airflow/.local/lib/python3.8/site-packages/airflow/example_dags/example_dag_decorator.py for tasks to queue
[2026-07-06T16:34:55.900+0000] {logging_mixin.py:188} INFO - [2026-07-06T16:34:55.900+0000] {dagbag.py:538} INFO - Filling up the DagBag from /home/airflow/.local/lib/python3.8/site-packages/airflow/example_dags/example_dag_decorator.py
[2026-07-06T16:34:56.178+0000] {processor.py:840} INFO - DAG(s) 'example_dag_decorator' retrieved from /home/airflow/.local/lib/python3.8/site-packages/airflow/example_dags/example_dag_decorator.py
[2026-07-06T16:34:56.447+0000] {logging_mixin.py:188} INFO - [2026-07-06T16:34:56.446+0000] {dag.py:3036} INFO - Sync 1 DAGs
[2026-07-06T16:34:56.475+0000] {logging_mixin.py:188} INFO - [2026-07-06T16:34:56.475+0000] {dag.py:3823} INFO - Setting next_dagrun for example_dag_decorator to None, run_after=None
[2026-07-06T16:34:56.523+0000] {processor.py:183} INFO - Processing /home/airflow/.local/lib/python3.8/site-packages/airflow/example_dags/example_dag_decorator.py took 0.647 seconds
[2026-07-06T16:35:26.693+0000] {processor.py:161} INFO - Started process (PID=1594) to work on /home/airflow/.local/lib/python3.8/site-packages/airflow/example_dags/example_dag_decorator.py
[2026-07-06T16:35:26.695+0000] {processor.py:830} INFO - Processing file /home/airflow/.local/lib/python3.8/site-packages/airflow/example_dags/example_dag_decorator.py for tasks to queue
[2026-07-06T16:35:26.699+0000] {logging_mixin.py:188} INFO - [2026-07-06T16:35:26.698+0000] {dagbag.py:538} INFO - Filling up the DagBag from /home/airflow/.local/lib/python3.8/site-packages/airflow/example_dags/example_dag_decorator.py
[2026-07-06T16:35:26.908+0000] {processor.py:840} INFO - DAG(s) 'example_dag_decorator' retrieved from /home/airflow/.local/lib/python3.8/site-packages/airflow/example_dags/example_dag_decorator.py
[2026-07-06T16:35:27.185+0000] {logging_mixin.py:188} INFO - [2026-07-06T16:35:27.184+0000] {dag.py:3036} INFO - Sync 1 DAGs
[2026-07-06T16:35:27.219+0000] {logging_mixin.py:188} INFO - [2026-07-06T16:35:27.218+0000] {dag.py:3823} INFO - Setting next_dagrun for example_dag_decorator to None, run_after=None
[2026-07-06T16:35:27.551+0000] {processor.py:183} INFO - Processing /home/airflow/.local/lib/python3.8/site-packages/airflow/example_dags/example_dag_decorator.py took 0.867 seconds
[2026-07-06T16:35:58.392+0000] {processor.py:161} INFO - Started process (PID=1659) to work on /home/airflow/.local/lib/python3.8/site-packages/airflow/example_dags/example_dag_decorator.py
[2026-07-06T16:35:58.403+0000] {processor.py:830} INFO - Processing file /home/airflow/.local/lib/python3.8/site-packages/airflow/example_dags/example_dag_decorator.py for tasks to queue
[2026-07-06T16:35:58.408+0000] {logging_mixin.py:188} INFO - [2026-07-06T16:35:58.407+0000] {dagbag.py:538} INFO - Filling up the DagBag from /home/airflow/.local/lib/python3.8/site-packages/airflow/example_dags/example_dag_decorator.py
[2026-07-06T16:35:58.682+0000] {processor.py:840} INFO - DAG(s) 'example_dag_decorator' retrieved from /home/airflow/.local/lib/python3.8/site-packages/airflow/example_dags/example_dag_decorator.py
[2026-07-06T16:35:59.021+0000] {logging_mixin.py:188} INFO - [2026-07-06T16:35:59.020+0000] {dag.py:3036} INFO - Sync 1 DAGs
[2026-07-06T16:35:59.046+0000] {logging_mixin.py:188} INFO - [2026-07-06T16:35:59.045+0000] {dag.py:3823} INFO - Setting next_dagrun for example_dag_decorator to None, run_after=None
[2026-07-06T16:35:59.097+0000] {processor.py:183} INFO - Processing /home/airflow/.local/lib/python3.8/site-packages/airflow/example_dags/example_dag_decorator.py took 0.713 seconds
[2026-07-06T16:36:29.393+0000] {processor.py:161} INFO - Started process (PID=1723) to work on /home/airflow/.local/lib/python3.8/site-packages/airflow/example_dags/example_dag_decorator.py
[2026-07-06T16:36:29.409+0000] {processor.py:830} INFO - Processing file /home/airflow/.local/lib/python3.8/site-packages/airflow/example_dags/example_dag_decorator.py for tasks to queue
[2026-07-06T16:36:29.432+0000] {logging_mixin.py:188} INFO - [2026-07-06T16:36:29.431+0000] {dagbag.py:538} INFO - Filling up the DagBag from /home/airflow/.local/lib/python3.8/site-packages/airflow/example_dags/example_dag_decorator.py
[2026-07-06T16:36:29.706+0000] {processor.py:840} INFO - DAG(s) 'example_dag_decorator' retrieved from /home/airflow/.local/lib/python3.8/site-packages/airflow/example_dags/example_dag_decorator.py
[2026-07-06T16:36:30.100+0000] {logging_mixin.py:188} INFO - [2026-07-06T16:36:30.099+0000] {dag.py:3036} INFO - Sync 1 DAGs
[2026-07-06T16:36:30.141+0000] {logging_mixin.py:188} INFO - [2026-07-06T16:36:30.140+0000] {dag.py:3823} INFO - Setting next_dagrun for example_dag_decorator to None, run_after=None
[2026-07-06T16:36:30.212+0000] {processor.py:183} INFO - Processing /home/airflow/.local/lib/python3.8/site-packages/airflow/example_dags/example_dag_decorator.py took 0.845 seconds
[2026-07-06T16:37:00.833+0000] {processor.py:161} INFO - Started process (PID=1780) to work on /home/airflow/.local/lib/python3.8/site-packages/airflow/example_dags/example_dag_decorator.py
[2026-07-06T16:37:00.835+0000] {processor.py:830} INFO - Processing file /home/airflow/.local/lib/python3.8/site-packages/airflow/example_dags/example_dag_decorator.py for tasks to queue
[2026-07-06T16:37:00.844+0000] {logging_mixin.py:188} INFO - [2026-07-06T16:37:00.843+0000] {dagbag.py:538} INFO - Filling up the DagBag from /home/airflow/.local/lib/python3.8/site-packages/airflow/example_dags/example_dag_decorator.py
[2026-07-06T16:37:01.503+0000] {processor.py:840} INFO - DAG(s) 'example_dag_decorator' retrieved from /home/airflow/.local/lib/python3.8/site-packages/airflow/example_dags/example_dag_decorator.py
[2026-07-06T16:37:01.947+0000] {logging_mixin.py:188} INFO - [2026-07-06T16:37:01.946+0000] {dag.py:3036} INFO - Sync 1 DAGs
[2026-07-06T16:37:02.251+0000] {logging_mixin.py:188} INFO - [2026-07-06T16:37:02.251+0000] {dag.py:3823} INFO - Setting next_dagrun for example_dag_decorator to None, run_after=None
[2026-07-06T16:37:02.307+0000] {processor.py:183} INFO - Processing /home/airflow/.local/lib/python3.8/site-packages/airflow/example_dags/example_dag_decorator.py took 1.491 seconds
[2026-07-06T16:37:33.168+0000] {processor.py:161} INFO - Started process (PID=1847) to work on /home/airflow/.local/lib/python3.8/site-packages/airflow/example_dags/example_dag_decorator.py
[2026-07-06T16:37:33.172+0000] {processor.py:830} INFO - Processing file /home/airflow/.local/lib/python3.8/site-packages/airflow/example_dags/example_dag_decorator.py for tasks to queue
[2026-07-06T16:37:33.177+0000] {logging_mixin.py:188} INFO - [2026-07-06T16:37:33.176+0000] {dagbag.py:538} INFO - Filling up the DagBag from /home/airflow/.local/lib/python3.8/site-packages/airflow/example_dags/example_dag_decorator.py
[2026-07-06T16:37:33.404+0000] {processor.py:840} INFO - DAG(s) 'example_dag_decorator' retrieved from /home/airflow/.local/lib/python3.8/site-packages/airflow/example_dags/example_dag_decorator.py
[2026-07-06T16:37:33.700+0000] {logging_mixin.py:188} INFO - [2026-07-06T16:37:33.700+0000] {dag.py:3036} INFO - Sync 1 DAGs
[2026-07-06T16:37:34.073+0000] {logging_mixin.py:188} INFO - [2026-07-06T16:37:34.072+0000] {dag.py:3823} INFO - Setting next_dagrun for example_dag_decorator to None, run_after=None
[2026-07-06T16:37:34.138+0000] {processor.py:183} INFO - Processing /home/airflow/.local/lib/python3.8/site-packages/airflow/example_dags/example_dag_decorator.py took 0.979 seconds
[2026-07-06T16:38:05.211+0000] {processor.py:161} INFO - Started process (PID=1914) to work on /home/airflow/.local/lib/python3.8/site-packages/airflow/example_dags/example_dag_decorator.py
[2026-07-06T16:38:05.214+0000] {processor.py:830} INFO - Processing file /home/airflow/.local/lib/python3.8/site-packages/airflow/example_dags/example_dag_decorator.py for tasks to queue
[2026-07-06T16:38:05.223+0000] {logging_mixin.py:188} INFO - [2026-07-06T16:38:05.222+0000] {dagbag.py:538} INFO - Filling up the DagBag from /home/airflow/.local/lib/python3.8/site-packages/airflow/example_dags/example_dag_decorator.py
[2026-07-06T16:38:05.461+0000] {processor.py:840} INFO - DAG(s) 'example_dag_decorator' retrieved from /home/airflow/.local/lib/python3.8/site-packages/airflow/example_dags/example_dag_decorator.py
[2026-07-06T16:38:05.725+0000] {logging_mixin.py:188} INFO - [2026-07-06T16:38:05.724+0000] {dag.py:3036} INFO - Sync 1 DAGs
[2026-07-06T16:38:05.754+0000] {logging_mixin.py:188} INFO - [2026-07-06T16:38:05.753+0000] {dag.py:3823} INFO - Setting next_dagrun for example_dag_decorator to None, run_after=None
[2026-07-06T16:38:06.109+0000] {processor.py:183} INFO - Processing /home/airflow/.local/lib/python3.8/site-packages/airflow/example_dags/example_dag_decorator.py took 0.917 seconds
[2026-07-06T16:38:36.229+0000] {processor.py:161} INFO - Started process (PID=1983) to work on /home/airflow/.local/lib/python3.8/site-packages/airflow/example_dags/example_dag_decorator.py
[2026-07-06T16:38:36.231+0000] {processor.py:830} INFO - Processing file /home/airflow/.local/lib/python3.8/site-packages/airflow/example_dags/example_dag_decorator.py for tasks to queue
[2026-07-06T16:38:36.236+0000] {logging_mixin.py:188} INFO - [2026-07-06T16:38:36.235+0000] {dagbag.py:538} INFO - Filling up the DagBag from /home/airflow/.local/lib/python3.8/site-packages/airflow/example_dags/example_dag_decorator.py
[2026-07-06T16:38:36.456+0000] {processor.py:840} INFO - DAG(s) 'example_dag_decorator' retrieved from /home/airflow/.local/lib/python3.8/site-packages/airflow/example_dags/example_dag_decorator.py
[2026-07-06T16:38:36.705+0000] {logging_mixin.py:188} INFO - [2026-07-06T16:38:36.705+0000] {dag.py:3036} INFO - Sync 1 DAGs
[2026-07-06T16:38:36.726+0000] {logging_mixin.py:188} INFO - [2026-07-06T16:38:36.726+0000] {dag.py:3823} INFO - Setting next_dagrun for example_dag_decorator to None, run_after=None
[2026-07-06T16:38:36.768+0000] {processor.py:183} INFO - Processing /home/airflow/.local/lib/python3.8/site-packages/airflow/example_dags/example_dag_decorator.py took 0.549 seconds
[2026-07-06T16:39:08.736+0000] {processor.py:161} INFO - Started process (PID=2051) to work on /home/airflow/.local/lib/python3.8/site-packages/airflow/example_dags/example_dag_decorator.py
[2026-07-06T16:39:08.739+0000] {processor.py:830} INFO - Processing file /home/airflow/.local/lib/python3.8/site-packages/airflow/example_dags/example_dag_decorator.py for tasks to queue
[2026-07-06T16:39:08.743+0000] {logging_mixin.py:188} INFO - [2026-07-06T16:39:08.743+0000] {dagbag.py:538} INFO - Filling up the DagBag from /home/airflow/.local/lib/python3.8/site-packages/airflow/example_dags/example_dag_decorator.py
[2026-07-06T16:39:08.990+0000] {processor.py:840} INFO - DAG(s) 'example_dag_decorator' retrieved from /home/airflow/.local/lib/python3.8/site-packages/airflow/example_dags/example_dag_decorator.py
[2026-07-06T16:39:09.636+0000] {logging_mixin.py:188} INFO - [2026-07-06T16:39:09.635+0000] {dag.py:3036} INFO - Sync 1 DAGs
[2026-07-06T16:39:09.662+0000] {logging_mixin.py:188} INFO - [2026-07-06T16:39:09.661+0000] {dag.py:3823} INFO - Setting next_dagrun for example_dag_decorator to None, run_after=None
[2026-07-06T16:39:09.709+0000] {processor.py:183} INFO - Processing /home/airflow/.local/lib/python3.8/site-packages/airflow/example_dags/example_dag_decorator.py took 0.983 seconds
[2026-07-06T16:39:39.815+0000] {processor.py:161} INFO - Started process (PID=2116) to work on /home/airflow/.local/lib/python3.8/site-packages/airflow/example_dags/example_dag_decorator.py
[2026-07-06T16:39:39.818+0000] {processor.py:830} INFO - Processing file /home/airflow/.local/lib/python3.8/site-packages/airflow/example_dags/example_dag_decorator.py for tasks to queue
[2026-07-06T16:39:39.825+0000] {logging_mixin.py:188} INFO - [2026-07-06T16:39:39.823+0000] {dagbag.py:538} INFO - Filling up the DagBag from /home/airflow/.local/lib/python3.8/site-packages/airflow/example_dags/example_dag_decorator.py
[2026-07-06T16:39:40.212+0000] {processor.py:840} INFO - DAG(s) 'example_dag_decorator' retrieved from /home/airflow/.local/lib/python3.8/site-packages/airflow/example_dags/example_dag_decorator.py
[2026-07-06T16:39:40.865+0000] {logging_mixin.py:188} INFO - [2026-07-06T16:39:40.864+0000] {dag.py:3036} INFO - Sync 1 DAGs
[2026-07-06T16:39:40.895+0000] {logging_mixin.py:188} INFO - [2026-07-06T16:39:40.894+0000] {dag.py:3823} INFO - Setting next_dagrun for example_dag_decorator to None, run_after=None
[2026-07-06T16:39:40.952+0000] {processor.py:183} INFO - Processing /home/airflow/.local/lib/python3.8/site-packages/airflow/example_dags/example_dag_decorator.py took 1.146 seconds
[2026-07-06T16:40:12.734+0000] {processor.py:161} INFO - Started process (PID=2163) to work on /home/airflow/.local/lib/python3.8/site-packages/airflow/example_dags/example_dag_decorator.py
[2026-07-06T16:40:12.742+0000] {processor.py:830} INFO - Processing file /home/airflow/.local/lib/python3.8/site-packages/airflow/example_dags/example_dag_decorator.py for tasks to queue
[2026-07-06T16:40:12.749+0000] {logging_mixin.py:188} INFO - [2026-07-06T16:40:12.748+0000] {dagbag.py:538} INFO - Filling up the DagBag from /home/airflow/.local/lib/python3.8/site-packages/airflow/example_dags/example_dag_decorator.py
[2026-07-06T16:40:13.431+0000] {processor.py:840} INFO - DAG(s) 'example_dag_decorator' retrieved from /home/airflow/.local/lib/python3.8/site-packages/airflow/example_dags/example_dag_decorator.py
[2026-07-06T16:40:14.095+0000] {logging_mixin.py:188} INFO - [2026-07-06T16:40:14.094+0000] {dag.py:3036} INFO - Sync 1 DAGs
[2026-07-06T16:40:14.166+0000] {logging_mixin.py:188} INFO - [2026-07-06T16:40:14.165+0000] {dag.py:3823} INFO - Setting next_dagrun for example_dag_decorator to None, run_after=None
[2026-07-06T16:40:15.567+0000] {processor.py:183} INFO - Processing /home/airflow/.local/lib/python3.8/site-packages/airflow/example_dags/example_dag_decorator.py took 2.850 seconds
[2026-07-06T16:40:45.896+0000] {processor.py:161} INFO - Started process (PID=2231) to work on /home/airflow/.local/lib/python3.8/site-packages/airflow/example_dags/example_dag_decorator.py
[2026-07-06T16:40:45.898+0000] {processor.py:830} INFO - Processing file /home/airflow/.local/lib/python3.8/site-packages/airflow/example_dags/example_dag_decorator.py for tasks to queue
[2026-07-06T16:40:45.903+0000] {logging_mixin.py:188} INFO - [2026-07-06T16:40:45.902+0000] {dagbag.py:538} INFO - Filling up the DagBag from /home/airflow/.local/lib/python3.8/site-packages/airflow/example_dags/example_dag_decorator.py
[2026-07-06T16:40:46.163+0000] {processor.py:840} INFO - DAG(s) 'example_dag_decorator' retrieved from /home/airflow/.local/lib/python3.8/site-packages/airflow/example_dags/example_dag_decorator.py
[2026-07-06T16:40:46.827+0000] {logging_mixin.py:188} INFO - [2026-07-06T16:40:46.826+0000] {dag.py:3036} INFO - Sync 1 DAGs
[2026-07-06T16:40:46.860+0000] {logging_mixin.py:188} INFO - [2026-07-06T16:40:46.859+0000] {dag.py:3823} INFO - Setting next_dagrun for example_dag_decorator to None, run_after=None
[2026-07-06T16:40:46.935+0000] {processor.py:183} INFO - Processing /home/airflow/.local/lib/python3.8/site-packages/airflow/example_dags/example_dag_decorator.py took 1.047 seconds
[2026-07-06T16:41:17.202+0000] {processor.py:161} INFO - Started process (PID=2297) to work on /home/airflow/.local/lib/python3.8/site-packages/airflow/example_dags/example_dag_decorator.py
[2026-07-06T16:41:17.212+0000] {processor.py:830} INFO - Processing file /home/airflow/.local/lib/python3.8/site-packages/airflow/example_dags/example_dag_decorator.py for tasks to queue
[2026-07-06T16:41:17.217+0000] {logging_mixin.py:188} INFO - [2026-07-06T16:41:17.217+0000] {dagbag.py:538} INFO - Filling up the DagBag from /home/airflow/.local/lib/python3.8/site-packages/airflow/example_dags/example_dag_decorator.py
[2026-07-06T16:41:17.556+0000] {processor.py:840} INFO - DAG(s) 'example_dag_decorator' retrieved from /home/airflow/.local/lib/python3.8/site-packages/airflow/example_dags/example_dag_decorator.py
[2026-07-06T16:41:18.446+0000] {logging_mixin.py:188} INFO - [2026-07-06T16:41:18.445+0000] {dag.py:3036} INFO - Sync 1 DAGs
[2026-07-06T16:41:18.477+0000] {logging_mixin.py:188} INFO - [2026-07-06T16:41:18.476+0000] {dag.py:3823} INFO - Setting next_dagrun for example_dag_decorator to None, run_after=None
[2026-07-06T16:41:18.540+0000] {processor.py:183} INFO - Processing /home/airflow/.local/lib/python3.8/site-packages/airflow/example_dags/example_dag_decorator.py took 1.347 seconds
[2026-07-06T16:41:48.750+0000] {processor.py:161} INFO - Started process (PID=2366) to work on /home/airflow/.local/lib/python3.8/site-packages/airflow/example_dags/example_dag_decorator.py
[2026-07-06T16:41:48.753+0000] {processor.py:830} INFO - Processing file /home/airflow/.local/lib/python3.8/site-packages/airflow/example_dags/example_dag_decorator.py for tasks to queue
[2026-07-06T16:41:48.757+0000] {logging_mixin.py:188} INFO - [2026-07-06T16:41:48.757+0000] {dagbag.py:538} INFO - Filling up the DagBag from /home/airflow/.local/lib/python3.8/site-packages/airflow/example_dags/example_dag_decorator.py
[2026-07-06T16:41:49.018+0000] {processor.py:840} INFO - DAG(s) 'example_dag_decorator' retrieved from /home/airflow/.local/lib/python3.8/site-packages/airflow/example_dags/example_dag_decorator.py
[2026-07-06T16:41:49.511+0000] {logging_mixin.py:188} INFO - [2026-07-06T16:41:49.510+0000] {dag.py:3036} INFO - Sync 1 DAGs
[2026-07-06T16:41:49.532+0000] {logging_mixin.py:188} INFO - [2026-07-06T16:41:49.532+0000] {dag.py:3823} INFO - Setting next_dagrun for example_dag_decorator to None, run_after=None
[2026-07-06T16:41:49.578+0000] {processor.py:183} INFO - Processing /home/airflow/.local/lib/python3.8/site-packages/airflow/example_dags/example_dag_decorator.py took 0.837 seconds
[2026-07-06T16:42:19.682+0000] {processor.py:161} INFO - Started process (PID=2433) to work on /home/airflow/.local/lib/python3.8/site-packages/airflow/example_dags/example_dag_decorator.py
[2026-07-06T16:42:19.685+0000] {processor.py:830} INFO - Processing file /home/airflow/.local/lib/python3.8/site-packages/airflow/example_dags/example_dag_decorator.py for tasks to queue
[2026-07-06T16:42:19.690+0000] {logging_mixin.py:188} INFO - [2026-07-06T16:42:19.689+0000] {dagbag.py:538} INFO - Filling up the DagBag from /home/airflow/.local/lib/python3.8/site-packages/airflow/example_dags/example_dag_decorator.py
[2026-07-06T16:42:19.922+0000] {processor.py:840} INFO - DAG(s) 'example_dag_decorator' retrieved from /home/airflow/.local/lib/python3.8/site-packages/airflow/example_dags/example_dag_decorator.py
[2026-07-06T16:42:20.470+0000] {logging_mixin.py:188} INFO - [2026-07-06T16:42:20.470+0000] {dag.py:3036} INFO - Sync 1 DAGs
[2026-07-06T16:42:20.497+0000] {logging_mixin.py:188} INFO - [2026-07-06T16:42:20.496+0000] {dag.py:3823} INFO - Setting next_dagrun for example_dag_decorator to None, run_after=None
[2026-07-06T16:42:20.542+0000] {processor.py:183} INFO - Processing /home/airflow/.local/lib/python3.8/site-packages/airflow/example_dags/example_dag_decorator.py took 0.869 seconds
[2026-07-06T16:42:50.956+0000] {processor.py:161} INFO - Started process (PID=2499) to work on /home/airflow/.local/lib/python3.8/site-packages/airflow/example_dags/example_dag_decorator.py
[2026-07-06T16:42:50.974+0000] {processor.py:830} INFO - Processing file /home/airflow/.local/lib/python3.8/site-packages/airflow/example_dags/example_dag_decorator.py for tasks to queue
[2026-07-06T16:42:50.983+0000] {logging_mixin.py:188} INFO - [2026-07-06T16:42:50.982+0000] {dagbag.py:538} INFO - Filling up the DagBag from /home/airflow/.local/lib/python3.8/site-packages/airflow/example_dags/example_dag_decorator.py
[2026-07-06T16:42:51.259+0000] {processor.py:840} INFO - DAG(s) 'example_dag_decorator' retrieved from /home/airflow/.local/lib/python3.8/site-packages/airflow/example_dags/example_dag_decorator.py
[2026-07-06T16:42:52.024+0000] {logging_mixin.py:188} INFO - [2026-07-06T16:42:52.023+0000] {dag.py:3036} INFO - Sync 1 DAGs
[2026-07-06T16:42:52.051+0000] {logging_mixin.py:188} INFO - [2026-07-06T16:42:52.051+0000] {dag.py:3823} INFO - Setting next_dagrun for example_dag_decorator to None, run_after=None
[2026-07-06T16:42:52.105+0000] {processor.py:183} INFO - Processing /home/airflow/.local/lib/python3.8/site-packages/airflow/example_dags/example_dag_decorator.py took 1.161 seconds
[2026-07-06T16:43:22.410+0000] {processor.py:161} INFO - Started process (PID=2558) to work on /home/airflow/.local/lib/python3.8/site-packages/airflow/example_dags/example_dag_decorator.py
[2026-07-06T16:43:22.412+0000] {processor.py:830} INFO - Processing file /home/airflow/.local/lib/python3.8/site-packages/airflow/example_dags/example_dag_decorator.py for tasks to queue
[2026-07-06T16:43:22.416+0000] {logging_mixin.py:188} INFO - [2026-07-06T16:43:22.416+0000] {dagbag.py:538} INFO - Filling up the DagBag from /home/airflow/.local/lib/python3.8/site-packages/airflow/example_dags/example_dag_decorator.py
[2026-07-06T16:43:22.610+0000] {processor.py:840} INFO - DAG(s) 'example_dag_decorator' retrieved from /home/airflow/.local/lib/python3.8/site-packages/airflow/example_dags/example_dag_decorator.py
[2026-07-06T16:43:23.122+0000] {logging_mixin.py:188} INFO - [2026-07-06T16:43:23.121+0000] {dag.py:3036} INFO - Sync 1 DAGs
[2026-07-06T16:43:23.147+0000] {logging_mixin.py:188} INFO - [2026-07-06T16:43:23.146+0000] {dag.py:3823} INFO - Setting next_dagrun for example_dag_decorator to None, run_after=None
[2026-07-06T16:43:23.195+0000] {processor.py:183} INFO - Processing /home/airflow/.local/lib/python3.8/site-packages/airflow/example_dags/example_dag_decorator.py took 0.798 seconds
[2026-07-06T16:43:53.860+0000] {processor.py:161} INFO - Started process (PID=2625) to work on /home/airflow/.local/lib/python3.8/site-packages/airflow/example_dags/example_dag_decorator.py
[2026-07-06T16:43:53.863+0000] {processor.py:830} INFO - Processing file /home/airflow/.local/lib/python3.8/site-packages/airflow/example_dags/example_dag_decorator.py for tasks to queue
[2026-07-06T16:43:53.866+0000] {logging_mixin.py:188} INFO - [2026-07-06T16:43:53.866+0000] {dagbag.py:538} INFO - Filling up the DagBag from /home/airflow/.local/lib/python3.8/site-packages/airflow/example_dags/example_dag_decorator.py
[2026-07-06T16:43:54.061+0000] {processor.py:840} INFO - DAG(s) 'example_dag_decorator' retrieved from /home/airflow/.local/lib/python3.8/site-packages/airflow/example_dags/example_dag_decorator.py
[2026-07-06T16:43:54.532+0000] {logging_mixin.py:188} INFO - [2026-07-06T16:43:54.532+0000] {dag.py:3036} INFO - Sync 1 DAGs
[2026-07-06T16:43:54.550+0000] {logging_mixin.py:188} INFO - [2026-07-06T16:43:54.550+0000] {dag.py:3823} INFO - Setting next_dagrun for example_dag_decorator to None, run_after=None
[2026-07-06T16:43:54.592+0000] {processor.py:183} INFO - Processing /home/airflow/.local/lib/python3.8/site-packages/airflow/example_dags/example_dag_decorator.py took 0.741 seconds
[2026-07-06T16:44:24.734+0000] {processor.py:161} INFO - Started process (PID=2691) to work on /home/airflow/.local/lib/python3.8/site-packages/airflow/example_dags/example_dag_decorator.py
[2026-07-06T16:44:24.746+0000] {processor.py:830} INFO - Processing file /home/airflow/.local/lib/python3.8/site-packages/airflow/example_dags/example_dag_decorator.py for tasks to queue
[2026-07-06T16:44:24.750+0000] {logging_mixin.py:188} INFO - [2026-07-06T16:44:24.749+0000] {dagbag.py:538} INFO - Filling up the DagBag from /home/airflow/.local/lib/python3.8/site-packages/airflow/example_dags/example_dag_decorator.py
[2026-07-06T16:44:24.937+0000] {processor.py:840} INFO - DAG(s) 'example_dag_decorator' retrieved from /home/airflow/.local/lib/python3.8/site-packages/airflow/example_dags/example_dag_decorator.py
[2026-07-06T16:44:25.414+0000] {logging_mixin.py:188} INFO - [2026-07-06T16:44:25.413+0000] {dag.py:3036} INFO - Sync 1 DAGs
[2026-07-06T16:44:25.437+0000] {logging_mixin.py:188} INFO - [2026-07-06T16:44:25.437+0000] {dag.py:3823} INFO - Setting next_dagrun for example_dag_decorator to None, run_after=None
[2026-07-06T16:44:25.479+0000] {processor.py:183} INFO - Processing /home/airflow/.local/lib/python3.8/site-packages/airflow/example_dags/example_dag_decorator.py took 0.756 seconds
[2026-07-06T16:44:55.717+0000] {processor.py:161} INFO - Started process (PID=2761) to work on /home/airflow/.local/lib/python3.8/site-packages/airflow/example_dags/example_dag_decorator.py
[2026-07-06T16:44:55.719+0000] {processor.py:830} INFO - Processing file /home/airflow/.local/lib/python3.8/site-packages/airflow/example_dags/example_dag_decorator.py for tasks to queue
[2026-07-06T16:44:55.723+0000] {logging_mixin.py:188} INFO - [2026-07-06T16:44:55.723+0000] {dagbag.py:538} INFO - Filling up the DagBag from /home/airflow/.local/lib/python3.8/site-packages/airflow/example_dags/example_dag_decorator.py
[2026-07-06T16:44:56.066+0000] {processor.py:840} INFO - DAG(s) 'example_dag_decorator' retrieved from /home/airflow/.local/lib/python3.8/site-packages/airflow/example_dags/example_dag_decorator.py
[2026-07-06T16:44:56.647+0000] {logging_mixin.py:188} INFO - [2026-07-06T16:44:56.647+0000] {dag.py:3036} INFO - Sync 1 DAGs
[2026-07-06T16:44:56.676+0000] {logging_mixin.py:188} INFO - [2026-07-06T16:44:56.676+0000] {dag.py:3823} INFO - Setting next_dagrun for example_dag_decorator to None, run_after=None
[2026-07-06T16:44:56.723+0000] {processor.py:183} INFO - Processing /home/airflow/.local/lib/python3.8/site-packages/airflow/example_dags/example_dag_decorator.py took 1.013 seconds
[2026-07-06T16:45:26.871+0000] {processor.py:161} INFO - Started process (PID=2830) to work on /home/airflow/.local/lib/python3.8/site-packages/airflow/example_dags/example_dag_decorator.py
[2026-07-06T16:45:26.875+0000] {processor.py:830} INFO - Processing file /home/airflow/.local/lib/python3.8/site-packages/airflow/example_dags/example_dag_decorator.py for tasks to queue
[2026-07-06T16:45:26.879+0000] {logging_mixin.py:188} INFO - [2026-07-06T16:45:26.878+0000] {dagbag.py:538} INFO - Filling up the DagBag from /home/airflow/.local/lib/python3.8/site-packages/airflow/example_dags/example_dag_decorator.py
[2026-07-06T16:45:27.067+0000] {processor.py:840} INFO - DAG(s) 'example_dag_decorator' retrieved from /home/airflow/.local/lib/python3.8/site-packages/airflow/example_dags/example_dag_decorator.py
[2026-07-06T16:45:27.114+0000] {logging_mixin.py:188} INFO - [2026-07-06T16:45:27.114+0000] {dag.py:3036} INFO - Sync 1 DAGs
[2026-07-06T16:45:27.140+0000] {logging_mixin.py:188} INFO - [2026-07-06T16:45:27.139+0000] {dag.py:3823} INFO - Setting next_dagrun for example_dag_decorator to None, run_after=None
[2026-07-06T16:45:27.178+0000] {processor.py:183} INFO - Processing /home/airflow/.local/lib/python3.8/site-packages/airflow/example_dags/example_dag_decorator.py took 0.319 seconds
[2026-07-06T16:45:57.850+0000] {processor.py:161} INFO - Started process (PID=2896) to work on /home/airflow/.local/lib/python3.8/site-packages/airflow/example_dags/example_dag_decorator.py
[2026-07-06T16:45:57.853+0000] {processor.py:830} INFO - Processing file /home/airflow/.local/lib/python3.8/site-packages/airflow/example_dags/example_dag_decorator.py for tasks to queue
[2026-07-06T16:45:57.857+0000] {logging_mixin.py:188} INFO - [2026-07-06T16:45:57.856+0000] {dagbag.py:538} INFO - Filling up the DagBag from /home/airflow/.local/lib/python3.8/site-packages/airflow/example_dags/example_dag_decorator.py
[2026-07-06T16:45:58.271+0000] {processor.py:840} INFO - DAG(s) 'example_dag_decorator' retrieved from /home/airflow/.local/lib/python3.8/site-packages/airflow/example_dags/example_dag_decorator.py
[2026-07-06T16:45:58.761+0000] {logging_mixin.py:188} INFO - [2026-07-06T16:45:58.761+0000] {dag.py:3036} INFO - Sync 1 DAGs
[2026-07-06T16:45:58.787+0000] {logging_mixin.py:188} INFO - [2026-07-06T16:45:58.787+0000] {dag.py:3823} INFO - Setting next_dagrun for example_dag_decorator to None, run_after=None
[2026-07-06T16:45:58.832+0000] {processor.py:183} INFO - Processing /home/airflow/.local/lib/python3.8/site-packages/airflow/example_dags/example_dag_decorator.py took 0.992 seconds
[2026-07-06T16:46:29.647+0000] {processor.py:161} INFO - Started process (PID=2964) to work on /home/airflow/.local/lib/python3.8/site-packages/airflow/example_dags/example_dag_decorator.py
[2026-07-06T16:46:29.656+0000] {processor.py:830} INFO - Processing file /home/airflow/.local/lib/python3.8/site-packages/airflow/example_dags/example_dag_decorator.py for tasks to queue
[2026-07-06T16:46:29.660+0000] {logging_mixin.py:188} INFO - [2026-07-06T16:46:29.659+0000] {dagbag.py:538} INFO - Filling up the DagBag from /home/airflow/.local/lib/python3.8/site-packages/airflow/example_dags/example_dag_decorator.py
[2026-07-06T16:46:30.122+0000] {processor.py:840} INFO - DAG(s) 'example_dag_decorator' retrieved from /home/airflow/.local/lib/python3.8/site-packages/airflow/example_dags/example_dag_decorator.py
[2026-07-06T16:46:30.363+0000] {logging_mixin.py:188} INFO - [2026-07-06T16:46:30.363+0000] {dag.py:3036} INFO - Sync 1 DAGs
[2026-07-06T16:46:30.380+0000] {logging_mixin.py:188} INFO - [2026-07-06T16:46:30.380+0000] {dag.py:3823} INFO - Setting next_dagrun for example_dag_decorator to None, run_after=None
[2026-07-06T16:46:30.427+0000] {processor.py:183} INFO - Processing /home/airflow/.local/lib/python3.8/site-packages/airflow/example_dags/example_dag_decorator.py took 0.787 seconds
[2026-07-06T16:47:01.361+0000] {processor.py:161} INFO - Started process (PID=3031) to work on /home/airflow/.local/lib/python3.8/site-packages/airflow/example_dags/example_dag_decorator.py
[2026-07-06T16:47:01.374+0000] {processor.py:830} INFO - Processing file /home/airflow/.local/lib/python3.8/site-packages/airflow/example_dags/example_dag_decorator.py for tasks to queue
[2026-07-06T16:47:01.377+0000] {logging_mixin.py:188} INFO - [2026-07-06T16:47:01.377+0000] {dagbag.py:538} INFO - Filling up the DagBag from /home/airflow/.local/lib/python3.8/site-packages/airflow/example_dags/example_dag_decorator.py
[2026-07-06T16:47:01.578+0000] {processor.py:840} INFO - DAG(s) 'example_dag_decorator' retrieved from /home/airflow/.local/lib/python3.8/site-packages/airflow/example_dags/example_dag_decorator.py
[2026-07-06T16:47:02.061+0000] {logging_mixin.py:188} INFO - [2026-07-06T16:47:02.061+0000] {dag.py:3036} INFO - Sync 1 DAGs
[2026-07-06T16:47:02.082+0000] {logging_mixin.py:188} INFO - [2026-07-06T16:47:02.082+0000] {dag.py:3823} INFO - Setting next_dagrun for example_dag_decorator to None, run_after=None
[2026-07-06T16:47:02.122+0000] {processor.py:183} INFO - Processing /home/airflow/.local/lib/python3.8/site-packages/airflow/example_dags/example_dag_decorator.py took 0.772 seconds
[2026-07-06T16:47:32.395+0000] {processor.py:161} INFO - Started process (PID=3100) to work on /home/airflow/.local/lib/python3.8/site-packages/airflow/example_dags/example_dag_decorator.py
[2026-07-06T16:47:32.398+0000] {processor.py:830} INFO - Processing file /home/airflow/.local/lib/python3.8/site-packages/airflow/example_dags/example_dag_decorator.py for tasks to queue
[2026-07-06T16:47:32.402+0000] {logging_mixin.py:188} INFO - [2026-07-06T16:47:32.402+0000] {dagbag.py:538} INFO - Filling up the DagBag from /home/airflow/.local/lib/python3.8/site-packages/airflow/example_dags/example_dag_decorator.py
[2026-07-06T16:47:32.592+0000] {processor.py:840} INFO - DAG(s) 'example_dag_decorator' retrieved from /home/airflow/.local/lib/python3.8/site-packages/airflow/example_dags/example_dag_decorator.py
[2026-07-06T16:47:32.993+0000] {logging_mixin.py:188} INFO - [2026-07-06T16:47:32.992+0000] {dag.py:3036} INFO - Sync 1 DAGs
[2026-07-06T16:47:33.012+0000] {logging_mixin.py:188} INFO - [2026-07-06T16:47:33.012+0000] {dag.py:3823} INFO - Setting next_dagrun for example_dag_decorator to None, run_after=None
[2026-07-06T16:47:33.049+0000] {processor.py:183} INFO - Processing /home/airflow/.local/lib/python3.8/site-packages/airflow/example_dags/example_dag_decorator.py took 0.663 seconds
[2026-07-06T16:48:03.256+0000] {processor.py:161} INFO - Started process (PID=3166) to work on /home/airflow/.local/lib/python3.8/site-packages/airflow/example_dags/example_dag_decorator.py
[2026-07-06T16:48:03.262+0000] {processor.py:830} INFO - Processing file /home/airflow/.local/lib/python3.8/site-packages/airflow/example_dags/example_dag_decorator.py for tasks to queue
[2026-07-06T16:48:03.267+0000] {logging_mixin.py:188} INFO - [2026-07-06T16:48:03.267+0000] {dagbag.py:538} INFO - Filling up the DagBag from /home/airflow/.local/lib/python3.8/site-packages/airflow/example_dags/example_dag_decorator.py
[2026-07-06T16:48:03.568+0000] {processor.py:840} INFO - DAG(s) 'example_dag_decorator' retrieved from /home/airflow/.local/lib/python3.8/site-packages/airflow/example_dags/example_dag_decorator.py
[2026-07-06T16:48:04.172+0000] {logging_mixin.py:188} INFO - [2026-07-06T16:48:04.171+0000] {dag.py:3036} INFO - Sync 1 DAGs
[2026-07-06T16:48:04.198+0000] {logging_mixin.py:188} INFO - [2026-07-06T16:48:04.198+0000] {dag.py:3823} INFO - Setting next_dagrun for example_dag_decorator to None, run_after=None
[2026-07-06T16:48:04.247+0000] {processor.py:183} INFO - Processing /home/airflow/.local/lib/python3.8/site-packages/airflow/example_dags/example_dag_decorator.py took 1.003 seconds
[2026-07-06T16:48:36.803+0000] {processor.py:161} INFO - Started process (PID=3236) to work on /home/airflow/.local/lib/python3.8/site-packages/airflow/example_dags/example_dag_decorator.py
[2026-07-06T16:48:36.810+0000] {processor.py:830} INFO - Processing file /home/airflow/.local/lib/python3.8/site-packages/airflow/example_dags/example_dag_decorator.py for tasks to queue
[2026-07-06T16:48:36.814+0000] {logging_mixin.py:188} INFO - [2026-07-06T16:48:36.814+0000] {dagbag.py:538} INFO - Filling up the DagBag from /home/airflow/.local/lib/python3.8/site-packages/airflow/example_dags/example_dag_decorator.py
[2026-07-06T16:48:37.314+0000] {processor.py:840} INFO - DAG(s) 'example_dag_decorator' retrieved from /home/airflow/.local/lib/python3.8/site-packages/airflow/example_dags/example_dag_decorator.py
[2026-07-06T16:48:37.613+0000] {logging_mixin.py:188} INFO - [2026-07-06T16:48:37.613+0000] {dag.py:3036} INFO - Sync 1 DAGs
[2026-07-06T16:48:37.645+0000] {logging_mixin.py:188} INFO - [2026-07-06T16:48:37.645+0000] {dag.py:3823} INFO - Setting next_dagrun for example_dag_decorator to None, run_after=None
[2026-07-06T16:48:37.710+0000] {processor.py:183} INFO - Processing /home/airflow/.local/lib/python3.8/site-packages/airflow/example_dags/example_dag_decorator.py took 0.917 seconds
[2026-07-06T16:49:08.983+0000] {processor.py:161} INFO - Started process (PID=3305) to work on /home/airflow/.local/lib/python3.8/site-packages/airflow/example_dags/example_dag_decorator.py
[2026-07-06T16:49:08.986+0000] {processor.py:830} INFO - Processing file /home/airflow/.local/lib/python3.8/site-packages/airflow/example_dags/example_dag_decorator.py for tasks to queue
[2026-07-06T16:49:08.990+0000] {logging_mixin.py:188} INFO - [2026-07-06T16:49:08.989+0000] {dagbag.py:538} INFO - Filling up the DagBag from /home/airflow/.local/lib/python3.8/site-packages/airflow/example_dags/example_dag_decorator.py
[2026-07-06T16:49:09.513+0000] {processor.py:840} INFO - DAG(s) 'example_dag_decorator' retrieved from /home/airflow/.local/lib/python3.8/site-packages/airflow/example_dags/example_dag_decorator.py
[2026-07-06T16:49:09.755+0000] {logging_mixin.py:188} INFO - [2026-07-06T16:49:09.755+0000] {dag.py:3036} INFO - Sync 1 DAGs
[2026-07-06T16:49:09.774+0000] {logging_mixin.py:188} INFO - [2026-07-06T16:49:09.774+0000] {dag.py:3823} INFO - Setting next_dagrun for example_dag_decorator to None, run_after=None
[2026-07-06T16:49:09.820+0000] {processor.py:183} INFO - Processing /home/airflow/.local/lib/python3.8/site-packages/airflow/example_dags/example_dag_decorator.py took 0.846 seconds
[2026-07-06T16:49:40.431+0000] {processor.py:161} INFO - Started process (PID=3371) to work on /home/airflow/.local/lib/python3.8/site-packages/airflow/example_dags/example_dag_decorator.py
[2026-07-06T16:49:40.434+0000] {processor.py:830} INFO - Processing file /home/airflow/.local/lib/python3.8/site-packages/airflow/example_dags/example_dag_decorator.py for tasks to queue
[2026-07-06T16:49:40.438+0000] {logging_mixin.py:188} INFO - [2026-07-06T16:49:40.437+0000] {dagbag.py:538} INFO - Filling up the DagBag from /home/airflow/.local/lib/python3.8/site-packages/airflow/example_dags/example_dag_decorator.py
[2026-07-06T16:49:40.886+0000] {processor.py:840} INFO - DAG(s) 'example_dag_decorator' retrieved from /home/airflow/.local/lib/python3.8/site-packages/airflow/example_dags/example_dag_decorator.py
[2026-07-06T16:49:41.092+0000] {logging_mixin.py:188} INFO - [2026-07-06T16:49:41.092+0000] {dag.py:3036} INFO - Sync 1 DAGs
[2026-07-06T16:49:41.113+0000] {logging_mixin.py:188} INFO - [2026-07-06T16:49:41.113+0000] {dag.py:3823} INFO - Setting next_dagrun for example_dag_decorator to None, run_after=None
[2026-07-06T16:49:41.161+0000] {processor.py:183} INFO - Processing /home/airflow/.local/lib/python3.8/site-packages/airflow/example_dags/example_dag_decorator.py took 0.746 seconds
[2026-07-06T16:50:11.963+0000] {processor.py:161} INFO - Started process (PID=3437) to work on /home/airflow/.local/lib/python3.8/site-packages/airflow/example_dags/example_dag_decorator.py
[2026-07-06T16:50:11.968+0000] {processor.py:830} INFO - Processing file /home/airflow/.local/lib/python3.8/site-packages/airflow/example_dags/example_dag_decorator.py for tasks to queue
[2026-07-06T16:50:11.972+0000] {logging_mixin.py:188} INFO - [2026-07-06T16:50:11.971+0000] {dagbag.py:538} INFO - Filling up the DagBag from /home/airflow/.local/lib/python3.8/site-packages/airflow/example_dags/example_dag_decorator.py
[2026-07-06T16:50:12.435+0000] {processor.py:840} INFO - DAG(s) 'example_dag_decorator' retrieved from /home/airflow/.local/lib/python3.8/site-packages/airflow/example_dags/example_dag_decorator.py
[2026-07-06T16:50:12.634+0000] {logging_mixin.py:188} INFO - [2026-07-06T16:50:12.633+0000] {dag.py:3036} INFO - Sync 1 DAGs
[2026-07-06T16:50:12.658+0000] {logging_mixin.py:188} INFO - [2026-07-06T16:50:12.657+0000] {dag.py:3823} INFO - Setting next_dagrun for example_dag_decorator to None, run_after=None
[2026-07-06T16:50:12.710+0000] {processor.py:183} INFO - Processing /home/airflow/.local/lib/python3.8/site-packages/airflow/example_dags/example_dag_decorator.py took 0.756 seconds
[2026-07-06T16:50:42.920+0000] {processor.py:161} INFO - Started process (PID=3503) to work on /home/airflow/.local/lib/python3.8/site-packages/airflow/example_dags/example_dag_decorator.py
[2026-07-06T16:50:42.922+0000] {processor.py:830} INFO - Processing file /home/airflow/.local/lib/python3.8/site-packages/airflow/example_dags/example_dag_decorator.py for tasks to queue
[2026-07-06T16:50:42.926+0000] {logging_mixin.py:188} INFO - [2026-07-06T16:50:42.926+0000] {dagbag.py:538} INFO - Filling up the DagBag from /home/airflow/.local/lib/python3.8/site-packages/airflow/example_dags/example_dag_decorator.py
[2026-07-06T16:50:43.375+0000] {processor.py:840} INFO - DAG(s) 'example_dag_decorator' retrieved from /home/airflow/.local/lib/python3.8/site-packages/airflow/example_dags/example_dag_decorator.py
[2026-07-06T16:50:43.610+0000] {logging_mixin.py:188} INFO - [2026-07-06T16:50:43.610+0000] {dag.py:3036} INFO - Sync 1 DAGs
[2026-07-06T16:50:43.635+0000] {logging_mixin.py:188} INFO - [2026-07-06T16:50:43.635+0000] {dag.py:3823} INFO - Setting next_dagrun for example_dag_decorator to None, run_after=None
[2026-07-06T16:50:43.679+0000] {processor.py:183} INFO - Processing /home/airflow/.local/lib/python3.8/site-packages/airflow/example_dags/example_dag_decorator.py took 0.770 seconds
[2026-07-06T16:51:14.323+0000] {processor.py:161} INFO - Started process (PID=3570) to work on /home/airflow/.local/lib/python3.8/site-packages/airflow/example_dags/example_dag_decorator.py
[2026-07-06T16:51:14.326+0000] {processor.py:830} INFO - Processing file /home/airflow/.local/lib/python3.8/site-packages/airflow/example_dags/example_dag_decorator.py for tasks to queue
[2026-07-06T16:51:14.331+0000] {logging_mixin.py:188} INFO - [2026-07-06T16:51:14.330+0000] {dagbag.py:538} INFO - Filling up the DagBag from /home/airflow/.local/lib/python3.8/site-packages/airflow/example_dags/example_dag_decorator.py
[2026-07-06T16:51:14.562+0000] {processor.py:840} INFO - DAG(s) 'example_dag_decorator' retrieved from /home/airflow/.local/lib/python3.8/site-packages/airflow/example_dags/example_dag_decorator.py
[2026-07-06T16:51:14.780+0000] {logging_mixin.py:188} INFO - [2026-07-06T16:51:14.780+0000] {dag.py:3036} INFO - Sync 1 DAGs
[2026-07-06T16:51:14.806+0000] {logging_mixin.py:188} INFO - [2026-07-06T16:51:14.805+0000] {dag.py:3823} INFO - Setting next_dagrun for example_dag_decorator to None, run_after=None
[2026-07-06T16:51:14.853+0000] {processor.py:183} INFO - Processing /home/airflow/.local/lib/python3.8/site-packages/airflow/example_dags/example_dag_decorator.py took 0.541 seconds
[2026-07-06T16:51:45.672+0000] {processor.py:161} INFO - Started process (PID=3636) to work on /home/airflow/.local/lib/python3.8/site-packages/airflow/example_dags/example_dag_decorator.py
[2026-07-06T16:51:45.674+0000] {processor.py:830} INFO - Processing file /home/airflow/.local/lib/python3.8/site-packages/airflow/example_dags/example_dag_decorator.py for tasks to queue
[2026-07-06T16:51:45.680+0000] {logging_mixin.py:188} INFO - [2026-07-06T16:51:45.679+0000] {dagbag.py:538} INFO - Filling up the DagBag from /home/airflow/.local/lib/python3.8/site-packages/airflow/example_dags/example_dag_decorator.py
[2026-07-06T16:51:45.923+0000] {processor.py:840} INFO - DAG(s) 'example_dag_decorator' retrieved from /home/airflow/.local/lib/python3.8/site-packages/airflow/example_dags/example_dag_decorator.py
[2026-07-06T16:51:46.162+0000] {logging_mixin.py:188} INFO - [2026-07-06T16:51:46.162+0000] {dag.py:3036} INFO - Sync 1 DAGs
[2026-07-06T16:51:46.184+0000] {logging_mixin.py:188} INFO - [2026-07-06T16:51:46.183+0000] {dag.py:3823} INFO - Setting next_dagrun for example_dag_decorator to None, run_after=None
[2026-07-06T16:51:46.224+0000] {processor.py:183} INFO - Processing /home/airflow/.local/lib/python3.8/site-packages/airflow/example_dags/example_dag_decorator.py took 0.564 seconds
[2026-07-06T16:52:17.018+0000] {processor.py:161} INFO - Started process (PID=3702) to work on /home/airflow/.local/lib/python3.8/site-packages/airflow/example_dags/example_dag_decorator.py
[2026-07-06T16:52:17.032+0000] {processor.py:830} INFO - Processing file /home/airflow/.local/lib/python3.8/site-packages/airflow/example_dags/example_dag_decorator.py for tasks to queue
[2026-07-06T16:52:17.037+0000] {logging_mixin.py:188} INFO - [2026-07-06T16:52:17.036+0000] {dagbag.py:538} INFO - Filling up the DagBag from /home/airflow/.local/lib/python3.8/site-packages/airflow/example_dags/example_dag_decorator.py
[2026-07-06T16:52:17.267+0000] {processor.py:840} INFO - DAG(s) 'example_dag_decorator' retrieved from /home/airflow/.local/lib/python3.8/site-packages/airflow/example_dags/example_dag_decorator.py
[2026-07-06T16:52:17.334+0000] {logging_mixin.py:188} INFO - [2026-07-06T16:52:17.334+0000] {dag.py:3036} INFO - Sync 1 DAGs
[2026-07-06T16:52:17.375+0000] {logging_mixin.py:188} INFO - [2026-07-06T16:52:17.375+0000] {dag.py:3823} INFO - Setting next_dagrun for example_dag_decorator to None, run_after=None
[2026-07-06T16:52:17.427+0000] {processor.py:183} INFO - Processing /home/airflow/.local/lib/python3.8/site-packages/airflow/example_dags/example_dag_decorator.py took 0.417 seconds
[2026-07-06T16:52:47.833+0000] {processor.py:161} INFO - Started process (PID=3769) to work on /home/airflow/.local/lib/python3.8/site-packages/airflow/example_dags/example_dag_decorator.py
[2026-07-06T16:52:47.839+0000] {processor.py:830} INFO - Processing file /home/airflow/.local/lib/python3.8/site-packages/airflow/example_dags/example_dag_decorator.py for tasks to queue
[2026-07-06T16:52:47.849+0000] {logging_mixin.py:188} INFO - [2026-07-06T16:52:47.848+0000] {dagbag.py:538} INFO - Filling up the DagBag from /home/airflow/.local/lib/python3.8/site-packages/airflow/example_dags/example_dag_decorator.py
[2026-07-06T16:52:48.198+0000] {processor.py:840} INFO - DAG(s) 'example_dag_decorator' retrieved from /home/airflow/.local/lib/python3.8/site-packages/airflow/example_dags/example_dag_decorator.py
[2026-07-06T16:52:48.673+0000] {logging_mixin.py:188} INFO - [2026-07-06T16:52:48.673+0000] {dag.py:3036} INFO - Sync 1 DAGs
[2026-07-06T16:52:48.715+0000] {logging_mixin.py:188} INFO - [2026-07-06T16:52:48.714+0000] {dag.py:3823} INFO - Setting next_dagrun for example_dag_decorator to None, run_after=None
[2026-07-06T16:52:48.764+0000] {processor.py:183} INFO - Processing /home/airflow/.local/lib/python3.8/site-packages/airflow/example_dags/example_dag_decorator.py took 0.945 seconds
[2026-07-06T16:53:20.471+0000] {processor.py:161} INFO - Started process (PID=3836) to work on /home/airflow/.local/lib/python3.8/site-packages/airflow/example_dags/example_dag_decorator.py
[2026-07-06T16:53:20.473+0000] {processor.py:830} INFO - Processing file /home/airflow/.local/lib/python3.8/site-packages/airflow/example_dags/example_dag_decorator.py for tasks to queue
[2026-07-06T16:53:20.478+0000] {logging_mixin.py:188} INFO - [2026-07-06T16:53:20.477+0000] {dagbag.py:538} INFO - Filling up the DagBag from /home/airflow/.local/lib/python3.8/site-packages/airflow/example_dags/example_dag_decorator.py
[2026-07-06T16:53:20.800+0000] {processor.py:840} INFO - DAG(s) 'example_dag_decorator' retrieved from /home/airflow/.local/lib/python3.8/site-packages/airflow/example_dags/example_dag_decorator.py
[2026-07-06T16:53:21.087+0000] {logging_mixin.py:188} INFO - [2026-07-06T16:53:21.086+0000] {dag.py:3036} INFO - Sync 1 DAGs
[2026-07-06T16:53:21.116+0000] {logging_mixin.py:188} INFO - [2026-07-06T16:53:21.115+0000] {dag.py:3823} INFO - Setting next_dagrun for example_dag_decorator to None, run_after=None
[2026-07-06T16:53:21.166+0000] {processor.py:183} INFO - Processing /home/airflow/.local/lib/python3.8/site-packages/airflow/example_dags/example_dag_decorator.py took 0.706 seconds
[2026-07-06T16:53:51.459+0000] {processor.py:161} INFO - Started process (PID=3903) to work on /home/airflow/.local/lib/python3.8/site-packages/airflow/example_dags/example_dag_decorator.py
[2026-07-06T16:53:51.468+0000] {processor.py:830} INFO - Processing file /home/airflow/.local/lib/python3.8/site-packages/airflow/example_dags/example_dag_decorator.py for tasks to queue
[2026-07-06T16:53:51.475+0000] {logging_mixin.py:188} INFO - [2026-07-06T16:53:51.474+0000] {dagbag.py:538} INFO - Filling up the DagBag from /home/airflow/.local/lib/python3.8/site-packages/airflow/example_dags/example_dag_decorator.py
[2026-07-06T16:53:51.852+0000] {processor.py:840} INFO - DAG(s) 'example_dag_decorator' retrieved from /home/airflow/.local/lib/python3.8/site-packages/airflow/example_dags/example_dag_decorator.py
[2026-07-06T16:53:52.292+0000] {logging_mixin.py:188} INFO - [2026-07-06T16:53:52.292+0000] {dag.py:3036} INFO - Sync 1 DAGs
[2026-07-06T16:53:52.327+0000] {logging_mixin.py:188} INFO - [2026-07-06T16:53:52.327+0000] {dag.py:3823} INFO - Setting next_dagrun for example_dag_decorator to None, run_after=None
[2026-07-06T16:53:52.398+0000] {processor.py:183} INFO - Processing /home/airflow/.local/lib/python3.8/site-packages/airflow/example_dags/example_dag_decorator.py took 0.959 seconds
[2026-07-06T16:54:22.658+0000] {processor.py:161} INFO - Started process (PID=3969) to work on /home/airflow/.local/lib/python3.8/site-packages/airflow/example_dags/example_dag_decorator.py
[2026-07-06T16:54:22.660+0000] {processor.py:830} INFO - Processing file /home/airflow/.local/lib/python3.8/site-packages/airflow/example_dags/example_dag_decorator.py for tasks to queue
[2026-07-06T16:54:22.665+0000] {logging_mixin.py:188} INFO - [2026-07-06T16:54:22.664+0000] {dagbag.py:538} INFO - Filling up the DagBag from /home/airflow/.local/lib/python3.8/site-packages/airflow/example_dags/example_dag_decorator.py
[2026-07-06T16:54:22.923+0000] {processor.py:840} INFO - DAG(s) 'example_dag_decorator' retrieved from /home/airflow/.local/lib/python3.8/site-packages/airflow/example_dags/example_dag_decorator.py
[2026-07-06T16:54:23.008+0000] {logging_mixin.py:188} INFO - [2026-07-06T16:54:23.008+0000] {dag.py:3036} INFO - Sync 1 DAGs
[2026-07-06T16:54:23.043+0000] {logging_mixin.py:188} INFO - [2026-07-06T16:54:23.042+0000] {dag.py:3823} INFO - Setting next_dagrun for example_dag_decorator to None, run_after=None
[2026-07-06T16:54:23.093+0000] {processor.py:183} INFO - Processing /home/airflow/.local/lib/python3.8/site-packages/airflow/example_dags/example_dag_decorator.py took 0.446 seconds
[2026-07-06T16:54:53.715+0000] {processor.py:161} INFO - Started process (PID=4027) to work on /home/airflow/.local/lib/python3.8/site-packages/airflow/example_dags/example_dag_decorator.py
[2026-07-06T16:54:53.719+0000] {processor.py:830} INFO - Processing file /home/airflow/.local/lib/python3.8/site-packages/airflow/example_dags/example_dag_decorator.py for tasks to queue
[2026-07-06T16:54:53.725+0000] {logging_mixin.py:188} INFO - [2026-07-06T16:54:53.725+0000] {dagbag.py:538} INFO - Filling up the DagBag from /home/airflow/.local/lib/python3.8/site-packages/airflow/example_dags/example_dag_decorator.py
[2026-07-06T16:54:54.020+0000] {processor.py:840} INFO - DAG(s) 'example_dag_decorator' retrieved from /home/airflow/.local/lib/python3.8/site-packages/airflow/example_dags/example_dag_decorator.py
[2026-07-06T16:54:54.134+0000] {logging_mixin.py:188} INFO - [2026-07-06T16:54:54.134+0000] {dag.py:3036} INFO - Sync 1 DAGs
[2026-07-06T16:54:54.207+0000] {logging_mixin.py:188} INFO - [2026-07-06T16:54:54.207+0000] {dag.py:3823} INFO - Setting next_dagrun for example_dag_decorator to None, run_after=None
[2026-07-06T16:54:54.290+0000] {processor.py:183} INFO - Processing /home/airflow/.local/lib/python3.8/site-packages/airflow/example_dags/example_dag_decorator.py took 0.589 seconds
[2026-07-06T16:55:24.454+0000] {processor.py:161} INFO - Started process (PID=4093) to work on /home/airflow/.local/lib/python3.8/site-packages/airflow/example_dags/example_dag_decorator.py
[2026-07-06T16:55:24.456+0000] {processor.py:830} INFO - Processing file /home/airflow/.local/lib/python3.8/site-packages/airflow/example_dags/example_dag_decorator.py for tasks to queue
[2026-07-06T16:55:24.461+0000] {logging_mixin.py:188} INFO - [2026-07-06T16:55:24.460+0000] {dagbag.py:538} INFO - Filling up the DagBag from /home/airflow/.local/lib/python3.8/site-packages/airflow/example_dags/example_dag_decorator.py
[2026-07-06T16:55:24.809+0000] {processor.py:840} INFO - DAG(s) 'example_dag_decorator' retrieved from /home/airflow/.local/lib/python3.8/site-packages/airflow/example_dags/example_dag_decorator.py
[2026-07-06T16:55:24.870+0000] {logging_mixin.py:188} INFO - [2026-07-06T16:55:24.869+0000] {dag.py:3036} INFO - Sync 1 DAGs
[2026-07-06T16:55:24.898+0000] {logging_mixin.py:188} INFO - [2026-07-06T16:55:24.898+0000] {dag.py:3823} INFO - Setting next_dagrun for example_dag_decorator to None, run_after=None
[2026-07-06T16:55:24.938+0000] {processor.py:183} INFO - Processing /home/airflow/.local/lib/python3.8/site-packages/airflow/example_dags/example_dag_decorator.py took 0.492 seconds
