[2026-07-06T16:23:52.253+0000] {processor.py:161} INFO - Started process (PID=253) to work on /home/airflow/.local/lib/python3.8/site-packages/airflow/example_dags/example_external_task_marker_dag.py
[2026-07-06T16:23:52.336+0000] {processor.py:830} INFO - Processing file /home/airflow/.local/lib/python3.8/site-packages/airflow/example_dags/example_external_task_marker_dag.py for tasks to queue
[2026-07-06T16:23:52.400+0000] {logging_mixin.py:188} INFO - [2026-07-06T16:23:52.399+0000] {dagbag.py:538} INFO - Filling up the DagBag from /home/airflow/.local/lib/python3.8/site-packages/airflow/example_dags/example_external_task_marker_dag.py
[2026-07-06T16:23:53.025+0000] {processor.py:840} INFO - DAG(s) 'example_external_task_marker_parent', 'example_external_task_marker_child' retrieved from /home/airflow/.local/lib/python3.8/site-packages/airflow/example_dags/example_external_task_marker_dag.py
[2026-07-06T16:23:59.685+0000] {logging_mixin.py:188} INFO - [2026-07-06T16:23:59.673+0000] {override.py:1769} INFO - Created Permission View: can read on DAG:example_external_task_marker_parent
[2026-07-06T16:23:59.929+0000] {logging_mixin.py:188} INFO - [2026-07-06T16:23:59.929+0000] {override.py:1769} INFO - Created Permission View: can delete on DAG:example_external_task_marker_parent
[2026-07-06T16:24:00.227+0000] {logging_mixin.py:188} INFO - [2026-07-06T16:24:00.193+0000] {override.py:1769} INFO - Created Permission View: can edit on DAG:example_external_task_marker_parent
[2026-07-06T16:24:00.628+0000] {logging_mixin.py:188} INFO - [2026-07-06T16:24:00.627+0000] {override.py:1769} INFO - Created Permission View: can read on DAG:example_external_task_marker_child
[2026-07-06T16:24:00.711+0000] {logging_mixin.py:188} INFO - [2026-07-06T16:24:00.710+0000] {override.py:1769} INFO - Created Permission View: can delete on DAG:example_external_task_marker_child
[2026-07-06T16:24:00.820+0000] {logging_mixin.py:188} INFO - [2026-07-06T16:24:00.818+0000] {override.py:1769} INFO - Created Permission View: can edit on DAG:example_external_task_marker_child
[2026-07-06T16:24:00.830+0000] {logging_mixin.py:188} INFO - [2026-07-06T16:24:00.821+0000] {dag.py:3036} INFO - Sync 2 DAGs
[2026-07-06T16:24:01.133+0000] {logging_mixin.py:188} INFO - [2026-07-06T16:24:01.133+0000] {dag.py:3058} INFO - Creating ORM DAG for example_external_task_marker_child
[2026-07-06T16:24:01.190+0000] {logging_mixin.py:188} INFO - [2026-07-06T16:24:01.181+0000] {dag.py:3058} INFO - Creating ORM DAG for example_external_task_marker_parent
[2026-07-06T16:24:01.191+0000] {logging_mixin.py:188} INFO - [2026-07-06T16:24:01.191+0000] {dag.py:3823} INFO - Setting next_dagrun for example_external_task_marker_child to None, run_after=None
[2026-07-06T16:24:01.193+0000] {logging_mixin.py:188} INFO - [2026-07-06T16:24:01.192+0000] {dag.py:3823} INFO - Setting next_dagrun for example_external_task_marker_parent to None, run_after=None
[2026-07-06T16:24:01.345+0000] {processor.py:183} INFO - Processing /home/airflow/.local/lib/python3.8/site-packages/airflow/example_dags/example_external_task_marker_dag.py took 9.203 seconds
[2026-07-06T16:24:52.411+0000] {processor.py:161} INFO - Started process (PID=328) to work on /home/airflow/.local/lib/python3.8/site-packages/airflow/example_dags/example_external_task_marker_dag.py
[2026-07-06T16:24:52.416+0000] {processor.py:830} INFO - Processing file /home/airflow/.local/lib/python3.8/site-packages/airflow/example_dags/example_external_task_marker_dag.py for tasks to queue
[2026-07-06T16:24:52.421+0000] {logging_mixin.py:188} INFO - [2026-07-06T16:24:52.420+0000] {dagbag.py:538} INFO - Filling up the DagBag from /home/airflow/.local/lib/python3.8/site-packages/airflow/example_dags/example_external_task_marker_dag.py
[2026-07-06T16:24:52.451+0000] {processor.py:840} INFO - DAG(s) 'example_external_task_marker_parent', 'example_external_task_marker_child' retrieved from /home/airflow/.local/lib/python3.8/site-packages/airflow/example_dags/example_external_task_marker_dag.py
[2026-07-06T16:24:52.563+0000] {logging_mixin.py:188} INFO - [2026-07-06T16:24:52.562+0000] {dag.py:3036} INFO - Sync 2 DAGs
[2026-07-06T16:24:52.608+0000] {logging_mixin.py:188} INFO - [2026-07-06T16:24:52.608+0000] {dag.py:3823} INFO - Setting next_dagrun for example_external_task_marker_child to None, run_after=None
[2026-07-06T16:24:52.630+0000] {logging_mixin.py:188} INFO - [2026-07-06T16:24:52.627+0000] {dag.py:3823} INFO - Setting next_dagrun for example_external_task_marker_parent to None, run_after=None
[2026-07-06T16:24:52.701+0000] {processor.py:183} INFO - Processing /home/airflow/.local/lib/python3.8/site-packages/airflow/example_dags/example_external_task_marker_dag.py took 0.303 seconds
[2026-07-06T16:25:25.579+0000] {processor.py:161} INFO - Started process (PID=394) to work on /home/airflow/.local/lib/python3.8/site-packages/airflow/example_dags/example_external_task_marker_dag.py
[2026-07-06T16:25:25.581+0000] {processor.py:830} INFO - Processing file /home/airflow/.local/lib/python3.8/site-packages/airflow/example_dags/example_external_task_marker_dag.py for tasks to queue
[2026-07-06T16:25:25.591+0000] {logging_mixin.py:188} INFO - [2026-07-06T16:25:25.589+0000] {dagbag.py:538} INFO - Filling up the DagBag from /home/airflow/.local/lib/python3.8/site-packages/airflow/example_dags/example_external_task_marker_dag.py
[2026-07-06T16:25:25.634+0000] {processor.py:840} INFO - DAG(s) 'example_external_task_marker_parent', 'example_external_task_marker_child' retrieved from /home/airflow/.local/lib/python3.8/site-packages/airflow/example_dags/example_external_task_marker_dag.py
[2026-07-06T16:25:25.802+0000] {logging_mixin.py:188} INFO - [2026-07-06T16:25:25.801+0000] {dag.py:3036} INFO - Sync 2 DAGs
[2026-07-06T16:25:25.851+0000] {logging_mixin.py:188} INFO - [2026-07-06T16:25:25.850+0000] {dag.py:3823} INFO - Setting next_dagrun for example_external_task_marker_child to None, run_after=None
[2026-07-06T16:25:25.862+0000] {logging_mixin.py:188} INFO - [2026-07-06T16:25:25.861+0000] {dag.py:3823} INFO - Setting next_dagrun for example_external_task_marker_parent to None, run_after=None
[2026-07-06T16:25:25.964+0000] {processor.py:183} INFO - Processing /home/airflow/.local/lib/python3.8/site-packages/airflow/example_dags/example_external_task_marker_dag.py took 0.402 seconds
[2026-07-06T16:25:56.066+0000] {processor.py:161} INFO - Started process (PID=451) to work on /home/airflow/.local/lib/python3.8/site-packages/airflow/example_dags/example_external_task_marker_dag.py
[2026-07-06T16:25:56.074+0000] {processor.py:830} INFO - Processing file /home/airflow/.local/lib/python3.8/site-packages/airflow/example_dags/example_external_task_marker_dag.py for tasks to queue
[2026-07-06T16:25:56.078+0000] {logging_mixin.py:188} INFO - [2026-07-06T16:25:56.077+0000] {dagbag.py:538} INFO - Filling up the DagBag from /home/airflow/.local/lib/python3.8/site-packages/airflow/example_dags/example_external_task_marker_dag.py
[2026-07-06T16:25:56.097+0000] {processor.py:840} INFO - DAG(s) 'example_external_task_marker_child', 'example_external_task_marker_parent' retrieved from /home/airflow/.local/lib/python3.8/site-packages/airflow/example_dags/example_external_task_marker_dag.py
[2026-07-06T16:25:56.171+0000] {logging_mixin.py:188} INFO - [2026-07-06T16:25:56.170+0000] {dag.py:3036} INFO - Sync 2 DAGs
[2026-07-06T16:25:56.210+0000] {logging_mixin.py:188} INFO - [2026-07-06T16:25:56.209+0000] {dag.py:3823} INFO - Setting next_dagrun for example_external_task_marker_child to None, run_after=None
[2026-07-06T16:25:56.222+0000] {logging_mixin.py:188} INFO - [2026-07-06T16:25:56.220+0000] {dag.py:3823} INFO - Setting next_dagrun for example_external_task_marker_parent to None, run_after=None
[2026-07-06T16:25:56.278+0000] {processor.py:183} INFO - Processing /home/airflow/.local/lib/python3.8/site-packages/airflow/example_dags/example_external_task_marker_dag.py took 0.221 seconds
[2026-07-06T16:26:26.646+0000] {processor.py:161} INFO - Started process (PID=517) to work on /home/airflow/.local/lib/python3.8/site-packages/airflow/example_dags/example_external_task_marker_dag.py
[2026-07-06T16:26:26.648+0000] {processor.py:830} INFO - Processing file /home/airflow/.local/lib/python3.8/site-packages/airflow/example_dags/example_external_task_marker_dag.py for tasks to queue
[2026-07-06T16:26:26.653+0000] {logging_mixin.py:188} INFO - [2026-07-06T16:26:26.653+0000] {dagbag.py:538} INFO - Filling up the DagBag from /home/airflow/.local/lib/python3.8/site-packages/airflow/example_dags/example_external_task_marker_dag.py
[2026-07-06T16:26:26.670+0000] {processor.py:840} INFO - DAG(s) 'example_external_task_marker_parent', 'example_external_task_marker_child' retrieved from /home/airflow/.local/lib/python3.8/site-packages/airflow/example_dags/example_external_task_marker_dag.py
[2026-07-06T16:26:26.726+0000] {logging_mixin.py:188} INFO - [2026-07-06T16:26:26.726+0000] {dag.py:3036} INFO - Sync 2 DAGs
[2026-07-06T16:26:26.761+0000] {logging_mixin.py:188} INFO - [2026-07-06T16:26:26.760+0000] {dag.py:3823} INFO - Setting next_dagrun for example_external_task_marker_child to None, run_after=None
[2026-07-06T16:26:26.773+0000] {logging_mixin.py:188} INFO - [2026-07-06T16:26:26.772+0000] {dag.py:3823} INFO - Setting next_dagrun for example_external_task_marker_parent to None, run_after=None
[2026-07-06T16:26:26.821+0000] {processor.py:183} INFO - Processing /home/airflow/.local/lib/python3.8/site-packages/airflow/example_dags/example_external_task_marker_dag.py took 0.183 seconds
[2026-07-06T16:26:57.143+0000] {processor.py:161} INFO - Started process (PID=583) to work on /home/airflow/.local/lib/python3.8/site-packages/airflow/example_dags/example_external_task_marker_dag.py
[2026-07-06T16:26:57.146+0000] {processor.py:830} INFO - Processing file /home/airflow/.local/lib/python3.8/site-packages/airflow/example_dags/example_external_task_marker_dag.py for tasks to queue
[2026-07-06T16:26:57.154+0000] {logging_mixin.py:188} INFO - [2026-07-06T16:26:57.152+0000] {dagbag.py:538} INFO - Filling up the DagBag from /home/airflow/.local/lib/python3.8/site-packages/airflow/example_dags/example_external_task_marker_dag.py
[2026-07-06T16:26:57.176+0000] {processor.py:840} INFO - DAG(s) 'example_external_task_marker_child', 'example_external_task_marker_parent' retrieved from /home/airflow/.local/lib/python3.8/site-packages/airflow/example_dags/example_external_task_marker_dag.py
[2026-07-06T16:26:57.233+0000] {logging_mixin.py:188} INFO - [2026-07-06T16:26:57.233+0000] {dag.py:3036} INFO - Sync 2 DAGs
[2026-07-06T16:26:57.266+0000] {logging_mixin.py:188} INFO - [2026-07-06T16:26:57.265+0000] {dag.py:3823} INFO - Setting next_dagrun for example_external_task_marker_child to None, run_after=None
[2026-07-06T16:26:57.273+0000] {logging_mixin.py:188} INFO - [2026-07-06T16:26:57.272+0000] {dag.py:3823} INFO - Setting next_dagrun for example_external_task_marker_parent to None, run_after=None
[2026-07-06T16:26:57.308+0000] {processor.py:183} INFO - Processing /home/airflow/.local/lib/python3.8/site-packages/airflow/example_dags/example_external_task_marker_dag.py took 0.175 seconds
[2026-07-06T16:27:32.268+0000] {processor.py:161} INFO - Started process (PID=649) to work on /home/airflow/.local/lib/python3.8/site-packages/airflow/example_dags/example_external_task_marker_dag.py
[2026-07-06T16:27:32.274+0000] {processor.py:830} INFO - Processing file /home/airflow/.local/lib/python3.8/site-packages/airflow/example_dags/example_external_task_marker_dag.py for tasks to queue
[2026-07-06T16:27:32.286+0000] {logging_mixin.py:188} INFO - [2026-07-06T16:27:32.285+0000] {dagbag.py:538} INFO - Filling up the DagBag from /home/airflow/.local/lib/python3.8/site-packages/airflow/example_dags/example_external_task_marker_dag.py
[2026-07-06T16:27:32.321+0000] {processor.py:840} INFO - DAG(s) 'example_external_task_marker_parent', 'example_external_task_marker_child' retrieved from /home/airflow/.local/lib/python3.8/site-packages/airflow/example_dags/example_external_task_marker_dag.py
[2026-07-06T16:27:32.390+0000] {logging_mixin.py:188} INFO - [2026-07-06T16:27:32.389+0000] {dag.py:3036} INFO - Sync 2 DAGs
[2026-07-06T16:27:32.439+0000] {logging_mixin.py:188} INFO - [2026-07-06T16:27:32.438+0000] {dag.py:3823} INFO - Setting next_dagrun for example_external_task_marker_child to None, run_after=None
[2026-07-06T16:27:32.448+0000] {logging_mixin.py:188} INFO - [2026-07-06T16:27:32.447+0000] {dag.py:3823} INFO - Setting next_dagrun for example_external_task_marker_parent to None, run_after=None
[2026-07-06T16:27:32.494+0000] {processor.py:183} INFO - Processing /home/airflow/.local/lib/python3.8/site-packages/airflow/example_dags/example_external_task_marker_dag.py took 0.242 seconds
[2026-07-06T16:28:08.876+0000] {processor.py:161} INFO - Started process (PID=715) to work on /home/airflow/.local/lib/python3.8/site-packages/airflow/example_dags/example_external_task_marker_dag.py
[2026-07-06T16:28:08.885+0000] {processor.py:830} INFO - Processing file /home/airflow/.local/lib/python3.8/site-packages/airflow/example_dags/example_external_task_marker_dag.py for tasks to queue
[2026-07-06T16:28:08.895+0000] {logging_mixin.py:188} INFO - [2026-07-06T16:28:08.895+0000] {dagbag.py:538} INFO - Filling up the DagBag from /home/airflow/.local/lib/python3.8/site-packages/airflow/example_dags/example_external_task_marker_dag.py
[2026-07-06T16:28:08.924+0000] {processor.py:840} INFO - DAG(s) 'example_external_task_marker_child', 'example_external_task_marker_parent' retrieved from /home/airflow/.local/lib/python3.8/site-packages/airflow/example_dags/example_external_task_marker_dag.py
[2026-07-06T16:28:09.008+0000] {logging_mixin.py:188} INFO - [2026-07-06T16:28:09.008+0000] {dag.py:3036} INFO - Sync 2 DAGs
[2026-07-06T16:28:09.109+0000] {logging_mixin.py:188} INFO - [2026-07-06T16:28:09.108+0000] {dag.py:3823} INFO - Setting next_dagrun for example_external_task_marker_child to None, run_after=None
[2026-07-06T16:28:09.124+0000] {logging_mixin.py:188} INFO - [2026-07-06T16:28:09.123+0000] {dag.py:3823} INFO - Setting next_dagrun for example_external_task_marker_parent to None, run_after=None
[2026-07-06T16:28:09.193+0000] {processor.py:183} INFO - Processing /home/airflow/.local/lib/python3.8/site-packages/airflow/example_dags/example_external_task_marker_dag.py took 0.334 seconds
[2026-07-06T16:28:43.690+0000] {processor.py:161} INFO - Started process (PID=781) to work on /home/airflow/.local/lib/python3.8/site-packages/airflow/example_dags/example_external_task_marker_dag.py
[2026-07-06T16:28:43.693+0000] {processor.py:830} INFO - Processing file /home/airflow/.local/lib/python3.8/site-packages/airflow/example_dags/example_external_task_marker_dag.py for tasks to queue
[2026-07-06T16:28:43.703+0000] {logging_mixin.py:188} INFO - [2026-07-06T16:28:43.702+0000] {dagbag.py:538} INFO - Filling up the DagBag from /home/airflow/.local/lib/python3.8/site-packages/airflow/example_dags/example_external_task_marker_dag.py
[2026-07-06T16:28:43.755+0000] {processor.py:840} INFO - DAG(s) 'example_external_task_marker_child', 'example_external_task_marker_parent' retrieved from /home/airflow/.local/lib/python3.8/site-packages/airflow/example_dags/example_external_task_marker_dag.py
[2026-07-06T16:28:43.891+0000] {logging_mixin.py:188} INFO - [2026-07-06T16:28:43.891+0000] {dag.py:3036} INFO - Sync 2 DAGs
[2026-07-06T16:28:43.948+0000] {logging_mixin.py:188} INFO - [2026-07-06T16:28:43.948+0000] {dag.py:3823} INFO - Setting next_dagrun for example_external_task_marker_child to None, run_after=None
[2026-07-06T16:28:43.968+0000] {logging_mixin.py:188} INFO - [2026-07-06T16:28:43.966+0000] {dag.py:3823} INFO - Setting next_dagrun for example_external_task_marker_parent to None, run_after=None
[2026-07-06T16:28:44.152+0000] {processor.py:183} INFO - Processing /home/airflow/.local/lib/python3.8/site-packages/airflow/example_dags/example_external_task_marker_dag.py took 0.479 seconds
[2026-07-06T16:29:14.607+0000] {processor.py:161} INFO - Started process (PID=839) to work on /home/airflow/.local/lib/python3.8/site-packages/airflow/example_dags/example_external_task_marker_dag.py
[2026-07-06T16:29:14.609+0000] {processor.py:830} INFO - Processing file /home/airflow/.local/lib/python3.8/site-packages/airflow/example_dags/example_external_task_marker_dag.py for tasks to queue
[2026-07-06T16:29:14.613+0000] {logging_mixin.py:188} INFO - [2026-07-06T16:29:14.613+0000] {dagbag.py:538} INFO - Filling up the DagBag from /home/airflow/.local/lib/python3.8/site-packages/airflow/example_dags/example_external_task_marker_dag.py
[2026-07-06T16:29:14.628+0000] {processor.py:840} INFO - DAG(s) 'example_external_task_marker_parent', 'example_external_task_marker_child' retrieved from /home/airflow/.local/lib/python3.8/site-packages/airflow/example_dags/example_external_task_marker_dag.py
[2026-07-06T16:29:14.718+0000] {logging_mixin.py:188} INFO - [2026-07-06T16:29:14.717+0000] {dag.py:3036} INFO - Sync 2 DAGs
[2026-07-06T16:29:14.750+0000] {logging_mixin.py:188} INFO - [2026-07-06T16:29:14.750+0000] {dag.py:3823} INFO - Setting next_dagrun for example_external_task_marker_child to None, run_after=None
[2026-07-06T16:29:14.759+0000] {logging_mixin.py:188} INFO - [2026-07-06T16:29:14.758+0000] {dag.py:3823} INFO - Setting next_dagrun for example_external_task_marker_parent to None, run_after=None
[2026-07-06T16:29:14.802+0000] {processor.py:183} INFO - Processing /home/airflow/.local/lib/python3.8/site-packages/airflow/example_dags/example_external_task_marker_dag.py took 0.204 seconds
[2026-07-06T16:29:45.719+0000] {processor.py:161} INFO - Started process (PID=905) to work on /home/airflow/.local/lib/python3.8/site-packages/airflow/example_dags/example_external_task_marker_dag.py
[2026-07-06T16:29:45.727+0000] {processor.py:830} INFO - Processing file /home/airflow/.local/lib/python3.8/site-packages/airflow/example_dags/example_external_task_marker_dag.py for tasks to queue
[2026-07-06T16:29:45.735+0000] {logging_mixin.py:188} INFO - [2026-07-06T16:29:45.734+0000] {dagbag.py:538} INFO - Filling up the DagBag from /home/airflow/.local/lib/python3.8/site-packages/airflow/example_dags/example_external_task_marker_dag.py
[2026-07-06T16:29:45.764+0000] {processor.py:840} INFO - DAG(s) 'example_external_task_marker_child', 'example_external_task_marker_parent' retrieved from /home/airflow/.local/lib/python3.8/site-packages/airflow/example_dags/example_external_task_marker_dag.py
[2026-07-06T16:29:45.837+0000] {logging_mixin.py:188} INFO - [2026-07-06T16:29:45.836+0000] {dag.py:3036} INFO - Sync 2 DAGs
[2026-07-06T16:29:45.874+0000] {logging_mixin.py:188} INFO - [2026-07-06T16:29:45.874+0000] {dag.py:3823} INFO - Setting next_dagrun for example_external_task_marker_child to None, run_after=None
[2026-07-06T16:29:45.886+0000] {logging_mixin.py:188} INFO - [2026-07-06T16:29:45.885+0000] {dag.py:3823} INFO - Setting next_dagrun for example_external_task_marker_parent to None, run_after=None
[2026-07-06T16:29:45.929+0000] {processor.py:183} INFO - Processing /home/airflow/.local/lib/python3.8/site-packages/airflow/example_dags/example_external_task_marker_dag.py took 0.231 seconds
[2026-07-06T16:30:19.258+0000] {processor.py:161} INFO - Started process (PID=969) to work on /home/airflow/.local/lib/python3.8/site-packages/airflow/example_dags/example_external_task_marker_dag.py
[2026-07-06T16:30:19.270+0000] {processor.py:830} INFO - Processing file /home/airflow/.local/lib/python3.8/site-packages/airflow/example_dags/example_external_task_marker_dag.py for tasks to queue
[2026-07-06T16:30:19.276+0000] {logging_mixin.py:188} INFO - [2026-07-06T16:30:19.275+0000] {dagbag.py:538} INFO - Filling up the DagBag from /home/airflow/.local/lib/python3.8/site-packages/airflow/example_dags/example_external_task_marker_dag.py
[2026-07-06T16:30:19.306+0000] {processor.py:840} INFO - DAG(s) 'example_external_task_marker_child', 'example_external_task_marker_parent' retrieved from /home/airflow/.local/lib/python3.8/site-packages/airflow/example_dags/example_external_task_marker_dag.py
[2026-07-06T16:30:19.386+0000] {logging_mixin.py:188} INFO - [2026-07-06T16:30:19.385+0000] {dag.py:3036} INFO - Sync 2 DAGs
[2026-07-06T16:30:19.437+0000] {logging_mixin.py:188} INFO - [2026-07-06T16:30:19.435+0000] {dag.py:3823} INFO - Setting next_dagrun for example_external_task_marker_child to None, run_after=None
[2026-07-06T16:30:19.483+0000] {logging_mixin.py:188} INFO - [2026-07-06T16:30:19.482+0000] {dag.py:3823} INFO - Setting next_dagrun for example_external_task_marker_parent to None, run_after=None
[2026-07-06T16:30:19.531+0000] {processor.py:183} INFO - Processing /home/airflow/.local/lib/python3.8/site-packages/airflow/example_dags/example_external_task_marker_dag.py took 0.296 seconds
[2026-07-06T16:30:49.720+0000] {processor.py:161} INFO - Started process (PID=1027) to work on /home/airflow/.local/lib/python3.8/site-packages/airflow/example_dags/example_external_task_marker_dag.py
[2026-07-06T16:30:49.722+0000] {processor.py:830} INFO - Processing file /home/airflow/.local/lib/python3.8/site-packages/airflow/example_dags/example_external_task_marker_dag.py for tasks to queue
[2026-07-06T16:30:49.727+0000] {logging_mixin.py:188} INFO - [2026-07-06T16:30:49.726+0000] {dagbag.py:538} INFO - Filling up the DagBag from /home/airflow/.local/lib/python3.8/site-packages/airflow/example_dags/example_external_task_marker_dag.py
[2026-07-06T16:30:49.743+0000] {processor.py:840} INFO - DAG(s) 'example_external_task_marker_parent', 'example_external_task_marker_child' retrieved from /home/airflow/.local/lib/python3.8/site-packages/airflow/example_dags/example_external_task_marker_dag.py
[2026-07-06T16:30:49.797+0000] {logging_mixin.py:188} INFO - [2026-07-06T16:30:49.796+0000] {dag.py:3036} INFO - Sync 2 DAGs
[2026-07-06T16:30:49.824+0000] {logging_mixin.py:188} INFO - [2026-07-06T16:30:49.824+0000] {dag.py:3823} INFO - Setting next_dagrun for example_external_task_marker_child to None, run_after=None
[2026-07-06T16:30:49.832+0000] {logging_mixin.py:188} INFO - [2026-07-06T16:30:49.832+0000] {dag.py:3823} INFO - Setting next_dagrun for example_external_task_marker_parent to None, run_after=None
[2026-07-06T16:30:49.869+0000] {processor.py:183} INFO - Processing /home/airflow/.local/lib/python3.8/site-packages/airflow/example_dags/example_external_task_marker_dag.py took 0.158 seconds
[2026-07-06T16:31:20.050+0000] {processor.py:161} INFO - Started process (PID=1092) to work on /home/airflow/.local/lib/python3.8/site-packages/airflow/example_dags/example_external_task_marker_dag.py
[2026-07-06T16:31:20.052+0000] {processor.py:830} INFO - Processing file /home/airflow/.local/lib/python3.8/site-packages/airflow/example_dags/example_external_task_marker_dag.py for tasks to queue
[2026-07-06T16:31:20.056+0000] {logging_mixin.py:188} INFO - [2026-07-06T16:31:20.056+0000] {dagbag.py:538} INFO - Filling up the DagBag from /home/airflow/.local/lib/python3.8/site-packages/airflow/example_dags/example_external_task_marker_dag.py
[2026-07-06T16:31:20.069+0000] {processor.py:840} INFO - DAG(s) 'example_external_task_marker_parent', 'example_external_task_marker_child' retrieved from /home/airflow/.local/lib/python3.8/site-packages/airflow/example_dags/example_external_task_marker_dag.py
[2026-07-06T16:31:20.131+0000] {logging_mixin.py:188} INFO - [2026-07-06T16:31:20.131+0000] {dag.py:3036} INFO - Sync 2 DAGs
[2026-07-06T16:31:20.166+0000] {logging_mixin.py:188} INFO - [2026-07-06T16:31:20.165+0000] {dag.py:3823} INFO - Setting next_dagrun for example_external_task_marker_child to None, run_after=None
[2026-07-06T16:31:20.174+0000] {logging_mixin.py:188} INFO - [2026-07-06T16:31:20.173+0000] {dag.py:3823} INFO - Setting next_dagrun for example_external_task_marker_parent to None, run_after=None
[2026-07-06T16:31:20.213+0000] {processor.py:183} INFO - Processing /home/airflow/.local/lib/python3.8/site-packages/airflow/example_dags/example_external_task_marker_dag.py took 0.171 seconds
[2026-07-06T16:31:54.627+0000] {processor.py:161} INFO - Started process (PID=1158) to work on /home/airflow/.local/lib/python3.8/site-packages/airflow/example_dags/example_external_task_marker_dag.py
[2026-07-06T16:31:54.638+0000] {processor.py:830} INFO - Processing file /home/airflow/.local/lib/python3.8/site-packages/airflow/example_dags/example_external_task_marker_dag.py for tasks to queue
[2026-07-06T16:31:54.652+0000] {logging_mixin.py:188} INFO - [2026-07-06T16:31:54.649+0000] {dagbag.py:538} INFO - Filling up the DagBag from /home/airflow/.local/lib/python3.8/site-packages/airflow/example_dags/example_external_task_marker_dag.py
[2026-07-06T16:31:54.691+0000] {processor.py:840} INFO - DAG(s) 'example_external_task_marker_parent', 'example_external_task_marker_child' retrieved from /home/airflow/.local/lib/python3.8/site-packages/airflow/example_dags/example_external_task_marker_dag.py
[2026-07-06T16:31:54.933+0000] {logging_mixin.py:188} INFO - [2026-07-06T16:31:54.933+0000] {dag.py:3036} INFO - Sync 2 DAGs
[2026-07-06T16:31:55.042+0000] {logging_mixin.py:188} INFO - [2026-07-06T16:31:55.041+0000] {dag.py:3823} INFO - Setting next_dagrun for example_external_task_marker_child to None, run_after=None
[2026-07-06T16:31:55.073+0000] {logging_mixin.py:188} INFO - [2026-07-06T16:31:55.072+0000] {dag.py:3823} INFO - Setting next_dagrun for example_external_task_marker_parent to None, run_after=None
[2026-07-06T16:31:55.305+0000] {processor.py:183} INFO - Processing /home/airflow/.local/lib/python3.8/site-packages/airflow/example_dags/example_external_task_marker_dag.py took 0.748 seconds
[2026-07-06T16:32:25.968+0000] {processor.py:161} INFO - Started process (PID=1224) to work on /home/airflow/.local/lib/python3.8/site-packages/airflow/example_dags/example_external_task_marker_dag.py
[2026-07-06T16:32:25.976+0000] {processor.py:830} INFO - Processing file /home/airflow/.local/lib/python3.8/site-packages/airflow/example_dags/example_external_task_marker_dag.py for tasks to queue
[2026-07-06T16:32:25.988+0000] {logging_mixin.py:188} INFO - [2026-07-06T16:32:25.987+0000] {dagbag.py:538} INFO - Filling up the DagBag from /home/airflow/.local/lib/python3.8/site-packages/airflow/example_dags/example_external_task_marker_dag.py
[2026-07-06T16:32:26.050+0000] {processor.py:840} INFO - DAG(s) 'example_external_task_marker_child', 'example_external_task_marker_parent' retrieved from /home/airflow/.local/lib/python3.8/site-packages/airflow/example_dags/example_external_task_marker_dag.py
[2026-07-06T16:32:26.526+0000] {logging_mixin.py:188} INFO - [2026-07-06T16:32:26.509+0000] {dag.py:3036} INFO - Sync 2 DAGs
[2026-07-06T16:32:27.311+0000] {logging_mixin.py:188} INFO - [2026-07-06T16:32:27.311+0000] {dag.py:3823} INFO - Setting next_dagrun for example_external_task_marker_child to None, run_after=None
[2026-07-06T16:32:27.508+0000] {logging_mixin.py:188} INFO - [2026-07-06T16:32:27.508+0000] {dag.py:3823} INFO - Setting next_dagrun for example_external_task_marker_parent to None, run_after=None
[2026-07-06T16:32:28.003+0000] {processor.py:183} INFO - Processing /home/airflow/.local/lib/python3.8/site-packages/airflow/example_dags/example_external_task_marker_dag.py took 2.073 seconds
[2026-07-06T16:32:58.502+0000] {processor.py:161} INFO - Started process (PID=1281) to work on /home/airflow/.local/lib/python3.8/site-packages/airflow/example_dags/example_external_task_marker_dag.py
[2026-07-06T16:32:58.504+0000] {processor.py:830} INFO - Processing file /home/airflow/.local/lib/python3.8/site-packages/airflow/example_dags/example_external_task_marker_dag.py for tasks to queue
[2026-07-06T16:32:58.508+0000] {logging_mixin.py:188} INFO - [2026-07-06T16:32:58.507+0000] {dagbag.py:538} INFO - Filling up the DagBag from /home/airflow/.local/lib/python3.8/site-packages/airflow/example_dags/example_external_task_marker_dag.py
[2026-07-06T16:32:58.523+0000] {processor.py:840} INFO - DAG(s) 'example_external_task_marker_child', 'example_external_task_marker_parent' retrieved from /home/airflow/.local/lib/python3.8/site-packages/airflow/example_dags/example_external_task_marker_dag.py
[2026-07-06T16:32:58.628+0000] {logging_mixin.py:188} INFO - [2026-07-06T16:32:58.628+0000] {dag.py:3036} INFO - Sync 2 DAGs
[2026-07-06T16:32:58.671+0000] {logging_mixin.py:188} INFO - [2026-07-06T16:32:58.671+0000] {dag.py:3823} INFO - Setting next_dagrun for example_external_task_marker_child to None, run_after=None
[2026-07-06T16:32:58.679+0000] {logging_mixin.py:188} INFO - [2026-07-06T16:32:58.679+0000] {dag.py:3823} INFO - Setting next_dagrun for example_external_task_marker_parent to None, run_after=None
[2026-07-06T16:32:58.724+0000] {processor.py:183} INFO - Processing /home/airflow/.local/lib/python3.8/site-packages/airflow/example_dags/example_external_task_marker_dag.py took 0.231 seconds
[2026-07-06T16:33:29.056+0000] {processor.py:161} INFO - Started process (PID=1347) to work on /home/airflow/.local/lib/python3.8/site-packages/airflow/example_dags/example_external_task_marker_dag.py
[2026-07-06T16:33:29.059+0000] {processor.py:830} INFO - Processing file /home/airflow/.local/lib/python3.8/site-packages/airflow/example_dags/example_external_task_marker_dag.py for tasks to queue
[2026-07-06T16:33:29.064+0000] {logging_mixin.py:188} INFO - [2026-07-06T16:33:29.063+0000] {dagbag.py:538} INFO - Filling up the DagBag from /home/airflow/.local/lib/python3.8/site-packages/airflow/example_dags/example_external_task_marker_dag.py
[2026-07-06T16:33:29.082+0000] {processor.py:840} INFO - DAG(s) 'example_external_task_marker_child', 'example_external_task_marker_parent' retrieved from /home/airflow/.local/lib/python3.8/site-packages/airflow/example_dags/example_external_task_marker_dag.py
[2026-07-06T16:33:29.149+0000] {logging_mixin.py:188} INFO - [2026-07-06T16:33:29.148+0000] {dag.py:3036} INFO - Sync 2 DAGs
[2026-07-06T16:33:29.188+0000] {logging_mixin.py:188} INFO - [2026-07-06T16:33:29.187+0000] {dag.py:3823} INFO - Setting next_dagrun for example_external_task_marker_child to None, run_after=None
[2026-07-06T16:33:29.206+0000] {logging_mixin.py:188} INFO - [2026-07-06T16:33:29.205+0000] {dag.py:3823} INFO - Setting next_dagrun for example_external_task_marker_parent to None, run_after=None
[2026-07-06T16:33:29.253+0000] {processor.py:183} INFO - Processing /home/airflow/.local/lib/python3.8/site-packages/airflow/example_dags/example_external_task_marker_dag.py took 0.206 seconds
[2026-07-06T16:33:59.418+0000] {processor.py:161} INFO - Started process (PID=1412) to work on /home/airflow/.local/lib/python3.8/site-packages/airflow/example_dags/example_external_task_marker_dag.py
[2026-07-06T16:33:59.428+0000] {processor.py:830} INFO - Processing file /home/airflow/.local/lib/python3.8/site-packages/airflow/example_dags/example_external_task_marker_dag.py for tasks to queue
[2026-07-06T16:33:59.435+0000] {logging_mixin.py:188} INFO - [2026-07-06T16:33:59.434+0000] {dagbag.py:538} INFO - Filling up the DagBag from /home/airflow/.local/lib/python3.8/site-packages/airflow/example_dags/example_external_task_marker_dag.py
[2026-07-06T16:33:59.453+0000] {processor.py:840} INFO - DAG(s) 'example_external_task_marker_parent', 'example_external_task_marker_child' retrieved from /home/airflow/.local/lib/python3.8/site-packages/airflow/example_dags/example_external_task_marker_dag.py
[2026-07-06T16:33:59.527+0000] {logging_mixin.py:188} INFO - [2026-07-06T16:33:59.527+0000] {dag.py:3036} INFO - Sync 2 DAGs
[2026-07-06T16:33:59.561+0000] {logging_mixin.py:188} INFO - [2026-07-06T16:33:59.560+0000] {dag.py:3823} INFO - Setting next_dagrun for example_external_task_marker_child to None, run_after=None
[2026-07-06T16:33:59.573+0000] {logging_mixin.py:188} INFO - [2026-07-06T16:33:59.572+0000] {dag.py:3823} INFO - Setting next_dagrun for example_external_task_marker_parent to None, run_after=None
[2026-07-06T16:33:59.649+0000] {processor.py:183} INFO - Processing /home/airflow/.local/lib/python3.8/site-packages/airflow/example_dags/example_external_task_marker_dag.py took 0.257 seconds
[2026-07-06T16:34:30.018+0000] {processor.py:161} INFO - Started process (PID=1477) to work on /home/airflow/.local/lib/python3.8/site-packages/airflow/example_dags/example_external_task_marker_dag.py
[2026-07-06T16:34:30.021+0000] {processor.py:830} INFO - Processing file /home/airflow/.local/lib/python3.8/site-packages/airflow/example_dags/example_external_task_marker_dag.py for tasks to queue
[2026-07-06T16:34:30.027+0000] {logging_mixin.py:188} INFO - [2026-07-06T16:34:30.026+0000] {dagbag.py:538} INFO - Filling up the DagBag from /home/airflow/.local/lib/python3.8/site-packages/airflow/example_dags/example_external_task_marker_dag.py
[2026-07-06T16:34:30.047+0000] {processor.py:840} INFO - DAG(s) 'example_external_task_marker_parent', 'example_external_task_marker_child' retrieved from /home/airflow/.local/lib/python3.8/site-packages/airflow/example_dags/example_external_task_marker_dag.py
[2026-07-06T16:34:30.171+0000] {logging_mixin.py:188} INFO - [2026-07-06T16:34:30.170+0000] {dag.py:3036} INFO - Sync 2 DAGs
[2026-07-06T16:34:30.215+0000] {logging_mixin.py:188} INFO - [2026-07-06T16:34:30.215+0000] {dag.py:3823} INFO - Setting next_dagrun for example_external_task_marker_child to None, run_after=None
[2026-07-06T16:34:30.227+0000] {logging_mixin.py:188} INFO - [2026-07-06T16:34:30.227+0000] {dag.py:3823} INFO - Setting next_dagrun for example_external_task_marker_parent to None, run_after=None
[2026-07-06T16:34:30.301+0000] {processor.py:183} INFO - Processing /home/airflow/.local/lib/python3.8/site-packages/airflow/example_dags/example_external_task_marker_dag.py took 0.293 seconds
[2026-07-06T16:35:00.434+0000] {processor.py:161} INFO - Started process (PID=1535) to work on /home/airflow/.local/lib/python3.8/site-packages/airflow/example_dags/example_external_task_marker_dag.py
[2026-07-06T16:35:00.439+0000] {processor.py:830} INFO - Processing file /home/airflow/.local/lib/python3.8/site-packages/airflow/example_dags/example_external_task_marker_dag.py for tasks to queue
[2026-07-06T16:35:00.443+0000] {logging_mixin.py:188} INFO - [2026-07-06T16:35:00.443+0000] {dagbag.py:538} INFO - Filling up the DagBag from /home/airflow/.local/lib/python3.8/site-packages/airflow/example_dags/example_external_task_marker_dag.py
[2026-07-06T16:35:00.457+0000] {processor.py:840} INFO - DAG(s) 'example_external_task_marker_parent', 'example_external_task_marker_child' retrieved from /home/airflow/.local/lib/python3.8/site-packages/airflow/example_dags/example_external_task_marker_dag.py
[2026-07-06T16:35:00.526+0000] {logging_mixin.py:188} INFO - [2026-07-06T16:35:00.525+0000] {dag.py:3036} INFO - Sync 2 DAGs
[2026-07-06T16:35:00.568+0000] {logging_mixin.py:188} INFO - [2026-07-06T16:35:00.567+0000] {dag.py:3823} INFO - Setting next_dagrun for example_external_task_marker_child to None, run_after=None
[2026-07-06T16:35:00.581+0000] {logging_mixin.py:188} INFO - [2026-07-06T16:35:00.581+0000] {dag.py:3823} INFO - Setting next_dagrun for example_external_task_marker_parent to None, run_after=None
[2026-07-06T16:35:00.631+0000] {processor.py:183} INFO - Processing /home/airflow/.local/lib/python3.8/site-packages/airflow/example_dags/example_external_task_marker_dag.py took 0.208 seconds
