[2026-07-06T16:23:04.368+0000] {processor.py:161} INFO - Started process (PID=229) to work on /home/airflow/.local/lib/python3.8/site-packages/airflow/example_dags/example_sensors.py
[2026-07-06T16:23:04.519+0000] {processor.py:830} INFO - Processing file /home/airflow/.local/lib/python3.8/site-packages/airflow/example_dags/example_sensors.py for tasks to queue
[2026-07-06T16:23:04.742+0000] {logging_mixin.py:188} INFO - [2026-07-06T16:23:04.711+0000] {dagbag.py:538} INFO - Filling up the DagBag from /home/airflow/.local/lib/python3.8/site-packages/airflow/example_dags/example_sensors.py
[2026-07-06T16:23:05.227+0000] {processor.py:840} INFO - DAG(s) 'example_sensors' retrieved from /home/airflow/.local/lib/python3.8/site-packages/airflow/example_dags/example_sensors.py
[2026-07-06T16:23:11.381+0000] {logging_mixin.py:188} INFO - [2026-07-06T16:23:11.379+0000] {override.py:1769} INFO - Created Permission View: can read on DAG:example_sensors
[2026-07-06T16:23:12.205+0000] {logging_mixin.py:188} INFO - [2026-07-06T16:23:12.204+0000] {override.py:1769} INFO - Created Permission View: can delete on DAG:example_sensors
[2026-07-06T16:23:12.286+0000] {logging_mixin.py:188} INFO - [2026-07-06T16:23:12.285+0000] {override.py:1769} INFO - Created Permission View: can edit on DAG:example_sensors
[2026-07-06T16:23:12.290+0000] {logging_mixin.py:188} INFO - [2026-07-06T16:23:12.288+0000] {dag.py:3036} INFO - Sync 1 DAGs
[2026-07-06T16:23:12.535+0000] {logging_mixin.py:188} INFO - [2026-07-06T16:23:12.534+0000] {dag.py:3058} INFO - Creating ORM DAG for example_sensors
[2026-07-06T16:23:12.542+0000] {logging_mixin.py:188} INFO - [2026-07-06T16:23:12.540+0000] {dag.py:3823} INFO - Setting next_dagrun for example_sensors to None, run_after=None
[2026-07-06T16:23:12.784+0000] {processor.py:183} INFO - Processing /home/airflow/.local/lib/python3.8/site-packages/airflow/example_dags/example_sensors.py took 10.182 seconds
[2026-07-06T16:24:50.658+0000] {processor.py:161} INFO - Started process (PID=320) to work on /home/airflow/.local/lib/python3.8/site-packages/airflow/example_dags/example_sensors.py
[2026-07-06T16:24:50.661+0000] {processor.py:830} INFO - Processing file /home/airflow/.local/lib/python3.8/site-packages/airflow/example_dags/example_sensors.py for tasks to queue
[2026-07-06T16:24:50.666+0000] {logging_mixin.py:188} INFO - [2026-07-06T16:24:50.665+0000] {dagbag.py:538} INFO - Filling up the DagBag from /home/airflow/.local/lib/python3.8/site-packages/airflow/example_dags/example_sensors.py
[2026-07-06T16:24:50.692+0000] {processor.py:840} INFO - DAG(s) 'example_sensors' retrieved from /home/airflow/.local/lib/python3.8/site-packages/airflow/example_dags/example_sensors.py
[2026-07-06T16:24:50.784+0000] {logging_mixin.py:188} INFO - [2026-07-06T16:24:50.783+0000] {dag.py:3036} INFO - Sync 1 DAGs
[2026-07-06T16:24:50.837+0000] {logging_mixin.py:188} INFO - [2026-07-06T16:24:50.836+0000] {dag.py:3823} INFO - Setting next_dagrun for example_sensors to None, run_after=None
[2026-07-06T16:24:50.902+0000] {processor.py:183} INFO - Processing /home/airflow/.local/lib/python3.8/site-packages/airflow/example_dags/example_sensors.py took 0.253 seconds
[2026-07-06T16:25:21.811+0000] {processor.py:161} INFO - Started process (PID=385) to work on /home/airflow/.local/lib/python3.8/site-packages/airflow/example_dags/example_sensors.py
[2026-07-06T16:25:21.818+0000] {processor.py:830} INFO - Processing file /home/airflow/.local/lib/python3.8/site-packages/airflow/example_dags/example_sensors.py for tasks to queue
[2026-07-06T16:25:21.841+0000] {logging_mixin.py:188} INFO - [2026-07-06T16:25:21.839+0000] {dagbag.py:538} INFO - Filling up the DagBag from /home/airflow/.local/lib/python3.8/site-packages/airflow/example_dags/example_sensors.py
[2026-07-06T16:25:21.959+0000] {processor.py:840} INFO - DAG(s) 'example_sensors' retrieved from /home/airflow/.local/lib/python3.8/site-packages/airflow/example_dags/example_sensors.py
[2026-07-06T16:25:22.127+0000] {logging_mixin.py:188} INFO - [2026-07-06T16:25:22.126+0000] {dag.py:3036} INFO - Sync 1 DAGs
[2026-07-06T16:25:22.179+0000] {logging_mixin.py:188} INFO - [2026-07-06T16:25:22.178+0000] {dag.py:3823} INFO - Setting next_dagrun for example_sensors to None, run_after=None
[2026-07-06T16:25:22.232+0000] {processor.py:183} INFO - Processing /home/airflow/.local/lib/python3.8/site-packages/airflow/example_dags/example_sensors.py took 0.451 seconds
[2026-07-06T16:25:52.512+0000] {processor.py:161} INFO - Started process (PID=443) to work on /home/airflow/.local/lib/python3.8/site-packages/airflow/example_dags/example_sensors.py
[2026-07-06T16:25:52.515+0000] {processor.py:830} INFO - Processing file /home/airflow/.local/lib/python3.8/site-packages/airflow/example_dags/example_sensors.py for tasks to queue
[2026-07-06T16:25:52.519+0000] {logging_mixin.py:188} INFO - [2026-07-06T16:25:52.518+0000] {dagbag.py:538} INFO - Filling up the DagBag from /home/airflow/.local/lib/python3.8/site-packages/airflow/example_dags/example_sensors.py
[2026-07-06T16:25:52.538+0000] {processor.py:840} INFO - DAG(s) 'example_sensors' retrieved from /home/airflow/.local/lib/python3.8/site-packages/airflow/example_dags/example_sensors.py
[2026-07-06T16:25:52.607+0000] {logging_mixin.py:188} INFO - [2026-07-06T16:25:52.606+0000] {dag.py:3036} INFO - Sync 1 DAGs
[2026-07-06T16:25:52.631+0000] {logging_mixin.py:188} INFO - [2026-07-06T16:25:52.631+0000] {dag.py:3823} INFO - Setting next_dagrun for example_sensors to None, run_after=None
[2026-07-06T16:25:52.675+0000] {processor.py:183} INFO - Processing /home/airflow/.local/lib/python3.8/site-packages/airflow/example_dags/example_sensors.py took 0.171 seconds
[2026-07-06T16:26:23.209+0000] {processor.py:161} INFO - Started process (PID=509) to work on /home/airflow/.local/lib/python3.8/site-packages/airflow/example_dags/example_sensors.py
[2026-07-06T16:26:23.211+0000] {processor.py:830} INFO - Processing file /home/airflow/.local/lib/python3.8/site-packages/airflow/example_dags/example_sensors.py for tasks to queue
[2026-07-06T16:26:23.218+0000] {logging_mixin.py:188} INFO - [2026-07-06T16:26:23.217+0000] {dagbag.py:538} INFO - Filling up the DagBag from /home/airflow/.local/lib/python3.8/site-packages/airflow/example_dags/example_sensors.py
[2026-07-06T16:26:23.251+0000] {processor.py:840} INFO - DAG(s) 'example_sensors' retrieved from /home/airflow/.local/lib/python3.8/site-packages/airflow/example_dags/example_sensors.py
[2026-07-06T16:26:23.364+0000] {logging_mixin.py:188} INFO - [2026-07-06T16:26:23.363+0000] {dag.py:3036} INFO - Sync 1 DAGs
[2026-07-06T16:26:23.400+0000] {logging_mixin.py:188} INFO - [2026-07-06T16:26:23.400+0000] {dag.py:3823} INFO - Setting next_dagrun for example_sensors to None, run_after=None
[2026-07-06T16:26:23.446+0000] {processor.py:183} INFO - Processing /home/airflow/.local/lib/python3.8/site-packages/airflow/example_dags/example_sensors.py took 0.249 seconds
[2026-07-06T16:26:54.988+0000] {processor.py:161} INFO - Started process (PID=575) to work on /home/airflow/.local/lib/python3.8/site-packages/airflow/example_dags/example_sensors.py
[2026-07-06T16:26:54.992+0000] {processor.py:830} INFO - Processing file /home/airflow/.local/lib/python3.8/site-packages/airflow/example_dags/example_sensors.py for tasks to queue
[2026-07-06T16:26:55.000+0000] {logging_mixin.py:188} INFO - [2026-07-06T16:26:54.999+0000] {dagbag.py:538} INFO - Filling up the DagBag from /home/airflow/.local/lib/python3.8/site-packages/airflow/example_dags/example_sensors.py
[2026-07-06T16:26:55.033+0000] {processor.py:840} INFO - DAG(s) 'example_sensors' retrieved from /home/airflow/.local/lib/python3.8/site-packages/airflow/example_dags/example_sensors.py
[2026-07-06T16:26:55.105+0000] {logging_mixin.py:188} INFO - [2026-07-06T16:26:55.105+0000] {dag.py:3036} INFO - Sync 1 DAGs
[2026-07-06T16:26:55.149+0000] {logging_mixin.py:188} INFO - [2026-07-06T16:26:55.148+0000] {dag.py:3823} INFO - Setting next_dagrun for example_sensors to None, run_after=None
[2026-07-06T16:26:55.212+0000] {processor.py:183} INFO - Processing /home/airflow/.local/lib/python3.8/site-packages/airflow/example_dags/example_sensors.py took 0.236 seconds
[2026-07-06T16:27:30.482+0000] {processor.py:161} INFO - Started process (PID=641) to work on /home/airflow/.local/lib/python3.8/site-packages/airflow/example_dags/example_sensors.py
[2026-07-06T16:27:30.486+0000] {processor.py:830} INFO - Processing file /home/airflow/.local/lib/python3.8/site-packages/airflow/example_dags/example_sensors.py for tasks to queue
[2026-07-06T16:27:30.495+0000] {logging_mixin.py:188} INFO - [2026-07-06T16:27:30.494+0000] {dagbag.py:538} INFO - Filling up the DagBag from /home/airflow/.local/lib/python3.8/site-packages/airflow/example_dags/example_sensors.py
[2026-07-06T16:27:30.564+0000] {processor.py:840} INFO - DAG(s) 'example_sensors' retrieved from /home/airflow/.local/lib/python3.8/site-packages/airflow/example_dags/example_sensors.py
[2026-07-06T16:27:30.730+0000] {logging_mixin.py:188} INFO - [2026-07-06T16:27:30.730+0000] {dag.py:3036} INFO - Sync 1 DAGs
[2026-07-06T16:27:30.831+0000] {logging_mixin.py:188} INFO - [2026-07-06T16:27:30.828+0000] {dag.py:3823} INFO - Setting next_dagrun for example_sensors to None, run_after=None
[2026-07-06T16:27:30.910+0000] {processor.py:183} INFO - Processing /home/airflow/.local/lib/python3.8/site-packages/airflow/example_dags/example_sensors.py took 0.483 seconds
[2026-07-06T16:28:00.999+0000] {processor.py:161} INFO - Started process (PID=707) to work on /home/airflow/.local/lib/python3.8/site-packages/airflow/example_dags/example_sensors.py
[2026-07-06T16:28:01.002+0000] {processor.py:830} INFO - Processing file /home/airflow/.local/lib/python3.8/site-packages/airflow/example_dags/example_sensors.py for tasks to queue
[2026-07-06T16:28:01.008+0000] {logging_mixin.py:188} INFO - [2026-07-06T16:28:01.007+0000] {dagbag.py:538} INFO - Filling up the DagBag from /home/airflow/.local/lib/python3.8/site-packages/airflow/example_dags/example_sensors.py
[2026-07-06T16:28:01.041+0000] {processor.py:840} INFO - DAG(s) 'example_sensors' retrieved from /home/airflow/.local/lib/python3.8/site-packages/airflow/example_dags/example_sensors.py
[2026-07-06T16:28:01.162+0000] {logging_mixin.py:188} INFO - [2026-07-06T16:28:01.162+0000] {dag.py:3036} INFO - Sync 1 DAGs
[2026-07-06T16:28:01.213+0000] {logging_mixin.py:188} INFO - [2026-07-06T16:28:01.213+0000] {dag.py:3823} INFO - Setting next_dagrun for example_sensors to None, run_after=None
[2026-07-06T16:28:01.269+0000] {processor.py:183} INFO - Processing /home/airflow/.local/lib/python3.8/site-packages/airflow/example_dags/example_sensors.py took 0.281 seconds
[2026-07-06T16:28:31.600+0000] {processor.py:161} INFO - Started process (PID=763) to work on /home/airflow/.local/lib/python3.8/site-packages/airflow/example_dags/example_sensors.py
[2026-07-06T16:28:31.613+0000] {processor.py:830} INFO - Processing file /home/airflow/.local/lib/python3.8/site-packages/airflow/example_dags/example_sensors.py for tasks to queue
[2026-07-06T16:28:31.619+0000] {logging_mixin.py:188} INFO - [2026-07-06T16:28:31.618+0000] {dagbag.py:538} INFO - Filling up the DagBag from /home/airflow/.local/lib/python3.8/site-packages/airflow/example_dags/example_sensors.py
[2026-07-06T16:28:31.671+0000] {processor.py:840} INFO - DAG(s) 'example_sensors' retrieved from /home/airflow/.local/lib/python3.8/site-packages/airflow/example_dags/example_sensors.py
[2026-07-06T16:28:32.177+0000] {logging_mixin.py:188} INFO - [2026-07-06T16:28:32.176+0000] {dag.py:3036} INFO - Sync 1 DAGs
[2026-07-06T16:28:32.550+0000] {logging_mixin.py:188} INFO - [2026-07-06T16:28:32.550+0000] {dag.py:3823} INFO - Setting next_dagrun for example_sensors to None, run_after=None
[2026-07-06T16:28:32.922+0000] {processor.py:183} INFO - Processing /home/airflow/.local/lib/python3.8/site-packages/airflow/example_dags/example_sensors.py took 1.332 seconds
[2026-07-06T16:29:04.082+0000] {processor.py:161} INFO - Started process (PID=828) to work on /home/airflow/.local/lib/python3.8/site-packages/airflow/example_dags/example_sensors.py
[2026-07-06T16:29:04.131+0000] {processor.py:830} INFO - Processing file /home/airflow/.local/lib/python3.8/site-packages/airflow/example_dags/example_sensors.py for tasks to queue
[2026-07-06T16:29:04.135+0000] {logging_mixin.py:188} INFO - [2026-07-06T16:29:04.134+0000] {dagbag.py:538} INFO - Filling up the DagBag from /home/airflow/.local/lib/python3.8/site-packages/airflow/example_dags/example_sensors.py
[2026-07-06T16:29:04.155+0000] {processor.py:840} INFO - DAG(s) 'example_sensors' retrieved from /home/airflow/.local/lib/python3.8/site-packages/airflow/example_dags/example_sensors.py
[2026-07-06T16:29:04.235+0000] {logging_mixin.py:188} INFO - [2026-07-06T16:29:04.234+0000] {dag.py:3036} INFO - Sync 1 DAGs
[2026-07-06T16:29:04.267+0000] {logging_mixin.py:188} INFO - [2026-07-06T16:29:04.267+0000] {dag.py:3823} INFO - Setting next_dagrun for example_sensors to None, run_after=None
[2026-07-06T16:29:04.312+0000] {processor.py:183} INFO - Processing /home/airflow/.local/lib/python3.8/site-packages/airflow/example_dags/example_sensors.py took 0.240 seconds
[2026-07-06T16:29:36.085+0000] {processor.py:161} INFO - Started process (PID=886) to work on /home/airflow/.local/lib/python3.8/site-packages/airflow/example_dags/example_sensors.py
[2026-07-06T16:29:36.088+0000] {processor.py:830} INFO - Processing file /home/airflow/.local/lib/python3.8/site-packages/airflow/example_dags/example_sensors.py for tasks to queue
[2026-07-06T16:29:36.092+0000] {logging_mixin.py:188} INFO - [2026-07-06T16:29:36.092+0000] {dagbag.py:538} INFO - Filling up the DagBag from /home/airflow/.local/lib/python3.8/site-packages/airflow/example_dags/example_sensors.py
[2026-07-06T16:29:36.109+0000] {processor.py:840} INFO - DAG(s) 'example_sensors' retrieved from /home/airflow/.local/lib/python3.8/site-packages/airflow/example_dags/example_sensors.py
[2026-07-06T16:29:36.161+0000] {logging_mixin.py:188} INFO - [2026-07-06T16:29:36.161+0000] {dag.py:3036} INFO - Sync 1 DAGs
[2026-07-06T16:29:36.198+0000] {logging_mixin.py:188} INFO - [2026-07-06T16:29:36.197+0000] {dag.py:3823} INFO - Setting next_dagrun for example_sensors to None, run_after=None
[2026-07-06T16:29:36.323+0000] {processor.py:183} INFO - Processing /home/airflow/.local/lib/python3.8/site-packages/airflow/example_dags/example_sensors.py took 0.246 seconds
[2026-07-06T16:30:07.213+0000] {processor.py:161} INFO - Started process (PID=952) to work on /home/airflow/.local/lib/python3.8/site-packages/airflow/example_dags/example_sensors.py
[2026-07-06T16:30:07.219+0000] {processor.py:830} INFO - Processing file /home/airflow/.local/lib/python3.8/site-packages/airflow/example_dags/example_sensors.py for tasks to queue
[2026-07-06T16:30:07.226+0000] {logging_mixin.py:188} INFO - [2026-07-06T16:30:07.225+0000] {dagbag.py:538} INFO - Filling up the DagBag from /home/airflow/.local/lib/python3.8/site-packages/airflow/example_dags/example_sensors.py
[2026-07-06T16:30:07.251+0000] {processor.py:840} INFO - DAG(s) 'example_sensors' retrieved from /home/airflow/.local/lib/python3.8/site-packages/airflow/example_dags/example_sensors.py
[2026-07-06T16:30:07.319+0000] {logging_mixin.py:188} INFO - [2026-07-06T16:30:07.318+0000] {dag.py:3036} INFO - Sync 1 DAGs
[2026-07-06T16:30:07.365+0000] {logging_mixin.py:188} INFO - [2026-07-06T16:30:07.365+0000] {dag.py:3823} INFO - Setting next_dagrun for example_sensors to None, run_after=None
[2026-07-06T16:30:07.411+0000] {processor.py:183} INFO - Processing /home/airflow/.local/lib/python3.8/site-packages/airflow/example_dags/example_sensors.py took 0.207 seconds
[2026-07-06T16:30:40.272+0000] {processor.py:161} INFO - Started process (PID=1019) to work on /home/airflow/.local/lib/python3.8/site-packages/airflow/example_dags/example_sensors.py
[2026-07-06T16:30:40.287+0000] {processor.py:830} INFO - Processing file /home/airflow/.local/lib/python3.8/site-packages/airflow/example_dags/example_sensors.py for tasks to queue
[2026-07-06T16:30:40.292+0000] {logging_mixin.py:188} INFO - [2026-07-06T16:30:40.291+0000] {dagbag.py:538} INFO - Filling up the DagBag from /home/airflow/.local/lib/python3.8/site-packages/airflow/example_dags/example_sensors.py
[2026-07-06T16:30:40.347+0000] {processor.py:840} INFO - DAG(s) 'example_sensors' retrieved from /home/airflow/.local/lib/python3.8/site-packages/airflow/example_dags/example_sensors.py
[2026-07-06T16:30:40.453+0000] {logging_mixin.py:188} INFO - [2026-07-06T16:30:40.452+0000] {dag.py:3036} INFO - Sync 1 DAGs
[2026-07-06T16:30:40.500+0000] {logging_mixin.py:188} INFO - [2026-07-06T16:30:40.499+0000] {dag.py:3823} INFO - Setting next_dagrun for example_sensors to None, run_after=None
[2026-07-06T16:30:40.594+0000] {processor.py:183} INFO - Processing /home/airflow/.local/lib/python3.8/site-packages/airflow/example_dags/example_sensors.py took 0.357 seconds
[2026-07-06T16:31:11.686+0000] {processor.py:161} INFO - Started process (PID=1084) to work on /home/airflow/.local/lib/python3.8/site-packages/airflow/example_dags/example_sensors.py
[2026-07-06T16:31:11.689+0000] {processor.py:830} INFO - Processing file /home/airflow/.local/lib/python3.8/site-packages/airflow/example_dags/example_sensors.py for tasks to queue
[2026-07-06T16:31:11.694+0000] {logging_mixin.py:188} INFO - [2026-07-06T16:31:11.693+0000] {dagbag.py:538} INFO - Filling up the DagBag from /home/airflow/.local/lib/python3.8/site-packages/airflow/example_dags/example_sensors.py
[2026-07-06T16:31:11.723+0000] {processor.py:840} INFO - DAG(s) 'example_sensors' retrieved from /home/airflow/.local/lib/python3.8/site-packages/airflow/example_dags/example_sensors.py
[2026-07-06T16:31:11.814+0000] {logging_mixin.py:188} INFO - [2026-07-06T16:31:11.813+0000] {dag.py:3036} INFO - Sync 1 DAGs
[2026-07-06T16:31:11.890+0000] {logging_mixin.py:188} INFO - [2026-07-06T16:31:11.890+0000] {dag.py:3823} INFO - Setting next_dagrun for example_sensors to None, run_after=None
[2026-07-06T16:31:11.958+0000] {processor.py:183} INFO - Processing /home/airflow/.local/lib/python3.8/site-packages/airflow/example_dags/example_sensors.py took 0.284 seconds
[2026-07-06T16:31:42.705+0000] {processor.py:161} INFO - Started process (PID=1142) to work on /home/airflow/.local/lib/python3.8/site-packages/airflow/example_dags/example_sensors.py
[2026-07-06T16:31:42.707+0000] {processor.py:830} INFO - Processing file /home/airflow/.local/lib/python3.8/site-packages/airflow/example_dags/example_sensors.py for tasks to queue
[2026-07-06T16:31:42.712+0000] {logging_mixin.py:188} INFO - [2026-07-06T16:31:42.711+0000] {dagbag.py:538} INFO - Filling up the DagBag from /home/airflow/.local/lib/python3.8/site-packages/airflow/example_dags/example_sensors.py
[2026-07-06T16:31:42.740+0000] {processor.py:840} INFO - DAG(s) 'example_sensors' retrieved from /home/airflow/.local/lib/python3.8/site-packages/airflow/example_dags/example_sensors.py
[2026-07-06T16:31:42.810+0000] {logging_mixin.py:188} INFO - [2026-07-06T16:31:42.809+0000] {dag.py:3036} INFO - Sync 1 DAGs
[2026-07-06T16:31:42.846+0000] {logging_mixin.py:188} INFO - [2026-07-06T16:31:42.845+0000] {dag.py:3823} INFO - Setting next_dagrun for example_sensors to None, run_after=None
[2026-07-06T16:31:42.900+0000] {processor.py:183} INFO - Processing /home/airflow/.local/lib/python3.8/site-packages/airflow/example_dags/example_sensors.py took 0.205 seconds
[2026-07-06T16:32:13.375+0000] {processor.py:161} INFO - Started process (PID=1208) to work on /home/airflow/.local/lib/python3.8/site-packages/airflow/example_dags/example_sensors.py
[2026-07-06T16:32:13.386+0000] {processor.py:830} INFO - Processing file /home/airflow/.local/lib/python3.8/site-packages/airflow/example_dags/example_sensors.py for tasks to queue
[2026-07-06T16:32:13.394+0000] {logging_mixin.py:188} INFO - [2026-07-06T16:32:13.393+0000] {dagbag.py:538} INFO - Filling up the DagBag from /home/airflow/.local/lib/python3.8/site-packages/airflow/example_dags/example_sensors.py
[2026-07-06T16:32:13.420+0000] {processor.py:840} INFO - DAG(s) 'example_sensors' retrieved from /home/airflow/.local/lib/python3.8/site-packages/airflow/example_dags/example_sensors.py
[2026-07-06T16:32:13.517+0000] {logging_mixin.py:188} INFO - [2026-07-06T16:32:13.517+0000] {dag.py:3036} INFO - Sync 1 DAGs
[2026-07-06T16:32:13.578+0000] {logging_mixin.py:188} INFO - [2026-07-06T16:32:13.575+0000] {dag.py:3823} INFO - Setting next_dagrun for example_sensors to None, run_after=None
[2026-07-06T16:32:13.733+0000] {processor.py:183} INFO - Processing /home/airflow/.local/lib/python3.8/site-packages/airflow/example_dags/example_sensors.py took 0.379 seconds
[2026-07-06T16:32:50.101+0000] {processor.py:161} INFO - Started process (PID=1273) to work on /home/airflow/.local/lib/python3.8/site-packages/airflow/example_dags/example_sensors.py
[2026-07-06T16:32:50.105+0000] {processor.py:830} INFO - Processing file /home/airflow/.local/lib/python3.8/site-packages/airflow/example_dags/example_sensors.py for tasks to queue
[2026-07-06T16:32:50.110+0000] {logging_mixin.py:188} INFO - [2026-07-06T16:32:50.109+0000] {dagbag.py:538} INFO - Filling up the DagBag from /home/airflow/.local/lib/python3.8/site-packages/airflow/example_dags/example_sensors.py
[2026-07-06T16:32:50.151+0000] {processor.py:840} INFO - DAG(s) 'example_sensors' retrieved from /home/airflow/.local/lib/python3.8/site-packages/airflow/example_dags/example_sensors.py
[2026-07-06T16:32:50.242+0000] {logging_mixin.py:188} INFO - [2026-07-06T16:32:50.242+0000] {dag.py:3036} INFO - Sync 1 DAGs
[2026-07-06T16:32:50.287+0000] {logging_mixin.py:188} INFO - [2026-07-06T16:32:50.286+0000] {dag.py:3823} INFO - Setting next_dagrun for example_sensors to None, run_after=None
[2026-07-06T16:32:50.337+0000] {processor.py:183} INFO - Processing /home/airflow/.local/lib/python3.8/site-packages/airflow/example_dags/example_sensors.py took 0.245 seconds
[2026-07-06T16:33:21.297+0000] {processor.py:161} INFO - Started process (PID=1339) to work on /home/airflow/.local/lib/python3.8/site-packages/airflow/example_dags/example_sensors.py
[2026-07-06T16:33:21.307+0000] {processor.py:830} INFO - Processing file /home/airflow/.local/lib/python3.8/site-packages/airflow/example_dags/example_sensors.py for tasks to queue
[2026-07-06T16:33:21.316+0000] {logging_mixin.py:188} INFO - [2026-07-06T16:33:21.315+0000] {dagbag.py:538} INFO - Filling up the DagBag from /home/airflow/.local/lib/python3.8/site-packages/airflow/example_dags/example_sensors.py
[2026-07-06T16:33:21.422+0000] {processor.py:840} INFO - DAG(s) 'example_sensors' retrieved from /home/airflow/.local/lib/python3.8/site-packages/airflow/example_dags/example_sensors.py
[2026-07-06T16:33:21.699+0000] {logging_mixin.py:188} INFO - [2026-07-06T16:33:21.699+0000] {dag.py:3036} INFO - Sync 1 DAGs
[2026-07-06T16:33:21.766+0000] {logging_mixin.py:188} INFO - [2026-07-06T16:33:21.765+0000] {dag.py:3823} INFO - Setting next_dagrun for example_sensors to None, run_after=None
[2026-07-06T16:33:21.824+0000] {processor.py:183} INFO - Processing /home/airflow/.local/lib/python3.8/site-packages/airflow/example_dags/example_sensors.py took 0.562 seconds
[2026-07-06T16:33:53.589+0000] {processor.py:161} INFO - Started process (PID=1402) to work on /home/airflow/.local/lib/python3.8/site-packages/airflow/example_dags/example_sensors.py
[2026-07-06T16:33:53.612+0000] {processor.py:830} INFO - Processing file /home/airflow/.local/lib/python3.8/site-packages/airflow/example_dags/example_sensors.py for tasks to queue
[2026-07-06T16:33:53.639+0000] {logging_mixin.py:188} INFO - [2026-07-06T16:33:53.637+0000] {dagbag.py:538} INFO - Filling up the DagBag from /home/airflow/.local/lib/python3.8/site-packages/airflow/example_dags/example_sensors.py
[2026-07-06T16:33:53.825+0000] {processor.py:840} INFO - DAG(s) 'example_sensors' retrieved from /home/airflow/.local/lib/python3.8/site-packages/airflow/example_dags/example_sensors.py
[2026-07-06T16:33:54.110+0000] {logging_mixin.py:188} INFO - [2026-07-06T16:33:54.109+0000] {dag.py:3036} INFO - Sync 1 DAGs
[2026-07-06T16:33:54.253+0000] {logging_mixin.py:188} INFO - [2026-07-06T16:33:54.252+0000] {dag.py:3823} INFO - Setting next_dagrun for example_sensors to None, run_after=None
[2026-07-06T16:33:54.350+0000] {processor.py:183} INFO - Processing /home/airflow/.local/lib/python3.8/site-packages/airflow/example_dags/example_sensors.py took 0.867 seconds
[2026-07-06T16:34:25.206+0000] {processor.py:161} INFO - Started process (PID=1461) to work on /home/airflow/.local/lib/python3.8/site-packages/airflow/example_dags/example_sensors.py
[2026-07-06T16:34:25.208+0000] {processor.py:830} INFO - Processing file /home/airflow/.local/lib/python3.8/site-packages/airflow/example_dags/example_sensors.py for tasks to queue
[2026-07-06T16:34:25.212+0000] {logging_mixin.py:188} INFO - [2026-07-06T16:34:25.212+0000] {dagbag.py:538} INFO - Filling up the DagBag from /home/airflow/.local/lib/python3.8/site-packages/airflow/example_dags/example_sensors.py
[2026-07-06T16:34:25.235+0000] {processor.py:840} INFO - DAG(s) 'example_sensors' retrieved from /home/airflow/.local/lib/python3.8/site-packages/airflow/example_dags/example_sensors.py
[2026-07-06T16:34:25.301+0000] {logging_mixin.py:188} INFO - [2026-07-06T16:34:25.300+0000] {dag.py:3036} INFO - Sync 1 DAGs
[2026-07-06T16:34:25.331+0000] {logging_mixin.py:188} INFO - [2026-07-06T16:34:25.331+0000] {dag.py:3823} INFO - Setting next_dagrun for example_sensors to None, run_after=None
[2026-07-06T16:34:25.379+0000] {processor.py:183} INFO - Processing /home/airflow/.local/lib/python3.8/site-packages/airflow/example_dags/example_sensors.py took 0.184 seconds
[2026-07-06T16:34:55.914+0000] {processor.py:161} INFO - Started process (PID=1527) to work on /home/airflow/.local/lib/python3.8/site-packages/airflow/example_dags/example_sensors.py
[2026-07-06T16:34:55.917+0000] {processor.py:830} INFO - Processing file /home/airflow/.local/lib/python3.8/site-packages/airflow/example_dags/example_sensors.py for tasks to queue
[2026-07-06T16:34:55.924+0000] {logging_mixin.py:188} INFO - [2026-07-06T16:34:55.923+0000] {dagbag.py:538} INFO - Filling up the DagBag from /home/airflow/.local/lib/python3.8/site-packages/airflow/example_dags/example_sensors.py
[2026-07-06T16:34:55.946+0000] {processor.py:840} INFO - DAG(s) 'example_sensors' retrieved from /home/airflow/.local/lib/python3.8/site-packages/airflow/example_dags/example_sensors.py
[2026-07-06T16:34:56.023+0000] {logging_mixin.py:188} INFO - [2026-07-06T16:34:56.022+0000] {dag.py:3036} INFO - Sync 1 DAGs
[2026-07-06T16:34:56.081+0000] {logging_mixin.py:188} INFO - [2026-07-06T16:34:56.081+0000] {dag.py:3823} INFO - Setting next_dagrun for example_sensors to None, run_after=None
[2026-07-06T16:34:56.135+0000] {processor.py:183} INFO - Processing /home/airflow/.local/lib/python3.8/site-packages/airflow/example_dags/example_sensors.py took 0.230 seconds
