[2026-07-06T16:23:15.704+0000] {processor.py:161} INFO - Started process (PID=232) to work on /home/airflow/.local/lib/python3.8/site-packages/airflow/example_dags/example_kubernetes_executor.py
[2026-07-06T16:23:15.890+0000] {processor.py:830} INFO - Processing file /home/airflow/.local/lib/python3.8/site-packages/airflow/example_dags/example_kubernetes_executor.py for tasks to queue
[2026-07-06T16:23:15.976+0000] {logging_mixin.py:188} INFO - [2026-07-06T16:23:15.961+0000] {dagbag.py:538} INFO - Filling up the DagBag from /home/airflow/.local/lib/python3.8/site-packages/airflow/example_dags/example_kubernetes_executor.py
[2026-07-06T16:23:17.309+0000] {processor.py:840} INFO - DAG(s) 'example_kubernetes_executor' retrieved from /home/airflow/.local/lib/python3.8/site-packages/airflow/example_dags/example_kubernetes_executor.py
[2026-07-06T16:23:25.022+0000] {logging_mixin.py:188} INFO - [2026-07-06T16:23:25.020+0000] {override.py:1769} INFO - Created Permission View: can read on DAG:example_kubernetes_executor
[2026-07-06T16:23:25.243+0000] {logging_mixin.py:188} INFO - [2026-07-06T16:23:25.242+0000] {override.py:1769} INFO - Created Permission View: can delete on DAG:example_kubernetes_executor
[2026-07-06T16:23:25.282+0000] {logging_mixin.py:188} INFO - [2026-07-06T16:23:25.281+0000] {override.py:1769} INFO - Created Permission View: can edit on DAG:example_kubernetes_executor
[2026-07-06T16:23:25.296+0000] {logging_mixin.py:188} INFO - [2026-07-06T16:23:25.283+0000] {dag.py:3036} INFO - Sync 1 DAGs
[2026-07-06T16:23:25.430+0000] {logging_mixin.py:188} INFO - [2026-07-06T16:23:25.429+0000] {dag.py:3058} INFO - Creating ORM DAG for example_kubernetes_executor
[2026-07-06T16:23:25.454+0000] {logging_mixin.py:188} INFO - [2026-07-06T16:23:25.454+0000] {dag.py:3823} INFO - Setting next_dagrun for example_kubernetes_executor to None, run_after=None
[2026-07-06T16:23:25.887+0000] {processor.py:183} INFO - Processing /home/airflow/.local/lib/python3.8/site-packages/airflow/example_dags/example_kubernetes_executor.py took 10.749 seconds
[2026-07-06T16:24:51.547+0000] {processor.py:161} INFO - Started process (PID=323) to work on /home/airflow/.local/lib/python3.8/site-packages/airflow/example_dags/example_kubernetes_executor.py
[2026-07-06T16:24:51.552+0000] {processor.py:830} INFO - Processing file /home/airflow/.local/lib/python3.8/site-packages/airflow/example_dags/example_kubernetes_executor.py for tasks to queue
[2026-07-06T16:24:51.557+0000] {logging_mixin.py:188} INFO - [2026-07-06T16:24:51.556+0000] {dagbag.py:538} INFO - Filling up the DagBag from /home/airflow/.local/lib/python3.8/site-packages/airflow/example_dags/example_kubernetes_executor.py
[2026-07-06T16:24:51.599+0000] {processor.py:840} INFO - DAG(s) 'example_kubernetes_executor' retrieved from /home/airflow/.local/lib/python3.8/site-packages/airflow/example_dags/example_kubernetes_executor.py
[2026-07-06T16:24:51.698+0000] {logging_mixin.py:188} INFO - [2026-07-06T16:24:51.698+0000] {dag.py:3036} INFO - Sync 1 DAGs
[2026-07-06T16:24:51.731+0000] {logging_mixin.py:188} INFO - [2026-07-06T16:24:51.731+0000] {dag.py:3823} INFO - Setting next_dagrun for example_kubernetes_executor to None, run_after=None
[2026-07-06T16:24:51.787+0000] {processor.py:183} INFO - Processing /home/airflow/.local/lib/python3.8/site-packages/airflow/example_dags/example_kubernetes_executor.py took 0.251 seconds
[2026-07-06T16:25:22.883+0000] {processor.py:161} INFO - Started process (PID=389) to work on /home/airflow/.local/lib/python3.8/site-packages/airflow/example_dags/example_kubernetes_executor.py
[2026-07-06T16:25:22.887+0000] {processor.py:830} INFO - Processing file /home/airflow/.local/lib/python3.8/site-packages/airflow/example_dags/example_kubernetes_executor.py for tasks to queue
[2026-07-06T16:25:22.893+0000] {logging_mixin.py:188} INFO - [2026-07-06T16:25:22.892+0000] {dagbag.py:538} INFO - Filling up the DagBag from /home/airflow/.local/lib/python3.8/site-packages/airflow/example_dags/example_kubernetes_executor.py
[2026-07-06T16:25:22.997+0000] {processor.py:840} INFO - DAG(s) 'example_kubernetes_executor' retrieved from /home/airflow/.local/lib/python3.8/site-packages/airflow/example_dags/example_kubernetes_executor.py
[2026-07-06T16:25:23.226+0000] {logging_mixin.py:188} INFO - [2026-07-06T16:25:23.226+0000] {dag.py:3036} INFO - Sync 1 DAGs
[2026-07-06T16:25:23.265+0000] {logging_mixin.py:188} INFO - [2026-07-06T16:25:23.264+0000] {dag.py:3823} INFO - Setting next_dagrun for example_kubernetes_executor to None, run_after=None
[2026-07-06T16:25:23.340+0000] {processor.py:183} INFO - Processing /home/airflow/.local/lib/python3.8/site-packages/airflow/example_dags/example_kubernetes_executor.py took 0.482 seconds
[2026-07-06T16:25:53.799+0000] {processor.py:161} INFO - Started process (PID=446) to work on /home/airflow/.local/lib/python3.8/site-packages/airflow/example_dags/example_kubernetes_executor.py
[2026-07-06T16:25:53.802+0000] {processor.py:830} INFO - Processing file /home/airflow/.local/lib/python3.8/site-packages/airflow/example_dags/example_kubernetes_executor.py for tasks to queue
[2026-07-06T16:25:53.806+0000] {logging_mixin.py:188} INFO - [2026-07-06T16:25:53.805+0000] {dagbag.py:538} INFO - Filling up the DagBag from /home/airflow/.local/lib/python3.8/site-packages/airflow/example_dags/example_kubernetes_executor.py
[2026-07-06T16:25:53.841+0000] {processor.py:840} INFO - DAG(s) 'example_kubernetes_executor' retrieved from /home/airflow/.local/lib/python3.8/site-packages/airflow/example_dags/example_kubernetes_executor.py
[2026-07-06T16:25:53.923+0000] {logging_mixin.py:188} INFO - [2026-07-06T16:25:53.922+0000] {dag.py:3036} INFO - Sync 1 DAGs
[2026-07-06T16:25:53.962+0000] {logging_mixin.py:188} INFO - [2026-07-06T16:25:53.962+0000] {dag.py:3823} INFO - Setting next_dagrun for example_kubernetes_executor to None, run_after=None
[2026-07-06T16:25:54.007+0000] {processor.py:183} INFO - Processing /home/airflow/.local/lib/python3.8/site-packages/airflow/example_dags/example_kubernetes_executor.py took 0.216 seconds
[2026-07-06T16:26:24.802+0000] {processor.py:161} INFO - Started process (PID=512) to work on /home/airflow/.local/lib/python3.8/site-packages/airflow/example_dags/example_kubernetes_executor.py
[2026-07-06T16:26:24.806+0000] {processor.py:830} INFO - Processing file /home/airflow/.local/lib/python3.8/site-packages/airflow/example_dags/example_kubernetes_executor.py for tasks to queue
[2026-07-06T16:26:24.811+0000] {logging_mixin.py:188} INFO - [2026-07-06T16:26:24.810+0000] {dagbag.py:538} INFO - Filling up the DagBag from /home/airflow/.local/lib/python3.8/site-packages/airflow/example_dags/example_kubernetes_executor.py
[2026-07-06T16:26:24.856+0000] {processor.py:840} INFO - DAG(s) 'example_kubernetes_executor' retrieved from /home/airflow/.local/lib/python3.8/site-packages/airflow/example_dags/example_kubernetes_executor.py
[2026-07-06T16:26:25.011+0000] {logging_mixin.py:188} INFO - [2026-07-06T16:26:25.010+0000] {dag.py:3036} INFO - Sync 1 DAGs
[2026-07-06T16:26:25.052+0000] {logging_mixin.py:188} INFO - [2026-07-06T16:26:25.051+0000] {dag.py:3823} INFO - Setting next_dagrun for example_kubernetes_executor to None, run_after=None
[2026-07-06T16:26:25.116+0000] {processor.py:183} INFO - Processing /home/airflow/.local/lib/python3.8/site-packages/airflow/example_dags/example_kubernetes_executor.py took 0.323 seconds
[2026-07-06T16:26:55.421+0000] {processor.py:161} INFO - Started process (PID=578) to work on /home/airflow/.local/lib/python3.8/site-packages/airflow/example_dags/example_kubernetes_executor.py
[2026-07-06T16:26:55.424+0000] {processor.py:830} INFO - Processing file /home/airflow/.local/lib/python3.8/site-packages/airflow/example_dags/example_kubernetes_executor.py for tasks to queue
[2026-07-06T16:26:55.432+0000] {logging_mixin.py:188} INFO - [2026-07-06T16:26:55.431+0000] {dagbag.py:538} INFO - Filling up the DagBag from /home/airflow/.local/lib/python3.8/site-packages/airflow/example_dags/example_kubernetes_executor.py
[2026-07-06T16:26:55.481+0000] {processor.py:840} INFO - DAG(s) 'example_kubernetes_executor' retrieved from /home/airflow/.local/lib/python3.8/site-packages/airflow/example_dags/example_kubernetes_executor.py
[2026-07-06T16:26:55.582+0000] {logging_mixin.py:188} INFO - [2026-07-06T16:26:55.582+0000] {dag.py:3036} INFO - Sync 1 DAGs
[2026-07-06T16:26:55.612+0000] {logging_mixin.py:188} INFO - [2026-07-06T16:26:55.611+0000] {dag.py:3823} INFO - Setting next_dagrun for example_kubernetes_executor to None, run_after=None
[2026-07-06T16:26:55.662+0000] {processor.py:183} INFO - Processing /home/airflow/.local/lib/python3.8/site-packages/airflow/example_dags/example_kubernetes_executor.py took 0.260 seconds
[2026-07-06T16:27:31.124+0000] {processor.py:161} INFO - Started process (PID=644) to work on /home/airflow/.local/lib/python3.8/site-packages/airflow/example_dags/example_kubernetes_executor.py
[2026-07-06T16:27:31.135+0000] {processor.py:830} INFO - Processing file /home/airflow/.local/lib/python3.8/site-packages/airflow/example_dags/example_kubernetes_executor.py for tasks to queue
[2026-07-06T16:27:31.143+0000] {logging_mixin.py:188} INFO - [2026-07-06T16:27:31.142+0000] {dagbag.py:538} INFO - Filling up the DagBag from /home/airflow/.local/lib/python3.8/site-packages/airflow/example_dags/example_kubernetes_executor.py
[2026-07-06T16:27:31.228+0000] {processor.py:840} INFO - DAG(s) 'example_kubernetes_executor' retrieved from /home/airflow/.local/lib/python3.8/site-packages/airflow/example_dags/example_kubernetes_executor.py
[2026-07-06T16:27:31.371+0000] {logging_mixin.py:188} INFO - [2026-07-06T16:27:31.371+0000] {dag.py:3036} INFO - Sync 1 DAGs
[2026-07-06T16:27:31.420+0000] {logging_mixin.py:188} INFO - [2026-07-06T16:27:31.419+0000] {dag.py:3823} INFO - Setting next_dagrun for example_kubernetes_executor to None, run_after=None
[2026-07-06T16:27:31.485+0000] {processor.py:183} INFO - Processing /home/airflow/.local/lib/python3.8/site-packages/airflow/example_dags/example_kubernetes_executor.py took 0.383 seconds
[2026-07-06T16:28:05.974+0000] {processor.py:161} INFO - Started process (PID=710) to work on /home/airflow/.local/lib/python3.8/site-packages/airflow/example_dags/example_kubernetes_executor.py
[2026-07-06T16:28:05.991+0000] {processor.py:830} INFO - Processing file /home/airflow/.local/lib/python3.8/site-packages/airflow/example_dags/example_kubernetes_executor.py for tasks to queue
[2026-07-06T16:28:06.003+0000] {logging_mixin.py:188} INFO - [2026-07-06T16:28:05.996+0000] {dagbag.py:538} INFO - Filling up the DagBag from /home/airflow/.local/lib/python3.8/site-packages/airflow/example_dags/example_kubernetes_executor.py
[2026-07-06T16:28:06.526+0000] {processor.py:840} INFO - DAG(s) 'example_kubernetes_executor' retrieved from /home/airflow/.local/lib/python3.8/site-packages/airflow/example_dags/example_kubernetes_executor.py
[2026-07-06T16:28:07.421+0000] {logging_mixin.py:188} INFO - [2026-07-06T16:28:07.421+0000] {dag.py:3036} INFO - Sync 1 DAGs
[2026-07-06T16:28:07.495+0000] {logging_mixin.py:188} INFO - [2026-07-06T16:28:07.495+0000] {dag.py:3823} INFO - Setting next_dagrun for example_kubernetes_executor to None, run_after=None
[2026-07-06T16:28:07.659+0000] {processor.py:183} INFO - Processing /home/airflow/.local/lib/python3.8/site-packages/airflow/example_dags/example_kubernetes_executor.py took 1.793 seconds
[2026-07-06T16:28:38.736+0000] {processor.py:161} INFO - Started process (PID=775) to work on /home/airflow/.local/lib/python3.8/site-packages/airflow/example_dags/example_kubernetes_executor.py
[2026-07-06T16:28:38.739+0000] {processor.py:830} INFO - Processing file /home/airflow/.local/lib/python3.8/site-packages/airflow/example_dags/example_kubernetes_executor.py for tasks to queue
[2026-07-06T16:28:38.747+0000] {logging_mixin.py:188} INFO - [2026-07-06T16:28:38.744+0000] {dagbag.py:538} INFO - Filling up the DagBag from /home/airflow/.local/lib/python3.8/site-packages/airflow/example_dags/example_kubernetes_executor.py
[2026-07-06T16:28:38.857+0000] {processor.py:840} INFO - DAG(s) 'example_kubernetes_executor' retrieved from /home/airflow/.local/lib/python3.8/site-packages/airflow/example_dags/example_kubernetes_executor.py
[2026-07-06T16:28:38.997+0000] {logging_mixin.py:188} INFO - [2026-07-06T16:28:38.994+0000] {dag.py:3036} INFO - Sync 1 DAGs
[2026-07-06T16:28:39.098+0000] {logging_mixin.py:188} INFO - [2026-07-06T16:28:39.098+0000] {dag.py:3823} INFO - Setting next_dagrun for example_kubernetes_executor to None, run_after=None
[2026-07-06T16:28:39.545+0000] {processor.py:183} INFO - Processing /home/airflow/.local/lib/python3.8/site-packages/airflow/example_dags/example_kubernetes_executor.py took 0.835 seconds
[2026-07-06T16:29:09.833+0000] {processor.py:161} INFO - Started process (PID=832) to work on /home/airflow/.local/lib/python3.8/site-packages/airflow/example_dags/example_kubernetes_executor.py
[2026-07-06T16:29:09.838+0000] {processor.py:830} INFO - Processing file /home/airflow/.local/lib/python3.8/site-packages/airflow/example_dags/example_kubernetes_executor.py for tasks to queue
[2026-07-06T16:29:09.843+0000] {logging_mixin.py:188} INFO - [2026-07-06T16:29:09.842+0000] {dagbag.py:538} INFO - Filling up the DagBag from /home/airflow/.local/lib/python3.8/site-packages/airflow/example_dags/example_kubernetes_executor.py
[2026-07-06T16:29:09.883+0000] {processor.py:840} INFO - DAG(s) 'example_kubernetes_executor' retrieved from /home/airflow/.local/lib/python3.8/site-packages/airflow/example_dags/example_kubernetes_executor.py
[2026-07-06T16:29:09.977+0000] {logging_mixin.py:188} INFO - [2026-07-06T16:29:09.976+0000] {dag.py:3036} INFO - Sync 1 DAGs
[2026-07-06T16:29:10.012+0000] {logging_mixin.py:188} INFO - [2026-07-06T16:29:10.011+0000] {dag.py:3823} INFO - Setting next_dagrun for example_kubernetes_executor to None, run_after=None
[2026-07-06T16:29:10.069+0000] {processor.py:183} INFO - Processing /home/airflow/.local/lib/python3.8/site-packages/airflow/example_dags/example_kubernetes_executor.py took 0.247 seconds
[2026-07-06T16:29:40.415+0000] {processor.py:161} INFO - Started process (PID=898) to work on /home/airflow/.local/lib/python3.8/site-packages/airflow/example_dags/example_kubernetes_executor.py
[2026-07-06T16:29:40.419+0000] {processor.py:830} INFO - Processing file /home/airflow/.local/lib/python3.8/site-packages/airflow/example_dags/example_kubernetes_executor.py for tasks to queue
[2026-07-06T16:29:40.423+0000] {logging_mixin.py:188} INFO - [2026-07-06T16:29:40.422+0000] {dagbag.py:538} INFO - Filling up the DagBag from /home/airflow/.local/lib/python3.8/site-packages/airflow/example_dags/example_kubernetes_executor.py
[2026-07-06T16:29:40.461+0000] {processor.py:840} INFO - DAG(s) 'example_kubernetes_executor' retrieved from /home/airflow/.local/lib/python3.8/site-packages/airflow/example_dags/example_kubernetes_executor.py
[2026-07-06T16:29:40.580+0000] {logging_mixin.py:188} INFO - [2026-07-06T16:29:40.579+0000] {dag.py:3036} INFO - Sync 1 DAGs
[2026-07-06T16:29:40.627+0000] {logging_mixin.py:188} INFO - [2026-07-06T16:29:40.626+0000] {dag.py:3823} INFO - Setting next_dagrun for example_kubernetes_executor to None, run_after=None
[2026-07-06T16:29:40.686+0000] {processor.py:183} INFO - Processing /home/airflow/.local/lib/python3.8/site-packages/airflow/example_dags/example_kubernetes_executor.py took 0.282 seconds
[2026-07-06T16:30:11.175+0000] {processor.py:161} INFO - Started process (PID=963) to work on /home/airflow/.local/lib/python3.8/site-packages/airflow/example_dags/example_kubernetes_executor.py
[2026-07-06T16:30:11.186+0000] {processor.py:830} INFO - Processing file /home/airflow/.local/lib/python3.8/site-packages/airflow/example_dags/example_kubernetes_executor.py for tasks to queue
[2026-07-06T16:30:11.190+0000] {logging_mixin.py:188} INFO - [2026-07-06T16:30:11.189+0000] {dagbag.py:538} INFO - Filling up the DagBag from /home/airflow/.local/lib/python3.8/site-packages/airflow/example_dags/example_kubernetes_executor.py
[2026-07-06T16:30:11.222+0000] {processor.py:840} INFO - DAG(s) 'example_kubernetes_executor' retrieved from /home/airflow/.local/lib/python3.8/site-packages/airflow/example_dags/example_kubernetes_executor.py
[2026-07-06T16:30:11.321+0000] {logging_mixin.py:188} INFO - [2026-07-06T16:30:11.321+0000] {dag.py:3036} INFO - Sync 1 DAGs
[2026-07-06T16:30:11.351+0000] {logging_mixin.py:188} INFO - [2026-07-06T16:30:11.351+0000] {dag.py:3823} INFO - Setting next_dagrun for example_kubernetes_executor to None, run_after=None
[2026-07-06T16:30:11.396+0000] {processor.py:183} INFO - Processing /home/airflow/.local/lib/python3.8/site-packages/airflow/example_dags/example_kubernetes_executor.py took 0.227 seconds
[2026-07-06T16:30:41.801+0000] {processor.py:161} INFO - Started process (PID=1022) to work on /home/airflow/.local/lib/python3.8/site-packages/airflow/example_dags/example_kubernetes_executor.py
[2026-07-06T16:30:41.810+0000] {processor.py:830} INFO - Processing file /home/airflow/.local/lib/python3.8/site-packages/airflow/example_dags/example_kubernetes_executor.py for tasks to queue
[2026-07-06T16:30:41.824+0000] {logging_mixin.py:188} INFO - [2026-07-06T16:30:41.813+0000] {dagbag.py:538} INFO - Filling up the DagBag from /home/airflow/.local/lib/python3.8/site-packages/airflow/example_dags/example_kubernetes_executor.py
[2026-07-06T16:30:41.917+0000] {processor.py:840} INFO - DAG(s) 'example_kubernetes_executor' retrieved from /home/airflow/.local/lib/python3.8/site-packages/airflow/example_dags/example_kubernetes_executor.py
[2026-07-06T16:30:42.051+0000] {logging_mixin.py:188} INFO - [2026-07-06T16:30:42.050+0000] {dag.py:3036} INFO - Sync 1 DAGs
[2026-07-06T16:30:42.107+0000] {logging_mixin.py:188} INFO - [2026-07-06T16:30:42.107+0000] {dag.py:3823} INFO - Setting next_dagrun for example_kubernetes_executor to None, run_after=None
[2026-07-06T16:30:42.177+0000] {processor.py:183} INFO - Processing /home/airflow/.local/lib/python3.8/site-packages/airflow/example_dags/example_kubernetes_executor.py took 0.390 seconds
[2026-07-06T16:31:12.441+0000] {processor.py:161} INFO - Started process (PID=1087) to work on /home/airflow/.local/lib/python3.8/site-packages/airflow/example_dags/example_kubernetes_executor.py
[2026-07-06T16:31:12.444+0000] {processor.py:830} INFO - Processing file /home/airflow/.local/lib/python3.8/site-packages/airflow/example_dags/example_kubernetes_executor.py for tasks to queue
[2026-07-06T16:31:12.448+0000] {logging_mixin.py:188} INFO - [2026-07-06T16:31:12.448+0000] {dagbag.py:538} INFO - Filling up the DagBag from /home/airflow/.local/lib/python3.8/site-packages/airflow/example_dags/example_kubernetes_executor.py
[2026-07-06T16:31:12.490+0000] {processor.py:840} INFO - DAG(s) 'example_kubernetes_executor' retrieved from /home/airflow/.local/lib/python3.8/site-packages/airflow/example_dags/example_kubernetes_executor.py
[2026-07-06T16:31:12.594+0000] {logging_mixin.py:188} INFO - [2026-07-06T16:31:12.594+0000] {dag.py:3036} INFO - Sync 1 DAGs
[2026-07-06T16:31:12.629+0000] {logging_mixin.py:188} INFO - [2026-07-06T16:31:12.629+0000] {dag.py:3823} INFO - Setting next_dagrun for example_kubernetes_executor to None, run_after=None
[2026-07-06T16:31:12.681+0000] {processor.py:183} INFO - Processing /home/airflow/.local/lib/python3.8/site-packages/airflow/example_dags/example_kubernetes_executor.py took 0.256 seconds
[2026-07-06T16:31:43.139+0000] {processor.py:161} INFO - Started process (PID=1151) to work on /home/airflow/.local/lib/python3.8/site-packages/airflow/example_dags/example_kubernetes_executor.py
[2026-07-06T16:31:43.142+0000] {processor.py:830} INFO - Processing file /home/airflow/.local/lib/python3.8/site-packages/airflow/example_dags/example_kubernetes_executor.py for tasks to queue
[2026-07-06T16:31:43.147+0000] {logging_mixin.py:188} INFO - [2026-07-06T16:31:43.146+0000] {dagbag.py:538} INFO - Filling up the DagBag from /home/airflow/.local/lib/python3.8/site-packages/airflow/example_dags/example_kubernetes_executor.py
[2026-07-06T16:31:43.209+0000] {processor.py:840} INFO - DAG(s) 'example_kubernetes_executor' retrieved from /home/airflow/.local/lib/python3.8/site-packages/airflow/example_dags/example_kubernetes_executor.py
[2026-07-06T16:31:43.398+0000] {logging_mixin.py:188} INFO - [2026-07-06T16:31:43.397+0000] {dag.py:3036} INFO - Sync 1 DAGs
[2026-07-06T16:31:43.496+0000] {logging_mixin.py:188} INFO - [2026-07-06T16:31:43.496+0000] {dag.py:3823} INFO - Setting next_dagrun for example_kubernetes_executor to None, run_after=None
[2026-07-06T16:31:43.550+0000] {processor.py:183} INFO - Processing /home/airflow/.local/lib/python3.8/site-packages/airflow/example_dags/example_kubernetes_executor.py took 0.422 seconds
[2026-07-06T16:32:15.874+0000] {processor.py:161} INFO - Started process (PID=1211) to work on /home/airflow/.local/lib/python3.8/site-packages/airflow/example_dags/example_kubernetes_executor.py
[2026-07-06T16:32:15.952+0000] {processor.py:830} INFO - Processing file /home/airflow/.local/lib/python3.8/site-packages/airflow/example_dags/example_kubernetes_executor.py for tasks to queue
[2026-07-06T16:32:15.972+0000] {logging_mixin.py:188} INFO - [2026-07-06T16:32:15.958+0000] {dagbag.py:538} INFO - Filling up the DagBag from /home/airflow/.local/lib/python3.8/site-packages/airflow/example_dags/example_kubernetes_executor.py
[2026-07-06T16:32:16.170+0000] {processor.py:840} INFO - DAG(s) 'example_kubernetes_executor' retrieved from /home/airflow/.local/lib/python3.8/site-packages/airflow/example_dags/example_kubernetes_executor.py
[2026-07-06T16:32:16.735+0000] {logging_mixin.py:188} INFO - [2026-07-06T16:32:16.735+0000] {dag.py:3036} INFO - Sync 1 DAGs
[2026-07-06T16:32:17.065+0000] {logging_mixin.py:188} INFO - [2026-07-06T16:32:17.064+0000] {dag.py:3823} INFO - Setting next_dagrun for example_kubernetes_executor to None, run_after=None
[2026-07-06T16:32:17.342+0000] {processor.py:183} INFO - Processing /home/airflow/.local/lib/python3.8/site-packages/airflow/example_dags/example_kubernetes_executor.py took 1.537 seconds
[2026-07-06T16:32:50.559+0000] {processor.py:161} INFO - Started process (PID=1276) to work on /home/airflow/.local/lib/python3.8/site-packages/airflow/example_dags/example_kubernetes_executor.py
[2026-07-06T16:32:50.563+0000] {processor.py:830} INFO - Processing file /home/airflow/.local/lib/python3.8/site-packages/airflow/example_dags/example_kubernetes_executor.py for tasks to queue
[2026-07-06T16:32:50.569+0000] {logging_mixin.py:188} INFO - [2026-07-06T16:32:50.568+0000] {dagbag.py:538} INFO - Filling up the DagBag from /home/airflow/.local/lib/python3.8/site-packages/airflow/example_dags/example_kubernetes_executor.py
[2026-07-06T16:32:50.611+0000] {processor.py:840} INFO - DAG(s) 'example_kubernetes_executor' retrieved from /home/airflow/.local/lib/python3.8/site-packages/airflow/example_dags/example_kubernetes_executor.py
[2026-07-06T16:32:50.726+0000] {logging_mixin.py:188} INFO - [2026-07-06T16:32:50.726+0000] {dag.py:3036} INFO - Sync 1 DAGs
[2026-07-06T16:32:50.763+0000] {logging_mixin.py:188} INFO - [2026-07-06T16:32:50.763+0000] {dag.py:3823} INFO - Setting next_dagrun for example_kubernetes_executor to None, run_after=None
[2026-07-06T16:32:50.815+0000] {processor.py:183} INFO - Processing /home/airflow/.local/lib/python3.8/site-packages/airflow/example_dags/example_kubernetes_executor.py took 0.269 seconds
[2026-07-06T16:33:22.014+0000] {processor.py:161} INFO - Started process (PID=1342) to work on /home/airflow/.local/lib/python3.8/site-packages/airflow/example_dags/example_kubernetes_executor.py
[2026-07-06T16:33:22.017+0000] {processor.py:830} INFO - Processing file /home/airflow/.local/lib/python3.8/site-packages/airflow/example_dags/example_kubernetes_executor.py for tasks to queue
[2026-07-06T16:33:22.023+0000] {logging_mixin.py:188} INFO - [2026-07-06T16:33:22.022+0000] {dagbag.py:538} INFO - Filling up the DagBag from /home/airflow/.local/lib/python3.8/site-packages/airflow/example_dags/example_kubernetes_executor.py
[2026-07-06T16:33:22.071+0000] {processor.py:840} INFO - DAG(s) 'example_kubernetes_executor' retrieved from /home/airflow/.local/lib/python3.8/site-packages/airflow/example_dags/example_kubernetes_executor.py
[2026-07-06T16:33:22.188+0000] {logging_mixin.py:188} INFO - [2026-07-06T16:33:22.187+0000] {dag.py:3036} INFO - Sync 1 DAGs
[2026-07-06T16:33:22.226+0000] {logging_mixin.py:188} INFO - [2026-07-06T16:33:22.225+0000] {dag.py:3823} INFO - Setting next_dagrun for example_kubernetes_executor to None, run_after=None
[2026-07-06T16:33:22.279+0000] {processor.py:183} INFO - Processing /home/airflow/.local/lib/python3.8/site-packages/airflow/example_dags/example_kubernetes_executor.py took 0.277 seconds
[2026-07-06T16:33:54.862+0000] {processor.py:161} INFO - Started process (PID=1406) to work on /home/airflow/.local/lib/python3.8/site-packages/airflow/example_dags/example_kubernetes_executor.py
[2026-07-06T16:33:54.864+0000] {processor.py:830} INFO - Processing file /home/airflow/.local/lib/python3.8/site-packages/airflow/example_dags/example_kubernetes_executor.py for tasks to queue
[2026-07-06T16:33:54.869+0000] {logging_mixin.py:188} INFO - [2026-07-06T16:33:54.868+0000] {dagbag.py:538} INFO - Filling up the DagBag from /home/airflow/.local/lib/python3.8/site-packages/airflow/example_dags/example_kubernetes_executor.py
[2026-07-06T16:33:54.924+0000] {processor.py:840} INFO - DAG(s) 'example_kubernetes_executor' retrieved from /home/airflow/.local/lib/python3.8/site-packages/airflow/example_dags/example_kubernetes_executor.py
[2026-07-06T16:33:55.162+0000] {logging_mixin.py:188} INFO - [2026-07-06T16:33:55.162+0000] {dag.py:3036} INFO - Sync 1 DAGs
[2026-07-06T16:33:55.236+0000] {logging_mixin.py:188} INFO - [2026-07-06T16:33:55.236+0000] {dag.py:3823} INFO - Setting next_dagrun for example_kubernetes_executor to None, run_after=None
[2026-07-06T16:33:55.311+0000] {processor.py:183} INFO - Processing /home/airflow/.local/lib/python3.8/site-packages/airflow/example_dags/example_kubernetes_executor.py took 0.467 seconds
[2026-07-06T16:34:25.876+0000] {processor.py:161} INFO - Started process (PID=1464) to work on /home/airflow/.local/lib/python3.8/site-packages/airflow/example_dags/example_kubernetes_executor.py
[2026-07-06T16:34:25.880+0000] {processor.py:830} INFO - Processing file /home/airflow/.local/lib/python3.8/site-packages/airflow/example_dags/example_kubernetes_executor.py for tasks to queue
[2026-07-06T16:34:25.884+0000] {logging_mixin.py:188} INFO - [2026-07-06T16:34:25.884+0000] {dagbag.py:538} INFO - Filling up the DagBag from /home/airflow/.local/lib/python3.8/site-packages/airflow/example_dags/example_kubernetes_executor.py
[2026-07-06T16:34:25.924+0000] {processor.py:840} INFO - DAG(s) 'example_kubernetes_executor' retrieved from /home/airflow/.local/lib/python3.8/site-packages/airflow/example_dags/example_kubernetes_executor.py
[2026-07-06T16:34:26.034+0000] {logging_mixin.py:188} INFO - [2026-07-06T16:34:26.033+0000] {dag.py:3036} INFO - Sync 1 DAGs
[2026-07-06T16:34:26.065+0000] {logging_mixin.py:188} INFO - [2026-07-06T16:34:26.065+0000] {dag.py:3823} INFO - Setting next_dagrun for example_kubernetes_executor to None, run_after=None
[2026-07-06T16:34:26.113+0000] {processor.py:183} INFO - Processing /home/airflow/.local/lib/python3.8/site-packages/airflow/example_dags/example_kubernetes_executor.py took 0.247 seconds
[2026-07-06T16:34:56.595+0000] {processor.py:161} INFO - Started process (PID=1530) to work on /home/airflow/.local/lib/python3.8/site-packages/airflow/example_dags/example_kubernetes_executor.py
[2026-07-06T16:34:56.598+0000] {processor.py:830} INFO - Processing file /home/airflow/.local/lib/python3.8/site-packages/airflow/example_dags/example_kubernetes_executor.py for tasks to queue
[2026-07-06T16:34:56.605+0000] {logging_mixin.py:188} INFO - [2026-07-06T16:34:56.604+0000] {dagbag.py:538} INFO - Filling up the DagBag from /home/airflow/.local/lib/python3.8/site-packages/airflow/example_dags/example_kubernetes_executor.py
[2026-07-06T16:34:56.665+0000] {processor.py:840} INFO - DAG(s) 'example_kubernetes_executor' retrieved from /home/airflow/.local/lib/python3.8/site-packages/airflow/example_dags/example_kubernetes_executor.py
[2026-07-06T16:34:56.775+0000] {logging_mixin.py:188} INFO - [2026-07-06T16:34:56.775+0000] {dag.py:3036} INFO - Sync 1 DAGs
[2026-07-06T16:34:56.804+0000] {logging_mixin.py:188} INFO - [2026-07-06T16:34:56.804+0000] {dag.py:3823} INFO - Setting next_dagrun for example_kubernetes_executor to None, run_after=None
[2026-07-06T16:34:56.846+0000] {processor.py:183} INFO - Processing /home/airflow/.local/lib/python3.8/site-packages/airflow/example_dags/example_kubernetes_executor.py took 0.261 seconds
[2026-07-06T16:35:27.766+0000] {processor.py:161} INFO - Started process (PID=1596) to work on /home/airflow/.local/lib/python3.8/site-packages/airflow/example_dags/example_kubernetes_executor.py
[2026-07-06T16:35:27.770+0000] {processor.py:830} INFO - Processing file /home/airflow/.local/lib/python3.8/site-packages/airflow/example_dags/example_kubernetes_executor.py for tasks to queue
[2026-07-06T16:35:27.777+0000] {logging_mixin.py:188} INFO - [2026-07-06T16:35:27.776+0000] {dagbag.py:538} INFO - Filling up the DagBag from /home/airflow/.local/lib/python3.8/site-packages/airflow/example_dags/example_kubernetes_executor.py
[2026-07-06T16:35:27.830+0000] {processor.py:840} INFO - DAG(s) 'example_kubernetes_executor' retrieved from /home/airflow/.local/lib/python3.8/site-packages/airflow/example_dags/example_kubernetes_executor.py
[2026-07-06T16:35:27.938+0000] {logging_mixin.py:188} INFO - [2026-07-06T16:35:27.937+0000] {dag.py:3036} INFO - Sync 1 DAGs
[2026-07-06T16:35:27.973+0000] {logging_mixin.py:188} INFO - [2026-07-06T16:35:27.973+0000] {dag.py:3823} INFO - Setting next_dagrun for example_kubernetes_executor to None, run_after=None
[2026-07-06T16:35:28.026+0000] {processor.py:183} INFO - Processing /home/airflow/.local/lib/python3.8/site-packages/airflow/example_dags/example_kubernetes_executor.py took 0.275 seconds
[2026-07-06T16:35:58.818+0000] {processor.py:161} INFO - Started process (PID=1661) to work on /home/airflow/.local/lib/python3.8/site-packages/airflow/example_dags/example_kubernetes_executor.py
[2026-07-06T16:35:58.823+0000] {processor.py:830} INFO - Processing file /home/airflow/.local/lib/python3.8/site-packages/airflow/example_dags/example_kubernetes_executor.py for tasks to queue
[2026-07-06T16:35:58.828+0000] {logging_mixin.py:188} INFO - [2026-07-06T16:35:58.828+0000] {dagbag.py:538} INFO - Filling up the DagBag from /home/airflow/.local/lib/python3.8/site-packages/airflow/example_dags/example_kubernetes_executor.py
[2026-07-06T16:35:58.883+0000] {processor.py:840} INFO - DAG(s) 'example_kubernetes_executor' retrieved from /home/airflow/.local/lib/python3.8/site-packages/airflow/example_dags/example_kubernetes_executor.py
[2026-07-06T16:35:58.997+0000] {logging_mixin.py:188} INFO - [2026-07-06T16:35:58.996+0000] {dag.py:3036} INFO - Sync 1 DAGs
[2026-07-06T16:35:59.029+0000] {logging_mixin.py:188} INFO - [2026-07-06T16:35:59.028+0000] {dag.py:3823} INFO - Setting next_dagrun for example_kubernetes_executor to None, run_after=None
[2026-07-06T16:35:59.076+0000] {processor.py:183} INFO - Processing /home/airflow/.local/lib/python3.8/site-packages/airflow/example_dags/example_kubernetes_executor.py took 0.269 seconds
[2026-07-06T16:36:30.644+0000] {processor.py:161} INFO - Started process (PID=1726) to work on /home/airflow/.local/lib/python3.8/site-packages/airflow/example_dags/example_kubernetes_executor.py
[2026-07-06T16:36:30.647+0000] {processor.py:830} INFO - Processing file /home/airflow/.local/lib/python3.8/site-packages/airflow/example_dags/example_kubernetes_executor.py for tasks to queue
[2026-07-06T16:36:30.651+0000] {logging_mixin.py:188} INFO - [2026-07-06T16:36:30.651+0000] {dagbag.py:538} INFO - Filling up the DagBag from /home/airflow/.local/lib/python3.8/site-packages/airflow/example_dags/example_kubernetes_executor.py
[2026-07-06T16:36:30.708+0000] {processor.py:840} INFO - DAG(s) 'example_kubernetes_executor' retrieved from /home/airflow/.local/lib/python3.8/site-packages/airflow/example_dags/example_kubernetes_executor.py
[2026-07-06T16:36:30.828+0000] {logging_mixin.py:188} INFO - [2026-07-06T16:36:30.827+0000] {dag.py:3036} INFO - Sync 1 DAGs
[2026-07-06T16:36:30.865+0000] {logging_mixin.py:188} INFO - [2026-07-06T16:36:30.865+0000] {dag.py:3823} INFO - Setting next_dagrun for example_kubernetes_executor to None, run_after=None
[2026-07-06T16:36:30.929+0000] {processor.py:183} INFO - Processing /home/airflow/.local/lib/python3.8/site-packages/airflow/example_dags/example_kubernetes_executor.py took 0.295 seconds
[2026-07-06T16:37:02.418+0000] {processor.py:161} INFO - Started process (PID=1784) to work on /home/airflow/.local/lib/python3.8/site-packages/airflow/example_dags/example_kubernetes_executor.py
[2026-07-06T16:37:02.420+0000] {processor.py:830} INFO - Processing file /home/airflow/.local/lib/python3.8/site-packages/airflow/example_dags/example_kubernetes_executor.py for tasks to queue
[2026-07-06T16:37:02.425+0000] {logging_mixin.py:188} INFO - [2026-07-06T16:37:02.424+0000] {dagbag.py:538} INFO - Filling up the DagBag from /home/airflow/.local/lib/python3.8/site-packages/airflow/example_dags/example_kubernetes_executor.py
[2026-07-06T16:37:02.470+0000] {processor.py:840} INFO - DAG(s) 'example_kubernetes_executor' retrieved from /home/airflow/.local/lib/python3.8/site-packages/airflow/example_dags/example_kubernetes_executor.py
[2026-07-06T16:37:02.580+0000] {logging_mixin.py:188} INFO - [2026-07-06T16:37:02.579+0000] {dag.py:3036} INFO - Sync 1 DAGs
[2026-07-06T16:37:02.614+0000] {logging_mixin.py:188} INFO - [2026-07-06T16:37:02.613+0000] {dag.py:3823} INFO - Setting next_dagrun for example_kubernetes_executor to None, run_after=None
[2026-07-06T16:37:02.663+0000] {processor.py:183} INFO - Processing /home/airflow/.local/lib/python3.8/site-packages/airflow/example_dags/example_kubernetes_executor.py took 0.253 seconds
[2026-07-06T16:37:33.192+0000] {processor.py:161} INFO - Started process (PID=1848) to work on /home/airflow/.local/lib/python3.8/site-packages/airflow/example_dags/example_kubernetes_executor.py
[2026-07-06T16:37:33.195+0000] {processor.py:830} INFO - Processing file /home/airflow/.local/lib/python3.8/site-packages/airflow/example_dags/example_kubernetes_executor.py for tasks to queue
[2026-07-06T16:37:33.200+0000] {logging_mixin.py:188} INFO - [2026-07-06T16:37:33.199+0000] {dagbag.py:538} INFO - Filling up the DagBag from /home/airflow/.local/lib/python3.8/site-packages/airflow/example_dags/example_kubernetes_executor.py
[2026-07-06T16:37:33.243+0000] {processor.py:840} INFO - DAG(s) 'example_kubernetes_executor' retrieved from /home/airflow/.local/lib/python3.8/site-packages/airflow/example_dags/example_kubernetes_executor.py
[2026-07-06T16:37:33.344+0000] {logging_mixin.py:188} INFO - [2026-07-06T16:37:33.343+0000] {dag.py:3036} INFO - Sync 1 DAGs
[2026-07-06T16:37:33.390+0000] {logging_mixin.py:188} INFO - [2026-07-06T16:37:33.390+0000] {dag.py:3823} INFO - Setting next_dagrun for example_kubernetes_executor to None, run_after=None
[2026-07-06T16:37:33.440+0000] {processor.py:183} INFO - Processing /home/airflow/.local/lib/python3.8/site-packages/airflow/example_dags/example_kubernetes_executor.py took 0.257 seconds
[2026-07-06T16:38:03.813+0000] {processor.py:161} INFO - Started process (PID=1912) to work on /home/airflow/.local/lib/python3.8/site-packages/airflow/example_dags/example_kubernetes_executor.py
[2026-07-06T16:38:03.817+0000] {processor.py:830} INFO - Processing file /home/airflow/.local/lib/python3.8/site-packages/airflow/example_dags/example_kubernetes_executor.py for tasks to queue
[2026-07-06T16:38:03.823+0000] {logging_mixin.py:188} INFO - [2026-07-06T16:38:03.822+0000] {dagbag.py:538} INFO - Filling up the DagBag from /home/airflow/.local/lib/python3.8/site-packages/airflow/example_dags/example_kubernetes_executor.py
[2026-07-06T16:38:03.878+0000] {processor.py:840} INFO - DAG(s) 'example_kubernetes_executor' retrieved from /home/airflow/.local/lib/python3.8/site-packages/airflow/example_dags/example_kubernetes_executor.py
[2026-07-06T16:38:04.014+0000] {logging_mixin.py:188} INFO - [2026-07-06T16:38:04.014+0000] {dag.py:3036} INFO - Sync 1 DAGs
[2026-07-06T16:38:04.049+0000] {logging_mixin.py:188} INFO - [2026-07-06T16:38:04.049+0000] {dag.py:3823} INFO - Setting next_dagrun for example_kubernetes_executor to None, run_after=None
[2026-07-06T16:38:04.095+0000] {processor.py:183} INFO - Processing /home/airflow/.local/lib/python3.8/site-packages/airflow/example_dags/example_kubernetes_executor.py took 0.295 seconds
[2026-07-06T16:38:34.620+0000] {processor.py:161} INFO - Started process (PID=1979) to work on /home/airflow/.local/lib/python3.8/site-packages/airflow/example_dags/example_kubernetes_executor.py
[2026-07-06T16:38:34.622+0000] {processor.py:830} INFO - Processing file /home/airflow/.local/lib/python3.8/site-packages/airflow/example_dags/example_kubernetes_executor.py for tasks to queue
[2026-07-06T16:38:34.627+0000] {logging_mixin.py:188} INFO - [2026-07-06T16:38:34.626+0000] {dagbag.py:538} INFO - Filling up the DagBag from /home/airflow/.local/lib/python3.8/site-packages/airflow/example_dags/example_kubernetes_executor.py
[2026-07-06T16:38:34.675+0000] {processor.py:840} INFO - DAG(s) 'example_kubernetes_executor' retrieved from /home/airflow/.local/lib/python3.8/site-packages/airflow/example_dags/example_kubernetes_executor.py
[2026-07-06T16:38:34.778+0000] {logging_mixin.py:188} INFO - [2026-07-06T16:38:34.777+0000] {dag.py:3036} INFO - Sync 1 DAGs
[2026-07-06T16:38:34.808+0000] {logging_mixin.py:188} INFO - [2026-07-06T16:38:34.807+0000] {dag.py:3823} INFO - Setting next_dagrun for example_kubernetes_executor to None, run_after=None
[2026-07-06T16:38:34.882+0000] {processor.py:183} INFO - Processing /home/airflow/.local/lib/python3.8/site-packages/airflow/example_dags/example_kubernetes_executor.py took 0.271 seconds
[2026-07-06T16:39:05.509+0000] {processor.py:161} INFO - Started process (PID=2046) to work on /home/airflow/.local/lib/python3.8/site-packages/airflow/example_dags/example_kubernetes_executor.py
[2026-07-06T16:39:05.515+0000] {processor.py:830} INFO - Processing file /home/airflow/.local/lib/python3.8/site-packages/airflow/example_dags/example_kubernetes_executor.py for tasks to queue
[2026-07-06T16:39:05.521+0000] {logging_mixin.py:188} INFO - [2026-07-06T16:39:05.520+0000] {dagbag.py:538} INFO - Filling up the DagBag from /home/airflow/.local/lib/python3.8/site-packages/airflow/example_dags/example_kubernetes_executor.py
[2026-07-06T16:39:05.651+0000] {processor.py:840} INFO - DAG(s) 'example_kubernetes_executor' retrieved from /home/airflow/.local/lib/python3.8/site-packages/airflow/example_dags/example_kubernetes_executor.py
[2026-07-06T16:39:05.981+0000] {logging_mixin.py:188} INFO - [2026-07-06T16:39:05.980+0000] {dag.py:3036} INFO - Sync 1 DAGs
[2026-07-06T16:39:06.036+0000] {logging_mixin.py:188} INFO - [2026-07-06T16:39:06.035+0000] {dag.py:3823} INFO - Setting next_dagrun for example_kubernetes_executor to None, run_after=None
[2026-07-06T16:39:06.119+0000] {processor.py:183} INFO - Processing /home/airflow/.local/lib/python3.8/site-packages/airflow/example_dags/example_kubernetes_executor.py took 0.645 seconds
[2026-07-06T16:39:36.747+0000] {processor.py:161} INFO - Started process (PID=2103) to work on /home/airflow/.local/lib/python3.8/site-packages/airflow/example_dags/example_kubernetes_executor.py
[2026-07-06T16:39:36.750+0000] {processor.py:830} INFO - Processing file /home/airflow/.local/lib/python3.8/site-packages/airflow/example_dags/example_kubernetes_executor.py for tasks to queue
[2026-07-06T16:39:36.755+0000] {logging_mixin.py:188} INFO - [2026-07-06T16:39:36.755+0000] {dagbag.py:538} INFO - Filling up the DagBag from /home/airflow/.local/lib/python3.8/site-packages/airflow/example_dags/example_kubernetes_executor.py
[2026-07-06T16:39:36.805+0000] {processor.py:840} INFO - DAG(s) 'example_kubernetes_executor' retrieved from /home/airflow/.local/lib/python3.8/site-packages/airflow/example_dags/example_kubernetes_executor.py
[2026-07-06T16:39:36.916+0000] {logging_mixin.py:188} INFO - [2026-07-06T16:39:36.915+0000] {dag.py:3036} INFO - Sync 1 DAGs
[2026-07-06T16:39:36.958+0000] {logging_mixin.py:188} INFO - [2026-07-06T16:39:36.958+0000] {dag.py:3823} INFO - Setting next_dagrun for example_kubernetes_executor to None, run_after=None
[2026-07-06T16:39:37.004+0000] {processor.py:183} INFO - Processing /home/airflow/.local/lib/python3.8/site-packages/airflow/example_dags/example_kubernetes_executor.py took 0.270 seconds
[2026-07-06T16:40:15.947+0000] {processor.py:161} INFO - Started process (PID=2167) to work on /home/airflow/.local/lib/python3.8/site-packages/airflow/example_dags/example_kubernetes_executor.py
[2026-07-06T16:40:15.949+0000] {processor.py:830} INFO - Processing file /home/airflow/.local/lib/python3.8/site-packages/airflow/example_dags/example_kubernetes_executor.py for tasks to queue
[2026-07-06T16:40:15.957+0000] {logging_mixin.py:188} INFO - [2026-07-06T16:40:15.956+0000] {dagbag.py:538} INFO - Filling up the DagBag from /home/airflow/.local/lib/python3.8/site-packages/airflow/example_dags/example_kubernetes_executor.py
[2026-07-06T16:40:16.035+0000] {processor.py:840} INFO - DAG(s) 'example_kubernetes_executor' retrieved from /home/airflow/.local/lib/python3.8/site-packages/airflow/example_dags/example_kubernetes_executor.py
[2026-07-06T16:40:16.204+0000] {logging_mixin.py:188} INFO - [2026-07-06T16:40:16.203+0000] {dag.py:3036} INFO - Sync 1 DAGs
[2026-07-06T16:40:16.287+0000] {logging_mixin.py:188} INFO - [2026-07-06T16:40:16.287+0000] {dag.py:3823} INFO - Setting next_dagrun for example_kubernetes_executor to None, run_after=None
[2026-07-06T16:40:16.440+0000] {processor.py:183} INFO - Processing /home/airflow/.local/lib/python3.8/site-packages/airflow/example_dags/example_kubernetes_executor.py took 0.536 seconds
[2026-07-06T16:40:47.058+0000] {processor.py:161} INFO - Started process (PID=2233) to work on /home/airflow/.local/lib/python3.8/site-packages/airflow/example_dags/example_kubernetes_executor.py
[2026-07-06T16:40:47.061+0000] {processor.py:830} INFO - Processing file /home/airflow/.local/lib/python3.8/site-packages/airflow/example_dags/example_kubernetes_executor.py for tasks to queue
[2026-07-06T16:40:47.067+0000] {logging_mixin.py:188} INFO - [2026-07-06T16:40:47.066+0000] {dagbag.py:538} INFO - Filling up the DagBag from /home/airflow/.local/lib/python3.8/site-packages/airflow/example_dags/example_kubernetes_executor.py
[2026-07-06T16:40:47.110+0000] {processor.py:840} INFO - DAG(s) 'example_kubernetes_executor' retrieved from /home/airflow/.local/lib/python3.8/site-packages/airflow/example_dags/example_kubernetes_executor.py
[2026-07-06T16:40:47.264+0000] {logging_mixin.py:188} INFO - [2026-07-06T16:40:47.264+0000] {dag.py:3036} INFO - Sync 1 DAGs
[2026-07-06T16:40:47.349+0000] {logging_mixin.py:188} INFO - [2026-07-06T16:40:47.341+0000] {dag.py:3823} INFO - Setting next_dagrun for example_kubernetes_executor to None, run_after=None
[2026-07-06T16:40:47.425+0000] {processor.py:183} INFO - Processing /home/airflow/.local/lib/python3.8/site-packages/airflow/example_dags/example_kubernetes_executor.py took 0.401 seconds
[2026-07-06T16:41:17.822+0000] {processor.py:161} INFO - Started process (PID=2299) to work on /home/airflow/.local/lib/python3.8/site-packages/airflow/example_dags/example_kubernetes_executor.py
[2026-07-06T16:41:17.829+0000] {processor.py:830} INFO - Processing file /home/airflow/.local/lib/python3.8/site-packages/airflow/example_dags/example_kubernetes_executor.py for tasks to queue
[2026-07-06T16:41:17.843+0000] {logging_mixin.py:188} INFO - [2026-07-06T16:41:17.840+0000] {dagbag.py:538} INFO - Filling up the DagBag from /home/airflow/.local/lib/python3.8/site-packages/airflow/example_dags/example_kubernetes_executor.py
[2026-07-06T16:41:17.951+0000] {processor.py:840} INFO - DAG(s) 'example_kubernetes_executor' retrieved from /home/airflow/.local/lib/python3.8/site-packages/airflow/example_dags/example_kubernetes_executor.py
[2026-07-06T16:41:18.096+0000] {logging_mixin.py:188} INFO - [2026-07-06T16:41:18.095+0000] {dag.py:3036} INFO - Sync 1 DAGs
[2026-07-06T16:41:18.141+0000] {logging_mixin.py:188} INFO - [2026-07-06T16:41:18.140+0000] {dag.py:3823} INFO - Setting next_dagrun for example_kubernetes_executor to None, run_after=None
[2026-07-06T16:41:18.206+0000] {processor.py:183} INFO - Processing /home/airflow/.local/lib/python3.8/site-packages/airflow/example_dags/example_kubernetes_executor.py took 0.415 seconds
[2026-07-06T16:41:48.479+0000] {processor.py:161} INFO - Started process (PID=2365) to work on /home/airflow/.local/lib/python3.8/site-packages/airflow/example_dags/example_kubernetes_executor.py
[2026-07-06T16:41:48.481+0000] {processor.py:830} INFO - Processing file /home/airflow/.local/lib/python3.8/site-packages/airflow/example_dags/example_kubernetes_executor.py for tasks to queue
[2026-07-06T16:41:48.485+0000] {logging_mixin.py:188} INFO - [2026-07-06T16:41:48.484+0000] {dagbag.py:538} INFO - Filling up the DagBag from /home/airflow/.local/lib/python3.8/site-packages/airflow/example_dags/example_kubernetes_executor.py
[2026-07-06T16:41:48.517+0000] {processor.py:840} INFO - DAG(s) 'example_kubernetes_executor' retrieved from /home/airflow/.local/lib/python3.8/site-packages/airflow/example_dags/example_kubernetes_executor.py
[2026-07-06T16:41:48.611+0000] {logging_mixin.py:188} INFO - [2026-07-06T16:41:48.610+0000] {dag.py:3036} INFO - Sync 1 DAGs
[2026-07-06T16:41:48.640+0000] {logging_mixin.py:188} INFO - [2026-07-06T16:41:48.640+0000] {dag.py:3823} INFO - Setting next_dagrun for example_kubernetes_executor to None, run_after=None
[2026-07-06T16:41:48.686+0000] {processor.py:183} INFO - Processing /home/airflow/.local/lib/python3.8/site-packages/airflow/example_dags/example_kubernetes_executor.py took 0.216 seconds
[2026-07-06T16:42:18.993+0000] {processor.py:161} INFO - Started process (PID=2431) to work on /home/airflow/.local/lib/python3.8/site-packages/airflow/example_dags/example_kubernetes_executor.py
[2026-07-06T16:42:18.997+0000] {processor.py:830} INFO - Processing file /home/airflow/.local/lib/python3.8/site-packages/airflow/example_dags/example_kubernetes_executor.py for tasks to queue
[2026-07-06T16:42:19.009+0000] {logging_mixin.py:188} INFO - [2026-07-06T16:42:19.008+0000] {dagbag.py:538} INFO - Filling up the DagBag from /home/airflow/.local/lib/python3.8/site-packages/airflow/example_dags/example_kubernetes_executor.py
[2026-07-06T16:42:19.083+0000] {processor.py:840} INFO - DAG(s) 'example_kubernetes_executor' retrieved from /home/airflow/.local/lib/python3.8/site-packages/airflow/example_dags/example_kubernetes_executor.py
[2026-07-06T16:42:19.227+0000] {logging_mixin.py:188} INFO - [2026-07-06T16:42:19.227+0000] {dag.py:3036} INFO - Sync 1 DAGs
[2026-07-06T16:42:19.277+0000] {logging_mixin.py:188} INFO - [2026-07-06T16:42:19.274+0000] {dag.py:3823} INFO - Setting next_dagrun for example_kubernetes_executor to None, run_after=None
[2026-07-06T16:42:19.328+0000] {processor.py:183} INFO - Processing /home/airflow/.local/lib/python3.8/site-packages/airflow/example_dags/example_kubernetes_executor.py took 0.359 seconds
[2026-07-06T16:42:49.622+0000] {processor.py:161} INFO - Started process (PID=2497) to work on /home/airflow/.local/lib/python3.8/site-packages/airflow/example_dags/example_kubernetes_executor.py
[2026-07-06T16:42:49.624+0000] {processor.py:830} INFO - Processing file /home/airflow/.local/lib/python3.8/site-packages/airflow/example_dags/example_kubernetes_executor.py for tasks to queue
[2026-07-06T16:42:49.628+0000] {logging_mixin.py:188} INFO - [2026-07-06T16:42:49.628+0000] {dagbag.py:538} INFO - Filling up the DagBag from /home/airflow/.local/lib/python3.8/site-packages/airflow/example_dags/example_kubernetes_executor.py
[2026-07-06T16:42:49.662+0000] {processor.py:840} INFO - DAG(s) 'example_kubernetes_executor' retrieved from /home/airflow/.local/lib/python3.8/site-packages/airflow/example_dags/example_kubernetes_executor.py
[2026-07-06T16:42:49.770+0000] {logging_mixin.py:188} INFO - [2026-07-06T16:42:49.769+0000] {dag.py:3036} INFO - Sync 1 DAGs
[2026-07-06T16:42:49.808+0000] {logging_mixin.py:188} INFO - [2026-07-06T16:42:49.807+0000] {dag.py:3823} INFO - Setting next_dagrun for example_kubernetes_executor to None, run_after=None
[2026-07-06T16:42:49.854+0000] {processor.py:183} INFO - Processing /home/airflow/.local/lib/python3.8/site-packages/airflow/example_dags/example_kubernetes_executor.py took 0.242 seconds
[2026-07-06T16:43:20.053+0000] {processor.py:161} INFO - Started process (PID=2555) to work on /home/airflow/.local/lib/python3.8/site-packages/airflow/example_dags/example_kubernetes_executor.py
[2026-07-06T16:43:20.055+0000] {processor.py:830} INFO - Processing file /home/airflow/.local/lib/python3.8/site-packages/airflow/example_dags/example_kubernetes_executor.py for tasks to queue
[2026-07-06T16:43:20.059+0000] {logging_mixin.py:188} INFO - [2026-07-06T16:43:20.059+0000] {dagbag.py:538} INFO - Filling up the DagBag from /home/airflow/.local/lib/python3.8/site-packages/airflow/example_dags/example_kubernetes_executor.py
[2026-07-06T16:43:20.096+0000] {processor.py:840} INFO - DAG(s) 'example_kubernetes_executor' retrieved from /home/airflow/.local/lib/python3.8/site-packages/airflow/example_dags/example_kubernetes_executor.py
[2026-07-06T16:43:20.178+0000] {logging_mixin.py:188} INFO - [2026-07-06T16:43:20.177+0000] {dag.py:3036} INFO - Sync 1 DAGs
[2026-07-06T16:43:20.200+0000] {logging_mixin.py:188} INFO - [2026-07-06T16:43:20.200+0000] {dag.py:3823} INFO - Setting next_dagrun for example_kubernetes_executor to None, run_after=None
[2026-07-06T16:43:20.239+0000] {processor.py:183} INFO - Processing /home/airflow/.local/lib/python3.8/site-packages/airflow/example_dags/example_kubernetes_executor.py took 0.194 seconds
[2026-07-06T16:43:50.326+0000] {processor.py:161} INFO - Started process (PID=2621) to work on /home/airflow/.local/lib/python3.8/site-packages/airflow/example_dags/example_kubernetes_executor.py
[2026-07-06T16:43:50.329+0000] {processor.py:830} INFO - Processing file /home/airflow/.local/lib/python3.8/site-packages/airflow/example_dags/example_kubernetes_executor.py for tasks to queue
[2026-07-06T16:43:50.334+0000] {logging_mixin.py:188} INFO - [2026-07-06T16:43:50.333+0000] {dagbag.py:538} INFO - Filling up the DagBag from /home/airflow/.local/lib/python3.8/site-packages/airflow/example_dags/example_kubernetes_executor.py
[2026-07-06T16:43:50.377+0000] {processor.py:840} INFO - DAG(s) 'example_kubernetes_executor' retrieved from /home/airflow/.local/lib/python3.8/site-packages/airflow/example_dags/example_kubernetes_executor.py
[2026-07-06T16:43:50.457+0000] {logging_mixin.py:188} INFO - [2026-07-06T16:43:50.456+0000] {dag.py:3036} INFO - Sync 1 DAGs
[2026-07-06T16:43:50.479+0000] {logging_mixin.py:188} INFO - [2026-07-06T16:43:50.479+0000] {dag.py:3823} INFO - Setting next_dagrun for example_kubernetes_executor to None, run_after=None
[2026-07-06T16:43:50.518+0000] {processor.py:183} INFO - Processing /home/airflow/.local/lib/python3.8/site-packages/airflow/example_dags/example_kubernetes_executor.py took 0.202 seconds
[2026-07-06T16:44:21.023+0000] {processor.py:161} INFO - Started process (PID=2687) to work on /home/airflow/.local/lib/python3.8/site-packages/airflow/example_dags/example_kubernetes_executor.py
[2026-07-06T16:44:21.028+0000] {processor.py:830} INFO - Processing file /home/airflow/.local/lib/python3.8/site-packages/airflow/example_dags/example_kubernetes_executor.py for tasks to queue
[2026-07-06T16:44:21.036+0000] {logging_mixin.py:188} INFO - [2026-07-06T16:44:21.035+0000] {dagbag.py:538} INFO - Filling up the DagBag from /home/airflow/.local/lib/python3.8/site-packages/airflow/example_dags/example_kubernetes_executor.py
[2026-07-06T16:44:21.105+0000] {processor.py:840} INFO - DAG(s) 'example_kubernetes_executor' retrieved from /home/airflow/.local/lib/python3.8/site-packages/airflow/example_dags/example_kubernetes_executor.py
[2026-07-06T16:44:21.287+0000] {logging_mixin.py:188} INFO - [2026-07-06T16:44:21.286+0000] {dag.py:3036} INFO - Sync 1 DAGs
[2026-07-06T16:44:21.333+0000] {logging_mixin.py:188} INFO - [2026-07-06T16:44:21.332+0000] {dag.py:3823} INFO - Setting next_dagrun for example_kubernetes_executor to None, run_after=None
[2026-07-06T16:44:21.404+0000] {processor.py:183} INFO - Processing /home/airflow/.local/lib/python3.8/site-packages/airflow/example_dags/example_kubernetes_executor.py took 0.395 seconds
[2026-07-06T16:44:51.690+0000] {processor.py:161} INFO - Started process (PID=2754) to work on /home/airflow/.local/lib/python3.8/site-packages/airflow/example_dags/example_kubernetes_executor.py
[2026-07-06T16:44:51.694+0000] {processor.py:830} INFO - Processing file /home/airflow/.local/lib/python3.8/site-packages/airflow/example_dags/example_kubernetes_executor.py for tasks to queue
[2026-07-06T16:44:51.699+0000] {logging_mixin.py:188} INFO - [2026-07-06T16:44:51.698+0000] {dagbag.py:538} INFO - Filling up the DagBag from /home/airflow/.local/lib/python3.8/site-packages/airflow/example_dags/example_kubernetes_executor.py
[2026-07-06T16:44:51.738+0000] {processor.py:840} INFO - DAG(s) 'example_kubernetes_executor' retrieved from /home/airflow/.local/lib/python3.8/site-packages/airflow/example_dags/example_kubernetes_executor.py
[2026-07-06T16:44:51.840+0000] {logging_mixin.py:188} INFO - [2026-07-06T16:44:51.839+0000] {dag.py:3036} INFO - Sync 1 DAGs
[2026-07-06T16:44:51.882+0000] {logging_mixin.py:188} INFO - [2026-07-06T16:44:51.881+0000] {dag.py:3823} INFO - Setting next_dagrun for example_kubernetes_executor to None, run_after=None
[2026-07-06T16:44:51.932+0000] {processor.py:183} INFO - Processing /home/airflow/.local/lib/python3.8/site-packages/airflow/example_dags/example_kubernetes_executor.py took 0.255 seconds
[2026-07-06T16:45:22.585+0000] {processor.py:161} INFO - Started process (PID=2820) to work on /home/airflow/.local/lib/python3.8/site-packages/airflow/example_dags/example_kubernetes_executor.py
[2026-07-06T16:45:22.589+0000] {processor.py:830} INFO - Processing file /home/airflow/.local/lib/python3.8/site-packages/airflow/example_dags/example_kubernetes_executor.py for tasks to queue
[2026-07-06T16:45:22.594+0000] {logging_mixin.py:188} INFO - [2026-07-06T16:45:22.593+0000] {dagbag.py:538} INFO - Filling up the DagBag from /home/airflow/.local/lib/python3.8/site-packages/airflow/example_dags/example_kubernetes_executor.py
[2026-07-06T16:45:22.641+0000] {processor.py:840} INFO - DAG(s) 'example_kubernetes_executor' retrieved from /home/airflow/.local/lib/python3.8/site-packages/airflow/example_dags/example_kubernetes_executor.py
[2026-07-06T16:45:22.741+0000] {logging_mixin.py:188} INFO - [2026-07-06T16:45:22.741+0000] {dag.py:3036} INFO - Sync 1 DAGs
[2026-07-06T16:45:22.771+0000] {logging_mixin.py:188} INFO - [2026-07-06T16:45:22.770+0000] {dag.py:3823} INFO - Setting next_dagrun for example_kubernetes_executor to None, run_after=None
[2026-07-06T16:45:22.815+0000] {processor.py:183} INFO - Processing /home/airflow/.local/lib/python3.8/site-packages/airflow/example_dags/example_kubernetes_executor.py took 0.240 seconds
[2026-07-06T16:45:53.249+0000] {processor.py:161} INFO - Started process (PID=2886) to work on /home/airflow/.local/lib/python3.8/site-packages/airflow/example_dags/example_kubernetes_executor.py
[2026-07-06T16:45:53.258+0000] {processor.py:830} INFO - Processing file /home/airflow/.local/lib/python3.8/site-packages/airflow/example_dags/example_kubernetes_executor.py for tasks to queue
[2026-07-06T16:45:53.263+0000] {logging_mixin.py:188} INFO - [2026-07-06T16:45:53.262+0000] {dagbag.py:538} INFO - Filling up the DagBag from /home/airflow/.local/lib/python3.8/site-packages/airflow/example_dags/example_kubernetes_executor.py
[2026-07-06T16:45:53.306+0000] {processor.py:840} INFO - DAG(s) 'example_kubernetes_executor' retrieved from /home/airflow/.local/lib/python3.8/site-packages/airflow/example_dags/example_kubernetes_executor.py
[2026-07-06T16:45:53.438+0000] {logging_mixin.py:188} INFO - [2026-07-06T16:45:53.437+0000] {dag.py:3036} INFO - Sync 1 DAGs
[2026-07-06T16:45:53.467+0000] {logging_mixin.py:188} INFO - [2026-07-06T16:45:53.466+0000] {dag.py:3823} INFO - Setting next_dagrun for example_kubernetes_executor to None, run_after=None
[2026-07-06T16:45:53.512+0000] {processor.py:183} INFO - Processing /home/airflow/.local/lib/python3.8/site-packages/airflow/example_dags/example_kubernetes_executor.py took 0.274 seconds
[2026-07-06T16:46:24.083+0000] {processor.py:161} INFO - Started process (PID=2952) to work on /home/airflow/.local/lib/python3.8/site-packages/airflow/example_dags/example_kubernetes_executor.py
[2026-07-06T16:46:24.086+0000] {processor.py:830} INFO - Processing file /home/airflow/.local/lib/python3.8/site-packages/airflow/example_dags/example_kubernetes_executor.py for tasks to queue
[2026-07-06T16:46:24.091+0000] {logging_mixin.py:188} INFO - [2026-07-06T16:46:24.090+0000] {dagbag.py:538} INFO - Filling up the DagBag from /home/airflow/.local/lib/python3.8/site-packages/airflow/example_dags/example_kubernetes_executor.py
[2026-07-06T16:46:24.131+0000] {processor.py:840} INFO - DAG(s) 'example_kubernetes_executor' retrieved from /home/airflow/.local/lib/python3.8/site-packages/airflow/example_dags/example_kubernetes_executor.py
[2026-07-06T16:46:24.268+0000] {logging_mixin.py:188} INFO - [2026-07-06T16:46:24.267+0000] {dag.py:3036} INFO - Sync 1 DAGs
[2026-07-06T16:46:24.318+0000] {logging_mixin.py:188} INFO - [2026-07-06T16:46:24.317+0000] {dag.py:3823} INFO - Setting next_dagrun for example_kubernetes_executor to None, run_after=None
[2026-07-06T16:46:24.379+0000] {processor.py:183} INFO - Processing /home/airflow/.local/lib/python3.8/site-packages/airflow/example_dags/example_kubernetes_executor.py took 0.307 seconds
[2026-07-06T16:46:54.776+0000] {processor.py:161} INFO - Started process (PID=3018) to work on /home/airflow/.local/lib/python3.8/site-packages/airflow/example_dags/example_kubernetes_executor.py
[2026-07-06T16:46:54.780+0000] {processor.py:830} INFO - Processing file /home/airflow/.local/lib/python3.8/site-packages/airflow/example_dags/example_kubernetes_executor.py for tasks to queue
[2026-07-06T16:46:54.793+0000] {logging_mixin.py:188} INFO - [2026-07-06T16:46:54.790+0000] {dagbag.py:538} INFO - Filling up the DagBag from /home/airflow/.local/lib/python3.8/site-packages/airflow/example_dags/example_kubernetes_executor.py
[2026-07-06T16:46:54.839+0000] {processor.py:840} INFO - DAG(s) 'example_kubernetes_executor' retrieved from /home/airflow/.local/lib/python3.8/site-packages/airflow/example_dags/example_kubernetes_executor.py
[2026-07-06T16:46:54.976+0000] {logging_mixin.py:188} INFO - [2026-07-06T16:46:54.976+0000] {dag.py:3036} INFO - Sync 1 DAGs
[2026-07-06T16:46:55.017+0000] {logging_mixin.py:188} INFO - [2026-07-06T16:46:55.016+0000] {dag.py:3823} INFO - Setting next_dagrun for example_kubernetes_executor to None, run_after=None
[2026-07-06T16:46:55.071+0000] {processor.py:183} INFO - Processing /home/airflow/.local/lib/python3.8/site-packages/airflow/example_dags/example_kubernetes_executor.py took 0.313 seconds
[2026-07-06T16:47:25.944+0000] {processor.py:161} INFO - Started process (PID=3083) to work on /home/airflow/.local/lib/python3.8/site-packages/airflow/example_dags/example_kubernetes_executor.py
[2026-07-06T16:47:25.947+0000] {processor.py:830} INFO - Processing file /home/airflow/.local/lib/python3.8/site-packages/airflow/example_dags/example_kubernetes_executor.py for tasks to queue
[2026-07-06T16:47:25.954+0000] {logging_mixin.py:188} INFO - [2026-07-06T16:47:25.953+0000] {dagbag.py:538} INFO - Filling up the DagBag from /home/airflow/.local/lib/python3.8/site-packages/airflow/example_dags/example_kubernetes_executor.py
[2026-07-06T16:47:26.022+0000] {processor.py:840} INFO - DAG(s) 'example_kubernetes_executor' retrieved from /home/airflow/.local/lib/python3.8/site-packages/airflow/example_dags/example_kubernetes_executor.py
[2026-07-06T16:47:26.163+0000] {logging_mixin.py:188} INFO - [2026-07-06T16:47:26.163+0000] {dag.py:3036} INFO - Sync 1 DAGs
[2026-07-06T16:47:26.213+0000] {logging_mixin.py:188} INFO - [2026-07-06T16:47:26.207+0000] {dag.py:3823} INFO - Setting next_dagrun for example_kubernetes_executor to None, run_after=None
[2026-07-06T16:47:26.281+0000] {processor.py:183} INFO - Processing /home/airflow/.local/lib/python3.8/site-packages/airflow/example_dags/example_kubernetes_executor.py took 0.352 seconds
[2026-07-06T16:47:57.139+0000] {processor.py:161} INFO - Started process (PID=3149) to work on /home/airflow/.local/lib/python3.8/site-packages/airflow/example_dags/example_kubernetes_executor.py
[2026-07-06T16:47:57.143+0000] {processor.py:830} INFO - Processing file /home/airflow/.local/lib/python3.8/site-packages/airflow/example_dags/example_kubernetes_executor.py for tasks to queue
[2026-07-06T16:47:57.148+0000] {logging_mixin.py:188} INFO - [2026-07-06T16:47:57.147+0000] {dagbag.py:538} INFO - Filling up the DagBag from /home/airflow/.local/lib/python3.8/site-packages/airflow/example_dags/example_kubernetes_executor.py
[2026-07-06T16:47:57.196+0000] {processor.py:840} INFO - DAG(s) 'example_kubernetes_executor' retrieved from /home/airflow/.local/lib/python3.8/site-packages/airflow/example_dags/example_kubernetes_executor.py
[2026-07-06T16:47:57.344+0000] {logging_mixin.py:188} INFO - [2026-07-06T16:47:57.344+0000] {dag.py:3036} INFO - Sync 1 DAGs
[2026-07-06T16:47:57.435+0000] {logging_mixin.py:188} INFO - [2026-07-06T16:47:57.434+0000] {dag.py:3823} INFO - Setting next_dagrun for example_kubernetes_executor to None, run_after=None
[2026-07-06T16:47:58.121+0000] {processor.py:183} INFO - Processing /home/airflow/.local/lib/python3.8/site-packages/airflow/example_dags/example_kubernetes_executor.py took 0.992 seconds
[2026-07-06T16:48:28.304+0000] {processor.py:161} INFO - Started process (PID=3209) to work on /home/airflow/.local/lib/python3.8/site-packages/airflow/example_dags/example_kubernetes_executor.py
[2026-07-06T16:48:28.306+0000] {processor.py:830} INFO - Processing file /home/airflow/.local/lib/python3.8/site-packages/airflow/example_dags/example_kubernetes_executor.py for tasks to queue
[2026-07-06T16:48:28.310+0000] {logging_mixin.py:188} INFO - [2026-07-06T16:48:28.310+0000] {dagbag.py:538} INFO - Filling up the DagBag from /home/airflow/.local/lib/python3.8/site-packages/airflow/example_dags/example_kubernetes_executor.py
[2026-07-06T16:48:28.347+0000] {processor.py:840} INFO - DAG(s) 'example_kubernetes_executor' retrieved from /home/airflow/.local/lib/python3.8/site-packages/airflow/example_dags/example_kubernetes_executor.py
[2026-07-06T16:48:28.429+0000] {logging_mixin.py:188} INFO - [2026-07-06T16:48:28.428+0000] {dag.py:3036} INFO - Sync 1 DAGs
[2026-07-06T16:48:28.472+0000] {logging_mixin.py:188} INFO - [2026-07-06T16:48:28.472+0000] {dag.py:3823} INFO - Setting next_dagrun for example_kubernetes_executor to None, run_after=None
[2026-07-06T16:48:28.769+0000] {processor.py:183} INFO - Processing /home/airflow/.local/lib/python3.8/site-packages/airflow/example_dags/example_kubernetes_executor.py took 0.474 seconds
[2026-07-06T16:48:59.008+0000] {processor.py:161} INFO - Started process (PID=3273) to work on /home/airflow/.local/lib/python3.8/site-packages/airflow/example_dags/example_kubernetes_executor.py
[2026-07-06T16:48:59.011+0000] {processor.py:830} INFO - Processing file /home/airflow/.local/lib/python3.8/site-packages/airflow/example_dags/example_kubernetes_executor.py for tasks to queue
[2026-07-06T16:48:59.016+0000] {logging_mixin.py:188} INFO - [2026-07-06T16:48:59.015+0000] {dagbag.py:538} INFO - Filling up the DagBag from /home/airflow/.local/lib/python3.8/site-packages/airflow/example_dags/example_kubernetes_executor.py
[2026-07-06T16:48:59.054+0000] {processor.py:840} INFO - DAG(s) 'example_kubernetes_executor' retrieved from /home/airflow/.local/lib/python3.8/site-packages/airflow/example_dags/example_kubernetes_executor.py
[2026-07-06T16:48:59.142+0000] {logging_mixin.py:188} INFO - [2026-07-06T16:48:59.142+0000] {dag.py:3036} INFO - Sync 1 DAGs
[2026-07-06T16:48:59.171+0000] {logging_mixin.py:188} INFO - [2026-07-06T16:48:59.171+0000] {dag.py:3823} INFO - Setting next_dagrun for example_kubernetes_executor to None, run_after=None
[2026-07-06T16:48:59.249+0000] {processor.py:183} INFO - Processing /home/airflow/.local/lib/python3.8/site-packages/airflow/example_dags/example_kubernetes_executor.py took 0.251 seconds
[2026-07-06T16:49:29.372+0000] {processor.py:161} INFO - Started process (PID=3339) to work on /home/airflow/.local/lib/python3.8/site-packages/airflow/example_dags/example_kubernetes_executor.py
[2026-07-06T16:49:29.374+0000] {processor.py:830} INFO - Processing file /home/airflow/.local/lib/python3.8/site-packages/airflow/example_dags/example_kubernetes_executor.py for tasks to queue
[2026-07-06T16:49:29.378+0000] {logging_mixin.py:188} INFO - [2026-07-06T16:49:29.377+0000] {dagbag.py:538} INFO - Filling up the DagBag from /home/airflow/.local/lib/python3.8/site-packages/airflow/example_dags/example_kubernetes_executor.py
[2026-07-06T16:49:29.412+0000] {processor.py:840} INFO - DAG(s) 'example_kubernetes_executor' retrieved from /home/airflow/.local/lib/python3.8/site-packages/airflow/example_dags/example_kubernetes_executor.py
[2026-07-06T16:49:29.514+0000] {logging_mixin.py:188} INFO - [2026-07-06T16:49:29.513+0000] {dag.py:3036} INFO - Sync 1 DAGs
[2026-07-06T16:49:29.544+0000] {logging_mixin.py:188} INFO - [2026-07-06T16:49:29.543+0000] {dag.py:3823} INFO - Setting next_dagrun for example_kubernetes_executor to None, run_after=None
[2026-07-06T16:49:29.586+0000] {processor.py:183} INFO - Processing /home/airflow/.local/lib/python3.8/site-packages/airflow/example_dags/example_kubernetes_executor.py took 0.222 seconds
[2026-07-06T16:49:59.683+0000] {processor.py:161} INFO - Started process (PID=3404) to work on /home/airflow/.local/lib/python3.8/site-packages/airflow/example_dags/example_kubernetes_executor.py
[2026-07-06T16:49:59.694+0000] {processor.py:830} INFO - Processing file /home/airflow/.local/lib/python3.8/site-packages/airflow/example_dags/example_kubernetes_executor.py for tasks to queue
[2026-07-06T16:49:59.699+0000] {logging_mixin.py:188} INFO - [2026-07-06T16:49:59.699+0000] {dagbag.py:538} INFO - Filling up the DagBag from /home/airflow/.local/lib/python3.8/site-packages/airflow/example_dags/example_kubernetes_executor.py
[2026-07-06T16:49:59.733+0000] {processor.py:840} INFO - DAG(s) 'example_kubernetes_executor' retrieved from /home/airflow/.local/lib/python3.8/site-packages/airflow/example_dags/example_kubernetes_executor.py
[2026-07-06T16:50:00.063+0000] {logging_mixin.py:188} INFO - [2026-07-06T16:50:00.062+0000] {dag.py:3036} INFO - Sync 1 DAGs
[2026-07-06T16:50:00.083+0000] {logging_mixin.py:188} INFO - [2026-07-06T16:50:00.083+0000] {dag.py:3823} INFO - Setting next_dagrun for example_kubernetes_executor to None, run_after=None
[2026-07-06T16:50:00.115+0000] {processor.py:183} INFO - Processing /home/airflow/.local/lib/python3.8/site-packages/airflow/example_dags/example_kubernetes_executor.py took 0.444 seconds
[2026-07-06T16:50:30.696+0000] {processor.py:161} INFO - Started process (PID=3470) to work on /home/airflow/.local/lib/python3.8/site-packages/airflow/example_dags/example_kubernetes_executor.py
[2026-07-06T16:50:30.702+0000] {processor.py:830} INFO - Processing file /home/airflow/.local/lib/python3.8/site-packages/airflow/example_dags/example_kubernetes_executor.py for tasks to queue
[2026-07-06T16:50:30.709+0000] {logging_mixin.py:188} INFO - [2026-07-06T16:50:30.708+0000] {dagbag.py:538} INFO - Filling up the DagBag from /home/airflow/.local/lib/python3.8/site-packages/airflow/example_dags/example_kubernetes_executor.py
[2026-07-06T16:50:30.758+0000] {processor.py:840} INFO - DAG(s) 'example_kubernetes_executor' retrieved from /home/airflow/.local/lib/python3.8/site-packages/airflow/example_dags/example_kubernetes_executor.py
[2026-07-06T16:50:30.865+0000] {logging_mixin.py:188} INFO - [2026-07-06T16:50:30.864+0000] {dag.py:3036} INFO - Sync 1 DAGs
[2026-07-06T16:50:30.895+0000] {logging_mixin.py:188} INFO - [2026-07-06T16:50:30.894+0000] {dag.py:3823} INFO - Setting next_dagrun for example_kubernetes_executor to None, run_after=None
[2026-07-06T16:50:30.955+0000] {processor.py:183} INFO - Processing /home/airflow/.local/lib/python3.8/site-packages/airflow/example_dags/example_kubernetes_executor.py took 0.272 seconds
[2026-07-06T16:51:01.844+0000] {processor.py:161} INFO - Started process (PID=3536) to work on /home/airflow/.local/lib/python3.8/site-packages/airflow/example_dags/example_kubernetes_executor.py
[2026-07-06T16:51:01.853+0000] {processor.py:830} INFO - Processing file /home/airflow/.local/lib/python3.8/site-packages/airflow/example_dags/example_kubernetes_executor.py for tasks to queue
[2026-07-06T16:51:01.857+0000] {logging_mixin.py:188} INFO - [2026-07-06T16:51:01.856+0000] {dagbag.py:538} INFO - Filling up the DagBag from /home/airflow/.local/lib/python3.8/site-packages/airflow/example_dags/example_kubernetes_executor.py
[2026-07-06T16:51:01.889+0000] {processor.py:840} INFO - DAG(s) 'example_kubernetes_executor' retrieved from /home/airflow/.local/lib/python3.8/site-packages/airflow/example_dags/example_kubernetes_executor.py
[2026-07-06T16:51:01.962+0000] {logging_mixin.py:188} INFO - [2026-07-06T16:51:01.962+0000] {dag.py:3036} INFO - Sync 1 DAGs
[2026-07-06T16:51:01.986+0000] {logging_mixin.py:188} INFO - [2026-07-06T16:51:01.986+0000] {dag.py:3823} INFO - Setting next_dagrun for example_kubernetes_executor to None, run_after=None
[2026-07-06T16:51:02.023+0000] {processor.py:183} INFO - Processing /home/airflow/.local/lib/python3.8/site-packages/airflow/example_dags/example_kubernetes_executor.py took 0.187 seconds
[2026-07-06T16:51:32.183+0000] {processor.py:161} INFO - Started process (PID=3601) to work on /home/airflow/.local/lib/python3.8/site-packages/airflow/example_dags/example_kubernetes_executor.py
[2026-07-06T16:51:32.194+0000] {processor.py:830} INFO - Processing file /home/airflow/.local/lib/python3.8/site-packages/airflow/example_dags/example_kubernetes_executor.py for tasks to queue
[2026-07-06T16:51:32.199+0000] {logging_mixin.py:188} INFO - [2026-07-06T16:51:32.198+0000] {dagbag.py:538} INFO - Filling up the DagBag from /home/airflow/.local/lib/python3.8/site-packages/airflow/example_dags/example_kubernetes_executor.py
[2026-07-06T16:51:32.241+0000] {processor.py:840} INFO - DAG(s) 'example_kubernetes_executor' retrieved from /home/airflow/.local/lib/python3.8/site-packages/airflow/example_dags/example_kubernetes_executor.py
[2026-07-06T16:51:32.339+0000] {logging_mixin.py:188} INFO - [2026-07-06T16:51:32.338+0000] {dag.py:3036} INFO - Sync 1 DAGs
[2026-07-06T16:51:32.365+0000] {logging_mixin.py:188} INFO - [2026-07-06T16:51:32.364+0000] {dag.py:3823} INFO - Setting next_dagrun for example_kubernetes_executor to None, run_after=None
[2026-07-06T16:51:32.405+0000] {processor.py:183} INFO - Processing /home/airflow/.local/lib/python3.8/site-packages/airflow/example_dags/example_kubernetes_executor.py took 0.232 seconds
[2026-07-06T16:52:02.620+0000] {processor.py:161} INFO - Started process (PID=3667) to work on /home/airflow/.local/lib/python3.8/site-packages/airflow/example_dags/example_kubernetes_executor.py
[2026-07-06T16:52:02.623+0000] {processor.py:830} INFO - Processing file /home/airflow/.local/lib/python3.8/site-packages/airflow/example_dags/example_kubernetes_executor.py for tasks to queue
[2026-07-06T16:52:02.627+0000] {logging_mixin.py:188} INFO - [2026-07-06T16:52:02.626+0000] {dagbag.py:538} INFO - Filling up the DagBag from /home/airflow/.local/lib/python3.8/site-packages/airflow/example_dags/example_kubernetes_executor.py
[2026-07-06T16:52:02.664+0000] {processor.py:840} INFO - DAG(s) 'example_kubernetes_executor' retrieved from /home/airflow/.local/lib/python3.8/site-packages/airflow/example_dags/example_kubernetes_executor.py
[2026-07-06T16:52:02.779+0000] {logging_mixin.py:188} INFO - [2026-07-06T16:52:02.778+0000] {dag.py:3036} INFO - Sync 1 DAGs
[2026-07-06T16:52:02.811+0000] {logging_mixin.py:188} INFO - [2026-07-06T16:52:02.810+0000] {dag.py:3823} INFO - Setting next_dagrun for example_kubernetes_executor to None, run_after=None
[2026-07-06T16:52:02.865+0000] {processor.py:183} INFO - Processing /home/airflow/.local/lib/python3.8/site-packages/airflow/example_dags/example_kubernetes_executor.py took 0.256 seconds
[2026-07-06T16:52:33.000+0000] {processor.py:161} INFO - Started process (PID=3733) to work on /home/airflow/.local/lib/python3.8/site-packages/airflow/example_dags/example_kubernetes_executor.py
[2026-07-06T16:52:33.002+0000] {processor.py:830} INFO - Processing file /home/airflow/.local/lib/python3.8/site-packages/airflow/example_dags/example_kubernetes_executor.py for tasks to queue
[2026-07-06T16:52:33.006+0000] {logging_mixin.py:188} INFO - [2026-07-06T16:52:33.006+0000] {dagbag.py:538} INFO - Filling up the DagBag from /home/airflow/.local/lib/python3.8/site-packages/airflow/example_dags/example_kubernetes_executor.py
[2026-07-06T16:52:33.048+0000] {processor.py:840} INFO - DAG(s) 'example_kubernetes_executor' retrieved from /home/airflow/.local/lib/python3.8/site-packages/airflow/example_dags/example_kubernetes_executor.py
[2026-07-06T16:52:33.143+0000] {logging_mixin.py:188} INFO - [2026-07-06T16:52:33.142+0000] {dag.py:3036} INFO - Sync 1 DAGs
[2026-07-06T16:52:33.170+0000] {logging_mixin.py:188} INFO - [2026-07-06T16:52:33.169+0000] {dag.py:3823} INFO - Setting next_dagrun for example_kubernetes_executor to None, run_after=None
[2026-07-06T16:52:33.220+0000] {processor.py:183} INFO - Processing /home/airflow/.local/lib/python3.8/site-packages/airflow/example_dags/example_kubernetes_executor.py took 0.230 seconds
[2026-07-06T16:53:04.085+0000] {processor.py:161} INFO - Started process (PID=3799) to work on /home/airflow/.local/lib/python3.8/site-packages/airflow/example_dags/example_kubernetes_executor.py
[2026-07-06T16:53:04.094+0000] {processor.py:830} INFO - Processing file /home/airflow/.local/lib/python3.8/site-packages/airflow/example_dags/example_kubernetes_executor.py for tasks to queue
[2026-07-06T16:53:04.099+0000] {logging_mixin.py:188} INFO - [2026-07-06T16:53:04.098+0000] {dagbag.py:538} INFO - Filling up the DagBag from /home/airflow/.local/lib/python3.8/site-packages/airflow/example_dags/example_kubernetes_executor.py
[2026-07-06T16:53:04.142+0000] {processor.py:840} INFO - DAG(s) 'example_kubernetes_executor' retrieved from /home/airflow/.local/lib/python3.8/site-packages/airflow/example_dags/example_kubernetes_executor.py
[2026-07-06T16:53:04.282+0000] {logging_mixin.py:188} INFO - [2026-07-06T16:53:04.281+0000] {dag.py:3036} INFO - Sync 1 DAGs
[2026-07-06T16:53:04.319+0000] {logging_mixin.py:188} INFO - [2026-07-06T16:53:04.319+0000] {dag.py:3823} INFO - Setting next_dagrun for example_kubernetes_executor to None, run_after=None
[2026-07-06T16:53:04.375+0000] {processor.py:183} INFO - Processing /home/airflow/.local/lib/python3.8/site-packages/airflow/example_dags/example_kubernetes_executor.py took 0.299 seconds
[2026-07-06T16:53:34.708+0000] {processor.py:161} INFO - Started process (PID=3865) to work on /home/airflow/.local/lib/python3.8/site-packages/airflow/example_dags/example_kubernetes_executor.py
[2026-07-06T16:53:34.711+0000] {processor.py:830} INFO - Processing file /home/airflow/.local/lib/python3.8/site-packages/airflow/example_dags/example_kubernetes_executor.py for tasks to queue
[2026-07-06T16:53:34.716+0000] {logging_mixin.py:188} INFO - [2026-07-06T16:53:34.715+0000] {dagbag.py:538} INFO - Filling up the DagBag from /home/airflow/.local/lib/python3.8/site-packages/airflow/example_dags/example_kubernetes_executor.py
[2026-07-06T16:53:34.760+0000] {processor.py:840} INFO - DAG(s) 'example_kubernetes_executor' retrieved from /home/airflow/.local/lib/python3.8/site-packages/airflow/example_dags/example_kubernetes_executor.py
[2026-07-06T16:53:34.866+0000] {logging_mixin.py:188} INFO - [2026-07-06T16:53:34.865+0000] {dag.py:3036} INFO - Sync 1 DAGs
[2026-07-06T16:53:34.934+0000] {logging_mixin.py:188} INFO - [2026-07-06T16:53:34.934+0000] {dag.py:3823} INFO - Setting next_dagrun for example_kubernetes_executor to None, run_after=None
[2026-07-06T16:53:34.985+0000] {processor.py:183} INFO - Processing /home/airflow/.local/lib/python3.8/site-packages/airflow/example_dags/example_kubernetes_executor.py took 0.288 seconds
[2026-07-06T16:54:05.122+0000] {processor.py:161} INFO - Started process (PID=3923) to work on /home/airflow/.local/lib/python3.8/site-packages/airflow/example_dags/example_kubernetes_executor.py
[2026-07-06T16:54:05.124+0000] {processor.py:830} INFO - Processing file /home/airflow/.local/lib/python3.8/site-packages/airflow/example_dags/example_kubernetes_executor.py for tasks to queue
[2026-07-06T16:54:05.128+0000] {logging_mixin.py:188} INFO - [2026-07-06T16:54:05.127+0000] {dagbag.py:538} INFO - Filling up the DagBag from /home/airflow/.local/lib/python3.8/site-packages/airflow/example_dags/example_kubernetes_executor.py
[2026-07-06T16:54:05.157+0000] {processor.py:840} INFO - DAG(s) 'example_kubernetes_executor' retrieved from /home/airflow/.local/lib/python3.8/site-packages/airflow/example_dags/example_kubernetes_executor.py
[2026-07-06T16:54:05.240+0000] {logging_mixin.py:188} INFO - [2026-07-06T16:54:05.240+0000] {dag.py:3036} INFO - Sync 1 DAGs
[2026-07-06T16:54:05.270+0000] {logging_mixin.py:188} INFO - [2026-07-06T16:54:05.269+0000] {dag.py:3823} INFO - Setting next_dagrun for example_kubernetes_executor to None, run_after=None
[2026-07-06T16:54:05.310+0000] {processor.py:183} INFO - Processing /home/airflow/.local/lib/python3.8/site-packages/airflow/example_dags/example_kubernetes_executor.py took 0.196 seconds
[2026-07-06T16:54:35.931+0000] {processor.py:161} INFO - Started process (PID=3987) to work on /home/airflow/.local/lib/python3.8/site-packages/airflow/example_dags/example_kubernetes_executor.py
[2026-07-06T16:54:35.934+0000] {processor.py:830} INFO - Processing file /home/airflow/.local/lib/python3.8/site-packages/airflow/example_dags/example_kubernetes_executor.py for tasks to queue
[2026-07-06T16:54:35.938+0000] {logging_mixin.py:188} INFO - [2026-07-06T16:54:35.938+0000] {dagbag.py:538} INFO - Filling up the DagBag from /home/airflow/.local/lib/python3.8/site-packages/airflow/example_dags/example_kubernetes_executor.py
[2026-07-06T16:54:35.972+0000] {processor.py:840} INFO - DAG(s) 'example_kubernetes_executor' retrieved from /home/airflow/.local/lib/python3.8/site-packages/airflow/example_dags/example_kubernetes_executor.py
[2026-07-06T16:54:36.063+0000] {logging_mixin.py:188} INFO - [2026-07-06T16:54:36.062+0000] {dag.py:3036} INFO - Sync 1 DAGs
[2026-07-06T16:54:36.088+0000] {logging_mixin.py:188} INFO - [2026-07-06T16:54:36.088+0000] {dag.py:3823} INFO - Setting next_dagrun for example_kubernetes_executor to None, run_after=None
[2026-07-06T16:54:36.126+0000] {processor.py:183} INFO - Processing /home/airflow/.local/lib/python3.8/site-packages/airflow/example_dags/example_kubernetes_executor.py took 0.209 seconds
[2026-07-06T16:55:06.440+0000] {processor.py:161} INFO - Started process (PID=4052) to work on /home/airflow/.local/lib/python3.8/site-packages/airflow/example_dags/example_kubernetes_executor.py
[2026-07-06T16:55:06.449+0000] {processor.py:830} INFO - Processing file /home/airflow/.local/lib/python3.8/site-packages/airflow/example_dags/example_kubernetes_executor.py for tasks to queue
[2026-07-06T16:55:06.455+0000] {logging_mixin.py:188} INFO - [2026-07-06T16:55:06.454+0000] {dagbag.py:538} INFO - Filling up the DagBag from /home/airflow/.local/lib/python3.8/site-packages/airflow/example_dags/example_kubernetes_executor.py
[2026-07-06T16:55:06.491+0000] {processor.py:840} INFO - DAG(s) 'example_kubernetes_executor' retrieved from /home/airflow/.local/lib/python3.8/site-packages/airflow/example_dags/example_kubernetes_executor.py
[2026-07-06T16:55:06.573+0000] {logging_mixin.py:188} INFO - [2026-07-06T16:55:06.573+0000] {dag.py:3036} INFO - Sync 1 DAGs
[2026-07-06T16:55:06.599+0000] {logging_mixin.py:188} INFO - [2026-07-06T16:55:06.599+0000] {dag.py:3823} INFO - Setting next_dagrun for example_kubernetes_executor to None, run_after=None
[2026-07-06T16:55:06.638+0000] {processor.py:183} INFO - Processing /home/airflow/.local/lib/python3.8/site-packages/airflow/example_dags/example_kubernetes_executor.py took 0.210 seconds
