[2026-07-06T16:22:26.789+0000] {processor.py:161} INFO - Started process (PID=202) to work on /home/airflow/.local/lib/python3.8/site-packages/airflow/example_dags/example_short_circuit_decorator.py
[2026-07-06T16:22:26.807+0000] {processor.py:830} INFO - Processing file /home/airflow/.local/lib/python3.8/site-packages/airflow/example_dags/example_short_circuit_decorator.py for tasks to queue
[2026-07-06T16:22:26.833+0000] {logging_mixin.py:188} INFO - [2026-07-06T16:22:26.833+0000] {dagbag.py:538} INFO - Filling up the DagBag from /home/airflow/.local/lib/python3.8/site-packages/airflow/example_dags/example_short_circuit_decorator.py
[2026-07-06T16:22:27.066+0000] {processor.py:840} INFO - DAG(s) 'example_short_circuit_decorator' retrieved from /home/airflow/.local/lib/python3.8/site-packages/airflow/example_dags/example_short_circuit_decorator.py
[2026-07-06T16:22:28.399+0000] {logging_mixin.py:188} INFO - [2026-07-06T16:22:28.393+0000] {override.py:1769} INFO - Created Permission View: can read on DAG:example_short_circuit_decorator
[2026-07-06T16:22:28.522+0000] {logging_mixin.py:188} INFO - [2026-07-06T16:22:28.521+0000] {override.py:1769} INFO - Created Permission View: can delete on DAG:example_short_circuit_decorator
[2026-07-06T16:22:28.583+0000] {logging_mixin.py:188} INFO - [2026-07-06T16:22:28.582+0000] {override.py:1769} INFO - Created Permission View: can edit on DAG:example_short_circuit_decorator
[2026-07-06T16:22:28.584+0000] {logging_mixin.py:188} INFO - [2026-07-06T16:22:28.583+0000] {dag.py:3036} INFO - Sync 1 DAGs
[2026-07-06T16:22:28.766+0000] {logging_mixin.py:188} INFO - [2026-07-06T16:22:28.751+0000] {dag.py:3058} INFO - Creating ORM DAG for example_short_circuit_decorator
[2026-07-06T16:22:28.873+0000] {logging_mixin.py:188} INFO - [2026-07-06T16:22:28.873+0000] {dag.py:3823} INFO - Setting next_dagrun for example_short_circuit_decorator to 2026-07-05 00:00:00+00:00, run_after=2026-07-06 00:00:00+00:00
[2026-07-06T16:22:29.058+0000] {processor.py:183} INFO - Processing /home/airflow/.local/lib/python3.8/site-packages/airflow/example_dags/example_short_circuit_decorator.py took 2.307 seconds
[2026-07-06T16:24:43.468+0000] {processor.py:161} INFO - Started process (PID=308) to work on /home/airflow/.local/lib/python3.8/site-packages/airflow/example_dags/example_short_circuit_decorator.py
[2026-07-06T16:24:43.489+0000] {processor.py:830} INFO - Processing file /home/airflow/.local/lib/python3.8/site-packages/airflow/example_dags/example_short_circuit_decorator.py for tasks to queue
[2026-07-06T16:24:43.493+0000] {logging_mixin.py:188} INFO - [2026-07-06T16:24:43.493+0000] {dagbag.py:538} INFO - Filling up the DagBag from /home/airflow/.local/lib/python3.8/site-packages/airflow/example_dags/example_short_circuit_decorator.py
[2026-07-06T16:24:43.612+0000] {processor.py:840} INFO - DAG(s) 'example_short_circuit_decorator' retrieved from /home/airflow/.local/lib/python3.8/site-packages/airflow/example_dags/example_short_circuit_decorator.py
[2026-07-06T16:24:43.768+0000] {logging_mixin.py:188} INFO - [2026-07-06T16:24:43.767+0000] {dag.py:3036} INFO - Sync 1 DAGs
[2026-07-06T16:24:43.890+0000] {logging_mixin.py:188} INFO - [2026-07-06T16:24:43.889+0000] {dag.py:3823} INFO - Setting next_dagrun for example_short_circuit_decorator to 2026-07-05 00:00:00+00:00, run_after=2026-07-06 00:00:00+00:00
[2026-07-06T16:24:44.044+0000] {processor.py:183} INFO - Processing /home/airflow/.local/lib/python3.8/site-packages/airflow/example_dags/example_short_circuit_decorator.py took 0.598 seconds
[2026-07-06T16:25:14.908+0000] {processor.py:161} INFO - Started process (PID=365) to work on /home/airflow/.local/lib/python3.8/site-packages/airflow/example_dags/example_short_circuit_decorator.py
[2026-07-06T16:25:14.983+0000] {processor.py:830} INFO - Processing file /home/airflow/.local/lib/python3.8/site-packages/airflow/example_dags/example_short_circuit_decorator.py for tasks to queue
[2026-07-06T16:25:15.052+0000] {logging_mixin.py:188} INFO - [2026-07-06T16:25:15.044+0000] {dagbag.py:538} INFO - Filling up the DagBag from /home/airflow/.local/lib/python3.8/site-packages/airflow/example_dags/example_short_circuit_decorator.py
[2026-07-06T16:25:15.183+0000] {processor.py:840} INFO - DAG(s) 'example_short_circuit_decorator' retrieved from /home/airflow/.local/lib/python3.8/site-packages/airflow/example_dags/example_short_circuit_decorator.py
[2026-07-06T16:25:15.660+0000] {logging_mixin.py:188} INFO - [2026-07-06T16:25:15.659+0000] {dag.py:3036} INFO - Sync 1 DAGs
[2026-07-06T16:25:15.786+0000] {logging_mixin.py:188} INFO - [2026-07-06T16:25:15.785+0000] {dag.py:3823} INFO - Setting next_dagrun for example_short_circuit_decorator to 2026-07-05 00:00:00+00:00, run_after=2026-07-06 00:00:00+00:00
[2026-07-06T16:25:15.841+0000] {processor.py:183} INFO - Processing /home/airflow/.local/lib/python3.8/site-packages/airflow/example_dags/example_short_circuit_decorator.py took 1.089 seconds
[2026-07-06T16:25:46.003+0000] {processor.py:161} INFO - Started process (PID=430) to work on /home/airflow/.local/lib/python3.8/site-packages/airflow/example_dags/example_short_circuit_decorator.py
[2026-07-06T16:25:46.006+0000] {processor.py:830} INFO - Processing file /home/airflow/.local/lib/python3.8/site-packages/airflow/example_dags/example_short_circuit_decorator.py for tasks to queue
[2026-07-06T16:25:46.010+0000] {logging_mixin.py:188} INFO - [2026-07-06T16:25:46.010+0000] {dagbag.py:538} INFO - Filling up the DagBag from /home/airflow/.local/lib/python3.8/site-packages/airflow/example_dags/example_short_circuit_decorator.py
[2026-07-06T16:25:46.038+0000] {processor.py:840} INFO - DAG(s) 'example_short_circuit_decorator' retrieved from /home/airflow/.local/lib/python3.8/site-packages/airflow/example_dags/example_short_circuit_decorator.py
[2026-07-06T16:25:46.114+0000] {logging_mixin.py:188} INFO - [2026-07-06T16:25:46.114+0000] {dag.py:3036} INFO - Sync 1 DAGs
[2026-07-06T16:25:46.180+0000] {logging_mixin.py:188} INFO - [2026-07-06T16:25:46.180+0000] {dag.py:3823} INFO - Setting next_dagrun for example_short_circuit_decorator to 2026-07-05 00:00:00+00:00, run_after=2026-07-06 00:00:00+00:00
[2026-07-06T16:25:46.357+0000] {processor.py:183} INFO - Processing /home/airflow/.local/lib/python3.8/site-packages/airflow/example_dags/example_short_circuit_decorator.py took 0.367 seconds
[2026-07-06T16:26:16.654+0000] {processor.py:161} INFO - Started process (PID=496) to work on /home/airflow/.local/lib/python3.8/site-packages/airflow/example_dags/example_short_circuit_decorator.py
[2026-07-06T16:26:16.673+0000] {processor.py:830} INFO - Processing file /home/airflow/.local/lib/python3.8/site-packages/airflow/example_dags/example_short_circuit_decorator.py for tasks to queue
[2026-07-06T16:26:16.726+0000] {logging_mixin.py:188} INFO - [2026-07-06T16:26:16.720+0000] {dagbag.py:538} INFO - Filling up the DagBag from /home/airflow/.local/lib/python3.8/site-packages/airflow/example_dags/example_short_circuit_decorator.py
[2026-07-06T16:26:16.868+0000] {processor.py:840} INFO - DAG(s) 'example_short_circuit_decorator' retrieved from /home/airflow/.local/lib/python3.8/site-packages/airflow/example_dags/example_short_circuit_decorator.py
[2026-07-06T16:26:17.145+0000] {logging_mixin.py:188} INFO - [2026-07-06T16:26:17.144+0000] {dag.py:3036} INFO - Sync 1 DAGs
[2026-07-06T16:26:17.253+0000] {logging_mixin.py:188} INFO - [2026-07-06T16:26:17.253+0000] {dag.py:3823} INFO - Setting next_dagrun for example_short_circuit_decorator to 2026-07-05 00:00:00+00:00, run_after=2026-07-06 00:00:00+00:00
[2026-07-06T16:26:17.323+0000] {processor.py:183} INFO - Processing /home/airflow/.local/lib/python3.8/site-packages/airflow/example_dags/example_short_circuit_decorator.py took 0.696 seconds
[2026-07-06T16:26:47.653+0000] {processor.py:161} INFO - Started process (PID=554) to work on /home/airflow/.local/lib/python3.8/site-packages/airflow/example_dags/example_short_circuit_decorator.py
[2026-07-06T16:26:47.655+0000] {processor.py:830} INFO - Processing file /home/airflow/.local/lib/python3.8/site-packages/airflow/example_dags/example_short_circuit_decorator.py for tasks to queue
[2026-07-06T16:26:47.659+0000] {logging_mixin.py:188} INFO - [2026-07-06T16:26:47.658+0000] {dagbag.py:538} INFO - Filling up the DagBag from /home/airflow/.local/lib/python3.8/site-packages/airflow/example_dags/example_short_circuit_decorator.py
[2026-07-06T16:26:47.680+0000] {processor.py:840} INFO - DAG(s) 'example_short_circuit_decorator' retrieved from /home/airflow/.local/lib/python3.8/site-packages/airflow/example_dags/example_short_circuit_decorator.py
[2026-07-06T16:26:47.739+0000] {logging_mixin.py:188} INFO - [2026-07-06T16:26:47.738+0000] {dag.py:3036} INFO - Sync 1 DAGs
[2026-07-06T16:26:47.786+0000] {logging_mixin.py:188} INFO - [2026-07-06T16:26:47.786+0000] {dag.py:3823} INFO - Setting next_dagrun for example_short_circuit_decorator to 2026-07-05 00:00:00+00:00, run_after=2026-07-06 00:00:00+00:00
[2026-07-06T16:26:47.823+0000] {processor.py:183} INFO - Processing /home/airflow/.local/lib/python3.8/site-packages/airflow/example_dags/example_short_circuit_decorator.py took 0.180 seconds
[2026-07-06T16:27:18.032+0000] {processor.py:161} INFO - Started process (PID=620) to work on /home/airflow/.local/lib/python3.8/site-packages/airflow/example_dags/example_short_circuit_decorator.py
[2026-07-06T16:27:18.035+0000] {processor.py:830} INFO - Processing file /home/airflow/.local/lib/python3.8/site-packages/airflow/example_dags/example_short_circuit_decorator.py for tasks to queue
[2026-07-06T16:27:18.044+0000] {logging_mixin.py:188} INFO - [2026-07-06T16:27:18.043+0000] {dagbag.py:538} INFO - Filling up the DagBag from /home/airflow/.local/lib/python3.8/site-packages/airflow/example_dags/example_short_circuit_decorator.py
[2026-07-06T16:27:18.071+0000] {processor.py:840} INFO - DAG(s) 'example_short_circuit_decorator' retrieved from /home/airflow/.local/lib/python3.8/site-packages/airflow/example_dags/example_short_circuit_decorator.py
[2026-07-06T16:27:18.135+0000] {logging_mixin.py:188} INFO - [2026-07-06T16:27:18.134+0000] {dag.py:3036} INFO - Sync 1 DAGs
[2026-07-06T16:27:18.198+0000] {logging_mixin.py:188} INFO - [2026-07-06T16:27:18.198+0000] {dag.py:3823} INFO - Setting next_dagrun for example_short_circuit_decorator to 2026-07-05 00:00:00+00:00, run_after=2026-07-06 00:00:00+00:00
[2026-07-06T16:27:18.244+0000] {processor.py:183} INFO - Processing /home/airflow/.local/lib/python3.8/site-packages/airflow/example_dags/example_short_circuit_decorator.py took 0.220 seconds
[2026-07-06T16:27:48.742+0000] {processor.py:161} INFO - Started process (PID=686) to work on /home/airflow/.local/lib/python3.8/site-packages/airflow/example_dags/example_short_circuit_decorator.py
[2026-07-06T16:27:48.745+0000] {processor.py:830} INFO - Processing file /home/airflow/.local/lib/python3.8/site-packages/airflow/example_dags/example_short_circuit_decorator.py for tasks to queue
[2026-07-06T16:27:48.750+0000] {logging_mixin.py:188} INFO - [2026-07-06T16:27:48.749+0000] {dagbag.py:538} INFO - Filling up the DagBag from /home/airflow/.local/lib/python3.8/site-packages/airflow/example_dags/example_short_circuit_decorator.py
[2026-07-06T16:27:48.779+0000] {processor.py:840} INFO - DAG(s) 'example_short_circuit_decorator' retrieved from /home/airflow/.local/lib/python3.8/site-packages/airflow/example_dags/example_short_circuit_decorator.py
[2026-07-06T16:27:48.846+0000] {logging_mixin.py:188} INFO - [2026-07-06T16:27:48.845+0000] {dag.py:3036} INFO - Sync 1 DAGs
[2026-07-06T16:27:48.904+0000] {logging_mixin.py:188} INFO - [2026-07-06T16:27:48.903+0000] {dag.py:3823} INFO - Setting next_dagrun for example_short_circuit_decorator to 2026-07-05 00:00:00+00:00, run_after=2026-07-06 00:00:00+00:00
[2026-07-06T16:27:48.951+0000] {processor.py:183} INFO - Processing /home/airflow/.local/lib/python3.8/site-packages/airflow/example_dags/example_short_circuit_decorator.py took 0.220 seconds
[2026-07-06T16:28:19.645+0000] {processor.py:161} INFO - Started process (PID=752) to work on /home/airflow/.local/lib/python3.8/site-packages/airflow/example_dags/example_short_circuit_decorator.py
[2026-07-06T16:28:19.647+0000] {processor.py:830} INFO - Processing file /home/airflow/.local/lib/python3.8/site-packages/airflow/example_dags/example_short_circuit_decorator.py for tasks to queue
[2026-07-06T16:28:19.651+0000] {logging_mixin.py:188} INFO - [2026-07-06T16:28:19.651+0000] {dagbag.py:538} INFO - Filling up the DagBag from /home/airflow/.local/lib/python3.8/site-packages/airflow/example_dags/example_short_circuit_decorator.py
[2026-07-06T16:28:19.680+0000] {processor.py:840} INFO - DAG(s) 'example_short_circuit_decorator' retrieved from /home/airflow/.local/lib/python3.8/site-packages/airflow/example_dags/example_short_circuit_decorator.py
[2026-07-06T16:28:19.770+0000] {logging_mixin.py:188} INFO - [2026-07-06T16:28:19.769+0000] {dag.py:3036} INFO - Sync 1 DAGs
[2026-07-06T16:28:19.903+0000] {logging_mixin.py:188} INFO - [2026-07-06T16:28:19.902+0000] {dag.py:3823} INFO - Setting next_dagrun for example_short_circuit_decorator to 2026-07-05 00:00:00+00:00, run_after=2026-07-06 00:00:00+00:00
[2026-07-06T16:28:19.979+0000] {processor.py:183} INFO - Processing /home/airflow/.local/lib/python3.8/site-packages/airflow/example_dags/example_short_circuit_decorator.py took 0.345 seconds
[2026-07-06T16:29:02.112+0000] {processor.py:161} INFO - Started process (PID=818) to work on /home/airflow/.local/lib/python3.8/site-packages/airflow/example_dags/example_short_circuit_decorator.py
[2026-07-06T16:29:02.117+0000] {processor.py:830} INFO - Processing file /home/airflow/.local/lib/python3.8/site-packages/airflow/example_dags/example_short_circuit_decorator.py for tasks to queue
[2026-07-06T16:29:02.123+0000] {logging_mixin.py:188} INFO - [2026-07-06T16:29:02.122+0000] {dagbag.py:538} INFO - Filling up the DagBag from /home/airflow/.local/lib/python3.8/site-packages/airflow/example_dags/example_short_circuit_decorator.py
[2026-07-06T16:29:02.146+0000] {processor.py:840} INFO - DAG(s) 'example_short_circuit_decorator' retrieved from /home/airflow/.local/lib/python3.8/site-packages/airflow/example_dags/example_short_circuit_decorator.py
[2026-07-06T16:29:02.245+0000] {logging_mixin.py:188} INFO - [2026-07-06T16:29:02.245+0000] {dag.py:3036} INFO - Sync 1 DAGs
[2026-07-06T16:29:02.321+0000] {logging_mixin.py:188} INFO - [2026-07-06T16:29:02.321+0000] {dag.py:3823} INFO - Setting next_dagrun for example_short_circuit_decorator to 2026-07-05 00:00:00+00:00, run_after=2026-07-06 00:00:00+00:00
[2026-07-06T16:29:02.390+0000] {processor.py:183} INFO - Processing /home/airflow/.local/lib/python3.8/site-packages/airflow/example_dags/example_short_circuit_decorator.py took 0.290 seconds
[2026-07-06T16:29:33.485+0000] {processor.py:161} INFO - Started process (PID=876) to work on /home/airflow/.local/lib/python3.8/site-packages/airflow/example_dags/example_short_circuit_decorator.py
[2026-07-06T16:29:33.507+0000] {processor.py:830} INFO - Processing file /home/airflow/.local/lib/python3.8/site-packages/airflow/example_dags/example_short_circuit_decorator.py for tasks to queue
[2026-07-06T16:29:33.521+0000] {logging_mixin.py:188} INFO - [2026-07-06T16:29:33.520+0000] {dagbag.py:538} INFO - Filling up the DagBag from /home/airflow/.local/lib/python3.8/site-packages/airflow/example_dags/example_short_circuit_decorator.py
[2026-07-06T16:29:33.628+0000] {processor.py:840} INFO - DAG(s) 'example_short_circuit_decorator' retrieved from /home/airflow/.local/lib/python3.8/site-packages/airflow/example_dags/example_short_circuit_decorator.py
[2026-07-06T16:29:33.789+0000] {logging_mixin.py:188} INFO - [2026-07-06T16:29:33.780+0000] {dag.py:3036} INFO - Sync 1 DAGs
[2026-07-06T16:29:33.874+0000] {logging_mixin.py:188} INFO - [2026-07-06T16:29:33.873+0000] {dag.py:3823} INFO - Setting next_dagrun for example_short_circuit_decorator to 2026-07-05 00:00:00+00:00, run_after=2026-07-06 00:00:00+00:00
[2026-07-06T16:29:33.929+0000] {processor.py:183} INFO - Processing /home/airflow/.local/lib/python3.8/site-packages/airflow/example_dags/example_short_circuit_decorator.py took 0.476 seconds
[2026-07-06T16:30:04.749+0000] {processor.py:161} INFO - Started process (PID=941) to work on /home/airflow/.local/lib/python3.8/site-packages/airflow/example_dags/example_short_circuit_decorator.py
[2026-07-06T16:30:04.752+0000] {processor.py:830} INFO - Processing file /home/airflow/.local/lib/python3.8/site-packages/airflow/example_dags/example_short_circuit_decorator.py for tasks to queue
[2026-07-06T16:30:04.757+0000] {logging_mixin.py:188} INFO - [2026-07-06T16:30:04.756+0000] {dagbag.py:538} INFO - Filling up the DagBag from /home/airflow/.local/lib/python3.8/site-packages/airflow/example_dags/example_short_circuit_decorator.py
[2026-07-06T16:30:04.779+0000] {processor.py:840} INFO - DAG(s) 'example_short_circuit_decorator' retrieved from /home/airflow/.local/lib/python3.8/site-packages/airflow/example_dags/example_short_circuit_decorator.py
[2026-07-06T16:30:04.843+0000] {logging_mixin.py:188} INFO - [2026-07-06T16:30:04.842+0000] {dag.py:3036} INFO - Sync 1 DAGs
[2026-07-06T16:30:04.912+0000] {logging_mixin.py:188} INFO - [2026-07-06T16:30:04.910+0000] {dag.py:3823} INFO - Setting next_dagrun for example_short_circuit_decorator to 2026-07-05 00:00:00+00:00, run_after=2026-07-06 00:00:00+00:00
[2026-07-06T16:30:04.972+0000] {processor.py:183} INFO - Processing /home/airflow/.local/lib/python3.8/site-packages/airflow/example_dags/example_short_circuit_decorator.py took 0.237 seconds
[2026-07-06T16:30:35.368+0000] {processor.py:161} INFO - Started process (PID=1008) to work on /home/airflow/.local/lib/python3.8/site-packages/airflow/example_dags/example_short_circuit_decorator.py
[2026-07-06T16:30:35.370+0000] {processor.py:830} INFO - Processing file /home/airflow/.local/lib/python3.8/site-packages/airflow/example_dags/example_short_circuit_decorator.py for tasks to queue
[2026-07-06T16:30:35.386+0000] {logging_mixin.py:188} INFO - [2026-07-06T16:30:35.385+0000] {dagbag.py:538} INFO - Filling up the DagBag from /home/airflow/.local/lib/python3.8/site-packages/airflow/example_dags/example_short_circuit_decorator.py
[2026-07-06T16:30:35.496+0000] {processor.py:840} INFO - DAG(s) 'example_short_circuit_decorator' retrieved from /home/airflow/.local/lib/python3.8/site-packages/airflow/example_dags/example_short_circuit_decorator.py
[2026-07-06T16:30:35.886+0000] {logging_mixin.py:188} INFO - [2026-07-06T16:30:35.885+0000] {dag.py:3036} INFO - Sync 1 DAGs
[2026-07-06T16:30:36.176+0000] {logging_mixin.py:188} INFO - [2026-07-06T16:30:36.173+0000] {dag.py:3823} INFO - Setting next_dagrun for example_short_circuit_decorator to 2026-07-05 00:00:00+00:00, run_after=2026-07-06 00:00:00+00:00
[2026-07-06T16:30:36.358+0000] {processor.py:183} INFO - Processing /home/airflow/.local/lib/python3.8/site-packages/airflow/example_dags/example_short_circuit_decorator.py took 1.025 seconds
[2026-07-06T16:31:06.699+0000] {processor.py:161} INFO - Started process (PID=1066) to work on /home/airflow/.local/lib/python3.8/site-packages/airflow/example_dags/example_short_circuit_decorator.py
[2026-07-06T16:31:06.703+0000] {processor.py:830} INFO - Processing file /home/airflow/.local/lib/python3.8/site-packages/airflow/example_dags/example_short_circuit_decorator.py for tasks to queue
[2026-07-06T16:31:06.710+0000] {logging_mixin.py:188} INFO - [2026-07-06T16:31:06.708+0000] {dagbag.py:538} INFO - Filling up the DagBag from /home/airflow/.local/lib/python3.8/site-packages/airflow/example_dags/example_short_circuit_decorator.py
[2026-07-06T16:31:06.734+0000] {processor.py:840} INFO - DAG(s) 'example_short_circuit_decorator' retrieved from /home/airflow/.local/lib/python3.8/site-packages/airflow/example_dags/example_short_circuit_decorator.py
[2026-07-06T16:31:06.786+0000] {logging_mixin.py:188} INFO - [2026-07-06T16:31:06.786+0000] {dag.py:3036} INFO - Sync 1 DAGs
[2026-07-06T16:31:06.830+0000] {logging_mixin.py:188} INFO - [2026-07-06T16:31:06.830+0000] {dag.py:3823} INFO - Setting next_dagrun for example_short_circuit_decorator to 2026-07-05 00:00:00+00:00, run_after=2026-07-06 00:00:00+00:00
[2026-07-06T16:31:06.870+0000] {processor.py:183} INFO - Processing /home/airflow/.local/lib/python3.8/site-packages/airflow/example_dags/example_short_circuit_decorator.py took 0.183 seconds
[2026-07-06T16:31:37.688+0000] {processor.py:161} INFO - Started process (PID=1131) to work on /home/airflow/.local/lib/python3.8/site-packages/airflow/example_dags/example_short_circuit_decorator.py
[2026-07-06T16:31:37.690+0000] {processor.py:830} INFO - Processing file /home/airflow/.local/lib/python3.8/site-packages/airflow/example_dags/example_short_circuit_decorator.py for tasks to queue
[2026-07-06T16:31:37.693+0000] {logging_mixin.py:188} INFO - [2026-07-06T16:31:37.693+0000] {dagbag.py:538} INFO - Filling up the DagBag from /home/airflow/.local/lib/python3.8/site-packages/airflow/example_dags/example_short_circuit_decorator.py
[2026-07-06T16:31:37.712+0000] {processor.py:840} INFO - DAG(s) 'example_short_circuit_decorator' retrieved from /home/airflow/.local/lib/python3.8/site-packages/airflow/example_dags/example_short_circuit_decorator.py
[2026-07-06T16:31:37.761+0000] {logging_mixin.py:188} INFO - [2026-07-06T16:31:37.761+0000] {dag.py:3036} INFO - Sync 1 DAGs
[2026-07-06T16:31:37.809+0000] {logging_mixin.py:188} INFO - [2026-07-06T16:31:37.809+0000] {dag.py:3823} INFO - Setting next_dagrun for example_short_circuit_decorator to 2026-07-05 00:00:00+00:00, run_after=2026-07-06 00:00:00+00:00
[2026-07-06T16:31:37.851+0000] {processor.py:183} INFO - Processing /home/airflow/.local/lib/python3.8/site-packages/airflow/example_dags/example_short_circuit_decorator.py took 0.171 seconds
[2026-07-06T16:32:08.473+0000] {processor.py:161} INFO - Started process (PID=1197) to work on /home/airflow/.local/lib/python3.8/site-packages/airflow/example_dags/example_short_circuit_decorator.py
[2026-07-06T16:32:08.489+0000] {processor.py:830} INFO - Processing file /home/airflow/.local/lib/python3.8/site-packages/airflow/example_dags/example_short_circuit_decorator.py for tasks to queue
[2026-07-06T16:32:08.495+0000] {logging_mixin.py:188} INFO - [2026-07-06T16:32:08.494+0000] {dagbag.py:538} INFO - Filling up the DagBag from /home/airflow/.local/lib/python3.8/site-packages/airflow/example_dags/example_short_circuit_decorator.py
[2026-07-06T16:32:08.732+0000] {processor.py:840} INFO - DAG(s) 'example_short_circuit_decorator' retrieved from /home/airflow/.local/lib/python3.8/site-packages/airflow/example_dags/example_short_circuit_decorator.py
[2026-07-06T16:32:08.909+0000] {logging_mixin.py:188} INFO - [2026-07-06T16:32:08.909+0000] {dag.py:3036} INFO - Sync 1 DAGs
[2026-07-06T16:32:09.073+0000] {logging_mixin.py:188} INFO - [2026-07-06T16:32:09.072+0000] {dag.py:3823} INFO - Setting next_dagrun for example_short_circuit_decorator to 2026-07-05 00:00:00+00:00, run_after=2026-07-06 00:00:00+00:00
[2026-07-06T16:32:09.177+0000] {processor.py:183} INFO - Processing /home/airflow/.local/lib/python3.8/site-packages/airflow/example_dags/example_short_circuit_decorator.py took 0.776 seconds
[2026-07-06T16:32:45.608+0000] {processor.py:161} INFO - Started process (PID=1252) to work on /home/airflow/.local/lib/python3.8/site-packages/airflow/example_dags/example_short_circuit_decorator.py
[2026-07-06T16:32:45.629+0000] {processor.py:830} INFO - Processing file /home/airflow/.local/lib/python3.8/site-packages/airflow/example_dags/example_short_circuit_decorator.py for tasks to queue
[2026-07-06T16:32:45.642+0000] {logging_mixin.py:188} INFO - [2026-07-06T16:32:45.641+0000] {dagbag.py:538} INFO - Filling up the DagBag from /home/airflow/.local/lib/python3.8/site-packages/airflow/example_dags/example_short_circuit_decorator.py
[2026-07-06T16:32:45.691+0000] {processor.py:840} INFO - DAG(s) 'example_short_circuit_decorator' retrieved from /home/airflow/.local/lib/python3.8/site-packages/airflow/example_dags/example_short_circuit_decorator.py
[2026-07-06T16:32:45.904+0000] {logging_mixin.py:188} INFO - [2026-07-06T16:32:45.903+0000] {dag.py:3036} INFO - Sync 1 DAGs
[2026-07-06T16:32:46.034+0000] {logging_mixin.py:188} INFO - [2026-07-06T16:32:46.033+0000] {dag.py:3823} INFO - Setting next_dagrun for example_short_circuit_decorator to 2026-07-05 00:00:00+00:00, run_after=2026-07-06 00:00:00+00:00
[2026-07-06T16:32:46.167+0000] {processor.py:183} INFO - Processing /home/airflow/.local/lib/python3.8/site-packages/airflow/example_dags/example_short_circuit_decorator.py took 0.588 seconds
[2026-07-06T16:33:16.907+0000] {processor.py:161} INFO - Started process (PID=1311) to work on /home/airflow/.local/lib/python3.8/site-packages/airflow/example_dags/example_short_circuit_decorator.py
[2026-07-06T16:33:16.910+0000] {processor.py:830} INFO - Processing file /home/airflow/.local/lib/python3.8/site-packages/airflow/example_dags/example_short_circuit_decorator.py for tasks to queue
[2026-07-06T16:33:16.915+0000] {logging_mixin.py:188} INFO - [2026-07-06T16:33:16.914+0000] {dagbag.py:538} INFO - Filling up the DagBag from /home/airflow/.local/lib/python3.8/site-packages/airflow/example_dags/example_short_circuit_decorator.py
[2026-07-06T16:33:16.937+0000] {processor.py:840} INFO - DAG(s) 'example_short_circuit_decorator' retrieved from /home/airflow/.local/lib/python3.8/site-packages/airflow/example_dags/example_short_circuit_decorator.py
[2026-07-06T16:33:16.997+0000] {logging_mixin.py:188} INFO - [2026-07-06T16:33:16.997+0000] {dag.py:3036} INFO - Sync 1 DAGs
[2026-07-06T16:33:17.049+0000] {logging_mixin.py:188} INFO - [2026-07-06T16:33:17.048+0000] {dag.py:3823} INFO - Setting next_dagrun for example_short_circuit_decorator to 2026-07-05 00:00:00+00:00, run_after=2026-07-06 00:00:00+00:00
[2026-07-06T16:33:17.090+0000] {processor.py:183} INFO - Processing /home/airflow/.local/lib/python3.8/site-packages/airflow/example_dags/example_short_circuit_decorator.py took 0.192 seconds
[2026-07-06T16:33:47.604+0000] {processor.py:161} INFO - Started process (PID=1374) to work on /home/airflow/.local/lib/python3.8/site-packages/airflow/example_dags/example_short_circuit_decorator.py
[2026-07-06T16:33:47.608+0000] {processor.py:830} INFO - Processing file /home/airflow/.local/lib/python3.8/site-packages/airflow/example_dags/example_short_circuit_decorator.py for tasks to queue
[2026-07-06T16:33:47.613+0000] {logging_mixin.py:188} INFO - [2026-07-06T16:33:47.612+0000] {dagbag.py:538} INFO - Filling up the DagBag from /home/airflow/.local/lib/python3.8/site-packages/airflow/example_dags/example_short_circuit_decorator.py
[2026-07-06T16:33:47.643+0000] {processor.py:840} INFO - DAG(s) 'example_short_circuit_decorator' retrieved from /home/airflow/.local/lib/python3.8/site-packages/airflow/example_dags/example_short_circuit_decorator.py
[2026-07-06T16:33:47.701+0000] {logging_mixin.py:188} INFO - [2026-07-06T16:33:47.700+0000] {dag.py:3036} INFO - Sync 1 DAGs
[2026-07-06T16:33:47.761+0000] {logging_mixin.py:188} INFO - [2026-07-06T16:33:47.761+0000] {dag.py:3823} INFO - Setting next_dagrun for example_short_circuit_decorator to 2026-07-05 00:00:00+00:00, run_after=2026-07-06 00:00:00+00:00
[2026-07-06T16:33:47.804+0000] {processor.py:183} INFO - Processing /home/airflow/.local/lib/python3.8/site-packages/airflow/example_dags/example_short_circuit_decorator.py took 0.211 seconds
[2026-07-06T16:34:18.058+0000] {processor.py:161} INFO - Started process (PID=1439) to work on /home/airflow/.local/lib/python3.8/site-packages/airflow/example_dags/example_short_circuit_decorator.py
[2026-07-06T16:34:18.061+0000] {processor.py:830} INFO - Processing file /home/airflow/.local/lib/python3.8/site-packages/airflow/example_dags/example_short_circuit_decorator.py for tasks to queue
[2026-07-06T16:34:18.067+0000] {logging_mixin.py:188} INFO - [2026-07-06T16:34:18.066+0000] {dagbag.py:538} INFO - Filling up the DagBag from /home/airflow/.local/lib/python3.8/site-packages/airflow/example_dags/example_short_circuit_decorator.py
[2026-07-06T16:34:18.110+0000] {processor.py:840} INFO - DAG(s) 'example_short_circuit_decorator' retrieved from /home/airflow/.local/lib/python3.8/site-packages/airflow/example_dags/example_short_circuit_decorator.py
[2026-07-06T16:34:18.179+0000] {logging_mixin.py:188} INFO - [2026-07-06T16:34:18.179+0000] {dag.py:3036} INFO - Sync 1 DAGs
[2026-07-06T16:34:18.258+0000] {logging_mixin.py:188} INFO - [2026-07-06T16:34:18.257+0000] {dag.py:3823} INFO - Setting next_dagrun for example_short_circuit_decorator to 2026-07-05 00:00:00+00:00, run_after=2026-07-06 00:00:00+00:00
[2026-07-06T16:34:18.305+0000] {processor.py:183} INFO - Processing /home/airflow/.local/lib/python3.8/site-packages/airflow/example_dags/example_short_circuit_decorator.py took 0.257 seconds
[2026-07-06T16:34:48.867+0000] {processor.py:161} INFO - Started process (PID=1505) to work on /home/airflow/.local/lib/python3.8/site-packages/airflow/example_dags/example_short_circuit_decorator.py
[2026-07-06T16:34:48.870+0000] {processor.py:830} INFO - Processing file /home/airflow/.local/lib/python3.8/site-packages/airflow/example_dags/example_short_circuit_decorator.py for tasks to queue
[2026-07-06T16:34:48.876+0000] {logging_mixin.py:188} INFO - [2026-07-06T16:34:48.875+0000] {dagbag.py:538} INFO - Filling up the DagBag from /home/airflow/.local/lib/python3.8/site-packages/airflow/example_dags/example_short_circuit_decorator.py
[2026-07-06T16:34:48.914+0000] {processor.py:840} INFO - DAG(s) 'example_short_circuit_decorator' retrieved from /home/airflow/.local/lib/python3.8/site-packages/airflow/example_dags/example_short_circuit_decorator.py
[2026-07-06T16:34:49.021+0000] {logging_mixin.py:188} INFO - [2026-07-06T16:34:49.020+0000] {dag.py:3036} INFO - Sync 1 DAGs
[2026-07-06T16:34:49.093+0000] {logging_mixin.py:188} INFO - [2026-07-06T16:34:49.092+0000] {dag.py:3823} INFO - Setting next_dagrun for example_short_circuit_decorator to 2026-07-05 00:00:00+00:00, run_after=2026-07-06 00:00:00+00:00
[2026-07-06T16:34:49.146+0000] {processor.py:183} INFO - Processing /home/airflow/.local/lib/python3.8/site-packages/airflow/example_dags/example_short_circuit_decorator.py took 0.290 seconds
