[2026-07-06T16:24:19.396+0000] {processor.py:161} INFO - Started process (PID=279) to work on /home/airflow/.local/lib/python3.8/site-packages/airflow/example_dags/example_branch_operator.py
[2026-07-06T16:24:19.398+0000] {processor.py:830} INFO - Processing file /home/airflow/.local/lib/python3.8/site-packages/airflow/example_dags/example_branch_operator.py for tasks to queue
[2026-07-06T16:24:19.430+0000] {logging_mixin.py:188} INFO - [2026-07-06T16:24:19.429+0000] {dagbag.py:538} INFO - Filling up the DagBag from /home/airflow/.local/lib/python3.8/site-packages/airflow/example_dags/example_branch_operator.py
[2026-07-06T16:24:20.081+0000] {processor.py:840} INFO - DAG(s) 'example_branch_operator' retrieved from /home/airflow/.local/lib/python3.8/site-packages/airflow/example_dags/example_branch_operator.py
[2026-07-06T16:24:21.169+0000] {logging_mixin.py:188} INFO - [2026-07-06T16:24:21.167+0000] {override.py:1769} INFO - Created Permission View: can read on DAG:example_branch_operator
[2026-07-06T16:24:21.229+0000] {logging_mixin.py:188} INFO - [2026-07-06T16:24:21.228+0000] {override.py:1769} INFO - Created Permission View: can delete on DAG:example_branch_operator
[2026-07-06T16:24:21.365+0000] {logging_mixin.py:188} INFO - [2026-07-06T16:24:21.364+0000] {override.py:1769} INFO - Created Permission View: can edit on DAG:example_branch_operator
[2026-07-06T16:24:21.366+0000] {logging_mixin.py:188} INFO - [2026-07-06T16:24:21.365+0000] {dag.py:3036} INFO - Sync 1 DAGs
[2026-07-06T16:24:21.557+0000] {logging_mixin.py:188} INFO - [2026-07-06T16:24:21.551+0000] {dag.py:3058} INFO - Creating ORM DAG for example_branch_operator
[2026-07-06T16:24:21.828+0000] {logging_mixin.py:188} INFO - [2026-07-06T16:24:21.816+0000] {dag.py:3823} INFO - Setting next_dagrun for example_branch_operator to 2026-07-05 00:00:00+00:00, run_after=2026-07-06 00:00:00+00:00
[2026-07-06T16:24:22.292+0000] {processor.py:183} INFO - Processing /home/airflow/.local/lib/python3.8/site-packages/airflow/example_dags/example_branch_operator.py took 2.963 seconds
[2026-07-06T16:24:54.603+0000] {processor.py:161} INFO - Started process (PID=340) to work on /home/airflow/.local/lib/python3.8/site-packages/airflow/example_dags/example_branch_operator.py
[2026-07-06T16:24:54.613+0000] {processor.py:830} INFO - Processing file /home/airflow/.local/lib/python3.8/site-packages/airflow/example_dags/example_branch_operator.py for tasks to queue
[2026-07-06T16:24:54.617+0000] {logging_mixin.py:188} INFO - [2026-07-06T16:24:54.617+0000] {dagbag.py:538} INFO - Filling up the DagBag from /home/airflow/.local/lib/python3.8/site-packages/airflow/example_dags/example_branch_operator.py
[2026-07-06T16:24:54.760+0000] {processor.py:840} INFO - DAG(s) 'example_branch_operator' retrieved from /home/airflow/.local/lib/python3.8/site-packages/airflow/example_dags/example_branch_operator.py
[2026-07-06T16:24:54.963+0000] {logging_mixin.py:188} INFO - [2026-07-06T16:24:54.962+0000] {dag.py:3036} INFO - Sync 1 DAGs
[2026-07-06T16:24:55.145+0000] {logging_mixin.py:188} INFO - [2026-07-06T16:24:55.133+0000] {dag.py:3823} INFO - Setting next_dagrun for example_branch_operator to 2026-07-05 00:00:00+00:00, run_after=2026-07-06 00:00:00+00:00
[2026-07-06T16:24:55.268+0000] {processor.py:183} INFO - Processing /home/airflow/.local/lib/python3.8/site-packages/airflow/example_dags/example_branch_operator.py took 0.692 seconds
[2026-07-06T16:25:28.074+0000] {processor.py:161} INFO - Started process (PID=405) to work on /home/airflow/.local/lib/python3.8/site-packages/airflow/example_dags/example_branch_operator.py
[2026-07-06T16:25:28.076+0000] {processor.py:830} INFO - Processing file /home/airflow/.local/lib/python3.8/site-packages/airflow/example_dags/example_branch_operator.py for tasks to queue
[2026-07-06T16:25:28.081+0000] {logging_mixin.py:188} INFO - [2026-07-06T16:25:28.079+0000] {dagbag.py:538} INFO - Filling up the DagBag from /home/airflow/.local/lib/python3.8/site-packages/airflow/example_dags/example_branch_operator.py
[2026-07-06T16:25:28.169+0000] {processor.py:840} INFO - DAG(s) 'example_branch_operator' retrieved from /home/airflow/.local/lib/python3.8/site-packages/airflow/example_dags/example_branch_operator.py
[2026-07-06T16:25:28.266+0000] {logging_mixin.py:188} INFO - [2026-07-06T16:25:28.266+0000] {dag.py:3036} INFO - Sync 1 DAGs
[2026-07-06T16:25:28.351+0000] {logging_mixin.py:188} INFO - [2026-07-06T16:25:28.350+0000] {dag.py:3823} INFO - Setting next_dagrun for example_branch_operator to 2026-07-05 00:00:00+00:00, run_after=2026-07-06 00:00:00+00:00
[2026-07-06T16:25:28.409+0000] {processor.py:183} INFO - Processing /home/airflow/.local/lib/python3.8/site-packages/airflow/example_dags/example_branch_operator.py took 0.344 seconds
[2026-07-06T16:25:58.753+0000] {processor.py:161} INFO - Started process (PID=469) to work on /home/airflow/.local/lib/python3.8/site-packages/airflow/example_dags/example_branch_operator.py
[2026-07-06T16:25:58.757+0000] {processor.py:830} INFO - Processing file /home/airflow/.local/lib/python3.8/site-packages/airflow/example_dags/example_branch_operator.py for tasks to queue
[2026-07-06T16:25:58.762+0000] {logging_mixin.py:188} INFO - [2026-07-06T16:25:58.761+0000] {dagbag.py:538} INFO - Filling up the DagBag from /home/airflow/.local/lib/python3.8/site-packages/airflow/example_dags/example_branch_operator.py
[2026-07-06T16:25:58.821+0000] {processor.py:840} INFO - DAG(s) 'example_branch_operator' retrieved from /home/airflow/.local/lib/python3.8/site-packages/airflow/example_dags/example_branch_operator.py
[2026-07-06T16:25:58.910+0000] {logging_mixin.py:188} INFO - [2026-07-06T16:25:58.909+0000] {dag.py:3036} INFO - Sync 1 DAGs
[2026-07-06T16:25:58.979+0000] {logging_mixin.py:188} INFO - [2026-07-06T16:25:58.978+0000] {dag.py:3823} INFO - Setting next_dagrun for example_branch_operator to 2026-07-05 00:00:00+00:00, run_after=2026-07-06 00:00:00+00:00
[2026-07-06T16:25:59.045+0000] {processor.py:183} INFO - Processing /home/airflow/.local/lib/python3.8/site-packages/airflow/example_dags/example_branch_operator.py took 0.304 seconds
[2026-07-06T16:26:29.241+0000] {processor.py:161} INFO - Started process (PID=528) to work on /home/airflow/.local/lib/python3.8/site-packages/airflow/example_dags/example_branch_operator.py
[2026-07-06T16:26:29.243+0000] {processor.py:830} INFO - Processing file /home/airflow/.local/lib/python3.8/site-packages/airflow/example_dags/example_branch_operator.py for tasks to queue
[2026-07-06T16:26:29.248+0000] {logging_mixin.py:188} INFO - [2026-07-06T16:26:29.247+0000] {dagbag.py:538} INFO - Filling up the DagBag from /home/airflow/.local/lib/python3.8/site-packages/airflow/example_dags/example_branch_operator.py
[2026-07-06T16:26:29.302+0000] {processor.py:840} INFO - DAG(s) 'example_branch_operator' retrieved from /home/airflow/.local/lib/python3.8/site-packages/airflow/example_dags/example_branch_operator.py
[2026-07-06T16:26:29.375+0000] {logging_mixin.py:188} INFO - [2026-07-06T16:26:29.374+0000] {dag.py:3036} INFO - Sync 1 DAGs
[2026-07-06T16:26:29.431+0000] {logging_mixin.py:188} INFO - [2026-07-06T16:26:29.431+0000] {dag.py:3823} INFO - Setting next_dagrun for example_branch_operator to 2026-07-05 00:00:00+00:00, run_after=2026-07-06 00:00:00+00:00
[2026-07-06T16:26:29.477+0000] {processor.py:183} INFO - Processing /home/airflow/.local/lib/python3.8/site-packages/airflow/example_dags/example_branch_operator.py took 0.251 seconds
[2026-07-06T16:26:59.901+0000] {processor.py:161} INFO - Started process (PID=595) to work on /home/airflow/.local/lib/python3.8/site-packages/airflow/example_dags/example_branch_operator.py
[2026-07-06T16:26:59.905+0000] {processor.py:830} INFO - Processing file /home/airflow/.local/lib/python3.8/site-packages/airflow/example_dags/example_branch_operator.py for tasks to queue
[2026-07-06T16:26:59.913+0000] {logging_mixin.py:188} INFO - [2026-07-06T16:26:59.912+0000] {dagbag.py:538} INFO - Filling up the DagBag from /home/airflow/.local/lib/python3.8/site-packages/airflow/example_dags/example_branch_operator.py
[2026-07-06T16:26:59.975+0000] {processor.py:840} INFO - DAG(s) 'example_branch_operator' retrieved from /home/airflow/.local/lib/python3.8/site-packages/airflow/example_dags/example_branch_operator.py
[2026-07-06T16:27:00.064+0000] {logging_mixin.py:188} INFO - [2026-07-06T16:27:00.063+0000] {dag.py:3036} INFO - Sync 1 DAGs
[2026-07-06T16:27:00.149+0000] {logging_mixin.py:188} INFO - [2026-07-06T16:27:00.148+0000] {dag.py:3823} INFO - Setting next_dagrun for example_branch_operator to 2026-07-05 00:00:00+00:00, run_after=2026-07-06 00:00:00+00:00
[2026-07-06T16:27:00.202+0000] {processor.py:183} INFO - Processing /home/airflow/.local/lib/python3.8/site-packages/airflow/example_dags/example_branch_operator.py took 0.314 seconds
[2026-07-06T16:27:34.107+0000] {processor.py:161} INFO - Started process (PID=660) to work on /home/airflow/.local/lib/python3.8/site-packages/airflow/example_dags/example_branch_operator.py
[2026-07-06T16:27:34.110+0000] {processor.py:830} INFO - Processing file /home/airflow/.local/lib/python3.8/site-packages/airflow/example_dags/example_branch_operator.py for tasks to queue
[2026-07-06T16:27:34.115+0000] {logging_mixin.py:188} INFO - [2026-07-06T16:27:34.114+0000] {dagbag.py:538} INFO - Filling up the DagBag from /home/airflow/.local/lib/python3.8/site-packages/airflow/example_dags/example_branch_operator.py
[2026-07-06T16:27:34.157+0000] {processor.py:840} INFO - DAG(s) 'example_branch_operator' retrieved from /home/airflow/.local/lib/python3.8/site-packages/airflow/example_dags/example_branch_operator.py
[2026-07-06T16:27:34.249+0000] {logging_mixin.py:188} INFO - [2026-07-06T16:27:34.248+0000] {dag.py:3036} INFO - Sync 1 DAGs
[2026-07-06T16:27:34.308+0000] {logging_mixin.py:188} INFO - [2026-07-06T16:27:34.307+0000] {dag.py:3823} INFO - Setting next_dagrun for example_branch_operator to 2026-07-05 00:00:00+00:00, run_after=2026-07-06 00:00:00+00:00
[2026-07-06T16:27:34.350+0000] {processor.py:183} INFO - Processing /home/airflow/.local/lib/python3.8/site-packages/airflow/example_dags/example_branch_operator.py took 0.254 seconds
[2026-07-06T16:28:12.936+0000] {processor.py:161} INFO - Started process (PID=726) to work on /home/airflow/.local/lib/python3.8/site-packages/airflow/example_dags/example_branch_operator.py
[2026-07-06T16:28:12.950+0000] {processor.py:830} INFO - Processing file /home/airflow/.local/lib/python3.8/site-packages/airflow/example_dags/example_branch_operator.py for tasks to queue
[2026-07-06T16:28:12.955+0000] {logging_mixin.py:188} INFO - [2026-07-06T16:28:12.954+0000] {dagbag.py:538} INFO - Filling up the DagBag from /home/airflow/.local/lib/python3.8/site-packages/airflow/example_dags/example_branch_operator.py
[2026-07-06T16:28:13.022+0000] {processor.py:840} INFO - DAG(s) 'example_branch_operator' retrieved from /home/airflow/.local/lib/python3.8/site-packages/airflow/example_dags/example_branch_operator.py
[2026-07-06T16:28:13.115+0000] {logging_mixin.py:188} INFO - [2026-07-06T16:28:13.114+0000] {dag.py:3036} INFO - Sync 1 DAGs
[2026-07-06T16:28:13.170+0000] {logging_mixin.py:188} INFO - [2026-07-06T16:28:13.169+0000] {dag.py:3823} INFO - Setting next_dagrun for example_branch_operator to 2026-07-05 00:00:00+00:00, run_after=2026-07-06 00:00:00+00:00
[2026-07-06T16:28:13.240+0000] {processor.py:183} INFO - Processing /home/airflow/.local/lib/python3.8/site-packages/airflow/example_dags/example_branch_operator.py took 0.323 seconds
[2026-07-06T16:28:59.446+0000] {processor.py:161} INFO - Started process (PID=809) to work on /home/airflow/.local/lib/python3.8/site-packages/airflow/example_dags/example_branch_operator.py
[2026-07-06T16:28:59.449+0000] {processor.py:830} INFO - Processing file /home/airflow/.local/lib/python3.8/site-packages/airflow/example_dags/example_branch_operator.py for tasks to queue
[2026-07-06T16:28:59.462+0000] {logging_mixin.py:188} INFO - [2026-07-06T16:28:59.460+0000] {dagbag.py:538} INFO - Filling up the DagBag from /home/airflow/.local/lib/python3.8/site-packages/airflow/example_dags/example_branch_operator.py
[2026-07-06T16:28:59.563+0000] {processor.py:840} INFO - DAG(s) 'example_branch_operator' retrieved from /home/airflow/.local/lib/python3.8/site-packages/airflow/example_dags/example_branch_operator.py
[2026-07-06T16:28:59.788+0000] {logging_mixin.py:188} INFO - [2026-07-06T16:28:59.787+0000] {dag.py:3036} INFO - Sync 1 DAGs
[2026-07-06T16:29:00.173+0000] {logging_mixin.py:188} INFO - [2026-07-06T16:29:00.172+0000] {dag.py:3823} INFO - Setting next_dagrun for example_branch_operator to 2026-07-05 00:00:00+00:00, run_after=2026-07-06 00:00:00+00:00
[2026-07-06T16:29:00.270+0000] {processor.py:183} INFO - Processing /home/airflow/.local/lib/python3.8/site-packages/airflow/example_dags/example_branch_operator.py took 0.863 seconds
[2026-07-06T16:29:30.789+0000] {processor.py:161} INFO - Started process (PID=868) to work on /home/airflow/.local/lib/python3.8/site-packages/airflow/example_dags/example_branch_operator.py
[2026-07-06T16:29:30.792+0000] {processor.py:830} INFO - Processing file /home/airflow/.local/lib/python3.8/site-packages/airflow/example_dags/example_branch_operator.py for tasks to queue
[2026-07-06T16:29:30.797+0000] {logging_mixin.py:188} INFO - [2026-07-06T16:29:30.796+0000] {dagbag.py:538} INFO - Filling up the DagBag from /home/airflow/.local/lib/python3.8/site-packages/airflow/example_dags/example_branch_operator.py
[2026-07-06T16:29:30.858+0000] {processor.py:840} INFO - DAG(s) 'example_branch_operator' retrieved from /home/airflow/.local/lib/python3.8/site-packages/airflow/example_dags/example_branch_operator.py
[2026-07-06T16:29:30.935+0000] {logging_mixin.py:188} INFO - [2026-07-06T16:29:30.935+0000] {dag.py:3036} INFO - Sync 1 DAGs
[2026-07-06T16:29:30.992+0000] {logging_mixin.py:188} INFO - [2026-07-06T16:29:30.991+0000] {dag.py:3823} INFO - Setting next_dagrun for example_branch_operator to 2026-07-05 00:00:00+00:00, run_after=2026-07-06 00:00:00+00:00
[2026-07-06T16:29:31.035+0000] {processor.py:183} INFO - Processing /home/airflow/.local/lib/python3.8/site-packages/airflow/example_dags/example_branch_operator.py took 0.257 seconds
[2026-07-06T16:30:01.274+0000] {processor.py:161} INFO - Started process (PID=934) to work on /home/airflow/.local/lib/python3.8/site-packages/airflow/example_dags/example_branch_operator.py
[2026-07-06T16:30:01.277+0000] {processor.py:830} INFO - Processing file /home/airflow/.local/lib/python3.8/site-packages/airflow/example_dags/example_branch_operator.py for tasks to queue
[2026-07-06T16:30:01.283+0000] {logging_mixin.py:188} INFO - [2026-07-06T16:30:01.282+0000] {dagbag.py:538} INFO - Filling up the DagBag from /home/airflow/.local/lib/python3.8/site-packages/airflow/example_dags/example_branch_operator.py
[2026-07-06T16:30:01.345+0000] {processor.py:840} INFO - DAG(s) 'example_branch_operator' retrieved from /home/airflow/.local/lib/python3.8/site-packages/airflow/example_dags/example_branch_operator.py
[2026-07-06T16:30:01.481+0000] {logging_mixin.py:188} INFO - [2026-07-06T16:30:01.480+0000] {dag.py:3036} INFO - Sync 1 DAGs
[2026-07-06T16:30:01.609+0000] {logging_mixin.py:188} INFO - [2026-07-06T16:30:01.609+0000] {dag.py:3823} INFO - Setting next_dagrun for example_branch_operator to 2026-07-05 00:00:00+00:00, run_after=2026-07-06 00:00:00+00:00
[2026-07-06T16:30:01.681+0000] {processor.py:183} INFO - Processing /home/airflow/.local/lib/python3.8/site-packages/airflow/example_dags/example_branch_operator.py took 0.418 seconds
[2026-07-06T16:30:32.530+0000] {processor.py:161} INFO - Started process (PID=1001) to work on /home/airflow/.local/lib/python3.8/site-packages/airflow/example_dags/example_branch_operator.py
[2026-07-06T16:30:32.532+0000] {processor.py:830} INFO - Processing file /home/airflow/.local/lib/python3.8/site-packages/airflow/example_dags/example_branch_operator.py for tasks to queue
[2026-07-06T16:30:32.540+0000] {logging_mixin.py:188} INFO - [2026-07-06T16:30:32.538+0000] {dagbag.py:538} INFO - Filling up the DagBag from /home/airflow/.local/lib/python3.8/site-packages/airflow/example_dags/example_branch_operator.py
[2026-07-06T16:30:32.621+0000] {processor.py:840} INFO - DAG(s) 'example_branch_operator' retrieved from /home/airflow/.local/lib/python3.8/site-packages/airflow/example_dags/example_branch_operator.py
[2026-07-06T16:30:32.713+0000] {logging_mixin.py:188} INFO - [2026-07-06T16:30:32.711+0000] {dag.py:3036} INFO - Sync 1 DAGs
[2026-07-06T16:30:32.807+0000] {logging_mixin.py:188} INFO - [2026-07-06T16:30:32.807+0000] {dag.py:3823} INFO - Setting next_dagrun for example_branch_operator to 2026-07-05 00:00:00+00:00, run_after=2026-07-06 00:00:00+00:00
[2026-07-06T16:30:32.867+0000] {processor.py:183} INFO - Processing /home/airflow/.local/lib/python3.8/site-packages/airflow/example_dags/example_branch_operator.py took 0.347 seconds
[2026-07-06T16:31:03.575+0000] {processor.py:161} INFO - Started process (PID=1059) to work on /home/airflow/.local/lib/python3.8/site-packages/airflow/example_dags/example_branch_operator.py
[2026-07-06T16:31:03.577+0000] {processor.py:830} INFO - Processing file /home/airflow/.local/lib/python3.8/site-packages/airflow/example_dags/example_branch_operator.py for tasks to queue
[2026-07-06T16:31:03.582+0000] {logging_mixin.py:188} INFO - [2026-07-06T16:31:03.581+0000] {dagbag.py:538} INFO - Filling up the DagBag from /home/airflow/.local/lib/python3.8/site-packages/airflow/example_dags/example_branch_operator.py
[2026-07-06T16:31:03.625+0000] {processor.py:840} INFO - DAG(s) 'example_branch_operator' retrieved from /home/airflow/.local/lib/python3.8/site-packages/airflow/example_dags/example_branch_operator.py
[2026-07-06T16:31:03.684+0000] {logging_mixin.py:188} INFO - [2026-07-06T16:31:03.683+0000] {dag.py:3036} INFO - Sync 1 DAGs
[2026-07-06T16:31:03.733+0000] {logging_mixin.py:188} INFO - [2026-07-06T16:31:03.732+0000] {dag.py:3823} INFO - Setting next_dagrun for example_branch_operator to 2026-07-05 00:00:00+00:00, run_after=2026-07-06 00:00:00+00:00
[2026-07-06T16:31:03.773+0000] {processor.py:183} INFO - Processing /home/airflow/.local/lib/python3.8/site-packages/airflow/example_dags/example_branch_operator.py took 0.207 seconds
[2026-07-06T16:31:34.118+0000] {processor.py:161} INFO - Started process (PID=1124) to work on /home/airflow/.local/lib/python3.8/site-packages/airflow/example_dags/example_branch_operator.py
[2026-07-06T16:31:34.121+0000] {processor.py:830} INFO - Processing file /home/airflow/.local/lib/python3.8/site-packages/airflow/example_dags/example_branch_operator.py for tasks to queue
[2026-07-06T16:31:34.126+0000] {logging_mixin.py:188} INFO - [2026-07-06T16:31:34.126+0000] {dagbag.py:538} INFO - Filling up the DagBag from /home/airflow/.local/lib/python3.8/site-packages/airflow/example_dags/example_branch_operator.py
[2026-07-06T16:31:34.172+0000] {processor.py:840} INFO - DAG(s) 'example_branch_operator' retrieved from /home/airflow/.local/lib/python3.8/site-packages/airflow/example_dags/example_branch_operator.py
[2026-07-06T16:31:34.268+0000] {logging_mixin.py:188} INFO - [2026-07-06T16:31:34.267+0000] {dag.py:3036} INFO - Sync 1 DAGs
[2026-07-06T16:31:34.355+0000] {logging_mixin.py:188} INFO - [2026-07-06T16:31:34.355+0000] {dag.py:3823} INFO - Setting next_dagrun for example_branch_operator to 2026-07-05 00:00:00+00:00, run_after=2026-07-06 00:00:00+00:00
[2026-07-06T16:31:34.414+0000] {processor.py:183} INFO - Processing /home/airflow/.local/lib/python3.8/site-packages/airflow/example_dags/example_branch_operator.py took 0.304 seconds
[2026-07-06T16:32:05.338+0000] {processor.py:161} INFO - Started process (PID=1191) to work on /home/airflow/.local/lib/python3.8/site-packages/airflow/example_dags/example_branch_operator.py
[2026-07-06T16:32:05.348+0000] {processor.py:830} INFO - Processing file /home/airflow/.local/lib/python3.8/site-packages/airflow/example_dags/example_branch_operator.py for tasks to queue
[2026-07-06T16:32:05.355+0000] {logging_mixin.py:188} INFO - [2026-07-06T16:32:05.354+0000] {dagbag.py:538} INFO - Filling up the DagBag from /home/airflow/.local/lib/python3.8/site-packages/airflow/example_dags/example_branch_operator.py
[2026-07-06T16:32:05.486+0000] {processor.py:840} INFO - DAG(s) 'example_branch_operator' retrieved from /home/airflow/.local/lib/python3.8/site-packages/airflow/example_dags/example_branch_operator.py
[2026-07-06T16:32:05.754+0000] {logging_mixin.py:188} INFO - [2026-07-06T16:32:05.753+0000] {dag.py:3036} INFO - Sync 1 DAGs
[2026-07-06T16:32:06.464+0000] {logging_mixin.py:188} INFO - [2026-07-06T16:32:06.463+0000] {dag.py:3823} INFO - Setting next_dagrun for example_branch_operator to 2026-07-05 00:00:00+00:00, run_after=2026-07-06 00:00:00+00:00
[2026-07-06T16:32:06.599+0000] {processor.py:183} INFO - Processing /home/airflow/.local/lib/python3.8/site-packages/airflow/example_dags/example_branch_operator.py took 1.279 seconds
[2026-07-06T16:32:48.612+0000] {processor.py:161} INFO - Started process (PID=1266) to work on /home/airflow/.local/lib/python3.8/site-packages/airflow/example_dags/example_branch_operator.py
[2026-07-06T16:32:48.615+0000] {processor.py:830} INFO - Processing file /home/airflow/.local/lib/python3.8/site-packages/airflow/example_dags/example_branch_operator.py for tasks to queue
[2026-07-06T16:32:48.622+0000] {logging_mixin.py:188} INFO - [2026-07-06T16:32:48.620+0000] {dagbag.py:538} INFO - Filling up the DagBag from /home/airflow/.local/lib/python3.8/site-packages/airflow/example_dags/example_branch_operator.py
[2026-07-06T16:32:48.687+0000] {processor.py:840} INFO - DAG(s) 'example_branch_operator' retrieved from /home/airflow/.local/lib/python3.8/site-packages/airflow/example_dags/example_branch_operator.py
[2026-07-06T16:32:48.756+0000] {logging_mixin.py:188} INFO - [2026-07-06T16:32:48.756+0000] {dag.py:3036} INFO - Sync 1 DAGs
[2026-07-06T16:32:48.820+0000] {logging_mixin.py:188} INFO - [2026-07-06T16:32:48.818+0000] {dag.py:3823} INFO - Setting next_dagrun for example_branch_operator to 2026-07-05 00:00:00+00:00, run_after=2026-07-06 00:00:00+00:00
[2026-07-06T16:32:48.909+0000] {processor.py:183} INFO - Processing /home/airflow/.local/lib/python3.8/site-packages/airflow/example_dags/example_branch_operator.py took 0.307 seconds
[2026-07-06T16:33:19.119+0000] {processor.py:161} INFO - Started process (PID=1325) to work on /home/airflow/.local/lib/python3.8/site-packages/airflow/example_dags/example_branch_operator.py
[2026-07-06T16:33:19.123+0000] {processor.py:830} INFO - Processing file /home/airflow/.local/lib/python3.8/site-packages/airflow/example_dags/example_branch_operator.py for tasks to queue
[2026-07-06T16:33:19.127+0000] {logging_mixin.py:188} INFO - [2026-07-06T16:33:19.127+0000] {dagbag.py:538} INFO - Filling up the DagBag from /home/airflow/.local/lib/python3.8/site-packages/airflow/example_dags/example_branch_operator.py
[2026-07-06T16:33:19.181+0000] {processor.py:840} INFO - DAG(s) 'example_branch_operator' retrieved from /home/airflow/.local/lib/python3.8/site-packages/airflow/example_dags/example_branch_operator.py
[2026-07-06T16:33:19.318+0000] {logging_mixin.py:188} INFO - [2026-07-06T16:33:19.317+0000] {dag.py:3036} INFO - Sync 1 DAGs
[2026-07-06T16:33:19.389+0000] {logging_mixin.py:188} INFO - [2026-07-06T16:33:19.389+0000] {dag.py:3823} INFO - Setting next_dagrun for example_branch_operator to 2026-07-05 00:00:00+00:00, run_after=2026-07-06 00:00:00+00:00
[2026-07-06T16:33:19.439+0000] {processor.py:183} INFO - Processing /home/airflow/.local/lib/python3.8/site-packages/airflow/example_dags/example_branch_operator.py took 0.331 seconds
[2026-07-06T16:33:50.556+0000] {processor.py:161} INFO - Started process (PID=1389) to work on /home/airflow/.local/lib/python3.8/site-packages/airflow/example_dags/example_branch_operator.py
[2026-07-06T16:33:50.559+0000] {processor.py:830} INFO - Processing file /home/airflow/.local/lib/python3.8/site-packages/airflow/example_dags/example_branch_operator.py for tasks to queue
[2026-07-06T16:33:50.564+0000] {logging_mixin.py:188} INFO - [2026-07-06T16:33:50.563+0000] {dagbag.py:538} INFO - Filling up the DagBag from /home/airflow/.local/lib/python3.8/site-packages/airflow/example_dags/example_branch_operator.py
[2026-07-06T16:33:50.607+0000] {processor.py:840} INFO - DAG(s) 'example_branch_operator' retrieved from /home/airflow/.local/lib/python3.8/site-packages/airflow/example_dags/example_branch_operator.py
[2026-07-06T16:33:50.680+0000] {logging_mixin.py:188} INFO - [2026-07-06T16:33:50.680+0000] {dag.py:3036} INFO - Sync 1 DAGs
[2026-07-06T16:33:50.795+0000] {logging_mixin.py:188} INFO - [2026-07-06T16:33:50.794+0000] {dag.py:3823} INFO - Setting next_dagrun for example_branch_operator to 2026-07-05 00:00:00+00:00, run_after=2026-07-06 00:00:00+00:00
[2026-07-06T16:33:50.848+0000] {processor.py:183} INFO - Processing /home/airflow/.local/lib/python3.8/site-packages/airflow/example_dags/example_branch_operator.py took 0.304 seconds
[2026-07-06T16:34:21.362+0000] {processor.py:161} INFO - Started process (PID=1454) to work on /home/airflow/.local/lib/python3.8/site-packages/airflow/example_dags/example_branch_operator.py
[2026-07-06T16:34:21.365+0000] {processor.py:830} INFO - Processing file /home/airflow/.local/lib/python3.8/site-packages/airflow/example_dags/example_branch_operator.py for tasks to queue
[2026-07-06T16:34:21.371+0000] {logging_mixin.py:188} INFO - [2026-07-06T16:34:21.370+0000] {dagbag.py:538} INFO - Filling up the DagBag from /home/airflow/.local/lib/python3.8/site-packages/airflow/example_dags/example_branch_operator.py
[2026-07-06T16:34:21.439+0000] {processor.py:840} INFO - DAG(s) 'example_branch_operator' retrieved from /home/airflow/.local/lib/python3.8/site-packages/airflow/example_dags/example_branch_operator.py
[2026-07-06T16:34:21.586+0000] {logging_mixin.py:188} INFO - [2026-07-06T16:34:21.585+0000] {dag.py:3036} INFO - Sync 1 DAGs
[2026-07-06T16:34:21.658+0000] {logging_mixin.py:188} INFO - [2026-07-06T16:34:21.658+0000] {dag.py:3823} INFO - Setting next_dagrun for example_branch_operator to 2026-07-05 00:00:00+00:00, run_after=2026-07-06 00:00:00+00:00
[2026-07-06T16:34:21.705+0000] {processor.py:183} INFO - Processing /home/airflow/.local/lib/python3.8/site-packages/airflow/example_dags/example_branch_operator.py took 0.354 seconds
[2026-07-06T16:34:53.206+0000] {processor.py:161} INFO - Started process (PID=1521) to work on /home/airflow/.local/lib/python3.8/site-packages/airflow/example_dags/example_branch_operator.py
[2026-07-06T16:34:53.208+0000] {processor.py:830} INFO - Processing file /home/airflow/.local/lib/python3.8/site-packages/airflow/example_dags/example_branch_operator.py for tasks to queue
[2026-07-06T16:34:53.213+0000] {logging_mixin.py:188} INFO - [2026-07-06T16:34:53.212+0000] {dagbag.py:538} INFO - Filling up the DagBag from /home/airflow/.local/lib/python3.8/site-packages/airflow/example_dags/example_branch_operator.py
[2026-07-06T16:34:53.279+0000] {processor.py:840} INFO - DAG(s) 'example_branch_operator' retrieved from /home/airflow/.local/lib/python3.8/site-packages/airflow/example_dags/example_branch_operator.py
[2026-07-06T16:34:53.379+0000] {logging_mixin.py:188} INFO - [2026-07-06T16:34:53.379+0000] {dag.py:3036} INFO - Sync 1 DAGs
[2026-07-06T16:34:53.451+0000] {logging_mixin.py:188} INFO - [2026-07-06T16:34:53.450+0000] {dag.py:3823} INFO - Setting next_dagrun for example_branch_operator to 2026-07-05 00:00:00+00:00, run_after=2026-07-06 00:00:00+00:00
[2026-07-06T16:34:53.512+0000] {processor.py:183} INFO - Processing /home/airflow/.local/lib/python3.8/site-packages/airflow/example_dags/example_branch_operator.py took 0.315 seconds
[2026-07-06T16:35:24.338+0000] {processor.py:161} INFO - Started process (PID=1585) to work on /home/airflow/.local/lib/python3.8/site-packages/airflow/example_dags/example_branch_operator.py
[2026-07-06T16:35:24.344+0000] {processor.py:830} INFO - Processing file /home/airflow/.local/lib/python3.8/site-packages/airflow/example_dags/example_branch_operator.py for tasks to queue
[2026-07-06T16:35:24.353+0000] {logging_mixin.py:188} INFO - [2026-07-06T16:35:24.353+0000] {dagbag.py:538} INFO - Filling up the DagBag from /home/airflow/.local/lib/python3.8/site-packages/airflow/example_dags/example_branch_operator.py
[2026-07-06T16:35:24.429+0000] {processor.py:840} INFO - DAG(s) 'example_branch_operator' retrieved from /home/airflow/.local/lib/python3.8/site-packages/airflow/example_dags/example_branch_operator.py
[2026-07-06T16:35:24.529+0000] {logging_mixin.py:188} INFO - [2026-07-06T16:35:24.528+0000] {dag.py:3036} INFO - Sync 1 DAGs
[2026-07-06T16:35:24.618+0000] {logging_mixin.py:188} INFO - [2026-07-06T16:35:24.617+0000] {dag.py:3823} INFO - Setting next_dagrun for example_branch_operator to 2026-07-05 00:00:00+00:00, run_after=2026-07-06 00:00:00+00:00
[2026-07-06T16:35:24.669+0000] {processor.py:183} INFO - Processing /home/airflow/.local/lib/python3.8/site-packages/airflow/example_dags/example_branch_operator.py took 0.342 seconds
[2026-07-06T16:35:55.522+0000] {processor.py:161} INFO - Started process (PID=1651) to work on /home/airflow/.local/lib/python3.8/site-packages/airflow/example_dags/example_branch_operator.py
[2026-07-06T16:35:55.524+0000] {processor.py:830} INFO - Processing file /home/airflow/.local/lib/python3.8/site-packages/airflow/example_dags/example_branch_operator.py for tasks to queue
[2026-07-06T16:35:55.530+0000] {logging_mixin.py:188} INFO - [2026-07-06T16:35:55.529+0000] {dagbag.py:538} INFO - Filling up the DagBag from /home/airflow/.local/lib/python3.8/site-packages/airflow/example_dags/example_branch_operator.py
[2026-07-06T16:35:55.589+0000] {processor.py:840} INFO - DAG(s) 'example_branch_operator' retrieved from /home/airflow/.local/lib/python3.8/site-packages/airflow/example_dags/example_branch_operator.py
[2026-07-06T16:35:55.660+0000] {logging_mixin.py:188} INFO - [2026-07-06T16:35:55.660+0000] {dag.py:3036} INFO - Sync 1 DAGs
[2026-07-06T16:35:55.749+0000] {logging_mixin.py:188} INFO - [2026-07-06T16:35:55.748+0000] {dag.py:3823} INFO - Setting next_dagrun for example_branch_operator to 2026-07-05 00:00:00+00:00, run_after=2026-07-06 00:00:00+00:00
[2026-07-06T16:35:55.818+0000] {processor.py:183} INFO - Processing /home/airflow/.local/lib/python3.8/site-packages/airflow/example_dags/example_branch_operator.py took 0.304 seconds
[2026-07-06T16:36:27.978+0000] {processor.py:161} INFO - Started process (PID=1715) to work on /home/airflow/.local/lib/python3.8/site-packages/airflow/example_dags/example_branch_operator.py
[2026-07-06T16:36:27.989+0000] {processor.py:830} INFO - Processing file /home/airflow/.local/lib/python3.8/site-packages/airflow/example_dags/example_branch_operator.py for tasks to queue
[2026-07-06T16:36:28.003+0000] {logging_mixin.py:188} INFO - [2026-07-06T16:36:28.002+0000] {dagbag.py:538} INFO - Filling up the DagBag from /home/airflow/.local/lib/python3.8/site-packages/airflow/example_dags/example_branch_operator.py
[2026-07-06T16:36:28.071+0000] {processor.py:840} INFO - DAG(s) 'example_branch_operator' retrieved from /home/airflow/.local/lib/python3.8/site-packages/airflow/example_dags/example_branch_operator.py
[2026-07-06T16:36:28.194+0000] {logging_mixin.py:188} INFO - [2026-07-06T16:36:28.193+0000] {dag.py:3036} INFO - Sync 1 DAGs
[2026-07-06T16:36:28.271+0000] {logging_mixin.py:188} INFO - [2026-07-06T16:36:28.270+0000] {dag.py:3823} INFO - Setting next_dagrun for example_branch_operator to 2026-07-05 00:00:00+00:00, run_after=2026-07-06 00:00:00+00:00
[2026-07-06T16:36:28.330+0000] {processor.py:183} INFO - Processing /home/airflow/.local/lib/python3.8/site-packages/airflow/example_dags/example_branch_operator.py took 0.371 seconds
[2026-07-06T16:36:58.942+0000] {processor.py:161} INFO - Started process (PID=1774) to work on /home/airflow/.local/lib/python3.8/site-packages/airflow/example_dags/example_branch_operator.py
[2026-07-06T16:36:58.945+0000] {processor.py:830} INFO - Processing file /home/airflow/.local/lib/python3.8/site-packages/airflow/example_dags/example_branch_operator.py for tasks to queue
[2026-07-06T16:36:58.951+0000] {logging_mixin.py:188} INFO - [2026-07-06T16:36:58.950+0000] {dagbag.py:538} INFO - Filling up the DagBag from /home/airflow/.local/lib/python3.8/site-packages/airflow/example_dags/example_branch_operator.py
[2026-07-06T16:36:58.998+0000] {processor.py:840} INFO - DAG(s) 'example_branch_operator' retrieved from /home/airflow/.local/lib/python3.8/site-packages/airflow/example_dags/example_branch_operator.py
[2026-07-06T16:36:59.100+0000] {logging_mixin.py:188} INFO - [2026-07-06T16:36:59.099+0000] {dag.py:3036} INFO - Sync 1 DAGs
[2026-07-06T16:36:59.162+0000] {logging_mixin.py:188} INFO - [2026-07-06T16:36:59.161+0000] {dag.py:3823} INFO - Setting next_dagrun for example_branch_operator to 2026-07-05 00:00:00+00:00, run_after=2026-07-06 00:00:00+00:00
[2026-07-06T16:36:59.220+0000] {processor.py:183} INFO - Processing /home/airflow/.local/lib/python3.8/site-packages/airflow/example_dags/example_branch_operator.py took 0.287 seconds
[2026-07-06T16:37:30.498+0000] {processor.py:161} INFO - Started process (PID=1842) to work on /home/airflow/.local/lib/python3.8/site-packages/airflow/example_dags/example_branch_operator.py
[2026-07-06T16:37:30.500+0000] {processor.py:830} INFO - Processing file /home/airflow/.local/lib/python3.8/site-packages/airflow/example_dags/example_branch_operator.py for tasks to queue
[2026-07-06T16:37:30.504+0000] {logging_mixin.py:188} INFO - [2026-07-06T16:37:30.503+0000] {dagbag.py:538} INFO - Filling up the DagBag from /home/airflow/.local/lib/python3.8/site-packages/airflow/example_dags/example_branch_operator.py
[2026-07-06T16:37:30.544+0000] {processor.py:840} INFO - DAG(s) 'example_branch_operator' retrieved from /home/airflow/.local/lib/python3.8/site-packages/airflow/example_dags/example_branch_operator.py
[2026-07-06T16:37:30.615+0000] {logging_mixin.py:188} INFO - [2026-07-06T16:37:30.614+0000] {dag.py:3036} INFO - Sync 1 DAGs
[2026-07-06T16:37:30.669+0000] {logging_mixin.py:188} INFO - [2026-07-06T16:37:30.669+0000] {dag.py:3823} INFO - Setting next_dagrun for example_branch_operator to 2026-07-05 00:00:00+00:00, run_after=2026-07-06 00:00:00+00:00
[2026-07-06T16:37:30.721+0000] {processor.py:183} INFO - Processing /home/airflow/.local/lib/python3.8/site-packages/airflow/example_dags/example_branch_operator.py took 0.231 seconds
[2026-07-06T16:38:01.032+0000] {processor.py:161} INFO - Started process (PID=1906) to work on /home/airflow/.local/lib/python3.8/site-packages/airflow/example_dags/example_branch_operator.py
[2026-07-06T16:38:01.034+0000] {processor.py:830} INFO - Processing file /home/airflow/.local/lib/python3.8/site-packages/airflow/example_dags/example_branch_operator.py for tasks to queue
[2026-07-06T16:38:01.038+0000] {logging_mixin.py:188} INFO - [2026-07-06T16:38:01.037+0000] {dagbag.py:538} INFO - Filling up the DagBag from /home/airflow/.local/lib/python3.8/site-packages/airflow/example_dags/example_branch_operator.py
[2026-07-06T16:38:01.092+0000] {processor.py:840} INFO - DAG(s) 'example_branch_operator' retrieved from /home/airflow/.local/lib/python3.8/site-packages/airflow/example_dags/example_branch_operator.py
[2026-07-06T16:38:01.214+0000] {logging_mixin.py:188} INFO - [2026-07-06T16:38:01.213+0000] {dag.py:3036} INFO - Sync 1 DAGs
[2026-07-06T16:38:01.303+0000] {logging_mixin.py:188} INFO - [2026-07-06T16:38:01.303+0000] {dag.py:3823} INFO - Setting next_dagrun for example_branch_operator to 2026-07-05 00:00:00+00:00, run_after=2026-07-06 00:00:00+00:00
[2026-07-06T16:38:01.360+0000] {processor.py:183} INFO - Processing /home/airflow/.local/lib/python3.8/site-packages/airflow/example_dags/example_branch_operator.py took 0.345 seconds
[2026-07-06T16:38:32.060+0000] {processor.py:161} INFO - Started process (PID=1973) to work on /home/airflow/.local/lib/python3.8/site-packages/airflow/example_dags/example_branch_operator.py
[2026-07-06T16:38:32.063+0000] {processor.py:830} INFO - Processing file /home/airflow/.local/lib/python3.8/site-packages/airflow/example_dags/example_branch_operator.py for tasks to queue
[2026-07-06T16:38:32.067+0000] {logging_mixin.py:188} INFO - [2026-07-06T16:38:32.066+0000] {dagbag.py:538} INFO - Filling up the DagBag from /home/airflow/.local/lib/python3.8/site-packages/airflow/example_dags/example_branch_operator.py
[2026-07-06T16:38:32.120+0000] {processor.py:840} INFO - DAG(s) 'example_branch_operator' retrieved from /home/airflow/.local/lib/python3.8/site-packages/airflow/example_dags/example_branch_operator.py
[2026-07-06T16:38:32.188+0000] {logging_mixin.py:188} INFO - [2026-07-06T16:38:32.188+0000] {dag.py:3036} INFO - Sync 1 DAGs
[2026-07-06T16:38:32.260+0000] {logging_mixin.py:188} INFO - [2026-07-06T16:38:32.259+0000] {dag.py:3823} INFO - Setting next_dagrun for example_branch_operator to 2026-07-05 00:00:00+00:00, run_after=2026-07-06 00:00:00+00:00
[2026-07-06T16:38:32.312+0000] {processor.py:183} INFO - Processing /home/airflow/.local/lib/python3.8/site-packages/airflow/example_dags/example_branch_operator.py took 0.260 seconds
[2026-07-06T16:39:02.725+0000] {processor.py:161} INFO - Started process (PID=2039) to work on /home/airflow/.local/lib/python3.8/site-packages/airflow/example_dags/example_branch_operator.py
[2026-07-06T16:39:02.727+0000] {processor.py:830} INFO - Processing file /home/airflow/.local/lib/python3.8/site-packages/airflow/example_dags/example_branch_operator.py for tasks to queue
[2026-07-06T16:39:02.731+0000] {logging_mixin.py:188} INFO - [2026-07-06T16:39:02.730+0000] {dagbag.py:538} INFO - Filling up the DagBag from /home/airflow/.local/lib/python3.8/site-packages/airflow/example_dags/example_branch_operator.py
[2026-07-06T16:39:02.795+0000] {processor.py:840} INFO - DAG(s) 'example_branch_operator' retrieved from /home/airflow/.local/lib/python3.8/site-packages/airflow/example_dags/example_branch_operator.py
[2026-07-06T16:39:02.902+0000] {logging_mixin.py:188} INFO - [2026-07-06T16:39:02.902+0000] {dag.py:3036} INFO - Sync 1 DAGs
[2026-07-06T16:39:02.955+0000] {logging_mixin.py:188} INFO - [2026-07-06T16:39:02.955+0000] {dag.py:3823} INFO - Setting next_dagrun for example_branch_operator to 2026-07-05 00:00:00+00:00, run_after=2026-07-06 00:00:00+00:00
[2026-07-06T16:39:03.008+0000] {processor.py:183} INFO - Processing /home/airflow/.local/lib/python3.8/site-packages/airflow/example_dags/example_branch_operator.py took 0.309 seconds
[2026-07-06T16:39:33.311+0000] {processor.py:161} INFO - Started process (PID=2098) to work on /home/airflow/.local/lib/python3.8/site-packages/airflow/example_dags/example_branch_operator.py
[2026-07-06T16:39:33.314+0000] {processor.py:830} INFO - Processing file /home/airflow/.local/lib/python3.8/site-packages/airflow/example_dags/example_branch_operator.py for tasks to queue
[2026-07-06T16:39:33.325+0000] {logging_mixin.py:188} INFO - [2026-07-06T16:39:33.322+0000] {dagbag.py:538} INFO - Filling up the DagBag from /home/airflow/.local/lib/python3.8/site-packages/airflow/example_dags/example_branch_operator.py
[2026-07-06T16:39:33.388+0000] {processor.py:840} INFO - DAG(s) 'example_branch_operator' retrieved from /home/airflow/.local/lib/python3.8/site-packages/airflow/example_dags/example_branch_operator.py
[2026-07-06T16:39:33.474+0000] {logging_mixin.py:188} INFO - [2026-07-06T16:39:33.473+0000] {dag.py:3036} INFO - Sync 1 DAGs
[2026-07-06T16:39:33.549+0000] {logging_mixin.py:188} INFO - [2026-07-06T16:39:33.548+0000] {dag.py:3823} INFO - Setting next_dagrun for example_branch_operator to 2026-07-05 00:00:00+00:00, run_after=2026-07-06 00:00:00+00:00
[2026-07-06T16:39:33.604+0000] {processor.py:183} INFO - Processing /home/airflow/.local/lib/python3.8/site-packages/airflow/example_dags/example_branch_operator.py took 0.308 seconds
[2026-07-06T16:40:20.219+0000] {processor.py:161} INFO - Started process (PID=2180) to work on /home/airflow/.local/lib/python3.8/site-packages/airflow/example_dags/example_branch_operator.py
[2026-07-06T16:40:20.230+0000] {processor.py:830} INFO - Processing file /home/airflow/.local/lib/python3.8/site-packages/airflow/example_dags/example_branch_operator.py for tasks to queue
[2026-07-06T16:40:20.244+0000] {logging_mixin.py:188} INFO - [2026-07-06T16:40:20.243+0000] {dagbag.py:538} INFO - Filling up the DagBag from /home/airflow/.local/lib/python3.8/site-packages/airflow/example_dags/example_branch_operator.py
[2026-07-06T16:40:20.394+0000] {processor.py:840} INFO - DAG(s) 'example_branch_operator' retrieved from /home/airflow/.local/lib/python3.8/site-packages/airflow/example_dags/example_branch_operator.py
[2026-07-06T16:40:20.617+0000] {logging_mixin.py:188} INFO - [2026-07-06T16:40:20.616+0000] {dag.py:3036} INFO - Sync 1 DAGs
[2026-07-06T16:40:21.073+0000] {logging_mixin.py:188} INFO - [2026-07-06T16:40:21.072+0000] {dag.py:3823} INFO - Setting next_dagrun for example_branch_operator to 2026-07-05 00:00:00+00:00, run_after=2026-07-06 00:00:00+00:00
[2026-07-06T16:40:21.379+0000] {processor.py:183} INFO - Processing /home/airflow/.local/lib/python3.8/site-packages/airflow/example_dags/example_branch_operator.py took 1.185 seconds
[2026-07-06T16:40:52.000+0000] {processor.py:161} INFO - Started process (PID=2239) to work on /home/airflow/.local/lib/python3.8/site-packages/airflow/example_dags/example_branch_operator.py
[2026-07-06T16:40:52.004+0000] {processor.py:830} INFO - Processing file /home/airflow/.local/lib/python3.8/site-packages/airflow/example_dags/example_branch_operator.py for tasks to queue
[2026-07-06T16:40:52.008+0000] {logging_mixin.py:188} INFO - [2026-07-06T16:40:52.007+0000] {dagbag.py:538} INFO - Filling up the DagBag from /home/airflow/.local/lib/python3.8/site-packages/airflow/example_dags/example_branch_operator.py
[2026-07-06T16:40:52.063+0000] {processor.py:840} INFO - DAG(s) 'example_branch_operator' retrieved from /home/airflow/.local/lib/python3.8/site-packages/airflow/example_dags/example_branch_operator.py
[2026-07-06T16:40:52.135+0000] {logging_mixin.py:188} INFO - [2026-07-06T16:40:52.134+0000] {dag.py:3036} INFO - Sync 1 DAGs
[2026-07-06T16:40:52.185+0000] {logging_mixin.py:188} INFO - [2026-07-06T16:40:52.184+0000] {dag.py:3823} INFO - Setting next_dagrun for example_branch_operator to 2026-07-05 00:00:00+00:00, run_after=2026-07-06 00:00:00+00:00
[2026-07-06T16:40:52.229+0000] {processor.py:183} INFO - Processing /home/airflow/.local/lib/python3.8/site-packages/airflow/example_dags/example_branch_operator.py took 0.245 seconds
[2026-07-06T16:41:22.442+0000] {processor.py:161} INFO - Started process (PID=2305) to work on /home/airflow/.local/lib/python3.8/site-packages/airflow/example_dags/example_branch_operator.py
[2026-07-06T16:41:22.452+0000] {processor.py:830} INFO - Processing file /home/airflow/.local/lib/python3.8/site-packages/airflow/example_dags/example_branch_operator.py for tasks to queue
[2026-07-06T16:41:22.457+0000] {logging_mixin.py:188} INFO - [2026-07-06T16:41:22.456+0000] {dagbag.py:538} INFO - Filling up the DagBag from /home/airflow/.local/lib/python3.8/site-packages/airflow/example_dags/example_branch_operator.py
[2026-07-06T16:41:22.503+0000] {processor.py:840} INFO - DAG(s) 'example_branch_operator' retrieved from /home/airflow/.local/lib/python3.8/site-packages/airflow/example_dags/example_branch_operator.py
[2026-07-06T16:41:22.565+0000] {logging_mixin.py:188} INFO - [2026-07-06T16:41:22.564+0000] {dag.py:3036} INFO - Sync 1 DAGs
[2026-07-06T16:41:22.619+0000] {logging_mixin.py:188} INFO - [2026-07-06T16:41:22.619+0000] {dag.py:3823} INFO - Setting next_dagrun for example_branch_operator to 2026-07-05 00:00:00+00:00, run_after=2026-07-06 00:00:00+00:00
[2026-07-06T16:41:22.658+0000] {processor.py:183} INFO - Processing /home/airflow/.local/lib/python3.8/site-packages/airflow/example_dags/example_branch_operator.py took 0.226 seconds
[2026-07-06T16:41:52.742+0000] {processor.py:161} INFO - Started process (PID=2372) to work on /home/airflow/.local/lib/python3.8/site-packages/airflow/example_dags/example_branch_operator.py
[2026-07-06T16:41:52.744+0000] {processor.py:830} INFO - Processing file /home/airflow/.local/lib/python3.8/site-packages/airflow/example_dags/example_branch_operator.py for tasks to queue
[2026-07-06T16:41:52.749+0000] {logging_mixin.py:188} INFO - [2026-07-06T16:41:52.748+0000] {dagbag.py:538} INFO - Filling up the DagBag from /home/airflow/.local/lib/python3.8/site-packages/airflow/example_dags/example_branch_operator.py
[2026-07-06T16:41:52.791+0000] {processor.py:840} INFO - DAG(s) 'example_branch_operator' retrieved from /home/airflow/.local/lib/python3.8/site-packages/airflow/example_dags/example_branch_operator.py
[2026-07-06T16:41:52.854+0000] {logging_mixin.py:188} INFO - [2026-07-06T16:41:52.853+0000] {dag.py:3036} INFO - Sync 1 DAGs
[2026-07-06T16:41:52.905+0000] {logging_mixin.py:188} INFO - [2026-07-06T16:41:52.905+0000] {dag.py:3823} INFO - Setting next_dagrun for example_branch_operator to 2026-07-05 00:00:00+00:00, run_after=2026-07-06 00:00:00+00:00
[2026-07-06T16:41:52.942+0000] {processor.py:183} INFO - Processing /home/airflow/.local/lib/python3.8/site-packages/airflow/example_dags/example_branch_operator.py took 0.209 seconds
[2026-07-06T16:42:23.130+0000] {processor.py:161} INFO - Started process (PID=2438) to work on /home/airflow/.local/lib/python3.8/site-packages/airflow/example_dags/example_branch_operator.py
[2026-07-06T16:42:23.140+0000] {processor.py:830} INFO - Processing file /home/airflow/.local/lib/python3.8/site-packages/airflow/example_dags/example_branch_operator.py for tasks to queue
[2026-07-06T16:42:23.147+0000] {logging_mixin.py:188} INFO - [2026-07-06T16:42:23.146+0000] {dagbag.py:538} INFO - Filling up the DagBag from /home/airflow/.local/lib/python3.8/site-packages/airflow/example_dags/example_branch_operator.py
[2026-07-06T16:42:23.201+0000] {processor.py:840} INFO - DAG(s) 'example_branch_operator' retrieved from /home/airflow/.local/lib/python3.8/site-packages/airflow/example_dags/example_branch_operator.py
[2026-07-06T16:42:23.268+0000] {logging_mixin.py:188} INFO - [2026-07-06T16:42:23.268+0000] {dag.py:3036} INFO - Sync 1 DAGs
[2026-07-06T16:42:23.324+0000] {logging_mixin.py:188} INFO - [2026-07-06T16:42:23.323+0000] {dag.py:3823} INFO - Setting next_dagrun for example_branch_operator to 2026-07-05 00:00:00+00:00, run_after=2026-07-06 00:00:00+00:00
[2026-07-06T16:42:23.368+0000] {processor.py:183} INFO - Processing /home/airflow/.local/lib/python3.8/site-packages/airflow/example_dags/example_branch_operator.py took 0.254 seconds
[2026-07-06T16:42:54.133+0000] {processor.py:161} INFO - Started process (PID=2504) to work on /home/airflow/.local/lib/python3.8/site-packages/airflow/example_dags/example_branch_operator.py
[2026-07-06T16:42:54.142+0000] {processor.py:830} INFO - Processing file /home/airflow/.local/lib/python3.8/site-packages/airflow/example_dags/example_branch_operator.py for tasks to queue
[2026-07-06T16:42:54.147+0000] {logging_mixin.py:188} INFO - [2026-07-06T16:42:54.146+0000] {dagbag.py:538} INFO - Filling up the DagBag from /home/airflow/.local/lib/python3.8/site-packages/airflow/example_dags/example_branch_operator.py
[2026-07-06T16:42:54.188+0000] {processor.py:840} INFO - DAG(s) 'example_branch_operator' retrieved from /home/airflow/.local/lib/python3.8/site-packages/airflow/example_dags/example_branch_operator.py
[2026-07-06T16:42:54.276+0000] {logging_mixin.py:188} INFO - [2026-07-06T16:42:54.276+0000] {dag.py:3036} INFO - Sync 1 DAGs
[2026-07-06T16:42:54.327+0000] {logging_mixin.py:188} INFO - [2026-07-06T16:42:54.326+0000] {dag.py:3823} INFO - Setting next_dagrun for example_branch_operator to 2026-07-05 00:00:00+00:00, run_after=2026-07-06 00:00:00+00:00
[2026-07-06T16:42:54.368+0000] {processor.py:183} INFO - Processing /home/airflow/.local/lib/python3.8/site-packages/airflow/example_dags/example_branch_operator.py took 0.244 seconds
[2026-07-06T16:43:24.471+0000] {processor.py:161} INFO - Started process (PID=2571) to work on /home/airflow/.local/lib/python3.8/site-packages/airflow/example_dags/example_branch_operator.py
[2026-07-06T16:43:24.474+0000] {processor.py:830} INFO - Processing file /home/airflow/.local/lib/python3.8/site-packages/airflow/example_dags/example_branch_operator.py for tasks to queue
[2026-07-06T16:43:24.479+0000] {logging_mixin.py:188} INFO - [2026-07-06T16:43:24.479+0000] {dagbag.py:538} INFO - Filling up the DagBag from /home/airflow/.local/lib/python3.8/site-packages/airflow/example_dags/example_branch_operator.py
[2026-07-06T16:43:24.526+0000] {processor.py:840} INFO - DAG(s) 'example_branch_operator' retrieved from /home/airflow/.local/lib/python3.8/site-packages/airflow/example_dags/example_branch_operator.py
[2026-07-06T16:43:24.651+0000] {logging_mixin.py:188} INFO - [2026-07-06T16:43:24.650+0000] {dag.py:3036} INFO - Sync 1 DAGs
[2026-07-06T16:43:24.719+0000] {logging_mixin.py:188} INFO - [2026-07-06T16:43:24.718+0000] {dag.py:3823} INFO - Setting next_dagrun for example_branch_operator to 2026-07-05 00:00:00+00:00, run_after=2026-07-06 00:00:00+00:00
[2026-07-06T16:43:24.768+0000] {processor.py:183} INFO - Processing /home/airflow/.local/lib/python3.8/site-packages/airflow/example_dags/example_branch_operator.py took 0.309 seconds
[2026-07-06T16:43:54.920+0000] {processor.py:161} INFO - Started process (PID=2638) to work on /home/airflow/.local/lib/python3.8/site-packages/airflow/example_dags/example_branch_operator.py
[2026-07-06T16:43:54.924+0000] {processor.py:830} INFO - Processing file /home/airflow/.local/lib/python3.8/site-packages/airflow/example_dags/example_branch_operator.py for tasks to queue
[2026-07-06T16:43:54.927+0000] {logging_mixin.py:188} INFO - [2026-07-06T16:43:54.927+0000] {dagbag.py:538} INFO - Filling up the DagBag from /home/airflow/.local/lib/python3.8/site-packages/airflow/example_dags/example_branch_operator.py
[2026-07-06T16:43:54.975+0000] {processor.py:840} INFO - DAG(s) 'example_branch_operator' retrieved from /home/airflow/.local/lib/python3.8/site-packages/airflow/example_dags/example_branch_operator.py
[2026-07-06T16:43:55.064+0000] {logging_mixin.py:188} INFO - [2026-07-06T16:43:55.063+0000] {dag.py:3036} INFO - Sync 1 DAGs
[2026-07-06T16:43:55.142+0000] {logging_mixin.py:188} INFO - [2026-07-06T16:43:55.141+0000] {dag.py:3823} INFO - Setting next_dagrun for example_branch_operator to 2026-07-05 00:00:00+00:00, run_after=2026-07-06 00:00:00+00:00
[2026-07-06T16:43:55.214+0000] {processor.py:183} INFO - Processing /home/airflow/.local/lib/python3.8/site-packages/airflow/example_dags/example_branch_operator.py took 0.303 seconds
[2026-07-06T16:44:25.537+0000] {processor.py:161} INFO - Started process (PID=2697) to work on /home/airflow/.local/lib/python3.8/site-packages/airflow/example_dags/example_branch_operator.py
[2026-07-06T16:44:25.539+0000] {processor.py:830} INFO - Processing file /home/airflow/.local/lib/python3.8/site-packages/airflow/example_dags/example_branch_operator.py for tasks to queue
[2026-07-06T16:44:25.543+0000] {logging_mixin.py:188} INFO - [2026-07-06T16:44:25.542+0000] {dagbag.py:538} INFO - Filling up the DagBag from /home/airflow/.local/lib/python3.8/site-packages/airflow/example_dags/example_branch_operator.py
[2026-07-06T16:44:25.595+0000] {processor.py:840} INFO - DAG(s) 'example_branch_operator' retrieved from /home/airflow/.local/lib/python3.8/site-packages/airflow/example_dags/example_branch_operator.py
[2026-07-06T16:44:25.664+0000] {logging_mixin.py:188} INFO - [2026-07-06T16:44:25.664+0000] {dag.py:3036} INFO - Sync 1 DAGs
[2026-07-06T16:44:25.712+0000] {logging_mixin.py:188} INFO - [2026-07-06T16:44:25.712+0000] {dag.py:3823} INFO - Setting next_dagrun for example_branch_operator to 2026-07-05 00:00:00+00:00, run_after=2026-07-06 00:00:00+00:00
[2026-07-06T16:44:25.761+0000] {processor.py:183} INFO - Processing /home/airflow/.local/lib/python3.8/site-packages/airflow/example_dags/example_branch_operator.py took 0.233 seconds
[2026-07-06T16:44:56.072+0000] {processor.py:161} INFO - Started process (PID=2764) to work on /home/airflow/.local/lib/python3.8/site-packages/airflow/example_dags/example_branch_operator.py
[2026-07-06T16:44:56.075+0000] {processor.py:830} INFO - Processing file /home/airflow/.local/lib/python3.8/site-packages/airflow/example_dags/example_branch_operator.py for tasks to queue
[2026-07-06T16:44:56.080+0000] {logging_mixin.py:188} INFO - [2026-07-06T16:44:56.079+0000] {dagbag.py:538} INFO - Filling up the DagBag from /home/airflow/.local/lib/python3.8/site-packages/airflow/example_dags/example_branch_operator.py
[2026-07-06T16:44:56.134+0000] {processor.py:840} INFO - DAG(s) 'example_branch_operator' retrieved from /home/airflow/.local/lib/python3.8/site-packages/airflow/example_dags/example_branch_operator.py
[2026-07-06T16:44:56.219+0000] {logging_mixin.py:188} INFO - [2026-07-06T16:44:56.219+0000] {dag.py:3036} INFO - Sync 1 DAGs
[2026-07-06T16:44:56.284+0000] {logging_mixin.py:188} INFO - [2026-07-06T16:44:56.284+0000] {dag.py:3823} INFO - Setting next_dagrun for example_branch_operator to 2026-07-05 00:00:00+00:00, run_after=2026-07-06 00:00:00+00:00
[2026-07-06T16:44:56.338+0000] {processor.py:183} INFO - Processing /home/airflow/.local/lib/python3.8/site-packages/airflow/example_dags/example_branch_operator.py took 0.276 seconds
[2026-07-06T16:45:26.626+0000] {processor.py:161} INFO - Started process (PID=2829) to work on /home/airflow/.local/lib/python3.8/site-packages/airflow/example_dags/example_branch_operator.py
[2026-07-06T16:45:26.629+0000] {processor.py:830} INFO - Processing file /home/airflow/.local/lib/python3.8/site-packages/airflow/example_dags/example_branch_operator.py for tasks to queue
[2026-07-06T16:45:26.633+0000] {logging_mixin.py:188} INFO - [2026-07-06T16:45:26.632+0000] {dagbag.py:538} INFO - Filling up the DagBag from /home/airflow/.local/lib/python3.8/site-packages/airflow/example_dags/example_branch_operator.py
[2026-07-06T16:45:26.671+0000] {processor.py:840} INFO - DAG(s) 'example_branch_operator' retrieved from /home/airflow/.local/lib/python3.8/site-packages/airflow/example_dags/example_branch_operator.py
[2026-07-06T16:45:26.725+0000] {logging_mixin.py:188} INFO - [2026-07-06T16:45:26.725+0000] {dag.py:3036} INFO - Sync 1 DAGs
[2026-07-06T16:45:26.770+0000] {logging_mixin.py:188} INFO - [2026-07-06T16:45:26.770+0000] {dag.py:3823} INFO - Setting next_dagrun for example_branch_operator to 2026-07-05 00:00:00+00:00, run_after=2026-07-06 00:00:00+00:00
[2026-07-06T16:45:26.808+0000] {processor.py:183} INFO - Processing /home/airflow/.local/lib/python3.8/site-packages/airflow/example_dags/example_branch_operator.py took 0.190 seconds
[2026-07-06T16:45:57.315+0000] {processor.py:161} INFO - Started process (PID=2892) to work on /home/airflow/.local/lib/python3.8/site-packages/airflow/example_dags/example_branch_operator.py
[2026-07-06T16:45:57.318+0000] {processor.py:830} INFO - Processing file /home/airflow/.local/lib/python3.8/site-packages/airflow/example_dags/example_branch_operator.py for tasks to queue
[2026-07-06T16:45:57.323+0000] {logging_mixin.py:188} INFO - [2026-07-06T16:45:57.322+0000] {dagbag.py:538} INFO - Filling up the DagBag from /home/airflow/.local/lib/python3.8/site-packages/airflow/example_dags/example_branch_operator.py
[2026-07-06T16:45:57.383+0000] {processor.py:840} INFO - DAG(s) 'example_branch_operator' retrieved from /home/airflow/.local/lib/python3.8/site-packages/airflow/example_dags/example_branch_operator.py
[2026-07-06T16:45:57.479+0000] {logging_mixin.py:188} INFO - [2026-07-06T16:45:57.479+0000] {dag.py:3036} INFO - Sync 1 DAGs
[2026-07-06T16:45:57.560+0000] {logging_mixin.py:188} INFO - [2026-07-06T16:45:57.559+0000] {dag.py:3823} INFO - Setting next_dagrun for example_branch_operator to 2026-07-05 00:00:00+00:00, run_after=2026-07-06 00:00:00+00:00
[2026-07-06T16:45:57.624+0000] {processor.py:183} INFO - Processing /home/airflow/.local/lib/python3.8/site-packages/airflow/example_dags/example_branch_operator.py took 0.320 seconds
[2026-07-06T16:46:28.211+0000] {processor.py:161} INFO - Started process (PID=2960) to work on /home/airflow/.local/lib/python3.8/site-packages/airflow/example_dags/example_branch_operator.py
[2026-07-06T16:46:28.221+0000] {processor.py:830} INFO - Processing file /home/airflow/.local/lib/python3.8/site-packages/airflow/example_dags/example_branch_operator.py for tasks to queue
[2026-07-06T16:46:28.226+0000] {logging_mixin.py:188} INFO - [2026-07-06T16:46:28.225+0000] {dagbag.py:538} INFO - Filling up the DagBag from /home/airflow/.local/lib/python3.8/site-packages/airflow/example_dags/example_branch_operator.py
[2026-07-06T16:46:28.271+0000] {processor.py:840} INFO - DAG(s) 'example_branch_operator' retrieved from /home/airflow/.local/lib/python3.8/site-packages/airflow/example_dags/example_branch_operator.py
[2026-07-06T16:46:28.352+0000] {logging_mixin.py:188} INFO - [2026-07-06T16:46:28.352+0000] {dag.py:3036} INFO - Sync 1 DAGs
[2026-07-06T16:46:28.396+0000] {logging_mixin.py:188} INFO - [2026-07-06T16:46:28.395+0000] {dag.py:3823} INFO - Setting next_dagrun for example_branch_operator to 2026-07-05 00:00:00+00:00, run_after=2026-07-06 00:00:00+00:00
[2026-07-06T16:46:28.436+0000] {processor.py:183} INFO - Processing /home/airflow/.local/lib/python3.8/site-packages/airflow/example_dags/example_branch_operator.py took 0.238 seconds
[2026-07-06T16:46:58.933+0000] {processor.py:161} INFO - Started process (PID=3027) to work on /home/airflow/.local/lib/python3.8/site-packages/airflow/example_dags/example_branch_operator.py
[2026-07-06T16:46:58.935+0000] {processor.py:830} INFO - Processing file /home/airflow/.local/lib/python3.8/site-packages/airflow/example_dags/example_branch_operator.py for tasks to queue
[2026-07-06T16:46:58.940+0000] {logging_mixin.py:188} INFO - [2026-07-06T16:46:58.939+0000] {dagbag.py:538} INFO - Filling up the DagBag from /home/airflow/.local/lib/python3.8/site-packages/airflow/example_dags/example_branch_operator.py
[2026-07-06T16:46:58.990+0000] {processor.py:840} INFO - DAG(s) 'example_branch_operator' retrieved from /home/airflow/.local/lib/python3.8/site-packages/airflow/example_dags/example_branch_operator.py
[2026-07-06T16:46:59.109+0000] {logging_mixin.py:188} INFO - [2026-07-06T16:46:59.108+0000] {dag.py:3036} INFO - Sync 1 DAGs
[2026-07-06T16:46:59.199+0000] {logging_mixin.py:188} INFO - [2026-07-06T16:46:59.198+0000] {dag.py:3823} INFO - Setting next_dagrun for example_branch_operator to 2026-07-05 00:00:00+00:00, run_after=2026-07-06 00:00:00+00:00
[2026-07-06T16:46:59.254+0000] {processor.py:183} INFO - Processing /home/airflow/.local/lib/python3.8/site-packages/airflow/example_dags/example_branch_operator.py took 0.332 seconds
[2026-07-06T16:47:30.224+0000] {processor.py:161} INFO - Started process (PID=3093) to work on /home/airflow/.local/lib/python3.8/site-packages/airflow/example_dags/example_branch_operator.py
[2026-07-06T16:47:30.226+0000] {processor.py:830} INFO - Processing file /home/airflow/.local/lib/python3.8/site-packages/airflow/example_dags/example_branch_operator.py for tasks to queue
[2026-07-06T16:47:30.230+0000] {logging_mixin.py:188} INFO - [2026-07-06T16:47:30.229+0000] {dagbag.py:538} INFO - Filling up the DagBag from /home/airflow/.local/lib/python3.8/site-packages/airflow/example_dags/example_branch_operator.py
[2026-07-06T16:47:30.288+0000] {processor.py:840} INFO - DAG(s) 'example_branch_operator' retrieved from /home/airflow/.local/lib/python3.8/site-packages/airflow/example_dags/example_branch_operator.py
[2026-07-06T16:47:30.389+0000] {logging_mixin.py:188} INFO - [2026-07-06T16:47:30.389+0000] {dag.py:3036} INFO - Sync 1 DAGs
[2026-07-06T16:47:30.438+0000] {logging_mixin.py:188} INFO - [2026-07-06T16:47:30.438+0000] {dag.py:3823} INFO - Setting next_dagrun for example_branch_operator to 2026-07-05 00:00:00+00:00, run_after=2026-07-06 00:00:00+00:00
[2026-07-06T16:47:30.481+0000] {processor.py:183} INFO - Processing /home/airflow/.local/lib/python3.8/site-packages/airflow/example_dags/example_branch_operator.py took 0.267 seconds
[2026-07-06T16:48:02.393+0000] {processor.py:161} INFO - Started process (PID=3162) to work on /home/airflow/.local/lib/python3.8/site-packages/airflow/example_dags/example_branch_operator.py
[2026-07-06T16:48:02.397+0000] {processor.py:830} INFO - Processing file /home/airflow/.local/lib/python3.8/site-packages/airflow/example_dags/example_branch_operator.py for tasks to queue
[2026-07-06T16:48:02.402+0000] {logging_mixin.py:188} INFO - [2026-07-06T16:48:02.401+0000] {dagbag.py:538} INFO - Filling up the DagBag from /home/airflow/.local/lib/python3.8/site-packages/airflow/example_dags/example_branch_operator.py
[2026-07-06T16:48:02.456+0000] {processor.py:840} INFO - DAG(s) 'example_branch_operator' retrieved from /home/airflow/.local/lib/python3.8/site-packages/airflow/example_dags/example_branch_operator.py
[2026-07-06T16:48:02.537+0000] {logging_mixin.py:188} INFO - [2026-07-06T16:48:02.537+0000] {dag.py:3036} INFO - Sync 1 DAGs
[2026-07-06T16:48:02.604+0000] {logging_mixin.py:188} INFO - [2026-07-06T16:48:02.604+0000] {dag.py:3823} INFO - Setting next_dagrun for example_branch_operator to 2026-07-05 00:00:00+00:00, run_after=2026-07-06 00:00:00+00:00
[2026-07-06T16:48:02.679+0000] {processor.py:183} INFO - Processing /home/airflow/.local/lib/python3.8/site-packages/airflow/example_dags/example_branch_operator.py took 0.296 seconds
[2026-07-06T16:48:35.637+0000] {processor.py:161} INFO - Started process (PID=3232) to work on /home/airflow/.local/lib/python3.8/site-packages/airflow/example_dags/example_branch_operator.py
[2026-07-06T16:48:35.640+0000] {processor.py:830} INFO - Processing file /home/airflow/.local/lib/python3.8/site-packages/airflow/example_dags/example_branch_operator.py for tasks to queue
[2026-07-06T16:48:35.644+0000] {logging_mixin.py:188} INFO - [2026-07-06T16:48:35.643+0000] {dagbag.py:538} INFO - Filling up the DagBag from /home/airflow/.local/lib/python3.8/site-packages/airflow/example_dags/example_branch_operator.py
[2026-07-06T16:48:35.706+0000] {processor.py:840} INFO - DAG(s) 'example_branch_operator' retrieved from /home/airflow/.local/lib/python3.8/site-packages/airflow/example_dags/example_branch_operator.py
[2026-07-06T16:48:35.770+0000] {logging_mixin.py:188} INFO - [2026-07-06T16:48:35.769+0000] {dag.py:3036} INFO - Sync 1 DAGs
[2026-07-06T16:48:36.108+0000] {logging_mixin.py:188} INFO - [2026-07-06T16:48:36.108+0000] {dag.py:3823} INFO - Setting next_dagrun for example_branch_operator to 2026-07-05 00:00:00+00:00, run_after=2026-07-06 00:00:00+00:00
[2026-07-06T16:48:36.149+0000] {processor.py:183} INFO - Processing /home/airflow/.local/lib/python3.8/site-packages/airflow/example_dags/example_branch_operator.py took 0.521 seconds
[2026-07-06T16:49:07.483+0000] {processor.py:161} INFO - Started process (PID=3300) to work on /home/airflow/.local/lib/python3.8/site-packages/airflow/example_dags/example_branch_operator.py
[2026-07-06T16:49:07.485+0000] {processor.py:830} INFO - Processing file /home/airflow/.local/lib/python3.8/site-packages/airflow/example_dags/example_branch_operator.py for tasks to queue
[2026-07-06T16:49:07.490+0000] {logging_mixin.py:188} INFO - [2026-07-06T16:49:07.489+0000] {dagbag.py:538} INFO - Filling up the DagBag from /home/airflow/.local/lib/python3.8/site-packages/airflow/example_dags/example_branch_operator.py
[2026-07-06T16:49:07.541+0000] {processor.py:840} INFO - DAG(s) 'example_branch_operator' retrieved from /home/airflow/.local/lib/python3.8/site-packages/airflow/example_dags/example_branch_operator.py
[2026-07-06T16:49:07.616+0000] {logging_mixin.py:188} INFO - [2026-07-06T16:49:07.615+0000] {dag.py:3036} INFO - Sync 1 DAGs
[2026-07-06T16:49:08.084+0000] {logging_mixin.py:188} INFO - [2026-07-06T16:49:08.083+0000] {dag.py:3823} INFO - Setting next_dagrun for example_branch_operator to 2026-07-05 00:00:00+00:00, run_after=2026-07-06 00:00:00+00:00
[2026-07-06T16:49:08.150+0000] {processor.py:183} INFO - Processing /home/airflow/.local/lib/python3.8/site-packages/airflow/example_dags/example_branch_operator.py took 0.680 seconds
[2026-07-06T16:49:39.524+0000] {processor.py:161} INFO - Started process (PID=3369) to work on /home/airflow/.local/lib/python3.8/site-packages/airflow/example_dags/example_branch_operator.py
[2026-07-06T16:49:39.534+0000] {processor.py:830} INFO - Processing file /home/airflow/.local/lib/python3.8/site-packages/airflow/example_dags/example_branch_operator.py for tasks to queue
[2026-07-06T16:49:39.538+0000] {logging_mixin.py:188} INFO - [2026-07-06T16:49:39.537+0000] {dagbag.py:538} INFO - Filling up the DagBag from /home/airflow/.local/lib/python3.8/site-packages/airflow/example_dags/example_branch_operator.py
[2026-07-06T16:49:39.580+0000] {processor.py:840} INFO - DAG(s) 'example_branch_operator' retrieved from /home/airflow/.local/lib/python3.8/site-packages/airflow/example_dags/example_branch_operator.py
[2026-07-06T16:49:39.652+0000] {logging_mixin.py:188} INFO - [2026-07-06T16:49:39.652+0000] {dag.py:3036} INFO - Sync 1 DAGs
[2026-07-06T16:49:39.708+0000] {logging_mixin.py:188} INFO - [2026-07-06T16:49:39.708+0000] {dag.py:3823} INFO - Setting next_dagrun for example_branch_operator to 2026-07-05 00:00:00+00:00, run_after=2026-07-06 00:00:00+00:00
[2026-07-06T16:49:40.038+0000] {processor.py:183} INFO - Processing /home/airflow/.local/lib/python3.8/site-packages/airflow/example_dags/example_branch_operator.py took 0.523 seconds
[2026-07-06T16:50:10.700+0000] {processor.py:161} INFO - Started process (PID=3435) to work on /home/airflow/.local/lib/python3.8/site-packages/airflow/example_dags/example_branch_operator.py
[2026-07-06T16:50:10.703+0000] {processor.py:830} INFO - Processing file /home/airflow/.local/lib/python3.8/site-packages/airflow/example_dags/example_branch_operator.py for tasks to queue
[2026-07-06T16:50:10.708+0000] {logging_mixin.py:188} INFO - [2026-07-06T16:50:10.707+0000] {dagbag.py:538} INFO - Filling up the DagBag from /home/airflow/.local/lib/python3.8/site-packages/airflow/example_dags/example_branch_operator.py
[2026-07-06T16:50:10.759+0000] {processor.py:840} INFO - DAG(s) 'example_branch_operator' retrieved from /home/airflow/.local/lib/python3.8/site-packages/airflow/example_dags/example_branch_operator.py
[2026-07-06T16:50:10.831+0000] {logging_mixin.py:188} INFO - [2026-07-06T16:50:10.830+0000] {dag.py:3036} INFO - Sync 1 DAGs
[2026-07-06T16:50:10.886+0000] {logging_mixin.py:188} INFO - [2026-07-06T16:50:10.886+0000] {dag.py:3823} INFO - Setting next_dagrun for example_branch_operator to 2026-07-05 00:00:00+00:00, run_after=2026-07-06 00:00:00+00:00
[2026-07-06T16:50:10.929+0000] {processor.py:183} INFO - Processing /home/airflow/.local/lib/python3.8/site-packages/airflow/example_dags/example_branch_operator.py took 0.240 seconds
[2026-07-06T16:50:42.288+0000] {processor.py:161} INFO - Started process (PID=3501) to work on /home/airflow/.local/lib/python3.8/site-packages/airflow/example_dags/example_branch_operator.py
[2026-07-06T16:50:42.292+0000] {processor.py:830} INFO - Processing file /home/airflow/.local/lib/python3.8/site-packages/airflow/example_dags/example_branch_operator.py for tasks to queue
[2026-07-06T16:50:42.296+0000] {logging_mixin.py:188} INFO - [2026-07-06T16:50:42.296+0000] {dagbag.py:538} INFO - Filling up the DagBag from /home/airflow/.local/lib/python3.8/site-packages/airflow/example_dags/example_branch_operator.py
[2026-07-06T16:50:42.349+0000] {processor.py:840} INFO - DAG(s) 'example_branch_operator' retrieved from /home/airflow/.local/lib/python3.8/site-packages/airflow/example_dags/example_branch_operator.py
[2026-07-06T16:50:42.717+0000] {logging_mixin.py:188} INFO - [2026-07-06T16:50:42.716+0000] {dag.py:3036} INFO - Sync 1 DAGs
[2026-07-06T16:50:42.788+0000] {logging_mixin.py:188} INFO - [2026-07-06T16:50:42.787+0000] {dag.py:3823} INFO - Setting next_dagrun for example_branch_operator to 2026-07-05 00:00:00+00:00, run_after=2026-07-06 00:00:00+00:00
[2026-07-06T16:50:42.829+0000] {processor.py:183} INFO - Processing /home/airflow/.local/lib/python3.8/site-packages/airflow/example_dags/example_branch_operator.py took 0.549 seconds
[2026-07-06T16:51:13.004+0000] {processor.py:161} INFO - Started process (PID=3568) to work on /home/airflow/.local/lib/python3.8/site-packages/airflow/example_dags/example_branch_operator.py
[2026-07-06T16:51:13.015+0000] {processor.py:830} INFO - Processing file /home/airflow/.local/lib/python3.8/site-packages/airflow/example_dags/example_branch_operator.py for tasks to queue
[2026-07-06T16:51:13.020+0000] {logging_mixin.py:188} INFO - [2026-07-06T16:51:13.019+0000] {dagbag.py:538} INFO - Filling up the DagBag from /home/airflow/.local/lib/python3.8/site-packages/airflow/example_dags/example_branch_operator.py
[2026-07-06T16:51:13.075+0000] {processor.py:840} INFO - DAG(s) 'example_branch_operator' retrieved from /home/airflow/.local/lib/python3.8/site-packages/airflow/example_dags/example_branch_operator.py
[2026-07-06T16:51:13.163+0000] {logging_mixin.py:188} INFO - [2026-07-06T16:51:13.163+0000] {dag.py:3036} INFO - Sync 1 DAGs
[2026-07-06T16:51:13.270+0000] {logging_mixin.py:188} INFO - [2026-07-06T16:51:13.269+0000] {dag.py:3823} INFO - Setting next_dagrun for example_branch_operator to 2026-07-05 00:00:00+00:00, run_after=2026-07-06 00:00:00+00:00
[2026-07-06T16:51:13.333+0000] {processor.py:183} INFO - Processing /home/airflow/.local/lib/python3.8/site-packages/airflow/example_dags/example_branch_operator.py took 0.340 seconds
[2026-07-06T16:51:43.587+0000] {processor.py:161} INFO - Started process (PID=3634) to work on /home/airflow/.local/lib/python3.8/site-packages/airflow/example_dags/example_branch_operator.py
[2026-07-06T16:51:43.589+0000] {processor.py:830} INFO - Processing file /home/airflow/.local/lib/python3.8/site-packages/airflow/example_dags/example_branch_operator.py for tasks to queue
[2026-07-06T16:51:43.594+0000] {logging_mixin.py:188} INFO - [2026-07-06T16:51:43.593+0000] {dagbag.py:538} INFO - Filling up the DagBag from /home/airflow/.local/lib/python3.8/site-packages/airflow/example_dags/example_branch_operator.py
[2026-07-06T16:51:43.632+0000] {processor.py:840} INFO - DAG(s) 'example_branch_operator' retrieved from /home/airflow/.local/lib/python3.8/site-packages/airflow/example_dags/example_branch_operator.py
[2026-07-06T16:51:43.703+0000] {logging_mixin.py:188} INFO - [2026-07-06T16:51:43.703+0000] {dag.py:3036} INFO - Sync 1 DAGs
[2026-07-06T16:51:43.755+0000] {logging_mixin.py:188} INFO - [2026-07-06T16:51:43.754+0000] {dag.py:3823} INFO - Setting next_dagrun for example_branch_operator to 2026-07-05 00:00:00+00:00, run_after=2026-07-06 00:00:00+00:00
[2026-07-06T16:51:43.809+0000] {processor.py:183} INFO - Processing /home/airflow/.local/lib/python3.8/site-packages/airflow/example_dags/example_branch_operator.py took 0.229 seconds
[2026-07-06T16:52:13.953+0000] {processor.py:161} INFO - Started process (PID=3700) to work on /home/airflow/.local/lib/python3.8/site-packages/airflow/example_dags/example_branch_operator.py
[2026-07-06T16:52:13.957+0000] {processor.py:830} INFO - Processing file /home/airflow/.local/lib/python3.8/site-packages/airflow/example_dags/example_branch_operator.py for tasks to queue
[2026-07-06T16:52:13.961+0000] {logging_mixin.py:188} INFO - [2026-07-06T16:52:13.961+0000] {dagbag.py:538} INFO - Filling up the DagBag from /home/airflow/.local/lib/python3.8/site-packages/airflow/example_dags/example_branch_operator.py
[2026-07-06T16:52:14.003+0000] {processor.py:840} INFO - DAG(s) 'example_branch_operator' retrieved from /home/airflow/.local/lib/python3.8/site-packages/airflow/example_dags/example_branch_operator.py
[2026-07-06T16:52:14.078+0000] {logging_mixin.py:188} INFO - [2026-07-06T16:52:14.077+0000] {dag.py:3036} INFO - Sync 1 DAGs
[2026-07-06T16:52:14.137+0000] {logging_mixin.py:188} INFO - [2026-07-06T16:52:14.136+0000] {dag.py:3823} INFO - Setting next_dagrun for example_branch_operator to 2026-07-05 00:00:00+00:00, run_after=2026-07-06 00:00:00+00:00
[2026-07-06T16:52:14.179+0000] {processor.py:183} INFO - Processing /home/airflow/.local/lib/python3.8/site-packages/airflow/example_dags/example_branch_operator.py took 0.237 seconds
[2026-07-06T16:52:45.159+0000] {processor.py:161} INFO - Started process (PID=3765) to work on /home/airflow/.local/lib/python3.8/site-packages/airflow/example_dags/example_branch_operator.py
[2026-07-06T16:52:45.162+0000] {processor.py:830} INFO - Processing file /home/airflow/.local/lib/python3.8/site-packages/airflow/example_dags/example_branch_operator.py for tasks to queue
[2026-07-06T16:52:45.167+0000] {logging_mixin.py:188} INFO - [2026-07-06T16:52:45.166+0000] {dagbag.py:538} INFO - Filling up the DagBag from /home/airflow/.local/lib/python3.8/site-packages/airflow/example_dags/example_branch_operator.py
[2026-07-06T16:52:45.217+0000] {processor.py:840} INFO - DAG(s) 'example_branch_operator' retrieved from /home/airflow/.local/lib/python3.8/site-packages/airflow/example_dags/example_branch_operator.py
[2026-07-06T16:52:45.289+0000] {logging_mixin.py:188} INFO - [2026-07-06T16:52:45.289+0000] {dag.py:3036} INFO - Sync 1 DAGs
[2026-07-06T16:52:45.338+0000] {logging_mixin.py:188} INFO - [2026-07-06T16:52:45.337+0000] {dag.py:3823} INFO - Setting next_dagrun for example_branch_operator to 2026-07-05 00:00:00+00:00, run_after=2026-07-06 00:00:00+00:00
[2026-07-06T16:52:45.377+0000] {processor.py:183} INFO - Processing /home/airflow/.local/lib/python3.8/site-packages/airflow/example_dags/example_branch_operator.py took 0.228 seconds
[2026-07-06T16:53:16.081+0000] {processor.py:161} INFO - Started process (PID=3824) to work on /home/airflow/.local/lib/python3.8/site-packages/airflow/example_dags/example_branch_operator.py
[2026-07-06T16:53:16.083+0000] {processor.py:830} INFO - Processing file /home/airflow/.local/lib/python3.8/site-packages/airflow/example_dags/example_branch_operator.py for tasks to queue
[2026-07-06T16:53:16.087+0000] {logging_mixin.py:188} INFO - [2026-07-06T16:53:16.086+0000] {dagbag.py:538} INFO - Filling up the DagBag from /home/airflow/.local/lib/python3.8/site-packages/airflow/example_dags/example_branch_operator.py
[2026-07-06T16:53:16.129+0000] {processor.py:840} INFO - DAG(s) 'example_branch_operator' retrieved from /home/airflow/.local/lib/python3.8/site-packages/airflow/example_dags/example_branch_operator.py
[2026-07-06T16:53:16.202+0000] {logging_mixin.py:188} INFO - [2026-07-06T16:53:16.201+0000] {dag.py:3036} INFO - Sync 1 DAGs
[2026-07-06T16:53:16.253+0000] {logging_mixin.py:188} INFO - [2026-07-06T16:53:16.253+0000] {dag.py:3823} INFO - Setting next_dagrun for example_branch_operator to 2026-07-05 00:00:00+00:00, run_after=2026-07-06 00:00:00+00:00
[2026-07-06T16:53:16.304+0000] {processor.py:183} INFO - Processing /home/airflow/.local/lib/python3.8/site-packages/airflow/example_dags/example_branch_operator.py took 0.230 seconds
[2026-07-06T16:53:46.536+0000] {processor.py:161} INFO - Started process (PID=3890) to work on /home/airflow/.local/lib/python3.8/site-packages/airflow/example_dags/example_branch_operator.py
[2026-07-06T16:53:46.539+0000] {processor.py:830} INFO - Processing file /home/airflow/.local/lib/python3.8/site-packages/airflow/example_dags/example_branch_operator.py for tasks to queue
[2026-07-06T16:53:46.545+0000] {logging_mixin.py:188} INFO - [2026-07-06T16:53:46.544+0000] {dagbag.py:538} INFO - Filling up the DagBag from /home/airflow/.local/lib/python3.8/site-packages/airflow/example_dags/example_branch_operator.py
[2026-07-06T16:53:46.603+0000] {processor.py:840} INFO - DAG(s) 'example_branch_operator' retrieved from /home/airflow/.local/lib/python3.8/site-packages/airflow/example_dags/example_branch_operator.py
[2026-07-06T16:53:46.667+0000] {logging_mixin.py:188} INFO - [2026-07-06T16:53:46.666+0000] {dag.py:3036} INFO - Sync 1 DAGs
[2026-07-06T16:53:46.716+0000] {logging_mixin.py:188} INFO - [2026-07-06T16:53:46.716+0000] {dag.py:3823} INFO - Setting next_dagrun for example_branch_operator to 2026-07-05 00:00:00+00:00, run_after=2026-07-06 00:00:00+00:00
[2026-07-06T16:53:46.762+0000] {processor.py:183} INFO - Processing /home/airflow/.local/lib/python3.8/site-packages/airflow/example_dags/example_branch_operator.py took 0.233 seconds
[2026-07-06T16:54:17.745+0000] {processor.py:161} INFO - Started process (PID=3956) to work on /home/airflow/.local/lib/python3.8/site-packages/airflow/example_dags/example_branch_operator.py
[2026-07-06T16:54:17.747+0000] {processor.py:830} INFO - Processing file /home/airflow/.local/lib/python3.8/site-packages/airflow/example_dags/example_branch_operator.py for tasks to queue
[2026-07-06T16:54:17.752+0000] {logging_mixin.py:188} INFO - [2026-07-06T16:54:17.751+0000] {dagbag.py:538} INFO - Filling up the DagBag from /home/airflow/.local/lib/python3.8/site-packages/airflow/example_dags/example_branch_operator.py
[2026-07-06T16:54:17.791+0000] {processor.py:840} INFO - DAG(s) 'example_branch_operator' retrieved from /home/airflow/.local/lib/python3.8/site-packages/airflow/example_dags/example_branch_operator.py
[2026-07-06T16:54:17.859+0000] {logging_mixin.py:188} INFO - [2026-07-06T16:54:17.858+0000] {dag.py:3036} INFO - Sync 1 DAGs
[2026-07-06T16:54:17.911+0000] {logging_mixin.py:188} INFO - [2026-07-06T16:54:17.911+0000] {dag.py:3823} INFO - Setting next_dagrun for example_branch_operator to 2026-07-05 00:00:00+00:00, run_after=2026-07-06 00:00:00+00:00
[2026-07-06T16:54:17.952+0000] {processor.py:183} INFO - Processing /home/airflow/.local/lib/python3.8/site-packages/airflow/example_dags/example_branch_operator.py took 0.215 seconds
[2026-07-06T16:54:48.976+0000] {processor.py:161} INFO - Started process (PID=4021) to work on /home/airflow/.local/lib/python3.8/site-packages/airflow/example_dags/example_branch_operator.py
[2026-07-06T16:54:48.979+0000] {processor.py:830} INFO - Processing file /home/airflow/.local/lib/python3.8/site-packages/airflow/example_dags/example_branch_operator.py for tasks to queue
[2026-07-06T16:54:48.983+0000] {logging_mixin.py:188} INFO - [2026-07-06T16:54:48.982+0000] {dagbag.py:538} INFO - Filling up the DagBag from /home/airflow/.local/lib/python3.8/site-packages/airflow/example_dags/example_branch_operator.py
[2026-07-06T16:54:49.022+0000] {processor.py:840} INFO - DAG(s) 'example_branch_operator' retrieved from /home/airflow/.local/lib/python3.8/site-packages/airflow/example_dags/example_branch_operator.py
[2026-07-06T16:54:49.087+0000] {logging_mixin.py:188} INFO - [2026-07-06T16:54:49.086+0000] {dag.py:3036} INFO - Sync 1 DAGs
[2026-07-06T16:54:49.146+0000] {logging_mixin.py:188} INFO - [2026-07-06T16:54:49.144+0000] {dag.py:3823} INFO - Setting next_dagrun for example_branch_operator to 2026-07-05 00:00:00+00:00, run_after=2026-07-06 00:00:00+00:00
[2026-07-06T16:54:49.198+0000] {processor.py:183} INFO - Processing /home/airflow/.local/lib/python3.8/site-packages/airflow/example_dags/example_branch_operator.py took 0.232 seconds
[2026-07-06T16:55:19.581+0000] {processor.py:161} INFO - Started process (PID=4087) to work on /home/airflow/.local/lib/python3.8/site-packages/airflow/example_dags/example_branch_operator.py
[2026-07-06T16:55:19.583+0000] {processor.py:830} INFO - Processing file /home/airflow/.local/lib/python3.8/site-packages/airflow/example_dags/example_branch_operator.py for tasks to queue
[2026-07-06T16:55:19.587+0000] {logging_mixin.py:188} INFO - [2026-07-06T16:55:19.587+0000] {dagbag.py:538} INFO - Filling up the DagBag from /home/airflow/.local/lib/python3.8/site-packages/airflow/example_dags/example_branch_operator.py
[2026-07-06T16:55:19.627+0000] {processor.py:840} INFO - DAG(s) 'example_branch_operator' retrieved from /home/airflow/.local/lib/python3.8/site-packages/airflow/example_dags/example_branch_operator.py
[2026-07-06T16:55:19.698+0000] {logging_mixin.py:188} INFO - [2026-07-06T16:55:19.697+0000] {dag.py:3036} INFO - Sync 1 DAGs
[2026-07-06T16:55:19.749+0000] {logging_mixin.py:188} INFO - [2026-07-06T16:55:19.749+0000] {dag.py:3823} INFO - Setting next_dagrun for example_branch_operator to 2026-07-05 00:00:00+00:00, run_after=2026-07-06 00:00:00+00:00
[2026-07-06T16:55:19.805+0000] {processor.py:183} INFO - Processing /home/airflow/.local/lib/python3.8/site-packages/airflow/example_dags/example_branch_operator.py took 0.232 seconds
