[2026-07-06T16:22:22.966+0000] {processor.py:161} INFO - Started process (PID=198) to work on /home/airflow/.local/lib/python3.8/site-packages/airflow/example_dags/example_python_operator.py
[2026-07-06T16:22:22.968+0000] {processor.py:830} INFO - Processing file /home/airflow/.local/lib/python3.8/site-packages/airflow/example_dags/example_python_operator.py for tasks to queue
[2026-07-06T16:22:22.973+0000] {logging_mixin.py:188} INFO - [2026-07-06T16:22:22.972+0000] {dagbag.py:538} INFO - Filling up the DagBag from /home/airflow/.local/lib/python3.8/site-packages/airflow/example_dags/example_python_operator.py
[2026-07-06T16:22:23.156+0000] {processor.py:840} INFO - DAG(s) 'example_python_operator' retrieved from /home/airflow/.local/lib/python3.8/site-packages/airflow/example_dags/example_python_operator.py
[2026-07-06T16:22:23.687+0000] {logging_mixin.py:188} INFO - [2026-07-06T16:22:23.685+0000] {override.py:1769} INFO - Created Permission View: can read on DAG:example_python_operator
[2026-07-06T16:22:23.745+0000] {logging_mixin.py:188} INFO - [2026-07-06T16:22:23.744+0000] {override.py:1769} INFO - Created Permission View: can delete on DAG:example_python_operator
[2026-07-06T16:22:23.795+0000] {logging_mixin.py:188} INFO - [2026-07-06T16:22:23.794+0000] {override.py:1769} INFO - Created Permission View: can edit on DAG:example_python_operator
[2026-07-06T16:22:23.796+0000] {logging_mixin.py:188} INFO - [2026-07-06T16:22:23.795+0000] {dag.py:3036} INFO - Sync 1 DAGs
[2026-07-06T16:22:23.853+0000] {logging_mixin.py:188} INFO - [2026-07-06T16:22:23.852+0000] {dag.py:3058} INFO - Creating ORM DAG for example_python_operator
[2026-07-06T16:22:23.857+0000] {logging_mixin.py:188} INFO - [2026-07-06T16:22:23.857+0000] {dag.py:3823} INFO - Setting next_dagrun for example_python_operator to None, run_after=None
[2026-07-06T16:22:23.960+0000] {processor.py:183} INFO - Processing /home/airflow/.local/lib/python3.8/site-packages/airflow/example_dags/example_python_operator.py took 1.004 seconds
[2026-07-06T16:24:38.548+0000] {processor.py:161} INFO - Started process (PID=297) to work on /home/airflow/.local/lib/python3.8/site-packages/airflow/example_dags/example_python_operator.py
[2026-07-06T16:24:38.584+0000] {processor.py:830} INFO - Processing file /home/airflow/.local/lib/python3.8/site-packages/airflow/example_dags/example_python_operator.py for tasks to queue
[2026-07-06T16:24:38.603+0000] {logging_mixin.py:188} INFO - [2026-07-06T16:24:38.602+0000] {dagbag.py:538} INFO - Filling up the DagBag from /home/airflow/.local/lib/python3.8/site-packages/airflow/example_dags/example_python_operator.py
[2026-07-06T16:24:38.702+0000] {processor.py:840} INFO - DAG(s) 'example_python_operator' retrieved from /home/airflow/.local/lib/python3.8/site-packages/airflow/example_dags/example_python_operator.py
[2026-07-06T16:24:38.874+0000] {logging_mixin.py:188} INFO - [2026-07-06T16:24:38.874+0000] {dag.py:3036} INFO - Sync 1 DAGs
[2026-07-06T16:24:38.909+0000] {logging_mixin.py:188} INFO - [2026-07-06T16:24:38.908+0000] {dag.py:3823} INFO - Setting next_dagrun for example_python_operator to None, run_after=None
[2026-07-06T16:24:38.976+0000] {processor.py:183} INFO - Processing /home/airflow/.local/lib/python3.8/site-packages/airflow/example_dags/example_python_operator.py took 0.458 seconds
[2026-07-06T16:25:09.416+0000] {processor.py:161} INFO - Started process (PID=361) to work on /home/airflow/.local/lib/python3.8/site-packages/airflow/example_dags/example_python_operator.py
[2026-07-06T16:25:09.420+0000] {processor.py:830} INFO - Processing file /home/airflow/.local/lib/python3.8/site-packages/airflow/example_dags/example_python_operator.py for tasks to queue
[2026-07-06T16:25:09.426+0000] {logging_mixin.py:188} INFO - [2026-07-06T16:25:09.425+0000] {dagbag.py:538} INFO - Filling up the DagBag from /home/airflow/.local/lib/python3.8/site-packages/airflow/example_dags/example_python_operator.py
[2026-07-06T16:25:09.468+0000] {processor.py:840} INFO - DAG(s) 'example_python_operator' retrieved from /home/airflow/.local/lib/python3.8/site-packages/airflow/example_dags/example_python_operator.py
[2026-07-06T16:25:09.525+0000] {logging_mixin.py:188} INFO - [2026-07-06T16:25:09.524+0000] {dag.py:3036} INFO - Sync 1 DAGs
[2026-07-06T16:25:09.561+0000] {logging_mixin.py:188} INFO - [2026-07-06T16:25:09.561+0000] {dag.py:3823} INFO - Setting next_dagrun for example_python_operator to None, run_after=None
[2026-07-06T16:25:09.631+0000] {processor.py:183} INFO - Processing /home/airflow/.local/lib/python3.8/site-packages/airflow/example_dags/example_python_operator.py took 0.227 seconds
[2026-07-06T16:25:40.117+0000] {processor.py:161} INFO - Started process (PID=425) to work on /home/airflow/.local/lib/python3.8/site-packages/airflow/example_dags/example_python_operator.py
[2026-07-06T16:25:40.130+0000] {processor.py:830} INFO - Processing file /home/airflow/.local/lib/python3.8/site-packages/airflow/example_dags/example_python_operator.py for tasks to queue
[2026-07-06T16:25:40.136+0000] {logging_mixin.py:188} INFO - [2026-07-06T16:25:40.135+0000] {dagbag.py:538} INFO - Filling up the DagBag from /home/airflow/.local/lib/python3.8/site-packages/airflow/example_dags/example_python_operator.py
[2026-07-06T16:25:40.260+0000] {processor.py:840} INFO - DAG(s) 'example_python_operator' retrieved from /home/airflow/.local/lib/python3.8/site-packages/airflow/example_dags/example_python_operator.py
[2026-07-06T16:25:40.516+0000] {logging_mixin.py:188} INFO - [2026-07-06T16:25:40.515+0000] {dag.py:3036} INFO - Sync 1 DAGs
[2026-07-06T16:25:40.697+0000] {logging_mixin.py:188} INFO - [2026-07-06T16:25:40.696+0000] {dag.py:3823} INFO - Setting next_dagrun for example_python_operator to None, run_after=None
[2026-07-06T16:25:40.804+0000] {processor.py:183} INFO - Processing /home/airflow/.local/lib/python3.8/site-packages/airflow/example_dags/example_python_operator.py took 0.721 seconds
[2026-07-06T16:26:11.842+0000] {processor.py:161} INFO - Started process (PID=484) to work on /home/airflow/.local/lib/python3.8/site-packages/airflow/example_dags/example_python_operator.py
[2026-07-06T16:26:11.854+0000] {processor.py:830} INFO - Processing file /home/airflow/.local/lib/python3.8/site-packages/airflow/example_dags/example_python_operator.py for tasks to queue
[2026-07-06T16:26:11.865+0000] {logging_mixin.py:188} INFO - [2026-07-06T16:26:11.864+0000] {dagbag.py:538} INFO - Filling up the DagBag from /home/airflow/.local/lib/python3.8/site-packages/airflow/example_dags/example_python_operator.py
[2026-07-06T16:26:11.893+0000] {processor.py:840} INFO - DAG(s) 'example_python_operator' retrieved from /home/airflow/.local/lib/python3.8/site-packages/airflow/example_dags/example_python_operator.py
[2026-07-06T16:26:11.949+0000] {logging_mixin.py:188} INFO - [2026-07-06T16:26:11.949+0000] {dag.py:3036} INFO - Sync 1 DAGs
[2026-07-06T16:26:11.977+0000] {logging_mixin.py:188} INFO - [2026-07-06T16:26:11.976+0000] {dag.py:3823} INFO - Setting next_dagrun for example_python_operator to None, run_after=None
[2026-07-06T16:26:12.024+0000] {processor.py:183} INFO - Processing /home/airflow/.local/lib/python3.8/site-packages/airflow/example_dags/example_python_operator.py took 0.195 seconds
[2026-07-06T16:26:42.326+0000] {processor.py:161} INFO - Started process (PID=550) to work on /home/airflow/.local/lib/python3.8/site-packages/airflow/example_dags/example_python_operator.py
[2026-07-06T16:26:42.329+0000] {processor.py:830} INFO - Processing file /home/airflow/.local/lib/python3.8/site-packages/airflow/example_dags/example_python_operator.py for tasks to queue
[2026-07-06T16:26:42.333+0000] {logging_mixin.py:188} INFO - [2026-07-06T16:26:42.332+0000] {dagbag.py:538} INFO - Filling up the DagBag from /home/airflow/.local/lib/python3.8/site-packages/airflow/example_dags/example_python_operator.py
[2026-07-06T16:26:42.358+0000] {processor.py:840} INFO - DAG(s) 'example_python_operator' retrieved from /home/airflow/.local/lib/python3.8/site-packages/airflow/example_dags/example_python_operator.py
[2026-07-06T16:26:42.404+0000] {logging_mixin.py:188} INFO - [2026-07-06T16:26:42.403+0000] {dag.py:3036} INFO - Sync 1 DAGs
[2026-07-06T16:26:42.428+0000] {logging_mixin.py:188} INFO - [2026-07-06T16:26:42.428+0000] {dag.py:3823} INFO - Setting next_dagrun for example_python_operator to None, run_after=None
[2026-07-06T16:26:42.466+0000] {processor.py:183} INFO - Processing /home/airflow/.local/lib/python3.8/site-packages/airflow/example_dags/example_python_operator.py took 0.158 seconds
[2026-07-06T16:27:13.474+0000] {processor.py:161} INFO - Started process (PID=616) to work on /home/airflow/.local/lib/python3.8/site-packages/airflow/example_dags/example_python_operator.py
[2026-07-06T16:27:13.478+0000] {processor.py:830} INFO - Processing file /home/airflow/.local/lib/python3.8/site-packages/airflow/example_dags/example_python_operator.py for tasks to queue
[2026-07-06T16:27:13.487+0000] {logging_mixin.py:188} INFO - [2026-07-06T16:27:13.486+0000] {dagbag.py:538} INFO - Filling up the DagBag from /home/airflow/.local/lib/python3.8/site-packages/airflow/example_dags/example_python_operator.py
[2026-07-06T16:27:13.515+0000] {processor.py:840} INFO - DAG(s) 'example_python_operator' retrieved from /home/airflow/.local/lib/python3.8/site-packages/airflow/example_dags/example_python_operator.py
[2026-07-06T16:27:13.565+0000] {logging_mixin.py:188} INFO - [2026-07-06T16:27:13.564+0000] {dag.py:3036} INFO - Sync 1 DAGs
[2026-07-06T16:27:13.611+0000] {logging_mixin.py:188} INFO - [2026-07-06T16:27:13.610+0000] {dag.py:3823} INFO - Setting next_dagrun for example_python_operator to None, run_after=None
[2026-07-06T16:27:13.665+0000] {processor.py:183} INFO - Processing /home/airflow/.local/lib/python3.8/site-packages/airflow/example_dags/example_python_operator.py took 0.199 seconds
[2026-07-06T16:27:44.038+0000] {processor.py:161} INFO - Started process (PID=682) to work on /home/airflow/.local/lib/python3.8/site-packages/airflow/example_dags/example_python_operator.py
[2026-07-06T16:27:44.041+0000] {processor.py:830} INFO - Processing file /home/airflow/.local/lib/python3.8/site-packages/airflow/example_dags/example_python_operator.py for tasks to queue
[2026-07-06T16:27:44.069+0000] {logging_mixin.py:188} INFO - [2026-07-06T16:27:44.068+0000] {dagbag.py:538} INFO - Filling up the DagBag from /home/airflow/.local/lib/python3.8/site-packages/airflow/example_dags/example_python_operator.py
[2026-07-06T16:27:44.144+0000] {processor.py:840} INFO - DAG(s) 'example_python_operator' retrieved from /home/airflow/.local/lib/python3.8/site-packages/airflow/example_dags/example_python_operator.py
[2026-07-06T16:27:44.234+0000] {logging_mixin.py:188} INFO - [2026-07-06T16:27:44.231+0000] {dag.py:3036} INFO - Sync 1 DAGs
[2026-07-06T16:27:44.287+0000] {logging_mixin.py:188} INFO - [2026-07-06T16:27:44.286+0000] {dag.py:3823} INFO - Setting next_dagrun for example_python_operator to None, run_after=None
[2026-07-06T16:27:44.419+0000] {processor.py:183} INFO - Processing /home/airflow/.local/lib/python3.8/site-packages/airflow/example_dags/example_python_operator.py took 0.399 seconds
[2026-07-06T16:28:16.200+0000] {processor.py:161} INFO - Started process (PID=740) to work on /home/airflow/.local/lib/python3.8/site-packages/airflow/example_dags/example_python_operator.py
[2026-07-06T16:28:16.208+0000] {processor.py:830} INFO - Processing file /home/airflow/.local/lib/python3.8/site-packages/airflow/example_dags/example_python_operator.py for tasks to queue
[2026-07-06T16:28:16.217+0000] {logging_mixin.py:188} INFO - [2026-07-06T16:28:16.216+0000] {dagbag.py:538} INFO - Filling up the DagBag from /home/airflow/.local/lib/python3.8/site-packages/airflow/example_dags/example_python_operator.py
[2026-07-06T16:28:16.305+0000] {processor.py:840} INFO - DAG(s) 'example_python_operator' retrieved from /home/airflow/.local/lib/python3.8/site-packages/airflow/example_dags/example_python_operator.py
[2026-07-06T16:28:16.435+0000] {logging_mixin.py:188} INFO - [2026-07-06T16:28:16.434+0000] {dag.py:3036} INFO - Sync 1 DAGs
[2026-07-06T16:28:16.484+0000] {logging_mixin.py:188} INFO - [2026-07-06T16:28:16.484+0000] {dag.py:3823} INFO - Setting next_dagrun for example_python_operator to None, run_after=None
[2026-07-06T16:28:16.542+0000] {processor.py:183} INFO - Processing /home/airflow/.local/lib/python3.8/site-packages/airflow/example_dags/example_python_operator.py took 0.368 seconds
[2026-07-06T16:28:57.230+0000] {processor.py:161} INFO - Started process (PID=796) to work on /home/airflow/.local/lib/python3.8/site-packages/airflow/example_dags/example_python_operator.py
[2026-07-06T16:28:57.250+0000] {processor.py:830} INFO - Processing file /home/airflow/.local/lib/python3.8/site-packages/airflow/example_dags/example_python_operator.py for tasks to queue
[2026-07-06T16:28:57.265+0000] {logging_mixin.py:188} INFO - [2026-07-06T16:28:57.253+0000] {dagbag.py:538} INFO - Filling up the DagBag from /home/airflow/.local/lib/python3.8/site-packages/airflow/example_dags/example_python_operator.py
[2026-07-06T16:28:57.380+0000] {processor.py:840} INFO - DAG(s) 'example_python_operator' retrieved from /home/airflow/.local/lib/python3.8/site-packages/airflow/example_dags/example_python_operator.py
[2026-07-06T16:28:57.484+0000] {logging_mixin.py:188} INFO - [2026-07-06T16:28:57.484+0000] {dag.py:3036} INFO - Sync 1 DAGs
[2026-07-06T16:28:57.535+0000] {logging_mixin.py:188} INFO - [2026-07-06T16:28:57.534+0000] {dag.py:3823} INFO - Setting next_dagrun for example_python_operator to None, run_after=None
[2026-07-06T16:28:57.610+0000] {processor.py:183} INFO - Processing /home/airflow/.local/lib/python3.8/site-packages/airflow/example_dags/example_python_operator.py took 0.412 seconds
[2026-07-06T16:29:28.518+0000] {processor.py:161} INFO - Started process (PID=862) to work on /home/airflow/.local/lib/python3.8/site-packages/airflow/example_dags/example_python_operator.py
[2026-07-06T16:29:28.530+0000] {processor.py:830} INFO - Processing file /home/airflow/.local/lib/python3.8/site-packages/airflow/example_dags/example_python_operator.py for tasks to queue
[2026-07-06T16:29:28.539+0000] {logging_mixin.py:188} INFO - [2026-07-06T16:29:28.536+0000] {dagbag.py:538} INFO - Filling up the DagBag from /home/airflow/.local/lib/python3.8/site-packages/airflow/example_dags/example_python_operator.py
[2026-07-06T16:29:28.622+0000] {processor.py:840} INFO - DAG(s) 'example_python_operator' retrieved from /home/airflow/.local/lib/python3.8/site-packages/airflow/example_dags/example_python_operator.py
[2026-07-06T16:29:28.777+0000] {logging_mixin.py:188} INFO - [2026-07-06T16:29:28.776+0000] {dag.py:3036} INFO - Sync 1 DAGs
[2026-07-06T16:29:28.873+0000] {logging_mixin.py:188} INFO - [2026-07-06T16:29:28.872+0000] {dag.py:3823} INFO - Setting next_dagrun for example_python_operator to None, run_after=None
[2026-07-06T16:29:29.028+0000] {processor.py:183} INFO - Processing /home/airflow/.local/lib/python3.8/site-packages/airflow/example_dags/example_python_operator.py took 0.534 seconds
[2026-07-06T16:29:59.773+0000] {processor.py:161} INFO - Started process (PID=928) to work on /home/airflow/.local/lib/python3.8/site-packages/airflow/example_dags/example_python_operator.py
[2026-07-06T16:29:59.779+0000] {processor.py:830} INFO - Processing file /home/airflow/.local/lib/python3.8/site-packages/airflow/example_dags/example_python_operator.py for tasks to queue
[2026-07-06T16:29:59.786+0000] {logging_mixin.py:188} INFO - [2026-07-06T16:29:59.783+0000] {dagbag.py:538} INFO - Filling up the DagBag from /home/airflow/.local/lib/python3.8/site-packages/airflow/example_dags/example_python_operator.py
[2026-07-06T16:29:59.854+0000] {processor.py:840} INFO - DAG(s) 'example_python_operator' retrieved from /home/airflow/.local/lib/python3.8/site-packages/airflow/example_dags/example_python_operator.py
[2026-07-06T16:30:00.070+0000] {logging_mixin.py:188} INFO - [2026-07-06T16:30:00.067+0000] {dag.py:3036} INFO - Sync 1 DAGs
[2026-07-06T16:30:00.245+0000] {logging_mixin.py:188} INFO - [2026-07-06T16:30:00.244+0000] {dag.py:3823} INFO - Setting next_dagrun for example_python_operator to None, run_after=None
[2026-07-06T16:30:00.448+0000] {processor.py:183} INFO - Processing /home/airflow/.local/lib/python3.8/site-packages/airflow/example_dags/example_python_operator.py took 0.696 seconds
[2026-07-06T16:30:31.231+0000] {processor.py:161} INFO - Started process (PID=994) to work on /home/airflow/.local/lib/python3.8/site-packages/airflow/example_dags/example_python_operator.py
[2026-07-06T16:30:31.233+0000] {processor.py:830} INFO - Processing file /home/airflow/.local/lib/python3.8/site-packages/airflow/example_dags/example_python_operator.py for tasks to queue
[2026-07-06T16:30:31.239+0000] {logging_mixin.py:188} INFO - [2026-07-06T16:30:31.238+0000] {dagbag.py:538} INFO - Filling up the DagBag from /home/airflow/.local/lib/python3.8/site-packages/airflow/example_dags/example_python_operator.py
[2026-07-06T16:30:31.267+0000] {processor.py:840} INFO - DAG(s) 'example_python_operator' retrieved from /home/airflow/.local/lib/python3.8/site-packages/airflow/example_dags/example_python_operator.py
[2026-07-06T16:30:31.326+0000] {logging_mixin.py:188} INFO - [2026-07-06T16:30:31.326+0000] {dag.py:3036} INFO - Sync 1 DAGs
[2026-07-06T16:30:31.372+0000] {logging_mixin.py:188} INFO - [2026-07-06T16:30:31.371+0000] {dag.py:3823} INFO - Setting next_dagrun for example_python_operator to None, run_after=None
[2026-07-06T16:30:31.417+0000] {processor.py:183} INFO - Processing /home/airflow/.local/lib/python3.8/site-packages/airflow/example_dags/example_python_operator.py took 0.199 seconds
[2026-07-06T16:31:01.758+0000] {processor.py:161} INFO - Started process (PID=1053) to work on /home/airflow/.local/lib/python3.8/site-packages/airflow/example_dags/example_python_operator.py
[2026-07-06T16:31:01.768+0000] {processor.py:830} INFO - Processing file /home/airflow/.local/lib/python3.8/site-packages/airflow/example_dags/example_python_operator.py for tasks to queue
[2026-07-06T16:31:01.773+0000] {logging_mixin.py:188} INFO - [2026-07-06T16:31:01.772+0000] {dagbag.py:538} INFO - Filling up the DagBag from /home/airflow/.local/lib/python3.8/site-packages/airflow/example_dags/example_python_operator.py
[2026-07-06T16:31:01.799+0000] {processor.py:840} INFO - DAG(s) 'example_python_operator' retrieved from /home/airflow/.local/lib/python3.8/site-packages/airflow/example_dags/example_python_operator.py
[2026-07-06T16:31:01.859+0000] {logging_mixin.py:188} INFO - [2026-07-06T16:31:01.859+0000] {dag.py:3036} INFO - Sync 1 DAGs
[2026-07-06T16:31:01.903+0000] {logging_mixin.py:188} INFO - [2026-07-06T16:31:01.902+0000] {dag.py:3823} INFO - Setting next_dagrun for example_python_operator to None, run_after=None
[2026-07-06T16:31:01.952+0000] {processor.py:183} INFO - Processing /home/airflow/.local/lib/python3.8/site-packages/airflow/example_dags/example_python_operator.py took 0.205 seconds
[2026-07-06T16:31:32.519+0000] {processor.py:161} INFO - Started process (PID=1118) to work on /home/airflow/.local/lib/python3.8/site-packages/airflow/example_dags/example_python_operator.py
[2026-07-06T16:31:32.522+0000] {processor.py:830} INFO - Processing file /home/airflow/.local/lib/python3.8/site-packages/airflow/example_dags/example_python_operator.py for tasks to queue
[2026-07-06T16:31:32.533+0000] {logging_mixin.py:188} INFO - [2026-07-06T16:31:32.530+0000] {dagbag.py:538} INFO - Filling up the DagBag from /home/airflow/.local/lib/python3.8/site-packages/airflow/example_dags/example_python_operator.py
[2026-07-06T16:31:32.590+0000] {processor.py:840} INFO - DAG(s) 'example_python_operator' retrieved from /home/airflow/.local/lib/python3.8/site-packages/airflow/example_dags/example_python_operator.py
[2026-07-06T16:31:32.731+0000] {logging_mixin.py:188} INFO - [2026-07-06T16:31:32.731+0000] {dag.py:3036} INFO - Sync 1 DAGs
[2026-07-06T16:31:32.803+0000] {logging_mixin.py:188} INFO - [2026-07-06T16:31:32.800+0000] {dag.py:3823} INFO - Setting next_dagrun for example_python_operator to None, run_after=None
[2026-07-06T16:31:32.890+0000] {processor.py:183} INFO - Processing /home/airflow/.local/lib/python3.8/site-packages/airflow/example_dags/example_python_operator.py took 0.411 seconds
[2026-07-06T16:32:03.629+0000] {processor.py:161} INFO - Started process (PID=1183) to work on /home/airflow/.local/lib/python3.8/site-packages/airflow/example_dags/example_python_operator.py
[2026-07-06T16:32:03.631+0000] {processor.py:830} INFO - Processing file /home/airflow/.local/lib/python3.8/site-packages/airflow/example_dags/example_python_operator.py for tasks to queue
[2026-07-06T16:32:03.636+0000] {logging_mixin.py:188} INFO - [2026-07-06T16:32:03.635+0000] {dagbag.py:538} INFO - Filling up the DagBag from /home/airflow/.local/lib/python3.8/site-packages/airflow/example_dags/example_python_operator.py
[2026-07-06T16:32:03.665+0000] {processor.py:840} INFO - DAG(s) 'example_python_operator' retrieved from /home/airflow/.local/lib/python3.8/site-packages/airflow/example_dags/example_python_operator.py
[2026-07-06T16:32:03.727+0000] {logging_mixin.py:188} INFO - [2026-07-06T16:32:03.726+0000] {dag.py:3036} INFO - Sync 1 DAGs
[2026-07-06T16:32:03.764+0000] {logging_mixin.py:188} INFO - [2026-07-06T16:32:03.764+0000] {dag.py:3823} INFO - Setting next_dagrun for example_python_operator to None, run_after=None
[2026-07-06T16:32:03.809+0000] {processor.py:183} INFO - Processing /home/airflow/.local/lib/python3.8/site-packages/airflow/example_dags/example_python_operator.py took 0.189 seconds
[2026-07-06T16:32:43.444+0000] {processor.py:161} INFO - Started process (PID=1242) to work on /home/airflow/.local/lib/python3.8/site-packages/airflow/example_dags/example_python_operator.py
[2026-07-06T16:32:43.449+0000] {processor.py:830} INFO - Processing file /home/airflow/.local/lib/python3.8/site-packages/airflow/example_dags/example_python_operator.py for tasks to queue
[2026-07-06T16:32:43.453+0000] {logging_mixin.py:188} INFO - [2026-07-06T16:32:43.452+0000] {dagbag.py:538} INFO - Filling up the DagBag from /home/airflow/.local/lib/python3.8/site-packages/airflow/example_dags/example_python_operator.py
[2026-07-06T16:32:43.498+0000] {processor.py:840} INFO - DAG(s) 'example_python_operator' retrieved from /home/airflow/.local/lib/python3.8/site-packages/airflow/example_dags/example_python_operator.py
[2026-07-06T16:32:43.608+0000] {logging_mixin.py:188} INFO - [2026-07-06T16:32:43.607+0000] {dag.py:3036} INFO - Sync 1 DAGs
[2026-07-06T16:32:43.722+0000] {logging_mixin.py:188} INFO - [2026-07-06T16:32:43.722+0000] {dag.py:3823} INFO - Setting next_dagrun for example_python_operator to None, run_after=None
[2026-07-06T16:32:43.891+0000] {processor.py:183} INFO - Processing /home/airflow/.local/lib/python3.8/site-packages/airflow/example_dags/example_python_operator.py took 0.463 seconds
[2026-07-06T16:33:14.520+0000] {processor.py:161} INFO - Started process (PID=1305) to work on /home/airflow/.local/lib/python3.8/site-packages/airflow/example_dags/example_python_operator.py
[2026-07-06T16:33:14.525+0000] {processor.py:830} INFO - Processing file /home/airflow/.local/lib/python3.8/site-packages/airflow/example_dags/example_python_operator.py for tasks to queue
[2026-07-06T16:33:14.533+0000] {logging_mixin.py:188} INFO - [2026-07-06T16:33:14.532+0000] {dagbag.py:538} INFO - Filling up the DagBag from /home/airflow/.local/lib/python3.8/site-packages/airflow/example_dags/example_python_operator.py
[2026-07-06T16:33:14.568+0000] {processor.py:840} INFO - DAG(s) 'example_python_operator' retrieved from /home/airflow/.local/lib/python3.8/site-packages/airflow/example_dags/example_python_operator.py
[2026-07-06T16:33:14.622+0000] {logging_mixin.py:188} INFO - [2026-07-06T16:33:14.621+0000] {dag.py:3036} INFO - Sync 1 DAGs
[2026-07-06T16:33:14.651+0000] {logging_mixin.py:188} INFO - [2026-07-06T16:33:14.651+0000] {dag.py:3823} INFO - Setting next_dagrun for example_python_operator to None, run_after=None
[2026-07-06T16:33:14.710+0000] {processor.py:183} INFO - Processing /home/airflow/.local/lib/python3.8/site-packages/airflow/example_dags/example_python_operator.py took 0.204 seconds
[2026-07-06T16:33:44.966+0000] {processor.py:161} INFO - Started process (PID=1370) to work on /home/airflow/.local/lib/python3.8/site-packages/airflow/example_dags/example_python_operator.py
[2026-07-06T16:33:44.970+0000] {processor.py:830} INFO - Processing file /home/airflow/.local/lib/python3.8/site-packages/airflow/example_dags/example_python_operator.py for tasks to queue
[2026-07-06T16:33:44.976+0000] {logging_mixin.py:188} INFO - [2026-07-06T16:33:44.975+0000] {dagbag.py:538} INFO - Filling up the DagBag from /home/airflow/.local/lib/python3.8/site-packages/airflow/example_dags/example_python_operator.py
[2026-07-06T16:33:45.012+0000] {processor.py:840} INFO - DAG(s) 'example_python_operator' retrieved from /home/airflow/.local/lib/python3.8/site-packages/airflow/example_dags/example_python_operator.py
[2026-07-06T16:33:45.083+0000] {logging_mixin.py:188} INFO - [2026-07-06T16:33:45.082+0000] {dag.py:3036} INFO - Sync 1 DAGs
[2026-07-06T16:33:45.119+0000] {logging_mixin.py:188} INFO - [2026-07-06T16:33:45.118+0000] {dag.py:3823} INFO - Setting next_dagrun for example_python_operator to None, run_after=None
[2026-07-06T16:33:45.172+0000] {processor.py:183} INFO - Processing /home/airflow/.local/lib/python3.8/site-packages/airflow/example_dags/example_python_operator.py took 0.217 seconds
[2026-07-06T16:34:15.450+0000] {processor.py:161} INFO - Started process (PID=1435) to work on /home/airflow/.local/lib/python3.8/site-packages/airflow/example_dags/example_python_operator.py
[2026-07-06T16:34:15.454+0000] {processor.py:830} INFO - Processing file /home/airflow/.local/lib/python3.8/site-packages/airflow/example_dags/example_python_operator.py for tasks to queue
[2026-07-06T16:34:15.459+0000] {logging_mixin.py:188} INFO - [2026-07-06T16:34:15.458+0000] {dagbag.py:538} INFO - Filling up the DagBag from /home/airflow/.local/lib/python3.8/site-packages/airflow/example_dags/example_python_operator.py
[2026-07-06T16:34:15.491+0000] {processor.py:840} INFO - DAG(s) 'example_python_operator' retrieved from /home/airflow/.local/lib/python3.8/site-packages/airflow/example_dags/example_python_operator.py
[2026-07-06T16:34:15.569+0000] {logging_mixin.py:188} INFO - [2026-07-06T16:34:15.568+0000] {dag.py:3036} INFO - Sync 1 DAGs
[2026-07-06T16:34:15.605+0000] {logging_mixin.py:188} INFO - [2026-07-06T16:34:15.605+0000] {dag.py:3823} INFO - Setting next_dagrun for example_python_operator to None, run_after=None
[2026-07-06T16:34:15.658+0000] {processor.py:183} INFO - Processing /home/airflow/.local/lib/python3.8/site-packages/airflow/example_dags/example_python_operator.py took 0.218 seconds
[2026-07-06T16:34:45.972+0000] {processor.py:161} INFO - Started process (PID=1499) to work on /home/airflow/.local/lib/python3.8/site-packages/airflow/example_dags/example_python_operator.py
[2026-07-06T16:34:45.976+0000] {processor.py:830} INFO - Processing file /home/airflow/.local/lib/python3.8/site-packages/airflow/example_dags/example_python_operator.py for tasks to queue
[2026-07-06T16:34:45.981+0000] {logging_mixin.py:188} INFO - [2026-07-06T16:34:45.980+0000] {dagbag.py:538} INFO - Filling up the DagBag from /home/airflow/.local/lib/python3.8/site-packages/airflow/example_dags/example_python_operator.py
[2026-07-06T16:34:46.018+0000] {processor.py:840} INFO - DAG(s) 'example_python_operator' retrieved from /home/airflow/.local/lib/python3.8/site-packages/airflow/example_dags/example_python_operator.py
[2026-07-06T16:34:46.125+0000] {logging_mixin.py:188} INFO - [2026-07-06T16:34:46.123+0000] {dag.py:3036} INFO - Sync 1 DAGs
[2026-07-06T16:34:46.198+0000] {logging_mixin.py:188} INFO - [2026-07-06T16:34:46.194+0000] {dag.py:3823} INFO - Setting next_dagrun for example_python_operator to None, run_after=None
[2026-07-06T16:34:46.302+0000] {processor.py:183} INFO - Processing /home/airflow/.local/lib/python3.8/site-packages/airflow/example_dags/example_python_operator.py took 0.341 seconds
[2026-07-06T16:35:16.624+0000] {processor.py:161} INFO - Started process (PID=1557) to work on /home/airflow/.local/lib/python3.8/site-packages/airflow/example_dags/example_python_operator.py
[2026-07-06T16:35:16.628+0000] {processor.py:830} INFO - Processing file /home/airflow/.local/lib/python3.8/site-packages/airflow/example_dags/example_python_operator.py for tasks to queue
[2026-07-06T16:35:16.632+0000] {logging_mixin.py:188} INFO - [2026-07-06T16:35:16.632+0000] {dagbag.py:538} INFO - Filling up the DagBag from /home/airflow/.local/lib/python3.8/site-packages/airflow/example_dags/example_python_operator.py
