[2026-07-06T16:22:17.285+0000] {processor.py:161} INFO - Started process (PID=194) to work on /home/airflow/.local/lib/python3.8/site-packages/airflow/example_dags/example_trigger_target_dag.py
[2026-07-06T16:22:17.308+0000] {processor.py:830} INFO - Processing file /home/airflow/.local/lib/python3.8/site-packages/airflow/example_dags/example_trigger_target_dag.py for tasks to queue
[2026-07-06T16:22:17.334+0000] {logging_mixin.py:188} INFO - [2026-07-06T16:22:17.323+0000] {dagbag.py:538} INFO - Filling up the DagBag from /home/airflow/.local/lib/python3.8/site-packages/airflow/example_dags/example_trigger_target_dag.py
[2026-07-06T16:22:17.456+0000] {processor.py:840} INFO - DAG(s) 'example_trigger_target_dag' retrieved from /home/airflow/.local/lib/python3.8/site-packages/airflow/example_dags/example_trigger_target_dag.py
[2026-07-06T16:22:20.430+0000] {logging_mixin.py:188} INFO - [2026-07-06T16:22:20.424+0000] {override.py:1769} INFO - Created Permission View: can read on DAG:example_trigger_target_dag
[2026-07-06T16:22:20.587+0000] {logging_mixin.py:188} INFO - [2026-07-06T16:22:20.586+0000] {override.py:1769} INFO - Created Permission View: can delete on DAG:example_trigger_target_dag
[2026-07-06T16:22:20.618+0000] {logging_mixin.py:188} INFO - [2026-07-06T16:22:20.617+0000] {override.py:1769} INFO - Created Permission View: can edit on DAG:example_trigger_target_dag
[2026-07-06T16:22:20.619+0000] {logging_mixin.py:188} INFO - [2026-07-06T16:22:20.619+0000] {dag.py:3036} INFO - Sync 1 DAGs
[2026-07-06T16:22:20.739+0000] {logging_mixin.py:188} INFO - [2026-07-06T16:22:20.738+0000] {dag.py:3058} INFO - Creating ORM DAG for example_trigger_target_dag
[2026-07-06T16:22:20.748+0000] {logging_mixin.py:188} INFO - [2026-07-06T16:22:20.740+0000] {dag.py:3823} INFO - Setting next_dagrun for example_trigger_target_dag to None, run_after=None
[2026-07-06T16:22:20.841+0000] {processor.py:183} INFO - Processing /home/airflow/.local/lib/python3.8/site-packages/airflow/example_dags/example_trigger_target_dag.py took 3.649 seconds
[2026-07-06T16:24:37.065+0000] {processor.py:161} INFO - Started process (PID=294) to work on /home/airflow/.local/lib/python3.8/site-packages/airflow/example_dags/example_trigger_target_dag.py
[2026-07-06T16:24:37.068+0000] {processor.py:830} INFO - Processing file /home/airflow/.local/lib/python3.8/site-packages/airflow/example_dags/example_trigger_target_dag.py for tasks to queue
[2026-07-06T16:24:37.073+0000] {logging_mixin.py:188} INFO - [2026-07-06T16:24:37.072+0000] {dagbag.py:538} INFO - Filling up the DagBag from /home/airflow/.local/lib/python3.8/site-packages/airflow/example_dags/example_trigger_target_dag.py
[2026-07-06T16:24:37.093+0000] {processor.py:840} INFO - DAG(s) 'example_trigger_target_dag' retrieved from /home/airflow/.local/lib/python3.8/site-packages/airflow/example_dags/example_trigger_target_dag.py
[2026-07-06T16:24:37.158+0000] {logging_mixin.py:188} INFO - [2026-07-06T16:24:37.157+0000] {dag.py:3036} INFO - Sync 1 DAGs
[2026-07-06T16:24:37.190+0000] {logging_mixin.py:188} INFO - [2026-07-06T16:24:37.190+0000] {dag.py:3823} INFO - Setting next_dagrun for example_trigger_target_dag to None, run_after=None
[2026-07-06T16:24:37.253+0000] {processor.py:183} INFO - Processing /home/airflow/.local/lib/python3.8/site-packages/airflow/example_dags/example_trigger_target_dag.py took 0.197 seconds
[2026-07-06T16:25:07.889+0000] {processor.py:161} INFO - Started process (PID=358) to work on /home/airflow/.local/lib/python3.8/site-packages/airflow/example_dags/example_trigger_target_dag.py
[2026-07-06T16:25:07.895+0000] {processor.py:830} INFO - Processing file /home/airflow/.local/lib/python3.8/site-packages/airflow/example_dags/example_trigger_target_dag.py for tasks to queue
[2026-07-06T16:25:07.901+0000] {logging_mixin.py:188} INFO - [2026-07-06T16:25:07.900+0000] {dagbag.py:538} INFO - Filling up the DagBag from /home/airflow/.local/lib/python3.8/site-packages/airflow/example_dags/example_trigger_target_dag.py
[2026-07-06T16:25:07.918+0000] {processor.py:840} INFO - DAG(s) 'example_trigger_target_dag' retrieved from /home/airflow/.local/lib/python3.8/site-packages/airflow/example_dags/example_trigger_target_dag.py
[2026-07-06T16:25:07.989+0000] {logging_mixin.py:188} INFO - [2026-07-06T16:25:07.988+0000] {dag.py:3036} INFO - Sync 1 DAGs
[2026-07-06T16:25:08.076+0000] {logging_mixin.py:188} INFO - [2026-07-06T16:25:08.076+0000] {dag.py:3823} INFO - Setting next_dagrun for example_trigger_target_dag to None, run_after=None
[2026-07-06T16:25:08.183+0000] {processor.py:183} INFO - Processing /home/airflow/.local/lib/python3.8/site-packages/airflow/example_dags/example_trigger_target_dag.py took 0.298 seconds
[2026-07-06T16:25:38.991+0000] {processor.py:161} INFO - Started process (PID=416) to work on /home/airflow/.local/lib/python3.8/site-packages/airflow/example_dags/example_trigger_target_dag.py
[2026-07-06T16:25:38.994+0000] {processor.py:830} INFO - Processing file /home/airflow/.local/lib/python3.8/site-packages/airflow/example_dags/example_trigger_target_dag.py for tasks to queue
[2026-07-06T16:25:39.000+0000] {logging_mixin.py:188} INFO - [2026-07-06T16:25:38.999+0000] {dagbag.py:538} INFO - Filling up the DagBag from /home/airflow/.local/lib/python3.8/site-packages/airflow/example_dags/example_trigger_target_dag.py
[2026-07-06T16:25:39.026+0000] {processor.py:840} INFO - DAG(s) 'example_trigger_target_dag' retrieved from /home/airflow/.local/lib/python3.8/site-packages/airflow/example_dags/example_trigger_target_dag.py
[2026-07-06T16:25:39.094+0000] {logging_mixin.py:188} INFO - [2026-07-06T16:25:39.094+0000] {dag.py:3036} INFO - Sync 1 DAGs
[2026-07-06T16:25:39.132+0000] {logging_mixin.py:188} INFO - [2026-07-06T16:25:39.132+0000] {dag.py:3823} INFO - Setting next_dagrun for example_trigger_target_dag to None, run_after=None
[2026-07-06T16:25:39.210+0000] {processor.py:183} INFO - Processing /home/airflow/.local/lib/python3.8/site-packages/airflow/example_dags/example_trigger_target_dag.py took 0.231 seconds
[2026-07-06T16:26:09.383+0000] {processor.py:161} INFO - Started process (PID=481) to work on /home/airflow/.local/lib/python3.8/site-packages/airflow/example_dags/example_trigger_target_dag.py
[2026-07-06T16:26:09.386+0000] {processor.py:830} INFO - Processing file /home/airflow/.local/lib/python3.8/site-packages/airflow/example_dags/example_trigger_target_dag.py for tasks to queue
[2026-07-06T16:26:09.391+0000] {logging_mixin.py:188} INFO - [2026-07-06T16:26:09.391+0000] {dagbag.py:538} INFO - Filling up the DagBag from /home/airflow/.local/lib/python3.8/site-packages/airflow/example_dags/example_trigger_target_dag.py
[2026-07-06T16:26:09.406+0000] {processor.py:840} INFO - DAG(s) 'example_trigger_target_dag' retrieved from /home/airflow/.local/lib/python3.8/site-packages/airflow/example_dags/example_trigger_target_dag.py
[2026-07-06T16:26:09.451+0000] {logging_mixin.py:188} INFO - [2026-07-06T16:26:09.450+0000] {dag.py:3036} INFO - Sync 1 DAGs
[2026-07-06T16:26:09.477+0000] {logging_mixin.py:188} INFO - [2026-07-06T16:26:09.477+0000] {dag.py:3823} INFO - Setting next_dagrun for example_trigger_target_dag to None, run_after=None
[2026-07-06T16:26:09.517+0000] {processor.py:183} INFO - Processing /home/airflow/.local/lib/python3.8/site-packages/airflow/example_dags/example_trigger_target_dag.py took 0.144 seconds
[2026-07-06T16:26:39.957+0000] {processor.py:161} INFO - Started process (PID=547) to work on /home/airflow/.local/lib/python3.8/site-packages/airflow/example_dags/example_trigger_target_dag.py
[2026-07-06T16:26:39.960+0000] {processor.py:830} INFO - Processing file /home/airflow/.local/lib/python3.8/site-packages/airflow/example_dags/example_trigger_target_dag.py for tasks to queue
[2026-07-06T16:26:39.976+0000] {logging_mixin.py:188} INFO - [2026-07-06T16:26:39.975+0000] {dagbag.py:538} INFO - Filling up the DagBag from /home/airflow/.local/lib/python3.8/site-packages/airflow/example_dags/example_trigger_target_dag.py
[2026-07-06T16:26:40.005+0000] {processor.py:840} INFO - DAG(s) 'example_trigger_target_dag' retrieved from /home/airflow/.local/lib/python3.8/site-packages/airflow/example_dags/example_trigger_target_dag.py
[2026-07-06T16:26:40.075+0000] {logging_mixin.py:188} INFO - [2026-07-06T16:26:40.074+0000] {dag.py:3036} INFO - Sync 1 DAGs
[2026-07-06T16:26:40.108+0000] {logging_mixin.py:188} INFO - [2026-07-06T16:26:40.108+0000] {dag.py:3823} INFO - Setting next_dagrun for example_trigger_target_dag to None, run_after=None
[2026-07-06T16:26:40.153+0000] {processor.py:183} INFO - Processing /home/airflow/.local/lib/python3.8/site-packages/airflow/example_dags/example_trigger_target_dag.py took 0.213 seconds
[2026-07-06T16:27:10.865+0000] {processor.py:161} INFO - Started process (PID=613) to work on /home/airflow/.local/lib/python3.8/site-packages/airflow/example_dags/example_trigger_target_dag.py
[2026-07-06T16:27:10.867+0000] {processor.py:830} INFO - Processing file /home/airflow/.local/lib/python3.8/site-packages/airflow/example_dags/example_trigger_target_dag.py for tasks to queue
[2026-07-06T16:27:10.872+0000] {logging_mixin.py:188} INFO - [2026-07-06T16:27:10.871+0000] {dagbag.py:538} INFO - Filling up the DagBag from /home/airflow/.local/lib/python3.8/site-packages/airflow/example_dags/example_trigger_target_dag.py
[2026-07-06T16:27:10.889+0000] {processor.py:840} INFO - DAG(s) 'example_trigger_target_dag' retrieved from /home/airflow/.local/lib/python3.8/site-packages/airflow/example_dags/example_trigger_target_dag.py
[2026-07-06T16:27:10.944+0000] {logging_mixin.py:188} INFO - [2026-07-06T16:27:10.943+0000] {dag.py:3036} INFO - Sync 1 DAGs
[2026-07-06T16:27:10.973+0000] {logging_mixin.py:188} INFO - [2026-07-06T16:27:10.973+0000] {dag.py:3823} INFO - Setting next_dagrun for example_trigger_target_dag to None, run_after=None
[2026-07-06T16:27:11.027+0000] {processor.py:183} INFO - Processing /home/airflow/.local/lib/python3.8/site-packages/airflow/example_dags/example_trigger_target_dag.py took 0.171 seconds
[2026-07-06T16:27:41.587+0000] {processor.py:161} INFO - Started process (PID=678) to work on /home/airflow/.local/lib/python3.8/site-packages/airflow/example_dags/example_trigger_target_dag.py
[2026-07-06T16:27:41.589+0000] {processor.py:830} INFO - Processing file /home/airflow/.local/lib/python3.8/site-packages/airflow/example_dags/example_trigger_target_dag.py for tasks to queue
[2026-07-06T16:27:41.595+0000] {logging_mixin.py:188} INFO - [2026-07-06T16:27:41.594+0000] {dagbag.py:538} INFO - Filling up the DagBag from /home/airflow/.local/lib/python3.8/site-packages/airflow/example_dags/example_trigger_target_dag.py
[2026-07-06T16:27:41.613+0000] {processor.py:840} INFO - DAG(s) 'example_trigger_target_dag' retrieved from /home/airflow/.local/lib/python3.8/site-packages/airflow/example_dags/example_trigger_target_dag.py
[2026-07-06T16:27:41.671+0000] {logging_mixin.py:188} INFO - [2026-07-06T16:27:41.671+0000] {dag.py:3036} INFO - Sync 1 DAGs
[2026-07-06T16:27:41.704+0000] {logging_mixin.py:188} INFO - [2026-07-06T16:27:41.704+0000] {dag.py:3823} INFO - Setting next_dagrun for example_trigger_target_dag to None, run_after=None
[2026-07-06T16:27:41.764+0000] {processor.py:183} INFO - Processing /home/airflow/.local/lib/python3.8/site-packages/airflow/example_dags/example_trigger_target_dag.py took 0.188 seconds
[2026-07-06T16:28:14.660+0000] {processor.py:161} INFO - Started process (PID=736) to work on /home/airflow/.local/lib/python3.8/site-packages/airflow/example_dags/example_trigger_target_dag.py
[2026-07-06T16:28:14.679+0000] {processor.py:830} INFO - Processing file /home/airflow/.local/lib/python3.8/site-packages/airflow/example_dags/example_trigger_target_dag.py for tasks to queue
[2026-07-06T16:28:14.725+0000] {logging_mixin.py:188} INFO - [2026-07-06T16:28:14.687+0000] {dagbag.py:538} INFO - Filling up the DagBag from /home/airflow/.local/lib/python3.8/site-packages/airflow/example_dags/example_trigger_target_dag.py
[2026-07-06T16:28:14.799+0000] {processor.py:840} INFO - DAG(s) 'example_trigger_target_dag' retrieved from /home/airflow/.local/lib/python3.8/site-packages/airflow/example_dags/example_trigger_target_dag.py
[2026-07-06T16:28:15.124+0000] {logging_mixin.py:188} INFO - [2026-07-06T16:28:15.123+0000] {dag.py:3036} INFO - Sync 1 DAGs
[2026-07-06T16:28:15.254+0000] {logging_mixin.py:188} INFO - [2026-07-06T16:28:15.247+0000] {dag.py:3823} INFO - Setting next_dagrun for example_trigger_target_dag to None, run_after=None
[2026-07-06T16:28:15.478+0000] {processor.py:183} INFO - Processing /home/airflow/.local/lib/python3.8/site-packages/airflow/example_dags/example_trigger_target_dag.py took 0.846 seconds
[2026-07-06T16:28:54.648+0000] {processor.py:161} INFO - Started process (PID=793) to work on /home/airflow/.local/lib/python3.8/site-packages/airflow/example_dags/example_trigger_target_dag.py
[2026-07-06T16:28:54.659+0000] {processor.py:830} INFO - Processing file /home/airflow/.local/lib/python3.8/site-packages/airflow/example_dags/example_trigger_target_dag.py for tasks to queue
[2026-07-06T16:28:54.668+0000] {logging_mixin.py:188} INFO - [2026-07-06T16:28:54.668+0000] {dagbag.py:538} INFO - Filling up the DagBag from /home/airflow/.local/lib/python3.8/site-packages/airflow/example_dags/example_trigger_target_dag.py
[2026-07-06T16:28:54.748+0000] {processor.py:840} INFO - DAG(s) 'example_trigger_target_dag' retrieved from /home/airflow/.local/lib/python3.8/site-packages/airflow/example_dags/example_trigger_target_dag.py
[2026-07-06T16:28:55.600+0000] {logging_mixin.py:188} INFO - [2026-07-06T16:28:55.600+0000] {dag.py:3036} INFO - Sync 1 DAGs
[2026-07-06T16:28:55.915+0000] {logging_mixin.py:188} INFO - [2026-07-06T16:28:55.915+0000] {dag.py:3823} INFO - Setting next_dagrun for example_trigger_target_dag to None, run_after=None
[2026-07-06T16:28:56.026+0000] {processor.py:183} INFO - Processing /home/airflow/.local/lib/python3.8/site-packages/airflow/example_dags/example_trigger_target_dag.py took 1.387 seconds
[2026-07-06T16:29:26.493+0000] {processor.py:161} INFO - Started process (PID=859) to work on /home/airflow/.local/lib/python3.8/site-packages/airflow/example_dags/example_trigger_target_dag.py
[2026-07-06T16:29:26.497+0000] {processor.py:830} INFO - Processing file /home/airflow/.local/lib/python3.8/site-packages/airflow/example_dags/example_trigger_target_dag.py for tasks to queue
[2026-07-06T16:29:26.501+0000] {logging_mixin.py:188} INFO - [2026-07-06T16:29:26.500+0000] {dagbag.py:538} INFO - Filling up the DagBag from /home/airflow/.local/lib/python3.8/site-packages/airflow/example_dags/example_trigger_target_dag.py
[2026-07-06T16:29:26.521+0000] {processor.py:840} INFO - DAG(s) 'example_trigger_target_dag' retrieved from /home/airflow/.local/lib/python3.8/site-packages/airflow/example_dags/example_trigger_target_dag.py
[2026-07-06T16:29:26.592+0000] {logging_mixin.py:188} INFO - [2026-07-06T16:29:26.591+0000] {dag.py:3036} INFO - Sync 1 DAGs
[2026-07-06T16:29:26.629+0000] {logging_mixin.py:188} INFO - [2026-07-06T16:29:26.628+0000] {dag.py:3823} INFO - Setting next_dagrun for example_trigger_target_dag to None, run_after=None
[2026-07-06T16:29:26.693+0000] {processor.py:183} INFO - Processing /home/airflow/.local/lib/python3.8/site-packages/airflow/example_dags/example_trigger_target_dag.py took 0.212 seconds
[2026-07-06T16:29:57.091+0000] {processor.py:161} INFO - Started process (PID=925) to work on /home/airflow/.local/lib/python3.8/site-packages/airflow/example_dags/example_trigger_target_dag.py
[2026-07-06T16:29:57.106+0000] {processor.py:830} INFO - Processing file /home/airflow/.local/lib/python3.8/site-packages/airflow/example_dags/example_trigger_target_dag.py for tasks to queue
[2026-07-06T16:29:57.112+0000] {logging_mixin.py:188} INFO - [2026-07-06T16:29:57.111+0000] {dagbag.py:538} INFO - Filling up the DagBag from /home/airflow/.local/lib/python3.8/site-packages/airflow/example_dags/example_trigger_target_dag.py
[2026-07-06T16:29:57.140+0000] {processor.py:840} INFO - DAG(s) 'example_trigger_target_dag' retrieved from /home/airflow/.local/lib/python3.8/site-packages/airflow/example_dags/example_trigger_target_dag.py
[2026-07-06T16:29:57.251+0000] {logging_mixin.py:188} INFO - [2026-07-06T16:29:57.249+0000] {dag.py:3036} INFO - Sync 1 DAGs
[2026-07-06T16:29:57.316+0000] {logging_mixin.py:188} INFO - [2026-07-06T16:29:57.316+0000] {dag.py:3823} INFO - Setting next_dagrun for example_trigger_target_dag to None, run_after=None
[2026-07-06T16:29:57.456+0000] {processor.py:183} INFO - Processing /home/airflow/.local/lib/python3.8/site-packages/airflow/example_dags/example_trigger_target_dag.py took 0.384 seconds
[2026-07-06T16:30:27.649+0000] {processor.py:161} INFO - Started process (PID=983) to work on /home/airflow/.local/lib/python3.8/site-packages/airflow/example_dags/example_trigger_target_dag.py
[2026-07-06T16:30:27.657+0000] {processor.py:830} INFO - Processing file /home/airflow/.local/lib/python3.8/site-packages/airflow/example_dags/example_trigger_target_dag.py for tasks to queue
[2026-07-06T16:30:27.665+0000] {logging_mixin.py:188} INFO - [2026-07-06T16:30:27.664+0000] {dagbag.py:538} INFO - Filling up the DagBag from /home/airflow/.local/lib/python3.8/site-packages/airflow/example_dags/example_trigger_target_dag.py
[2026-07-06T16:30:27.685+0000] {processor.py:840} INFO - DAG(s) 'example_trigger_target_dag' retrieved from /home/airflow/.local/lib/python3.8/site-packages/airflow/example_dags/example_trigger_target_dag.py
[2026-07-06T16:30:27.760+0000] {logging_mixin.py:188} INFO - [2026-07-06T16:30:27.759+0000] {dag.py:3036} INFO - Sync 1 DAGs
[2026-07-06T16:30:27.790+0000] {logging_mixin.py:188} INFO - [2026-07-06T16:30:27.789+0000] {dag.py:3823} INFO - Setting next_dagrun for example_trigger_target_dag to None, run_after=None
[2026-07-06T16:30:27.853+0000] {processor.py:183} INFO - Processing /home/airflow/.local/lib/python3.8/site-packages/airflow/example_dags/example_trigger_target_dag.py took 0.216 seconds
[2026-07-06T16:30:58.076+0000] {processor.py:161} INFO - Started process (PID=1050) to work on /home/airflow/.local/lib/python3.8/site-packages/airflow/example_dags/example_trigger_target_dag.py
[2026-07-06T16:30:58.079+0000] {processor.py:830} INFO - Processing file /home/airflow/.local/lib/python3.8/site-packages/airflow/example_dags/example_trigger_target_dag.py for tasks to queue
[2026-07-06T16:30:58.083+0000] {logging_mixin.py:188} INFO - [2026-07-06T16:30:58.083+0000] {dagbag.py:538} INFO - Filling up the DagBag from /home/airflow/.local/lib/python3.8/site-packages/airflow/example_dags/example_trigger_target_dag.py
[2026-07-06T16:30:58.106+0000] {processor.py:840} INFO - DAG(s) 'example_trigger_target_dag' retrieved from /home/airflow/.local/lib/python3.8/site-packages/airflow/example_dags/example_trigger_target_dag.py
[2026-07-06T16:30:58.156+0000] {logging_mixin.py:188} INFO - [2026-07-06T16:30:58.155+0000] {dag.py:3036} INFO - Sync 1 DAGs
[2026-07-06T16:30:58.184+0000] {logging_mixin.py:188} INFO - [2026-07-06T16:30:58.184+0000] {dag.py:3823} INFO - Setting next_dagrun for example_trigger_target_dag to None, run_after=None
[2026-07-06T16:30:58.237+0000] {processor.py:183} INFO - Processing /home/airflow/.local/lib/python3.8/site-packages/airflow/example_dags/example_trigger_target_dag.py took 0.188 seconds
[2026-07-06T16:31:28.415+0000] {processor.py:161} INFO - Started process (PID=1115) to work on /home/airflow/.local/lib/python3.8/site-packages/airflow/example_dags/example_trigger_target_dag.py
[2026-07-06T16:31:28.446+0000] {processor.py:830} INFO - Processing file /home/airflow/.local/lib/python3.8/site-packages/airflow/example_dags/example_trigger_target_dag.py for tasks to queue
[2026-07-06T16:31:28.486+0000] {logging_mixin.py:188} INFO - [2026-07-06T16:31:28.483+0000] {dagbag.py:538} INFO - Filling up the DagBag from /home/airflow/.local/lib/python3.8/site-packages/airflow/example_dags/example_trigger_target_dag.py
[2026-07-06T16:31:28.544+0000] {processor.py:840} INFO - DAG(s) 'example_trigger_target_dag' retrieved from /home/airflow/.local/lib/python3.8/site-packages/airflow/example_dags/example_trigger_target_dag.py
[2026-07-06T16:31:28.619+0000] {logging_mixin.py:188} INFO - [2026-07-06T16:31:28.618+0000] {dag.py:3036} INFO - Sync 1 DAGs
[2026-07-06T16:31:28.671+0000] {logging_mixin.py:188} INFO - [2026-07-06T16:31:28.670+0000] {dag.py:3823} INFO - Setting next_dagrun for example_trigger_target_dag to None, run_after=None
[2026-07-06T16:31:28.726+0000] {processor.py:183} INFO - Processing /home/airflow/.local/lib/python3.8/site-packages/airflow/example_dags/example_trigger_target_dag.py took 0.339 seconds
[2026-07-06T16:32:02.158+0000] {processor.py:161} INFO - Started process (PID=1173) to work on /home/airflow/.local/lib/python3.8/site-packages/airflow/example_dags/example_trigger_target_dag.py
[2026-07-06T16:32:02.167+0000] {processor.py:830} INFO - Processing file /home/airflow/.local/lib/python3.8/site-packages/airflow/example_dags/example_trigger_target_dag.py for tasks to queue
[2026-07-06T16:32:02.173+0000] {logging_mixin.py:188} INFO - [2026-07-06T16:32:02.172+0000] {dagbag.py:538} INFO - Filling up the DagBag from /home/airflow/.local/lib/python3.8/site-packages/airflow/example_dags/example_trigger_target_dag.py
[2026-07-06T16:32:02.191+0000] {processor.py:840} INFO - DAG(s) 'example_trigger_target_dag' retrieved from /home/airflow/.local/lib/python3.8/site-packages/airflow/example_dags/example_trigger_target_dag.py
[2026-07-06T16:32:02.251+0000] {logging_mixin.py:188} INFO - [2026-07-06T16:32:02.251+0000] {dag.py:3036} INFO - Sync 1 DAGs
[2026-07-06T16:32:02.284+0000] {logging_mixin.py:188} INFO - [2026-07-06T16:32:02.283+0000] {dag.py:3823} INFO - Setting next_dagrun for example_trigger_target_dag to None, run_after=None
[2026-07-06T16:32:02.330+0000] {processor.py:183} INFO - Processing /home/airflow/.local/lib/python3.8/site-packages/airflow/example_dags/example_trigger_target_dag.py took 0.178 seconds
[2026-07-06T16:32:41.184+0000] {processor.py:161} INFO - Started process (PID=1236) to work on /home/airflow/.local/lib/python3.8/site-packages/airflow/example_dags/example_trigger_target_dag.py
[2026-07-06T16:32:41.199+0000] {processor.py:830} INFO - Processing file /home/airflow/.local/lib/python3.8/site-packages/airflow/example_dags/example_trigger_target_dag.py for tasks to queue
[2026-07-06T16:32:41.237+0000] {logging_mixin.py:188} INFO - [2026-07-06T16:32:41.236+0000] {dagbag.py:538} INFO - Filling up the DagBag from /home/airflow/.local/lib/python3.8/site-packages/airflow/example_dags/example_trigger_target_dag.py
[2026-07-06T16:32:41.384+0000] {processor.py:840} INFO - DAG(s) 'example_trigger_target_dag' retrieved from /home/airflow/.local/lib/python3.8/site-packages/airflow/example_dags/example_trigger_target_dag.py
[2026-07-06T16:32:41.814+0000] {logging_mixin.py:188} INFO - [2026-07-06T16:32:41.807+0000] {dag.py:3036} INFO - Sync 1 DAGs
[2026-07-06T16:32:41.977+0000] {logging_mixin.py:188} INFO - [2026-07-06T16:32:41.976+0000] {dag.py:3823} INFO - Setting next_dagrun for example_trigger_target_dag to None, run_after=None
[2026-07-06T16:32:42.231+0000] {processor.py:183} INFO - Processing /home/airflow/.local/lib/python3.8/site-packages/airflow/example_dags/example_trigger_target_dag.py took 1.080 seconds
[2026-07-06T16:33:12.517+0000] {processor.py:161} INFO - Started process (PID=1301) to work on /home/airflow/.local/lib/python3.8/site-packages/airflow/example_dags/example_trigger_target_dag.py
[2026-07-06T16:33:12.521+0000] {processor.py:830} INFO - Processing file /home/airflow/.local/lib/python3.8/site-packages/airflow/example_dags/example_trigger_target_dag.py for tasks to queue
[2026-07-06T16:33:12.524+0000] {logging_mixin.py:188} INFO - [2026-07-06T16:33:12.524+0000] {dagbag.py:538} INFO - Filling up the DagBag from /home/airflow/.local/lib/python3.8/site-packages/airflow/example_dags/example_trigger_target_dag.py
[2026-07-06T16:33:12.539+0000] {processor.py:840} INFO - DAG(s) 'example_trigger_target_dag' retrieved from /home/airflow/.local/lib/python3.8/site-packages/airflow/example_dags/example_trigger_target_dag.py
[2026-07-06T16:33:12.592+0000] {logging_mixin.py:188} INFO - [2026-07-06T16:33:12.592+0000] {dag.py:3036} INFO - Sync 1 DAGs
[2026-07-06T16:33:12.627+0000] {logging_mixin.py:188} INFO - [2026-07-06T16:33:12.627+0000] {dag.py:3823} INFO - Setting next_dagrun for example_trigger_target_dag to None, run_after=None
[2026-07-06T16:33:12.669+0000] {processor.py:183} INFO - Processing /home/airflow/.local/lib/python3.8/site-packages/airflow/example_dags/example_trigger_target_dag.py took 0.162 seconds
[2026-07-06T16:33:42.981+0000] {processor.py:161} INFO - Started process (PID=1365) to work on /home/airflow/.local/lib/python3.8/site-packages/airflow/example_dags/example_trigger_target_dag.py
[2026-07-06T16:33:42.983+0000] {processor.py:830} INFO - Processing file /home/airflow/.local/lib/python3.8/site-packages/airflow/example_dags/example_trigger_target_dag.py for tasks to queue
[2026-07-06T16:33:42.986+0000] {logging_mixin.py:188} INFO - [2026-07-06T16:33:42.986+0000] {dagbag.py:538} INFO - Filling up the DagBag from /home/airflow/.local/lib/python3.8/site-packages/airflow/example_dags/example_trigger_target_dag.py
[2026-07-06T16:33:43.001+0000] {processor.py:840} INFO - DAG(s) 'example_trigger_target_dag' retrieved from /home/airflow/.local/lib/python3.8/site-packages/airflow/example_dags/example_trigger_target_dag.py
[2026-07-06T16:33:43.055+0000] {logging_mixin.py:188} INFO - [2026-07-06T16:33:43.054+0000] {dag.py:3036} INFO - Sync 1 DAGs
[2026-07-06T16:33:43.085+0000] {logging_mixin.py:188} INFO - [2026-07-06T16:33:43.085+0000] {dag.py:3823} INFO - Setting next_dagrun for example_trigger_target_dag to None, run_after=None
[2026-07-06T16:33:43.136+0000] {processor.py:183} INFO - Processing /home/airflow/.local/lib/python3.8/site-packages/airflow/example_dags/example_trigger_target_dag.py took 0.165 seconds
[2026-07-06T16:34:13.467+0000] {processor.py:161} INFO - Started process (PID=1430) to work on /home/airflow/.local/lib/python3.8/site-packages/airflow/example_dags/example_trigger_target_dag.py
[2026-07-06T16:34:13.473+0000] {processor.py:830} INFO - Processing file /home/airflow/.local/lib/python3.8/site-packages/airflow/example_dags/example_trigger_target_dag.py for tasks to queue
[2026-07-06T16:34:13.479+0000] {logging_mixin.py:188} INFO - [2026-07-06T16:34:13.478+0000] {dagbag.py:538} INFO - Filling up the DagBag from /home/airflow/.local/lib/python3.8/site-packages/airflow/example_dags/example_trigger_target_dag.py
[2026-07-06T16:34:13.526+0000] {processor.py:840} INFO - DAG(s) 'example_trigger_target_dag' retrieved from /home/airflow/.local/lib/python3.8/site-packages/airflow/example_dags/example_trigger_target_dag.py
[2026-07-06T16:34:13.603+0000] {logging_mixin.py:188} INFO - [2026-07-06T16:34:13.603+0000] {dag.py:3036} INFO - Sync 1 DAGs
[2026-07-06T16:34:13.639+0000] {logging_mixin.py:188} INFO - [2026-07-06T16:34:13.638+0000] {dag.py:3823} INFO - Setting next_dagrun for example_trigger_target_dag to None, run_after=None
[2026-07-06T16:34:13.687+0000] {processor.py:183} INFO - Processing /home/airflow/.local/lib/python3.8/site-packages/airflow/example_dags/example_trigger_target_dag.py took 0.233 seconds
[2026-07-06T16:34:43.911+0000] {processor.py:161} INFO - Started process (PID=1488) to work on /home/airflow/.local/lib/python3.8/site-packages/airflow/example_dags/example_trigger_target_dag.py
[2026-07-06T16:34:43.918+0000] {processor.py:830} INFO - Processing file /home/airflow/.local/lib/python3.8/site-packages/airflow/example_dags/example_trigger_target_dag.py for tasks to queue
[2026-07-06T16:34:43.932+0000] {logging_mixin.py:188} INFO - [2026-07-06T16:34:43.930+0000] {dagbag.py:538} INFO - Filling up the DagBag from /home/airflow/.local/lib/python3.8/site-packages/airflow/example_dags/example_trigger_target_dag.py
[2026-07-06T16:34:43.950+0000] {processor.py:840} INFO - DAG(s) 'example_trigger_target_dag' retrieved from /home/airflow/.local/lib/python3.8/site-packages/airflow/example_dags/example_trigger_target_dag.py
[2026-07-06T16:34:44.000+0000] {logging_mixin.py:188} INFO - [2026-07-06T16:34:44.000+0000] {dag.py:3036} INFO - Sync 1 DAGs
[2026-07-06T16:34:44.033+0000] {logging_mixin.py:188} INFO - [2026-07-06T16:34:44.033+0000] {dag.py:3823} INFO - Setting next_dagrun for example_trigger_target_dag to None, run_after=None
[2026-07-06T16:34:44.077+0000] {processor.py:183} INFO - Processing /home/airflow/.local/lib/python3.8/site-packages/airflow/example_dags/example_trigger_target_dag.py took 0.177 seconds
[2026-07-06T16:35:14.784+0000] {processor.py:161} INFO - Started process (PID=1553) to work on /home/airflow/.local/lib/python3.8/site-packages/airflow/example_dags/example_trigger_target_dag.py
[2026-07-06T16:35:14.786+0000] {processor.py:830} INFO - Processing file /home/airflow/.local/lib/python3.8/site-packages/airflow/example_dags/example_trigger_target_dag.py for tasks to queue
[2026-07-06T16:35:14.790+0000] {logging_mixin.py:188} INFO - [2026-07-06T16:35:14.790+0000] {dagbag.py:538} INFO - Filling up the DagBag from /home/airflow/.local/lib/python3.8/site-packages/airflow/example_dags/example_trigger_target_dag.py
[2026-07-06T16:35:14.804+0000] {processor.py:840} INFO - DAG(s) 'example_trigger_target_dag' retrieved from /home/airflow/.local/lib/python3.8/site-packages/airflow/example_dags/example_trigger_target_dag.py
[2026-07-06T16:35:14.851+0000] {logging_mixin.py:188} INFO - [2026-07-06T16:35:14.851+0000] {dag.py:3036} INFO - Sync 1 DAGs
[2026-07-06T16:35:14.883+0000] {logging_mixin.py:188} INFO - [2026-07-06T16:35:14.882+0000] {dag.py:3823} INFO - Setting next_dagrun for example_trigger_target_dag to None, run_after=None
[2026-07-06T16:35:14.930+0000] {processor.py:183} INFO - Processing /home/airflow/.local/lib/python3.8/site-packages/airflow/example_dags/example_trigger_target_dag.py took 0.156 seconds
[2026-07-06T16:35:45.708+0000] {processor.py:161} INFO - Started process (PID=1619) to work on /home/airflow/.local/lib/python3.8/site-packages/airflow/example_dags/example_trigger_target_dag.py
[2026-07-06T16:35:45.711+0000] {processor.py:830} INFO - Processing file /home/airflow/.local/lib/python3.8/site-packages/airflow/example_dags/example_trigger_target_dag.py for tasks to queue
[2026-07-06T16:35:45.717+0000] {logging_mixin.py:188} INFO - [2026-07-06T16:35:45.716+0000] {dagbag.py:538} INFO - Filling up the DagBag from /home/airflow/.local/lib/python3.8/site-packages/airflow/example_dags/example_trigger_target_dag.py
[2026-07-06T16:35:45.761+0000] {processor.py:840} INFO - DAG(s) 'example_trigger_target_dag' retrieved from /home/airflow/.local/lib/python3.8/site-packages/airflow/example_dags/example_trigger_target_dag.py
[2026-07-06T16:35:45.940+0000] {logging_mixin.py:188} INFO - [2026-07-06T16:35:45.940+0000] {dag.py:3036} INFO - Sync 1 DAGs
[2026-07-06T16:35:46.026+0000] {logging_mixin.py:188} INFO - [2026-07-06T16:35:46.025+0000] {dag.py:3823} INFO - Setting next_dagrun for example_trigger_target_dag to None, run_after=None
[2026-07-06T16:35:46.119+0000] {processor.py:183} INFO - Processing /home/airflow/.local/lib/python3.8/site-packages/airflow/example_dags/example_trigger_target_dag.py took 0.422 seconds
[2026-07-06T16:36:16.386+0000] {processor.py:161} INFO - Started process (PID=1684) to work on /home/airflow/.local/lib/python3.8/site-packages/airflow/example_dags/example_trigger_target_dag.py
[2026-07-06T16:36:16.391+0000] {processor.py:830} INFO - Processing file /home/airflow/.local/lib/python3.8/site-packages/airflow/example_dags/example_trigger_target_dag.py for tasks to queue
[2026-07-06T16:36:16.398+0000] {logging_mixin.py:188} INFO - [2026-07-06T16:36:16.397+0000] {dagbag.py:538} INFO - Filling up the DagBag from /home/airflow/.local/lib/python3.8/site-packages/airflow/example_dags/example_trigger_target_dag.py
[2026-07-06T16:36:16.420+0000] {processor.py:840} INFO - DAG(s) 'example_trigger_target_dag' retrieved from /home/airflow/.local/lib/python3.8/site-packages/airflow/example_dags/example_trigger_target_dag.py
[2026-07-06T16:36:16.467+0000] {logging_mixin.py:188} INFO - [2026-07-06T16:36:16.466+0000] {dag.py:3036} INFO - Sync 1 DAGs
[2026-07-06T16:36:16.503+0000] {logging_mixin.py:188} INFO - [2026-07-06T16:36:16.503+0000] {dag.py:3823} INFO - Setting next_dagrun for example_trigger_target_dag to None, run_after=None
[2026-07-06T16:36:16.543+0000] {processor.py:183} INFO - Processing /home/airflow/.local/lib/python3.8/site-packages/airflow/example_dags/example_trigger_target_dag.py took 0.167 seconds
[2026-07-06T16:36:46.889+0000] {processor.py:161} INFO - Started process (PID=1749) to work on /home/airflow/.local/lib/python3.8/site-packages/airflow/example_dags/example_trigger_target_dag.py
[2026-07-06T16:36:46.891+0000] {processor.py:830} INFO - Processing file /home/airflow/.local/lib/python3.8/site-packages/airflow/example_dags/example_trigger_target_dag.py for tasks to queue
[2026-07-06T16:36:46.898+0000] {logging_mixin.py:188} INFO - [2026-07-06T16:36:46.896+0000] {dagbag.py:538} INFO - Filling up the DagBag from /home/airflow/.local/lib/python3.8/site-packages/airflow/example_dags/example_trigger_target_dag.py
[2026-07-06T16:36:46.927+0000] {processor.py:840} INFO - DAG(s) 'example_trigger_target_dag' retrieved from /home/airflow/.local/lib/python3.8/site-packages/airflow/example_dags/example_trigger_target_dag.py
[2026-07-06T16:36:47.024+0000] {logging_mixin.py:188} INFO - [2026-07-06T16:36:47.023+0000] {dag.py:3036} INFO - Sync 1 DAGs
[2026-07-06T16:36:47.066+0000] {logging_mixin.py:188} INFO - [2026-07-06T16:36:47.065+0000] {dag.py:3823} INFO - Setting next_dagrun for example_trigger_target_dag to None, run_after=None
[2026-07-06T16:36:47.134+0000] {processor.py:183} INFO - Processing /home/airflow/.local/lib/python3.8/site-packages/airflow/example_dags/example_trigger_target_dag.py took 0.270 seconds
[2026-07-06T16:37:17.756+0000] {processor.py:161} INFO - Started process (PID=1808) to work on /home/airflow/.local/lib/python3.8/site-packages/airflow/example_dags/example_trigger_target_dag.py
[2026-07-06T16:37:17.761+0000] {processor.py:830} INFO - Processing file /home/airflow/.local/lib/python3.8/site-packages/airflow/example_dags/example_trigger_target_dag.py for tasks to queue
[2026-07-06T16:37:17.766+0000] {logging_mixin.py:188} INFO - [2026-07-06T16:37:17.765+0000] {dagbag.py:538} INFO - Filling up the DagBag from /home/airflow/.local/lib/python3.8/site-packages/airflow/example_dags/example_trigger_target_dag.py
[2026-07-06T16:37:17.783+0000] {processor.py:840} INFO - DAG(s) 'example_trigger_target_dag' retrieved from /home/airflow/.local/lib/python3.8/site-packages/airflow/example_dags/example_trigger_target_dag.py
[2026-07-06T16:37:17.838+0000] {logging_mixin.py:188} INFO - [2026-07-06T16:37:17.837+0000] {dag.py:3036} INFO - Sync 1 DAGs
[2026-07-06T16:37:17.869+0000] {logging_mixin.py:188} INFO - [2026-07-06T16:37:17.869+0000] {dag.py:3823} INFO - Setting next_dagrun for example_trigger_target_dag to None, run_after=None
[2026-07-06T16:37:17.913+0000] {processor.py:183} INFO - Processing /home/airflow/.local/lib/python3.8/site-packages/airflow/example_dags/example_trigger_target_dag.py took 0.166 seconds
[2026-07-06T16:37:49.351+0000] {processor.py:161} INFO - Started process (PID=1874) to work on /home/airflow/.local/lib/python3.8/site-packages/airflow/example_dags/example_trigger_target_dag.py
[2026-07-06T16:37:49.360+0000] {processor.py:830} INFO - Processing file /home/airflow/.local/lib/python3.8/site-packages/airflow/example_dags/example_trigger_target_dag.py for tasks to queue
[2026-07-06T16:37:49.376+0000] {logging_mixin.py:188} INFO - [2026-07-06T16:37:49.375+0000] {dagbag.py:538} INFO - Filling up the DagBag from /home/airflow/.local/lib/python3.8/site-packages/airflow/example_dags/example_trigger_target_dag.py
[2026-07-06T16:37:49.427+0000] {processor.py:840} INFO - DAG(s) 'example_trigger_target_dag' retrieved from /home/airflow/.local/lib/python3.8/site-packages/airflow/example_dags/example_trigger_target_dag.py
[2026-07-06T16:37:49.592+0000] {logging_mixin.py:188} INFO - [2026-07-06T16:37:49.592+0000] {dag.py:3036} INFO - Sync 1 DAGs
[2026-07-06T16:37:49.748+0000] {logging_mixin.py:188} INFO - [2026-07-06T16:37:49.747+0000] {dag.py:3823} INFO - Setting next_dagrun for example_trigger_target_dag to None, run_after=None
[2026-07-06T16:37:49.889+0000] {processor.py:183} INFO - Processing /home/airflow/.local/lib/python3.8/site-packages/airflow/example_dags/example_trigger_target_dag.py took 0.585 seconds
[2026-07-06T16:38:20.276+0000] {processor.py:161} INFO - Started process (PID=1939) to work on /home/airflow/.local/lib/python3.8/site-packages/airflow/example_dags/example_trigger_target_dag.py
[2026-07-06T16:38:20.278+0000] {processor.py:830} INFO - Processing file /home/airflow/.local/lib/python3.8/site-packages/airflow/example_dags/example_trigger_target_dag.py for tasks to queue
[2026-07-06T16:38:20.281+0000] {logging_mixin.py:188} INFO - [2026-07-06T16:38:20.281+0000] {dagbag.py:538} INFO - Filling up the DagBag from /home/airflow/.local/lib/python3.8/site-packages/airflow/example_dags/example_trigger_target_dag.py
[2026-07-06T16:38:20.294+0000] {processor.py:840} INFO - DAG(s) 'example_trigger_target_dag' retrieved from /home/airflow/.local/lib/python3.8/site-packages/airflow/example_dags/example_trigger_target_dag.py
[2026-07-06T16:38:20.336+0000] {logging_mixin.py:188} INFO - [2026-07-06T16:38:20.336+0000] {dag.py:3036} INFO - Sync 1 DAGs
[2026-07-06T16:38:20.362+0000] {logging_mixin.py:188} INFO - [2026-07-06T16:38:20.362+0000] {dag.py:3823} INFO - Setting next_dagrun for example_trigger_target_dag to None, run_after=None
[2026-07-06T16:38:20.401+0000] {processor.py:183} INFO - Processing /home/airflow/.local/lib/python3.8/site-packages/airflow/example_dags/example_trigger_target_dag.py took 0.134 seconds
[2026-07-06T16:38:51.444+0000] {processor.py:161} INFO - Started process (PID=2007) to work on /home/airflow/.local/lib/python3.8/site-packages/airflow/example_dags/example_trigger_target_dag.py
[2026-07-06T16:38:51.455+0000] {processor.py:830} INFO - Processing file /home/airflow/.local/lib/python3.8/site-packages/airflow/example_dags/example_trigger_target_dag.py for tasks to queue
[2026-07-06T16:38:51.460+0000] {logging_mixin.py:188} INFO - [2026-07-06T16:38:51.459+0000] {dagbag.py:538} INFO - Filling up the DagBag from /home/airflow/.local/lib/python3.8/site-packages/airflow/example_dags/example_trigger_target_dag.py
[2026-07-06T16:38:51.488+0000] {processor.py:840} INFO - DAG(s) 'example_trigger_target_dag' retrieved from /home/airflow/.local/lib/python3.8/site-packages/airflow/example_dags/example_trigger_target_dag.py
[2026-07-06T16:38:51.576+0000] {logging_mixin.py:188} INFO - [2026-07-06T16:38:51.576+0000] {dag.py:3036} INFO - Sync 1 DAGs
[2026-07-06T16:38:51.624+0000] {logging_mixin.py:188} INFO - [2026-07-06T16:38:51.623+0000] {dag.py:3823} INFO - Setting next_dagrun for example_trigger_target_dag to None, run_after=None
[2026-07-06T16:38:51.699+0000] {processor.py:183} INFO - Processing /home/airflow/.local/lib/python3.8/site-packages/airflow/example_dags/example_trigger_target_dag.py took 0.283 seconds
[2026-07-06T16:39:22.691+0000] {processor.py:161} INFO - Started process (PID=2072) to work on /home/airflow/.local/lib/python3.8/site-packages/airflow/example_dags/example_trigger_target_dag.py
[2026-07-06T16:39:22.694+0000] {processor.py:830} INFO - Processing file /home/airflow/.local/lib/python3.8/site-packages/airflow/example_dags/example_trigger_target_dag.py for tasks to queue
[2026-07-06T16:39:22.700+0000] {logging_mixin.py:188} INFO - [2026-07-06T16:39:22.698+0000] {dagbag.py:538} INFO - Filling up the DagBag from /home/airflow/.local/lib/python3.8/site-packages/airflow/example_dags/example_trigger_target_dag.py
[2026-07-06T16:39:22.724+0000] {processor.py:840} INFO - DAG(s) 'example_trigger_target_dag' retrieved from /home/airflow/.local/lib/python3.8/site-packages/airflow/example_dags/example_trigger_target_dag.py
[2026-07-06T16:39:22.774+0000] {logging_mixin.py:188} INFO - [2026-07-06T16:39:22.774+0000] {dag.py:3036} INFO - Sync 1 DAGs
[2026-07-06T16:39:22.808+0000] {logging_mixin.py:188} INFO - [2026-07-06T16:39:22.808+0000] {dag.py:3823} INFO - Setting next_dagrun for example_trigger_target_dag to None, run_after=None
[2026-07-06T16:39:22.863+0000] {processor.py:183} INFO - Processing /home/airflow/.local/lib/python3.8/site-packages/airflow/example_dags/example_trigger_target_dag.py took 0.193 seconds
[2026-07-06T16:39:53.357+0000] {processor.py:161} INFO - Started process (PID=2131) to work on /home/airflow/.local/lib/python3.8/site-packages/airflow/example_dags/example_trigger_target_dag.py
[2026-07-06T16:39:53.365+0000] {processor.py:830} INFO - Processing file /home/airflow/.local/lib/python3.8/site-packages/airflow/example_dags/example_trigger_target_dag.py for tasks to queue
[2026-07-06T16:39:53.372+0000] {logging_mixin.py:188} INFO - [2026-07-06T16:39:53.371+0000] {dagbag.py:538} INFO - Filling up the DagBag from /home/airflow/.local/lib/python3.8/site-packages/airflow/example_dags/example_trigger_target_dag.py
[2026-07-06T16:39:53.391+0000] {processor.py:840} INFO - DAG(s) 'example_trigger_target_dag' retrieved from /home/airflow/.local/lib/python3.8/site-packages/airflow/example_dags/example_trigger_target_dag.py
[2026-07-06T16:39:53.460+0000] {logging_mixin.py:188} INFO - [2026-07-06T16:39:53.459+0000] {dag.py:3036} INFO - Sync 1 DAGs
[2026-07-06T16:39:53.515+0000] {logging_mixin.py:188} INFO - [2026-07-06T16:39:53.514+0000] {dag.py:3823} INFO - Setting next_dagrun for example_trigger_target_dag to None, run_after=None
[2026-07-06T16:39:53.630+0000] {processor.py:183} INFO - Processing /home/airflow/.local/lib/python3.8/site-packages/airflow/example_dags/example_trigger_target_dag.py took 0.283 seconds
[2026-07-06T16:40:25.128+0000] {processor.py:161} INFO - Started process (PID=2196) to work on /home/airflow/.local/lib/python3.8/site-packages/airflow/example_dags/example_trigger_target_dag.py
[2026-07-06T16:40:25.132+0000] {processor.py:830} INFO - Processing file /home/airflow/.local/lib/python3.8/site-packages/airflow/example_dags/example_trigger_target_dag.py for tasks to queue
[2026-07-06T16:40:25.139+0000] {logging_mixin.py:188} INFO - [2026-07-06T16:40:25.138+0000] {dagbag.py:538} INFO - Filling up the DagBag from /home/airflow/.local/lib/python3.8/site-packages/airflow/example_dags/example_trigger_target_dag.py
[2026-07-06T16:40:25.162+0000] {processor.py:840} INFO - DAG(s) 'example_trigger_target_dag' retrieved from /home/airflow/.local/lib/python3.8/site-packages/airflow/example_dags/example_trigger_target_dag.py
[2026-07-06T16:40:25.249+0000] {logging_mixin.py:188} INFO - [2026-07-06T16:40:25.249+0000] {dag.py:3036} INFO - Sync 1 DAGs
[2026-07-06T16:40:25.298+0000] {logging_mixin.py:188} INFO - [2026-07-06T16:40:25.298+0000] {dag.py:3823} INFO - Setting next_dagrun for example_trigger_target_dag to None, run_after=None
[2026-07-06T16:40:25.379+0000] {processor.py:183} INFO - Processing /home/airflow/.local/lib/python3.8/site-packages/airflow/example_dags/example_trigger_target_dag.py took 0.267 seconds
[2026-07-06T16:40:55.499+0000] {processor.py:161} INFO - Started process (PID=2260) to work on /home/airflow/.local/lib/python3.8/site-packages/airflow/example_dags/example_trigger_target_dag.py
[2026-07-06T16:40:55.502+0000] {processor.py:830} INFO - Processing file /home/airflow/.local/lib/python3.8/site-packages/airflow/example_dags/example_trigger_target_dag.py for tasks to queue
[2026-07-06T16:40:55.507+0000] {logging_mixin.py:188} INFO - [2026-07-06T16:40:55.506+0000] {dagbag.py:538} INFO - Filling up the DagBag from /home/airflow/.local/lib/python3.8/site-packages/airflow/example_dags/example_trigger_target_dag.py
[2026-07-06T16:40:55.525+0000] {processor.py:840} INFO - DAG(s) 'example_trigger_target_dag' retrieved from /home/airflow/.local/lib/python3.8/site-packages/airflow/example_dags/example_trigger_target_dag.py
[2026-07-06T16:40:55.572+0000] {logging_mixin.py:188} INFO - [2026-07-06T16:40:55.572+0000] {dag.py:3036} INFO - Sync 1 DAGs
[2026-07-06T16:40:55.601+0000] {logging_mixin.py:188} INFO - [2026-07-06T16:40:55.600+0000] {dag.py:3823} INFO - Setting next_dagrun for example_trigger_target_dag to None, run_after=None
[2026-07-06T16:40:55.650+0000] {processor.py:183} INFO - Processing /home/airflow/.local/lib/python3.8/site-packages/airflow/example_dags/example_trigger_target_dag.py took 0.161 seconds
[2026-07-06T16:41:25.950+0000] {processor.py:161} INFO - Started process (PID=2318) to work on /home/airflow/.local/lib/python3.8/site-packages/airflow/example_dags/example_trigger_target_dag.py
[2026-07-06T16:41:25.953+0000] {processor.py:830} INFO - Processing file /home/airflow/.local/lib/python3.8/site-packages/airflow/example_dags/example_trigger_target_dag.py for tasks to queue
[2026-07-06T16:41:25.957+0000] {logging_mixin.py:188} INFO - [2026-07-06T16:41:25.956+0000] {dagbag.py:538} INFO - Filling up the DagBag from /home/airflow/.local/lib/python3.8/site-packages/airflow/example_dags/example_trigger_target_dag.py
[2026-07-06T16:41:25.971+0000] {processor.py:840} INFO - DAG(s) 'example_trigger_target_dag' retrieved from /home/airflow/.local/lib/python3.8/site-packages/airflow/example_dags/example_trigger_target_dag.py
[2026-07-06T16:41:26.015+0000] {logging_mixin.py:188} INFO - [2026-07-06T16:41:26.015+0000] {dag.py:3036} INFO - Sync 1 DAGs
[2026-07-06T16:41:26.041+0000] {logging_mixin.py:188} INFO - [2026-07-06T16:41:26.041+0000] {dag.py:3823} INFO - Setting next_dagrun for example_trigger_target_dag to None, run_after=None
[2026-07-06T16:41:26.077+0000] {processor.py:183} INFO - Processing /home/airflow/.local/lib/python3.8/site-packages/airflow/example_dags/example_trigger_target_dag.py took 0.136 seconds
[2026-07-06T16:41:56.297+0000] {processor.py:161} INFO - Started process (PID=2385) to work on /home/airflow/.local/lib/python3.8/site-packages/airflow/example_dags/example_trigger_target_dag.py
[2026-07-06T16:41:56.299+0000] {processor.py:830} INFO - Processing file /home/airflow/.local/lib/python3.8/site-packages/airflow/example_dags/example_trigger_target_dag.py for tasks to queue
[2026-07-06T16:41:56.303+0000] {logging_mixin.py:188} INFO - [2026-07-06T16:41:56.302+0000] {dagbag.py:538} INFO - Filling up the DagBag from /home/airflow/.local/lib/python3.8/site-packages/airflow/example_dags/example_trigger_target_dag.py
[2026-07-06T16:41:56.316+0000] {processor.py:840} INFO - DAG(s) 'example_trigger_target_dag' retrieved from /home/airflow/.local/lib/python3.8/site-packages/airflow/example_dags/example_trigger_target_dag.py
[2026-07-06T16:41:56.356+0000] {logging_mixin.py:188} INFO - [2026-07-06T16:41:56.355+0000] {dag.py:3036} INFO - Sync 1 DAGs
[2026-07-06T16:41:56.384+0000] {logging_mixin.py:188} INFO - [2026-07-06T16:41:56.383+0000] {dag.py:3823} INFO - Setting next_dagrun for example_trigger_target_dag to None, run_after=None
[2026-07-06T16:41:56.420+0000] {processor.py:183} INFO - Processing /home/airflow/.local/lib/python3.8/site-packages/airflow/example_dags/example_trigger_target_dag.py took 0.131 seconds
[2026-07-06T16:42:26.675+0000] {processor.py:161} INFO - Started process (PID=2451) to work on /home/airflow/.local/lib/python3.8/site-packages/airflow/example_dags/example_trigger_target_dag.py
[2026-07-06T16:42:26.677+0000] {processor.py:830} INFO - Processing file /home/airflow/.local/lib/python3.8/site-packages/airflow/example_dags/example_trigger_target_dag.py for tasks to queue
[2026-07-06T16:42:26.681+0000] {logging_mixin.py:188} INFO - [2026-07-06T16:42:26.680+0000] {dagbag.py:538} INFO - Filling up the DagBag from /home/airflow/.local/lib/python3.8/site-packages/airflow/example_dags/example_trigger_target_dag.py
[2026-07-06T16:42:26.693+0000] {processor.py:840} INFO - DAG(s) 'example_trigger_target_dag' retrieved from /home/airflow/.local/lib/python3.8/site-packages/airflow/example_dags/example_trigger_target_dag.py
[2026-07-06T16:42:26.734+0000] {logging_mixin.py:188} INFO - [2026-07-06T16:42:26.734+0000] {dag.py:3036} INFO - Sync 1 DAGs
[2026-07-06T16:42:26.759+0000] {logging_mixin.py:188} INFO - [2026-07-06T16:42:26.759+0000] {dag.py:3823} INFO - Setting next_dagrun for example_trigger_target_dag to None, run_after=None
[2026-07-06T16:42:26.795+0000] {processor.py:183} INFO - Processing /home/airflow/.local/lib/python3.8/site-packages/airflow/example_dags/example_trigger_target_dag.py took 0.129 seconds
[2026-07-06T16:42:57.710+0000] {processor.py:161} INFO - Started process (PID=2517) to work on /home/airflow/.local/lib/python3.8/site-packages/airflow/example_dags/example_trigger_target_dag.py
[2026-07-06T16:42:57.712+0000] {processor.py:830} INFO - Processing file /home/airflow/.local/lib/python3.8/site-packages/airflow/example_dags/example_trigger_target_dag.py for tasks to queue
[2026-07-06T16:42:57.717+0000] {logging_mixin.py:188} INFO - [2026-07-06T16:42:57.716+0000] {dagbag.py:538} INFO - Filling up the DagBag from /home/airflow/.local/lib/python3.8/site-packages/airflow/example_dags/example_trigger_target_dag.py
[2026-07-06T16:42:57.740+0000] {processor.py:840} INFO - DAG(s) 'example_trigger_target_dag' retrieved from /home/airflow/.local/lib/python3.8/site-packages/airflow/example_dags/example_trigger_target_dag.py
[2026-07-06T16:42:57.805+0000] {logging_mixin.py:188} INFO - [2026-07-06T16:42:57.804+0000] {dag.py:3036} INFO - Sync 1 DAGs
[2026-07-06T16:42:57.845+0000] {logging_mixin.py:188} INFO - [2026-07-06T16:42:57.844+0000] {dag.py:3823} INFO - Setting next_dagrun for example_trigger_target_dag to None, run_after=None
[2026-07-06T16:42:57.902+0000] {processor.py:183} INFO - Processing /home/airflow/.local/lib/python3.8/site-packages/airflow/example_dags/example_trigger_target_dag.py took 0.201 seconds
[2026-07-06T16:43:28.357+0000] {processor.py:161} INFO - Started process (PID=2583) to work on /home/airflow/.local/lib/python3.8/site-packages/airflow/example_dags/example_trigger_target_dag.py
[2026-07-06T16:43:28.360+0000] {processor.py:830} INFO - Processing file /home/airflow/.local/lib/python3.8/site-packages/airflow/example_dags/example_trigger_target_dag.py for tasks to queue
[2026-07-06T16:43:28.365+0000] {logging_mixin.py:188} INFO - [2026-07-06T16:43:28.364+0000] {dagbag.py:538} INFO - Filling up the DagBag from /home/airflow/.local/lib/python3.8/site-packages/airflow/example_dags/example_trigger_target_dag.py
[2026-07-06T16:43:28.383+0000] {processor.py:840} INFO - DAG(s) 'example_trigger_target_dag' retrieved from /home/airflow/.local/lib/python3.8/site-packages/airflow/example_dags/example_trigger_target_dag.py
[2026-07-06T16:43:28.455+0000] {logging_mixin.py:188} INFO - [2026-07-06T16:43:28.455+0000] {dag.py:3036} INFO - Sync 1 DAGs
[2026-07-06T16:43:28.489+0000] {logging_mixin.py:188} INFO - [2026-07-06T16:43:28.488+0000] {dag.py:3823} INFO - Setting next_dagrun for example_trigger_target_dag to None, run_after=None
[2026-07-06T16:43:28.535+0000] {processor.py:183} INFO - Processing /home/airflow/.local/lib/python3.8/site-packages/airflow/example_dags/example_trigger_target_dag.py took 0.189 seconds
[2026-07-06T16:43:58.872+0000] {processor.py:161} INFO - Started process (PID=2649) to work on /home/airflow/.local/lib/python3.8/site-packages/airflow/example_dags/example_trigger_target_dag.py
[2026-07-06T16:43:58.875+0000] {processor.py:830} INFO - Processing file /home/airflow/.local/lib/python3.8/site-packages/airflow/example_dags/example_trigger_target_dag.py for tasks to queue
[2026-07-06T16:43:58.880+0000] {logging_mixin.py:188} INFO - [2026-07-06T16:43:58.879+0000] {dagbag.py:538} INFO - Filling up the DagBag from /home/airflow/.local/lib/python3.8/site-packages/airflow/example_dags/example_trigger_target_dag.py
[2026-07-06T16:43:58.893+0000] {processor.py:840} INFO - DAG(s) 'example_trigger_target_dag' retrieved from /home/airflow/.local/lib/python3.8/site-packages/airflow/example_dags/example_trigger_target_dag.py
[2026-07-06T16:43:58.935+0000] {logging_mixin.py:188} INFO - [2026-07-06T16:43:58.935+0000] {dag.py:3036} INFO - Sync 1 DAGs
[2026-07-06T16:43:58.968+0000] {logging_mixin.py:188} INFO - [2026-07-06T16:43:58.968+0000] {dag.py:3823} INFO - Setting next_dagrun for example_trigger_target_dag to None, run_after=None
[2026-07-06T16:43:59.018+0000] {processor.py:183} INFO - Processing /home/airflow/.local/lib/python3.8/site-packages/airflow/example_dags/example_trigger_target_dag.py took 0.158 seconds
[2026-07-06T16:44:29.906+0000] {processor.py:161} INFO - Started process (PID=2716) to work on /home/airflow/.local/lib/python3.8/site-packages/airflow/example_dags/example_trigger_target_dag.py
[2026-07-06T16:44:29.909+0000] {processor.py:830} INFO - Processing file /home/airflow/.local/lib/python3.8/site-packages/airflow/example_dags/example_trigger_target_dag.py for tasks to queue
[2026-07-06T16:44:29.914+0000] {logging_mixin.py:188} INFO - [2026-07-06T16:44:29.913+0000] {dagbag.py:538} INFO - Filling up the DagBag from /home/airflow/.local/lib/python3.8/site-packages/airflow/example_dags/example_trigger_target_dag.py
[2026-07-06T16:44:29.931+0000] {processor.py:840} INFO - DAG(s) 'example_trigger_target_dag' retrieved from /home/airflow/.local/lib/python3.8/site-packages/airflow/example_dags/example_trigger_target_dag.py
[2026-07-06T16:44:29.982+0000] {logging_mixin.py:188} INFO - [2026-07-06T16:44:29.981+0000] {dag.py:3036} INFO - Sync 1 DAGs
[2026-07-06T16:44:30.009+0000] {logging_mixin.py:188} INFO - [2026-07-06T16:44:30.008+0000] {dag.py:3823} INFO - Setting next_dagrun for example_trigger_target_dag to None, run_after=None
[2026-07-06T16:44:30.051+0000] {processor.py:183} INFO - Processing /home/airflow/.local/lib/python3.8/site-packages/airflow/example_dags/example_trigger_target_dag.py took 0.157 seconds
[2026-07-06T16:45:00.497+0000] {processor.py:161} INFO - Started process (PID=2774) to work on /home/airflow/.local/lib/python3.8/site-packages/airflow/example_dags/example_trigger_target_dag.py
[2026-07-06T16:45:00.501+0000] {processor.py:830} INFO - Processing file /home/airflow/.local/lib/python3.8/site-packages/airflow/example_dags/example_trigger_target_dag.py for tasks to queue
[2026-07-06T16:45:00.508+0000] {logging_mixin.py:188} INFO - [2026-07-06T16:45:00.507+0000] {dagbag.py:538} INFO - Filling up the DagBag from /home/airflow/.local/lib/python3.8/site-packages/airflow/example_dags/example_trigger_target_dag.py
[2026-07-06T16:45:00.531+0000] {processor.py:840} INFO - DAG(s) 'example_trigger_target_dag' retrieved from /home/airflow/.local/lib/python3.8/site-packages/airflow/example_dags/example_trigger_target_dag.py
[2026-07-06T16:45:00.601+0000] {logging_mixin.py:188} INFO - [2026-07-06T16:45:00.600+0000] {dag.py:3036} INFO - Sync 1 DAGs
[2026-07-06T16:45:00.636+0000] {logging_mixin.py:188} INFO - [2026-07-06T16:45:00.635+0000] {dag.py:3823} INFO - Setting next_dagrun for example_trigger_target_dag to None, run_after=None
[2026-07-06T16:45:00.686+0000] {processor.py:183} INFO - Processing /home/airflow/.local/lib/python3.8/site-packages/airflow/example_dags/example_trigger_target_dag.py took 0.203 seconds
[2026-07-06T16:45:31.189+0000] {processor.py:161} INFO - Started process (PID=2840) to work on /home/airflow/.local/lib/python3.8/site-packages/airflow/example_dags/example_trigger_target_dag.py
[2026-07-06T16:45:31.193+0000] {processor.py:830} INFO - Processing file /home/airflow/.local/lib/python3.8/site-packages/airflow/example_dags/example_trigger_target_dag.py for tasks to queue
[2026-07-06T16:45:31.200+0000] {logging_mixin.py:188} INFO - [2026-07-06T16:45:31.198+0000] {dagbag.py:538} INFO - Filling up the DagBag from /home/airflow/.local/lib/python3.8/site-packages/airflow/example_dags/example_trigger_target_dag.py
[2026-07-06T16:45:31.213+0000] {processor.py:840} INFO - DAG(s) 'example_trigger_target_dag' retrieved from /home/airflow/.local/lib/python3.8/site-packages/airflow/example_dags/example_trigger_target_dag.py
[2026-07-06T16:45:31.255+0000] {logging_mixin.py:188} INFO - [2026-07-06T16:45:31.255+0000] {dag.py:3036} INFO - Sync 1 DAGs
[2026-07-06T16:45:31.280+0000] {logging_mixin.py:188} INFO - [2026-07-06T16:45:31.280+0000] {dag.py:3823} INFO - Setting next_dagrun for example_trigger_target_dag to None, run_after=None
[2026-07-06T16:45:31.330+0000] {processor.py:183} INFO - Processing /home/airflow/.local/lib/python3.8/site-packages/airflow/example_dags/example_trigger_target_dag.py took 0.150 seconds
[2026-07-06T16:46:02.255+0000] {processor.py:161} INFO - Started process (PID=2906) to work on /home/airflow/.local/lib/python3.8/site-packages/airflow/example_dags/example_trigger_target_dag.py
[2026-07-06T16:46:02.258+0000] {processor.py:830} INFO - Processing file /home/airflow/.local/lib/python3.8/site-packages/airflow/example_dags/example_trigger_target_dag.py for tasks to queue
[2026-07-06T16:46:02.262+0000] {logging_mixin.py:188} INFO - [2026-07-06T16:46:02.261+0000] {dagbag.py:538} INFO - Filling up the DagBag from /home/airflow/.local/lib/python3.8/site-packages/airflow/example_dags/example_trigger_target_dag.py
[2026-07-06T16:46:02.277+0000] {processor.py:840} INFO - DAG(s) 'example_trigger_target_dag' retrieved from /home/airflow/.local/lib/python3.8/site-packages/airflow/example_dags/example_trigger_target_dag.py
[2026-07-06T16:46:02.329+0000] {logging_mixin.py:188} INFO - [2026-07-06T16:46:02.329+0000] {dag.py:3036} INFO - Sync 1 DAGs
[2026-07-06T16:46:02.376+0000] {logging_mixin.py:188} INFO - [2026-07-06T16:46:02.375+0000] {dag.py:3823} INFO - Setting next_dagrun for example_trigger_target_dag to None, run_after=None
[2026-07-06T16:46:02.424+0000] {processor.py:183} INFO - Processing /home/airflow/.local/lib/python3.8/site-packages/airflow/example_dags/example_trigger_target_dag.py took 0.177 seconds
[2026-07-06T16:46:32.759+0000] {processor.py:161} INFO - Started process (PID=2972) to work on /home/airflow/.local/lib/python3.8/site-packages/airflow/example_dags/example_trigger_target_dag.py
[2026-07-06T16:46:32.761+0000] {processor.py:830} INFO - Processing file /home/airflow/.local/lib/python3.8/site-packages/airflow/example_dags/example_trigger_target_dag.py for tasks to queue
[2026-07-06T16:46:32.765+0000] {logging_mixin.py:188} INFO - [2026-07-06T16:46:32.764+0000] {dagbag.py:538} INFO - Filling up the DagBag from /home/airflow/.local/lib/python3.8/site-packages/airflow/example_dags/example_trigger_target_dag.py
[2026-07-06T16:46:32.777+0000] {processor.py:840} INFO - DAG(s) 'example_trigger_target_dag' retrieved from /home/airflow/.local/lib/python3.8/site-packages/airflow/example_dags/example_trigger_target_dag.py
[2026-07-06T16:46:32.820+0000] {logging_mixin.py:188} INFO - [2026-07-06T16:46:32.819+0000] {dag.py:3036} INFO - Sync 1 DAGs
[2026-07-06T16:46:32.844+0000] {logging_mixin.py:188} INFO - [2026-07-06T16:46:32.844+0000] {dag.py:3823} INFO - Setting next_dagrun for example_trigger_target_dag to None, run_after=None
[2026-07-06T16:46:32.882+0000] {processor.py:183} INFO - Processing /home/airflow/.local/lib/python3.8/site-packages/airflow/example_dags/example_trigger_target_dag.py took 0.131 seconds
[2026-07-06T16:47:03.508+0000] {processor.py:161} INFO - Started process (PID=3038) to work on /home/airflow/.local/lib/python3.8/site-packages/airflow/example_dags/example_trigger_target_dag.py
[2026-07-06T16:47:03.510+0000] {processor.py:830} INFO - Processing file /home/airflow/.local/lib/python3.8/site-packages/airflow/example_dags/example_trigger_target_dag.py for tasks to queue
[2026-07-06T16:47:03.514+0000] {logging_mixin.py:188} INFO - [2026-07-06T16:47:03.513+0000] {dagbag.py:538} INFO - Filling up the DagBag from /home/airflow/.local/lib/python3.8/site-packages/airflow/example_dags/example_trigger_target_dag.py
[2026-07-06T16:47:03.526+0000] {processor.py:840} INFO - DAG(s) 'example_trigger_target_dag' retrieved from /home/airflow/.local/lib/python3.8/site-packages/airflow/example_dags/example_trigger_target_dag.py
[2026-07-06T16:47:03.565+0000] {logging_mixin.py:188} INFO - [2026-07-06T16:47:03.565+0000] {dag.py:3036} INFO - Sync 1 DAGs
[2026-07-06T16:47:03.589+0000] {logging_mixin.py:188} INFO - [2026-07-06T16:47:03.589+0000] {dag.py:3823} INFO - Setting next_dagrun for example_trigger_target_dag to None, run_after=None
[2026-07-06T16:47:03.640+0000] {processor.py:183} INFO - Processing /home/airflow/.local/lib/python3.8/site-packages/airflow/example_dags/example_trigger_target_dag.py took 0.142 seconds
[2026-07-06T16:47:33.915+0000] {processor.py:161} INFO - Started process (PID=3104) to work on /home/airflow/.local/lib/python3.8/site-packages/airflow/example_dags/example_trigger_target_dag.py
[2026-07-06T16:47:33.917+0000] {processor.py:830} INFO - Processing file /home/airflow/.local/lib/python3.8/site-packages/airflow/example_dags/example_trigger_target_dag.py for tasks to queue
[2026-07-06T16:47:33.920+0000] {logging_mixin.py:188} INFO - [2026-07-06T16:47:33.920+0000] {dagbag.py:538} INFO - Filling up the DagBag from /home/airflow/.local/lib/python3.8/site-packages/airflow/example_dags/example_trigger_target_dag.py
[2026-07-06T16:47:33.933+0000] {processor.py:840} INFO - DAG(s) 'example_trigger_target_dag' retrieved from /home/airflow/.local/lib/python3.8/site-packages/airflow/example_dags/example_trigger_target_dag.py
[2026-07-06T16:47:33.975+0000] {logging_mixin.py:188} INFO - [2026-07-06T16:47:33.975+0000] {dag.py:3036} INFO - Sync 1 DAGs
[2026-07-06T16:47:34.001+0000] {logging_mixin.py:188} INFO - [2026-07-06T16:47:34.000+0000] {dag.py:3823} INFO - Setting next_dagrun for example_trigger_target_dag to None, run_after=None
[2026-07-06T16:47:34.041+0000] {processor.py:183} INFO - Processing /home/airflow/.local/lib/python3.8/site-packages/airflow/example_dags/example_trigger_target_dag.py took 0.134 seconds
[2026-07-06T16:48:04.607+0000] {processor.py:161} INFO - Started process (PID=3170) to work on /home/airflow/.local/lib/python3.8/site-packages/airflow/example_dags/example_trigger_target_dag.py
[2026-07-06T16:48:04.610+0000] {processor.py:830} INFO - Processing file /home/airflow/.local/lib/python3.8/site-packages/airflow/example_dags/example_trigger_target_dag.py for tasks to queue
[2026-07-06T16:48:04.613+0000] {logging_mixin.py:188} INFO - [2026-07-06T16:48:04.613+0000] {dagbag.py:538} INFO - Filling up the DagBag from /home/airflow/.local/lib/python3.8/site-packages/airflow/example_dags/example_trigger_target_dag.py
[2026-07-06T16:48:04.627+0000] {processor.py:840} INFO - DAG(s) 'example_trigger_target_dag' retrieved from /home/airflow/.local/lib/python3.8/site-packages/airflow/example_dags/example_trigger_target_dag.py
[2026-07-06T16:48:04.669+0000] {logging_mixin.py:188} INFO - [2026-07-06T16:48:04.668+0000] {dag.py:3036} INFO - Sync 1 DAGs
[2026-07-06T16:48:04.692+0000] {logging_mixin.py:188} INFO - [2026-07-06T16:48:04.692+0000] {dag.py:3823} INFO - Setting next_dagrun for example_trigger_target_dag to None, run_after=None
[2026-07-06T16:48:04.731+0000] {processor.py:183} INFO - Processing /home/airflow/.local/lib/python3.8/site-packages/airflow/example_dags/example_trigger_target_dag.py took 0.131 seconds
[2026-07-06T16:48:36.380+0000] {processor.py:161} INFO - Started process (PID=3235) to work on /home/airflow/.local/lib/python3.8/site-packages/airflow/example_dags/example_trigger_target_dag.py
[2026-07-06T16:48:36.384+0000] {processor.py:830} INFO - Processing file /home/airflow/.local/lib/python3.8/site-packages/airflow/example_dags/example_trigger_target_dag.py for tasks to queue
[2026-07-06T16:48:36.388+0000] {logging_mixin.py:188} INFO - [2026-07-06T16:48:36.387+0000] {dagbag.py:538} INFO - Filling up the DagBag from /home/airflow/.local/lib/python3.8/site-packages/airflow/example_dags/example_trigger_target_dag.py
[2026-07-06T16:48:36.402+0000] {processor.py:840} INFO - DAG(s) 'example_trigger_target_dag' retrieved from /home/airflow/.local/lib/python3.8/site-packages/airflow/example_dags/example_trigger_target_dag.py
[2026-07-06T16:48:36.465+0000] {logging_mixin.py:188} INFO - [2026-07-06T16:48:36.464+0000] {dag.py:3036} INFO - Sync 1 DAGs
[2026-07-06T16:48:36.803+0000] {logging_mixin.py:188} INFO - [2026-07-06T16:48:36.802+0000] {dag.py:3823} INFO - Setting next_dagrun for example_trigger_target_dag to None, run_after=None
[2026-07-06T16:48:36.847+0000] {processor.py:183} INFO - Processing /home/airflow/.local/lib/python3.8/site-packages/airflow/example_dags/example_trigger_target_dag.py took 0.479 seconds
[2026-07-06T16:49:07.560+0000] {processor.py:161} INFO - Started process (PID=3301) to work on /home/airflow/.local/lib/python3.8/site-packages/airflow/example_dags/example_trigger_target_dag.py
[2026-07-06T16:49:07.563+0000] {processor.py:830} INFO - Processing file /home/airflow/.local/lib/python3.8/site-packages/airflow/example_dags/example_trigger_target_dag.py for tasks to queue
[2026-07-06T16:49:07.568+0000] {logging_mixin.py:188} INFO - [2026-07-06T16:49:07.567+0000] {dagbag.py:538} INFO - Filling up the DagBag from /home/airflow/.local/lib/python3.8/site-packages/airflow/example_dags/example_trigger_target_dag.py
[2026-07-06T16:49:07.585+0000] {processor.py:840} INFO - DAG(s) 'example_trigger_target_dag' retrieved from /home/airflow/.local/lib/python3.8/site-packages/airflow/example_dags/example_trigger_target_dag.py
[2026-07-06T16:49:07.630+0000] {logging_mixin.py:188} INFO - [2026-07-06T16:49:07.630+0000] {dag.py:3036} INFO - Sync 1 DAGs
[2026-07-06T16:49:07.662+0000] {logging_mixin.py:188} INFO - [2026-07-06T16:49:07.661+0000] {dag.py:3823} INFO - Setting next_dagrun for example_trigger_target_dag to None, run_after=None
[2026-07-06T16:49:07.712+0000] {processor.py:183} INFO - Processing /home/airflow/.local/lib/python3.8/site-packages/airflow/example_dags/example_trigger_target_dag.py took 0.162 seconds
[2026-07-06T16:49:38.779+0000] {processor.py:161} INFO - Started process (PID=3366) to work on /home/airflow/.local/lib/python3.8/site-packages/airflow/example_dags/example_trigger_target_dag.py
[2026-07-06T16:49:38.781+0000] {processor.py:830} INFO - Processing file /home/airflow/.local/lib/python3.8/site-packages/airflow/example_dags/example_trigger_target_dag.py for tasks to queue
[2026-07-06T16:49:38.785+0000] {logging_mixin.py:188} INFO - [2026-07-06T16:49:38.785+0000] {dagbag.py:538} INFO - Filling up the DagBag from /home/airflow/.local/lib/python3.8/site-packages/airflow/example_dags/example_trigger_target_dag.py
[2026-07-06T16:49:38.798+0000] {processor.py:840} INFO - DAG(s) 'example_trigger_target_dag' retrieved from /home/airflow/.local/lib/python3.8/site-packages/airflow/example_dags/example_trigger_target_dag.py
[2026-07-06T16:49:38.844+0000] {logging_mixin.py:188} INFO - [2026-07-06T16:49:38.844+0000] {dag.py:3036} INFO - Sync 1 DAGs
[2026-07-06T16:49:38.876+0000] {logging_mixin.py:188} INFO - [2026-07-06T16:49:38.876+0000] {dag.py:3823} INFO - Setting next_dagrun for example_trigger_target_dag to None, run_after=None
[2026-07-06T16:49:38.926+0000] {processor.py:183} INFO - Processing /home/airflow/.local/lib/python3.8/site-packages/airflow/example_dags/example_trigger_target_dag.py took 0.154 seconds
[2026-07-06T16:50:09.295+0000] {processor.py:161} INFO - Started process (PID=3431) to work on /home/airflow/.local/lib/python3.8/site-packages/airflow/example_dags/example_trigger_target_dag.py
[2026-07-06T16:50:09.299+0000] {processor.py:830} INFO - Processing file /home/airflow/.local/lib/python3.8/site-packages/airflow/example_dags/example_trigger_target_dag.py for tasks to queue
[2026-07-06T16:50:09.304+0000] {logging_mixin.py:188} INFO - [2026-07-06T16:50:09.303+0000] {dagbag.py:538} INFO - Filling up the DagBag from /home/airflow/.local/lib/python3.8/site-packages/airflow/example_dags/example_trigger_target_dag.py
[2026-07-06T16:50:09.323+0000] {processor.py:840} INFO - DAG(s) 'example_trigger_target_dag' retrieved from /home/airflow/.local/lib/python3.8/site-packages/airflow/example_dags/example_trigger_target_dag.py
[2026-07-06T16:50:09.396+0000] {logging_mixin.py:188} INFO - [2026-07-06T16:50:09.395+0000] {dag.py:3036} INFO - Sync 1 DAGs
[2026-07-06T16:50:09.458+0000] {logging_mixin.py:188} INFO - [2026-07-06T16:50:09.457+0000] {dag.py:3823} INFO - Setting next_dagrun for example_trigger_target_dag to None, run_after=None
[2026-07-06T16:50:09.511+0000] {processor.py:183} INFO - Processing /home/airflow/.local/lib/python3.8/site-packages/airflow/example_dags/example_trigger_target_dag.py took 0.229 seconds
[2026-07-06T16:50:41.126+0000] {processor.py:161} INFO - Started process (PID=3497) to work on /home/airflow/.local/lib/python3.8/site-packages/airflow/example_dags/example_trigger_target_dag.py
[2026-07-06T16:50:41.138+0000] {processor.py:830} INFO - Processing file /home/airflow/.local/lib/python3.8/site-packages/airflow/example_dags/example_trigger_target_dag.py for tasks to queue
[2026-07-06T16:50:41.142+0000] {logging_mixin.py:188} INFO - [2026-07-06T16:50:41.141+0000] {dagbag.py:538} INFO - Filling up the DagBag from /home/airflow/.local/lib/python3.8/site-packages/airflow/example_dags/example_trigger_target_dag.py
[2026-07-06T16:50:41.158+0000] {processor.py:840} INFO - DAG(s) 'example_trigger_target_dag' retrieved from /home/airflow/.local/lib/python3.8/site-packages/airflow/example_dags/example_trigger_target_dag.py
[2026-07-06T16:50:41.212+0000] {logging_mixin.py:188} INFO - [2026-07-06T16:50:41.211+0000] {dag.py:3036} INFO - Sync 1 DAGs
[2026-07-06T16:50:41.532+0000] {logging_mixin.py:188} INFO - [2026-07-06T16:50:41.532+0000] {dag.py:3823} INFO - Setting next_dagrun for example_trigger_target_dag to None, run_after=None
[2026-07-06T16:50:41.595+0000] {processor.py:183} INFO - Processing /home/airflow/.local/lib/python3.8/site-packages/airflow/example_dags/example_trigger_target_dag.py took 0.477 seconds
[2026-07-06T16:51:11.957+0000] {processor.py:161} INFO - Started process (PID=3561) to work on /home/airflow/.local/lib/python3.8/site-packages/airflow/example_dags/example_trigger_target_dag.py
[2026-07-06T16:51:11.960+0000] {processor.py:830} INFO - Processing file /home/airflow/.local/lib/python3.8/site-packages/airflow/example_dags/example_trigger_target_dag.py for tasks to queue
[2026-07-06T16:51:11.965+0000] {logging_mixin.py:188} INFO - [2026-07-06T16:51:11.964+0000] {dagbag.py:538} INFO - Filling up the DagBag from /home/airflow/.local/lib/python3.8/site-packages/airflow/example_dags/example_trigger_target_dag.py
[2026-07-06T16:51:11.984+0000] {processor.py:840} INFO - DAG(s) 'example_trigger_target_dag' retrieved from /home/airflow/.local/lib/python3.8/site-packages/airflow/example_dags/example_trigger_target_dag.py
[2026-07-06T16:51:12.042+0000] {logging_mixin.py:188} INFO - [2026-07-06T16:51:12.042+0000] {dag.py:3036} INFO - Sync 1 DAGs
[2026-07-06T16:51:12.078+0000] {logging_mixin.py:188} INFO - [2026-07-06T16:51:12.078+0000] {dag.py:3823} INFO - Setting next_dagrun for example_trigger_target_dag to None, run_after=None
[2026-07-06T16:51:12.153+0000] {processor.py:183} INFO - Processing /home/airflow/.local/lib/python3.8/site-packages/airflow/example_dags/example_trigger_target_dag.py took 0.208 seconds
[2026-07-06T16:51:42.298+0000] {processor.py:161} INFO - Started process (PID=3627) to work on /home/airflow/.local/lib/python3.8/site-packages/airflow/example_dags/example_trigger_target_dag.py
[2026-07-06T16:51:42.301+0000] {processor.py:830} INFO - Processing file /home/airflow/.local/lib/python3.8/site-packages/airflow/example_dags/example_trigger_target_dag.py for tasks to queue
[2026-07-06T16:51:42.306+0000] {logging_mixin.py:188} INFO - [2026-07-06T16:51:42.305+0000] {dagbag.py:538} INFO - Filling up the DagBag from /home/airflow/.local/lib/python3.8/site-packages/airflow/example_dags/example_trigger_target_dag.py
[2026-07-06T16:51:42.323+0000] {processor.py:840} INFO - DAG(s) 'example_trigger_target_dag' retrieved from /home/airflow/.local/lib/python3.8/site-packages/airflow/example_dags/example_trigger_target_dag.py
[2026-07-06T16:51:42.428+0000] {logging_mixin.py:188} INFO - [2026-07-06T16:51:42.428+0000] {dag.py:3036} INFO - Sync 1 DAGs
[2026-07-06T16:51:42.462+0000] {logging_mixin.py:188} INFO - [2026-07-06T16:51:42.462+0000] {dag.py:3823} INFO - Setting next_dagrun for example_trigger_target_dag to None, run_after=None
[2026-07-06T16:51:42.517+0000] {processor.py:183} INFO - Processing /home/airflow/.local/lib/python3.8/site-packages/airflow/example_dags/example_trigger_target_dag.py took 0.228 seconds
[2026-07-06T16:52:12.676+0000] {processor.py:161} INFO - Started process (PID=3685) to work on /home/airflow/.local/lib/python3.8/site-packages/airflow/example_dags/example_trigger_target_dag.py
[2026-07-06T16:52:12.680+0000] {processor.py:830} INFO - Processing file /home/airflow/.local/lib/python3.8/site-packages/airflow/example_dags/example_trigger_target_dag.py for tasks to queue
[2026-07-06T16:52:12.684+0000] {logging_mixin.py:188} INFO - [2026-07-06T16:52:12.683+0000] {dagbag.py:538} INFO - Filling up the DagBag from /home/airflow/.local/lib/python3.8/site-packages/airflow/example_dags/example_trigger_target_dag.py
[2026-07-06T16:52:12.697+0000] {processor.py:840} INFO - DAG(s) 'example_trigger_target_dag' retrieved from /home/airflow/.local/lib/python3.8/site-packages/airflow/example_dags/example_trigger_target_dag.py
[2026-07-06T16:52:12.749+0000] {logging_mixin.py:188} INFO - [2026-07-06T16:52:12.748+0000] {dag.py:3036} INFO - Sync 1 DAGs
[2026-07-06T16:52:12.781+0000] {logging_mixin.py:188} INFO - [2026-07-06T16:52:12.781+0000] {dag.py:3823} INFO - Setting next_dagrun for example_trigger_target_dag to None, run_after=None
[2026-07-06T16:52:12.823+0000] {processor.py:183} INFO - Processing /home/airflow/.local/lib/python3.8/site-packages/airflow/example_dags/example_trigger_target_dag.py took 0.156 seconds
[2026-07-06T16:52:43.331+0000] {processor.py:161} INFO - Started process (PID=3751) to work on /home/airflow/.local/lib/python3.8/site-packages/airflow/example_dags/example_trigger_target_dag.py
[2026-07-06T16:52:43.336+0000] {processor.py:830} INFO - Processing file /home/airflow/.local/lib/python3.8/site-packages/airflow/example_dags/example_trigger_target_dag.py for tasks to queue
[2026-07-06T16:52:43.342+0000] {logging_mixin.py:188} INFO - [2026-07-06T16:52:43.341+0000] {dagbag.py:538} INFO - Filling up the DagBag from /home/airflow/.local/lib/python3.8/site-packages/airflow/example_dags/example_trigger_target_dag.py
[2026-07-06T16:52:43.359+0000] {processor.py:840} INFO - DAG(s) 'example_trigger_target_dag' retrieved from /home/airflow/.local/lib/python3.8/site-packages/airflow/example_dags/example_trigger_target_dag.py
[2026-07-06T16:52:43.409+0000] {logging_mixin.py:188} INFO - [2026-07-06T16:52:43.409+0000] {dag.py:3036} INFO - Sync 1 DAGs
[2026-07-06T16:52:43.437+0000] {logging_mixin.py:188} INFO - [2026-07-06T16:52:43.436+0000] {dag.py:3823} INFO - Setting next_dagrun for example_trigger_target_dag to None, run_after=None
[2026-07-06T16:52:43.478+0000] {processor.py:183} INFO - Processing /home/airflow/.local/lib/python3.8/site-packages/airflow/example_dags/example_trigger_target_dag.py took 0.162 seconds
[2026-07-06T16:53:13.650+0000] {processor.py:161} INFO - Started process (PID=3816) to work on /home/airflow/.local/lib/python3.8/site-packages/airflow/example_dags/example_trigger_target_dag.py
[2026-07-06T16:53:13.652+0000] {processor.py:830} INFO - Processing file /home/airflow/.local/lib/python3.8/site-packages/airflow/example_dags/example_trigger_target_dag.py for tasks to queue
[2026-07-06T16:53:13.656+0000] {logging_mixin.py:188} INFO - [2026-07-06T16:53:13.655+0000] {dagbag.py:538} INFO - Filling up the DagBag from /home/airflow/.local/lib/python3.8/site-packages/airflow/example_dags/example_trigger_target_dag.py
[2026-07-06T16:53:13.670+0000] {processor.py:840} INFO - DAG(s) 'example_trigger_target_dag' retrieved from /home/airflow/.local/lib/python3.8/site-packages/airflow/example_dags/example_trigger_target_dag.py
[2026-07-06T16:53:13.716+0000] {logging_mixin.py:188} INFO - [2026-07-06T16:53:13.716+0000] {dag.py:3036} INFO - Sync 1 DAGs
[2026-07-06T16:53:13.740+0000] {logging_mixin.py:188} INFO - [2026-07-06T16:53:13.739+0000] {dag.py:3823} INFO - Setting next_dagrun for example_trigger_target_dag to None, run_after=None
[2026-07-06T16:53:13.813+0000] {processor.py:183} INFO - Processing /home/airflow/.local/lib/python3.8/site-packages/airflow/example_dags/example_trigger_target_dag.py took 0.177 seconds
[2026-07-06T16:53:44.239+0000] {processor.py:161} INFO - Started process (PID=3881) to work on /home/airflow/.local/lib/python3.8/site-packages/airflow/example_dags/example_trigger_target_dag.py
[2026-07-06T16:53:44.246+0000] {processor.py:830} INFO - Processing file /home/airflow/.local/lib/python3.8/site-packages/airflow/example_dags/example_trigger_target_dag.py for tasks to queue
[2026-07-06T16:53:44.251+0000] {logging_mixin.py:188} INFO - [2026-07-06T16:53:44.250+0000] {dagbag.py:538} INFO - Filling up the DagBag from /home/airflow/.local/lib/python3.8/site-packages/airflow/example_dags/example_trigger_target_dag.py
[2026-07-06T16:53:44.268+0000] {processor.py:840} INFO - DAG(s) 'example_trigger_target_dag' retrieved from /home/airflow/.local/lib/python3.8/site-packages/airflow/example_dags/example_trigger_target_dag.py
[2026-07-06T16:53:44.324+0000] {logging_mixin.py:188} INFO - [2026-07-06T16:53:44.323+0000] {dag.py:3036} INFO - Sync 1 DAGs
[2026-07-06T16:53:44.359+0000] {logging_mixin.py:188} INFO - [2026-07-06T16:53:44.358+0000] {dag.py:3823} INFO - Setting next_dagrun for example_trigger_target_dag to None, run_after=None
[2026-07-06T16:53:44.413+0000] {processor.py:183} INFO - Processing /home/airflow/.local/lib/python3.8/site-packages/airflow/example_dags/example_trigger_target_dag.py took 0.193 seconds
[2026-07-06T16:54:14.593+0000] {processor.py:161} INFO - Started process (PID=3947) to work on /home/airflow/.local/lib/python3.8/site-packages/airflow/example_dags/example_trigger_target_dag.py
[2026-07-06T16:54:14.596+0000] {processor.py:830} INFO - Processing file /home/airflow/.local/lib/python3.8/site-packages/airflow/example_dags/example_trigger_target_dag.py for tasks to queue
[2026-07-06T16:54:14.600+0000] {logging_mixin.py:188} INFO - [2026-07-06T16:54:14.599+0000] {dagbag.py:538} INFO - Filling up the DagBag from /home/airflow/.local/lib/python3.8/site-packages/airflow/example_dags/example_trigger_target_dag.py
[2026-07-06T16:54:14.612+0000] {processor.py:840} INFO - DAG(s) 'example_trigger_target_dag' retrieved from /home/airflow/.local/lib/python3.8/site-packages/airflow/example_dags/example_trigger_target_dag.py
[2026-07-06T16:54:14.658+0000] {logging_mixin.py:188} INFO - [2026-07-06T16:54:14.658+0000] {dag.py:3036} INFO - Sync 1 DAGs
[2026-07-06T16:54:14.686+0000] {logging_mixin.py:188} INFO - [2026-07-06T16:54:14.686+0000] {dag.py:3823} INFO - Setting next_dagrun for example_trigger_target_dag to None, run_after=None
[2026-07-06T16:54:14.734+0000] {processor.py:183} INFO - Processing /home/airflow/.local/lib/python3.8/site-packages/airflow/example_dags/example_trigger_target_dag.py took 0.155 seconds
[2026-07-06T16:54:45.398+0000] {processor.py:161} INFO - Started process (PID=4012) to work on /home/airflow/.local/lib/python3.8/site-packages/airflow/example_dags/example_trigger_target_dag.py
[2026-07-06T16:54:45.411+0000] {processor.py:830} INFO - Processing file /home/airflow/.local/lib/python3.8/site-packages/airflow/example_dags/example_trigger_target_dag.py for tasks to queue
[2026-07-06T16:54:45.415+0000] {logging_mixin.py:188} INFO - [2026-07-06T16:54:45.415+0000] {dagbag.py:538} INFO - Filling up the DagBag from /home/airflow/.local/lib/python3.8/site-packages/airflow/example_dags/example_trigger_target_dag.py
[2026-07-06T16:54:45.428+0000] {processor.py:840} INFO - DAG(s) 'example_trigger_target_dag' retrieved from /home/airflow/.local/lib/python3.8/site-packages/airflow/example_dags/example_trigger_target_dag.py
[2026-07-06T16:54:45.473+0000] {logging_mixin.py:188} INFO - [2026-07-06T16:54:45.473+0000] {dag.py:3036} INFO - Sync 1 DAGs
[2026-07-06T16:54:45.499+0000] {logging_mixin.py:188} INFO - [2026-07-06T16:54:45.498+0000] {dag.py:3823} INFO - Setting next_dagrun for example_trigger_target_dag to None, run_after=None
[2026-07-06T16:54:45.557+0000] {processor.py:183} INFO - Processing /home/airflow/.local/lib/python3.8/site-packages/airflow/example_dags/example_trigger_target_dag.py took 0.167 seconds
[2026-07-06T16:55:16.370+0000] {processor.py:161} INFO - Started process (PID=4078) to work on /home/airflow/.local/lib/python3.8/site-packages/airflow/example_dags/example_trigger_target_dag.py
[2026-07-06T16:55:16.372+0000] {processor.py:830} INFO - Processing file /home/airflow/.local/lib/python3.8/site-packages/airflow/example_dags/example_trigger_target_dag.py for tasks to queue
[2026-07-06T16:55:16.376+0000] {logging_mixin.py:188} INFO - [2026-07-06T16:55:16.375+0000] {dagbag.py:538} INFO - Filling up the DagBag from /home/airflow/.local/lib/python3.8/site-packages/airflow/example_dags/example_trigger_target_dag.py
[2026-07-06T16:55:16.394+0000] {processor.py:840} INFO - DAG(s) 'example_trigger_target_dag' retrieved from /home/airflow/.local/lib/python3.8/site-packages/airflow/example_dags/example_trigger_target_dag.py
[2026-07-06T16:55:16.448+0000] {logging_mixin.py:188} INFO - [2026-07-06T16:55:16.447+0000] {dag.py:3036} INFO - Sync 1 DAGs
[2026-07-06T16:55:16.489+0000] {logging_mixin.py:188} INFO - [2026-07-06T16:55:16.488+0000] {dag.py:3823} INFO - Setting next_dagrun for example_trigger_target_dag to None, run_after=None
[2026-07-06T16:55:16.540+0000] {processor.py:183} INFO - Processing /home/airflow/.local/lib/python3.8/site-packages/airflow/example_dags/example_trigger_target_dag.py took 0.180 seconds
