[2026-07-06T16:24:18.183+0000] {processor.py:161} INFO - Started process (PID=273) to work on /home/airflow/.local/lib/python3.8/site-packages/airflow/example_dags/tutorial_objectstorage.py
[2026-07-06T16:24:18.200+0000] {processor.py:830} INFO - Processing file /home/airflow/.local/lib/python3.8/site-packages/airflow/example_dags/tutorial_objectstorage.py for tasks to queue
[2026-07-06T16:24:18.213+0000] {logging_mixin.py:188} INFO - [2026-07-06T16:24:18.212+0000] {dagbag.py:538} INFO - Filling up the DagBag from /home/airflow/.local/lib/python3.8/site-packages/airflow/example_dags/tutorial_objectstorage.py
[2026-07-06T16:24:18.360+0000] {processor.py:840} INFO - DAG(s) 'tutorial_objectstorage' retrieved from /home/airflow/.local/lib/python3.8/site-packages/airflow/example_dags/tutorial_objectstorage.py
[2026-07-06T16:24:19.213+0000] {logging_mixin.py:188} INFO - [2026-07-06T16:24:19.203+0000] {override.py:1769} INFO - Created Permission View: can read on DAG:tutorial_objectstorage
[2026-07-06T16:24:19.305+0000] {logging_mixin.py:188} INFO - [2026-07-06T16:24:19.304+0000] {override.py:1769} INFO - Created Permission View: can delete on DAG:tutorial_objectstorage
[2026-07-06T16:24:19.366+0000] {logging_mixin.py:188} INFO - [2026-07-06T16:24:19.365+0000] {override.py:1769} INFO - Created Permission View: can edit on DAG:tutorial_objectstorage
[2026-07-06T16:24:19.372+0000] {logging_mixin.py:188} INFO - [2026-07-06T16:24:19.367+0000] {dag.py:3036} INFO - Sync 1 DAGs
[2026-07-06T16:24:19.435+0000] {logging_mixin.py:188} INFO - [2026-07-06T16:24:19.435+0000] {dag.py:3058} INFO - Creating ORM DAG for tutorial_objectstorage
[2026-07-06T16:24:19.440+0000] {logging_mixin.py:188} INFO - [2026-07-06T16:24:19.439+0000] {dag.py:3823} INFO - Setting next_dagrun for tutorial_objectstorage to None, run_after=None
[2026-07-06T16:24:19.628+0000] {processor.py:183} INFO - Processing /home/airflow/.local/lib/python3.8/site-packages/airflow/example_dags/tutorial_objectstorage.py took 1.471 seconds
[2026-07-06T16:24:54.387+0000] {processor.py:161} INFO - Started process (PID=338) to work on /home/airflow/.local/lib/python3.8/site-packages/airflow/example_dags/tutorial_objectstorage.py
[2026-07-06T16:24:54.389+0000] {processor.py:830} INFO - Processing file /home/airflow/.local/lib/python3.8/site-packages/airflow/example_dags/tutorial_objectstorage.py for tasks to queue
[2026-07-06T16:24:54.397+0000] {logging_mixin.py:188} INFO - [2026-07-06T16:24:54.396+0000] {dagbag.py:538} INFO - Filling up the DagBag from /home/airflow/.local/lib/python3.8/site-packages/airflow/example_dags/tutorial_objectstorage.py
[2026-07-06T16:24:54.417+0000] {processor.py:840} INFO - DAG(s) 'tutorial_objectstorage' retrieved from /home/airflow/.local/lib/python3.8/site-packages/airflow/example_dags/tutorial_objectstorage.py
[2026-07-06T16:24:54.471+0000] {logging_mixin.py:188} INFO - [2026-07-06T16:24:54.470+0000] {dag.py:3036} INFO - Sync 1 DAGs
[2026-07-06T16:24:54.499+0000] {logging_mixin.py:188} INFO - [2026-07-06T16:24:54.498+0000] {dag.py:3823} INFO - Setting next_dagrun for tutorial_objectstorage to None, run_after=None
[2026-07-06T16:24:54.631+0000] {processor.py:183} INFO - Processing /home/airflow/.local/lib/python3.8/site-packages/airflow/example_dags/tutorial_objectstorage.py took 0.251 seconds
[2026-07-06T16:25:27.969+0000] {processor.py:161} INFO - Started process (PID=404) to work on /home/airflow/.local/lib/python3.8/site-packages/airflow/example_dags/tutorial_objectstorage.py
[2026-07-06T16:25:27.972+0000] {processor.py:830} INFO - Processing file /home/airflow/.local/lib/python3.8/site-packages/airflow/example_dags/tutorial_objectstorage.py for tasks to queue
[2026-07-06T16:25:27.978+0000] {logging_mixin.py:188} INFO - [2026-07-06T16:25:27.977+0000] {dagbag.py:538} INFO - Filling up the DagBag from /home/airflow/.local/lib/python3.8/site-packages/airflow/example_dags/tutorial_objectstorage.py
[2026-07-06T16:25:28.001+0000] {processor.py:840} INFO - DAG(s) 'tutorial_objectstorage' retrieved from /home/airflow/.local/lib/python3.8/site-packages/airflow/example_dags/tutorial_objectstorage.py
[2026-07-06T16:25:28.063+0000] {logging_mixin.py:188} INFO - [2026-07-06T16:25:28.063+0000] {dag.py:3036} INFO - Sync 1 DAGs
[2026-07-06T16:25:28.108+0000] {logging_mixin.py:188} INFO - [2026-07-06T16:25:28.107+0000] {dag.py:3823} INFO - Setting next_dagrun for tutorial_objectstorage to None, run_after=None
[2026-07-06T16:25:28.174+0000] {processor.py:183} INFO - Processing /home/airflow/.local/lib/python3.8/site-packages/airflow/example_dags/tutorial_objectstorage.py took 0.217 seconds
[2026-07-06T16:25:58.574+0000] {processor.py:161} INFO - Started process (PID=468) to work on /home/airflow/.local/lib/python3.8/site-packages/airflow/example_dags/tutorial_objectstorage.py
[2026-07-06T16:25:58.587+0000] {processor.py:830} INFO - Processing file /home/airflow/.local/lib/python3.8/site-packages/airflow/example_dags/tutorial_objectstorage.py for tasks to queue
[2026-07-06T16:25:58.593+0000] {logging_mixin.py:188} INFO - [2026-07-06T16:25:58.592+0000] {dagbag.py:538} INFO - Filling up the DagBag from /home/airflow/.local/lib/python3.8/site-packages/airflow/example_dags/tutorial_objectstorage.py
[2026-07-06T16:25:58.621+0000] {processor.py:840} INFO - DAG(s) 'tutorial_objectstorage' retrieved from /home/airflow/.local/lib/python3.8/site-packages/airflow/example_dags/tutorial_objectstorage.py
[2026-07-06T16:25:58.685+0000] {logging_mixin.py:188} INFO - [2026-07-06T16:25:58.684+0000] {dag.py:3036} INFO - Sync 1 DAGs
[2026-07-06T16:25:58.723+0000] {logging_mixin.py:188} INFO - [2026-07-06T16:25:58.723+0000] {dag.py:3823} INFO - Setting next_dagrun for tutorial_objectstorage to None, run_after=None
[2026-07-06T16:25:58.776+0000] {processor.py:183} INFO - Processing /home/airflow/.local/lib/python3.8/site-packages/airflow/example_dags/tutorial_objectstorage.py took 0.217 seconds
[2026-07-06T16:26:29.056+0000] {processor.py:161} INFO - Started process (PID=527) to work on /home/airflow/.local/lib/python3.8/site-packages/airflow/example_dags/tutorial_objectstorage.py
[2026-07-06T16:26:29.057+0000] {processor.py:830} INFO - Processing file /home/airflow/.local/lib/python3.8/site-packages/airflow/example_dags/tutorial_objectstorage.py for tasks to queue
[2026-07-06T16:26:29.062+0000] {logging_mixin.py:188} INFO - [2026-07-06T16:26:29.061+0000] {dagbag.py:538} INFO - Filling up the DagBag from /home/airflow/.local/lib/python3.8/site-packages/airflow/example_dags/tutorial_objectstorage.py
[2026-07-06T16:26:29.080+0000] {processor.py:840} INFO - DAG(s) 'tutorial_objectstorage' retrieved from /home/airflow/.local/lib/python3.8/site-packages/airflow/example_dags/tutorial_objectstorage.py
[2026-07-06T16:26:29.136+0000] {logging_mixin.py:188} INFO - [2026-07-06T16:26:29.136+0000] {dag.py:3036} INFO - Sync 1 DAGs
[2026-07-06T16:26:29.173+0000] {logging_mixin.py:188} INFO - [2026-07-06T16:26:29.172+0000] {dag.py:3823} INFO - Setting next_dagrun for tutorial_objectstorage to None, run_after=None
[2026-07-06T16:26:29.241+0000] {processor.py:183} INFO - Processing /home/airflow/.local/lib/python3.8/site-packages/airflow/example_dags/tutorial_objectstorage.py took 0.195 seconds
[2026-07-06T16:26:59.558+0000] {processor.py:161} INFO - Started process (PID=593) to work on /home/airflow/.local/lib/python3.8/site-packages/airflow/example_dags/tutorial_objectstorage.py
[2026-07-06T16:26:59.563+0000] {processor.py:830} INFO - Processing file /home/airflow/.local/lib/python3.8/site-packages/airflow/example_dags/tutorial_objectstorage.py for tasks to queue
[2026-07-06T16:26:59.573+0000] {logging_mixin.py:188} INFO - [2026-07-06T16:26:59.572+0000] {dagbag.py:538} INFO - Filling up the DagBag from /home/airflow/.local/lib/python3.8/site-packages/airflow/example_dags/tutorial_objectstorage.py
[2026-07-06T16:26:59.599+0000] {processor.py:840} INFO - DAG(s) 'tutorial_objectstorage' retrieved from /home/airflow/.local/lib/python3.8/site-packages/airflow/example_dags/tutorial_objectstorage.py
[2026-07-06T16:26:59.686+0000] {logging_mixin.py:188} INFO - [2026-07-06T16:26:59.685+0000] {dag.py:3036} INFO - Sync 1 DAGs
[2026-07-06T16:26:59.728+0000] {logging_mixin.py:188} INFO - [2026-07-06T16:26:59.727+0000] {dag.py:3823} INFO - Setting next_dagrun for tutorial_objectstorage to None, run_after=None
[2026-07-06T16:26:59.781+0000] {processor.py:183} INFO - Processing /home/airflow/.local/lib/python3.8/site-packages/airflow/example_dags/tutorial_objectstorage.py took 0.239 seconds
[2026-07-06T16:27:34.022+0000] {processor.py:161} INFO - Started process (PID=659) to work on /home/airflow/.local/lib/python3.8/site-packages/airflow/example_dags/tutorial_objectstorage.py
[2026-07-06T16:27:34.025+0000] {processor.py:830} INFO - Processing file /home/airflow/.local/lib/python3.8/site-packages/airflow/example_dags/tutorial_objectstorage.py for tasks to queue
[2026-07-06T16:27:34.029+0000] {logging_mixin.py:188} INFO - [2026-07-06T16:27:34.028+0000] {dagbag.py:538} INFO - Filling up the DagBag from /home/airflow/.local/lib/python3.8/site-packages/airflow/example_dags/tutorial_objectstorage.py
[2026-07-06T16:27:34.045+0000] {processor.py:840} INFO - DAG(s) 'tutorial_objectstorage' retrieved from /home/airflow/.local/lib/python3.8/site-packages/airflow/example_dags/tutorial_objectstorage.py
[2026-07-06T16:27:34.092+0000] {logging_mixin.py:188} INFO - [2026-07-06T16:27:34.091+0000] {dag.py:3036} INFO - Sync 1 DAGs
[2026-07-06T16:27:34.123+0000] {logging_mixin.py:188} INFO - [2026-07-06T16:27:34.123+0000] {dag.py:3823} INFO - Setting next_dagrun for tutorial_objectstorage to None, run_after=None
[2026-07-06T16:27:34.179+0000] {processor.py:183} INFO - Processing /home/airflow/.local/lib/python3.8/site-packages/airflow/example_dags/tutorial_objectstorage.py took 0.168 seconds
[2026-07-06T16:28:12.635+0000] {processor.py:161} INFO - Started process (PID=725) to work on /home/airflow/.local/lib/python3.8/site-packages/airflow/example_dags/tutorial_objectstorage.py
[2026-07-06T16:28:12.638+0000] {processor.py:830} INFO - Processing file /home/airflow/.local/lib/python3.8/site-packages/airflow/example_dags/tutorial_objectstorage.py for tasks to queue
[2026-07-06T16:28:12.655+0000] {logging_mixin.py:188} INFO - [2026-07-06T16:28:12.654+0000] {dagbag.py:538} INFO - Filling up the DagBag from /home/airflow/.local/lib/python3.8/site-packages/airflow/example_dags/tutorial_objectstorage.py
[2026-07-06T16:28:12.706+0000] {processor.py:840} INFO - DAG(s) 'tutorial_objectstorage' retrieved from /home/airflow/.local/lib/python3.8/site-packages/airflow/example_dags/tutorial_objectstorage.py
[2026-07-06T16:28:12.834+0000] {logging_mixin.py:188} INFO - [2026-07-06T16:28:12.834+0000] {dag.py:3036} INFO - Sync 1 DAGs
[2026-07-06T16:28:12.940+0000] {logging_mixin.py:188} INFO - [2026-07-06T16:28:12.939+0000] {dag.py:3823} INFO - Setting next_dagrun for tutorial_objectstorage to None, run_after=None
[2026-07-06T16:28:13.013+0000] {processor.py:183} INFO - Processing /home/airflow/.local/lib/python3.8/site-packages/airflow/example_dags/tutorial_objectstorage.py took 0.403 seconds
[2026-07-06T16:28:59.171+0000] {processor.py:161} INFO - Started process (PID=808) to work on /home/airflow/.local/lib/python3.8/site-packages/airflow/example_dags/tutorial_objectstorage.py
[2026-07-06T16:28:59.179+0000] {processor.py:830} INFO - Processing file /home/airflow/.local/lib/python3.8/site-packages/airflow/example_dags/tutorial_objectstorage.py for tasks to queue
[2026-07-06T16:28:59.206+0000] {logging_mixin.py:188} INFO - [2026-07-06T16:28:59.204+0000] {dagbag.py:538} INFO - Filling up the DagBag from /home/airflow/.local/lib/python3.8/site-packages/airflow/example_dags/tutorial_objectstorage.py
[2026-07-06T16:28:59.271+0000] {processor.py:840} INFO - DAG(s) 'tutorial_objectstorage' retrieved from /home/airflow/.local/lib/python3.8/site-packages/airflow/example_dags/tutorial_objectstorage.py
[2026-07-06T16:28:59.360+0000] {logging_mixin.py:188} INFO - [2026-07-06T16:28:59.359+0000] {dag.py:3036} INFO - Sync 1 DAGs
[2026-07-06T16:28:59.416+0000] {logging_mixin.py:188} INFO - [2026-07-06T16:28:59.415+0000] {dag.py:3823} INFO - Setting next_dagrun for tutorial_objectstorage to None, run_after=None
[2026-07-06T16:28:59.568+0000] {processor.py:183} INFO - Processing /home/airflow/.local/lib/python3.8/site-packages/airflow/example_dags/tutorial_objectstorage.py took 0.428 seconds
[2026-07-06T16:29:30.754+0000] {processor.py:161} INFO - Started process (PID=867) to work on /home/airflow/.local/lib/python3.8/site-packages/airflow/example_dags/tutorial_objectstorage.py
[2026-07-06T16:29:30.760+0000] {processor.py:830} INFO - Processing file /home/airflow/.local/lib/python3.8/site-packages/airflow/example_dags/tutorial_objectstorage.py for tasks to queue
[2026-07-06T16:29:30.767+0000] {logging_mixin.py:188} INFO - [2026-07-06T16:29:30.766+0000] {dagbag.py:538} INFO - Filling up the DagBag from /home/airflow/.local/lib/python3.8/site-packages/airflow/example_dags/tutorial_objectstorage.py
[2026-07-06T16:29:30.792+0000] {processor.py:840} INFO - DAG(s) 'tutorial_objectstorage' retrieved from /home/airflow/.local/lib/python3.8/site-packages/airflow/example_dags/tutorial_objectstorage.py
[2026-07-06T16:29:30.856+0000] {logging_mixin.py:188} INFO - [2026-07-06T16:29:30.856+0000] {dag.py:3036} INFO - Sync 1 DAGs
[2026-07-06T16:29:30.894+0000] {logging_mixin.py:188} INFO - [2026-07-06T16:29:30.894+0000] {dag.py:3823} INFO - Setting next_dagrun for tutorial_objectstorage to None, run_after=None
[2026-07-06T16:29:30.943+0000] {processor.py:183} INFO - Processing /home/airflow/.local/lib/python3.8/site-packages/airflow/example_dags/tutorial_objectstorage.py took 0.208 seconds
[2026-07-06T16:30:01.141+0000] {processor.py:161} INFO - Started process (PID=933) to work on /home/airflow/.local/lib/python3.8/site-packages/airflow/example_dags/tutorial_objectstorage.py
[2026-07-06T16:30:01.143+0000] {processor.py:830} INFO - Processing file /home/airflow/.local/lib/python3.8/site-packages/airflow/example_dags/tutorial_objectstorage.py for tasks to queue
[2026-07-06T16:30:01.149+0000] {logging_mixin.py:188} INFO - [2026-07-06T16:30:01.148+0000] {dagbag.py:538} INFO - Filling up the DagBag from /home/airflow/.local/lib/python3.8/site-packages/airflow/example_dags/tutorial_objectstorage.py
[2026-07-06T16:30:01.167+0000] {processor.py:840} INFO - DAG(s) 'tutorial_objectstorage' retrieved from /home/airflow/.local/lib/python3.8/site-packages/airflow/example_dags/tutorial_objectstorage.py
[2026-07-06T16:30:01.224+0000] {logging_mixin.py:188} INFO - [2026-07-06T16:30:01.223+0000] {dag.py:3036} INFO - Sync 1 DAGs
[2026-07-06T16:30:01.257+0000] {logging_mixin.py:188} INFO - [2026-07-06T16:30:01.256+0000] {dag.py:3823} INFO - Setting next_dagrun for tutorial_objectstorage to None, run_after=None
[2026-07-06T16:30:01.317+0000] {processor.py:183} INFO - Processing /home/airflow/.local/lib/python3.8/site-packages/airflow/example_dags/tutorial_objectstorage.py took 0.186 seconds
[2026-07-06T16:30:32.162+0000] {processor.py:161} INFO - Started process (PID=1000) to work on /home/airflow/.local/lib/python3.8/site-packages/airflow/example_dags/tutorial_objectstorage.py
[2026-07-06T16:30:32.165+0000] {processor.py:830} INFO - Processing file /home/airflow/.local/lib/python3.8/site-packages/airflow/example_dags/tutorial_objectstorage.py for tasks to queue
[2026-07-06T16:30:32.173+0000] {logging_mixin.py:188} INFO - [2026-07-06T16:30:32.170+0000] {dagbag.py:538} INFO - Filling up the DagBag from /home/airflow/.local/lib/python3.8/site-packages/airflow/example_dags/tutorial_objectstorage.py
[2026-07-06T16:30:32.210+0000] {processor.py:840} INFO - DAG(s) 'tutorial_objectstorage' retrieved from /home/airflow/.local/lib/python3.8/site-packages/airflow/example_dags/tutorial_objectstorage.py
[2026-07-06T16:30:32.290+0000] {logging_mixin.py:188} INFO - [2026-07-06T16:30:32.289+0000] {dag.py:3036} INFO - Sync 1 DAGs
[2026-07-06T16:30:32.339+0000] {logging_mixin.py:188} INFO - [2026-07-06T16:30:32.339+0000] {dag.py:3823} INFO - Setting next_dagrun for tutorial_objectstorage to None, run_after=None
[2026-07-06T16:30:32.426+0000] {processor.py:183} INFO - Processing /home/airflow/.local/lib/python3.8/site-packages/airflow/example_dags/tutorial_objectstorage.py took 0.275 seconds
[2026-07-06T16:31:03.336+0000] {processor.py:161} INFO - Started process (PID=1058) to work on /home/airflow/.local/lib/python3.8/site-packages/airflow/example_dags/tutorial_objectstorage.py
[2026-07-06T16:31:03.339+0000] {processor.py:830} INFO - Processing file /home/airflow/.local/lib/python3.8/site-packages/airflow/example_dags/tutorial_objectstorage.py for tasks to queue
[2026-07-06T16:31:03.344+0000] {logging_mixin.py:188} INFO - [2026-07-06T16:31:03.343+0000] {dagbag.py:538} INFO - Filling up the DagBag from /home/airflow/.local/lib/python3.8/site-packages/airflow/example_dags/tutorial_objectstorage.py
[2026-07-06T16:31:03.366+0000] {processor.py:840} INFO - DAG(s) 'tutorial_objectstorage' retrieved from /home/airflow/.local/lib/python3.8/site-packages/airflow/example_dags/tutorial_objectstorage.py
[2026-07-06T16:31:03.426+0000] {logging_mixin.py:188} INFO - [2026-07-06T16:31:03.425+0000] {dag.py:3036} INFO - Sync 1 DAGs
[2026-07-06T16:31:03.459+0000] {logging_mixin.py:188} INFO - [2026-07-06T16:31:03.459+0000] {dag.py:3823} INFO - Setting next_dagrun for tutorial_objectstorage to None, run_after=None
[2026-07-06T16:31:03.511+0000] {processor.py:183} INFO - Processing /home/airflow/.local/lib/python3.8/site-packages/airflow/example_dags/tutorial_objectstorage.py took 0.188 seconds
[2026-07-06T16:31:33.789+0000] {processor.py:161} INFO - Started process (PID=1123) to work on /home/airflow/.local/lib/python3.8/site-packages/airflow/example_dags/tutorial_objectstorage.py
[2026-07-06T16:31:33.791+0000] {processor.py:830} INFO - Processing file /home/airflow/.local/lib/python3.8/site-packages/airflow/example_dags/tutorial_objectstorage.py for tasks to queue
[2026-07-06T16:31:33.807+0000] {logging_mixin.py:188} INFO - [2026-07-06T16:31:33.806+0000] {dagbag.py:538} INFO - Filling up the DagBag from /home/airflow/.local/lib/python3.8/site-packages/airflow/example_dags/tutorial_objectstorage.py
[2026-07-06T16:31:33.847+0000] {processor.py:840} INFO - DAG(s) 'tutorial_objectstorage' retrieved from /home/airflow/.local/lib/python3.8/site-packages/airflow/example_dags/tutorial_objectstorage.py
[2026-07-06T16:31:33.946+0000] {logging_mixin.py:188} INFO - [2026-07-06T16:31:33.945+0000] {dag.py:3036} INFO - Sync 1 DAGs
[2026-07-06T16:31:33.986+0000] {logging_mixin.py:188} INFO - [2026-07-06T16:31:33.985+0000] {dag.py:3823} INFO - Setting next_dagrun for tutorial_objectstorage to None, run_after=None
[2026-07-06T16:31:34.043+0000] {processor.py:183} INFO - Processing /home/airflow/.local/lib/python3.8/site-packages/airflow/example_dags/tutorial_objectstorage.py took 0.276 seconds
[2026-07-06T16:32:04.661+0000] {processor.py:161} INFO - Started process (PID=1189) to work on /home/airflow/.local/lib/python3.8/site-packages/airflow/example_dags/tutorial_objectstorage.py
[2026-07-06T16:32:04.666+0000] {processor.py:830} INFO - Processing file /home/airflow/.local/lib/python3.8/site-packages/airflow/example_dags/tutorial_objectstorage.py for tasks to queue
[2026-07-06T16:32:04.671+0000] {logging_mixin.py:188} INFO - [2026-07-06T16:32:04.670+0000] {dagbag.py:538} INFO - Filling up the DagBag from /home/airflow/.local/lib/python3.8/site-packages/airflow/example_dags/tutorial_objectstorage.py
[2026-07-06T16:32:04.695+0000] {processor.py:840} INFO - DAG(s) 'tutorial_objectstorage' retrieved from /home/airflow/.local/lib/python3.8/site-packages/airflow/example_dags/tutorial_objectstorage.py
[2026-07-06T16:32:04.893+0000] {logging_mixin.py:188} INFO - [2026-07-06T16:32:04.892+0000] {dag.py:3036} INFO - Sync 1 DAGs
[2026-07-06T16:32:05.022+0000] {logging_mixin.py:188} INFO - [2026-07-06T16:32:05.021+0000] {dag.py:3823} INFO - Setting next_dagrun for tutorial_objectstorage to None, run_after=None
[2026-07-06T16:32:05.158+0000] {processor.py:183} INFO - Processing /home/airflow/.local/lib/python3.8/site-packages/airflow/example_dags/tutorial_objectstorage.py took 0.506 seconds
[2026-07-06T16:32:48.528+0000] {processor.py:161} INFO - Started process (PID=1265) to work on /home/airflow/.local/lib/python3.8/site-packages/airflow/example_dags/tutorial_objectstorage.py
[2026-07-06T16:32:48.531+0000] {processor.py:830} INFO - Processing file /home/airflow/.local/lib/python3.8/site-packages/airflow/example_dags/tutorial_objectstorage.py for tasks to queue
[2026-07-06T16:32:48.538+0000] {logging_mixin.py:188} INFO - [2026-07-06T16:32:48.537+0000] {dagbag.py:538} INFO - Filling up the DagBag from /home/airflow/.local/lib/python3.8/site-packages/airflow/example_dags/tutorial_objectstorage.py
[2026-07-06T16:32:48.558+0000] {processor.py:840} INFO - DAG(s) 'tutorial_objectstorage' retrieved from /home/airflow/.local/lib/python3.8/site-packages/airflow/example_dags/tutorial_objectstorage.py
[2026-07-06T16:32:48.607+0000] {logging_mixin.py:188} INFO - [2026-07-06T16:32:48.607+0000] {dag.py:3036} INFO - Sync 1 DAGs
[2026-07-06T16:32:48.650+0000] {logging_mixin.py:188} INFO - [2026-07-06T16:32:48.649+0000] {dag.py:3823} INFO - Setting next_dagrun for tutorial_objectstorage to None, run_after=None
[2026-07-06T16:32:48.705+0000] {processor.py:183} INFO - Processing /home/airflow/.local/lib/python3.8/site-packages/airflow/example_dags/tutorial_objectstorage.py took 0.189 seconds
[2026-07-06T16:33:18.925+0000] {processor.py:161} INFO - Started process (PID=1323) to work on /home/airflow/.local/lib/python3.8/site-packages/airflow/example_dags/tutorial_objectstorage.py
[2026-07-06T16:33:18.926+0000] {processor.py:830} INFO - Processing file /home/airflow/.local/lib/python3.8/site-packages/airflow/example_dags/tutorial_objectstorage.py for tasks to queue
[2026-07-06T16:33:18.931+0000] {logging_mixin.py:188} INFO - [2026-07-06T16:33:18.930+0000] {dagbag.py:538} INFO - Filling up the DagBag from /home/airflow/.local/lib/python3.8/site-packages/airflow/example_dags/tutorial_objectstorage.py
[2026-07-06T16:33:18.946+0000] {processor.py:840} INFO - DAG(s) 'tutorial_objectstorage' retrieved from /home/airflow/.local/lib/python3.8/site-packages/airflow/example_dags/tutorial_objectstorage.py
[2026-07-06T16:33:18.991+0000] {logging_mixin.py:188} INFO - [2026-07-06T16:33:18.990+0000] {dag.py:3036} INFO - Sync 1 DAGs
[2026-07-06T16:33:19.020+0000] {logging_mixin.py:188} INFO - [2026-07-06T16:33:19.019+0000] {dag.py:3823} INFO - Setting next_dagrun for tutorial_objectstorage to None, run_after=None
[2026-07-06T16:33:19.074+0000] {processor.py:183} INFO - Processing /home/airflow/.local/lib/python3.8/site-packages/airflow/example_dags/tutorial_objectstorage.py took 0.160 seconds
[2026-07-06T16:33:50.496+0000] {processor.py:161} INFO - Started process (PID=1388) to work on /home/airflow/.local/lib/python3.8/site-packages/airflow/example_dags/tutorial_objectstorage.py
[2026-07-06T16:33:50.499+0000] {processor.py:830} INFO - Processing file /home/airflow/.local/lib/python3.8/site-packages/airflow/example_dags/tutorial_objectstorage.py for tasks to queue
[2026-07-06T16:33:50.504+0000] {logging_mixin.py:188} INFO - [2026-07-06T16:33:50.503+0000] {dagbag.py:538} INFO - Filling up the DagBag from /home/airflow/.local/lib/python3.8/site-packages/airflow/example_dags/tutorial_objectstorage.py
[2026-07-06T16:33:50.522+0000] {processor.py:840} INFO - DAG(s) 'tutorial_objectstorage' retrieved from /home/airflow/.local/lib/python3.8/site-packages/airflow/example_dags/tutorial_objectstorage.py
[2026-07-06T16:33:50.570+0000] {logging_mixin.py:188} INFO - [2026-07-06T16:33:50.570+0000] {dag.py:3036} INFO - Sync 1 DAGs
[2026-07-06T16:33:50.599+0000] {logging_mixin.py:188} INFO - [2026-07-06T16:33:50.598+0000] {dag.py:3823} INFO - Setting next_dagrun for tutorial_objectstorage to None, run_after=None
[2026-07-06T16:33:50.644+0000] {processor.py:183} INFO - Processing /home/airflow/.local/lib/python3.8/site-packages/airflow/example_dags/tutorial_objectstorage.py took 0.159 seconds
[2026-07-06T16:34:21.246+0000] {processor.py:161} INFO - Started process (PID=1453) to work on /home/airflow/.local/lib/python3.8/site-packages/airflow/example_dags/tutorial_objectstorage.py
[2026-07-06T16:34:21.249+0000] {processor.py:830} INFO - Processing file /home/airflow/.local/lib/python3.8/site-packages/airflow/example_dags/tutorial_objectstorage.py for tasks to queue
[2026-07-06T16:34:21.255+0000] {logging_mixin.py:188} INFO - [2026-07-06T16:34:21.254+0000] {dagbag.py:538} INFO - Filling up the DagBag from /home/airflow/.local/lib/python3.8/site-packages/airflow/example_dags/tutorial_objectstorage.py
[2026-07-06T16:34:21.274+0000] {processor.py:840} INFO - DAG(s) 'tutorial_objectstorage' retrieved from /home/airflow/.local/lib/python3.8/site-packages/airflow/example_dags/tutorial_objectstorage.py
[2026-07-06T16:34:21.348+0000] {logging_mixin.py:188} INFO - [2026-07-06T16:34:21.347+0000] {dag.py:3036} INFO - Sync 1 DAGs
[2026-07-06T16:34:21.387+0000] {logging_mixin.py:188} INFO - [2026-07-06T16:34:21.386+0000] {dag.py:3823} INFO - Setting next_dagrun for tutorial_objectstorage to None, run_after=None
[2026-07-06T16:34:21.458+0000] {processor.py:183} INFO - Processing /home/airflow/.local/lib/python3.8/site-packages/airflow/example_dags/tutorial_objectstorage.py took 0.223 seconds
[2026-07-06T16:34:52.871+0000] {processor.py:161} INFO - Started process (PID=1520) to work on /home/airflow/.local/lib/python3.8/site-packages/airflow/example_dags/tutorial_objectstorage.py
[2026-07-06T16:34:52.878+0000] {processor.py:830} INFO - Processing file /home/airflow/.local/lib/python3.8/site-packages/airflow/example_dags/tutorial_objectstorage.py for tasks to queue
[2026-07-06T16:34:52.887+0000] {logging_mixin.py:188} INFO - [2026-07-06T16:34:52.886+0000] {dagbag.py:538} INFO - Filling up the DagBag from /home/airflow/.local/lib/python3.8/site-packages/airflow/example_dags/tutorial_objectstorage.py
[2026-07-06T16:34:52.910+0000] {processor.py:840} INFO - DAG(s) 'tutorial_objectstorage' retrieved from /home/airflow/.local/lib/python3.8/site-packages/airflow/example_dags/tutorial_objectstorage.py
[2026-07-06T16:34:52.978+0000] {logging_mixin.py:188} INFO - [2026-07-06T16:34:52.977+0000] {dag.py:3036} INFO - Sync 1 DAGs
[2026-07-06T16:34:53.028+0000] {logging_mixin.py:188} INFO - [2026-07-06T16:34:53.027+0000] {dag.py:3823} INFO - Setting next_dagrun for tutorial_objectstorage to None, run_after=None
[2026-07-06T16:34:53.121+0000] {processor.py:183} INFO - Processing /home/airflow/.local/lib/python3.8/site-packages/airflow/example_dags/tutorial_objectstorage.py took 0.265 seconds
