[2026-07-06T16:28:48.313+0000] {taskinstance.py:1956} INFO - Dependencies all met for dep_context=non-requeueable deps ti=<TaskInstance: weather_pipeline.fetch_weather_data scheduled__2026-07-06T15:00:00+00:00 [queued]>
[2026-07-06T16:28:48.381+0000] {taskinstance.py:1956} INFO - Dependencies all met for dep_context=requeueable deps ti=<TaskInstance: weather_pipeline.fetch_weather_data scheduled__2026-07-06T15:00:00+00:00 [queued]>
[2026-07-06T16:28:48.382+0000] {taskinstance.py:2170} INFO - Starting attempt 1 of 1
[2026-07-06T16:28:48.963+0000] {taskinstance.py:2191} INFO - Executing <Task(PythonOperator): fetch_weather_data> on 2026-07-06 15:00:00+00:00
[2026-07-06T16:28:49.059+0000] {standard_task_runner.py:60} INFO - Started process 369 to run task
[2026-07-06T16:28:49.573+0000] {standard_task_runner.py:87} INFO - Running: ['***', 'tasks', 'run', 'weather_pipeline', 'fetch_weather_data', 'scheduled__2026-07-06T15:00:00+00:00', '--job-id', '2', '--raw', '--subdir', 'DAGS_FOLDER/weather_dag.py', '--cfg-path', '/tmp/tmpv3b6v20p']
[2026-07-06T16:28:49.653+0000] {standard_task_runner.py:88} INFO - Job 2: Subtask fetch_weather_data
[2026-07-06T16:28:49.847+0000] {warnings.py:109} WARNING - /home/***/.local/lib/python3.8/site-packages/***/settings.py:194: DeprecationWarning: The sql_alchemy_conn option in [core] has been moved to the sql_alchemy_conn option in [database] - the old setting has been used, but please update your config.
  SQL_ALCHEMY_CONN = conf.get("database", "SQL_ALCHEMY_CONN")

[2026-07-06T16:28:52.204+0000] {task_command.py:423} INFO - Running <TaskInstance: weather_pipeline.fetch_weather_data scheduled__2026-07-06T15:00:00+00:00 [running]> on host 24bd6c2a971e
[2026-07-06T16:28:53.131+0000] {taskinstance.py:2480} INFO - Exporting env vars: AIRFLOW_CTX_DAG_OWNER='***' AIRFLOW_CTX_DAG_ID='weather_pipeline' AIRFLOW_CTX_TASK_ID='fetch_weather_data' AIRFLOW_CTX_EXECUTION_DATE='2026-07-06T15:00:00+00:00' AIRFLOW_CTX_TRY_NUMBER='1' AIRFLOW_CTX_DAG_RUN_ID='scheduled__2026-07-06T15:00:00+00:00'
[2026-07-06T16:28:53.283+0000] {logging_mixin.py:188} INFO - {'q': 'paris', 'appid': '***', 'units': 'metric'}
[2026-07-06T16:28:54.519+0000] {logging_mixin.py:188} INFO - [Task 1] Fetched data for 'paris' — HTTP 200
[2026-07-06T16:28:54.520+0000] {logging_mixin.py:188} INFO - {'q': 'london', 'appid': '***', 'units': 'metric'}
[2026-07-06T16:28:55.124+0000] {logging_mixin.py:188} INFO - [Task 1] Fetched data for 'london' — HTTP 200
[2026-07-06T16:28:55.132+0000] {logging_mixin.py:188} INFO - {'q': 'orleans', 'appid': '***', 'units': 'metric'}
[2026-07-06T16:28:56.287+0000] {logging_mixin.py:188} INFO - [Task 1] Fetched data for 'orleans' — HTTP 200
[2026-07-06T16:28:56.322+0000] {logging_mixin.py:188} INFO - [Task 1] Saved 3 cities → '/app/raw_files/2026-07-06 16:28.json'
[2026-07-06T16:28:56.338+0000] {python.py:201} INFO - Done. Returned value was: None
[2026-07-06T16:28:56.591+0000] {taskinstance.py:1138} INFO - Marking task as SUCCESS. dag_id=weather_pipeline, task_id=fetch_weather_data, execution_date=20260706T150000, start_date=20260706T162848, end_date=20260706T162856
[2026-07-06T16:28:56.851+0000] {local_task_job_runner.py:234} INFO - Task exited with return code 0
[2026-07-06T16:28:56.917+0000] {taskinstance.py:3280} INFO - 0 downstream tasks scheduled from follow-on schedule check
